----------------------------------------------------------------------------------------------------
50_30_100_1_5_0.5_False_
----------------------------------------------------------------------------------------------------
Communication round: 0, Eavesdropper Accuracy: 0.09545454545454546 1 1
Communication round: 1, Eavesdropper Accuracy: 0.09772727272727273 2 1
Communication round: 2, Eavesdropper Accuracy: 0.10227272727272728 3 1
Communication round: 3, Eavesdropper Accuracy: 0.10681818181818181 4 1
Communication round: 4, Eavesdropper Accuracy: 0.11363636363636363 5 1
Communication round: 5, Eavesdropper Accuracy: 0.1 6 1
Communication round: 6, Eavesdropper Accuracy: 0.10454545454545454 6 0
Communication round: 7, Eavesdropper Accuracy: 0.11363636363636363 7 1
Communication round: 8, Eavesdropper Accuracy: 0.1 7 0
Communication round: 9, Eavesdropper Accuracy: 0.09772727272727273 8 1
Communication round: 10, Eavesdropper Accuracy: 0.09545454545454546 8 0
Communication round: 11, Eavesdropper Accuracy: 0.10681818181818181 8 0
Communication round: 12, Eavesdropper Accuracy: 0.1159090909090909 9 1
Communication round: 13, Eavesdropper Accuracy: 0.09318181818181819 10 1
Communication round: 14, Eavesdropper Accuracy: 0.09545454545454546 10 0
Communication round: 15, Eavesdropper Accuracy: 0.10227272727272728 11 1
Communication round: 16, Eavesdropper Accuracy: 0.09772727272727273 11 0
Communication round: 17, Eavesdropper Accuracy: 0.10454545454545454 11 0
Communication round: 18, Eavesdropper Accuracy: 0.08636363636363636 12 1
Communication round: 19, Eavesdropper Accuracy: 0.11136363636363636 13 1
Communication round: 20, Eavesdropper Accuracy: 0.09318181818181819 14 1
Communication round: 21, Eavesdropper Accuracy: 0.09545454545454546 14 0
Communication round: 22, Eavesdropper Accuracy: 0.10454545454545454 15 1
Communication round: 23, Eavesdropper Accuracy: 0.09090909090909091 16 1
Communication round: 24, Eavesdropper Accuracy: 0.1 17 1
Communication round: 25, Eavesdropper Accuracy: 0.125 18 1
Communication round: 26, Eavesdropper Accuracy: 0.1 19 1
Communication round: 27, Eavesdropper Accuracy: 0.075 19 0
Communication round: 28, Eavesdropper Accuracy: 0.09545454545454546 19 0
Communication round: 29, Eavesdropper Accuracy: 0.09318181818181819 19 0
Communication round: 30, Eavesdropper Accuracy: 0.10227272727272728 19 0
Communication round: 31, Eavesdropper Accuracy: 0.09772727272727273 19 0
Communication round: 32, Aggregated Accuracies: 0.13476190476190478 20
Communication round: 32, Eavesdropper Accuracy: 0.15227272727272728 20 1
Communication round: 33, Aggregated Accuracies: 0.17738095238095228 21
Communication round: 33, Eavesdropper Accuracy: 0.18636363636363637 21 1
Communication round: 34, Aggregated Accuracies: 0.2275 22
Communication round: 34, Eavesdropper Accuracy: 0.29772727272727273 22 1
Communication round: 35, Aggregated Accuracies: 0.314047619047619 23
Communication round: 35, Eavesdropper Accuracy: 0.36363636363636365 23 1
Communication round: 36, Aggregated Accuracies: 0.3657142857142857 24
Communication round: 36, Eavesdropper Accuracy: 0.41818181818181815 24 1
Communication round: 37, Eavesdropper Accuracy: 0.4409090909090909 24 0
Communication round: 38, Aggregated Accuracies: 0.41404761904761905 25
Communication round: 38, Eavesdropper Accuracy: 0.4431818181818182 25 1
Communication round: 39, Aggregated Accuracies: 0.4659523809523808 26
Communication round: 39, Eavesdropper Accuracy: 0.4863636363636364 26 1
Communication round: 40, Eavesdropper Accuracy: 0.5113636363636364 26 0
Communication round: 41, Aggregated Accuracies: 0.5023809523809524 27
Communication round: 41, Eavesdropper Accuracy: 0.5295454545454545 27 1
Communication round: 42, Eavesdropper Accuracy: 0.5454545454545454 27 0
Communication round: 43, Eavesdropper Accuracy: 0.5590909090909091 28 1
Communication round: 44, Eavesdropper Accuracy: 0.5545454545454546 29 1
Communication round: 45, Eavesdropper Accuracy: 0.525 30 1
Communication round: 46, Eavesdropper Accuracy: 0.5022727272727273 30 0
Communication round: 47, Eavesdropper Accuracy: 0.525 31 1
Communication round: 48, Eavesdropper Accuracy: 0.5340909090909091 31 0
Communication round: 49, Eavesdropper Accuracy: 0.5409090909090909 32 1
Communication round: 50, Eavesdropper Accuracy: 0.5340909090909091 32 0
Communication round: 51, Eavesdropper Accuracy: 0.5363636363636364 32 0
Communication round: 52, Eavesdropper Accuracy: 0.5363636363636364 32 0
Communication round: 53, Eavesdropper Accuracy: 0.525 32 0
Communication round: 54, Eavesdropper Accuracy: 0.5318181818181819 32 0
Communication round: 55, Eavesdropper Accuracy: 0.5568181818181818 32 0
Communication round: 56, Eavesdropper Accuracy: 0.525 32 0
Communication round: 57, Eavesdropper Accuracy: 0.5477272727272727 32 0
Communication round: 58, Eavesdropper Accuracy: 0.49772727272727274 32 0
Communication round: 59, Eavesdropper Accuracy: 0.5386363636363637 33 1
Communication round: 60, Eavesdropper Accuracy: 0.5409090909090909 33 0
Communication round: 61, Eavesdropper Accuracy: 0.5454545454545454 34 1
Communication round: 62, Eavesdropper Accuracy: 0.5840909090909091 35 1
Communication round: 63, Aggregated Accuracies: 0.5398809523809522 36
Communication round: 63, Eavesdropper Accuracy: 0.5909090909090909 36 1
Communication round: 64, Eavesdropper Accuracy: 0.5613636363636364 37 1
Communication round: 65, Eavesdropper Accuracy: 0.5477272727272727 37 0
Communication round: 66, Eavesdropper Accuracy: 0.5886363636363636 38 1
Communication round: 67, Eavesdropper Accuracy: 0.5659090909090909 39 1
Communication round: 68, Aggregated Accuracies: 0.5636904761904763 40
Communication round: 68, Eavesdropper Accuracy: 0.6045454545454545 40 1
Communication round: 69, Eavesdropper Accuracy: 0.6568181818181819 41 1
Communication round: 70, Eavesdropper Accuracy: 0.6204545454545455 42 1
Communication round: 71, Eavesdropper Accuracy: 0.625 42 0
Communication round: 72, Eavesdropper Accuracy: 0.6090909090909091 43 1
Communication round: 73, Aggregated Accuracies: 0.6019047619047622 44
Communication round: 73, Eavesdropper Accuracy: 0.634090909090909 44 1
Communication round: 74, Aggregated Accuracies: 0.614285714285714 45
Communication round: 74, Eavesdropper Accuracy: 0.6954545454545454 45 1
Communication round: 75, Aggregated Accuracies: 0.6501190476190476 46
Communication round: 75, Eavesdropper Accuracy: 0.6909090909090909 46 1
Communication round: 76, Eavesdropper Accuracy: 0.6545454545454545 46 0
Communication round: 77, Aggregated Accuracies: 0.6680952380952383 47
Communication round: 77, Eavesdropper Accuracy: 0.7340909090909091 47 1
Communication round: 78, Aggregated Accuracies: 0.6970238095238095 48
Communication round: 78, Eavesdropper Accuracy: 0.7431818181818182 48 1
Communication round: 79, Eavesdropper Accuracy: 0.740909090909091 49 1
Communication round: 80, Eavesdropper Accuracy: 0.7386363636363636 50 1
Communication round: 81, Eavesdropper Accuracy: 0.7454545454545455 51 1
Communication round: 82, Eavesdropper Accuracy: 0.7568181818181818 52 1
Communication round: 83, Eavesdropper Accuracy: 0.7477272727272727 52 0
Communication round: 84, Eavesdropper Accuracy: 0.7522727272727273 52 0
Communication round: 85, Eavesdropper Accuracy: 0.7386363636363636 52 0
Communication round: 86, Eavesdropper Accuracy: 0.7727272727272727 52 0
Communication round: 87, Eavesdropper Accuracy: 0.7363636363636363 53 1
Communication round: 88, Eavesdropper Accuracy: 0.7613636363636364 54 1
Communication round: 89, Aggregated Accuracies: 0.7188095238095238 55
Communication round: 89, Eavesdropper Accuracy: 0.7636363636363637 55 1
Communication round: 90, Aggregated Accuracies: 0.7391666666666667 56
Communication round: 90, Eavesdropper Accuracy: 0.7772727272727272 56 1
Communication round: 91, Aggregated Accuracies: 0.7614285714285713 57
Communication round: 91, Eavesdropper Accuracy: 0.8068181818181818 57 1
Communication round: 92, Aggregated Accuracies: 0.7679761904761907 58
Communication round: 92, Eavesdropper Accuracy: 0.7954545454545454 58 1
Communication round: 93, Aggregated Accuracies: 0.783333333333333 59
Communication round: 93, Eavesdropper Accuracy: 0.7977272727272727 59 1
Communication round: 94, Aggregated Accuracies: 0.8000000000000002 60
Communication round: 94, Eavesdropper Accuracy: 0.8295454545454546 60 1
Communication round: 95, Aggregated Accuracies: 0.8132142857142859 61
Communication round: 95, Eavesdropper Accuracy: 0.8454545454545455 61 1
Communication round: 96, Aggregated Accuracies: 0.8194047619047621 62
Communication round: 96, Eavesdropper Accuracy: 0.8477272727272728 62 1
Communication round: 97, Aggregated Accuracies: 0.821666666666667 63
Communication round: 97, Eavesdropper Accuracy: 0.8295454545454546 63 1
Communication round: 98, Aggregated Accuracies: 0.8298809523809524 64
Communication round: 98, Eavesdropper Accuracy: 0.85 64 1
Communication round: 99, Aggregated Accuracies: 0.8383333333333334 65
Communication round: 99, Eavesdropper Accuracy: 0.8568181818181818 65 1
----------------------------------------------------------------------------------------------------
----------------------------------------------------------------------------------------------------
50_30_100_1_5_0.5_False_
----------------------------------------------------------------------------------------------------
Communication round: 0, Eavesdropper Accuracy: 0.12045454545454545 1 1
Communication round: 1, Eavesdropper Accuracy: 0.15 2 1
Communication round: 2, Eavesdropper Accuracy: 0.12727272727272726 3 1
Communication round: 3, Aggregated Accuracies: 0.1492857142857143 4
Communication round: 3, Eavesdropper Accuracy: 0.17727272727272728 4 1
Communication round: 4, Aggregated Accuracies: 0.20357142857142863 5
Communication round: 4, Eavesdropper Accuracy: 0.22954545454545455 5 1
Communication round: 5, Eavesdropper Accuracy: 0.2431818181818182 5 0
Communication round: 6, Eavesdropper Accuracy: 0.2590909090909091 5 0
Communication round: 7, Aggregated Accuracies: 0.2663095238095238 6
Communication round: 7, Eavesdropper Accuracy: 0.32727272727272727 6 1
Communication round: 8, Eavesdropper Accuracy: 0.325 6 0
Communication round: 9, Aggregated Accuracies: 0.33440476190476187 7
Communication round: 9, Eavesdropper Accuracy: 0.4 7 1
Communication round: 10, Eavesdropper Accuracy: 0.3886363636363636 7 0
Communication round: 11, Eavesdropper Accuracy: 0.35454545454545455 7 0
Communication round: 12, Aggregated Accuracies: 0.39107142857142846 8
Communication round: 12, Eavesdropper Accuracy: 0.41818181818181815 8 1
Communication round: 13, Aggregated Accuracies: 0.43547619047619057 9
Communication round: 13, Eavesdropper Accuracy: 0.475 9 1
Communication round: 14, Eavesdropper Accuracy: 0.46136363636363636 10 1
Communication round: 15, Eavesdropper Accuracy: 0.475 11 1
Communication round: 16, Eavesdropper Accuracy: 0.45454545454545453 12 1
Communication round: 17, Aggregated Accuracies: 0.4828571428571429 13
Communication round: 17, Eavesdropper Accuracy: 0.5227272727272727 13 1
Communication round: 18, Eavesdropper Accuracy: 0.5159090909090909 14 1
Communication round: 19, Eavesdropper Accuracy: 0.5113636363636364 15 1
Communication round: 20, Eavesdropper Accuracy: 0.5454545454545454 16 1
Communication round: 21, Eavesdropper Accuracy: 0.5295454545454545 17 1
Communication round: 22, Eavesdropper Accuracy: 0.5068181818181818 18 1
Communication round: 23, Eavesdropper Accuracy: 0.5159090909090909 19 1
Communication round: 24, Eavesdropper Accuracy: 0.49772727272727274 20 1
Communication round: 25, Eavesdropper Accuracy: 0.5136363636363637 21 1
Communication round: 26, Eavesdropper Accuracy: 0.5363636363636364 22 1
Communication round: 27, Eavesdropper Accuracy: 0.5363636363636364 23 1
Communication round: 28, Aggregated Accuracies: 0.5202380952380952 24
Communication round: 28, Eavesdropper Accuracy: 0.5272727272727272 24 1
Communication round: 29, Eavesdropper Accuracy: 0.5613636363636364 25 1
Communication round: 30, Eavesdropper Accuracy: 0.5159090909090909 25 0
Communication round: 31, Eavesdropper Accuracy: 0.5613636363636364 25 0
Communication round: 32, Aggregated Accuracies: 0.5488095238095237 26
Communication round: 32, Eavesdropper Accuracy: 0.5431818181818182 26 1
Communication round: 33, Eavesdropper Accuracy: 0.5863636363636363 27 1
Communication round: 34, Eavesdropper Accuracy: 0.5727272727272728 28 1
Communication round: 35, Aggregated Accuracies: 0.5797619047619047 29
Communication round: 35, Eavesdropper Accuracy: 0.5909090909090909 29 1
Communication round: 36, Aggregated Accuracies: 0.5942857142857142 30
Communication round: 36, Eavesdropper Accuracy: 0.615909090909091 30 1
Communication round: 37, Eavesdropper Accuracy: 0.615909090909091 31 1
Communication round: 38, Aggregated Accuracies: 0.614642857142857 32
Communication round: 38, Eavesdropper Accuracy: 0.65 32 1
Communication round: 39, Aggregated Accuracies: 0.644047619047619 33
Communication round: 39, Eavesdropper Accuracy: 0.6931818181818182 33 1
Communication round: 40, Aggregated Accuracies: 0.6629761904761904 34
Communication round: 40, Eavesdropper Accuracy: 0.6840909090909091 34 1
Communication round: 41, Aggregated Accuracies: 0.6867857142857143 35
Communication round: 41, Eavesdropper Accuracy: 0.6681818181818182 35 1
Communication round: 42, Eavesdropper Accuracy: 0.7 36 1
Communication round: 43, Aggregated Accuracies: 0.7013095238095238 37
Communication round: 43, Eavesdropper Accuracy: 0.725 37 1
Communication round: 44, Eavesdropper Accuracy: 0.7227272727272728 38 1
Communication round: 45, Eavesdropper Accuracy: 0.75 38 0
Communication round: 46, Aggregated Accuracies: 0.7197619047619047 39
Communication round: 46, Eavesdropper Accuracy: 0.725 39 1
Communication round: 47, Eavesdropper Accuracy: 0.7545454545454545 40 1
Communication round: 48, Eavesdropper Accuracy: 0.7340909090909091 40 0
Communication round: 49, Eavesdropper Accuracy: 0.7272727272727273 40 0
Communication round: 50, Eavesdropper Accuracy: 0.7568181818181818 40 0
Communication round: 51, Eavesdropper Accuracy: 0.7568181818181818 40 0
Communication round: 52, Eavesdropper Accuracy: 0.7204545454545455 40 0
Communication round: 53, Eavesdropper Accuracy: 0.7386363636363636 40 0
Communication round: 54, Eavesdropper Accuracy: 0.7477272727272727 40 0
Communication round: 55, Eavesdropper Accuracy: 0.7522727272727273 40 0
Communication round: 56, Eavesdropper Accuracy: 0.725 40 0
Communication round: 57, Eavesdropper Accuracy: 0.7613636363636364 40 0
Communication round: 58, Eavesdropper Accuracy: 0.7363636363636363 40 0
Communication round: 59, Eavesdropper Accuracy: 0.7454545454545455 40 0
Communication round: 60, Eavesdropper Accuracy: 0.7568181818181818 40 0
Communication round: 61, Eavesdropper Accuracy: 0.7363636363636363 40 0
Communication round: 62, Eavesdropper Accuracy: 0.7181818181818181 40 0
Communication round: 63, Eavesdropper Accuracy: 0.7522727272727273 40 0
Communication round: 64, Eavesdropper Accuracy: 0.7431818181818182 40 0
Communication round: 65, Eavesdropper Accuracy: 0.7454545454545455 40 0
Communication round: 66, Eavesdropper Accuracy: 0.7431818181818182 40 0
Communication round: 67, Eavesdropper Accuracy: 0.7477272727272727 40 0
Communication round: 68, Eavesdropper Accuracy: 0.7136363636363636 41 1
Communication round: 69, Eavesdropper Accuracy: 0.7363636363636363 41 0
Communication round: 70, Eavesdropper Accuracy: 0.7477272727272727 41 0
Communication round: 71, Eavesdropper Accuracy: 0.7477272727272727 41 0
Communication round: 72, Eavesdropper Accuracy: 0.7477272727272727 42 1
Communication round: 73, Eavesdropper Accuracy: 0.7431818181818182 42 0
Communication round: 74, Eavesdropper Accuracy: 0.7568181818181818 42 0
Communication round: 75, Eavesdropper Accuracy: 0.7568181818181818 43 1
Communication round: 76, Eavesdropper Accuracy: 0.740909090909091 43 0
Communication round: 77, Eavesdropper Accuracy: 0.75 44 1
Communication round: 78, Eavesdropper Accuracy: 0.7454545454545455 44 0
Communication round: 79, Eavesdropper Accuracy: 0.7363636363636363 45 1
Communication round: 80, Eavesdropper Accuracy: 0.7454545454545455 45 0
Communication round: 81, Eavesdropper Accuracy: 0.7454545454545455 46 1
Communication round: 82, Eavesdropper Accuracy: 0.7318181818181818 47 1
Communication round: 83, Eavesdropper Accuracy: 0.7568181818181818 47 0
Communication round: 84, Eavesdropper Accuracy: 0.740909090909091 48 1
Communication round: 85, Eavesdropper Accuracy: 0.7659090909090909 49 1
Communication round: 86, Eavesdropper Accuracy: 0.7318181818181818 49 0
Communication round: 87, Eavesdropper Accuracy: 0.75 49 0
Communication round: 88, Aggregated Accuracies: 0.7361904761904762 50
Communication round: 88, Eavesdropper Accuracy: 0.7318181818181818 50 1
Communication round: 89, Aggregated Accuracies: 0.7483333333333337 51
Communication round: 89, Eavesdropper Accuracy: 0.7659090909090909 51 1
Communication round: 90, Aggregated Accuracies: 0.7601190476190479 52
Communication round: 90, Eavesdropper Accuracy: 0.7795454545454545 52 1
Communication round: 91, Aggregated Accuracies: 0.7807142857142858 53
Communication round: 91, Eavesdropper Accuracy: 0.825 53 1
Communication round: 92, Aggregated Accuracies: 0.7905952380952379 54
Communication round: 92, Eavesdropper Accuracy: 0.825 54 1
Communication round: 93, Aggregated Accuracies: 0.7934523809523809 55
Communication round: 93, Eavesdropper Accuracy: 0.8318181818181818 55 1
Communication round: 94, Eavesdropper Accuracy: 0.8318181818181818 55 0
Communication round: 95, Eavesdropper Accuracy: 0.8431818181818181 55 0
Communication round: 96, Eavesdropper Accuracy: 0.8181818181818182 55 0
Communication round: 97, Eavesdropper Accuracy: 0.8227272727272728 55 0
Communication round: 98, Eavesdropper Accuracy: 0.8477272727272728 55 0
Communication round: 99, Eavesdropper Accuracy: 0.8340909090909091 55 0
----------------------------------------------------------------------------------------------------
----------------------------------------------------------------------------------------------------
50_30_100_1_5_0.5_False_
----------------------------------------------------------------------------------------------------
Communication round: 0, Smart Eavesdropper Accuracy: 0.2318181818181818 0 0
Communication round: 1, Smart Eavesdropper Accuracy: 0.5886363636363636 1 1
Communication round: 2, Smart Eavesdropper Accuracy: 0.7045454545454546 1 0
Communication round: 3, Smart Eavesdropper Accuracy: 0.8159090909090909 1 0
Communication round: 4, Smart Eavesdropper Accuracy: 0.8568181818181818 1 0
Communication round: 5, Smart Eavesdropper Accuracy: 0.8772727272727273 1 0
Communication round: 6, Smart Eavesdropper Accuracy: 0.8931818181818182 2 1
Communication round: 7, Smart Eavesdropper Accuracy: 0.9045454545454545 2 0
Communication round: 8, Smart Eavesdropper Accuracy: 0.9204545454545454 3 1
Communication round: 9, Smart Eavesdropper Accuracy: 0.9113636363636364 4 1
Communication round: 10, Smart Eavesdropper Accuracy: 0.9022727272727272 4 0
Communication round: 11, Smart Eavesdropper Accuracy: 0.9113636363636364 4 0
Communication round: 12, Smart Eavesdropper Accuracy: 0.925 4 0
Communication round: 13, Smart Eavesdropper Accuracy: 0.9159090909090909 4 0
Communication round: 14, Smart Eavesdropper Accuracy: 0.925 4 0
Communication round: 15, Smart Eavesdropper Accuracy: 0.9227272727272727 4 0
Communication round: 16, Aggregated Accuracies: 0.08023809523809523 5
Communication round: 16, Smart Eavesdropper Accuracy: 0.9295454545454546 5 1
Communication round: 17, Smart Eavesdropper Accuracy: 0.925 5 0
Communication round: 18, Smart Eavesdropper Accuracy: 0.9272727272727272 5 0
Communication round: 19, Smart Eavesdropper Accuracy: 0.95 6 1
Communication round: 20, Aggregated Accuracies: 0.1304761904761905 7
Communication round: 20, Smart Eavesdropper Accuracy: 0.9363636363636364 7 1
Communication round: 21, Aggregated Accuracies: 0.15940476190476188 8
Communication round: 21, Smart Eavesdropper Accuracy: 0.9454545454545454 8 1
Communication round: 22, Aggregated Accuracies: 0.22452380952380951 9
Communication round: 22, Smart Eavesdropper Accuracy: 0.9545454545454546 9 1
Communication round: 23, Smart Eavesdropper Accuracy: 0.9681818181818181 9 0
Communication round: 24, Smart Eavesdropper Accuracy: 0.9545454545454546 9 0
Communication round: 25, Aggregated Accuracies: 0.28630952380952385 10
Communication round: 25, Smart Eavesdropper Accuracy: 0.9727272727272728 10 1
Communication round: 26, Smart Eavesdropper Accuracy: 0.95 10 0
Communication round: 27, Aggregated Accuracies: 0.3416666666666666 11
Communication round: 27, Smart Eavesdropper Accuracy: 0.9522727272727273 11 1
Communication round: 28, Aggregated Accuracies: 0.38285714285714284 12
Communication round: 28, Smart Eavesdropper Accuracy: 0.95 12 1
Communication round: 29, Smart Eavesdropper Accuracy: 0.9659090909090909 12 0
Communication round: 30, Smart Eavesdropper Accuracy: 0.9590909090909091 12 0
Communication round: 31, Smart Eavesdropper Accuracy: 0.9613636363636363 12 0
Communication round: 32, Smart Eavesdropper Accuracy: 0.9659090909090909 12 0
Communication round: 33, Smart Eavesdropper Accuracy: 0.9568181818181818 12 0
Communication round: 34, Aggregated Accuracies: 0.43357142857142855 13
Communication round: 34, Smart Eavesdropper Accuracy: 0.9590909090909091 13 1
Communication round: 35, Aggregated Accuracies: 0.49547619047619046 14
Communication round: 35, Smart Eavesdropper Accuracy: 0.9590909090909091 14 1
Communication round: 36, Aggregated Accuracies: 0.5261904761904762 15
Communication round: 36, Smart Eavesdropper Accuracy: 0.9545454545454546 15 1
Communication round: 37, Smart Eavesdropper Accuracy: 0.9590909090909091 15 0
Communication round: 38, Smart Eavesdropper Accuracy: 0.9636363636363636 15 0
Communication round: 39, Aggregated Accuracies: 0.5632142857142857 16
Communication round: 39, Smart Eavesdropper Accuracy: 0.9659090909090909 16 1
Communication round: 40, Aggregated Accuracies: 0.5965476190476189 17
Communication round: 40, Smart Eavesdropper Accuracy: 0.9590909090909091 17 1
Communication round: 41, Smart Eavesdropper Accuracy: 0.9681818181818181 18 1
Communication round: 42, Smart Eavesdropper Accuracy: 0.9636363636363636 18 0
Communication round: 43, Smart Eavesdropper Accuracy: 0.9590909090909091 18 0
Communication round: 44, Smart Eavesdropper Accuracy: 0.9590909090909091 18 0
Communication round: 45, Aggregated Accuracies: 0.6192857142857142 19
Communication round: 45, Smart Eavesdropper Accuracy: 0.9681818181818181 19 1
Communication round: 46, Smart Eavesdropper Accuracy: 0.9522727272727273 19 0
Communication round: 47, Smart Eavesdropper Accuracy: 0.9636363636363636 19 0
Communication round: 48, Smart Eavesdropper Accuracy: 0.9659090909090909 19 0
Communication round: 49, Aggregated Accuracies: 0.6500000000000002 20
Communication round: 49, Smart Eavesdropper Accuracy: 0.9704545454545455 20 1
Communication round: 50, Smart Eavesdropper Accuracy: 0.9590909090909091 20 0
Communication round: 51, Smart Eavesdropper Accuracy: 0.975 20 0
Communication round: 52, Smart Eavesdropper Accuracy: 0.9681818181818181 20 0
Communication round: 53, Smart Eavesdropper Accuracy: 0.9568181818181818 20 0
Communication round: 54, Smart Eavesdropper Accuracy: 0.9545454545454546 20 0
Communication round: 55, Smart Eavesdropper Accuracy: 0.9590909090909091 20 0
Communication round: 56, Smart Eavesdropper Accuracy: 0.9568181818181818 21 1
Communication round: 57, Smart Eavesdropper Accuracy: 0.9659090909090909 21 0
Communication round: 58, Smart Eavesdropper Accuracy: 0.9409090909090909 22 1
Communication round: 59, Smart Eavesdropper Accuracy: 0.9454545454545454 22 0
Communication round: 60, Smart Eavesdropper Accuracy: 0.95 22 0
Communication round: 61, Smart Eavesdropper Accuracy: 0.9659090909090909 22 0
Communication round: 62, Smart Eavesdropper Accuracy: 0.9613636363636363 22 0
Communication round: 63, Smart Eavesdropper Accuracy: 0.9659090909090909 22 0
Communication round: 64, Smart Eavesdropper Accuracy: 0.9681818181818181 22 0
Communication round: 65, Aggregated Accuracies: 0.6788095238095238 23
Communication round: 65, Smart Eavesdropper Accuracy: 0.9795454545454545 23 1
Communication round: 66, Aggregated Accuracies: 0.6941666666666667 24
Communication round: 66, Smart Eavesdropper Accuracy: 0.9727272727272728 24 1
Communication round: 67, Aggregated Accuracies: 0.7214285714285714 25
Communication round: 67, Smart Eavesdropper Accuracy: 0.9613636363636363 25 1
Communication round: 68, Aggregated Accuracies: 0.7351190476190479 26
Communication round: 68, Smart Eavesdropper Accuracy: 0.9636363636363636 26 1
Communication round: 69, Aggregated Accuracies: 0.7484523809523809 27
Communication round: 69, Smart Eavesdropper Accuracy: 0.9681818181818181 27 1
Communication round: 70, Aggregated Accuracies: 0.7684523809523814 28
Communication round: 70, Smart Eavesdropper Accuracy: 0.9636363636363636 28 1
Communication round: 71, Aggregated Accuracies: 0.7847619047619048 29
Communication round: 71, Smart Eavesdropper Accuracy: 0.9704545454545455 29 1
Communication round: 72, Aggregated Accuracies: 0.7989285714285714 30
Communication round: 72, Smart Eavesdropper Accuracy: 0.9613636363636363 30 1
Communication round: 73, Aggregated Accuracies: 0.8050000000000003 31
Communication round: 73, Smart Eavesdropper Accuracy: 0.9704545454545455 31 1
Communication round: 74, Aggregated Accuracies: 0.8101190476190476 32
Communication round: 74, Smart Eavesdropper Accuracy: 0.9590909090909091 32 1
Communication round: 75, Aggregated Accuracies: 0.8197619047619048 33
Communication round: 75, Smart Eavesdropper Accuracy: 0.9727272727272728 33 1
Communication round: 76, Aggregated Accuracies: 0.8283333333333335 34
Communication round: 76, Smart Eavesdropper Accuracy: 0.9659090909090909 34 1
Communication round: 77, Aggregated Accuracies: 0.838095238095238 35
Communication round: 77, Smart Eavesdropper Accuracy: 0.9613636363636363 35 1
Communication round: 78, Aggregated Accuracies: 0.8419047619047617 36
Communication round: 78, Smart Eavesdropper Accuracy: 0.9522727272727273 36 1
Communication round: 79, Aggregated Accuracies: 0.8484523809523811 37
Communication round: 79, Smart Eavesdropper Accuracy: 0.9681818181818181 37 1
Communication round: 80, Smart Eavesdropper Accuracy: 0.9659090909090909 37 0
Communication round: 81, Smart Eavesdropper Accuracy: 0.9590909090909091 37 0
Communication round: 82, Smart Eavesdropper Accuracy: 0.95 37 0
Communication round: 83, Smart Eavesdropper Accuracy: 0.9545454545454546 37 0
Communication round: 84, Smart Eavesdropper Accuracy: 0.9613636363636363 37 0
Communication round: 85, Smart Eavesdropper Accuracy: 0.9590909090909091 37 0
Communication round: 86, Smart Eavesdropper Accuracy: 0.9568181818181818 37 0
Communication round: 87, Smart Eavesdropper Accuracy: 0.9659090909090909 37 0
Communication round: 88, Smart Eavesdropper Accuracy: 0.9681818181818181 37 0
Communication round: 89, Smart Eavesdropper Accuracy: 0.9772727272727273 37 0
Communication round: 90, Smart Eavesdropper Accuracy: 0.9454545454545454 37 0
Communication round: 91, Smart Eavesdropper Accuracy: 0.9659090909090909 37 0
Communication round: 92, Smart Eavesdropper Accuracy: 0.9454545454545454 37 0
Communication round: 93, Smart Eavesdropper Accuracy: 0.9727272727272728 38 1
Communication round: 94, Smart Eavesdropper Accuracy: 0.9545454545454546 38 0
Communication round: 95, Smart Eavesdropper Accuracy: 0.9659090909090909 39 1
Communication round: 96, Smart Eavesdropper Accuracy: 0.9636363636363636 39 0
Communication round: 97, Aggregated Accuracies: 0.8529761904761901 40
Communication round: 97, Smart Eavesdropper Accuracy: 0.9681818181818181 40 1
Communication round: 98, Smart Eavesdropper Accuracy: 0.9704545454545455 40 0
Communication round: 99, Smart Eavesdropper Accuracy: 0.9863636363636363 40 0
----------------------------------------------------------------------------------------------------
----------------------------------------------------------------------------------------------------
50_30_100_1_5_0.5_False_
----------------------------------------------------------------------------------------------------
Communication round: 0, Smart Eavesdropper Accuracy: 0.2772727272727273 0 0
Communication round: 1, Smart Eavesdropper Accuracy: 0.5704545454545454 0 0
Communication round: 2, Smart Eavesdropper Accuracy: 0.6886363636363636 0 0
Communication round: 3, Smart Eavesdropper Accuracy: 0.7818181818181819 0 0
Communication round: 4, Smart Eavesdropper Accuracy: 0.8363636363636363 0 0
Communication round: 5, Smart Eavesdropper Accuracy: 0.8363636363636363 0 0
Communication round: 6, Smart Eavesdropper Accuracy: 0.8795454545454545 0 0
Communication round: 7, Smart Eavesdropper Accuracy: 0.9045454545454545 0 0
Communication round: 8, Smart Eavesdropper Accuracy: 0.9068181818181819 0 0
Communication round: 9, Smart Eavesdropper Accuracy: 0.9181818181818182 1 1
Communication round: 10, Aggregated Accuracies: 0.12166666666666667 2
Communication round: 10, Smart Eavesdropper Accuracy: 0.9318181818181818 2 1
Communication round: 11, Smart Eavesdropper Accuracy: 0.9340909090909091 3 1
Communication round: 12, Smart Eavesdropper Accuracy: 0.9386363636363636 4 1
Communication round: 13, Smart Eavesdropper Accuracy: 0.9181818181818182 5 1
Communication round: 14, Aggregated Accuracies: 0.15500000000000003 6
Communication round: 14, Smart Eavesdropper Accuracy: 0.9340909090909091 6 1
Communication round: 15, Aggregated Accuracies: 0.21750000000000008 7
Communication round: 15, Smart Eavesdropper Accuracy: 0.9295454545454546 7 1
Communication round: 16, Aggregated Accuracies: 0.2625 8
Communication round: 16, Smart Eavesdropper Accuracy: 0.9522727272727273 8 1
Communication round: 17, Aggregated Accuracies: 0.3188095238095238 9
Communication round: 17, Smart Eavesdropper Accuracy: 0.9318181818181818 9 1
Communication round: 18, Aggregated Accuracies: 0.39190476190476176 10
Communication round: 18, Eavesdropper Accuracy: 0.43863636363636366 10 1
Communication round: 19, Aggregated Accuracies: 0.42345238095238097 11
Communication round: 19, Eavesdropper Accuracy: 0.4772727272727273 11 1
Communication round: 20, Aggregated Accuracies: 0.48202380952380947 12
Communication round: 20, Eavesdropper Accuracy: 0.5340909090909091 12 1
Communication round: 21, Aggregated Accuracies: 0.5242857142857142 13
Communication round: 21, Eavesdropper Accuracy: 0.5454545454545454 13 1
Communication round: 22, Aggregated Accuracies: 0.5527380952380954 14
Communication round: 22, Eavesdropper Accuracy: 0.5954545454545455 14 1
Communication round: 23, Aggregated Accuracies: 0.5767857142857143 15
Communication round: 23, Eavesdropper Accuracy: 0.6477272727272727 15 1
Communication round: 24, Aggregated Accuracies: 0.6039285714285715 16
Communication round: 24, Eavesdropper Accuracy: 0.6295454545454545 16 1
Communication round: 25, Eavesdropper Accuracy: 0.6568181818181819 17 1
Communication round: 26, Eavesdropper Accuracy: 0.6295454545454545 18 1
Communication round: 27, Eavesdropper Accuracy: 0.6386363636363637 19 1
Communication round: 28, Eavesdropper Accuracy: 0.6477272727272727 20 1
Communication round: 29, Eavesdropper Accuracy: 0.6477272727272727 21 1
Communication round: 30, Eavesdropper Accuracy: 0.6477272727272727 22 1
Communication round: 31, Eavesdropper Accuracy: 0.65 22 0
Communication round: 32, Aggregated Accuracies: 0.6383333333333333 23
Communication round: 32, Eavesdropper Accuracy: 0.6613636363636364 23 1
Communication round: 33, Eavesdropper Accuracy: 0.6590909090909091 23 0
Communication round: 34, Aggregated Accuracies: 0.6509523809523808 24
Communication round: 34, Eavesdropper Accuracy: 0.6931818181818182 24 1
Communication round: 35, Aggregated Accuracies: 0.6795238095238093 25
Communication round: 35, Eavesdropper Accuracy: 0.7227272727272728 25 1
Communication round: 36, Aggregated Accuracies: 0.6964285714285714 26
Communication round: 36, Eavesdropper Accuracy: 0.7318181818181818 26 1
Communication round: 37, Aggregated Accuracies: 0.7145238095238095 27
Communication round: 37, Eavesdropper Accuracy: 0.759090909090909 27 1
Communication round: 38, Aggregated Accuracies: 0.7272619047619047 28
Communication round: 38, Eavesdropper Accuracy: 0.7704545454545455 28 1
Communication round: 39, Aggregated Accuracies: 0.7361904761904762 29
Communication round: 39, Eavesdropper Accuracy: 0.7704545454545455 29 1
Communication round: 40, Aggregated Accuracies: 0.7560714285714286 30
Communication round: 40, Eavesdropper Accuracy: 0.7772727272727272 30 1
Communication round: 41, Aggregated Accuracies: 0.768809523809524 31
Communication round: 41, Eavesdropper Accuracy: 0.8113636363636364 31 1
Communication round: 42, Aggregated Accuracies: 0.7745238095238097 32
Communication round: 42, Eavesdropper Accuracy: 0.7772727272727272 32 1
Communication round: 43, Aggregated Accuracies: 0.7823809523809524 33
Communication round: 43, Eavesdropper Accuracy: 0.8 33 1
Communication round: 44, Aggregated Accuracies: 0.7960714285714287 34
Communication round: 44, Eavesdropper Accuracy: 0.8090909090909091 34 1
Communication round: 45, Aggregated Accuracies: 0.7984523809523811 35
Communication round: 45, Eavesdropper Accuracy: 0.8068181818181818 35 1
Communication round: 46, Aggregated Accuracies: 0.805952380952381 36
Communication round: 46, Eavesdropper Accuracy: 0.8295454545454546 36 1
Communication round: 47, Aggregated Accuracies: 0.8102380952380954 37
Communication round: 47, Eavesdropper Accuracy: 0.8340909090909091 37 1
Communication round: 48, Aggregated Accuracies: 0.8171428571428571 38
Communication round: 48, Eavesdropper Accuracy: 0.8045454545454546 38 1
Communication round: 49, Eavesdropper Accuracy: 0.8363636363636363 38 0
Communication round: 50, Eavesdropper Accuracy: 0.8204545454545454 38 0
Communication round: 51, Aggregated Accuracies: 0.8274999999999997 39
Communication round: 51, Eavesdropper Accuracy: 0.8477272727272728 39 1
Communication round: 52, Eavesdropper Accuracy: 0.8318181818181818 39 0
Communication round: 53, Eavesdropper Accuracy: 0.8204545454545454 39 0
Communication round: 54, Eavesdropper Accuracy: 0.8363636363636363 39 0
Communication round: 55, Eavesdropper Accuracy: 0.8636363636363636 39 0
Communication round: 56, Eavesdropper Accuracy: 0.8477272727272728 39 0
Communication round: 57, Eavesdropper Accuracy: 0.8272727272727273 39 0
Communication round: 58, Eavesdropper Accuracy: 0.8409090909090909 39 0
Communication round: 59, Eavesdropper Accuracy: 0.8363636363636363 39 0
Communication round: 60, Eavesdropper Accuracy: 0.8340909090909091 39 0
Communication round: 61, Eavesdropper Accuracy: 0.8272727272727273 39 0
Communication round: 62, Eavesdropper Accuracy: 0.8545454545454545 39 0
Communication round: 63, Eavesdropper Accuracy: 0.8363636363636363 39 0
Communication round: 64, Eavesdropper Accuracy: 0.8318181818181818 39 0
Communication round: 65, Eavesdropper Accuracy: 0.8204545454545454 39 0
Communication round: 66, Eavesdropper Accuracy: 0.8431818181818181 39 0
Communication round: 67, Eavesdropper Accuracy: 0.8386363636363636 39 0
Communication round: 68, Eavesdropper Accuracy: 0.85 39 0
Communication round: 69, Eavesdropper Accuracy: 0.8409090909090909 39 0
Communication round: 70, Eavesdropper Accuracy: 0.8590909090909091 39 0
Communication round: 71, Eavesdropper Accuracy: 0.8454545454545455 39 0
Communication round: 72, Eavesdropper Accuracy: 0.8477272727272728 39 0
Communication round: 73, Eavesdropper Accuracy: 0.8522727272727273 39 0
Communication round: 74, Eavesdropper Accuracy: 0.8409090909090909 39 0
Communication round: 75, Eavesdropper Accuracy: 0.8431818181818181 39 0
Communication round: 76, Eavesdropper Accuracy: 0.8227272727272728 39 0
Communication round: 77, Smart Eavesdropper Accuracy: 0.8363636363636363 39 0
Communication round: 78, Smart Eavesdropper Accuracy: 0.8727272727272727 39 0
Communication round: 79, Smart Eavesdropper Accuracy: 0.8863636363636364 39 0
Communication round: 80, Smart Eavesdropper Accuracy: 0.9090909090909091 39 0
Communication round: 81, Smart Eavesdropper Accuracy: 0.8977272727272727 39 0
Communication round: 82, Smart Eavesdropper Accuracy: 0.9068181818181819 39 0
Communication round: 83, Smart Eavesdropper Accuracy: 0.9090909090909091 39 0
Communication round: 84, Smart Eavesdropper Accuracy: 0.9136363636363637 39 0
Communication round: 85, Smart Eavesdropper Accuracy: 0.9272727272727272 39 0
Communication round: 86, Smart Eavesdropper Accuracy: 0.9045454545454545 39 0
Communication round: 87, Smart Eavesdropper Accuracy: 0.9295454545454546 39 0
Communication round: 88, Smart Eavesdropper Accuracy: 0.9113636363636364 39 0
Communication round: 89, Smart Eavesdropper Accuracy: 0.9409090909090909 39 0
Communication round: 90, Smart Eavesdropper Accuracy: 0.9431818181818182 39 0
Communication round: 91, Smart Eavesdropper Accuracy: 0.9454545454545454 39 0
Communication round: 92, Smart Eavesdropper Accuracy: 0.9454545454545454 39 0
Communication round: 93, Smart Eavesdropper Accuracy: 0.9363636363636364 39 0
Communication round: 94, Smart Eavesdropper Accuracy: 0.9409090909090909 39 0
Communication round: 95, Smart Eavesdropper Accuracy: 0.95 39 0
Communication round: 96, Smart Eavesdropper Accuracy: 0.9454545454545454 39 0
Communication round: 97, Smart Eavesdropper Accuracy: 0.9363636363636364 39 0
Communication round: 98, Smart Eavesdropper Accuracy: 0.95 39 0
Communication round: 99, Smart Eavesdropper Accuracy: 0.9477272727272728 39 0
----------------------------------------------------------------------------------------------------
----------------------------------------------------------------------------------------------------
50_30_100_1_5_0.5_False_
----------------------------------------------------------------------------------------------------
Communication round: 0, Smart Eavesdropper Accuracy: 0.39545454545454545 0 0
Communication round: 1, Smart Eavesdropper Accuracy: 0.5840909090909091 1 1
Communication round: 2, Smart Eavesdropper Accuracy: 0.7272727272727273 1 0
Communication round: 3, Smart Eavesdropper Accuracy: 0.8045454545454546 1 0
Communication round: 4, Smart Eavesdropper Accuracy: 0.8363636363636363 1 0
Communication round: 5, Smart Eavesdropper Accuracy: 0.8590909090909091 1 0
Communication round: 6, Smart Eavesdropper Accuracy: 0.884090909090909 1 0
Communication round: 7, Smart Eavesdropper Accuracy: 0.8931818181818182 1 0
Communication round: 8, Smart Eavesdropper Accuracy: 0.9204545454545454 1 0
Communication round: 9, Smart Eavesdropper Accuracy: 0.9022727272727272 2 1
Communication round: 10, Smart Eavesdropper Accuracy: 0.9272727272727272 3 1
Communication round: 11, Aggregated Accuracies: 0.10607142857142858 4
Communication round: 11, Smart Eavesdropper Accuracy: 0.9409090909090909 4 1
Communication round: 12, Smart Eavesdropper Accuracy: 0.9522727272727273 4 0
Communication round: 13, Smart Eavesdropper Accuracy: 0.925 4 0
Communication round: 14, Smart Eavesdropper Accuracy: 0.9272727272727272 4 0
Communication round: 15, Smart Eavesdropper Accuracy: 0.9522727272727273 5 1
Communication round: 16, Smart Eavesdropper Accuracy: 0.9431818181818182 5 0
Communication round: 17, Smart Eavesdropper Accuracy: 0.9386363636363636 5 0
Communication round: 18, Smart Eavesdropper Accuracy: 0.9340909090909091 5 0
Communication round: 19, Smart Eavesdropper Accuracy: 0.9409090909090909 5 0
Communication round: 20, Smart Eavesdropper Accuracy: 0.9590909090909091 6 1
Communication round: 21, Smart Eavesdropper Accuracy: 0.9477272727272728 7 1
Communication round: 22, Smart Eavesdropper Accuracy: 0.9590909090909091 8 1
Communication round: 23, Smart Eavesdropper Accuracy: 0.9659090909090909 8 0
Communication round: 24, Smart Eavesdropper Accuracy: 0.9477272727272728 8 0
Communication round: 25, Smart Eavesdropper Accuracy: 0.9613636363636363 8 0
Communication round: 26, Smart Eavesdropper Accuracy: 0.9568181818181818 8 0
Communication round: 27, Smart Eavesdropper Accuracy: 0.9636363636363636 8 0
Communication round: 28, Smart Eavesdropper Accuracy: 0.975 8 0
Communication round: 29, Smart Eavesdropper Accuracy: 0.9545454545454546 8 0
Communication round: 30, Smart Eavesdropper Accuracy: 0.9522727272727273 8 0
Communication round: 31, Smart Eavesdropper Accuracy: 0.95 8 0
Communication round: 32, Smart Eavesdropper Accuracy: 0.9681818181818181 9 1
Communication round: 33, Smart Eavesdropper Accuracy: 0.9454545454545454 10 1
Communication round: 34, Smart Eavesdropper Accuracy: 0.9704545454545455 11 1
Communication round: 35, Aggregated Accuracies: 0.11464285714285717 12
Communication round: 35, Smart Eavesdropper Accuracy: 0.9590909090909091 12 1
Communication round: 36, Aggregated Accuracies: 0.14357142857142857 13
Communication round: 36, Smart Eavesdropper Accuracy: 0.9454545454545454 13 1
Communication round: 37, Aggregated Accuracies: 0.18833333333333335 14
Communication round: 37, Smart Eavesdropper Accuracy: 0.9522727272727273 14 1
Communication round: 38, Aggregated Accuracies: 0.2657142857142857 15
Communication round: 38, Smart Eavesdropper Accuracy: 0.9568181818181818 15 1
Communication round: 39, Aggregated Accuracies: 0.32845238095238094 16
Communication round: 39, Smart Eavesdropper Accuracy: 0.9727272727272728 16 1
Communication round: 40, Aggregated Accuracies: 0.4002380952380953 17
Communication round: 40, Smart Eavesdropper Accuracy: 0.9477272727272728 17 1
Communication round: 41, Aggregated Accuracies: 0.44738095238095227 18
Communication round: 41, Smart Eavesdropper Accuracy: 0.9522727272727273 18 1
Communication round: 42, Aggregated Accuracies: 0.4850000000000001 19
Communication round: 42, Smart Eavesdropper Accuracy: 0.9704545454545455 19 1
Communication round: 43, Aggregated Accuracies: 0.5308333333333334 20
Communication round: 43, Smart Eavesdropper Accuracy: 0.95 20 1
Communication round: 44, Aggregated Accuracies: 0.564404761904762 21
Communication round: 44, Smart Eavesdropper Accuracy: 0.9613636363636363 21 1
Communication round: 45, Aggregated Accuracies: 0.6023809523809522 22
Communication round: 45, Smart Eavesdropper Accuracy: 0.9659090909090909 22 1
Communication round: 46, Aggregated Accuracies: 0.6222619047619049 23
Communication round: 46, Smart Eavesdropper Accuracy: 0.9613636363636363 23 1
Communication round: 47, Aggregated Accuracies: 0.6634523809523807 24
Communication round: 47, Smart Eavesdropper Accuracy: 0.9568181818181818 24 1
Communication round: 48, Aggregated Accuracies: 0.6884523809523811 25
Communication round: 48, Eavesdropper Accuracy: 0.7136363636363636 25 1
Communication round: 49, Aggregated Accuracies: 0.7048809523809523 26
Communication round: 49, Eavesdropper Accuracy: 0.7136363636363636 26 1
Communication round: 50, Aggregated Accuracies: 0.7278571428571426 27
Communication round: 50, Eavesdropper Accuracy: 0.7545454545454545 27 1
Communication round: 51, Eavesdropper Accuracy: 0.7545454545454545 27 0
Communication round: 52, Eavesdropper Accuracy: 0.7681818181818182 27 0
Communication round: 53, Smart Eavesdropper Accuracy: 0.7977272727272727 27 0
Communication round: 54, Smart Eavesdropper Accuracy: 0.8409090909090909 27 0
Communication round: 55, Smart Eavesdropper Accuracy: 0.85 27 0
Communication round: 56, Smart Eavesdropper Accuracy: 0.8818181818181818 27 0
Communication round: 57, Smart Eavesdropper Accuracy: 0.8636363636363636 27 0
Communication round: 58, Smart Eavesdropper Accuracy: 0.9 27 0
Communication round: 59, Smart Eavesdropper Accuracy: 0.9 27 0
Communication round: 60, Smart Eavesdropper Accuracy: 0.9227272727272727 27 0
Communication round: 61, Smart Eavesdropper Accuracy: 0.9227272727272727 27 0
Communication round: 62, Smart Eavesdropper Accuracy: 0.9431818181818182 27 0
Communication round: 63, Smart Eavesdropper Accuracy: 0.9318181818181818 27 0
Communication round: 64, Smart Eavesdropper Accuracy: 0.9181818181818182 27 0
Communication round: 65, Smart Eavesdropper Accuracy: 0.9454545454545454 27 0
Communication round: 66, Smart Eavesdropper Accuracy: 0.95 27 0
Communication round: 67, Smart Eavesdropper Accuracy: 0.9318181818181818 27 0
Communication round: 68, Smart Eavesdropper Accuracy: 0.9386363636363636 27 0
Communication round: 69, Smart Eavesdropper Accuracy: 0.9522727272727273 27 0
Communication round: 70, Smart Eavesdropper Accuracy: 0.9545454545454546 27 0
Communication round: 71, Aggregated Accuracies: 0.7464285714285714 28
Communication round: 71, Smart Eavesdropper Accuracy: 0.9431818181818182 28 1
Communication round: 72, Aggregated Accuracies: 0.7651190476190476 29
Communication round: 72, Smart Eavesdropper Accuracy: 0.9522727272727273 29 1
Communication round: 73, Aggregated Accuracies: 0.7736904761904762 30
Communication round: 73, Smart Eavesdropper Accuracy: 0.9522727272727273 30 1
Communication round: 74, Aggregated Accuracies: 0.7880952380952381 31
Communication round: 74, Smart Eavesdropper Accuracy: 0.9613636363636363 31 1
Communication round: 75, Aggregated Accuracies: 0.8088095238095235 32
Communication round: 75, Smart Eavesdropper Accuracy: 0.9522727272727273 32 1
Communication round: 76, Aggregated Accuracies: 0.8095238095238096 33
Communication round: 76, Smart Eavesdropper Accuracy: 0.9613636363636363 33 1
Communication round: 77, Aggregated Accuracies: 0.8192857142857143 34
Communication round: 77, Smart Eavesdropper Accuracy: 0.9545454545454546 34 1
Communication round: 78, Aggregated Accuracies: 0.8226190476190475 35
Communication round: 78, Smart Eavesdropper Accuracy: 0.9454545454545454 35 1
Communication round: 79, Aggregated Accuracies: 0.8307142857142858 36
Communication round: 79, Smart Eavesdropper Accuracy: 0.9613636363636363 36 1
Communication round: 80, Aggregated Accuracies: 0.8405952380952381 37
Communication round: 80, Smart Eavesdropper Accuracy: 0.95 37 1
Communication round: 81, Aggregated Accuracies: 0.8416666666666667 38
Communication round: 81, Smart Eavesdropper Accuracy: 0.9704545454545455 38 1
Communication round: 82, Aggregated Accuracies: 0.8494047619047618 39
Communication round: 82, Smart Eavesdropper Accuracy: 0.9681818181818181 39 1
Communication round: 83, Smart Eavesdropper Accuracy: 0.9454545454545454 39 0
Communication round: 84, Smart Eavesdropper Accuracy: 0.9522727272727273 39 0
Communication round: 85, Smart Eavesdropper Accuracy: 0.9522727272727273 39 0
Communication round: 86, Smart Eavesdropper Accuracy: 0.9590909090909091 39 0
Communication round: 87, Smart Eavesdropper Accuracy: 0.9590909090909091 39 0
Communication round: 88, Smart Eavesdropper Accuracy: 0.9477272727272728 39 0
Communication round: 89, Smart Eavesdropper Accuracy: 0.9568181818181818 39 0
Communication round: 90, Smart Eavesdropper Accuracy: 0.9613636363636363 39 0
Communication round: 91, Smart Eavesdropper Accuracy: 0.9545454545454546 39 0
Communication round: 92, Smart Eavesdropper Accuracy: 0.9590909090909091 39 0
Communication round: 93, Smart Eavesdropper Accuracy: 0.9522727272727273 39 0
Communication round: 94, Smart Eavesdropper Accuracy: 0.9613636363636363 39 0
Communication round: 95, Smart Eavesdropper Accuracy: 0.9636363636363636 39 0
Communication round: 96, Smart Eavesdropper Accuracy: 0.9477272727272728 39 0
Communication round: 97, Smart Eavesdropper Accuracy: 0.9704545454545455 39 0
Communication round: 98, Smart Eavesdropper Accuracy: 0.9613636363636363 39 0
Communication round: 99, Smart Eavesdropper Accuracy: 0.9522727272727273 39 0
----------------------------------------------------------------------------------------------------
----------------------------------------------------------------------------------------------------
50_30_100_1_5_0.5_False_
----------------------------------------------------------------------------------------------------
Communication round: 0, Smart Eavesdropper Accuracy: 0.35454545454545455 0 0
Communication round: 1, Smart Eavesdropper Accuracy: 0.615909090909091 0 0
Communication round: 2, Smart Eavesdropper Accuracy: 0.7295454545454545 1 1
Communication round: 3, Smart Eavesdropper Accuracy: 0.825 2 1
Communication round: 4, Eavesdropper Accuracy: 0.10454545454545454 3 1
Communication round: 5, Smart Eavesdropper Accuracy: 0.3886363636363636 3 0
Communication round: 6, Smart Eavesdropper Accuracy: 0.6227272727272727 3 0
Communication round: 7, Smart Eavesdropper Accuracy: 0.7909090909090909 4 1
Communication round: 8, Aggregated Accuracies: 0.1278571428571429 5
Communication round: 8, Eavesdropper Accuracy: 0.1409090909090909 5 1
Communication round: 9, Aggregated Accuracies: 0.16392857142857142 6
Communication round: 9, Eavesdropper Accuracy: 0.1590909090909091 6 1
Communication round: 10, Aggregated Accuracies: 0.1963095238095238 7
Communication round: 10, Eavesdropper Accuracy: 0.19318181818181818 7 1
Communication round: 11, Eavesdropper Accuracy: 0.19318181818181818 7 0
Communication round: 12, Eavesdropper Accuracy: 0.2 7 0
Communication round: 13, Aggregated Accuracies: 0.24952380952380956 8
Communication round: 13, Eavesdropper Accuracy: 0.29545454545454547 8 1
Communication round: 14, Aggregated Accuracies: 0.2951190476190475 9
Communication round: 14, Eavesdropper Accuracy: 0.32272727272727275 9 1
Communication round: 15, Aggregated Accuracies: 0.34690476190476205 10
Communication round: 15, Eavesdropper Accuracy: 0.39545454545454545 10 1
Communication round: 16, Eavesdropper Accuracy: 0.39545454545454545 11 1
Communication round: 17, Eavesdropper Accuracy: 0.39090909090909093 12 1
Communication round: 18, Eavesdropper Accuracy: 0.3840909090909091 13 1
Communication round: 19, Eavesdropper Accuracy: 0.3704545454545455 13 0
Communication round: 20, Eavesdropper Accuracy: 0.37727272727272726 13 0
Communication round: 21, Eavesdropper Accuracy: 0.37272727272727274 13 0
Communication round: 22, Eavesdropper Accuracy: 0.36363636363636365 13 0
Communication round: 23, Eavesdropper Accuracy: 0.3613636363636364 13 0
Communication round: 24, Eavesdropper Accuracy: 0.4 13 0
Communication round: 25, Smart Eavesdropper Accuracy: 0.6477272727272727 13 0
Communication round: 26, Smart Eavesdropper Accuracy: 0.7954545454545454 13 0
Communication round: 27, Smart Eavesdropper Accuracy: 0.8545454545454545 13 0
Communication round: 28, Smart Eavesdropper Accuracy: 0.8931818181818182 13 0
Communication round: 29, Smart Eavesdropper Accuracy: 0.9068181818181819 13 0
Communication round: 30, Smart Eavesdropper Accuracy: 0.9272727272727272 13 0
Communication round: 31, Smart Eavesdropper Accuracy: 0.9340909090909091 13 0
Communication round: 32, Smart Eavesdropper Accuracy: 0.9363636363636364 13 0
Communication round: 33, Smart Eavesdropper Accuracy: 0.9409090909090909 13 0
Communication round: 34, Smart Eavesdropper Accuracy: 0.9363636363636364 14 1
Communication round: 35, Smart Eavesdropper Accuracy: 0.9409090909090909 14 0
Communication round: 36, Smart Eavesdropper Accuracy: 0.9431818181818182 14 0
Communication round: 37, Smart Eavesdropper Accuracy: 0.9431818181818182 14 0
Communication round: 38, Smart Eavesdropper Accuracy: 0.9454545454545454 14 0
Communication round: 39, Smart Eavesdropper Accuracy: 0.9613636363636363 14 0
Communication round: 40, Smart Eavesdropper Accuracy: 0.9681818181818181 14 0
Communication round: 41, Smart Eavesdropper Accuracy: 0.9681818181818181 14 0
Communication round: 42, Smart Eavesdropper Accuracy: 0.9659090909090909 14 0
Communication round: 43, Smart Eavesdropper Accuracy: 0.9613636363636363 14 0
Communication round: 44, Smart Eavesdropper Accuracy: 0.975 14 0
Communication round: 45, Smart Eavesdropper Accuracy: 0.9659090909090909 14 0
Communication round: 46, Smart Eavesdropper Accuracy: 0.9613636363636363 14 0
Communication round: 47, Smart Eavesdropper Accuracy: 0.9545454545454546 15 1
Communication round: 48, Smart Eavesdropper Accuracy: 0.9409090909090909 16 1
Communication round: 49, Smart Eavesdropper Accuracy: 0.9590909090909091 16 0
Communication round: 50, Smart Eavesdropper Accuracy: 0.9636363636363636 17 1
Communication round: 51, Smart Eavesdropper Accuracy: 0.9636363636363636 18 1
Communication round: 52, Smart Eavesdropper Accuracy: 0.9659090909090909 19 1
Communication round: 53, Aggregated Accuracies: 0.40214285714285725 20
Communication round: 53, Smart Eavesdropper Accuracy: 0.9681818181818181 20 1
Communication round: 54, Smart Eavesdropper Accuracy: 0.9636363636363636 21 1
Communication round: 55, Smart Eavesdropper Accuracy: 0.9568181818181818 22 1
Communication round: 56, Aggregated Accuracies: 0.4502380952380951 23
Communication round: 56, Smart Eavesdropper Accuracy: 0.9704545454545455 23 1
Communication round: 57, Aggregated Accuracies: 0.4922619047619047 24
Communication round: 57, Smart Eavesdropper Accuracy: 0.9636363636363636 24 1
Communication round: 58, Aggregated Accuracies: 0.5477380952380952 25
Communication round: 58, Smart Eavesdropper Accuracy: 0.9704545454545455 25 1
Communication round: 59, Smart Eavesdropper Accuracy: 0.9636363636363636 26 1
Communication round: 60, Smart Eavesdropper Accuracy: 0.9454545454545454 27 1
Communication round: 61, Smart Eavesdropper Accuracy: 0.9568181818181818 28 1
Communication round: 62, Aggregated Accuracies: 0.5841666666666668 29
Communication round: 62, Smart Eavesdropper Accuracy: 0.9636363636363636 29 1
Communication round: 63, Aggregated Accuracies: 0.6161904761904762 30
Communication round: 63, Smart Eavesdropper Accuracy: 0.9522727272727273 30 1
Communication round: 64, Aggregated Accuracies: 0.6449999999999999 31
Communication round: 64, Smart Eavesdropper Accuracy: 0.9590909090909091 31 1
Communication round: 65, Aggregated Accuracies: 0.6820238095238096 32
Communication round: 65, Smart Eavesdropper Accuracy: 0.9477272727272728 32 1
Communication round: 66, Aggregated Accuracies: 0.7026190476190477 33
Communication round: 66, Smart Eavesdropper Accuracy: 0.9590909090909091 33 1
Communication round: 67, Aggregated Accuracies: 0.7263095238095238 34
Communication round: 67, Smart Eavesdropper Accuracy: 0.9636363636363636 34 1
Communication round: 68, Smart Eavesdropper Accuracy: 0.95 34 0
Communication round: 69, Smart Eavesdropper Accuracy: 0.9681818181818181 34 0
Communication round: 70, Smart Eavesdropper Accuracy: 0.9704545454545455 34 0
Communication round: 71, Smart Eavesdropper Accuracy: 0.9590909090909091 35 1
Communication round: 72, Smart Eavesdropper Accuracy: 0.9681818181818181 36 1
Communication round: 73, Smart Eavesdropper Accuracy: 0.9659090909090909 36 0
Communication round: 74, Smart Eavesdropper Accuracy: 0.9636363636363636 36 0
Communication round: 75, Aggregated Accuracies: 0.739285714285714 37
Communication round: 75, Smart Eavesdropper Accuracy: 0.9545454545454546 37 1
Communication round: 76, Aggregated Accuracies: 0.7613095238095235 38
Communication round: 76, Smart Eavesdropper Accuracy: 0.9659090909090909 38 1
Communication round: 77, Aggregated Accuracies: 0.7727380952380952 39
Communication round: 77, Smart Eavesdropper Accuracy: 0.9727272727272728 39 1
Communication round: 78, Aggregated Accuracies: 0.7904761904761908 40
Communication round: 78, Eavesdropper Accuracy: 0.8318181818181818 40 1
Communication round: 79, Aggregated Accuracies: 0.8000000000000003 41
Communication round: 79, Eavesdropper Accuracy: 0.875 41 1
Communication round: 80, Aggregated Accuracies: 0.8003571428571431 42
Communication round: 80, Eavesdropper Accuracy: 0.865909090909091 42 1
Communication round: 81, Aggregated Accuracies: 0.8164285714285713 43
Communication round: 81, Eavesdropper Accuracy: 0.8522727272727273 43 1
Communication round: 82, Aggregated Accuracies: 0.8285714285714287 44
Communication round: 82, Eavesdropper Accuracy: 0.8772727272727273 44 1
Communication round: 83, Aggregated Accuracies: 0.8369047619047619 45
Communication round: 83, Eavesdropper Accuracy: 0.8954545454545455 45 1
Communication round: 84, Eavesdropper Accuracy: 0.8931818181818182 45 0
Communication round: 85, Eavesdropper Accuracy: 0.8886363636363637 45 0
Communication round: 86, Eavesdropper Accuracy: 0.8909090909090909 45 0
Communication round: 87, Eavesdropper Accuracy: 0.8909090909090909 45 0
Communication round: 88, Eavesdropper Accuracy: 0.884090909090909 45 0
Communication round: 89, Smart Eavesdropper Accuracy: 0.9022727272727272 45 0
Communication round: 90, Smart Eavesdropper Accuracy: 0.9045454545454545 45 0
Communication round: 91, Aggregated Accuracies: 0.8409523809523806 46
Communication round: 91, Smart Eavesdropper Accuracy: 0.9113636363636364 46 1
Communication round: 92, Aggregated Accuracies: 0.85 47
Communication round: 92, Eavesdropper Accuracy: 0.8931818181818182 47 1
Communication round: 93, Aggregated Accuracies: 0.8533333333333336 48
Communication round: 93, Eavesdropper Accuracy: 0.8954545454545455 48 1
Communication round: 94, Aggregated Accuracies: 0.8567857142857145 49
Communication round: 94, Eavesdropper Accuracy: 0.8954545454545455 49 1
Communication round: 95, Eavesdropper Accuracy: 0.9022727272727272 49 0
Communication round: 96, Eavesdropper Accuracy: 0.9113636363636364 49 0
Communication round: 97, Smart Eavesdropper Accuracy: 0.8977272727272727 49 0
Communication round: 98, Smart Eavesdropper Accuracy: 0.9272727272727272 49 0
Communication round: 99, Smart Eavesdropper Accuracy: 0.9272727272727272 49 0
----------------------------------------------------------------------------------------------------
----------------------------------------------------------------------------------------------------
50_30_100_1_5_0.5_False_
----------------------------------------------------------------------------------------------------
Communication round: 0, Eavesdropper Accuracy: 0.07045454545454545 1 1
Communication round: 1, Eavesdropper Accuracy: 0.04772727272727273 2 1
Communication round: 2, Eavesdropper Accuracy: 0.07045454545454545 2 0
Communication round: 3, Eavesdropper Accuracy: 0.04318181818181818 3 1
Communication round: 4, Eavesdropper Accuracy: 0.056818181818181816 3 0
Communication round: 5, Smart Eavesdropper Accuracy: 0.325 3 0
Communication round: 6, Smart Eavesdropper Accuracy: 0.5068181818181818 3 0
Communication round: 7, Smart Eavesdropper Accuracy: 0.7386363636363636 3 0
Communication round: 8, Smart Eavesdropper Accuracy: 0.8045454545454546 3 0
Communication round: 9, Smart Eavesdropper Accuracy: 0.8590909090909091 4 1
Communication round: 10, Smart Eavesdropper Accuracy: 0.8727272727272727 4 0
Communication round: 11, Smart Eavesdropper Accuracy: 0.8863636363636364 5 1
Communication round: 12, Smart Eavesdropper Accuracy: 0.8704545454545455 6 1
Communication round: 13, Smart Eavesdropper Accuracy: 0.9136363636363637 6 0
Communication round: 14, Smart Eavesdropper Accuracy: 0.9 6 0
Communication round: 15, Smart Eavesdropper Accuracy: 0.9113636363636364 6 0
Communication round: 16, Smart Eavesdropper Accuracy: 0.9522727272727273 6 0
Communication round: 17, Smart Eavesdropper Accuracy: 0.9318181818181818 7 1
Communication round: 18, Smart Eavesdropper Accuracy: 0.9295454545454546 8 1
Communication round: 19, Smart Eavesdropper Accuracy: 0.95 8 0
Communication round: 20, Smart Eavesdropper Accuracy: 0.9113636363636364 8 0
Communication round: 21, Smart Eavesdropper Accuracy: 0.9295454545454546 8 0
Communication round: 22, Aggregated Accuracies: 0.08392857142857144 9
Communication round: 22, Smart Eavesdropper Accuracy: 0.9295454545454546 9 1
Communication round: 23, Smart Eavesdropper Accuracy: 0.9318181818181818 9 0
Communication round: 24, Smart Eavesdropper Accuracy: 0.9363636363636364 9 0
Communication round: 25, Smart Eavesdropper Accuracy: 0.9431818181818182 9 0
Communication round: 26, Aggregated Accuracies: 0.11845238095238095 10
Communication round: 26, Smart Eavesdropper Accuracy: 0.9568181818181818 10 1
Communication round: 27, Aggregated Accuracies: 0.15380952380952378 11
Communication round: 27, Smart Eavesdropper Accuracy: 0.9568181818181818 11 1
Communication round: 28, Aggregated Accuracies: 0.1828571428571428 12
Communication round: 28, Smart Eavesdropper Accuracy: 0.9431818181818182 12 1
Communication round: 29, Aggregated Accuracies: 0.2514285714285714 13
Communication round: 29, Smart Eavesdropper Accuracy: 0.95 13 1
Communication round: 30, Aggregated Accuracies: 0.31642857142857145 14
Communication round: 30, Smart Eavesdropper Accuracy: 0.9454545454545454 14 1
Communication round: 31, Aggregated Accuracies: 0.3688095238095237 15
Communication round: 31, Smart Eavesdropper Accuracy: 0.9363636363636364 15 1
Communication round: 32, Aggregated Accuracies: 0.4304761904761905 16
Communication round: 32, Smart Eavesdropper Accuracy: 0.95 16 1
Communication round: 33, Aggregated Accuracies: 0.4677380952380952 17
Communication round: 33, Smart Eavesdropper Accuracy: 0.9568181818181818 17 1
Communication round: 34, Eavesdropper Accuracy: 0.5136363636363637 18 1
Communication round: 35, Smart Eavesdropper Accuracy: 0.6613636363636364 18 0
Communication round: 36, Aggregated Accuracies: 0.5030952380952382 19
Communication round: 36, Eavesdropper Accuracy: 0.5727272727272728 19 1
Communication round: 37, Eavesdropper Accuracy: 0.5272727272727272 20 1
Communication round: 38, Eavesdropper Accuracy: 0.5818181818181818 20 0
Communication round: 39, Smart Eavesdropper Accuracy: 0.6386363636363637 20 0
Communication round: 40, Smart Eavesdropper Accuracy: 0.7772727272727272 20 0
Communication round: 41, Smart Eavesdropper Accuracy: 0.85 20 0
Communication round: 42, Smart Eavesdropper Accuracy: 0.8568181818181818 20 0
Communication round: 43, Smart Eavesdropper Accuracy: 0.8477272727272728 20 0
Communication round: 44, Smart Eavesdropper Accuracy: 0.9090909090909091 20 0
Communication round: 45, Aggregated Accuracies: 0.5380952380952381 21
Communication round: 45, Smart Eavesdropper Accuracy: 0.9022727272727272 21 1
Communication round: 46, Aggregated Accuracies: 0.5721428571428572 22
Communication round: 46, Smart Eavesdropper Accuracy: 0.925 22 1
Communication round: 47, Aggregated Accuracies: 0.5996428571428573 23
Communication round: 47, Smart Eavesdropper Accuracy: 0.9136363636363637 23 1
Communication round: 48, Aggregated Accuracies: 0.6369047619047619 24
Communication round: 48, Smart Eavesdropper Accuracy: 0.9159090909090909 24 1
Communication round: 49, Aggregated Accuracies: 0.6683333333333331 25
Communication round: 49, Smart Eavesdropper Accuracy: 0.9295454545454546 25 1
Communication round: 50, Aggregated Accuracies: 0.6852380952380953 26
Communication round: 50, Eavesdropper Accuracy: 0.7227272727272728 26 1
Communication round: 51, Aggregated Accuracies: 0.7139285714285712 27
Communication round: 51, Eavesdropper Accuracy: 0.7431818181818182 27 1
Communication round: 52, Aggregated Accuracies: 0.7185714285714283 28
Communication round: 52, Eavesdropper Accuracy: 0.740909090909091 28 1
Communication round: 53, Aggregated Accuracies: 0.7403571428571428 29
Communication round: 53, Eavesdropper Accuracy: 0.7840909090909091 29 1
Communication round: 54, Aggregated Accuracies: 0.7582142857142857 30
Communication round: 54, Eavesdropper Accuracy: 0.7863636363636364 30 1
Communication round: 55, Aggregated Accuracies: 0.773452380952381 31
Communication round: 55, Eavesdropper Accuracy: 0.7886363636363637 31 1
Communication round: 56, Aggregated Accuracies: 0.7753571428571426 32
Communication round: 56, Eavesdropper Accuracy: 0.8181818181818182 32 1
Communication round: 57, Aggregated Accuracies: 0.7945238095238096 33
Communication round: 57, Eavesdropper Accuracy: 0.8113636363636364 33 1
Communication round: 58, Eavesdropper Accuracy: 0.8 33 0
Communication round: 59, Eavesdropper Accuracy: 0.7909090909090909 33 0
Communication round: 60, Eavesdropper Accuracy: 0.7977272727272727 33 0
Communication round: 61, Eavesdropper Accuracy: 0.8113636363636364 34 1
Communication round: 62, Aggregated Accuracies: 0.8051190476190476 35
Communication round: 62, Eavesdropper Accuracy: 0.8159090909090909 35 1
Communication round: 63, Aggregated Accuracies: 0.8084523809523807 36
Communication round: 63, Eavesdropper Accuracy: 0.8090909090909091 36 1
Communication round: 64, Eavesdropper Accuracy: 0.8295454545454546 36 0
Communication round: 65, Eavesdropper Accuracy: 0.8181818181818182 36 0
Communication round: 66, Eavesdropper Accuracy: 0.8181818181818182 36 0
Communication round: 67, Eavesdropper Accuracy: 0.8204545454545454 36 0
Communication round: 68, Eavesdropper Accuracy: 0.8340909090909091 36 0
Communication round: 69, Eavesdropper Accuracy: 0.8159090909090909 36 0
Communication round: 70, Eavesdropper Accuracy: 0.8363636363636363 36 0
Communication round: 71, Aggregated Accuracies: 0.8130952380952379 37
Communication round: 71, Eavesdropper Accuracy: 0.8204545454545454 37 1
Communication round: 72, Aggregated Accuracies: 0.8170238095238096 38
Communication round: 72, Eavesdropper Accuracy: 0.8681818181818182 38 1
Communication round: 73, Aggregated Accuracies: 0.8197619047619049 39
Communication round: 73, Eavesdropper Accuracy: 0.8227272727272728 39 1
Communication round: 74, Aggregated Accuracies: 0.823690476190476 40
Communication round: 74, Eavesdropper Accuracy: 0.8340909090909091 40 1
Communication round: 75, Eavesdropper Accuracy: 0.8613636363636363 40 0
Communication round: 76, Eavesdropper Accuracy: 0.8363636363636363 40 0
Communication round: 77, Eavesdropper Accuracy: 0.8181818181818182 40 0
Communication round: 78, Eavesdropper Accuracy: 0.8159090909090909 40 0
Communication round: 79, Smart Eavesdropper Accuracy: 0.8704545454545455 40 0
Communication round: 80, Smart Eavesdropper Accuracy: 0.8954545454545455 40 0
Communication round: 81, Smart Eavesdropper Accuracy: 0.8704545454545455 40 0
Communication round: 82, Smart Eavesdropper Accuracy: 0.8909090909090909 40 0
Communication round: 83, Smart Eavesdropper Accuracy: 0.9068181818181819 40 0
Communication round: 84, Smart Eavesdropper Accuracy: 0.9113636363636364 40 0
Communication round: 85, Smart Eavesdropper Accuracy: 0.8931818181818182 40 0
Communication round: 86, Smart Eavesdropper Accuracy: 0.9136363636363637 40 0
Communication round: 87, Smart Eavesdropper Accuracy: 0.9295454545454546 40 0
Communication round: 88, Smart Eavesdropper Accuracy: 0.9431818181818182 40 0
Communication round: 89, Smart Eavesdropper Accuracy: 0.9477272727272728 40 0
Communication round: 90, Smart Eavesdropper Accuracy: 0.9363636363636364 40 0
Communication round: 91, Smart Eavesdropper Accuracy: 0.9363636363636364 40 0
Communication round: 92, Smart Eavesdropper Accuracy: 0.9386363636363636 40 0
Communication round: 93, Smart Eavesdropper Accuracy: 0.9386363636363636 40 0
Communication round: 94, Smart Eavesdropper Accuracy: 0.9477272727272728 40 0
Communication round: 95, Smart Eavesdropper Accuracy: 0.95 40 0
Communication round: 96, Smart Eavesdropper Accuracy: 0.9409090909090909 40 0
Communication round: 97, Smart Eavesdropper Accuracy: 0.9431818181818182 40 0
Communication round: 98, Smart Eavesdropper Accuracy: 0.9568181818181818 40 0
Communication round: 99, Smart Eavesdropper Accuracy: 0.95 40 0
----------------------------------------------------------------------------------------------------
----------------------------------------------------------------------------------------------------
50_30_100_1_5_0.5_False_
----------------------------------------------------------------------------------------------------
Communication round: 0, Smart Eavesdropper Accuracy: 0.3522727272727273 0 0
Communication round: 1, Smart Eavesdropper Accuracy: 0.5909090909090909 0 0
Communication round: 2, Smart Eavesdropper Accuracy: 0.7363636363636363 0 0
Communication round: 3, Smart Eavesdropper Accuracy: 0.8159090909090909 0 0
Communication round: 4, Smart Eavesdropper Accuracy: 0.8568181818181818 0 0
Communication round: 5, Smart Eavesdropper Accuracy: 0.8522727272727273 0 0
Communication round: 6, Smart Eavesdropper Accuracy: 0.865909090909091 0 0
Communication round: 7, Smart Eavesdropper Accuracy: 0.8613636363636363 0 0
Communication round: 8, Smart Eavesdropper Accuracy: 0.8704545454545455 0 0
Communication round: 9, Smart Eavesdropper Accuracy: 0.8909090909090909 0 0
Communication round: 10, Aggregated Accuracies: 0.11642857142857146 1
Communication round: 10, Smart Eavesdropper Accuracy: 0.9 1 1
Communication round: 11, Aggregated Accuracies: 0.13011904761904763 2
Communication round: 11, Smart Eavesdropper Accuracy: 0.9272727272727272 2 1
Communication round: 12, Aggregated Accuracies: 0.16000000000000003 3
Communication round: 12, Smart Eavesdropper Accuracy: 0.9318181818181818 3 1
Communication round: 13, Smart Eavesdropper Accuracy: 0.9181818181818182 3 0
Communication round: 14, Smart Eavesdropper Accuracy: 0.9181818181818182 3 0
Communication round: 15, Smart Eavesdropper Accuracy: 0.9136363636363637 3 0
Communication round: 16, Smart Eavesdropper Accuracy: 0.9386363636363636 3 0
Communication round: 17, Smart Eavesdropper Accuracy: 0.9272727272727272 3 0
Communication round: 18, Smart Eavesdropper Accuracy: 0.9318181818181818 3 0
Communication round: 19, Aggregated Accuracies: 0.20559523809523814 4
Communication round: 19, Smart Eavesdropper Accuracy: 0.9227272727272727 4 1
Communication round: 20, Aggregated Accuracies: 0.24690476190476193 5
Communication round: 20, Smart Eavesdropper Accuracy: 0.925 5 1
Communication round: 21, Smart Eavesdropper Accuracy: 0.9386363636363636 5 0
Communication round: 22, Smart Eavesdropper Accuracy: 0.9409090909090909 5 0
Communication round: 23, Smart Eavesdropper Accuracy: 0.9454545454545454 5 0
Communication round: 24, Aggregated Accuracies: 0.305 6
Communication round: 24, Smart Eavesdropper Accuracy: 0.9454545454545454 6 1
Communication round: 25, Aggregated Accuracies: 0.3582142857142857 7
Communication round: 25, Smart Eavesdropper Accuracy: 0.9386363636363636 7 1
Communication round: 26, Smart Eavesdropper Accuracy: 0.9545454545454546 8 1
Communication round: 27, Smart Eavesdropper Accuracy: 0.9409090909090909 9 1
Communication round: 28, Smart Eavesdropper Accuracy: 0.9386363636363636 9 0
Communication round: 29, Aggregated Accuracies: 0.40964285714285736 10
Communication round: 29, Smart Eavesdropper Accuracy: 0.95 10 1
Communication round: 30, Smart Eavesdropper Accuracy: 0.95 10 0
Communication round: 31, Aggregated Accuracies: 0.4653571428571428 11
Communication round: 31, Smart Eavesdropper Accuracy: 0.9636363636363636 11 1
Communication round: 32, Smart Eavesdropper Accuracy: 0.95 11 0
Communication round: 33, Smart Eavesdropper Accuracy: 0.9454545454545454 11 0
Communication round: 34, Aggregated Accuracies: 0.4965476190476192 12
Communication round: 34, Smart Eavesdropper Accuracy: 0.9454545454545454 12 1
Communication round: 35, Smart Eavesdropper Accuracy: 0.9431818181818182 12 0
Communication round: 36, Aggregated Accuracies: 0.5430952380952381 13
Communication round: 36, Smart Eavesdropper Accuracy: 0.9659090909090909 13 1
Communication round: 37, Aggregated Accuracies: 0.5926190476190477 14
Communication round: 37, Smart Eavesdropper Accuracy: 0.9545454545454546 14 1
Communication round: 38, Smart Eavesdropper Accuracy: 0.9454545454545454 14 0
Communication round: 39, Aggregated Accuracies: 0.6307142857142858 15
Communication round: 39, Smart Eavesdropper Accuracy: 0.9522727272727273 15 1
Communication round: 40, Smart Eavesdropper Accuracy: 0.9613636363636363 15 0
Communication round: 41, Smart Eavesdropper Accuracy: 0.9409090909090909 15 0
Communication round: 42, Aggregated Accuracies: 0.6516666666666667 16
Communication round: 42, Smart Eavesdropper Accuracy: 0.9272727272727272 16 1
Communication round: 43, Aggregated Accuracies: 0.683809523809524 17
Communication round: 43, Smart Eavesdropper Accuracy: 0.95 17 1
Communication round: 44, Smart Eavesdropper Accuracy: 0.95 17 0
Communication round: 45, Aggregated Accuracies: 0.7061904761904763 18
Communication round: 45, Smart Eavesdropper Accuracy: 0.9590909090909091 18 1
Communication round: 46, Aggregated Accuracies: 0.7230952380952382 19
Communication round: 46, Smart Eavesdropper Accuracy: 0.9522727272727273 19 1
Communication round: 47, Aggregated Accuracies: 0.7357142857142857 20
Communication round: 47, Smart Eavesdropper Accuracy: 0.9613636363636363 20 1
Communication round: 48, Smart Eavesdropper Accuracy: 0.9409090909090909 21 1
Communication round: 49, Aggregated Accuracies: 0.761547619047619 22
Communication round: 49, Smart Eavesdropper Accuracy: 0.9477272727272728 22 1
Communication round: 50, Aggregated Accuracies: 0.7738095238095235 23
Communication round: 50, Smart Eavesdropper Accuracy: 0.95 23 1
Communication round: 51, Aggregated Accuracies: 0.7876190476190474 24
Communication round: 51, Smart Eavesdropper Accuracy: 0.9386363636363636 24 1
Communication round: 52, Aggregated Accuracies: 0.798214285714286 25
Communication round: 52, Smart Eavesdropper Accuracy: 0.9590909090909091 25 1
Communication round: 53, Aggregated Accuracies: 0.806547619047619 26
Communication round: 53, Smart Eavesdropper Accuracy: 0.9568181818181818 26 1
Communication round: 54, Smart Eavesdropper Accuracy: 0.9477272727272728 27 1
Communication round: 55, Smart Eavesdropper Accuracy: 0.9636363636363636 27 0
Communication round: 56, Smart Eavesdropper Accuracy: 0.95 27 0
Communication round: 57, Smart Eavesdropper Accuracy: 0.9636363636363636 27 0
Communication round: 58, Smart Eavesdropper Accuracy: 0.9613636363636363 27 0
Communication round: 59, Smart Eavesdropper Accuracy: 0.9659090909090909 27 0
Communication round: 60, Smart Eavesdropper Accuracy: 0.9477272727272728 27 0
Communication round: 61, Smart Eavesdropper Accuracy: 0.95 27 0
Communication round: 62, Smart Eavesdropper Accuracy: 0.9522727272727273 27 0
Communication round: 63, Smart Eavesdropper Accuracy: 0.9659090909090909 27 0
Communication round: 64, Smart Eavesdropper Accuracy: 0.9386363636363636 27 0
Communication round: 65, Smart Eavesdropper Accuracy: 0.9522727272727273 27 0
Communication round: 66, Smart Eavesdropper Accuracy: 0.95 27 0
Communication round: 67, Smart Eavesdropper Accuracy: 0.9363636363636364 27 0
Communication round: 68, Smart Eavesdropper Accuracy: 0.95 27 0
Communication round: 69, Smart Eavesdropper Accuracy: 0.9568181818181818 28 1
Communication round: 70, Smart Eavesdropper Accuracy: 0.9431818181818182 28 0
Communication round: 71, Smart Eavesdropper Accuracy: 0.9590909090909091 28 0
Communication round: 72, Smart Eavesdropper Accuracy: 0.9568181818181818 28 0
Communication round: 73, Smart Eavesdropper Accuracy: 0.9590909090909091 28 0
Communication round: 74, Aggregated Accuracies: 0.8213095238095238 29
Communication round: 74, Smart Eavesdropper Accuracy: 0.9590909090909091 29 1
Communication round: 75, Smart Eavesdropper Accuracy: 0.9545454545454546 29 0
Communication round: 76, Smart Eavesdropper Accuracy: 0.9545454545454546 30 1
Communication round: 77, Smart Eavesdropper Accuracy: 0.9636363636363636 31 1
Communication round: 78, Aggregated Accuracies: 0.8245238095238093 32
Communication round: 78, Smart Eavesdropper Accuracy: 0.9522727272727273 32 1
Communication round: 79, Smart Eavesdropper Accuracy: 0.9636363636363636 32 0
Communication round: 80, Smart Eavesdropper Accuracy: 0.9568181818181818 33 1
Communication round: 81, Smart Eavesdropper Accuracy: 0.9613636363636363 34 1
Communication round: 82, Aggregated Accuracies: 0.8272619047619044 35
Communication round: 82, Smart Eavesdropper Accuracy: 0.9522727272727273 35 1
Communication round: 83, Aggregated Accuracies: 0.8346428571428571 36
Communication round: 83, Smart Eavesdropper Accuracy: 0.9613636363636363 36 1
Communication round: 84, Aggregated Accuracies: 0.8477380952380953 37
Communication round: 84, Smart Eavesdropper Accuracy: 0.975 37 1
Communication round: 85, Aggregated Accuracies: 0.8479761904761903 38
Communication round: 85, Smart Eavesdropper Accuracy: 0.9522727272727273 38 1
Communication round: 86, Smart Eavesdropper Accuracy: 0.9568181818181818 38 0
Communication round: 87, Smart Eavesdropper Accuracy: 0.9568181818181818 38 0
Communication round: 88, Smart Eavesdropper Accuracy: 0.9545454545454546 38 0
Communication round: 89, Smart Eavesdropper Accuracy: 0.9613636363636363 38 0
Communication round: 90, Aggregated Accuracies: 0.853333333333333 39
Communication round: 90, Smart Eavesdropper Accuracy: 0.9590909090909091 39 1
Communication round: 91, Smart Eavesdropper Accuracy: 0.9636363636363636 39 0
Communication round: 92, Smart Eavesdropper Accuracy: 0.9590909090909091 39 0
Communication round: 93, Smart Eavesdropper Accuracy: 0.9522727272727273 39 0
Communication round: 94, Smart Eavesdropper Accuracy: 0.9681818181818181 39 0
Communication round: 95, Smart Eavesdropper Accuracy: 0.9568181818181818 39 0
Communication round: 96, Smart Eavesdropper Accuracy: 0.9522727272727273 39 0
Communication round: 97, Smart Eavesdropper Accuracy: 0.9522727272727273 39 0
Communication round: 98, Smart Eavesdropper Accuracy: 0.9545454545454546 39 0
Communication round: 99, Smart Eavesdropper Accuracy: 0.95 39 0
----------------------------------------------------------------------------------------------------
----------------------------------------------------------------------------------------------------
50_30_100_1_5_0.5_False_
----------------------------------------------------------------------------------------------------
Communication round: 0, Eavesdropper Accuracy: 0.029545454545454545 1 1
Communication round: 1, Smart Eavesdropper Accuracy: 0.2636363636363636 1 0
Communication round: 2, Smart Eavesdropper Accuracy: 0.5477272727272727 1 0
Communication round: 3, Smart Eavesdropper Accuracy: 0.6113636363636363 1 0
Communication round: 4, Smart Eavesdropper Accuracy: 0.740909090909091 1 0
Communication round: 5, Smart Eavesdropper Accuracy: 0.7818181818181819 1 0
Communication round: 6, Smart Eavesdropper Accuracy: 0.8477272727272728 1 0
Communication round: 7, Smart Eavesdropper Accuracy: 0.85 1 0
Communication round: 8, Smart Eavesdropper Accuracy: 0.8772727272727273 1 0
Communication round: 9, Smart Eavesdropper Accuracy: 0.8863636363636364 2 1
Communication round: 10, Smart Eavesdropper Accuracy: 0.8909090909090909 3 1
Communication round: 11, Smart Eavesdropper Accuracy: 0.9113636363636364 3 0
Communication round: 12, Smart Eavesdropper Accuracy: 0.9068181818181819 3 0
Communication round: 13, Smart Eavesdropper Accuracy: 0.9090909090909091 4 1
Communication round: 14, Aggregated Accuracies: 0.07702380952380952 5
Communication round: 14, Smart Eavesdropper Accuracy: 0.9181818181818182 5 1
Communication round: 15, Smart Eavesdropper Accuracy: 0.9272727272727272 5 0
Communication round: 16, Smart Eavesdropper Accuracy: 0.9318181818181818 6 1
Communication round: 17, Smart Eavesdropper Accuracy: 0.9272727272727272 6 0
Communication round: 18, Smart Eavesdropper Accuracy: 0.9340909090909091 6 0
Communication round: 19, Smart Eavesdropper Accuracy: 0.9545454545454546 7 1
Communication round: 20, Aggregated Accuracies: 0.11809523809523807 8
Communication round: 20, Smart Eavesdropper Accuracy: 0.9363636363636364 8 1
Communication round: 21, Smart Eavesdropper Accuracy: 0.9409090909090909 9 1
Communication round: 22, Aggregated Accuracies: 0.14547619047619043 10
Communication round: 22, Smart Eavesdropper Accuracy: 0.9409090909090909 10 1
Communication round: 23, Smart Eavesdropper Accuracy: 0.9272727272727272 11 1
Communication round: 24, Aggregated Accuracies: 0.18702380952380956 12
Communication round: 24, Smart Eavesdropper Accuracy: 0.9454545454545454 12 1
Communication round: 25, Aggregated Accuracies: 0.21952380952380945 13
Communication round: 25, Smart Eavesdropper Accuracy: 0.95 13 1
Communication round: 26, Smart Eavesdropper Accuracy: 0.9454545454545454 13 0
Communication round: 27, Smart Eavesdropper Accuracy: 0.95 13 0
Communication round: 28, Aggregated Accuracies: 0.26619047619047614 14
Communication round: 28, Smart Eavesdropper Accuracy: 0.9409090909090909 14 1
Communication round: 29, Smart Eavesdropper Accuracy: 0.95 14 0
Communication round: 30, Smart Eavesdropper Accuracy: 0.9477272727272728 14 0
Communication round: 31, Aggregated Accuracies: 0.3167857142857143 15
Communication round: 31, Smart Eavesdropper Accuracy: 0.9636363636363636 15 1
Communication round: 32, Aggregated Accuracies: 0.38119047619047614 16
Communication round: 32, Smart Eavesdropper Accuracy: 0.9545454545454546 16 1
Communication round: 33, Aggregated Accuracies: 0.4383333333333333 17
Communication round: 33, Smart Eavesdropper Accuracy: 0.9295454545454546 17 1
Communication round: 34, Aggregated Accuracies: 0.48357142857142876 18
Communication round: 34, Eavesdropper Accuracy: 0.49318181818181817 18 1
Communication round: 35, Aggregated Accuracies: 0.5384523809523811 19
Communication round: 35, Eavesdropper Accuracy: 0.5477272727272727 19 1
Communication round: 36, Eavesdropper Accuracy: 0.5477272727272727 20 1
Communication round: 37, Eavesdropper Accuracy: 0.5340909090909091 21 1
Communication round: 38, Aggregated Accuracies: 0.5651190476190475 22
Communication round: 38, Eavesdropper Accuracy: 0.6 22 1
Communication round: 39, Aggregated Accuracies: 0.6 23
Communication round: 39, Eavesdropper Accuracy: 0.5863636363636363 23 1
Communication round: 40, Aggregated Accuracies: 0.6358333333333333 24
Communication round: 40, Eavesdropper Accuracy: 0.6477272727272727 24 1
Communication round: 41, Aggregated Accuracies: 0.6601190476190477 25
Communication round: 41, Eavesdropper Accuracy: 0.6931818181818182 25 1
Communication round: 42, Aggregated Accuracies: 0.6704761904761903 26
Communication round: 42, Eavesdropper Accuracy: 0.6522727272727272 26 1
Communication round: 43, Aggregated Accuracies: 0.7033333333333333 27
Communication round: 43, Eavesdropper Accuracy: 0.7045454545454546 27 1
Communication round: 44, Aggregated Accuracies: 0.717857142857143 28
Communication round: 44, Eavesdropper Accuracy: 0.7568181818181818 28 1
Communication round: 45, Aggregated Accuracies: 0.7332142857142857 29
Communication round: 45, Eavesdropper Accuracy: 0.725 29 1
Communication round: 46, Aggregated Accuracies: 0.7490476190476191 30
Communication round: 46, Eavesdropper Accuracy: 0.7681818181818182 30 1
Communication round: 47, Aggregated Accuracies: 0.755952380952381 31
Communication round: 47, Eavesdropper Accuracy: 0.7272727272727273 31 1
Communication round: 48, Eavesdropper Accuracy: 0.7704545454545455 32 1
Communication round: 49, Eavesdropper Accuracy: 0.7636363636363637 33 1
Communication round: 50, Eavesdropper Accuracy: 0.7727272727272727 34 1
Communication round: 51, Eavesdropper Accuracy: 0.7659090909090909 35 1
Communication round: 52, Eavesdropper Accuracy: 0.7681818181818182 35 0
Communication round: 53, Eavesdropper Accuracy: 0.7818181818181819 35 0
Communication round: 54, Eavesdropper Accuracy: 0.7568181818181818 35 0
Communication round: 55, Eavesdropper Accuracy: 0.7568181818181818 36 1
Communication round: 56, Eavesdropper Accuracy: 0.740909090909091 36 0
Communication round: 57, Eavesdropper Accuracy: 0.7818181818181819 37 1
Communication round: 58, Eavesdropper Accuracy: 0.7727272727272727 37 0
Communication round: 59, Eavesdropper Accuracy: 0.7704545454545455 37 0
Communication round: 60, Eavesdropper Accuracy: 0.7613636363636364 37 0
Communication round: 61, Eavesdropper Accuracy: 0.775 38 1
Communication round: 62, Eavesdropper Accuracy: 0.7840909090909091 38 0
Communication round: 63, Eavesdropper Accuracy: 0.7477272727272727 38 0
Communication round: 64, Eavesdropper Accuracy: 0.7863636363636364 38 0
Communication round: 65, Eavesdropper Accuracy: 0.7545454545454545 38 0
Communication round: 66, Eavesdropper Accuracy: 0.7477272727272727 38 0
Communication round: 67, Eavesdropper Accuracy: 0.7681818181818182 38 0
Communication round: 68, Eavesdropper Accuracy: 0.7659090909090909 39 1
Communication round: 69, Eavesdropper Accuracy: 0.7704545454545455 39 0
Communication round: 70, Eavesdropper Accuracy: 0.7522727272727273 39 0
Communication round: 71, Aggregated Accuracies: 0.7719047619047621 40
Communication round: 71, Eavesdropper Accuracy: 0.7840909090909091 40 1
Communication round: 72, Aggregated Accuracies: 0.7840476190476191 41
Communication round: 72, Eavesdropper Accuracy: 0.8 41 1
Communication round: 73, Aggregated Accuracies: 0.7875000000000001 42
Communication round: 73, Eavesdropper Accuracy: 0.7909090909090909 42 1
Communication round: 74, Aggregated Accuracies: 0.8029761904761905 43
Communication round: 74, Eavesdropper Accuracy: 0.7931818181818182 43 1
Communication round: 75, Aggregated Accuracies: 0.8100000000000002 44
Communication round: 75, Eavesdropper Accuracy: 0.8136363636363636 44 1
Communication round: 76, Aggregated Accuracies: 0.8205952380952377 45
Communication round: 76, Eavesdropper Accuracy: 0.8454545454545455 45 1
Communication round: 77, Aggregated Accuracies: 0.8203571428571429 46
Communication round: 77, Eavesdropper Accuracy: 0.8295454545454546 46 1
Communication round: 78, Aggregated Accuracies: 0.8233333333333333 47
Communication round: 78, Eavesdropper Accuracy: 0.8113636363636364 47 1
Communication round: 79, Eavesdropper Accuracy: 0.8113636363636364 47 0
Communication round: 80, Eavesdropper Accuracy: 0.8227272727272728 47 0
Communication round: 81, Eavesdropper Accuracy: 0.8409090909090909 47 0
Communication round: 82, Eavesdropper Accuracy: 0.85 47 0
Communication round: 83, Eavesdropper Accuracy: 0.8113636363636364 47 0
Communication round: 84, Eavesdropper Accuracy: 0.8204545454545454 47 0
Communication round: 85, Eavesdropper Accuracy: 0.8295454545454546 47 0
Communication round: 86, Eavesdropper Accuracy: 0.8363636363636363 47 0
Communication round: 87, Eavesdropper Accuracy: 0.8136363636363636 47 0
Communication round: 88, Eavesdropper Accuracy: 0.8386363636363636 47 0
Communication round: 89, Eavesdropper Accuracy: 0.8159090909090909 47 0
Communication round: 90, Eavesdropper Accuracy: 0.8409090909090909 47 0
Communication round: 91, Eavesdropper Accuracy: 0.8522727272727273 47 0
Communication round: 92, Eavesdropper Accuracy: 0.8068181818181818 47 0
Communication round: 93, Smart Eavesdropper Accuracy: 0.8227272727272728 47 0
Communication round: 94, Smart Eavesdropper Accuracy: 0.875 47 0
Communication round: 95, Smart Eavesdropper Accuracy: 0.8477272727272728 47 0
Communication round: 96, Smart Eavesdropper Accuracy: 0.8886363636363637 47 0
Communication round: 97, Smart Eavesdropper Accuracy: 0.9090909090909091 47 0
Communication round: 98, Smart Eavesdropper Accuracy: 0.8863636363636364 47 0
Communication round: 99, Smart Eavesdropper Accuracy: 0.9 47 0
----------------------------------------------------------------------------------------------------
----------------------------------------------------------------------------------------------------
50_30_100_1_5_0.5_False_
----------------------------------------------------------------------------------------------------
Communication round: 0, Smart Eavesdropper Accuracy: 0.275 0 0
Communication round: 1, Smart Eavesdropper Accuracy: 0.5704545454545454 1 1
Communication round: 2, Smart Eavesdropper Accuracy: 0.7636363636363637 1 0
Communication round: 3, Smart Eavesdropper Accuracy: 0.7954545454545454 2 1
Communication round: 4, Smart Eavesdropper Accuracy: 0.8590909090909091 2 0
Communication round: 5, Smart Eavesdropper Accuracy: 0.8818181818181818 2 0
Communication round: 6, Smart Eavesdropper Accuracy: 0.9022727272727272 3 1
Communication round: 7, Smart Eavesdropper Accuracy: 0.8954545454545455 3 0
Communication round: 8, Smart Eavesdropper Accuracy: 0.9136363636363637 3 0
Communication round: 9, Smart Eavesdropper Accuracy: 0.8977272727272727 3 0
Communication round: 10, Smart Eavesdropper Accuracy: 0.9340909090909091 3 0
Communication round: 11, Smart Eavesdropper Accuracy: 0.9159090909090909 4 1
Communication round: 12, Smart Eavesdropper Accuracy: 0.9159090909090909 4 0
Communication round: 13, Smart Eavesdropper Accuracy: 0.9227272727272727 4 0
Communication round: 14, Smart Eavesdropper Accuracy: 0.9272727272727272 4 0
Communication round: 15, Smart Eavesdropper Accuracy: 0.9204545454545454 5 1
Communication round: 16, Smart Eavesdropper Accuracy: 0.9454545454545454 6 1
Communication round: 17, Smart Eavesdropper Accuracy: 0.9545454545454546 6 0
Communication round: 18, Smart Eavesdropper Accuracy: 0.9454545454545454 7 1
Communication round: 19, Smart Eavesdropper Accuracy: 0.9568181818181818 8 1
Communication round: 20, Aggregated Accuracies: 0.07154761904761904 9
Communication round: 20, Smart Eavesdropper Accuracy: 0.9454545454545454 9 1
Communication round: 21, Smart Eavesdropper Accuracy: 0.9363636363636364 10 1
Communication round: 22, Smart Eavesdropper Accuracy: 0.9545454545454546 11 1
Communication round: 23, Smart Eavesdropper Accuracy: 0.9522727272727273 12 1
Communication round: 24, Smart Eavesdropper Accuracy: 0.9477272727272728 12 0
Communication round: 25, Smart Eavesdropper Accuracy: 0.9704545454545455 12 0
Communication round: 26, Smart Eavesdropper Accuracy: 0.9477272727272728 12 0
Communication round: 27, Smart Eavesdropper Accuracy: 0.9454545454545454 13 1
Communication round: 28, Smart Eavesdropper Accuracy: 0.9431818181818182 14 1
Communication round: 29, Smart Eavesdropper Accuracy: 0.9545454545454546 15 1
Communication round: 30, Eavesdropper Accuracy: 0.05227272727272727 16 1
Communication round: 31, Eavesdropper Accuracy: 0.04772727272727273 17 1
Communication round: 32, Aggregated Accuracies: 0.10273809523809523 18
Communication round: 32, Eavesdropper Accuracy: 0.07272727272727272 18 1
Communication round: 33, Eavesdropper Accuracy: 0.07272727272727272 18 0
Communication round: 34, Eavesdropper Accuracy: 0.06818181818181818 18 0
Communication round: 35, Smart Eavesdropper Accuracy: 0.35909090909090907 18 0
Communication round: 36, Smart Eavesdropper Accuracy: 0.6363636363636364 18 0
Communication round: 37, Smart Eavesdropper Accuracy: 0.7818181818181819 18 0
Communication round: 38, Smart Eavesdropper Accuracy: 0.8363636363636363 19 1
Communication round: 39, Smart Eavesdropper Accuracy: 0.8590909090909091 20 1
Communication round: 40, Smart Eavesdropper Accuracy: 0.8909090909090909 20 0
Communication round: 41, Smart Eavesdropper Accuracy: 0.9022727272727272 20 0
Communication round: 42, Smart Eavesdropper Accuracy: 0.9068181818181819 20 0
Communication round: 43, Smart Eavesdropper Accuracy: 0.9090909090909091 21 1
Communication round: 44, Smart Eavesdropper Accuracy: 0.9090909090909091 22 1
Communication round: 45, Smart Eavesdropper Accuracy: 0.9227272727272727 23 1
Communication round: 46, Eavesdropper Accuracy: 0.08863636363636364 24 1
Communication round: 47, Eavesdropper Accuracy: 0.0659090909090909 25 1
Communication round: 48, Eavesdropper Accuracy: 0.07954545454545454 25 0
Communication round: 49, Smart Eavesdropper Accuracy: 0.41818181818181815 25 0
Communication round: 50, Aggregated Accuracies: 0.13583333333333328 26
Communication round: 50, Eavesdropper Accuracy: 0.12272727272727273 26 1
Communication round: 51, Smart Eavesdropper Accuracy: 0.36363636363636365 26 0
Communication round: 52, Smart Eavesdropper Accuracy: 0.6409090909090909 26 0
Communication round: 53, Smart Eavesdropper Accuracy: 0.7727272727272727 26 0
Communication round: 54, Smart Eavesdropper Accuracy: 0.85 26 0
Communication round: 55, Smart Eavesdropper Accuracy: 0.8568181818181818 26 0
Communication round: 56, Smart Eavesdropper Accuracy: 0.865909090909091 26 0
Communication round: 57, Smart Eavesdropper Accuracy: 0.8727272727272727 26 0
Communication round: 58, Smart Eavesdropper Accuracy: 0.9068181818181819 27 1
Communication round: 59, Smart Eavesdropper Accuracy: 0.9045454545454545 27 0
Communication round: 60, Aggregated Accuracies: 0.18499999999999997 28
Communication round: 60, Smart Eavesdropper Accuracy: 0.925 28 1
Communication round: 61, Aggregated Accuracies: 0.22499999999999998 29
Communication round: 61, Smart Eavesdropper Accuracy: 0.9204545454545454 29 1
Communication round: 62, Aggregated Accuracies: 0.28357142857142864 30
Communication round: 62, Smart Eavesdropper Accuracy: 0.925 30 1
Communication round: 63, Aggregated Accuracies: 0.33726190476190476 31
Communication round: 63, Smart Eavesdropper Accuracy: 0.9181818181818182 31 1
Communication round: 64, Aggregated Accuracies: 0.40333333333333327 32
Communication round: 64, Smart Eavesdropper Accuracy: 0.9431818181818182 32 1
Communication round: 65, Aggregated Accuracies: 0.4559523809523811 33
Communication round: 65, Smart Eavesdropper Accuracy: 0.9522727272727273 33 1
Communication round: 66, Aggregated Accuracies: 0.4922619047619047 34
Communication round: 66, Eavesdropper Accuracy: 0.5068181818181818 34 1
Communication round: 67, Aggregated Accuracies: 0.5521428571428572 35
Communication round: 67, Eavesdropper Accuracy: 0.5613636363636364 35 1
Communication round: 68, Aggregated Accuracies: 0.5829761904761904 36
Communication round: 68, Eavesdropper Accuracy: 0.5613636363636364 36 1
Communication round: 69, Aggregated Accuracies: 0.6286904761904762 37
Communication round: 69, Eavesdropper Accuracy: 0.6886363636363636 37 1
Communication round: 70, Aggregated Accuracies: 0.649047619047619 38
Communication round: 70, Eavesdropper Accuracy: 0.6477272727272727 38 1
Communication round: 71, Eavesdropper Accuracy: 0.6886363636363636 38 0
Communication round: 72, Aggregated Accuracies: 0.6797619047619047 39
Communication round: 72, Eavesdropper Accuracy: 0.6818181818181818 39 1
Communication round: 73, Aggregated Accuracies: 0.7053571428571429 40
Communication round: 73, Eavesdropper Accuracy: 0.7363636363636363 40 1
Communication round: 74, Eavesdropper Accuracy: 0.7204545454545455 40 0
Communication round: 75, Eavesdropper Accuracy: 0.7068181818181818 40 0
Communication round: 76, Aggregated Accuracies: 0.7157142857142854 41
Communication round: 76, Eavesdropper Accuracy: 0.7318181818181818 41 1
Communication round: 77, Aggregated Accuracies: 0.7345238095238095 42
Communication round: 77, Eavesdropper Accuracy: 0.7545454545454545 42 1
Communication round: 78, Aggregated Accuracies: 0.7502380952380951 43
Communication round: 78, Eavesdropper Accuracy: 0.7659090909090909 43 1
Communication round: 79, Aggregated Accuracies: 0.7646428571428575 44
Communication round: 79, Eavesdropper Accuracy: 0.7681818181818182 44 1
Communication round: 80, Aggregated Accuracies: 0.7792857142857145 45
Communication round: 80, Eavesdropper Accuracy: 0.8272727272727273 45 1
Communication round: 81, Aggregated Accuracies: 0.7882142857142859 46
Communication round: 81, Eavesdropper Accuracy: 0.8363636363636363 46 1
Communication round: 82, Aggregated Accuracies: 0.7920238095238095 47
Communication round: 82, Eavesdropper Accuracy: 0.8227272727272728 47 1
Communication round: 83, Aggregated Accuracies: 0.8047619047619048 48
Communication round: 83, Eavesdropper Accuracy: 0.8477272727272728 48 1
Communication round: 84, Eavesdropper Accuracy: 0.8068181818181818 48 0
Communication round: 85, Aggregated Accuracies: 0.8194047619047619 49
Communication round: 85, Eavesdropper Accuracy: 0.8522727272727273 49 1
Communication round: 86, Aggregated Accuracies: 0.8264285714285711 50
Communication round: 86, Eavesdropper Accuracy: 0.85 50 1
Communication round: 87, Aggregated Accuracies: 0.8313095238095239 51
Communication round: 87, Eavesdropper Accuracy: 0.8613636363636363 51 1
Communication round: 88, Aggregated Accuracies: 0.8389285714285714 52
Communication round: 88, Eavesdropper Accuracy: 0.8681818181818182 52 1
Communication round: 89, Eavesdropper Accuracy: 0.8772727272727273 52 0
Communication round: 90, Eavesdropper Accuracy: 0.8772727272727273 52 0
Communication round: 91, Eavesdropper Accuracy: 0.8772727272727273 52 0
Communication round: 92, Aggregated Accuracies: 0.8447619047619048 53
Communication round: 92, Eavesdropper Accuracy: 0.8886363636363637 53 1
Communication round: 93, Eavesdropper Accuracy: 0.875 53 0
Communication round: 94, Eavesdropper Accuracy: 0.8636363636363636 53 0
Communication round: 95, Eavesdropper Accuracy: 0.884090909090909 53 0
Communication round: 96, Eavesdropper Accuracy: 0.8772727272727273 53 0
Communication round: 97, Eavesdropper Accuracy: 0.8795454545454545 53 0
Communication round: 98, Eavesdropper Accuracy: 0.8818181818181818 53 0
Communication round: 99, Eavesdropper Accuracy: 0.8636363636363636 53 0
----------------------------------------------------------------------------------------------------
