----------------------------------------------------------------------------------------------------
P0_True_
----------------------------------------------------------------------------------------------------
Communication round: 0, Eavesdropper Accuracy: 0.10681818181818181 1 1
Communication round: 1, Eavesdropper Accuracy: 0.1 2 1
Communication round: 2, Eavesdropper Accuracy: 0.09545454545454546 3 1
Communication round: 3, Eavesdropper Accuracy: 0.10909090909090909 4 1
Communication round: 4, Eavesdropper Accuracy: 0.08409090909090909 5 1
Communication round: 5, Aggregated Accuracies: 0.12250000000000005 6
Communication round: 5, Eavesdropper Accuracy: 0.17727272727272728 6 1
Communication round: 6, Eavesdropper Accuracy: 0.17045454545454544 7 1
Communication round: 7, Eavesdropper Accuracy: 0.15 8 1
Communication round: 8, Eavesdropper Accuracy: 0.1590909090909091 9 1
Communication round: 9, Eavesdropper Accuracy: 0.17954545454545454 10 1
Communication round: 10, Eavesdropper Accuracy: 0.17727272727272728 11 1
Communication round: 11, Eavesdropper Accuracy: 0.15681818181818183 12 1
Communication round: 12, Eavesdropper Accuracy: 0.18409090909090908 13 1
Communication round: 13, Eavesdropper Accuracy: 0.16136363636363638 14 1
Communication round: 14, Eavesdropper Accuracy: 0.1318181818181818 15 1
Communication round: 15, Eavesdropper Accuracy: 0.15681818181818183 16 1
Communication round: 16, Aggregated Accuracies: 0.16083333333333333 17
Communication round: 16, Eavesdropper Accuracy: 0.22272727272727272 17 1
Communication round: 17, Eavesdropper Accuracy: 0.225 18 1
Communication round: 18, Aggregated Accuracies: 0.198452380952381 19
Communication round: 18, Eavesdropper Accuracy: 0.25681818181818183 19 1
Communication round: 19, Eavesdropper Accuracy: 0.325 20 1
Communication round: 20, Eavesdropper Accuracy: 0.29772727272727273 21 1
Communication round: 21, Eavesdropper Accuracy: 0.3477272727272727 22 1
Communication round: 22, Eavesdropper Accuracy: 0.30454545454545456 23 1
Communication round: 23, Aggregated Accuracies: 0.32607142857142835 24
Communication round: 23, Eavesdropper Accuracy: 0.5386363636363637 24 1
Communication round: 24, Aggregated Accuracies: 0.39880952380952367 25
Communication round: 24, Eavesdropper Accuracy: 0.6954545454545454 25 1
Communication round: 25, Aggregated Accuracies: 0.47238095238095246 26
Communication round: 25, Eavesdropper Accuracy: 0.7772727272727272 26 1
Communication round: 26, Eavesdropper Accuracy: 0.740909090909091 27 1
Communication round: 27, Aggregated Accuracies: 0.5129761904761904 28
Communication round: 27, Eavesdropper Accuracy: 0.7954545454545454 28 1
Communication round: 28, Aggregated Accuracies: 0.5954761904761906 29
Communication round: 28, Eavesdropper Accuracy: 0.8454545454545455 29 1
Communication round: 29, Aggregated Accuracies: 0.6388095238095242 30
Communication round: 29, Eavesdropper Accuracy: 0.8272727272727273 30 1
Communication round: 30, Aggregated Accuracies: 0.6691666666666667 31
Communication round: 30, Eavesdropper Accuracy: 0.8636363636363636 31 1
Communication round: 31, Aggregated Accuracies: 0.6651190476190476 32
Communication round: 31, Eavesdropper Accuracy: 0.7454545454545455 32 1
Communication round: 32, Aggregated Accuracies: 0.6805952380952381 33
Communication round: 32, Eavesdropper Accuracy: 0.7886363636363637 33 1
Communication round: 33, Aggregated Accuracies: 0.7302380952380949 34
Communication round: 33, Eavesdropper Accuracy: 0.8340909090909091 34 1
Communication round: 34, Aggregated Accuracies: 0.7674999999999997 35
Communication round: 34, Eavesdropper Accuracy: 0.85 35 1
Communication round: 35, Aggregated Accuracies: 0.7572619047619047 36
Communication round: 35, Eavesdropper Accuracy: 0.8568181818181818 36 1
Communication round: 36, Aggregated Accuracies: 0.7817857142857144 37
Communication round: 36, Eavesdropper Accuracy: 0.8704545454545455 37 1
Communication round: 37, Aggregated Accuracies: 0.8078571428571434 38
Communication round: 37, Eavesdropper Accuracy: 0.9113636363636364 38 1
Communication round: 38, Aggregated Accuracies: 0.8294047619047619 39
Communication round: 38, Eavesdropper Accuracy: 0.9113636363636364 39 1
Communication round: 39, Aggregated Accuracies: 0.8179761904761901 40
Communication round: 39, Eavesdropper Accuracy: 0.9431818181818182 40 1
Communication round: 40, Aggregated Accuracies: 0.8259523809523812 41
Communication round: 40, Eavesdropper Accuracy: 0.9227272727272727 41 1
Communication round: 41, Aggregated Accuracies: 0.8333333333333335 42
Communication round: 41, Eavesdropper Accuracy: 0.9477272727272728 42 1
Communication round: 42, Aggregated Accuracies: 0.8327380952380955 43
Communication round: 42, Eavesdropper Accuracy: 0.9318181818181818 43 1
Communication round: 43, Aggregated Accuracies: 0.830595238095238 44
Communication round: 43, Eavesdropper Accuracy: 0.9136363636363637 44 1
Communication round: 44, Aggregated Accuracies: 0.8376190476190476 45
Communication round: 44, Eavesdropper Accuracy: 0.9181818181818182 45 1
Communication round: 45, Aggregated Accuracies: 0.8545238095238098 46
Communication round: 45, Eavesdropper Accuracy: 0.925 46 1
Communication round: 46, Aggregated Accuracies: 0.8565476190476191 47
Communication round: 46, Eavesdropper Accuracy: 0.9477272727272728 47 1
Communication round: 47, Aggregated Accuracies: 0.8698809523809521 48
Communication round: 47, Eavesdropper Accuracy: 0.9159090909090909 48 1
Communication round: 48, Aggregated Accuracies: 0.865952380952381 49
Communication round: 48, Eavesdropper Accuracy: 0.9318181818181818 49 1
Communication round: 49, Aggregated Accuracies: 0.8804761904761902 50
Communication round: 49, Eavesdropper Accuracy: 0.9545454545454546 50 1
Communication round: 50, Aggregated Accuracies: 0.8732142857142858 51
Communication round: 50, Eavesdropper Accuracy: 0.9545454545454546 51 1
Communication round: 51, Eavesdropper Accuracy: 0.9409090909090909 51 0
Communication round: 52, Eavesdropper Accuracy: 0.9477272727272728 51 0
Communication round: 53, Eavesdropper Accuracy: 0.9454545454545454 51 0
Communication round: 54, Eavesdropper Accuracy: 0.9454545454545454 51 0
Communication round: 55, Eavesdropper Accuracy: 0.9272727272727272 51 0
Communication round: 56, Eavesdropper Accuracy: 0.925 51 0
Communication round: 57, Eavesdropper Accuracy: 0.9340909090909091 51 0
Communication round: 58, Eavesdropper Accuracy: 0.9431818181818182 51 0
Communication round: 59, Eavesdropper Accuracy: 0.9568181818181818 51 0
Communication round: 60, Eavesdropper Accuracy: 0.9363636363636364 51 0
Communication round: 61, Eavesdropper Accuracy: 0.9386363636363636 51 0
Communication round: 62, Eavesdropper Accuracy: 0.9386363636363636 51 0
Communication round: 63, Eavesdropper Accuracy: 0.9431818181818182 51 0
Communication round: 64, Eavesdropper Accuracy: 0.9568181818181818 51 0
Communication round: 65, Eavesdropper Accuracy: 0.9318181818181818 51 0
Communication round: 66, Eavesdropper Accuracy: 0.9318181818181818 51 0
Communication round: 67, Eavesdropper Accuracy: 0.9454545454545454 51 0
Communication round: 68, Eavesdropper Accuracy: 0.95 51 0
Communication round: 69, Eavesdropper Accuracy: 0.9386363636363636 51 0
Communication round: 70, Eavesdropper Accuracy: 0.9363636363636364 51 0
Communication round: 71, Eavesdropper Accuracy: 0.9431818181818182 51 0
Communication round: 72, Eavesdropper Accuracy: 0.9409090909090909 51 0
Communication round: 73, Eavesdropper Accuracy: 0.9431818181818182 51 0
Communication round: 74, Eavesdropper Accuracy: 0.9318181818181818 51 0
Communication round: 75, Eavesdropper Accuracy: 0.9454545454545454 51 0
Communication round: 76, Eavesdropper Accuracy: 0.9659090909090909 51 0
Communication round: 77, Eavesdropper Accuracy: 0.9363636363636364 51 0
Communication round: 78, Eavesdropper Accuracy: 0.9568181818181818 51 0
Communication round: 79, Eavesdropper Accuracy: 0.9340909090909091 51 0
Communication round: 80, Eavesdropper Accuracy: 0.9636363636363636 51 0
Communication round: 81, Eavesdropper Accuracy: 0.95 51 0
Communication round: 82, Eavesdropper Accuracy: 0.9477272727272728 51 0
Communication round: 83, Eavesdropper Accuracy: 0.9477272727272728 51 0
Communication round: 84, Eavesdropper Accuracy: 0.9386363636363636 51 0
Communication round: 85, Eavesdropper Accuracy: 0.9409090909090909 51 0
Communication round: 86, Eavesdropper Accuracy: 0.9340909090909091 51 0
Communication round: 87, Eavesdropper Accuracy: 0.9454545454545454 51 0
Communication round: 88, Eavesdropper Accuracy: 0.9386363636363636 51 0
Communication round: 89, Eavesdropper Accuracy: 0.95 51 0
Communication round: 90, Eavesdropper Accuracy: 0.9204545454545454 51 0
Communication round: 91, Eavesdropper Accuracy: 0.9363636363636364 51 0
Communication round: 92, Eavesdropper Accuracy: 0.9477272727272728 51 0
Communication round: 93, Eavesdropper Accuracy: 0.9409090909090909 51 0
Communication round: 94, Eavesdropper Accuracy: 0.9409090909090909 51 0
Communication round: 95, Eavesdropper Accuracy: 0.9454545454545454 51 0
Communication round: 96, Eavesdropper Accuracy: 0.9454545454545454 51 0
Communication round: 97, Eavesdropper Accuracy: 0.95 51 0
Communication round: 98, Eavesdropper Accuracy: 0.9454545454545454 51 0
Communication round: 99, Eavesdropper Accuracy: 0.9431818181818182 51 0
----------------------------------------------------------------------------------------------------
----------------------------------------------------------------------------------------------------
P0_True_
----------------------------------------------------------------------------------------------------
Communication round: 0, Eavesdropper Accuracy: 0.12272727272727273 1 1
Communication round: 1, Eavesdropper Accuracy: 0.12272727272727273 2 1
Communication round: 2, Eavesdropper Accuracy: 0.12045454545454545 3 1
Communication round: 3, Eavesdropper Accuracy: 0.11136363636363636 4 1
Communication round: 4, Eavesdropper Accuracy: 0.1409090909090909 5 1
Communication round: 5, Eavesdropper Accuracy: 0.12954545454545455 6 1
Communication round: 6, Eavesdropper Accuracy: 0.1409090909090909 7 1
Communication round: 7, Eavesdropper Accuracy: 0.13636363636363635 8 1
Communication round: 8, Eavesdropper Accuracy: 0.1409090909090909 9 1
Communication round: 9, Eavesdropper Accuracy: 0.1340909090909091 10 1
Communication round: 10, Eavesdropper Accuracy: 0.12272727272727273 11 1
Communication round: 11, Eavesdropper Accuracy: 0.12272727272727273 12 1
Communication round: 12, Eavesdropper Accuracy: 0.1340909090909091 13 1
Communication round: 13, Eavesdropper Accuracy: 0.14545454545454545 14 1
Communication round: 14, Eavesdropper Accuracy: 0.10227272727272728 15 1
Communication round: 15, Eavesdropper Accuracy: 0.11363636363636363 16 1
Communication round: 16, Eavesdropper Accuracy: 0.09090909090909091 17 1
Communication round: 17, Eavesdropper Accuracy: 0.13636363636363635 18 1
Communication round: 18, Eavesdropper Accuracy: 0.15454545454545454 19 1
Communication round: 19, Eavesdropper Accuracy: 0.12727272727272726 20 1
Communication round: 20, Eavesdropper Accuracy: 0.1318181818181818 21 1
Communication round: 21, Eavesdropper Accuracy: 0.12045454545454545 22 1
Communication round: 22, Eavesdropper Accuracy: 0.11818181818181818 23 1
Communication round: 23, Eavesdropper Accuracy: 0.11363636363636363 24 1
Communication round: 24, Aggregated Accuracies: 0.135 25
Communication round: 24, Eavesdropper Accuracy: 0.2159090909090909 25 1
Communication round: 25, Eavesdropper Accuracy: 0.2159090909090909 26 1
Communication round: 26, Eavesdropper Accuracy: 0.2159090909090909 27 1
Communication round: 27, Eavesdropper Accuracy: 0.2409090909090909 28 1
Communication round: 28, Eavesdropper Accuracy: 0.22954545454545455 29 1
Communication round: 29, Eavesdropper Accuracy: 0.225 30 1
Communication round: 30, Eavesdropper Accuracy: 0.20227272727272727 31 1
Communication round: 31, Eavesdropper Accuracy: 0.19772727272727272 32 1
Communication round: 32, Eavesdropper Accuracy: 0.22727272727272727 33 1
Communication round: 33, Eavesdropper Accuracy: 0.2340909090909091 34 1
Communication round: 34, Aggregated Accuracies: 0.19821428571428565 35
Communication round: 34, Eavesdropper Accuracy: 0.30227272727272725 35 1
Communication round: 35, Aggregated Accuracies: 0.21071428571428577 36
Communication round: 35, Eavesdropper Accuracy: 0.32045454545454544 36 1
Communication round: 36, Aggregated Accuracies: 0.2564285714285715 37
Communication round: 36, Eavesdropper Accuracy: 0.3613636363636364 37 1
Communication round: 37, Aggregated Accuracies: 0.377857142857143 38
Communication round: 37, Eavesdropper Accuracy: 0.5522727272727272 38 1
Communication round: 38, Aggregated Accuracies: 0.5280952380952381 39
Communication round: 38, Eavesdropper Accuracy: 0.7227272727272728 39 1
Communication round: 39, Aggregated Accuracies: 0.5511904761904765 40
Communication round: 39, Eavesdropper Accuracy: 0.7545454545454545 40 1
Communication round: 40, Eavesdropper Accuracy: 0.7363636363636363 41 1
Communication round: 41, Eavesdropper Accuracy: 0.7477272727272727 42 1
Communication round: 42, Aggregated Accuracies: 0.6023809523809525 43
Communication round: 42, Eavesdropper Accuracy: 0.8068181818181818 43 1
Communication round: 43, Aggregated Accuracies: 0.6163095238095239 44
Communication round: 43, Eavesdropper Accuracy: 0.7477272727272727 44 1
Communication round: 44, Aggregated Accuracies: 0.6405952380952377 45
Communication round: 44, Eavesdropper Accuracy: 0.7772727272727272 45 1
Communication round: 45, Eavesdropper Accuracy: 0.8204545454545454 46 1
Communication round: 46, Eavesdropper Accuracy: 0.7818181818181819 47 1
Communication round: 47, Eavesdropper Accuracy: 0.8113636363636364 48 1
Communication round: 48, Eavesdropper Accuracy: 0.7886363636363637 49 1
Communication round: 49, Eavesdropper Accuracy: 0.7909090909090909 50 1
Communication round: 50, Eavesdropper Accuracy: 0.7931818181818182 51 1
Communication round: 51, Eavesdropper Accuracy: 0.8 52 1
Communication round: 52, Eavesdropper Accuracy: 0.7727272727272727 53 1
Communication round: 53, Eavesdropper Accuracy: 0.7954545454545454 54 1
Communication round: 54, Eavesdropper Accuracy: 0.7659090909090909 55 1
Communication round: 55, Eavesdropper Accuracy: 0.8159090909090909 56 1
Communication round: 56, Eavesdropper Accuracy: 0.8409090909090909 57 1
Communication round: 57, Eavesdropper Accuracy: 0.7636363636363637 58 1
Communication round: 58, Eavesdropper Accuracy: 0.7613636363636364 59 1
Communication round: 59, Eavesdropper Accuracy: 0.7795454545454545 60 1
Communication round: 60, Eavesdropper Accuracy: 0.7863636363636364 61 1
Communication round: 61, Eavesdropper Accuracy: 0.7931818181818182 62 1
Communication round: 62, Eavesdropper Accuracy: 0.7568181818181818 63 1
Communication round: 63, Eavesdropper Accuracy: 0.7704545454545455 64 1
Communication round: 64, Aggregated Accuracies: 0.6404761904761906 65
Communication round: 64, Eavesdropper Accuracy: 0.7931818181818182 65 1
Communication round: 65, Aggregated Accuracies: 0.6878571428571432 66
Communication round: 65, Eavesdropper Accuracy: 0.8386363636363636 66 1
Communication round: 66, Aggregated Accuracies: 0.6998809523809524 67
Communication round: 66, Eavesdropper Accuracy: 0.7954545454545454 67 1
Communication round: 67, Eavesdropper Accuracy: 0.8136363636363636 68 1
Communication round: 68, Eavesdropper Accuracy: 0.7840909090909091 69 1
Communication round: 69, Eavesdropper Accuracy: 0.8045454545454546 70 1
Communication round: 70, Eavesdropper Accuracy: 0.8363636363636363 71 1
Communication round: 71, Eavesdropper Accuracy: 0.8204545454545454 72 1
Communication round: 72, Eavesdropper Accuracy: 0.8409090909090909 73 1
Communication round: 73, Eavesdropper Accuracy: 0.8136363636363636 74 1
Communication round: 74, Eavesdropper Accuracy: 0.8181818181818182 75 1
Communication round: 75, Eavesdropper Accuracy: 0.8181818181818182 76 1
Communication round: 76, Eavesdropper Accuracy: 0.8227272727272728 77 1
Communication round: 77, Eavesdropper Accuracy: 0.8272727272727273 78 1
Communication round: 78, Eavesdropper Accuracy: 0.8477272727272728 79 1
Communication round: 79, Eavesdropper Accuracy: 0.8522727272727273 80 1
Communication round: 80, Eavesdropper Accuracy: 0.8409090909090909 81 1
Communication round: 81, Aggregated Accuracies: 0.7396428571428575 82
Communication round: 81, Eavesdropper Accuracy: 0.8522727272727273 82 1
Communication round: 82, Eavesdropper Accuracy: 0.8431818181818181 83 1
Communication round: 83, Eavesdropper Accuracy: 0.8431818181818181 84 1
Communication round: 84, Eavesdropper Accuracy: 0.85 85 1
Communication round: 85, Eavesdropper Accuracy: 0.8045454545454546 86 1
Communication round: 86, Eavesdropper Accuracy: 0.8454545454545455 87 1
Communication round: 87, Eavesdropper Accuracy: 0.8386363636363636 88 1
Communication round: 88, Eavesdropper Accuracy: 0.8204545454545454 89 1
Communication round: 89, Aggregated Accuracies: 0.7272619047619048 90
Communication round: 89, Eavesdropper Accuracy: 0.8522727272727273 90 1
Communication round: 90, Eavesdropper Accuracy: 0.8454545454545455 91 1
Communication round: 91, Eavesdropper Accuracy: 0.8704545454545455 92 1
Communication round: 92, Aggregated Accuracies: 0.755952380952381 93
Communication round: 92, Eavesdropper Accuracy: 0.8045454545454546 93 1
Communication round: 93, Eavesdropper Accuracy: 0.8159090909090909 94 1
Communication round: 94, Eavesdropper Accuracy: 0.8363636363636363 95 1
Communication round: 95, Eavesdropper Accuracy: 0.825 96 1
Communication round: 96, Eavesdropper Accuracy: 0.8159090909090909 97 1
Communication round: 97, Eavesdropper Accuracy: 0.825 98 1
Communication round: 98, Eavesdropper Accuracy: 0.8090909090909091 99 1
Communication round: 99, Aggregated Accuracies: 0.7916666666666667 100
Communication round: 99, Eavesdropper Accuracy: 0.9068181818181819 100 1
----------------------------------------------------------------------------------------------------
----------------------------------------------------------------------------------------------------
P0_True_
----------------------------------------------------------------------------------------------------
Communication round: 0, Eavesdropper Accuracy: 0.0659090909090909 1 1
Communication round: 1, Eavesdropper Accuracy: 0.03636363636363636 2 1
Communication round: 2, Aggregated Accuracies: 0.15345238095238087 3
Communication round: 2, Eavesdropper Accuracy: 0.27954545454545454 3 1
Communication round: 3, Aggregated Accuracies: 0.14285714285714285 4
Communication round: 3, Eavesdropper Accuracy: 0.14772727272727273 4 1
Communication round: 4, Eavesdropper Accuracy: 0.15454545454545454 5 1
Communication round: 5, Aggregated Accuracies: 0.23738095238095241 6
Communication round: 5, Eavesdropper Accuracy: 0.4 6 1
Communication round: 6, Aggregated Accuracies: 0.3394047619047617 7
Communication round: 6, Eavesdropper Accuracy: 0.5204545454545455 7 1
Communication round: 7, Aggregated Accuracies: 0.49559523809523803 8
Communication round: 7, Eavesdropper Accuracy: 0.7204545454545455 8 1
Communication round: 8, Aggregated Accuracies: 0.5216666666666668 9
Communication round: 8, Eavesdropper Accuracy: 0.7977272727272727 9 1
Communication round: 9, Aggregated Accuracies: 0.6261904761904763 10
Communication round: 9, Eavesdropper Accuracy: 0.8159090909090909 10 1
Communication round: 10, Aggregated Accuracies: 0.6495238095238097 11
Communication round: 10, Eavesdropper Accuracy: 0.8295454545454546 11 1
Communication round: 11, Aggregated Accuracies: 0.6934523809523807 12
Communication round: 11, Eavesdropper Accuracy: 0.8636363636363636 12 1
Communication round: 12, Eavesdropper Accuracy: 0.8772727272727273 13 1
Communication round: 13, Aggregated Accuracies: 0.7079761904761906 14
Communication round: 13, Eavesdropper Accuracy: 0.8590909090909091 14 1
Communication round: 14, Eavesdropper Accuracy: 0.8477272727272728 15 1
Communication round: 15, Eavesdropper Accuracy: 0.865909090909091 16 1
Communication round: 16, Eavesdropper Accuracy: 0.8704545454545455 17 1
Communication round: 17, Eavesdropper Accuracy: 0.884090909090909 18 1
Communication round: 18, Aggregated Accuracies: 0.7279761904761906 19
Communication round: 18, Eavesdropper Accuracy: 0.884090909090909 19 1
Communication round: 19, Eavesdropper Accuracy: 0.9045454545454545 20 1
Communication round: 20, Eavesdropper Accuracy: 0.8863636363636364 21 1
Communication round: 21, Eavesdropper Accuracy: 0.8545454545454545 22 1
Communication round: 22, Eavesdropper Accuracy: 0.8681818181818182 23 1
Communication round: 23, Eavesdropper Accuracy: 0.8931818181818182 24 1
Communication round: 24, Aggregated Accuracies: 0.7496428571428574 25
Communication round: 24, Eavesdropper Accuracy: 0.865909090909091 25 1
Communication round: 25, Aggregated Accuracies: 0.7607142857142856 26
Communication round: 25, Eavesdropper Accuracy: 0.8795454545454545 26 1
Communication round: 26, Aggregated Accuracies: 0.7447619047619051 27
Communication round: 26, Eavesdropper Accuracy: 0.8431818181818181 27 1
Communication round: 27, Eavesdropper Accuracy: 0.8340909090909091 28 1
Communication round: 28, Eavesdropper Accuracy: 0.7954545454545454 29 1
Communication round: 29, Eavesdropper Accuracy: 0.8431818181818181 30 1
Communication round: 30, Eavesdropper Accuracy: 0.8568181818181818 31 1
Communication round: 31, Aggregated Accuracies: 0.7645238095238098 32
Communication round: 31, Eavesdropper Accuracy: 0.8409090909090909 32 1
Communication round: 32, Aggregated Accuracies: 0.7795238095238094 33
Communication round: 32, Eavesdropper Accuracy: 0.8636363636363636 33 1
Communication round: 33, Aggregated Accuracies: 0.8088095238095241 34
Communication round: 33, Eavesdropper Accuracy: 0.8863636363636364 34 1
Communication round: 34, Aggregated Accuracies: 0.8191666666666667 35
Communication round: 34, Eavesdropper Accuracy: 0.8886363636363637 35 1
Communication round: 35, Aggregated Accuracies: 0.7982142857142864 36
Communication round: 35, Eavesdropper Accuracy: 0.9113636363636364 36 1
Communication round: 36, Aggregated Accuracies: 0.8315476190476191 37
Communication round: 36, Eavesdropper Accuracy: 0.8977272727272727 37 1
Communication round: 37, Aggregated Accuracies: 0.8501190476190479 38
Communication round: 37, Eavesdropper Accuracy: 0.9181818181818182 38 1
Communication round: 38, Aggregated Accuracies: 0.8478571428571431 39
Communication round: 38, Eavesdropper Accuracy: 0.9136363636363637 39 1
Communication round: 39, Eavesdropper Accuracy: 0.9318181818181818 40 1
Communication round: 40, Aggregated Accuracies: 0.8552380952380954 41
Communication round: 40, Eavesdropper Accuracy: 0.9181818181818182 41 1
Communication round: 41, Aggregated Accuracies: 0.8619047619047621 42
Communication round: 41, Eavesdropper Accuracy: 0.9272727272727272 42 1
Communication round: 42, Aggregated Accuracies: 0.8685714285714283 43
Communication round: 42, Eavesdropper Accuracy: 0.9045454545454545 43 1
Communication round: 43, Eavesdropper Accuracy: 0.9159090909090909 44 1
Communication round: 44, Aggregated Accuracies: 0.8567857142857145 45
Communication round: 44, Eavesdropper Accuracy: 0.925 45 1
Communication round: 45, Aggregated Accuracies: 0.8614285714285708 46
Communication round: 45, Eavesdropper Accuracy: 0.9409090909090909 46 1
Communication round: 46, Aggregated Accuracies: 0.8757142857142856 47
Communication round: 46, Eavesdropper Accuracy: 0.9409090909090909 47 1
Communication round: 47, Aggregated Accuracies: 0.8811904761904762 48
Communication round: 47, Eavesdropper Accuracy: 0.9272727272727272 48 1
Communication round: 48, Aggregated Accuracies: 0.8757142857142859 49
Communication round: 48, Eavesdropper Accuracy: 0.9545454545454546 49 1
Communication round: 49, Eavesdropper Accuracy: 0.9363636363636364 49 0
Communication round: 50, Eavesdropper Accuracy: 0.9431818181818182 49 0
Communication round: 51, Eavesdropper Accuracy: 0.9409090909090909 49 0
Communication round: 52, Eavesdropper Accuracy: 0.9431818181818182 49 0
Communication round: 53, Eavesdropper Accuracy: 0.9318181818181818 49 0
Communication round: 54, Eavesdropper Accuracy: 0.9272727272727272 49 0
Communication round: 55, Eavesdropper Accuracy: 0.925 49 0
Communication round: 56, Eavesdropper Accuracy: 0.9431818181818182 49 0
Communication round: 57, Eavesdropper Accuracy: 0.9363636363636364 49 0
Communication round: 58, Eavesdropper Accuracy: 0.9409090909090909 49 0
Communication round: 59, Eavesdropper Accuracy: 0.9431818181818182 49 0
Communication round: 60, Eavesdropper Accuracy: 0.9431818181818182 49 0
Communication round: 61, Eavesdropper Accuracy: 0.9295454545454546 49 0
Communication round: 62, Eavesdropper Accuracy: 0.9340909090909091 49 0
Communication round: 63, Eavesdropper Accuracy: 0.9386363636363636 49 0
Communication round: 64, Eavesdropper Accuracy: 0.925 49 0
Communication round: 65, Eavesdropper Accuracy: 0.9386363636363636 49 0
Communication round: 66, Eavesdropper Accuracy: 0.9477272727272728 49 0
Communication round: 67, Eavesdropper Accuracy: 0.9454545454545454 49 0
Communication round: 68, Eavesdropper Accuracy: 0.9272727272727272 49 0
Communication round: 69, Eavesdropper Accuracy: 0.9522727272727273 49 0
Communication round: 70, Eavesdropper Accuracy: 0.9477272727272728 49 0
Communication round: 71, Eavesdropper Accuracy: 0.9318181818181818 49 0
Communication round: 72, Eavesdropper Accuracy: 0.9272727272727272 49 0
Communication round: 73, Eavesdropper Accuracy: 0.9431818181818182 49 0
Communication round: 74, Eavesdropper Accuracy: 0.9340909090909091 49 0
Communication round: 75, Eavesdropper Accuracy: 0.9431818181818182 49 0
Communication round: 76, Eavesdropper Accuracy: 0.9409090909090909 49 0
Communication round: 77, Eavesdropper Accuracy: 0.9340909090909091 49 0
Communication round: 78, Eavesdropper Accuracy: 0.9454545454545454 49 0
Communication round: 79, Eavesdropper Accuracy: 0.9340909090909091 49 0
Communication round: 80, Eavesdropper Accuracy: 0.9454545454545454 49 0
Communication round: 81, Eavesdropper Accuracy: 0.925 49 0
Communication round: 82, Eavesdropper Accuracy: 0.9568181818181818 49 0
Communication round: 83, Eavesdropper Accuracy: 0.925 49 0
Communication round: 84, Eavesdropper Accuracy: 0.9545454545454546 49 0
Communication round: 85, Eavesdropper Accuracy: 0.9295454545454546 49 0
Communication round: 86, Eavesdropper Accuracy: 0.9454545454545454 49 0
Communication round: 87, Eavesdropper Accuracy: 0.9340909090909091 49 0
Communication round: 88, Eavesdropper Accuracy: 0.9272727272727272 49 0
Communication round: 89, Eavesdropper Accuracy: 0.9204545454545454 49 0
Communication round: 90, Eavesdropper Accuracy: 0.9409090909090909 49 0
Communication round: 91, Eavesdropper Accuracy: 0.9181818181818182 49 0
Communication round: 92, Eavesdropper Accuracy: 0.9568181818181818 49 0
Communication round: 93, Eavesdropper Accuracy: 0.9340909090909091 49 0
Communication round: 94, Eavesdropper Accuracy: 0.9431818181818182 49 0
Communication round: 95, Eavesdropper Accuracy: 0.9363636363636364 49 0
Communication round: 96, Eavesdropper Accuracy: 0.9318181818181818 49 0
Communication round: 97, Smart Eavesdropper Accuracy: 0.9386363636363636 49 0
Communication round: 98, Smart Eavesdropper Accuracy: 0.9454545454545454 49 0
Communication round: 99, Smart Eavesdropper Accuracy: 0.9272727272727272 49 0
----------------------------------------------------------------------------------------------------
