----------------------------------------------------------------------------------------------------
P0_False_
----------------------------------------------------------------------------------------------------
Communication round: 0, Eavesdropper Accuracy: 0.08863636363636364 1 1
Communication round: 1, Eavesdropper Accuracy: 0.07272727272727272 2 1
Communication round: 2, Eavesdropper Accuracy: 0.08636363636363636 2 0
Communication round: 3, Eavesdropper Accuracy: 0.10227272727272728 3 1
Communication round: 4, Eavesdropper Accuracy: 0.08636363636363636 4 1
Communication round: 5, Eavesdropper Accuracy: 0.07954545454545454 4 0
Communication round: 6, Eavesdropper Accuracy: 0.08863636363636364 4 0
Communication round: 7, Aggregated Accuracies: 0.13761904761904764 5
Communication round: 7, Eavesdropper Accuracy: 0.14545454545454545 5 1
Communication round: 8, Aggregated Accuracies: 0.19654761904761908 6
Communication round: 8, Eavesdropper Accuracy: 0.19545454545454546 6 1
Communication round: 9, Aggregated Accuracies: 0.23547619047619053 7
Communication round: 9, Eavesdropper Accuracy: 0.2318181818181818 7 1
Communication round: 10, Eavesdropper Accuracy: 0.2340909090909091 7 0
Communication round: 11, Eavesdropper Accuracy: 0.2409090909090909 7 0
Communication round: 12, Eavesdropper Accuracy: 0.2590909090909091 7 0
Communication round: 13, Eavesdropper Accuracy: 0.2590909090909091 8 1
Communication round: 14, Eavesdropper Accuracy: 0.2340909090909091 8 0
Communication round: 15, Smart Eavesdropper Accuracy: 0.2636363636363636 8 0
Communication round: 16, Smart Eavesdropper Accuracy: 0.20681818181818182 8 0
Communication round: 17, Smart Eavesdropper Accuracy: 0.2431818181818182 9 1
Communication round: 18, Smart Eavesdropper Accuracy: 0.275 9 0
Communication round: 19, Smart Eavesdropper Accuracy: 0.25 10 1
Communication round: 20, Smart Eavesdropper Accuracy: 0.27045454545454545 10 0
Communication round: 21, Smart Eavesdropper Accuracy: 0.2681818181818182 11 1
Communication round: 22, Smart Eavesdropper Accuracy: 0.275 11 0
Communication round: 23, Smart Eavesdropper Accuracy: 0.28863636363636364 11 0
Communication round: 24, Smart Eavesdropper Accuracy: 0.3431818181818182 11 0
Communication round: 25, Smart Eavesdropper Accuracy: 0.32727272727272727 11 0
Communication round: 26, Smart Eavesdropper Accuracy: 0.34545454545454546 11 0
Communication round: 27, Smart Eavesdropper Accuracy: 0.36818181818181817 11 0
Communication round: 28, Smart Eavesdropper Accuracy: 0.3159090909090909 11 0
Communication round: 29, Smart Eavesdropper Accuracy: 0.3477272727272727 11 0
Communication round: 30, Smart Eavesdropper Accuracy: 0.35909090909090907 12 1
Communication round: 31, Smart Eavesdropper Accuracy: 0.37727272727272726 12 0
Communication round: 32, Smart Eavesdropper Accuracy: 0.35909090909090907 13 1
Communication round: 33, Aggregated Accuracies: 0.26714285714285707 14
Communication round: 33, Smart Eavesdropper Accuracy: 0.3977272727272727 14 1
Communication round: 34, Smart Eavesdropper Accuracy: 0.39545454545454545 14 0
Communication round: 35, Smart Eavesdropper Accuracy: 0.37272727272727274 14 0
Communication round: 36, Smart Eavesdropper Accuracy: 0.3886363636363636 14 0
Communication round: 37, Aggregated Accuracies: 0.3098809523809524 15
Communication round: 37, Smart Eavesdropper Accuracy: 0.36818181818181817 15 1
Communication round: 38, Smart Eavesdropper Accuracy: 0.39090909090909093 15 0
Communication round: 39, Smart Eavesdropper Accuracy: 0.3931818181818182 15 0
Communication round: 40, Smart Eavesdropper Accuracy: 0.4113636363636364 15 0
Communication round: 41, Aggregated Accuracies: 0.33904761904761915 16
Communication round: 41, Smart Eavesdropper Accuracy: 0.42272727272727273 16 1
Communication round: 42, Aggregated Accuracies: 0.3641666666666669 17
Communication round: 42, Smart Eavesdropper Accuracy: 0.3613636363636364 17 1
Communication round: 43, Aggregated Accuracies: 0.38880952380952405 18
Communication round: 43, Smart Eavesdropper Accuracy: 0.4159090909090909 18 1
Communication round: 44, Smart Eavesdropper Accuracy: 0.4068181818181818 18 0
Communication round: 45, Aggregated Accuracies: 0.402857142857143 19
Communication round: 45, Smart Eavesdropper Accuracy: 0.4090909090909091 19 1
Communication round: 46, Aggregated Accuracies: 0.4323809523809524 20
Communication round: 46, Smart Eavesdropper Accuracy: 0.42954545454545456 20 1
Communication round: 47, Smart Eavesdropper Accuracy: 0.3931818181818182 20 0
Communication round: 48, Smart Eavesdropper Accuracy: 0.41818181818181815 20 0
Communication round: 49, Aggregated Accuracies: 0.4496428571428572 21
Communication round: 49, Smart Eavesdropper Accuracy: 0.4 21 1
Communication round: 50, Smart Eavesdropper Accuracy: 0.40454545454545454 22 1
Communication round: 51, Smart Eavesdropper Accuracy: 0.42954545454545456 22 0
Communication round: 52, Smart Eavesdropper Accuracy: 0.4318181818181818 23 1
Communication round: 53, Smart Eavesdropper Accuracy: 0.4431818181818182 23 0
Communication round: 54, Aggregated Accuracies: 0.45726190476190476 24
Communication round: 54, Smart Eavesdropper Accuracy: 0.42272727272727273 24 1
Communication round: 55, Aggregated Accuracies: 0.4652380952380951 25
Communication round: 55, Smart Eavesdropper Accuracy: 0.4090909090909091 25 1
Communication round: 56, Aggregated Accuracies: 0.4847619047619047 26
Communication round: 56, Smart Eavesdropper Accuracy: 0.43863636363636366 26 1
Communication round: 57, Aggregated Accuracies: 0.5090476190476189 27
Communication round: 57, Smart Eavesdropper Accuracy: 0.43863636363636366 27 1
Communication round: 58, Aggregated Accuracies: 0.5260714285714285 28
Communication round: 58, Smart Eavesdropper Accuracy: 0.4068181818181818 28 1
Communication round: 59, Aggregated Accuracies: 0.55 29
Communication round: 59, Smart Eavesdropper Accuracy: 0.42272727272727273 29 1
Communication round: 60, Smart Eavesdropper Accuracy: 0.4 29 0
Communication round: 61, Smart Eavesdropper Accuracy: 0.45 29 0
Communication round: 62, Aggregated Accuracies: 0.5753571428571428 30
Communication round: 62, Smart Eavesdropper Accuracy: 0.4 30 1
Communication round: 63, Smart Eavesdropper Accuracy: 0.42954545454545456 30 0
Communication round: 64, Smart Eavesdropper Accuracy: 0.41818181818181815 30 0
Communication round: 65, Aggregated Accuracies: 0.6020238095238095 31
Communication round: 65, Smart Eavesdropper Accuracy: 0.4159090909090909 31 1
Communication round: 66, Smart Eavesdropper Accuracy: 0.4431818181818182 31 0
Communication round: 67, Aggregated Accuracies: 0.6160714285714286 32
Communication round: 67, Smart Eavesdropper Accuracy: 0.41818181818181815 32 1
Communication round: 68, Smart Eavesdropper Accuracy: 0.45681818181818185 32 0
Communication round: 69, Smart Eavesdropper Accuracy: 0.44545454545454544 32 0
Communication round: 70, Aggregated Accuracies: 0.6358333333333335 33
Communication round: 70, Smart Eavesdropper Accuracy: 0.45 33 1
Communication round: 71, Aggregated Accuracies: 0.6582142857142858 34
Communication round: 71, Smart Eavesdropper Accuracy: 0.4681818181818182 34 1
Communication round: 72, Smart Eavesdropper Accuracy: 0.45454545454545453 34 0
Communication round: 73, Smart Eavesdropper Accuracy: 0.425 34 0
Communication round: 74, Smart Eavesdropper Accuracy: 0.42954545454545456 34 0
Communication round: 75, Aggregated Accuracies: 0.6697619047619048 35
Communication round: 75, Smart Eavesdropper Accuracy: 0.4068181818181818 35 1
Communication round: 76, Aggregated Accuracies: 0.6782142857142858 36
Communication round: 76, Smart Eavesdropper Accuracy: 0.4318181818181818 36 1
Communication round: 77, Aggregated Accuracies: 0.687142857142857 37
Communication round: 77, Smart Eavesdropper Accuracy: 0.4409090909090909 37 1
Communication round: 78, Smart Eavesdropper Accuracy: 0.4431818181818182 37 0
Communication round: 79, Smart Eavesdropper Accuracy: 0.48409090909090907 37 0
Communication round: 80, Smart Eavesdropper Accuracy: 0.4659090909090909 38 1
Communication round: 81, Smart Eavesdropper Accuracy: 0.4022727272727273 38 0
Communication round: 82, Smart Eavesdropper Accuracy: 0.4818181818181818 38 0
Communication round: 83, Smart Eavesdropper Accuracy: 0.4159090909090909 39 1
Communication round: 84, Smart Eavesdropper Accuracy: 0.47045454545454546 40 1
Communication round: 85, Smart Eavesdropper Accuracy: 0.45227272727272727 41 1
Communication round: 86, Smart Eavesdropper Accuracy: 0.43636363636363634 42 1
Communication round: 87, Smart Eavesdropper Accuracy: 0.4590909090909091 43 1
Communication round: 88, Smart Eavesdropper Accuracy: 0.4409090909090909 43 0
Communication round: 89, Smart Eavesdropper Accuracy: 0.4409090909090909 43 0
Communication round: 90, Smart Eavesdropper Accuracy: 0.45227272727272727 44 1
Communication round: 91, Aggregated Accuracies: 0.7017857142857141 45
Communication round: 91, Smart Eavesdropper Accuracy: 0.4409090909090909 45 1
Communication round: 92, Aggregated Accuracies: 0.705 46
Communication round: 92, Smart Eavesdropper Accuracy: 0.43863636363636366 46 1
Communication round: 93, Smart Eavesdropper Accuracy: 0.4431818181818182 47 1
Communication round: 94, Eavesdropper Accuracy: 0.75 48 1
Communication round: 95, Aggregated Accuracies: 0.7129761904761905 49
Communication round: 95, Eavesdropper Accuracy: 0.7318181818181818 49 1
Communication round: 96, Eavesdropper Accuracy: 0.725 50 1
Communication round: 97, Eavesdropper Accuracy: 0.7340909090909091 51 1
Communication round: 98, Aggregated Accuracies: 0.7208333333333335 52
Communication round: 98, Eavesdropper Accuracy: 0.7295454545454545 52 1
Communication round: 99, Eavesdropper Accuracy: 0.7090909090909091 53 1
Communication round: 100, Eavesdropper Accuracy: 0.7068181818181818 54 1
Communication round: 101, Eavesdropper Accuracy: 0.75 55 1
Communication round: 102, Eavesdropper Accuracy: 0.7159090909090909 56 1
Communication round: 103, Eavesdropper Accuracy: 0.7318181818181818 57 1
Communication round: 104, Aggregated Accuracies: 0.7354761904761904 58
Communication round: 104, Eavesdropper Accuracy: 0.725 58 1
Communication round: 105, Eavesdropper Accuracy: 0.7204545454545455 58 0
Communication round: 106, Eavesdropper Accuracy: 0.7454545454545455 58 0
Communication round: 107, Eavesdropper Accuracy: 0.7318181818181818 59 1
Communication round: 108, Aggregated Accuracies: 0.7429761904761906 60
Communication round: 108, Eavesdropper Accuracy: 0.725 60 1
Communication round: 109, Eavesdropper Accuracy: 0.7795454545454545 60 0
Communication round: 110, Aggregated Accuracies: 0.7515476190476191 61
Communication round: 110, Eavesdropper Accuracy: 0.7454545454545455 61 1
Communication round: 111, Eavesdropper Accuracy: 0.7545454545454545 61 0
Communication round: 112, Aggregated Accuracies: 0.7516666666666667 62
Communication round: 112, Eavesdropper Accuracy: 0.75 62 1
Communication round: 113, Eavesdropper Accuracy: 0.759090909090909 62 0
Communication round: 114, Aggregated Accuracies: 0.7601190476190476 63
Communication round: 114, Eavesdropper Accuracy: 0.7613636363636364 63 1
Communication round: 115, Eavesdropper Accuracy: 0.7431818181818182 63 0
Communication round: 116, Eavesdropper Accuracy: 0.7613636363636364 63 0
Communication round: 117, Eavesdropper Accuracy: 0.7204545454545455 63 0
Communication round: 118, Eavesdropper Accuracy: 0.7568181818181818 64 1
Communication round: 119, Eavesdropper Accuracy: 0.7636363636363637 65 1
Communication round: 120, Eavesdropper Accuracy: 0.7704545454545455 65 0
Communication round: 121, Eavesdropper Accuracy: 0.7727272727272727 65 0
Communication round: 122, Eavesdropper Accuracy: 0.7340909090909091 65 0
Communication round: 123, Eavesdropper Accuracy: 0.7636363636363637 65 0
Communication round: 124, Eavesdropper Accuracy: 0.7727272727272727 65 0
Communication round: 125, Eavesdropper Accuracy: 0.7727272727272727 65 0
Communication round: 126, Eavesdropper Accuracy: 0.7477272727272727 65 0
Communication round: 127, Eavesdropper Accuracy: 0.7386363636363636 65 0
Communication round: 128, Aggregated Accuracies: 0.7723809523809523 66
Communication round: 128, Eavesdropper Accuracy: 0.7818181818181819 66 1
Communication round: 129, Aggregated Accuracies: 0.7742857142857142 67
Communication round: 129, Eavesdropper Accuracy: 0.7545454545454545 67 1
Communication round: 130, Eavesdropper Accuracy: 0.775 67 0
Communication round: 131, Eavesdropper Accuracy: 0.7840909090909091 68 1
Communication round: 132, Eavesdropper Accuracy: 0.7568181818181818 68 0
Communication round: 133, Eavesdropper Accuracy: 0.759090909090909 68 0
Communication round: 134, Eavesdropper Accuracy: 0.75 69 1
Communication round: 135, Eavesdropper Accuracy: 0.7545454545454545 70 1
Communication round: 136, Eavesdropper Accuracy: 0.7636363636363637 71 1
Communication round: 137, Eavesdropper Accuracy: 0.7863636363636364 72 1
Communication round: 138, Eavesdropper Accuracy: 0.7818181818181819 72 0
Communication round: 139, Eavesdropper Accuracy: 0.8045454545454546 73 1
Communication round: 140, Aggregated Accuracies: 0.7828571428571428 74
Communication round: 140, Eavesdropper Accuracy: 0.7863636363636364 74 1
Communication round: 141, Aggregated Accuracies: 0.7878571428571428 75
Communication round: 141, Eavesdropper Accuracy: 0.8090909090909091 75 1
Communication round: 142, Aggregated Accuracies: 0.7966666666666669 76
Communication round: 142, Eavesdropper Accuracy: 0.7886363636363637 76 1
Communication round: 143, Eavesdropper Accuracy: 0.7863636363636364 77 1
Communication round: 144, Eavesdropper Accuracy: 0.7977272727272727 77 0
Communication round: 145, Eavesdropper Accuracy: 0.7840909090909091 77 0
Communication round: 146, Eavesdropper Accuracy: 0.7954545454545454 78 1
Communication round: 147, Eavesdropper Accuracy: 0.7931818181818182 78 0
Communication round: 148, Eavesdropper Accuracy: 0.7931818181818182 78 0
Communication round: 149, Eavesdropper Accuracy: 0.775 78 0
Communication round: 150, Eavesdropper Accuracy: 0.775 79 1
Communication round: 151, Eavesdropper Accuracy: 0.7931818181818182 79 0
Communication round: 152, Aggregated Accuracies: 0.7961904761904763 80
Communication round: 152, Eavesdropper Accuracy: 0.8 80 1
Communication round: 153, Aggregated Accuracies: 0.8004761904761903 81
Communication round: 153, Eavesdropper Accuracy: 0.8090909090909091 81 1
Communication round: 154, Eavesdropper Accuracy: 0.8181818181818182 81 0
Communication round: 155, Eavesdropper Accuracy: 0.8227272727272728 81 0
Communication round: 156, Eavesdropper Accuracy: 0.8045454545454546 81 0
Communication round: 157, Eavesdropper Accuracy: 0.7795454545454545 81 0
Communication round: 158, Aggregated Accuracies: 0.8078571428571429 82
Communication round: 158, Eavesdropper Accuracy: 0.8090909090909091 82 1
Communication round: 159, Aggregated Accuracies: 0.8101190476190476 83
Communication round: 159, Eavesdropper Accuracy: 0.8409090909090909 83 1
Communication round: 160, Aggregated Accuracies: 0.8171428571428573 84
Communication round: 160, Eavesdropper Accuracy: 0.8113636363636364 84 1
Communication round: 161, Eavesdropper Accuracy: 0.8318181818181818 84 0
Communication round: 162, Eavesdropper Accuracy: 0.8159090909090909 84 0
Communication round: 163, Eavesdropper Accuracy: 0.8022727272727272 84 0
Communication round: 164, Eavesdropper Accuracy: 0.8204545454545454 84 0
Communication round: 165, Eavesdropper Accuracy: 0.8090909090909091 85 1
Communication round: 166, Eavesdropper Accuracy: 0.8318181818181818 85 0
Communication round: 167, Eavesdropper Accuracy: 0.8386363636363636 86 1
Communication round: 168, Eavesdropper Accuracy: 0.825 87 1
Communication round: 169, Eavesdropper Accuracy: 0.8181818181818182 88 1
Communication round: 170, Eavesdropper Accuracy: 0.8340909090909091 88 0
Communication round: 171, Eavesdropper Accuracy: 0.8227272727272728 88 0
Communication round: 172, Eavesdropper Accuracy: 0.8181818181818182 88 0
Communication round: 173, Aggregated Accuracies: 0.8179761904761905 89
Communication round: 173, Eavesdropper Accuracy: 0.8090909090909091 89 1
Communication round: 174, Eavesdropper Accuracy: 0.8272727272727273 89 0
Communication round: 175, Eavesdropper Accuracy: 0.825 89 0
Communication round: 176, Eavesdropper Accuracy: 0.8022727272727272 90 1
Communication round: 177, Eavesdropper Accuracy: 0.8386363636363636 91 1
Communication round: 178, Eavesdropper Accuracy: 0.8318181818181818 91 0
Communication round: 179, Eavesdropper Accuracy: 0.8318181818181818 91 0
Communication round: 180, Aggregated Accuracies: 0.8209523809523809 92
Communication round: 180, Eavesdropper Accuracy: 0.8136363636363636 92 1
Communication round: 181, Eavesdropper Accuracy: 0.8272727272727273 93 1
Communication round: 182, Eavesdropper Accuracy: 0.8363636363636363 93 0
Communication round: 183, Eavesdropper Accuracy: 0.8045454545454546 93 0
Communication round: 184, Eavesdropper Accuracy: 0.8136363636363636 93 0
Communication round: 185, Aggregated Accuracies: 0.8258333333333333 94
Communication round: 185, Eavesdropper Accuracy: 0.8272727272727273 94 1
Communication round: 186, Aggregated Accuracies: 0.8269047619047619 95
Communication round: 186, Eavesdropper Accuracy: 0.8431818181818181 95 1
Communication round: 187, Aggregated Accuracies: 0.8286904761904761 96
Communication round: 187, Eavesdropper Accuracy: 0.8340909090909091 96 1
Communication round: 188, Aggregated Accuracies: 0.8342857142857142 97
Communication round: 188, Eavesdropper Accuracy: 0.8340909090909091 97 1
Communication round: 189, Aggregated Accuracies: 0.836190476190476 98
Communication round: 189, Eavesdropper Accuracy: 0.8340909090909091 98 1
Communication round: 190, Aggregated Accuracies: 0.8405952380952382 99
Communication round: 190, Eavesdropper Accuracy: 0.825 99 1
Communication round: 191, Aggregated Accuracies: 0.8458333333333332 100
Communication round: 191, Eavesdropper Accuracy: 0.8159090909090909 100 1
Communication round: 192, Aggregated Accuracies: 0.8476190476190475 101
Communication round: 192, Eavesdropper Accuracy: 0.8522727272727273 101 1
Communication round: 193, Aggregated Accuracies: 0.8507142857142854 102
Communication round: 193, Eavesdropper Accuracy: 0.8409090909090909 102 1
Communication round: 194, Aggregated Accuracies: 0.8579761904761904 103
Communication round: 194, Eavesdropper Accuracy: 0.8409090909090909 103 1
Communication round: 195, Aggregated Accuracies: 0.8576190476190477 104
Communication round: 195, Eavesdropper Accuracy: 0.865909090909091 104 1
Communication round: 196, Eavesdropper Accuracy: 0.8477272727272728 104 0
Communication round: 197, Eavesdropper Accuracy: 0.8477272727272728 104 0
Communication round: 198, Eavesdropper Accuracy: 0.875 104 0
Communication round: 199, Eavesdropper Accuracy: 0.865909090909091 104 0
Communication round: 200, Eavesdropper Accuracy: 0.8431818181818181 104 0
Communication round: 201, Eavesdropper Accuracy: 0.8340909090909091 104 0
Communication round: 202, Eavesdropper Accuracy: 0.8636363636363636 104 0
Communication round: 203, Eavesdropper Accuracy: 0.8477272727272728 104 0
Communication round: 204, Eavesdropper Accuracy: 0.8522727272727273 104 0
Communication round: 205, Eavesdropper Accuracy: 0.8522727272727273 104 0
Communication round: 206, Eavesdropper Accuracy: 0.85 104 0
Communication round: 207, Smart Eavesdropper Accuracy: 0.8340909090909091 104 0
Communication round: 208, Smart Eavesdropper Accuracy: 0.7727272727272727 104 0
Communication round: 209, Smart Eavesdropper Accuracy: 0.7568181818181818 104 0
Communication round: 210, Smart Eavesdropper Accuracy: 0.7340909090909091 104 0
Communication round: 211, Smart Eavesdropper Accuracy: 0.7568181818181818 104 0
Communication round: 212, Smart Eavesdropper Accuracy: 0.7113636363636363 104 0
Communication round: 213, Smart Eavesdropper Accuracy: 0.7045454545454546 104 0
Communication round: 214, Smart Eavesdropper Accuracy: 0.7204545454545455 104 0
Communication round: 215, Smart Eavesdropper Accuracy: 0.725 104 0
Communication round: 216, Smart Eavesdropper Accuracy: 0.6477272727272727 105 1
Communication round: 217, Smart Eavesdropper Accuracy: 0.6795454545454546 106 1
Communication round: 218, Smart Eavesdropper Accuracy: 0.6318181818181818 106 0
Communication round: 219, Smart Eavesdropper Accuracy: 0.6977272727272728 107 1
----------------------------------------------------------------------------------------------------
----------------------------------------------------------------------------------------------------
P0_False_
----------------------------------------------------------------------------------------------------
Communication round: 0, Eavesdropper Accuracy: 0.1159090909090909 1 1
Communication round: 1, Eavesdropper Accuracy: 0.15 2 1
Communication round: 2, Eavesdropper Accuracy: 0.10681818181818181 3 1
Communication round: 3, Eavesdropper Accuracy: 0.12272727272727273 3 0
Communication round: 4, Eavesdropper Accuracy: 0.12727272727272726 3 0
Communication round: 5, Smart Eavesdropper Accuracy: 0.18636363636363637 3 0
Communication round: 6, Smart Eavesdropper Accuracy: 0.15227272727272728 3 0
Communication round: 7, Smart Eavesdropper Accuracy: 0.175 4 1
Communication round: 8, Aggregated Accuracies: 0.16416666666666674 5
Communication round: 8, Eavesdropper Accuracy: 0.20227272727272727 5 1
Communication round: 9, Smart Eavesdropper Accuracy: 0.2409090909090909 5 0
Communication round: 10, Eavesdropper Accuracy: 0.20227272727272727 6 1
Communication round: 11, Aggregated Accuracies: 0.22809523809523805 7
Communication round: 11, Eavesdropper Accuracy: 0.22727272727272727 7 1
Communication round: 12, Eavesdropper Accuracy: 0.22727272727272727 7 0
Communication round: 13, Smart Eavesdropper Accuracy: 0.2431818181818182 7 0
Communication round: 14, Aggregated Accuracies: 0.26059523809523805 8
Communication round: 14, Eavesdropper Accuracy: 0.2772727272727273 8 1
Communication round: 15, Smart Eavesdropper Accuracy: 0.3090909090909091 8 0
Communication round: 16, Smart Eavesdropper Accuracy: 0.2772727272727273 8 0
Communication round: 17, Aggregated Accuracies: 0.31238095238095254 9
Communication round: 17, Smart Eavesdropper Accuracy: 0.2863636363636364 9 1
Communication round: 18, Eavesdropper Accuracy: 0.32727272727272727 10 1
Communication round: 19, Smart Eavesdropper Accuracy: 0.33181818181818185 10 0
Communication round: 20, Eavesdropper Accuracy: 0.3159090909090909 11 1
Communication round: 21, Aggregated Accuracies: 0.349761904761905 12
Communication round: 21, Eavesdropper Accuracy: 0.40454545454545454 12 1
Communication round: 22, Aggregated Accuracies: 0.4008333333333335 13
Communication round: 22, Eavesdropper Accuracy: 0.42272727272727273 13 1
Communication round: 23, Aggregated Accuracies: 0.4302380952380954 14
Communication round: 23, Eavesdropper Accuracy: 0.42727272727272725 14 1
Communication round: 24, Eavesdropper Accuracy: 0.4590909090909091 14 0
Communication round: 25, Aggregated Accuracies: 0.4669047619047618 15
Communication round: 25, Eavesdropper Accuracy: 0.5272727272727272 15 1
Communication round: 26, Eavesdropper Accuracy: 0.49772727272727274 15 0
Communication round: 27, Eavesdropper Accuracy: 0.4727272727272727 16 1
Communication round: 28, Eavesdropper Accuracy: 0.4727272727272727 16 0
Communication round: 29, Eavesdropper Accuracy: 0.5022727272727273 16 0
Communication round: 30, Eavesdropper Accuracy: 0.4681818181818182 17 1
Communication round: 31, Aggregated Accuracies: 0.4827380952380952 18
Communication round: 31, Eavesdropper Accuracy: 0.5159090909090909 18 1
Communication round: 32, Eavesdropper Accuracy: 0.5159090909090909 18 0
Communication round: 33, Eavesdropper Accuracy: 0.525 18 0
Communication round: 34, Eavesdropper Accuracy: 0.5227272727272727 18 0
Communication round: 35, Smart Eavesdropper Accuracy: 0.5068181818181818 18 0
Communication round: 36, Eavesdropper Accuracy: 0.5068181818181818 19 1
Communication round: 37, Smart Eavesdropper Accuracy: 0.5340909090909091 19 0
Communication round: 38, Smart Eavesdropper Accuracy: 0.4818181818181818 19 0
Communication round: 39, Aggregated Accuracies: 0.5034523809523809 20
Communication round: 39, Smart Eavesdropper Accuracy: 0.43863636363636366 20 1
Communication round: 40, Eavesdropper Accuracy: 0.5409090909090909 21 1
Communication round: 41, Eavesdropper Accuracy: 0.525 22 1
Communication round: 42, Aggregated Accuracies: 0.5335714285714286 23
Communication round: 42, Eavesdropper Accuracy: 0.5590909090909091 23 1
Communication round: 43, Eavesdropper Accuracy: 0.5636363636363636 23 0
Communication round: 44, Aggregated Accuracies: 0.5529761904761906 24
Communication round: 44, Eavesdropper Accuracy: 0.5795454545454546 24 1
Communication round: 45, Aggregated Accuracies: 0.5711904761904762 25
Communication round: 45, Eavesdropper Accuracy: 0.5977272727272728 25 1
Communication round: 46, Eavesdropper Accuracy: 0.5886363636363636 25 0
Communication round: 47, Aggregated Accuracies: 0.5936904761904763 26
Communication round: 47, Eavesdropper Accuracy: 0.6295454545454545 26 1
Communication round: 48, Eavesdropper Accuracy: 0.6181818181818182 27 1
Communication round: 49, Eavesdropper Accuracy: 0.6068181818181818 27 0
Communication round: 50, Eavesdropper Accuracy: 0.6204545454545455 27 0
Communication round: 51, Eavesdropper Accuracy: 0.6204545454545455 27 0
Communication round: 52, Eavesdropper Accuracy: 0.6227272727272727 27 0
Communication round: 53, Smart Eavesdropper Accuracy: 0.6386363636363637 27 0
Communication round: 54, Smart Eavesdropper Accuracy: 0.5204545454545455 27 0
Communication round: 55, Aggregated Accuracies: 0.6069047619047618 28
Communication round: 55, Smart Eavesdropper Accuracy: 0.5522727272727272 28 1
Communication round: 56, Aggregated Accuracies: 0.6257142857142857 29
Communication round: 56, Eavesdropper Accuracy: 0.6590909090909091 29 1
Communication round: 57, Aggregated Accuracies: 0.6373809523809525 30
Communication round: 57, Eavesdropper Accuracy: 0.634090909090909 30 1
Communication round: 58, Eavesdropper Accuracy: 0.6454545454545455 30 0
Communication round: 59, Aggregated Accuracies: 0.6554761904761903 31
Communication round: 59, Eavesdropper Accuracy: 0.6727272727272727 31 1
Communication round: 60, Eavesdropper Accuracy: 0.6636363636363637 31 0
Communication round: 61, Smart Eavesdropper Accuracy: 0.675 31 0
Communication round: 62, Aggregated Accuracies: 0.6683333333333333 32
Communication round: 62, Eavesdropper Accuracy: 0.6954545454545454 32 1
Communication round: 63, Aggregated Accuracies: 0.6739285714285714 33
Communication round: 63, Eavesdropper Accuracy: 0.6727272727272727 33 1
Communication round: 64, Eavesdropper Accuracy: 0.7045454545454546 33 0
Communication round: 65, Smart Eavesdropper Accuracy: 0.7022727272727273 33 0
Communication round: 66, Aggregated Accuracies: 0.6917857142857142 34
Communication round: 66, Eavesdropper Accuracy: 0.7227272727272728 34 1
Communication round: 67, Smart Eavesdropper Accuracy: 0.7272727272727273 34 0
Communication round: 68, Smart Eavesdropper Accuracy: 0.6681818181818182 34 0
Communication round: 69, Smart Eavesdropper Accuracy: 0.5772727272727273 34 0
Communication round: 70, Smart Eavesdropper Accuracy: 0.5636363636363636 34 0
Communication round: 71, Smart Eavesdropper Accuracy: 0.5818181818181818 34 0
Communication round: 72, Smart Eavesdropper Accuracy: 0.5613636363636364 34 0
Communication round: 73, Smart Eavesdropper Accuracy: 0.6 34 0
Communication round: 74, Aggregated Accuracies: 0.7008333333333331 35
Communication round: 74, Smart Eavesdropper Accuracy: 0.6 35 1
Communication round: 75, Aggregated Accuracies: 0.7204761904761903 36
Communication round: 75, Smart Eavesdropper Accuracy: 0.5772727272727273 36 1
Communication round: 76, Aggregated Accuracies: 0.721190476190476 37
Communication round: 76, Smart Eavesdropper Accuracy: 0.5886363636363636 37 1
Communication round: 77, Smart Eavesdropper Accuracy: 0.575 37 0
Communication round: 78, Smart Eavesdropper Accuracy: 0.5886363636363636 37 0
Communication round: 79, Aggregated Accuracies: 0.733095238095238 38
Communication round: 79, Smart Eavesdropper Accuracy: 0.5954545454545455 38 1
Communication round: 80, Smart Eavesdropper Accuracy: 0.575 38 0
Communication round: 81, Aggregated Accuracies: 0.740357142857143 39
Communication round: 81, Smart Eavesdropper Accuracy: 0.5636363636363636 39 1
Communication round: 82, Smart Eavesdropper Accuracy: 0.5590909090909091 39 0
Communication round: 83, Smart Eavesdropper Accuracy: 0.5590909090909091 39 0
Communication round: 84, Smart Eavesdropper Accuracy: 0.5340909090909091 39 0
Communication round: 85, Smart Eavesdropper Accuracy: 0.5522727272727272 40 1
Communication round: 86, Smart Eavesdropper Accuracy: 0.5931818181818181 40 0
Communication round: 87, Smart Eavesdropper Accuracy: 0.5909090909090909 40 0
Communication round: 88, Smart Eavesdropper Accuracy: 0.5954545454545455 40 0
Communication round: 89, Smart Eavesdropper Accuracy: 0.5840909090909091 40 0
Communication round: 90, Aggregated Accuracies: 0.7529761904761907 41
Communication round: 90, Smart Eavesdropper Accuracy: 0.6068181818181818 41 1
Communication round: 91, Smart Eavesdropper Accuracy: 0.5659090909090909 41 0
Communication round: 92, Aggregated Accuracies: 0.765952380952381 42
Communication round: 92, Smart Eavesdropper Accuracy: 0.6386363636363637 42 1
Communication round: 93, Smart Eavesdropper Accuracy: 0.6113636363636363 42 0
Communication round: 94, Smart Eavesdropper Accuracy: 0.6386363636363637 42 0
Communication round: 95, Smart Eavesdropper Accuracy: 0.5954545454545455 42 0
Communication round: 96, Smart Eavesdropper Accuracy: 0.5886363636363636 42 0
Communication round: 97, Smart Eavesdropper Accuracy: 0.6113636363636363 42 0
Communication round: 98, Aggregated Accuracies: 0.7732142857142859 43
Communication round: 98, Smart Eavesdropper Accuracy: 0.6409090909090909 43 1
Communication round: 99, Smart Eavesdropper Accuracy: 0.5886363636363636 43 0
Communication round: 100, Smart Eavesdropper Accuracy: 0.6454545454545455 43 0
Communication round: 101, Smart Eavesdropper Accuracy: 0.6295454545454545 43 0
Communication round: 102, Aggregated Accuracies: 0.7769047619047621 44
Communication round: 102, Smart Eavesdropper Accuracy: 0.6204545454545455 44 1
Communication round: 103, Smart Eavesdropper Accuracy: 0.6431818181818182 45 1
Communication round: 104, Smart Eavesdropper Accuracy: 0.625 45 0
Communication round: 105, Smart Eavesdropper Accuracy: 0.6795454545454546 45 0
Communication round: 106, Smart Eavesdropper Accuracy: 0.6545454545454545 46 1
Communication round: 107, Smart Eavesdropper Accuracy: 0.6 47 1
Communication round: 108, Smart Eavesdropper Accuracy: 0.6568181818181819 47 0
Communication round: 109, Smart Eavesdropper Accuracy: 0.6522727272727272 47 0
Communication round: 110, Aggregated Accuracies: 0.7830952380952381 48
Communication round: 110, Smart Eavesdropper Accuracy: 0.634090909090909 48 1
Communication round: 111, Smart Eavesdropper Accuracy: 0.6545454545454545 48 0
Communication round: 112, Smart Eavesdropper Accuracy: 0.6818181818181818 48 0
Communication round: 113, Smart Eavesdropper Accuracy: 0.634090909090909 48 0
Communication round: 114, Smart Eavesdropper Accuracy: 0.6068181818181818 48 0
Communication round: 115, Aggregated Accuracies: 0.7905952380952381 49
Communication round: 115, Smart Eavesdropper Accuracy: 0.5977272727272728 49 1
Communication round: 116, Aggregated Accuracies: 0.7948809523809524 50
Communication round: 116, Smart Eavesdropper Accuracy: 0.6818181818181818 50 1
Communication round: 117, Aggregated Accuracies: 0.7983333333333336 51
Communication round: 117, Smart Eavesdropper Accuracy: 0.6613636363636364 51 1
Communication round: 118, Smart Eavesdropper Accuracy: 0.6431818181818182 51 0
Communication round: 119, Aggregated Accuracies: 0.8057142857142855 52
Communication round: 119, Smart Eavesdropper Accuracy: 0.6136363636363636 52 1
Communication round: 120, Aggregated Accuracies: 0.8132142857142858 53
Communication round: 120, Smart Eavesdropper Accuracy: 0.6590909090909091 53 1
Communication round: 121, Aggregated Accuracies: 0.8145238095238095 54
Communication round: 121, Smart Eavesdropper Accuracy: 0.634090909090909 54 1
Communication round: 122, Smart Eavesdropper Accuracy: 0.6636363636363637 54 0
Communication round: 123, Smart Eavesdropper Accuracy: 0.6363636363636364 54 0
Communication round: 124, Smart Eavesdropper Accuracy: 0.6227272727272727 54 0
Communication round: 125, Smart Eavesdropper Accuracy: 0.6363636363636364 54 0
Communication round: 126, Smart Eavesdropper Accuracy: 0.6613636363636364 54 0
Communication round: 127, Smart Eavesdropper Accuracy: 0.6659090909090909 54 0
Communication round: 128, Smart Eavesdropper Accuracy: 0.6590909090909091 54 0
Communication round: 129, Smart Eavesdropper Accuracy: 0.6477272727272727 55 1
Communication round: 130, Smart Eavesdropper Accuracy: 0.6636363636363637 56 1
Communication round: 131, Smart Eavesdropper Accuracy: 0.6886363636363636 56 0
Communication round: 132, Aggregated Accuracies: 0.8186904761904762 57
Communication round: 132, Smart Eavesdropper Accuracy: 0.675 57 1
Communication round: 133, Aggregated Accuracies: 0.8254761904761905 58
Communication round: 133, Smart Eavesdropper Accuracy: 0.6772727272727272 58 1
Communication round: 134, Aggregated Accuracies: 0.8254761904761903 59
Communication round: 134, Smart Eavesdropper Accuracy: 0.6659090909090909 59 1
Communication round: 135, Smart Eavesdropper Accuracy: 0.6568181818181819 60 1
Communication round: 136, Smart Eavesdropper Accuracy: 0.6590909090909091 60 0
Communication round: 137, Smart Eavesdropper Accuracy: 0.675 60 0
Communication round: 138, Smart Eavesdropper Accuracy: 0.6522727272727272 60 0
Communication round: 139, Smart Eavesdropper Accuracy: 0.65 60 0
Communication round: 140, Smart Eavesdropper Accuracy: 0.6318181818181818 60 0
Communication round: 141, Smart Eavesdropper Accuracy: 0.6704545454545454 60 0
Communication round: 142, Smart Eavesdropper Accuracy: 0.6477272727272727 60 0
Communication round: 143, Smart Eavesdropper Accuracy: 0.6636363636363637 60 0
Communication round: 144, Smart Eavesdropper Accuracy: 0.6522727272727272 60 0
Communication round: 145, Smart Eavesdropper Accuracy: 0.6659090909090909 61 1
Communication round: 146, Smart Eavesdropper Accuracy: 0.6681818181818182 62 1
Communication round: 147, Smart Eavesdropper Accuracy: 0.7 63 1
Communication round: 148, Smart Eavesdropper Accuracy: 0.6886363636363636 64 1
Communication round: 149, Smart Eavesdropper Accuracy: 0.6863636363636364 64 0
Communication round: 150, Aggregated Accuracies: 0.8340476190476188 65
Communication round: 150, Smart Eavesdropper Accuracy: 0.6795454545454546 65 1
Communication round: 151, Smart Eavesdropper Accuracy: 0.7136363636363636 65 0
Communication round: 152, Smart Eavesdropper Accuracy: 0.6681818181818182 65 0
Communication round: 153, Smart Eavesdropper Accuracy: 0.6704545454545454 65 0
Communication round: 154, Smart Eavesdropper Accuracy: 0.6477272727272727 65 0
Communication round: 155, Smart Eavesdropper Accuracy: 0.6681818181818182 65 0
Communication round: 156, Aggregated Accuracies: 0.8323809523809524 66
Communication round: 156, Smart Eavesdropper Accuracy: 0.6795454545454546 66 1
Communication round: 157, Smart Eavesdropper Accuracy: 0.675 66 0
Communication round: 158, Smart Eavesdropper Accuracy: 0.7022727272727273 66 0
Communication round: 159, Smart Eavesdropper Accuracy: 0.6681818181818182 66 0
Communication round: 160, Smart Eavesdropper Accuracy: 0.7159090909090909 66 0
Communication round: 161, Smart Eavesdropper Accuracy: 0.6954545454545454 67 1
Communication round: 162, Smart Eavesdropper Accuracy: 0.7113636363636363 68 1
Communication round: 163, Smart Eavesdropper Accuracy: 0.6818181818181818 68 0
Communication round: 164, Smart Eavesdropper Accuracy: 0.6977272727272728 68 0
Communication round: 165, Smart Eavesdropper Accuracy: 0.7022727272727273 68 0
Communication round: 166, Smart Eavesdropper Accuracy: 0.7 68 0
Communication round: 167, Smart Eavesdropper Accuracy: 0.6909090909090909 68 0
Communication round: 168, Smart Eavesdropper Accuracy: 0.7045454545454546 68 0
Communication round: 169, Aggregated Accuracies: 0.832142857142857 69
Communication round: 169, Smart Eavesdropper Accuracy: 0.6727272727272727 69 1
Communication round: 170, Smart Eavesdropper Accuracy: 0.6886363636363636 69 0
Communication round: 171, Smart Eavesdropper Accuracy: 0.7090909090909091 69 0
Communication round: 172, Smart Eavesdropper Accuracy: 0.6636363636363637 69 0
Communication round: 173, Smart Eavesdropper Accuracy: 0.6954545454545454 69 0
Communication round: 174, Aggregated Accuracies: 0.8429761904761903 70
Communication round: 174, Smart Eavesdropper Accuracy: 0.6863636363636364 70 1
Communication round: 175, Smart Eavesdropper Accuracy: 0.6818181818181818 70 0
Communication round: 176, Smart Eavesdropper Accuracy: 0.7204545454545455 70 0
Communication round: 177, Aggregated Accuracies: 0.8432142857142855 71
Communication round: 177, Smart Eavesdropper Accuracy: 0.6886363636363636 71 1
Communication round: 178, Aggregated Accuracies: 0.8482142857142856 72
Communication round: 178, Smart Eavesdropper Accuracy: 0.6681818181818182 72 1
Communication round: 179, Smart Eavesdropper Accuracy: 0.6613636363636364 72 0
Communication round: 180, Aggregated Accuracies: 0.849880952380952 73
Communication round: 180, Smart Eavesdropper Accuracy: 0.6818181818181818 73 1
Communication round: 181, Smart Eavesdropper Accuracy: 0.7090909090909091 74 1
Communication round: 182, Smart Eavesdropper Accuracy: 0.6840909090909091 75 1
Communication round: 183, Smart Eavesdropper Accuracy: 0.7 75 0
Communication round: 184, Smart Eavesdropper Accuracy: 0.7045454545454546 75 0
Communication round: 185, Smart Eavesdropper Accuracy: 0.7045454545454546 76 1
Communication round: 186, Smart Eavesdropper Accuracy: 0.6863636363636364 77 1
Communication round: 187, Smart Eavesdropper Accuracy: 0.675 77 0
Communication round: 188, Smart Eavesdropper Accuracy: 0.6886363636363636 78 1
Communication round: 189, Smart Eavesdropper Accuracy: 0.7022727272727273 78 0
Communication round: 190, Aggregated Accuracies: 0.8491666666666665 79
Communication round: 190, Smart Eavesdropper Accuracy: 0.7045454545454546 79 1
Communication round: 191, Smart Eavesdropper Accuracy: 0.6818181818181818 79 0
Communication round: 192, Aggregated Accuracies: 0.8545238095238095 80
Communication round: 192, Smart Eavesdropper Accuracy: 0.6772727272727272 80 1
Communication round: 193, Smart Eavesdropper Accuracy: 0.6818181818181818 80 0
Communication round: 194, Smart Eavesdropper Accuracy: 0.6613636363636364 80 0
Communication round: 195, Aggregated Accuracies: 0.8526190476190474 81
Communication round: 195, Smart Eavesdropper Accuracy: 0.7 81 1
Communication round: 196, Aggregated Accuracies: 0.8598809523809523 82
Communication round: 196, Smart Eavesdropper Accuracy: 0.7136363636363636 82 1
Communication round: 197, Smart Eavesdropper Accuracy: 0.6727272727272727 82 0
Communication round: 198, Smart Eavesdropper Accuracy: 0.6704545454545454 83 1
Communication round: 199, Smart Eavesdropper Accuracy: 0.6977272727272728 83 0
Communication round: 200, Smart Eavesdropper Accuracy: 0.6795454545454546 83 0
Communication round: 201, Smart Eavesdropper Accuracy: 0.7090909090909091 83 0
Communication round: 202, Smart Eavesdropper Accuracy: 0.7363636363636363 84 1
Communication round: 203, Smart Eavesdropper Accuracy: 0.6863636363636364 84 0
Communication round: 204, Smart Eavesdropper Accuracy: 0.6613636363636364 84 0
Communication round: 205, Aggregated Accuracies: 0.8596428571428572 85
Communication round: 205, Smart Eavesdropper Accuracy: 0.6636363636363637 85 1
Communication round: 206, Smart Eavesdropper Accuracy: 0.6681818181818182 85 0
Communication round: 207, Smart Eavesdropper Accuracy: 0.675 85 0
Communication round: 208, Smart Eavesdropper Accuracy: 0.6795454545454546 85 0
Communication round: 209, Smart Eavesdropper Accuracy: 0.6909090909090909 85 0
Communication round: 210, Smart Eavesdropper Accuracy: 0.6977272727272728 85 0
Communication round: 211, Smart Eavesdropper Accuracy: 0.6477272727272727 85 0
Communication round: 212, Smart Eavesdropper Accuracy: 0.7045454545454546 86 1
Communication round: 213, Aggregated Accuracies: 0.8608333333333332 87
Communication round: 213, Smart Eavesdropper Accuracy: 0.6977272727272728 87 1
Communication round: 214, Smart Eavesdropper Accuracy: 0.7090909090909091 87 0
Communication round: 215, Smart Eavesdropper Accuracy: 0.7272727272727273 87 0
Communication round: 216, Smart Eavesdropper Accuracy: 0.6863636363636364 87 0
Communication round: 217, Aggregated Accuracies: 0.8680952380952377 88
Communication round: 217, Smart Eavesdropper Accuracy: 0.7136363636363636 88 1
Communication round: 218, Smart Eavesdropper Accuracy: 0.7386363636363636 88 0
Communication round: 219, Smart Eavesdropper Accuracy: 0.7340909090909091 88 0
----------------------------------------------------------------------------------------------------
