----------------------------------------------------------------------------------------------------
20_30_120_1_5_0.9_True_
----------------------------------------------------------------------------------------------------
Communication round: 0, Eavesdropper Accuracy: 0.10454545454545454 1 1
Communication round: 1, Aggregated Accuracies: 0.15059523809523806 2
Communication round: 1, Eavesdropper Accuracy: 0.16136363636363638 2 1
Communication round: 2, Aggregated Accuracies: 0.15476190476190474 3
Communication round: 2, Eavesdropper Accuracy: 0.16136363636363638 3 1
Communication round: 3, Eavesdropper Accuracy: 0.20227272727272727 4 1
Communication round: 4, Aggregated Accuracies: 0.19761904761904764 5
Communication round: 4, Eavesdropper Accuracy: 0.20227272727272727 5 1
Communication round: 5, Eavesdropper Accuracy: 0.23636363636363636 6 1
Communication round: 6, Eavesdropper Accuracy: 0.22045454545454546 7 1
Communication round: 7, Aggregated Accuracies: 0.2339285714285714 8
Communication round: 7, Eavesdropper Accuracy: 0.29545454545454547 8 1
Communication round: 8, Aggregated Accuracies: 0.3053571428571428 9
Communication round: 8, Eavesdropper Accuracy: 0.3386363636363636 9 1
Communication round: 9, Aggregated Accuracies: 0.356547619047619 10
Communication round: 9, Eavesdropper Accuracy: 0.36818181818181817 10 1
Communication round: 10, Aggregated Accuracies: 0.4154761904761905 11
Communication round: 10, Eavesdropper Accuracy: 0.48409090909090907 11 1
Communication round: 11, Aggregated Accuracies: 0.43273809523809526 12
Communication round: 11, Eavesdropper Accuracy: 0.5227272727272727 12 1
Communication round: 12, Aggregated Accuracies: 0.4613095238095237 13
Communication round: 12, Eavesdropper Accuracy: 0.509090909090909 13 1
Communication round: 13, Eavesdropper Accuracy: 0.5295454545454545 14 1
Communication round: 14, Eavesdropper Accuracy: 0.5363636363636364 15 1
Communication round: 15, Eavesdropper Accuracy: 0.5181818181818182 16 1
Communication round: 16, Eavesdropper Accuracy: 0.5295454545454545 17 1
Communication round: 17, Aggregated Accuracies: 0.4803571428571428 18
Communication round: 17, Eavesdropper Accuracy: 0.5340909090909091 18 1
Communication round: 18, Aggregated Accuracies: 0.5392857142857143 19
Communication round: 18, Eavesdropper Accuracy: 0.5931818181818181 19 1
Communication round: 19, Aggregated Accuracies: 0.5636904761904762 20
Communication round: 19, Eavesdropper Accuracy: 0.6113636363636363 20 1
Communication round: 20, Aggregated Accuracies: 0.5708333333333334 21
Communication round: 20, Eavesdropper Accuracy: 0.634090909090909 21 1
Communication round: 21, Aggregated Accuracies: 0.6047619047619048 22
Communication round: 21, Eavesdropper Accuracy: 0.6636363636363637 22 1
Communication round: 22, Aggregated Accuracies: 0.6345238095238096 23
Communication round: 22, Eavesdropper Accuracy: 0.6772727272727272 23 1
Communication round: 23, Eavesdropper Accuracy: 0.7068181818181818 24 1
Communication round: 24, Aggregated Accuracies: 0.6357142857142858 25
Communication round: 24, Eavesdropper Accuracy: 0.7204545454545455 25 1
Communication round: 25, Aggregated Accuracies: 0.6625 26
Communication round: 25, Eavesdropper Accuracy: 0.6840909090909091 26 1
Communication round: 26, Eavesdropper Accuracy: 0.7386363636363636 27 1
Communication round: 27, Aggregated Accuracies: 0.6970238095238095 28
Communication round: 27, Eavesdropper Accuracy: 0.7295454545454545 28 1
Communication round: 28, Aggregated Accuracies: 0.725595238095238 29
Communication round: 28, Eavesdropper Accuracy: 0.7545454545454545 29 1
Communication round: 29, Aggregated Accuracies: 0.7279761904761906 30
Communication round: 29, Eavesdropper Accuracy: 0.7522727272727273 30 1
Communication round: 30, Aggregated Accuracies: 0.7291666666666665 31
Communication round: 30, Eavesdropper Accuracy: 0.7522727272727273 31 1
Communication round: 31, Aggregated Accuracies: 0.7523809523809524 32
Communication round: 31, Eavesdropper Accuracy: 0.8 32 1
Communication round: 32, Aggregated Accuracies: 0.7630952380952382 33
Communication round: 32, Eavesdropper Accuracy: 0.775 33 1
Communication round: 33, Eavesdropper Accuracy: 0.7818181818181819 34 1
Communication round: 34, Eavesdropper Accuracy: 0.8272727272727273 35 1
Communication round: 35, Aggregated Accuracies: 0.7779761904761905 36
Communication round: 35, Eavesdropper Accuracy: 0.7931818181818182 36 1
Communication round: 36, Aggregated Accuracies: 0.7863095238095239 37
Communication round: 36, Eavesdropper Accuracy: 0.8272727272727273 37 1
Communication round: 37, Eavesdropper Accuracy: 0.7886363636363637 38 1
Communication round: 38, Eavesdropper Accuracy: 0.85 39 1
Communication round: 39, Eavesdropper Accuracy: 0.8363636363636363 40 1
Communication round: 40, Eavesdropper Accuracy: 0.8136363636363636 41 1
Communication round: 41, Aggregated Accuracies: 0.8089285714285713 42
Communication round: 41, Eavesdropper Accuracy: 0.8431818181818181 42 1
Communication round: 42, Aggregated Accuracies: 0.7857142857142858 43
Communication round: 42, Eavesdropper Accuracy: 0.8204545454545454 43 1
Communication round: 43, Eavesdropper Accuracy: 0.8522727272727273 44 1
Communication round: 44, Aggregated Accuracies: 0.8095238095238095 45
Communication round: 44, Eavesdropper Accuracy: 0.8795454545454545 45 1
Communication round: 45, Eavesdropper Accuracy: 0.85 46 1
Communication round: 46, Aggregated Accuracies: 0.8101190476190476 47
Communication round: 46, Eavesdropper Accuracy: 0.8636363636363636 47 1
Communication round: 47, Eavesdropper Accuracy: 0.8613636363636363 48 1
Communication round: 48, Aggregated Accuracies: 0.8154761904761904 49
Communication round: 48, Eavesdropper Accuracy: 0.875 49 1
Communication round: 49, Eavesdropper Accuracy: 0.8590909090909091 49 0
Communication round: 50, Eavesdropper Accuracy: 0.8568181818181818 49 0
Communication round: 51, Eavesdropper Accuracy: 0.8727272727272727 49 0
Communication round: 52, Eavesdropper Accuracy: 0.8636363636363636 49 0
Communication round: 53, Eavesdropper Accuracy: 0.8636363636363636 49 0
Communication round: 54, Eavesdropper Accuracy: 0.8772727272727273 49 0
Communication round: 55, Eavesdropper Accuracy: 0.8568181818181818 49 0
Communication round: 56, Eavesdropper Accuracy: 0.8477272727272728 49 0
Communication round: 57, Eavesdropper Accuracy: 0.8363636363636363 49 0
Communication round: 58, Eavesdropper Accuracy: 0.8568181818181818 49 0
Communication round: 59, Eavesdropper Accuracy: 0.8795454545454545 49 0
Communication round: 60, Eavesdropper Accuracy: 0.8386363636363636 49 0
Communication round: 61, Eavesdropper Accuracy: 0.8272727272727273 49 0
Communication round: 62, Eavesdropper Accuracy: 0.8522727272727273 49 0
Communication round: 63, Eavesdropper Accuracy: 0.8704545454545455 49 0
Communication round: 64, Eavesdropper Accuracy: 0.8818181818181818 49 0
Communication round: 65, Eavesdropper Accuracy: 0.8227272727272728 49 0
Communication round: 66, Eavesdropper Accuracy: 0.85 49 0
Communication round: 67, Eavesdropper Accuracy: 0.8636363636363636 49 0
Communication round: 68, Eavesdropper Accuracy: 0.8818181818181818 49 0
Communication round: 69, Eavesdropper Accuracy: 0.85 49 0
Communication round: 70, Eavesdropper Accuracy: 0.8772727272727273 49 0
Communication round: 71, Eavesdropper Accuracy: 0.865909090909091 49 0
Communication round: 72, Eavesdropper Accuracy: 0.8318181818181818 49 0
Communication round: 73, Eavesdropper Accuracy: 0.8386363636363636 49 0
Communication round: 74, Eavesdropper Accuracy: 0.8386363636363636 49 0
Communication round: 75, Eavesdropper Accuracy: 0.8318181818181818 49 0
Communication round: 76, Eavesdropper Accuracy: 0.8636363636363636 49 0
Communication round: 77, Eavesdropper Accuracy: 0.8386363636363636 49 0
Communication round: 78, Eavesdropper Accuracy: 0.8909090909090909 49 0
Communication round: 79, Eavesdropper Accuracy: 0.8295454545454546 49 0
Communication round: 80, Eavesdropper Accuracy: 0.8545454545454545 49 0
Communication round: 81, Eavesdropper Accuracy: 0.8863636363636364 49 0
Communication round: 82, Eavesdropper Accuracy: 0.8636363636363636 49 0
Communication round: 83, Eavesdropper Accuracy: 0.8704545454545455 49 0
Communication round: 84, Eavesdropper Accuracy: 0.8909090909090909 49 0
Communication round: 85, Eavesdropper Accuracy: 0.8431818181818181 49 0
Communication round: 86, Eavesdropper Accuracy: 0.8568181818181818 49 0
Communication round: 87, Eavesdropper Accuracy: 0.875 49 0
Communication round: 88, Eavesdropper Accuracy: 0.8704545454545455 49 0
Communication round: 89, Eavesdropper Accuracy: 0.8772727272727273 49 0
Communication round: 90, Eavesdropper Accuracy: 0.8454545454545455 49 0
Communication round: 91, Eavesdropper Accuracy: 0.8340909090909091 49 0
Communication round: 92, Eavesdropper Accuracy: 0.8590909090909091 49 0
Communication round: 93, Eavesdropper Accuracy: 0.8431818181818181 49 0
Communication round: 94, Eavesdropper Accuracy: 0.8522727272727273 49 0
Communication round: 95, Eavesdropper Accuracy: 0.8636363636363636 49 0
Communication round: 96, Eavesdropper Accuracy: 0.8477272727272728 49 0
Communication round: 97, Smart Eavesdropper Accuracy: 0.2159090909090909 49 0
Communication round: 98, Smart Eavesdropper Accuracy: 0.31363636363636366 49 0
Communication round: 99, Smart Eavesdropper Accuracy: 0.30227272727272725 49 0
Communication round: 100, Smart Eavesdropper Accuracy: 0.3431818181818182 49 0
Communication round: 101, Smart Eavesdropper Accuracy: 0.34545454545454546 49 0
Communication round: 102, Smart Eavesdropper Accuracy: 0.30227272727272725 49 0
Communication round: 103, Smart Eavesdropper Accuracy: 0.30227272727272725 49 0
Communication round: 104, Smart Eavesdropper Accuracy: 0.29545454545454547 49 0
Communication round: 105, Smart Eavesdropper Accuracy: 0.31136363636363634 49 0
Communication round: 106, Smart Eavesdropper Accuracy: 0.32272727272727275 49 0
Communication round: 107, Smart Eavesdropper Accuracy: 0.34545454545454546 49 0
Communication round: 108, Smart Eavesdropper Accuracy: 0.36363636363636365 49 0
Communication round: 109, Smart Eavesdropper Accuracy: 0.3159090909090909 49 0
Communication round: 110, Smart Eavesdropper Accuracy: 0.325 49 0
Communication round: 111, Smart Eavesdropper Accuracy: 0.3 49 0
Communication round: 112, Smart Eavesdropper Accuracy: 0.3977272727272727 49 0
Communication round: 113, Smart Eavesdropper Accuracy: 0.4068181818181818 49 0
Communication round: 114, Smart Eavesdropper Accuracy: 0.39545454545454545 49 0
Communication round: 115, Smart Eavesdropper Accuracy: 0.3840909090909091 49 0
Communication round: 116, Smart Eavesdropper Accuracy: 0.29772727272727273 49 0
Communication round: 117, Smart Eavesdropper Accuracy: 0.32727272727272727 49 0
Communication round: 118, Smart Eavesdropper Accuracy: 0.33636363636363636 49 0
Communication round: 119, Smart Eavesdropper Accuracy: 0.3886363636363636 49 0
----------------------------------------------------------------------------------------------------
