----------------------------------------------------------------------------------------------------
P0_True_
----------------------------------------------------------------------------------------------------
Communication round: 0, Eavesdropper Accuracy: 0.08863636363636364 1 1
Communication round: 1, Eavesdropper Accuracy: 0.09090909090909091 2 1
Communication round: 2, Eavesdropper Accuracy: 0.07954545454545454 3 1
Communication round: 3, Eavesdropper Accuracy: 0.08636363636363636 4 1
Communication round: 4, Eavesdropper Accuracy: 0.08863636363636364 5 1
Communication round: 5, Eavesdropper Accuracy: 0.08409090909090909 6 1
Communication round: 6, Eavesdropper Accuracy: 0.06818181818181818 7 1
Communication round: 7, Eavesdropper Accuracy: 0.08636363636363636 8 1
Communication round: 8, Aggregated Accuracies: 0.1355952380952381 9
Communication round: 8, Eavesdropper Accuracy: 0.1159090909090909 9 1
Communication round: 9, Aggregated Accuracies: 0.19845238095238105 10
Communication round: 9, Eavesdropper Accuracy: 0.17272727272727273 10 1
Communication round: 10, Eavesdropper Accuracy: 0.18409090909090908 11 1
Communication round: 11, Aggregated Accuracies: 0.22904761904761903 12
Communication round: 11, Eavesdropper Accuracy: 0.21136363636363636 12 1
Communication round: 12, Eavesdropper Accuracy: 0.22272727272727272 13 1
Communication round: 13, Aggregated Accuracies: 0.2653571428571429 14
Communication round: 13, Eavesdropper Accuracy: 0.23863636363636365 14 1
Communication round: 14, Aggregated Accuracies: 0.29142857142857154 15
Communication round: 14, Eavesdropper Accuracy: 0.29318181818181815 15 1
Communication round: 15, Aggregated Accuracies: 0.3286904761904763 16
Communication round: 15, Eavesdropper Accuracy: 0.33636363636363636 16 1
Communication round: 16, Eavesdropper Accuracy: 0.3 17 1
Communication round: 17, Aggregated Accuracies: 0.3491666666666668 18
Communication round: 17, Eavesdropper Accuracy: 0.3409090909090909 18 1
Communication round: 18, Eavesdropper Accuracy: 0.33181818181818185 19 1
Communication round: 19, Aggregated Accuracies: 0.3735714285714288 20
Communication round: 19, Eavesdropper Accuracy: 0.37727272727272726 20 1
Communication round: 20, Aggregated Accuracies: 0.3920238095238098 21
Communication round: 20, Eavesdropper Accuracy: 0.4068181818181818 21 1
Communication round: 21, Aggregated Accuracies: 0.4166666666666668 22
Communication round: 21, Eavesdropper Accuracy: 0.3886363636363636 22 1
Communication round: 22, Aggregated Accuracies: 0.4283333333333334 23
Communication round: 22, Eavesdropper Accuracy: 0.42272727272727273 23 1
Communication round: 23, Eavesdropper Accuracy: 0.41363636363636364 24 1
Communication round: 24, Eavesdropper Accuracy: 0.45681818181818185 25 1
Communication round: 25, Eavesdropper Accuracy: 0.45681818181818185 26 1
Communication round: 26, Eavesdropper Accuracy: 0.44545454545454544 27 1
Communication round: 27, Eavesdropper Accuracy: 0.42045454545454547 28 1
Communication round: 28, Eavesdropper Accuracy: 0.43636363636363634 29 1
Communication round: 29, Eavesdropper Accuracy: 0.4409090909090909 30 1
Communication round: 30, Eavesdropper Accuracy: 0.41818181818181815 31 1
Communication round: 31, Aggregated Accuracies: 0.4441666666666667 32
Communication round: 31, Eavesdropper Accuracy: 0.4340909090909091 32 1
Communication round: 32, Aggregated Accuracies: 0.45476190476190476 33
Communication round: 32, Eavesdropper Accuracy: 0.47045454545454546 33 1
Communication round: 33, Aggregated Accuracies: 0.4682142857142856 34
Communication round: 33, Eavesdropper Accuracy: 0.45 34 1
Communication round: 34, Eavesdropper Accuracy: 0.47954545454545455 35 1
Communication round: 35, Aggregated Accuracies: 0.49309523809523814 36
Communication round: 35, Eavesdropper Accuracy: 0.49772727272727274 36 1
Communication round: 36, Aggregated Accuracies: 0.5096428571428572 37
Communication round: 36, Eavesdropper Accuracy: 0.4863636363636364 37 1
Communication round: 37, Aggregated Accuracies: 0.5316666666666666 38
Communication round: 37, Eavesdropper Accuracy: 0.5136363636363637 38 1
Communication round: 38, Aggregated Accuracies: 0.5585714285714285 39
Communication round: 38, Eavesdropper Accuracy: 0.5727272727272728 39 1
Communication round: 39, Aggregated Accuracies: 0.5797619047619049 40
Communication round: 39, Eavesdropper Accuracy: 0.5886363636363636 40 1
Communication round: 40, Aggregated Accuracies: 0.5992857142857143 41
Communication round: 40, Eavesdropper Accuracy: 0.6227272727272727 41 1
Communication round: 41, Aggregated Accuracies: 0.6160714285714286 42
Communication round: 41, Eavesdropper Accuracy: 0.6136363636363636 42 1
Communication round: 42, Aggregated Accuracies: 0.6419047619047619 43
Communication round: 42, Eavesdropper Accuracy: 0.6477272727272727 43 1
Communication round: 43, Aggregated Accuracies: 0.6526190476190475 44
Communication round: 43, Eavesdropper Accuracy: 0.6795454545454546 44 1
Communication round: 44, Eavesdropper Accuracy: 0.6545454545454545 45 1
Communication round: 45, Aggregated Accuracies: 0.6655952380952381 46
Communication round: 45, Eavesdropper Accuracy: 0.6909090909090909 46 1
Communication round: 46, Aggregated Accuracies: 0.6795238095238093 47
Communication round: 46, Eavesdropper Accuracy: 0.6659090909090909 47 1
Communication round: 47, Aggregated Accuracies: 0.677142857142857 48
Communication round: 47, Eavesdropper Accuracy: 0.6772727272727272 48 1
Communication round: 48, Aggregated Accuracies: 0.6938095238095237 49
Communication round: 48, Eavesdropper Accuracy: 0.6977272727272728 49 1
Communication round: 49, Aggregated Accuracies: 0.7105952380952381 50
Communication round: 49, Eavesdropper Accuracy: 0.6840909090909091 50 1
Communication round: 50, Aggregated Accuracies: 0.7247619047619047 51
Communication round: 50, Eavesdropper Accuracy: 0.7136363636363636 51 1
Communication round: 51, Aggregated Accuracies: 0.7313095238095239 52
Communication round: 51, Eavesdropper Accuracy: 0.7386363636363636 52 1
Communication round: 52, Aggregated Accuracies: 0.7355952380952383 53
Communication round: 52, Eavesdropper Accuracy: 0.7386363636363636 53 1
Communication round: 53, Aggregated Accuracies: 0.7482142857142856 54
Communication round: 53, Eavesdropper Accuracy: 0.7477272727272727 54 1
Communication round: 54, Aggregated Accuracies: 0.7510714285714287 55
Communication round: 54, Eavesdropper Accuracy: 0.7340909090909091 55 1
Communication round: 55, Aggregated Accuracies: 0.7558333333333332 56
Communication round: 55, Eavesdropper Accuracy: 0.7477272727272727 56 1
Communication round: 56, Aggregated Accuracies: 0.7659523809523809 57
Communication round: 56, Eavesdropper Accuracy: 0.7613636363636364 57 1
Communication round: 57, Aggregated Accuracies: 0.7746428571428572 58
Communication round: 57, Eavesdropper Accuracy: 0.7863636363636364 58 1
Communication round: 58, Aggregated Accuracies: 0.7772619047619047 59
Communication round: 58, Eavesdropper Accuracy: 0.7909090909090909 59 1
Communication round: 59, Aggregated Accuracies: 0.786904761904762 60
Communication round: 59, Eavesdropper Accuracy: 0.775 60 1
Communication round: 60, Aggregated Accuracies: 0.7890476190476189 61
Communication round: 60, Eavesdropper Accuracy: 0.7659090909090909 61 1
Communication round: 61, Aggregated Accuracies: 0.7936904761904763 62
Communication round: 61, Eavesdropper Accuracy: 0.7954545454545454 62 1
Communication round: 62, Aggregated Accuracies: 0.8035714285714285 63
Communication round: 62, Eavesdropper Accuracy: 0.8159090909090909 63 1
Communication round: 63, Aggregated Accuracies: 0.8070238095238095 64
Communication round: 63, Eavesdropper Accuracy: 0.7886363636363637 64 1
Communication round: 64, Aggregated Accuracies: 0.8058333333333334 65
Communication round: 64, Eavesdropper Accuracy: 0.8 65 1
Communication round: 65, Aggregated Accuracies: 0.8127380952380955 66
Communication round: 65, Eavesdropper Accuracy: 0.8022727272727272 66 1
Communication round: 66, Eavesdropper Accuracy: 0.8068181818181818 67 1
Communication round: 67, Aggregated Accuracies: 0.8164285714285715 68
Communication round: 67, Eavesdropper Accuracy: 0.8204545454545454 68 1
Communication round: 68, Eavesdropper Accuracy: 0.7886363636363637 69 1
Communication round: 69, Aggregated Accuracies: 0.8184523809523808 70
Communication round: 69, Eavesdropper Accuracy: 0.8295454545454546 70 1
Communication round: 70, Aggregated Accuracies: 0.821547619047619 71
Communication round: 70, Eavesdropper Accuracy: 0.8068181818181818 71 1
Communication round: 71, Aggregated Accuracies: 0.8297619047619047 72
Communication round: 71, Eavesdropper Accuracy: 0.8522727272727273 72 1
Communication round: 72, Aggregated Accuracies: 0.8272619047619048 73
Communication round: 72, Eavesdropper Accuracy: 0.8159090909090909 73 1
Communication round: 73, Eavesdropper Accuracy: 0.8409090909090909 74 1
Communication round: 74, Eavesdropper Accuracy: 0.8295454545454546 75 1
Communication round: 75, Aggregated Accuracies: 0.8330952380952377 76
Communication round: 75, Eavesdropper Accuracy: 0.8522727272727273 76 1
Communication round: 76, Aggregated Accuracies: 0.8391666666666664 77
Communication round: 76, Eavesdropper Accuracy: 0.8181818181818182 77 1
Communication round: 77, Aggregated Accuracies: 0.8378571428571429 78
Communication round: 77, Eavesdropper Accuracy: 0.85 78 1
Communication round: 78, Aggregated Accuracies: 0.8446428571428571 79
Communication round: 78, Eavesdropper Accuracy: 0.8454545454545455 79 1
Communication round: 79, Aggregated Accuracies: 0.8492857142857142 80
Communication round: 79, Eavesdropper Accuracy: 0.8227272727272728 80 1
Communication round: 80, Aggregated Accuracies: 0.8515476190476189 81
Communication round: 80, Eavesdropper Accuracy: 0.85 81 1
Communication round: 81, Aggregated Accuracies: 0.8545238095238092 82
Communication round: 81, Eavesdropper Accuracy: 0.8545454545454545 82 1
Communication round: 82, Aggregated Accuracies: 0.8561904761904762 83
Communication round: 82, Eavesdropper Accuracy: 0.8522727272727273 83 1
Communication round: 83, Aggregated Accuracies: 0.8613095238095237 84
Communication round: 83, Eavesdropper Accuracy: 0.8568181818181818 84 1
Communication round: 84, Aggregated Accuracies: 0.8578571428571429 85
Communication round: 84, Eavesdropper Accuracy: 0.8568181818181818 85 1
Communication round: 85, Eavesdropper Accuracy: 0.8522727272727273 86 1
Communication round: 86, Eavesdropper Accuracy: 0.8727272727272727 87 1
Communication round: 87, Eavesdropper Accuracy: 0.8636363636363636 88 1
Communication round: 88, Eavesdropper Accuracy: 0.8568181818181818 89 1
Communication round: 89, Eavesdropper Accuracy: 0.8681818181818182 90 1
Communication round: 90, Aggregated Accuracies: 0.860595238095238 91
Communication round: 90, Eavesdropper Accuracy: 0.8522727272727273 91 1
Communication round: 91, Aggregated Accuracies: 0.8665476190476189 92
Communication round: 91, Eavesdropper Accuracy: 0.8477272727272728 92 1
Communication round: 92, Aggregated Accuracies: 0.8638095238095236 93
Communication round: 92, Eavesdropper Accuracy: 0.8545454545454545 93 1
Communication round: 93, Aggregated Accuracies: 0.866785714285714 94
Communication round: 93, Eavesdropper Accuracy: 0.85 94 1
Communication round: 94, Eavesdropper Accuracy: 0.8681818181818182 95 1
Communication round: 95, Aggregated Accuracies: 0.8722619047619045 96
Communication round: 95, Eavesdropper Accuracy: 0.875 96 1
Communication round: 96, Aggregated Accuracies: 0.8751190476190475 97
Communication round: 96, Eavesdropper Accuracy: 0.8772727272727273 97 1
Communication round: 97, Eavesdropper Accuracy: 0.8613636363636363 98 1
Communication round: 98, Eavesdropper Accuracy: 0.85 99 1
Communication round: 99, Eavesdropper Accuracy: 0.8613636363636363 100 1
Communication round: 100, Eavesdropper Accuracy: 0.8727272727272727 101 1
Communication round: 101, Eavesdropper Accuracy: 0.8590909090909091 102 1
Communication round: 102, Eavesdropper Accuracy: 0.8545454545454545 103 1
Communication round: 103, Eavesdropper Accuracy: 0.8386363636363636 104 1
Communication round: 104, Eavesdropper Accuracy: 0.8522727272727273 105 1
Communication round: 105, Eavesdropper Accuracy: 0.8681818181818182 106 1
Communication round: 106, Eavesdropper Accuracy: 0.8454545454545455 107 1
Communication round: 107, Eavesdropper Accuracy: 0.8681818181818182 108 1
Communication round: 108, Eavesdropper Accuracy: 0.8795454545454545 109 1
Communication round: 109, Eavesdropper Accuracy: 0.8818181818181818 110 1
Communication round: 110, Eavesdropper Accuracy: 0.8613636363636363 111 1
Communication round: 111, Eavesdropper Accuracy: 0.8704545454545455 112 1
Communication round: 112, Aggregated Accuracies: 0.8789285714285711 113
Communication round: 112, Eavesdropper Accuracy: 0.8704545454545455 113 1
Communication round: 113, Eavesdropper Accuracy: 0.8727272727272727 114 1
Communication round: 114, Eavesdropper Accuracy: 0.8886363636363637 115 1
Communication round: 115, Aggregated Accuracies: 0.8772619047619047 116
Communication round: 115, Eavesdropper Accuracy: 0.8863636363636364 116 1
Communication round: 116, Eavesdropper Accuracy: 0.865909090909091 117 1
Communication round: 117, Eavesdropper Accuracy: 0.884090909090909 118 1
Communication round: 118, Eavesdropper Accuracy: 0.875 119 1
Communication round: 119, Eavesdropper Accuracy: 0.8727272727272727 120 1
Communication round: 120, Eavesdropper Accuracy: 0.8568181818181818 121 1
Communication round: 121, Aggregated Accuracies: 0.8766666666666667 122
Communication round: 121, Eavesdropper Accuracy: 0.8704545454545455 122 1
Communication round: 122, Eavesdropper Accuracy: 0.8863636363636364 123 1
Communication round: 123, Aggregated Accuracies: 0.8766666666666666 124
Communication round: 123, Eavesdropper Accuracy: 0.8727272727272727 124 1
Communication round: 124, Eavesdropper Accuracy: 0.8613636363636363 125 1
Communication round: 125, Aggregated Accuracies: 0.8801190476190479 126
Communication round: 125, Eavesdropper Accuracy: 0.8636363636363636 126 1
Communication round: 126, Eavesdropper Accuracy: 0.8909090909090909 126 0
Communication round: 127, Eavesdropper Accuracy: 0.8886363636363637 126 0
Communication round: 128, Eavesdropper Accuracy: 0.8863636363636364 126 0
Communication round: 129, Eavesdropper Accuracy: 0.865909090909091 126 0
Communication round: 130, Eavesdropper Accuracy: 0.8909090909090909 126 0
Communication round: 131, Eavesdropper Accuracy: 0.8704545454545455 126 0
Communication round: 132, Eavesdropper Accuracy: 0.8772727272727273 126 0
Communication round: 133, Eavesdropper Accuracy: 0.8795454545454545 126 0
Communication round: 134, Eavesdropper Accuracy: 0.8863636363636364 126 0
Communication round: 135, Eavesdropper Accuracy: 0.8681818181818182 126 0
Communication round: 136, Eavesdropper Accuracy: 0.8681818181818182 126 0
Communication round: 137, Eavesdropper Accuracy: 0.8886363636363637 126 0
Communication round: 138, Eavesdropper Accuracy: 0.865909090909091 126 0
Communication round: 139, Eavesdropper Accuracy: 0.8909090909090909 126 0
Communication round: 140, Eavesdropper Accuracy: 0.8727272727272727 126 0
Communication round: 141, Eavesdropper Accuracy: 0.8704545454545455 126 0
Communication round: 142, Eavesdropper Accuracy: 0.8772727272727273 126 0
Communication round: 143, Eavesdropper Accuracy: 0.8954545454545455 126 0
Communication round: 144, Eavesdropper Accuracy: 0.8704545454545455 126 0
Communication round: 145, Eavesdropper Accuracy: 0.8795454545454545 126 0
Communication round: 146, Eavesdropper Accuracy: 0.875 126 0
Communication round: 147, Eavesdropper Accuracy: 0.8909090909090909 126 0
Communication round: 148, Eavesdropper Accuracy: 0.8863636363636364 126 0
Communication round: 149, Eavesdropper Accuracy: 0.8863636363636364 126 0
Communication round: 150, Eavesdropper Accuracy: 0.8795454545454545 126 0
Communication round: 151, Eavesdropper Accuracy: 0.8931818181818182 126 0
Communication round: 152, Eavesdropper Accuracy: 0.9045454545454545 126 0
Communication round: 153, Eavesdropper Accuracy: 0.8727272727272727 126 0
Communication round: 154, Eavesdropper Accuracy: 0.8909090909090909 126 0
Communication round: 155, Eavesdropper Accuracy: 0.9022727272727272 126 0
Communication round: 156, Eavesdropper Accuracy: 0.8545454545454545 126 0
Communication round: 157, Eavesdropper Accuracy: 0.8931818181818182 126 0
Communication round: 158, Eavesdropper Accuracy: 0.8795454545454545 126 0
Communication round: 159, Eavesdropper Accuracy: 0.8727272727272727 126 0
Communication round: 160, Eavesdropper Accuracy: 0.8886363636363637 126 0
Communication round: 161, Eavesdropper Accuracy: 0.8909090909090909 126 0
Communication round: 162, Eavesdropper Accuracy: 0.9022727272727272 126 0
Communication round: 163, Eavesdropper Accuracy: 0.865909090909091 126 0
Communication round: 164, Eavesdropper Accuracy: 0.8909090909090909 126 0
Communication round: 165, Eavesdropper Accuracy: 0.8727272727272727 126 0
Communication round: 166, Eavesdropper Accuracy: 0.8772727272727273 126 0
Communication round: 167, Eavesdropper Accuracy: 0.8931818181818182 126 0
Communication round: 168, Eavesdropper Accuracy: 0.8931818181818182 126 0
Communication round: 169, Eavesdropper Accuracy: 0.8727272727272727 126 0
Communication round: 170, Eavesdropper Accuracy: 0.865909090909091 126 0
Communication round: 171, Eavesdropper Accuracy: 0.8909090909090909 126 0
Communication round: 172, Eavesdropper Accuracy: 0.8795454545454545 126 0
Communication round: 173, Eavesdropper Accuracy: 0.884090909090909 126 0
Communication round: 174, Eavesdropper Accuracy: 0.8772727272727273 126 0
Communication round: 175, Eavesdropper Accuracy: 0.8795454545454545 126 0
Communication round: 176, Eavesdropper Accuracy: 0.8681818181818182 126 0
Communication round: 177, Eavesdropper Accuracy: 0.8863636363636364 126 0
Communication round: 178, Eavesdropper Accuracy: 0.8613636363636363 126 0
Communication round: 179, Eavesdropper Accuracy: 0.875 126 0
Communication round: 180, Eavesdropper Accuracy: 0.8431818181818181 126 0
Communication round: 181, Eavesdropper Accuracy: 0.8772727272727273 126 0
Communication round: 182, Eavesdropper Accuracy: 0.8727272727272727 126 0
Communication round: 183, Eavesdropper Accuracy: 0.8886363636363637 126 0
Communication round: 184, Eavesdropper Accuracy: 0.8863636363636364 126 0
Communication round: 185, Eavesdropper Accuracy: 0.8886363636363637 126 0
Communication round: 186, Eavesdropper Accuracy: 0.8568181818181818 126 0
Communication round: 187, Eavesdropper Accuracy: 0.8863636363636364 126 0
Communication round: 188, Eavesdropper Accuracy: 0.8590909090909091 126 0
Communication round: 189, Eavesdropper Accuracy: 0.8545454545454545 126 0
Communication round: 190, Eavesdropper Accuracy: 0.8886363636363637 126 0
Communication round: 191, Eavesdropper Accuracy: 0.8795454545454545 126 0
Communication round: 192, Eavesdropper Accuracy: 0.8727272727272727 126 0
Communication round: 193, Eavesdropper Accuracy: 0.865909090909091 126 0
Communication round: 194, Eavesdropper Accuracy: 0.8863636363636364 126 0
Communication round: 195, Eavesdropper Accuracy: 0.8613636363636363 126 0
Communication round: 196, Eavesdropper Accuracy: 0.8568181818181818 126 0
Communication round: 197, Eavesdropper Accuracy: 0.9 126 0
Communication round: 198, Eavesdropper Accuracy: 0.875 126 0
Communication round: 199, Eavesdropper Accuracy: 0.884090909090909 126 0
Communication round: 200, Eavesdropper Accuracy: 0.875 126 0
Communication round: 201, Eavesdropper Accuracy: 0.8704545454545455 126 0
Communication round: 202, Eavesdropper Accuracy: 0.8681818181818182 126 0
Communication round: 203, Eavesdropper Accuracy: 0.9022727272727272 126 0
Communication round: 204, Eavesdropper Accuracy: 0.8636363636363636 126 0
Communication round: 205, Eavesdropper Accuracy: 0.884090909090909 126 0
Communication round: 206, Eavesdropper Accuracy: 0.8909090909090909 126 0
Communication round: 207, Eavesdropper Accuracy: 0.8863636363636364 126 0
Communication round: 208, Eavesdropper Accuracy: 0.884090909090909 126 0
Communication round: 209, Eavesdropper Accuracy: 0.865909090909091 126 0
Communication round: 210, Eavesdropper Accuracy: 0.8977272727272727 126 0
Communication round: 211, Eavesdropper Accuracy: 0.884090909090909 126 0
Communication round: 212, Eavesdropper Accuracy: 0.8727272727272727 126 0
Communication round: 213, Eavesdropper Accuracy: 0.8772727272727273 126 0
Communication round: 214, Eavesdropper Accuracy: 0.8477272727272728 126 0
Communication round: 215, Eavesdropper Accuracy: 0.8954545454545455 126 0
Communication round: 216, Eavesdropper Accuracy: 0.9022727272727272 126 0
Communication round: 217, Eavesdropper Accuracy: 0.8681818181818182 126 0
Communication round: 218, Eavesdropper Accuracy: 0.8636363636363636 126 0
Communication round: 219, Eavesdropper Accuracy: 0.8727272727272727 126 0
----------------------------------------------------------------------------------------------------
----------------------------------------------------------------------------------------------------
P0_True_
----------------------------------------------------------------------------------------------------
Communication round: 0, Eavesdropper Accuracy: 0.125 1 1
Communication round: 1, Eavesdropper Accuracy: 0.11818181818181818 2 1
Communication round: 2, Eavesdropper Accuracy: 0.11363636363636363 3 1
Communication round: 3, Aggregated Accuracies: 0.14809523809523806 4
Communication round: 3, Eavesdropper Accuracy: 0.175 4 1
Communication round: 4, Aggregated Accuracies: 0.20011904761904767 5
Communication round: 4, Eavesdropper Accuracy: 0.25 5 1
Communication round: 5, Aggregated Accuracies: 0.2369047619047618 6
Communication round: 5, Eavesdropper Accuracy: 0.25681818181818183 6 1
Communication round: 6, Eavesdropper Accuracy: 0.27045454545454545 7 1
Communication round: 7, Eavesdropper Accuracy: 0.2318181818181818 8 1
Communication round: 8, Eavesdropper Accuracy: 0.2340909090909091 9 1
Communication round: 9, Eavesdropper Accuracy: 0.25681818181818183 10 1
Communication round: 10, Eavesdropper Accuracy: 0.24772727272727274 11 1
Communication round: 11, Eavesdropper Accuracy: 0.2636363636363636 12 1
Communication round: 12, Aggregated Accuracies: 0.26202380952380944 13
Communication round: 12, Eavesdropper Accuracy: 0.3 13 1
Communication round: 13, Eavesdropper Accuracy: 0.26590909090909093 14 1
Communication round: 14, Aggregated Accuracies: 0.3002380952380954 15
Communication round: 14, Eavesdropper Accuracy: 0.3522727272727273 15 1
Communication round: 15, Eavesdropper Accuracy: 0.3840909090909091 16 1
Communication round: 16, Eavesdropper Accuracy: 0.35 17 1
Communication round: 17, Aggregated Accuracies: 0.32333333333333353 18
Communication round: 17, Eavesdropper Accuracy: 0.4113636363636364 18 1
Communication round: 18, Eavesdropper Accuracy: 0.3659090909090909 19 1
Communication round: 19, Eavesdropper Accuracy: 0.3840909090909091 20 1
Communication round: 20, Eavesdropper Accuracy: 0.37272727272727274 21 1
Communication round: 21, Eavesdropper Accuracy: 0.35909090909090907 22 1
Communication round: 22, Aggregated Accuracies: 0.3623809523809526 23
Communication round: 22, Eavesdropper Accuracy: 0.42954545454545456 23 1
Communication round: 23, Aggregated Accuracies: 0.38428571428571445 24
Communication round: 23, Eavesdropper Accuracy: 0.4159090909090909 24 1
Communication round: 24, Aggregated Accuracies: 0.42452380952380964 25
Communication round: 24, Eavesdropper Accuracy: 0.4772727272727273 25 1
Communication round: 25, Aggregated Accuracies: 0.4538095238095238 26
Communication round: 25, Eavesdropper Accuracy: 0.5227272727272727 26 1
Communication round: 26, Aggregated Accuracies: 0.4795238095238095 27
Communication round: 26, Eavesdropper Accuracy: 0.525 27 1
Communication round: 27, Aggregated Accuracies: 0.5063095238095239 28
Communication round: 27, Eavesdropper Accuracy: 0.5386363636363637 28 1
Communication round: 28, Aggregated Accuracies: 0.5316666666666667 29
Communication round: 28, Eavesdropper Accuracy: 0.5681818181818182 29 1
Communication round: 29, Aggregated Accuracies: 0.5485714285714286 30
Communication round: 29, Eavesdropper Accuracy: 0.5909090909090909 30 1
Communication round: 30, Aggregated Accuracies: 0.5670238095238094 31
Communication round: 30, Eavesdropper Accuracy: 0.6068181818181818 31 1
Communication round: 31, Aggregated Accuracies: 0.5830952380952381 32
Communication round: 31, Eavesdropper Accuracy: 0.65 32 1
Communication round: 32, Aggregated Accuracies: 0.5977380952380951 33
Communication round: 32, Eavesdropper Accuracy: 0.6090909090909091 33 1
Communication round: 33, Eavesdropper Accuracy: 0.5977272727272728 34 1
Communication round: 34, Aggregated Accuracies: 0.6103571428571428 35
Communication round: 34, Eavesdropper Accuracy: 0.6295454545454545 35 1
Communication round: 35, Eavesdropper Accuracy: 0.6318181818181818 36 1
Communication round: 36, Aggregated Accuracies: 0.6189285714285714 37
Communication round: 36, Eavesdropper Accuracy: 0.6386363636363637 37 1
Communication round: 37, Aggregated Accuracies: 0.6378571428571429 38
Communication round: 37, Eavesdropper Accuracy: 0.6795454545454546 38 1
Communication round: 38, Eavesdropper Accuracy: 0.65 39 1
Communication round: 39, Eavesdropper Accuracy: 0.6477272727272727 40 1
Communication round: 40, Aggregated Accuracies: 0.6477380952380952 41
Communication round: 40, Eavesdropper Accuracy: 0.65 41 1
Communication round: 41, Aggregated Accuracies: 0.6575000000000001 42
Communication round: 41, Eavesdropper Accuracy: 0.6954545454545454 42 1
Communication round: 42, Eavesdropper Accuracy: 0.6795454545454546 43 1
Communication round: 43, Eavesdropper Accuracy: 0.6840909090909091 44 1
Communication round: 44, Aggregated Accuracies: 0.6739285714285714 45
Communication round: 44, Eavesdropper Accuracy: 0.7022727272727273 45 1
Communication round: 45, Aggregated Accuracies: 0.6801190476190475 46
Communication round: 45, Eavesdropper Accuracy: 0.6909090909090909 46 1
Communication round: 46, Aggregated Accuracies: 0.6960714285714286 47
Communication round: 46, Eavesdropper Accuracy: 0.6977272727272728 47 1
Communication round: 47, Aggregated Accuracies: 0.709047619047619 48
Communication round: 47, Eavesdropper Accuracy: 0.7068181818181818 48 1
Communication round: 48, Aggregated Accuracies: 0.7132142857142859 49
Communication round: 48, Eavesdropper Accuracy: 0.7136363636363636 49 1
Communication round: 49, Aggregated Accuracies: 0.7308333333333332 50
Communication round: 49, Eavesdropper Accuracy: 0.740909090909091 50 1
Communication round: 50, Aggregated Accuracies: 0.7386904761904765 51
Communication round: 50, Eavesdropper Accuracy: 0.7477272727272727 51 1
Communication round: 51, Aggregated Accuracies: 0.7508333333333335 52
Communication round: 51, Eavesdropper Accuracy: 0.7795454545454545 52 1
Communication round: 52, Aggregated Accuracies: 0.7569047619047619 53
Communication round: 52, Eavesdropper Accuracy: 0.7863636363636364 53 1
Communication round: 53, Aggregated Accuracies: 0.7696428571428572 54
Communication round: 53, Eavesdropper Accuracy: 0.7727272727272727 54 1
Communication round: 54, Aggregated Accuracies: 0.7767857142857143 55
Communication round: 54, Eavesdropper Accuracy: 0.8136363636363636 55 1
Communication round: 55, Eavesdropper Accuracy: 0.8090909090909091 56 1
Communication round: 56, Aggregated Accuracies: 0.7828571428571428 57
Communication round: 56, Eavesdropper Accuracy: 0.8113636363636364 57 1
Communication round: 57, Aggregated Accuracies: 0.7870238095238095 58
Communication round: 57, Eavesdropper Accuracy: 0.7954545454545454 58 1
Communication round: 58, Eavesdropper Accuracy: 0.8431818181818181 59 1
Communication round: 59, Eavesdropper Accuracy: 0.8227272727272728 60 1
Communication round: 60, Aggregated Accuracies: 0.7969047619047619 61
Communication round: 60, Eavesdropper Accuracy: 0.8 61 1
Communication round: 61, Eavesdropper Accuracy: 0.8204545454545454 62 1
Communication round: 62, Eavesdropper Accuracy: 0.7772727272727272 63 1
Communication round: 63, Eavesdropper Accuracy: 0.8204545454545454 64 1
Communication round: 64, Eavesdropper Accuracy: 0.8136363636363636 65 1
Communication round: 65, Aggregated Accuracies: 0.7946428571428573 66
Communication round: 65, Eavesdropper Accuracy: 0.8045454545454546 66 1
Communication round: 66, Aggregated Accuracies: 0.7988095238095239 67
Communication round: 66, Eavesdropper Accuracy: 0.8068181818181818 67 1
Communication round: 67, Eavesdropper Accuracy: 0.7931818181818182 68 1
Communication round: 68, Aggregated Accuracies: 0.8039285714285714 69
Communication round: 68, Eavesdropper Accuracy: 0.8409090909090909 69 1
Communication round: 69, Aggregated Accuracies: 0.8089285714285713 70
Communication round: 69, Eavesdropper Accuracy: 0.8590909090909091 70 1
Communication round: 70, Aggregated Accuracies: 0.818452380952381 71
Communication round: 70, Eavesdropper Accuracy: 0.8272727272727273 71 1
Communication round: 71, Aggregated Accuracies: 0.8238095238095238 72
Communication round: 71, Eavesdropper Accuracy: 0.8818181818181818 72 1
Communication round: 72, Aggregated Accuracies: 0.824047619047619 73
Communication round: 72, Eavesdropper Accuracy: 0.8545454545454545 73 1
Communication round: 73, Aggregated Accuracies: 0.8316666666666667 74
Communication round: 73, Eavesdropper Accuracy: 0.8363636363636363 74 1
Communication round: 74, Aggregated Accuracies: 0.8342857142857142 75
Communication round: 74, Eavesdropper Accuracy: 0.8727272727272727 75 1
Communication round: 75, Aggregated Accuracies: 0.8366666666666667 76
Communication round: 75, Eavesdropper Accuracy: 0.865909090909091 76 1
Communication round: 76, Aggregated Accuracies: 0.8417857142857141 77
Communication round: 76, Eavesdropper Accuracy: 0.8772727272727273 77 1
Communication round: 77, Aggregated Accuracies: 0.8467857142857141 78
Communication round: 77, Eavesdropper Accuracy: 0.8636363636363636 78 1
Communication round: 78, Aggregated Accuracies: 0.8471428571428572 79
Communication round: 78, Eavesdropper Accuracy: 0.8772727272727273 79 1
Communication round: 79, Aggregated Accuracies: 0.8482142857142858 80
Communication round: 79, Eavesdropper Accuracy: 0.8772727272727273 80 1
Communication round: 80, Eavesdropper Accuracy: 0.884090909090909 81 1
Communication round: 81, Eavesdropper Accuracy: 0.8863636363636364 82 1
Communication round: 82, Aggregated Accuracies: 0.854642857142857 83
Communication round: 82, Eavesdropper Accuracy: 0.8772727272727273 83 1
Communication round: 83, Eavesdropper Accuracy: 0.865909090909091 84 1
Communication round: 84, Aggregated Accuracies: 0.8542857142857139 85
Communication round: 84, Eavesdropper Accuracy: 0.884090909090909 85 1
Communication round: 85, Eavesdropper Accuracy: 0.8795454545454545 86 1
Communication round: 86, Eavesdropper Accuracy: 0.8886363636363637 87 1
Communication round: 87, Eavesdropper Accuracy: 0.8886363636363637 88 1
Communication round: 88, Eavesdropper Accuracy: 0.8409090909090909 89 1
Communication round: 89, Eavesdropper Accuracy: 0.865909090909091 90 1
Communication round: 90, Aggregated Accuracies: 0.8591666666666665 91
Communication round: 90, Eavesdropper Accuracy: 0.8772727272727273 91 1
Communication round: 91, Eavesdropper Accuracy: 0.884090909090909 92 1
Communication round: 92, Aggregated Accuracies: 0.862142857142857 93
Communication round: 92, Eavesdropper Accuracy: 0.884090909090909 93 1
Communication round: 93, Aggregated Accuracies: 0.8641666666666665 94
Communication round: 93, Eavesdropper Accuracy: 0.9022727272727272 94 1
Communication round: 94, Aggregated Accuracies: 0.8614285714285715 95
Communication round: 94, Eavesdropper Accuracy: 0.8727272727272727 95 1
Communication round: 95, Aggregated Accuracies: 0.8676190476190474 96
Communication round: 95, Eavesdropper Accuracy: 0.9136363636363637 96 1
Communication round: 96, Eavesdropper Accuracy: 0.875 97 1
Communication round: 97, Aggregated Accuracies: 0.8727380952380948 98
Communication round: 97, Eavesdropper Accuracy: 0.9 98 1
Communication round: 98, Aggregated Accuracies: 0.8703571428571426 99
Communication round: 98, Eavesdropper Accuracy: 0.8886363636363637 99 1
Communication round: 99, Aggregated Accuracies: 0.8707142857142858 100
Communication round: 99, Eavesdropper Accuracy: 0.8909090909090909 100 1
Communication round: 100, Eavesdropper Accuracy: 0.8909090909090909 101 1
Communication round: 101, Eavesdropper Accuracy: 0.9022727272727272 102 1
Communication round: 102, Eavesdropper Accuracy: 0.8909090909090909 103 1
Communication round: 103, Aggregated Accuracies: 0.8729761904761901 104
Communication round: 103, Eavesdropper Accuracy: 0.9022727272727272 104 1
Communication round: 104, Aggregated Accuracies: 0.8748809523809523 105
Communication round: 104, Eavesdropper Accuracy: 0.925 105 1
Communication round: 105, Aggregated Accuracies: 0.8758333333333329 106
Communication round: 105, Eavesdropper Accuracy: 0.9090909090909091 106 1
Communication round: 106, Aggregated Accuracies: 0.8796428571428573 107
Communication round: 106, Eavesdropper Accuracy: 0.9136363636363637 107 1
Communication round: 107, Aggregated Accuracies: 0.8810714285714287 108
Communication round: 107, Eavesdropper Accuracy: 0.9204545454545454 108 1
Communication round: 108, Aggregated Accuracies: 0.8829761904761904 109
Communication round: 108, Eavesdropper Accuracy: 0.8886363636363637 109 1
Communication round: 109, Aggregated Accuracies: 0.8822619047619045 110
Communication round: 109, Eavesdropper Accuracy: 0.9136363636363637 110 1
Communication round: 110, Aggregated Accuracies: 0.8857142857142856 111
Communication round: 110, Eavesdropper Accuracy: 0.9045454545454545 111 1
Communication round: 111, Aggregated Accuracies: 0.8878571428571427 112
Communication round: 111, Eavesdropper Accuracy: 0.8886363636363637 112 1
Communication round: 112, Aggregated Accuracies: 0.887738095238095 113
Communication round: 112, Eavesdropper Accuracy: 0.9 113 1
Communication round: 113, Eavesdropper Accuracy: 0.9090909090909091 113 0
Communication round: 114, Eavesdropper Accuracy: 0.8977272727272727 113 0
Communication round: 115, Eavesdropper Accuracy: 0.9022727272727272 113 0
Communication round: 116, Eavesdropper Accuracy: 0.8954545454545455 113 0
Communication round: 117, Eavesdropper Accuracy: 0.9113636363636364 113 0
Communication round: 118, Eavesdropper Accuracy: 0.9045454545454545 113 0
Communication round: 119, Eavesdropper Accuracy: 0.9090909090909091 113 0
Communication round: 120, Eavesdropper Accuracy: 0.9159090909090909 113 0
Communication round: 121, Eavesdropper Accuracy: 0.9113636363636364 113 0
Communication round: 122, Eavesdropper Accuracy: 0.8931818181818182 113 0
Communication round: 123, Eavesdropper Accuracy: 0.9340909090909091 113 0
Communication round: 124, Eavesdropper Accuracy: 0.925 113 0
Communication round: 125, Eavesdropper Accuracy: 0.9159090909090909 113 0
Communication round: 126, Eavesdropper Accuracy: 0.9113636363636364 113 0
Communication round: 127, Eavesdropper Accuracy: 0.8931818181818182 113 0
Communication round: 128, Eavesdropper Accuracy: 0.9136363636363637 113 0
Communication round: 129, Eavesdropper Accuracy: 0.9113636363636364 113 0
Communication round: 130, Eavesdropper Accuracy: 0.9068181818181819 113 0
Communication round: 131, Eavesdropper Accuracy: 0.9068181818181819 113 0
Communication round: 132, Eavesdropper Accuracy: 0.9022727272727272 113 0
Communication round: 133, Eavesdropper Accuracy: 0.884090909090909 113 0
Communication round: 134, Eavesdropper Accuracy: 0.9 113 0
Communication round: 135, Eavesdropper Accuracy: 0.9022727272727272 113 0
Communication round: 136, Eavesdropper Accuracy: 0.8954545454545455 113 0
Communication round: 137, Eavesdropper Accuracy: 0.9090909090909091 113 0
Communication round: 138, Eavesdropper Accuracy: 0.8886363636363637 113 0
Communication round: 139, Eavesdropper Accuracy: 0.9068181818181819 113 0
Communication round: 140, Eavesdropper Accuracy: 0.9045454545454545 113 0
Communication round: 141, Eavesdropper Accuracy: 0.9090909090909091 113 0
Communication round: 142, Eavesdropper Accuracy: 0.9113636363636364 113 0
Communication round: 143, Eavesdropper Accuracy: 0.9068181818181819 113 0
Communication round: 144, Eavesdropper Accuracy: 0.8977272727272727 113 0
Communication round: 145, Eavesdropper Accuracy: 0.9181818181818182 113 0
Communication round: 146, Eavesdropper Accuracy: 0.9136363636363637 113 0
Communication round: 147, Eavesdropper Accuracy: 0.8931818181818182 113 0
Communication round: 148, Eavesdropper Accuracy: 0.9159090909090909 113 0
Communication round: 149, Eavesdropper Accuracy: 0.9113636363636364 113 0
Communication round: 150, Eavesdropper Accuracy: 0.9068181818181819 113 0
Communication round: 151, Eavesdropper Accuracy: 0.9159090909090909 113 0
Communication round: 152, Eavesdropper Accuracy: 0.9159090909090909 113 0
Communication round: 153, Eavesdropper Accuracy: 0.8909090909090909 113 0
Communication round: 154, Eavesdropper Accuracy: 0.9318181818181818 113 0
Communication round: 155, Eavesdropper Accuracy: 0.9113636363636364 113 0
Communication round: 156, Eavesdropper Accuracy: 0.9090909090909091 113 0
Communication round: 157, Eavesdropper Accuracy: 0.8954545454545455 113 0
Communication round: 158, Eavesdropper Accuracy: 0.9022727272727272 113 0
Communication round: 159, Eavesdropper Accuracy: 0.9045454545454545 113 0
Communication round: 160, Eavesdropper Accuracy: 0.9068181818181819 113 0
Communication round: 161, Eavesdropper Accuracy: 0.8931818181818182 113 0
Communication round: 162, Eavesdropper Accuracy: 0.8909090909090909 113 0
Communication round: 163, Eavesdropper Accuracy: 0.8977272727272727 113 0
Communication round: 164, Eavesdropper Accuracy: 0.9090909090909091 113 0
Communication round: 165, Eavesdropper Accuracy: 0.9068181818181819 113 0
Communication round: 166, Eavesdropper Accuracy: 0.9113636363636364 113 0
Communication round: 167, Eavesdropper Accuracy: 0.9136363636363637 113 0
Communication round: 168, Eavesdropper Accuracy: 0.9295454545454546 113 0
Communication round: 169, Eavesdropper Accuracy: 0.8909090909090909 113 0
Communication round: 170, Eavesdropper Accuracy: 0.9272727272727272 113 0
Communication round: 171, Eavesdropper Accuracy: 0.9090909090909091 113 0
Communication round: 172, Eavesdropper Accuracy: 0.9181818181818182 113 0
Communication round: 173, Eavesdropper Accuracy: 0.8954545454545455 113 0
Communication round: 174, Eavesdropper Accuracy: 0.9318181818181818 113 0
Communication round: 175, Eavesdropper Accuracy: 0.9227272727272727 113 0
Communication round: 176, Eavesdropper Accuracy: 0.9136363636363637 113 0
Communication round: 177, Eavesdropper Accuracy: 0.9113636363636364 113 0
Communication round: 178, Eavesdropper Accuracy: 0.9181818181818182 113 0
Communication round: 179, Eavesdropper Accuracy: 0.9090909090909091 113 0
Communication round: 180, Eavesdropper Accuracy: 0.9045454545454545 113 0
Communication round: 181, Eavesdropper Accuracy: 0.9090909090909091 113 0
Communication round: 182, Eavesdropper Accuracy: 0.9113636363636364 113 0
Communication round: 183, Eavesdropper Accuracy: 0.9181818181818182 113 0
Communication round: 184, Eavesdropper Accuracy: 0.9022727272727272 113 0
Communication round: 185, Eavesdropper Accuracy: 0.9 113 0
Communication round: 186, Eavesdropper Accuracy: 0.9113636363636364 113 0
Communication round: 187, Eavesdropper Accuracy: 0.9159090909090909 113 0
Communication round: 188, Eavesdropper Accuracy: 0.8977272727272727 113 0
Communication round: 189, Eavesdropper Accuracy: 0.8954545454545455 113 0
Communication round: 190, Eavesdropper Accuracy: 0.9136363636363637 113 0
Communication round: 191, Eavesdropper Accuracy: 0.9068181818181819 113 0
Communication round: 192, Eavesdropper Accuracy: 0.8977272727272727 113 0
Communication round: 193, Eavesdropper Accuracy: 0.9113636363636364 113 0
Communication round: 194, Eavesdropper Accuracy: 0.9204545454545454 113 0
Communication round: 195, Eavesdropper Accuracy: 0.9045454545454545 113 0
Communication round: 196, Eavesdropper Accuracy: 0.9090909090909091 113 0
Communication round: 197, Eavesdropper Accuracy: 0.9136363636363637 113 0
Communication round: 198, Eavesdropper Accuracy: 0.925 113 0
Communication round: 199, Eavesdropper Accuracy: 0.9068181818181819 113 0
Communication round: 200, Eavesdropper Accuracy: 0.8977272727272727 113 0
Communication round: 201, Eavesdropper Accuracy: 0.9227272727272727 113 0
Communication round: 202, Eavesdropper Accuracy: 0.9068181818181819 113 0
Communication round: 203, Eavesdropper Accuracy: 0.9227272727272727 113 0
Communication round: 204, Eavesdropper Accuracy: 0.9090909090909091 113 0
Communication round: 205, Eavesdropper Accuracy: 0.9022727272727272 113 0
Communication round: 206, Eavesdropper Accuracy: 0.9068181818181819 113 0
Communication round: 207, Eavesdropper Accuracy: 0.9113636363636364 113 0
Communication round: 208, Eavesdropper Accuracy: 0.9022727272727272 113 0
Communication round: 209, Eavesdropper Accuracy: 0.9204545454545454 113 0
Communication round: 210, Eavesdropper Accuracy: 0.9 113 0
Communication round: 211, Eavesdropper Accuracy: 0.9068181818181819 113 0
Communication round: 212, Eavesdropper Accuracy: 0.9227272727272727 113 0
Communication round: 213, Eavesdropper Accuracy: 0.9136363636363637 113 0
Communication round: 214, Eavesdropper Accuracy: 0.8931818181818182 113 0
Communication round: 215, Eavesdropper Accuracy: 0.9136363636363637 113 0
Communication round: 216, Eavesdropper Accuracy: 0.9068181818181819 113 0
Communication round: 217, Eavesdropper Accuracy: 0.9113636363636364 113 0
Communication round: 218, Eavesdropper Accuracy: 0.9227272727272727 113 0
Communication round: 219, Eavesdropper Accuracy: 0.9227272727272727 113 0
----------------------------------------------------------------------------------------------------
