----------------------------------------------------------------------------------------------------
P0_False_
----------------------------------------------------------------------------------------------------
Communication round: 0, Eavesdropper Accuracy: 0.08863636363636364 1 1
Communication round: 1, Eavesdropper Accuracy: 0.07272727272727272 2 1
Communication round: 2, Eavesdropper Accuracy: 0.08636363636363636 2 0
Communication round: 3, Eavesdropper Accuracy: 0.10227272727272728 3 1
Communication round: 4, Eavesdropper Accuracy: 0.08636363636363636 4 1
Communication round: 5, Aggregated Accuracies: 0.13404761904761908 5
Communication round: 5, Eavesdropper Accuracy: 0.15454545454545454 5 1
Communication round: 6, Eavesdropper Accuracy: 0.17272727272727273 5 0
Communication round: 7, Aggregated Accuracies: 0.14988095238095245 6
Communication round: 7, Eavesdropper Accuracy: 0.1318181818181818 6 1
Communication round: 8, Aggregated Accuracies: 0.1671428571428572 7
Communication round: 8, Eavesdropper Accuracy: 0.17954545454545454 7 1
Communication round: 9, Aggregated Accuracies: 0.19916666666666677 8
Communication round: 9, Eavesdropper Accuracy: 0.18409090909090908 8 1
Communication round: 10, Aggregated Accuracies: 0.21595238095238103 9
Communication round: 10, Eavesdropper Accuracy: 0.20454545454545456 9 1
Communication round: 11, Aggregated Accuracies: 0.23333333333333325 10
Communication round: 11, Eavesdropper Accuracy: 0.21136363636363636 10 1
Communication round: 12, Eavesdropper Accuracy: 0.20227272727272727 11 1
Communication round: 13, Eavesdropper Accuracy: 0.22045454545454546 12 1
Communication round: 14, Eavesdropper Accuracy: 0.19318181818181818 12 0
Communication round: 15, Eavesdropper Accuracy: 0.17727272727272728 12 0
Communication round: 16, Eavesdropper Accuracy: 0.19090909090909092 12 0
Communication round: 17, Eavesdropper Accuracy: 0.20909090909090908 13 1
Communication round: 18, Eavesdropper Accuracy: 0.225 13 0
Communication round: 19, Eavesdropper Accuracy: 0.21363636363636362 14 1
Communication round: 20, Eavesdropper Accuracy: 0.21363636363636362 14 0
Communication round: 21, Eavesdropper Accuracy: 0.20227272727272727 15 1
Communication round: 22, Eavesdropper Accuracy: 0.22727272727272727 15 0
Communication round: 23, Eavesdropper Accuracy: 0.2 15 0
Communication round: 24, Eavesdropper Accuracy: 0.21363636363636362 15 0
Communication round: 25, Eavesdropper Accuracy: 0.22954545454545455 15 0
Communication round: 26, Eavesdropper Accuracy: 0.20454545454545456 15 0
Communication round: 27, Eavesdropper Accuracy: 0.21136363636363636 16 1
Communication round: 28, Aggregated Accuracies: 0.24880952380952376 17
Communication round: 28, Eavesdropper Accuracy: 0.225 17 1
Communication round: 29, Aggregated Accuracies: 0.25119047619047624 18
Communication round: 29, Eavesdropper Accuracy: 0.22727272727272727 18 1
Communication round: 30, Eavesdropper Accuracy: 0.2340909090909091 19 1
Communication round: 31, Eavesdropper Accuracy: 0.23863636363636365 20 1
Communication round: 32, Eavesdropper Accuracy: 0.25227272727272726 21 1
Communication round: 33, Aggregated Accuracies: 0.25690476190476186 22
Communication round: 33, Eavesdropper Accuracy: 0.25227272727272726 22 1
Communication round: 34, Eavesdropper Accuracy: 0.26136363636363635 23 1
Communication round: 35, Eavesdropper Accuracy: 0.2545454545454545 23 0
Communication round: 36, Eavesdropper Accuracy: 0.26136363636363635 23 0
Communication round: 37, Aggregated Accuracies: 0.26749999999999996 24
Communication round: 37, Eavesdropper Accuracy: 0.2590909090909091 24 1
Communication round: 38, Eavesdropper Accuracy: 0.2840909090909091 24 0
Communication round: 39, Eavesdropper Accuracy: 0.24772727272727274 24 0
Communication round: 40, Eavesdropper Accuracy: 0.2590909090909091 24 0
Communication round: 41, Aggregated Accuracies: 0.2745238095238096 25
Communication round: 41, Eavesdropper Accuracy: 0.22954545454545455 25 1
Communication round: 42, Aggregated Accuracies: 0.2829761904761905 26
Communication round: 42, Eavesdropper Accuracy: 0.2727272727272727 26 1
Communication round: 43, Aggregated Accuracies: 0.288452380952381 27
Communication round: 43, Eavesdropper Accuracy: 0.275 27 1
Communication round: 44, Aggregated Accuracies: 0.2959523809523811 28
Communication round: 44, Eavesdropper Accuracy: 0.2863636363636364 28 1
Communication round: 45, Aggregated Accuracies: 0.3057142857142859 29
Communication round: 45, Eavesdropper Accuracy: 0.31136363636363634 29 1
Communication round: 46, Aggregated Accuracies: 0.30833333333333346 30
Communication round: 46, Eavesdropper Accuracy: 0.3 30 1
Communication round: 47, Eavesdropper Accuracy: 0.2863636363636364 30 0
Communication round: 48, Eavesdropper Accuracy: 0.2909090909090909 30 0
Communication round: 49, Aggregated Accuracies: 0.3144047619047621 31
Communication round: 49, Eavesdropper Accuracy: 0.33181818181818185 31 1
Communication round: 50, Eavesdropper Accuracy: 0.33181818181818185 32 1
Communication round: 51, Eavesdropper Accuracy: 0.32727272727272727 32 0
Communication round: 52, Eavesdropper Accuracy: 0.2863636363636364 33 1
Communication round: 53, Eavesdropper Accuracy: 0.31136363636363634 33 0
Communication round: 54, Aggregated Accuracies: 0.32011904761904775 34
Communication round: 54, Eavesdropper Accuracy: 0.3068181818181818 34 1
Communication round: 55, Aggregated Accuracies: 0.32571428571428584 35
Communication round: 55, Eavesdropper Accuracy: 0.32954545454545453 35 1
Communication round: 56, Aggregated Accuracies: 0.32809523809523833 36
Communication round: 56, Eavesdropper Accuracy: 0.32045454545454544 36 1
Communication round: 57, Aggregated Accuracies: 0.33595238095238117 37
Communication round: 57, Eavesdropper Accuracy: 0.35909090909090907 37 1
Communication round: 58, Aggregated Accuracies: 0.34297619047619066 38
Communication round: 58, Eavesdropper Accuracy: 0.33636363636363636 38 1
Communication round: 59, Aggregated Accuracies: 0.35250000000000026 39
Communication round: 59, Eavesdropper Accuracy: 0.3386363636363636 39 1
Communication round: 60, Aggregated Accuracies: 0.35619047619047645 40
Communication round: 60, Eavesdropper Accuracy: 0.35 40 1
Communication round: 61, Aggregated Accuracies: 0.36273809523809547 41
Communication round: 61, Eavesdropper Accuracy: 0.33636363636363636 41 1
Communication round: 62, Aggregated Accuracies: 0.3703571428571431 42
Communication round: 62, Eavesdropper Accuracy: 0.37727272727272726 42 1
Communication round: 63, Aggregated Accuracies: 0.3786904761904764 43
Communication round: 63, Eavesdropper Accuracy: 0.4022727272727273 43 1
Communication round: 64, Aggregated Accuracies: 0.38476190476190497 44
Communication round: 64, Eavesdropper Accuracy: 0.34545454545454546 44 1
Communication round: 65, Aggregated Accuracies: 0.3907142857142859 45
Communication round: 65, Eavesdropper Accuracy: 0.37727272727272726 45 1
Communication round: 66, Eavesdropper Accuracy: 0.36363636363636365 45 0
Communication round: 67, Aggregated Accuracies: 0.3930952380952383 46
Communication round: 67, Eavesdropper Accuracy: 0.3659090909090909 46 1
Communication round: 68, Eavesdropper Accuracy: 0.4090909090909091 46 0
Communication round: 69, Eavesdropper Accuracy: 0.4068181818181818 46 0
Communication round: 70, Eavesdropper Accuracy: 0.38636363636363635 46 0
Communication round: 71, Eavesdropper Accuracy: 0.3795454545454545 46 0
Communication round: 72, Eavesdropper Accuracy: 0.3886363636363636 46 0
Communication round: 73, Eavesdropper Accuracy: 0.425 46 0
Communication round: 74, Eavesdropper Accuracy: 0.39090909090909093 46 0
Communication round: 75, Eavesdropper Accuracy: 0.40454545454545454 46 0
Communication round: 76, Eavesdropper Accuracy: 0.38181818181818183 46 0
Communication round: 77, Eavesdropper Accuracy: 0.3795454545454545 46 0
Communication round: 78, Eavesdropper Accuracy: 0.38181818181818183 46 0
Communication round: 79, Eavesdropper Accuracy: 0.39545454545454545 46 0
Communication round: 80, Eavesdropper Accuracy: 0.3568181818181818 46 0
Communication round: 81, Eavesdropper Accuracy: 0.3522727272727273 46 0
Communication round: 82, Eavesdropper Accuracy: 0.34545454545454546 46 0
Communication round: 83, Eavesdropper Accuracy: 0.41363636363636364 46 0
Communication round: 84, Eavesdropper Accuracy: 0.35909090909090907 46 0
Communication round: 85, Eavesdropper Accuracy: 0.37727272727272726 46 0
Communication round: 86, Eavesdropper Accuracy: 0.39545454545454545 46 0
Communication round: 87, Eavesdropper Accuracy: 0.37272727272727274 46 0
Communication round: 88, Eavesdropper Accuracy: 0.36363636363636365 46 0
Communication round: 89, Eavesdropper Accuracy: 0.4 46 0
Communication round: 90, Eavesdropper Accuracy: 0.40454545454545454 46 0
Communication round: 91, Smart Eavesdropper Accuracy: 0.4340909090909091 46 0
Communication round: 92, Smart Eavesdropper Accuracy: 0.39090909090909093 46 0
Communication round: 93, Smart Eavesdropper Accuracy: 0.42727272727272725 46 0
Communication round: 94, Smart Eavesdropper Accuracy: 0.40454545454545454 46 0
Communication round: 95, Smart Eavesdropper Accuracy: 0.425 46 0
Communication round: 96, Smart Eavesdropper Accuracy: 0.39545454545454545 46 0
Communication round: 97, Smart Eavesdropper Accuracy: 0.35909090909090907 46 0
Communication round: 98, Smart Eavesdropper Accuracy: 0.3409090909090909 46 0
Communication round: 99, Smart Eavesdropper Accuracy: 0.3386363636363636 46 0
----------------------------------------------------------------------------------------------------
