----------------------------------------------------------------------------------------------------
P0_False_
----------------------------------------------------------------------------------------------------
Communication round: 0, Smart Eavesdropper Accuracy: 0.0880952380952381 0 0
Communication round: 1, Smart Eavesdropper Accuracy: 0.11190476190476191 0 0
Communication round: 2, Smart Eavesdropper Accuracy: 0.11666666666666667 1 1
Communication round: 3, Smart Eavesdropper Accuracy: 0.12142857142857143 2 1
Communication round: 4, Eavesdropper Accuracy: 0.08571428571428572 3 1
Communication round: 5, Eavesdropper Accuracy: 0.08571428571428572 4 1
Communication round: 6, Eavesdropper Accuracy: 0.08571428571428572 5 1
Communication round: 7, Eavesdropper Accuracy: 0.08571428571428572 6 1
Communication round: 8, Aggregated Accuracies: 0.11761904761904761 7
Communication round: 8, Eavesdropper Accuracy: 0.13333333333333333 7 1
Communication round: 9, Eavesdropper Accuracy: 0.13333333333333333 7 0
Communication round: 10, Eavesdropper Accuracy: 0.13333333333333333 7 0
Communication round: 11, Eavesdropper Accuracy: 0.13333333333333333 7 0
Communication round: 12, Eavesdropper Accuracy: 0.13333333333333333 7 0
Communication round: 13, Smart Eavesdropper Accuracy: 0.09523809523809523 7 0
Communication round: 14, Eavesdropper Accuracy: 0.13333333333333333 8 1
Communication round: 15, Eavesdropper Accuracy: 0.13333333333333333 9 1
Communication round: 16, Eavesdropper Accuracy: 0.13333333333333333 10 1
Communication round: 17, Eavesdropper Accuracy: 0.13333333333333333 10 0
Communication round: 18, Eavesdropper Accuracy: 0.13333333333333333 10 0
Communication round: 19, Smart Eavesdropper Accuracy: 0.14285714285714285 10 0
Communication round: 20, Smart Eavesdropper Accuracy: 0.11666666666666667 10 0
Communication round: 21, Smart Eavesdropper Accuracy: 0.1 10 0
Communication round: 22, Smart Eavesdropper Accuracy: 0.21904761904761905 11 1
Communication round: 23, Smart Eavesdropper Accuracy: 0.23809523809523808 11 0
Communication round: 24, Smart Eavesdropper Accuracy: 0.22142857142857142 11 0
Communication round: 25, Smart Eavesdropper Accuracy: 0.2 11 0
Communication round: 26, Smart Eavesdropper Accuracy: 0.20952380952380953 12 1
Communication round: 27, Aggregated Accuracies: 0.1475 13
Communication round: 27, Smart Eavesdropper Accuracy: 0.24523809523809523 13 1
Communication round: 28, Aggregated Accuracies: 0.16821428571428573 14
Communication round: 28, Smart Eavesdropper Accuracy: 0.21428571428571427 14 1
Communication round: 29, Smart Eavesdropper Accuracy: 0.22380952380952382 14 0
Communication round: 30, Aggregated Accuracies: 0.3388095238095237 15
Communication round: 30, Smart Eavesdropper Accuracy: 0.21666666666666667 15 1
Communication round: 31, Smart Eavesdropper Accuracy: 0.2261904761904762 15 0
Communication round: 32, Smart Eavesdropper Accuracy: 0.2785714285714286 15 0
Communication round: 33, Aggregated Accuracies: 0.4463095238095238 16
Communication round: 33, Smart Eavesdropper Accuracy: 0.3 16 1
Communication round: 34, Aggregated Accuracies: 0.5139285714285715 17
Communication round: 34, Smart Eavesdropper Accuracy: 0.28095238095238095 17 1
Communication round: 35, Smart Eavesdropper Accuracy: 0.30714285714285716 18 1
Communication round: 36, Aggregated Accuracies: 0.5492857142857143 19
Communication round: 36, Eavesdropper Accuracy: 0.8261904761904761 19 1
Communication round: 37, Eavesdropper Accuracy: 0.8261904761904761 20 1
Communication round: 38, Eavesdropper Accuracy: 0.8261904761904761 21 1
Communication round: 39, Eavesdropper Accuracy: 0.8261904761904761 22 1
Communication round: 40, Eavesdropper Accuracy: 0.8261904761904761 22 0
Communication round: 41, Eavesdropper Accuracy: 0.8261904761904761 23 1
Communication round: 42, Eavesdropper Accuracy: 0.8261904761904761 24 1
Communication round: 43, Eavesdropper Accuracy: 0.8261904761904761 25 1
Communication round: 44, Eavesdropper Accuracy: 0.8261904761904761 26 1
Communication round: 45, Eavesdropper Accuracy: 0.8261904761904761 27 1
Communication round: 46, Eavesdropper Accuracy: 0.8261904761904761 28 1
Communication round: 47, Aggregated Accuracies: 0.61 29
Communication round: 47, Eavesdropper Accuracy: 0.7952380952380952 29 1
Communication round: 48, Aggregated Accuracies: 0.5755952380952379 30
Communication round: 48, Eavesdropper Accuracy: 0.8285714285714286 30 1
Communication round: 49, Aggregated Accuracies: 0.6129761904761901 31
Communication round: 49, Eavesdropper Accuracy: 0.7357142857142858 31 1
Communication round: 50, Aggregated Accuracies: 0.6841666666666666 32
Communication round: 50, Eavesdropper Accuracy: 0.8047619047619048 32 1
Communication round: 51, Aggregated Accuracies: 0.7076190476190475 33
Communication round: 51, Eavesdropper Accuracy: 0.8119047619047619 33 1
Communication round: 52, Aggregated Accuracies: 0.7627380952380953 34
Communication round: 52, Eavesdropper Accuracy: 0.8761904761904762 34 1
Communication round: 53, Aggregated Accuracies: 0.7404761904761906 35
Communication round: 53, Eavesdropper Accuracy: 0.8857142857142857 35 1
Communication round: 54, Aggregated Accuracies: 0.7890476190476191 36
Communication round: 54, Eavesdropper Accuracy: 0.9071428571428571 36 1
Communication round: 55, Aggregated Accuracies: 0.783690476190476 37
Communication round: 55, Eavesdropper Accuracy: 0.9119047619047619 37 1
Communication round: 56, Aggregated Accuracies: 0.8028571428571434 38
Communication round: 56, Eavesdropper Accuracy: 0.9285714285714286 38 1
Communication round: 57, Aggregated Accuracies: 0.8135714285714287 39
Communication round: 57, Eavesdropper Accuracy: 0.9166666666666666 39 1
Communication round: 58, Aggregated Accuracies: 0.8123809523809529 40
Communication round: 58, Eavesdropper Accuracy: 0.9285714285714286 40 1
Communication round: 59, Aggregated Accuracies: 0.8260714285714289 41
Communication round: 59, Eavesdropper Accuracy: 0.930952380952381 41 1
Communication round: 60, Aggregated Accuracies: 0.833214285714286 42
Communication round: 60, Eavesdropper Accuracy: 0.930952380952381 42 1
Communication round: 61, Aggregated Accuracies: 0.8408333333333333 43
Communication round: 61, Eavesdropper Accuracy: 0.9333333333333333 43 1
Communication round: 62, Aggregated Accuracies: 0.8415476190476192 44
Communication round: 62, Eavesdropper Accuracy: 0.9404761904761905 44 1
Communication round: 63, Aggregated Accuracies: 0.8485714285714282 45
Communication round: 63, Eavesdropper Accuracy: 0.9404761904761905 45 1
Communication round: 64, Aggregated Accuracies: 0.8535714285714284 46
Communication round: 64, Eavesdropper Accuracy: 0.9452380952380952 46 1
Communication round: 65, Aggregated Accuracies: 0.8584523809523806 47
Communication round: 65, Eavesdropper Accuracy: 0.9357142857142857 47 1
Communication round: 66, Aggregated Accuracies: 0.8527380952380951 48
Communication round: 66, Eavesdropper Accuracy: 0.9428571428571428 48 1
Communication round: 67, Aggregated Accuracies: 0.8554761904761906 49
Communication round: 67, Eavesdropper Accuracy: 0.9428571428571428 49 1
Communication round: 68, Aggregated Accuracies: 0.8689285714285717 50
Communication round: 68, Eavesdropper Accuracy: 0.9476190476190476 50 1
Communication round: 69, Aggregated Accuracies: 0.8727380952380948 51
Communication round: 69, Eavesdropper Accuracy: 0.9452380952380952 51 1
Communication round: 70, Eavesdropper Accuracy: 0.9452380952380952 51 0
Communication round: 71, Eavesdropper Accuracy: 0.9452380952380952 51 0
Communication round: 72, Eavesdropper Accuracy: 0.9452380952380952 51 0
Communication round: 73, Eavesdropper Accuracy: 0.9452380952380952 51 0
Communication round: 74, Eavesdropper Accuracy: 0.9452380952380952 51 0
Communication round: 75, Eavesdropper Accuracy: 0.9452380952380952 51 0
Communication round: 76, Eavesdropper Accuracy: 0.9452380952380952 51 0
Communication round: 77, Eavesdropper Accuracy: 0.9452380952380952 51 0
Communication round: 78, Eavesdropper Accuracy: 0.9452380952380952 51 0
Communication round: 79, Eavesdropper Accuracy: 0.9452380952380952 51 0
Communication round: 80, Eavesdropper Accuracy: 0.9452380952380952 51 0
Communication round: 81, Eavesdropper Accuracy: 0.9452380952380952 51 0
Communication round: 82, Eavesdropper Accuracy: 0.9452380952380952 51 0
Communication round: 83, Eavesdropper Accuracy: 0.9452380952380952 51 0
Communication round: 84, Eavesdropper Accuracy: 0.9452380952380952 51 0
Communication round: 85, Eavesdropper Accuracy: 0.9452380952380952 51 0
Communication round: 86, Eavesdropper Accuracy: 0.9452380952380952 51 0
Communication round: 87, Eavesdropper Accuracy: 0.9452380952380952 51 0
Communication round: 88, Eavesdropper Accuracy: 0.9452380952380952 51 0
Communication round: 89, Eavesdropper Accuracy: 0.9452380952380952 51 0
Communication round: 90, Eavesdropper Accuracy: 0.9452380952380952 51 0
Communication round: 91, Eavesdropper Accuracy: 0.9452380952380952 51 0
Communication round: 92, Eavesdropper Accuracy: 0.9452380952380952 51 0
Communication round: 93, Eavesdropper Accuracy: 0.9452380952380952 51 0
Communication round: 94, Eavesdropper Accuracy: 0.9452380952380952 51 0
Communication round: 95, Eavesdropper Accuracy: 0.9452380952380952 51 0
Communication round: 96, Eavesdropper Accuracy: 0.9452380952380952 51 0
Communication round: 97, Eavesdropper Accuracy: 0.9452380952380952 51 0
Communication round: 98, Eavesdropper Accuracy: 0.9452380952380952 51 0
Communication round: 99, Eavesdropper Accuracy: 0.9452380952380952 51 0
----------------------------------------------------------------------------------------------------
----------------------------------------------------------------------------------------------------
P0_False_
----------------------------------------------------------------------------------------------------
Communication round: 0, Eavesdropper Accuracy: 0.1357142857142857 1 1
Communication round: 1, Eavesdropper Accuracy: 0.1357142857142857 2 1
Communication round: 2, Eavesdropper Accuracy: 0.1357142857142857 3 1
Communication round: 3, Eavesdropper Accuracy: 0.1357142857142857 3 0
Communication round: 4, Aggregated Accuracies: 0.12333333333333324 4
Communication round: 4, Eavesdropper Accuracy: 0.17857142857142858 4 1
Communication round: 5, Aggregated Accuracies: 0.20047619047619047 5
Communication round: 5, Eavesdropper Accuracy: 0.3238095238095238 5 1
Communication round: 6, Aggregated Accuracies: 0.22452380952380968 6
Communication round: 6, Eavesdropper Accuracy: 0.2785714285714286 6 1
Communication round: 7, Aggregated Accuracies: 0.2744047619047619 7
Communication round: 7, Eavesdropper Accuracy: 0.45 7 1
Communication round: 8, Aggregated Accuracies: 0.34857142857142853 8
Communication round: 8, Eavesdropper Accuracy: 0.5857142857142857 8 1
Communication round: 9, Eavesdropper Accuracy: 0.5857142857142857 8 0
Communication round: 10, Aggregated Accuracies: 0.4840476190476189 9
Communication round: 10, Eavesdropper Accuracy: 0.7380952380952381 9 1
Communication round: 11, Aggregated Accuracies: 0.558095238095238 10
Communication round: 11, Eavesdropper Accuracy: 0.7571428571428571 10 1
Communication round: 12, Eavesdropper Accuracy: 0.7571428571428571 10 0
Communication round: 13, Eavesdropper Accuracy: 0.7571428571428571 10 0
Communication round: 14, Aggregated Accuracies: 0.6138095238095238 11
Communication round: 14, Eavesdropper Accuracy: 0.8452380952380952 11 1
Communication round: 15, Aggregated Accuracies: 0.6501190476190476 12
Communication round: 15, Eavesdropper Accuracy: 0.8238095238095238 12 1
Communication round: 16, Eavesdropper Accuracy: 0.8238095238095238 12 0
Communication round: 17, Aggregated Accuracies: 0.6434523809523813 13
Communication round: 17, Eavesdropper Accuracy: 0.861904761904762 13 1
Communication round: 18, Aggregated Accuracies: 0.671904761904762 14
Communication round: 18, Eavesdropper Accuracy: 0.8285714285714286 14 1
Communication round: 19, Aggregated Accuracies: 0.7136904761904763 15
Communication round: 19, Eavesdropper Accuracy: 0.8904761904761904 15 1
Communication round: 20, Aggregated Accuracies: 0.7348809523809524 16
Communication round: 20, Eavesdropper Accuracy: 0.8523809523809524 16 1
Communication round: 21, Aggregated Accuracies: 0.7298809523809523 17
Communication round: 21, Eavesdropper Accuracy: 0.8976190476190476 17 1
Communication round: 22, Eavesdropper Accuracy: 0.8976190476190476 17 0
Communication round: 23, Eavesdropper Accuracy: 0.8976190476190476 17 0
Communication round: 24, Eavesdropper Accuracy: 0.8976190476190476 17 0
Communication round: 25, Aggregated Accuracies: 0.7288095238095239 18
Communication round: 25, Eavesdropper Accuracy: 0.8238095238095238 18 1
Communication round: 26, Aggregated Accuracies: 0.7347619047619047 19
Communication round: 26, Eavesdropper Accuracy: 0.8761904761904762 19 1
Communication round: 27, Eavesdropper Accuracy: 0.8761904761904762 19 0
Communication round: 28, Aggregated Accuracies: 0.760952380952381 20
Communication round: 28, Eavesdropper Accuracy: 0.8738095238095238 20 1
Communication round: 29, Eavesdropper Accuracy: 0.8738095238095238 21 1
Communication round: 30, Aggregated Accuracies: 0.7954761904761907 22
Communication round: 30, Eavesdropper Accuracy: 0.9 22 1
Communication round: 31, Aggregated Accuracies: 0.8066666666666671 23
Communication round: 31, Eavesdropper Accuracy: 0.9 23 1
Communication round: 32, Aggregated Accuracies: 0.8121428571428574 24
Communication round: 32, Eavesdropper Accuracy: 0.9119047619047619 24 1
Communication round: 33, Aggregated Accuracies: 0.8254761904761907 25
Communication round: 33, Eavesdropper Accuracy: 0.919047619047619 25 1
Communication round: 34, Aggregated Accuracies: 0.8173809523809525 26
Communication round: 34, Eavesdropper Accuracy: 0.9214285714285714 26 1
Communication round: 35, Aggregated Accuracies: 0.8303571428571428 27
Communication round: 35, Eavesdropper Accuracy: 0.9333333333333333 27 1
Communication round: 36, Eavesdropper Accuracy: 0.9333333333333333 27 0
Communication round: 37, Aggregated Accuracies: 0.8516666666666665 28
Communication round: 37, Eavesdropper Accuracy: 0.9380952380952381 28 1
Communication round: 38, Aggregated Accuracies: 0.8591666666666665 29
Communication round: 38, Eavesdropper Accuracy: 0.9404761904761905 29 1
Communication round: 39, Aggregated Accuracies: 0.8498809523809524 30
Communication round: 39, Eavesdropper Accuracy: 0.9428571428571428 30 1
Communication round: 40, Aggregated Accuracies: 0.8614285714285714 31
Communication round: 40, Eavesdropper Accuracy: 0.9428571428571428 31 1
Communication round: 41, Aggregated Accuracies: 0.852261904761905 32
Communication round: 41, Eavesdropper Accuracy: 0.9452380952380952 32 1
Communication round: 42, Aggregated Accuracies: 0.8790476190476187 33
Communication round: 42, Eavesdropper Accuracy: 0.9452380952380952 33 1
Communication round: 43, Aggregated Accuracies: 0.8627380952380952 34
Communication round: 43, Eavesdropper Accuracy: 0.9476190476190476 34 1
Communication round: 44, Eavesdropper Accuracy: 0.9476190476190476 34 0
Communication round: 45, Eavesdropper Accuracy: 0.9476190476190476 34 0
Communication round: 46, Eavesdropper Accuracy: 0.9476190476190476 34 0
Communication round: 47, Eavesdropper Accuracy: 0.9476190476190476 34 0
Communication round: 48, Eavesdropper Accuracy: 0.9476190476190476 34 0
Communication round: 49, Eavesdropper Accuracy: 0.9476190476190476 34 0
Communication round: 50, Eavesdropper Accuracy: 0.9476190476190476 34 0
Communication round: 51, Eavesdropper Accuracy: 0.9476190476190476 34 0
Communication round: 52, Eavesdropper Accuracy: 0.9476190476190476 34 0
Communication round: 53, Eavesdropper Accuracy: 0.9476190476190476 34 0
Communication round: 54, Eavesdropper Accuracy: 0.9476190476190476 34 0
Communication round: 55, Eavesdropper Accuracy: 0.9476190476190476 34 0
Communication round: 56, Eavesdropper Accuracy: 0.9476190476190476 34 0
Communication round: 57, Eavesdropper Accuracy: 0.9476190476190476 34 0
Communication round: 58, Eavesdropper Accuracy: 0.9476190476190476 34 0
Communication round: 59, Eavesdropper Accuracy: 0.9476190476190476 34 0
Communication round: 60, Eavesdropper Accuracy: 0.9476190476190476 34 0
Communication round: 61, Eavesdropper Accuracy: 0.9476190476190476 34 0
Communication round: 62, Eavesdropper Accuracy: 0.9476190476190476 34 0
Communication round: 63, Eavesdropper Accuracy: 0.9476190476190476 34 0
Communication round: 64, Eavesdropper Accuracy: 0.9476190476190476 34 0
Communication round: 65, Eavesdropper Accuracy: 0.9476190476190476 34 0
Communication round: 66, Eavesdropper Accuracy: 0.9476190476190476 34 0
Communication round: 67, Smart Eavesdropper Accuracy: 0.9476190476190476 34 0
Communication round: 68, Smart Eavesdropper Accuracy: 0.9452380952380952 34 0
Communication round: 69, Smart Eavesdropper Accuracy: 0.9523809523809523 34 0
Communication round: 70, Smart Eavesdropper Accuracy: 0.9523809523809523 34 0
Communication round: 71, Smart Eavesdropper Accuracy: 0.9333333333333333 34 0
Communication round: 72, Smart Eavesdropper Accuracy: 0.9380952380952381 34 0
Communication round: 73, Smart Eavesdropper Accuracy: 0.9404761904761905 34 0
Communication round: 74, Smart Eavesdropper Accuracy: 0.9380952380952381 34 0
Communication round: 75, Smart Eavesdropper Accuracy: 0.9428571428571428 34 0
Communication round: 76, Smart Eavesdropper Accuracy: 0.9357142857142857 34 0
Communication round: 77, Smart Eavesdropper Accuracy: 0.9428571428571428 34 0
Communication round: 78, Smart Eavesdropper Accuracy: 0.9428571428571428 34 0
Communication round: 79, Smart Eavesdropper Accuracy: 0.9428571428571428 34 0
Communication round: 80, Smart Eavesdropper Accuracy: 0.9428571428571428 34 0
Communication round: 81, Smart Eavesdropper Accuracy: 0.9428571428571428 34 0
Communication round: 82, Smart Eavesdropper Accuracy: 0.9404761904761905 34 0
Communication round: 83, Smart Eavesdropper Accuracy: 0.9476190476190476 34 0
Communication round: 84, Smart Eavesdropper Accuracy: 0.9452380952380952 34 0
Communication round: 85, Smart Eavesdropper Accuracy: 0.8952380952380953 34 0
Communication round: 86, Smart Eavesdropper Accuracy: 0.919047619047619 34 0
Communication round: 87, Smart Eavesdropper Accuracy: 0.930952380952381 34 0
Communication round: 88, Smart Eavesdropper Accuracy: 0.9238095238095239 34 0
Communication round: 89, Smart Eavesdropper Accuracy: 0.9261904761904762 34 0
Communication round: 90, Smart Eavesdropper Accuracy: 0.9238095238095239 34 0
Communication round: 91, Smart Eavesdropper Accuracy: 0.930952380952381 34 0
Communication round: 92, Smart Eavesdropper Accuracy: 0.9333333333333333 34 0
Communication round: 93, Smart Eavesdropper Accuracy: 0.930952380952381 34 0
Communication round: 94, Smart Eavesdropper Accuracy: 0.9333333333333333 34 0
Communication round: 95, Smart Eavesdropper Accuracy: 0.9333333333333333 34 0
Communication round: 96, Smart Eavesdropper Accuracy: 0.930952380952381 34 0
Communication round: 97, Smart Eavesdropper Accuracy: 0.930952380952381 34 0
Communication round: 98, Smart Eavesdropper Accuracy: 0.930952380952381 34 0
Communication round: 99, Smart Eavesdropper Accuracy: 0.930952380952381 34 0
----------------------------------------------------------------------------------------------------
----------------------------------------------------------------------------------------------------
P0_False_
----------------------------------------------------------------------------------------------------
Communication round: 0, Eavesdropper Accuracy: 0.047619047619047616 1 1
Communication round: 1, Aggregated Accuracies: 0.15916666666666665 2
Communication round: 1, Eavesdropper Accuracy: 0.21904761904761905 2 1
Communication round: 2, Eavesdropper Accuracy: 0.21904761904761905 3 1
Communication round: 3, Eavesdropper Accuracy: 0.21904761904761905 3 0
Communication round: 4, Eavesdropper Accuracy: 0.21904761904761905 3 0
Communication round: 5, Smart Eavesdropper Accuracy: 0.12380952380952381 3 0
Communication round: 6, Smart Eavesdropper Accuracy: 0.1595238095238095 3 0
Communication round: 7, Aggregated Accuracies: 0.16797619047619045 4
Communication round: 7, Smart Eavesdropper Accuracy: 0.10238095238095238 4 1
Communication round: 8, Aggregated Accuracies: 0.18249999999999997 5
Communication round: 8, Eavesdropper Accuracy: 0.2785714285714286 5 1
Communication round: 9, Eavesdropper Accuracy: 0.2785714285714286 6 1
Communication round: 10, Eavesdropper Accuracy: 0.2785714285714286 6 0
Communication round: 11, Smart Eavesdropper Accuracy: 0.2833333333333333 6 0
Communication round: 12, Aggregated Accuracies: 0.2860714285714286 7
Communication round: 12, Eavesdropper Accuracy: 0.44285714285714284 7 1
Communication round: 13, Smart Eavesdropper Accuracy: 0.3952380952380952 7 0
Communication round: 14, Smart Eavesdropper Accuracy: 0.30714285714285716 7 0
Communication round: 15, Smart Eavesdropper Accuracy: 0.13333333333333333 7 0
Communication round: 16, Smart Eavesdropper Accuracy: 0.33095238095238094 7 0
Communication round: 17, Smart Eavesdropper Accuracy: 0.23095238095238096 7 0
Communication round: 18, Smart Eavesdropper Accuracy: 0.2357142857142857 7 0
Communication round: 19, Smart Eavesdropper Accuracy: 0.32142857142857145 7 0
Communication round: 20, Smart Eavesdropper Accuracy: 0.42857142857142855 7 0
Communication round: 21, Smart Eavesdropper Accuracy: 0.3523809523809524 7 0
Communication round: 22, Smart Eavesdropper Accuracy: 0.4095238095238095 7 0
Communication round: 23, Smart Eavesdropper Accuracy: 0.30952380952380953 8 1
Communication round: 24, Smart Eavesdropper Accuracy: 0.3261904761904762 9 1
Communication round: 25, Aggregated Accuracies: 0.36940476190476185 10
Communication round: 25, Smart Eavesdropper Accuracy: 0.3476190476190476 10 1
Communication round: 26, Smart Eavesdropper Accuracy: 0.3238095238095238 10 0
Communication round: 27, Smart Eavesdropper Accuracy: 0.36428571428571427 10 0
Communication round: 28, Smart Eavesdropper Accuracy: 0.3142857142857143 10 0
Communication round: 29, Smart Eavesdropper Accuracy: 0.3404761904761905 10 0
Communication round: 30, Smart Eavesdropper Accuracy: 0.35714285714285715 10 0
Communication round: 31, Smart Eavesdropper Accuracy: 0.35 10 0
Communication round: 32, Smart Eavesdropper Accuracy: 0.31666666666666665 10 0
Communication round: 33, Aggregated Accuracies: 0.49000000000000005 11
Communication round: 33, Smart Eavesdropper Accuracy: 0.28809523809523807 11 1
Communication round: 34, Smart Eavesdropper Accuracy: 0.3761904761904762 11 0
Communication round: 35, Aggregated Accuracies: 0.4958333333333331 12
Communication round: 35, Smart Eavesdropper Accuracy: 0.40476190476190477 12 1
Communication round: 36, Aggregated Accuracies: 0.5700000000000002 13
Communication round: 36, Smart Eavesdropper Accuracy: 0.3904761904761905 13 1
Communication round: 37, Smart Eavesdropper Accuracy: 0.3952380952380952 14 1
Communication round: 38, Smart Eavesdropper Accuracy: 0.3333333333333333 14 0
Communication round: 39, Smart Eavesdropper Accuracy: 0.40476190476190477 14 0
Communication round: 40, Smart Eavesdropper Accuracy: 0.4452380952380952 14 0
Communication round: 41, Smart Eavesdropper Accuracy: 0.35 14 0
Communication round: 42, Smart Eavesdropper Accuracy: 0.4119047619047619 15 1
Communication round: 43, Smart Eavesdropper Accuracy: 0.3738095238095238 16 1
Communication round: 44, Smart Eavesdropper Accuracy: 0.3880952380952381 16 0
Communication round: 45, Smart Eavesdropper Accuracy: 0.3880952380952381 17 1
Communication round: 46, Smart Eavesdropper Accuracy: 0.3880952380952381 18 1
Communication round: 47, Aggregated Accuracies: 0.614047619047619 19
Communication round: 47, Smart Eavesdropper Accuracy: 0.3952380952380952 19 1
Communication round: 48, Aggregated Accuracies: 0.6509523809523807 20
Communication round: 48, Smart Eavesdropper Accuracy: 0.4023809523809524 20 1
Communication round: 49, Smart Eavesdropper Accuracy: 0.38095238095238093 20 0
Communication round: 50, Smart Eavesdropper Accuracy: 0.4023809523809524 21 1
Communication round: 51, Smart Eavesdropper Accuracy: 0.4142857142857143 21 0
Communication round: 52, Smart Eavesdropper Accuracy: 0.4261904761904762 21 0
Communication round: 53, Smart Eavesdropper Accuracy: 0.4261904761904762 22 1
Communication round: 54, Smart Eavesdropper Accuracy: 0.43333333333333335 23 1
Communication round: 55, Smart Eavesdropper Accuracy: 0.4095238095238095 24 1
Communication round: 56, Smart Eavesdropper Accuracy: 0.4452380952380952 24 0
Communication round: 57, Smart Eavesdropper Accuracy: 0.44285714285714284 25 1
Communication round: 58, Smart Eavesdropper Accuracy: 0.4357142857142857 26 1
Communication round: 59, Smart Eavesdropper Accuracy: 0.4595238095238095 26 0
Communication round: 60, Smart Eavesdropper Accuracy: 0.44761904761904764 26 0
Communication round: 61, Smart Eavesdropper Accuracy: 0.45476190476190476 27 1
Communication round: 62, Aggregated Accuracies: 0.6677380952380951 28
Communication round: 62, Smart Eavesdropper Accuracy: 0.39285714285714285 28 1
Communication round: 63, Smart Eavesdropper Accuracy: 0.40476190476190477 29 1
Communication round: 64, Smart Eavesdropper Accuracy: 0.45476190476190476 29 0
Communication round: 65, Aggregated Accuracies: 0.727261904761905 30
Communication round: 65, Smart Eavesdropper Accuracy: 0.44761904761904764 30 1
Communication round: 66, Smart Eavesdropper Accuracy: 0.4380952380952381 30 0
Communication round: 67, Aggregated Accuracies: 0.7345238095238096 31
Communication round: 67, Smart Eavesdropper Accuracy: 0.4523809523809524 31 1
Communication round: 68, Aggregated Accuracies: 0.7688095238095235 32
Communication round: 68, Smart Eavesdropper Accuracy: 0.38571428571428573 32 1
Communication round: 69, Smart Eavesdropper Accuracy: 0.47619047619047616 32 0
Communication round: 70, Aggregated Accuracies: 0.7857142857142857 33
Communication round: 70, Smart Eavesdropper Accuracy: 0.4666666666666667 33 1
Communication round: 71, Aggregated Accuracies: 0.7746428571428572 34
Communication round: 71, Smart Eavesdropper Accuracy: 0.44285714285714284 34 1
Communication round: 72, Aggregated Accuracies: 0.8030952380952384 35
Communication round: 72, Smart Eavesdropper Accuracy: 0.46190476190476193 35 1
Communication round: 73, Smart Eavesdropper Accuracy: 0.5071428571428571 35 0
Communication round: 74, Smart Eavesdropper Accuracy: 0.4261904761904762 35 0
Communication round: 75, Smart Eavesdropper Accuracy: 0.4119047619047619 35 0
Communication round: 76, Aggregated Accuracies: 0.8195238095238099 36
Communication round: 76, Smart Eavesdropper Accuracy: 0.45 36 1
Communication round: 77, Aggregated Accuracies: 0.8278571428571431 37
Communication round: 77, Smart Eavesdropper Accuracy: 0.4785714285714286 37 1
Communication round: 78, Aggregated Accuracies: 0.836904761904762 38
Communication round: 78, Smart Eavesdropper Accuracy: 0.4666666666666667 38 1
Communication round: 79, Aggregated Accuracies: 0.8190476190476192 39
Communication round: 79, Smart Eavesdropper Accuracy: 0.41904761904761906 39 1
Communication round: 80, Aggregated Accuracies: 0.831309523809524 40
Communication round: 80, Smart Eavesdropper Accuracy: 0.46190476190476193 40 1
Communication round: 81, Aggregated Accuracies: 0.8464285714285714 41
Communication round: 81, Smart Eavesdropper Accuracy: 0.3261904761904762 41 1
Communication round: 82, Aggregated Accuracies: 0.8536904761904762 42
Communication round: 82, Eavesdropper Accuracy: 0.930952380952381 42 1
Communication round: 83, Aggregated Accuracies: 0.8563095238095237 43
Communication round: 83, Eavesdropper Accuracy: 0.930952380952381 43 1
Communication round: 84, Aggregated Accuracies: 0.8601190476190478 44
Communication round: 84, Eavesdropper Accuracy: 0.930952380952381 44 1
Communication round: 85, Aggregated Accuracies: 0.8705952380952381 45
Communication round: 85, Eavesdropper Accuracy: 0.9285714285714286 45 1
Communication round: 86, Aggregated Accuracies: 0.8745238095238094 46
Communication round: 86, Eavesdropper Accuracy: 0.9452380952380952 46 1
Communication round: 87, Aggregated Accuracies: 0.8797619047619043 47
Communication round: 87, Eavesdropper Accuracy: 0.930952380952381 47 1
Communication round: 88, Aggregated Accuracies: 0.8697619047619044 48
Communication round: 88, Eavesdropper Accuracy: 0.9428571428571428 48 1
Communication round: 89, Eavesdropper Accuracy: 0.9428571428571428 48 0
Communication round: 90, Eavesdropper Accuracy: 0.9428571428571428 48 0
Communication round: 91, Eavesdropper Accuracy: 0.9428571428571428 48 0
Communication round: 92, Eavesdropper Accuracy: 0.9428571428571428 48 0
Communication round: 93, Eavesdropper Accuracy: 0.9428571428571428 48 0
Communication round: 94, Eavesdropper Accuracy: 0.9428571428571428 48 0
Communication round: 95, Smart Eavesdropper Accuracy: 0.9452380952380952 48 0
Communication round: 96, Smart Eavesdropper Accuracy: 0.9404761904761905 48 0
Communication round: 97, Smart Eavesdropper Accuracy: 0.9261904761904762 48 0
Communication round: 98, Smart Eavesdropper Accuracy: 0.9285714285714286 48 0
Communication round: 99, Smart Eavesdropper Accuracy: 0.9285714285714286 48 0
----------------------------------------------------------------------------------------------------
----------------------------------------------------------------------------------------------------
P0_False_
----------------------------------------------------------------------------------------------------
Communication round: 0, Eavesdropper Accuracy: 0.11904761904761904 1 1
Communication round: 1, Eavesdropper Accuracy: 0.11904761904761904 2 1
Communication round: 2, Eavesdropper Accuracy: 0.11904761904761904 3 1
Communication round: 3, Eavesdropper Accuracy: 0.11904761904761904 3 0
Communication round: 4, Eavesdropper Accuracy: 0.11904761904761904 3 0
Communication round: 5, Smart Eavesdropper Accuracy: 0.12857142857142856 3 0
Communication round: 6, Eavesdropper Accuracy: 0.11904761904761904 4 1
Communication round: 7, Eavesdropper Accuracy: 0.11904761904761904 5 1
Communication round: 8, Eavesdropper Accuracy: 0.11904761904761904 5 0
Communication round: 9, Eavesdropper Accuracy: 0.11904761904761904 6 1
Communication round: 10, Eavesdropper Accuracy: 0.11904761904761904 7 1
Communication round: 11, Eavesdropper Accuracy: 0.11904761904761904 8 1
Communication round: 12, Eavesdropper Accuracy: 0.11904761904761904 8 0
Communication round: 13, Eavesdropper Accuracy: 0.11904761904761904 9 1
Communication round: 14, Eavesdropper Accuracy: 0.11904761904761904 10 1
Communication round: 15, Eavesdropper Accuracy: 0.11904761904761904 10 0
Communication round: 16, Eavesdropper Accuracy: 0.11904761904761904 10 0
Communication round: 17, Eavesdropper Accuracy: 0.11904761904761904 10 0
Communication round: 18, Eavesdropper Accuracy: 0.11904761904761904 11 1
Communication round: 19, Eavesdropper Accuracy: 0.11904761904761904 11 0
Communication round: 20, Eavesdropper Accuracy: 0.11904761904761904 11 0
Communication round: 21, Smart Eavesdropper Accuracy: 0.21666666666666667 11 0
Communication round: 22, Smart Eavesdropper Accuracy: 0.11428571428571428 11 0
Communication round: 23, Smart Eavesdropper Accuracy: 0.1 11 0
Communication round: 24, Aggregated Accuracies: 0.14095238095238094 12
Communication round: 24, Smart Eavesdropper Accuracy: 0.10952380952380952 12 1
Communication round: 25, Aggregated Accuracies: 0.18178571428571427 13
Communication round: 25, Smart Eavesdropper Accuracy: 0.11190476190476191 13 1
Communication round: 26, Aggregated Accuracies: 0.22702380952380957 14
Communication round: 26, Eavesdropper Accuracy: 0.38571428571428573 14 1
Communication round: 27, Smart Eavesdropper Accuracy: 0.2642857142857143 14 0
Communication round: 28, Aggregated Accuracies: 0.3501190476190475 15
Communication round: 28, Eavesdropper Accuracy: 0.5428571428571428 15 1
Communication round: 29, Smart Eavesdropper Accuracy: 0.5047619047619047 15 0
Communication round: 30, Aggregated Accuracies: 0.4348809523809525 16
Communication round: 30, Eavesdropper Accuracy: 0.6214285714285714 16 1
Communication round: 31, Aggregated Accuracies: 0.481547619047619 17
Communication round: 31, Eavesdropper Accuracy: 0.6785714285714286 17 1
Communication round: 32, Aggregated Accuracies: 0.5604761904761904 18
Communication round: 32, Eavesdropper Accuracy: 0.7571428571428571 18 1
Communication round: 33, Eavesdropper Accuracy: 0.7571428571428571 18 0
Communication round: 34, Aggregated Accuracies: 0.6211904761904763 19
Communication round: 34, Eavesdropper Accuracy: 0.7619047619047619 19 1
Communication round: 35, Aggregated Accuracies: 0.6369047619047616 20
Communication round: 35, Eavesdropper Accuracy: 0.7976190476190477 20 1
Communication round: 36, Aggregated Accuracies: 0.6754761904761901 21
Communication round: 36, Eavesdropper Accuracy: 0.7785714285714286 21 1
Communication round: 37, Eavesdropper Accuracy: 0.7785714285714286 21 0
Communication round: 38, Aggregated Accuracies: 0.6984523809523808 22
Communication round: 38, Eavesdropper Accuracy: 0.8214285714285714 22 1
Communication round: 39, Eavesdropper Accuracy: 0.8214285714285714 22 0
Communication round: 40, Eavesdropper Accuracy: 0.8214285714285714 22 0
Communication round: 41, Eavesdropper Accuracy: 0.8214285714285714 22 0
Communication round: 42, Eavesdropper Accuracy: 0.8214285714285714 22 0
Communication round: 43, Smart Eavesdropper Accuracy: 0.8166666666666667 22 0
Communication round: 44, Smart Eavesdropper Accuracy: 0.7619047619047619 22 0
Communication round: 45, Smart Eavesdropper Accuracy: 0.7785714285714286 22 0
Communication round: 46, Smart Eavesdropper Accuracy: 0.7880952380952381 22 0
Communication round: 47, Smart Eavesdropper Accuracy: 0.7904761904761904 22 0
Communication round: 48, Smart Eavesdropper Accuracy: 0.7666666666666667 22 0
Communication round: 49, Aggregated Accuracies: 0.7302380952380954 23
Communication round: 49, Smart Eavesdropper Accuracy: 0.7642857142857142 23 1
Communication round: 50, Aggregated Accuracies: 0.7309523809523807 24
Communication round: 50, Smart Eavesdropper Accuracy: 0.7714285714285715 24 1
Communication round: 51, Smart Eavesdropper Accuracy: 0.7428571428571429 24 0
Communication round: 52, Aggregated Accuracies: 0.7371428571428575 25
Communication round: 52, Smart Eavesdropper Accuracy: 0.7071428571428572 25 1
Communication round: 53, Smart Eavesdropper Accuracy: 0.7285714285714285 25 0
Communication round: 54, Smart Eavesdropper Accuracy: 0.7523809523809524 25 0
Communication round: 55, Smart Eavesdropper Accuracy: 0.7142857142857143 25 0
Communication round: 56, Aggregated Accuracies: 0.7461904761904763 26
Communication round: 56, Smart Eavesdropper Accuracy: 0.7214285714285714 26 1
Communication round: 57, Aggregated Accuracies: 0.7635714285714289 27
Communication round: 57, Smart Eavesdropper Accuracy: 0.719047619047619 27 1
Communication round: 58, Smart Eavesdropper Accuracy: 0.7166666666666667 27 0
Communication round: 59, Aggregated Accuracies: 0.78 28
Communication round: 59, Smart Eavesdropper Accuracy: 0.7428571428571429 28 1
Communication round: 60, Aggregated Accuracies: 0.8026190476190478 29
Communication round: 60, Smart Eavesdropper Accuracy: 0.7357142857142858 29 1
Communication round: 61, Aggregated Accuracies: 0.8027380952380951 30
Communication round: 61, Smart Eavesdropper Accuracy: 0.7428571428571429 30 1
Communication round: 62, Smart Eavesdropper Accuracy: 0.7452380952380953 30 0
Communication round: 63, Smart Eavesdropper Accuracy: 0.75 30 0
Communication round: 64, Smart Eavesdropper Accuracy: 0.75 30 0
Communication round: 65, Aggregated Accuracies: 0.8100000000000004 31
Communication round: 65, Smart Eavesdropper Accuracy: 0.7071428571428572 31 1
Communication round: 66, Aggregated Accuracies: 0.8240476190476194 32
Communication round: 66, Smart Eavesdropper Accuracy: 0.7023809523809523 32 1
Communication round: 67, Aggregated Accuracies: 0.8239285714285717 33
Communication round: 67, Smart Eavesdropper Accuracy: 0.7095238095238096 33 1
Communication round: 68, Aggregated Accuracies: 0.8447619047619048 34
Communication round: 68, Smart Eavesdropper Accuracy: 0.7214285714285714 34 1
Communication round: 69, Smart Eavesdropper Accuracy: 0.7166666666666667 34 0
Communication round: 70, Smart Eavesdropper Accuracy: 0.7238095238095238 34 0
Communication round: 71, Smart Eavesdropper Accuracy: 0.7261904761904762 34 0
Communication round: 72, Smart Eavesdropper Accuracy: 0.7309523809523809 34 0
Communication round: 73, Smart Eavesdropper Accuracy: 0.7261904761904762 34 0
Communication round: 74, Smart Eavesdropper Accuracy: 0.719047619047619 34 0
Communication round: 75, Smart Eavesdropper Accuracy: 0.7285714285714285 34 0
Communication round: 76, Smart Eavesdropper Accuracy: 0.7214285714285714 34 0
Communication round: 77, Smart Eavesdropper Accuracy: 0.7071428571428572 34 0
Communication round: 78, Smart Eavesdropper Accuracy: 0.7214285714285714 34 0
Communication round: 79, Aggregated Accuracies: 0.8405952380952378 35
Communication round: 79, Smart Eavesdropper Accuracy: 0.7119047619047619 35 1
Communication round: 80, Aggregated Accuracies: 0.8369047619047619 36
Communication round: 80, Smart Eavesdropper Accuracy: 0.6833333333333333 36 1
Communication round: 81, Aggregated Accuracies: 0.8310714285714288 37
Communication round: 81, Smart Eavesdropper Accuracy: 0.7428571428571429 37 1
Communication round: 82, Smart Eavesdropper Accuracy: 0.7547619047619047 38 1
Communication round: 83, Smart Eavesdropper Accuracy: 0.7666666666666667 38 0
Communication round: 84, Aggregated Accuracies: 0.8521428571428572 39
Communication round: 84, Smart Eavesdropper Accuracy: 0.7619047619047619 39 1
Communication round: 85, Smart Eavesdropper Accuracy: 0.7714285714285715 39 0
Communication round: 86, Smart Eavesdropper Accuracy: 0.7666666666666667 40 1
Communication round: 87, Smart Eavesdropper Accuracy: 0.7690476190476191 40 0
Communication round: 88, Smart Eavesdropper Accuracy: 0.6047619047619047 40 0
Communication round: 89, Smart Eavesdropper Accuracy: 0.680952380952381 40 0
Communication round: 90, Smart Eavesdropper Accuracy: 0.7642857142857142 41 1
Communication round: 91, Smart Eavesdropper Accuracy: 0.6142857142857143 41 0
Communication round: 92, Smart Eavesdropper Accuracy: 0.6547619047619048 42 1
Communication round: 93, Smart Eavesdropper Accuracy: 0.6833333333333333 43 1
Communication round: 94, Smart Eavesdropper Accuracy: 0.6404761904761904 43 0
Communication round: 95, Smart Eavesdropper Accuracy: 0.6976190476190476 44 1
Communication round: 96, Smart Eavesdropper Accuracy: 0.7119047619047619 44 0
Communication round: 97, Smart Eavesdropper Accuracy: 0.719047619047619 45 1
Communication round: 98, Smart Eavesdropper Accuracy: 0.7261904761904762 45 0
Communication round: 99, Smart Eavesdropper Accuracy: 0.7261904761904762 46 1
----------------------------------------------------------------------------------------------------
