----------------------------------------------------------------------------------------------------
20_30_100_1_5_0.5_True_
----------------------------------------------------------------------------------------------------
Communication round: 0, Eavesdropper Accuracy: 0.1159090909090909 1 1
Communication round: 1, Eavesdropper Accuracy: 0.1159090909090909 2 1
Communication round: 2, Eavesdropper Accuracy: 0.08409090909090909 3 1
Communication round: 3, Eavesdropper Accuracy: 0.10681818181818181 4 1
Communication round: 4, Eavesdropper Accuracy: 0.09090909090909091 5 1
Communication round: 5, Aggregated Accuracies: 0.16047619047619047 6
Communication round: 5, Eavesdropper Accuracy: 0.17272727272727273 6 1
Communication round: 6, Eavesdropper Accuracy: 0.15681818181818183 7 1
Communication round: 7, Eavesdropper Accuracy: 0.16363636363636364 8 1
Communication round: 8, Aggregated Accuracies: 0.24011904761904762 9
Communication round: 8, Eavesdropper Accuracy: 0.2727272727272727 9 1
Communication round: 9, Eavesdropper Accuracy: 0.26136363636363635 10 1
Communication round: 10, Aggregated Accuracies: 0.34119047619047627 11
Communication round: 10, Eavesdropper Accuracy: 0.4068181818181818 11 1
Communication round: 11, Eavesdropper Accuracy: 0.37727272727272726 12 1
Communication round: 12, Eavesdropper Accuracy: 0.425 13 1
Communication round: 13, Aggregated Accuracies: 0.4182142857142857 14
Communication round: 13, Eavesdropper Accuracy: 0.4863636363636364 14 1
Communication round: 14, Aggregated Accuracies: 0.4795238095238096 15
Communication round: 14, Eavesdropper Accuracy: 0.5363636363636364 15 1
Communication round: 15, Aggregated Accuracies: 0.5707142857142857 16
Communication round: 15, Eavesdropper Accuracy: 0.6 16 1
Communication round: 16, Eavesdropper Accuracy: 0.6113636363636363 17 1
Communication round: 17, Eavesdropper Accuracy: 0.65 18 1
Communication round: 18, Eavesdropper Accuracy: 0.6477272727272727 19 1
Communication round: 19, Aggregated Accuracies: 0.6378571428571429 20
Communication round: 19, Eavesdropper Accuracy: 0.6886363636363636 20 1
Communication round: 20, Aggregated Accuracies: 0.6742857142857143 21
Communication round: 20, Eavesdropper Accuracy: 0.7340909090909091 21 1
Communication round: 21, Eavesdropper Accuracy: 0.75 22 1
Communication round: 22, Eavesdropper Accuracy: 0.725 23 1
Communication round: 23, Eavesdropper Accuracy: 0.6977272727272728 24 1
Communication round: 24, Eavesdropper Accuracy: 0.7295454545454545 25 1
Communication round: 25, Aggregated Accuracies: 0.7252380952380951 26
Communication round: 25, Eavesdropper Accuracy: 0.775 26 1
Communication round: 26, Eavesdropper Accuracy: 0.7659090909090909 27 1
Communication round: 27, Eavesdropper Accuracy: 0.7886363636363637 28 1
Communication round: 28, Aggregated Accuracies: 0.7458333333333333 29
Communication round: 28, Eavesdropper Accuracy: 0.7886363636363637 29 1
Communication round: 29, Eavesdropper Accuracy: 0.7772727272727272 30 1
Communication round: 30, Eavesdropper Accuracy: 0.7977272727272727 31 1
Communication round: 31, Eavesdropper Accuracy: 0.7772727272727272 32 1
Communication round: 32, Eavesdropper Accuracy: 0.7840909090909091 33 1
Communication round: 33, Eavesdropper Accuracy: 0.7977272727272727 34 1
Communication round: 34, Aggregated Accuracies: 0.7810714285714286 35
Communication round: 34, Eavesdropper Accuracy: 0.825 35 1
Communication round: 35, Aggregated Accuracies: 0.8011904761904762 36
Communication round: 35, Eavesdropper Accuracy: 0.8340909090909091 36 1
Communication round: 36, Aggregated Accuracies: 0.8239285714285713 37
Communication round: 36, Eavesdropper Accuracy: 0.8636363636363636 37 1
Communication round: 37, Aggregated Accuracies: 0.8367857142857144 38
Communication round: 37, Eavesdropper Accuracy: 0.8636363636363636 38 1
Communication round: 38, Aggregated Accuracies: 0.8474999999999999 39
Communication round: 38, Eavesdropper Accuracy: 0.8863636363636364 39 1
Communication round: 39, Aggregated Accuracies: 0.8626190476190476 40
Communication round: 39, Eavesdropper Accuracy: 0.8931818181818182 40 1
Communication round: 40, Aggregated Accuracies: 0.8739285714285714 41
Communication round: 40, Eavesdropper Accuracy: 0.9090909090909091 41 1
Communication round: 41, Aggregated Accuracies: 0.8786904761904761 42
Communication round: 41, Eavesdropper Accuracy: 0.9045454545454545 42 1
Communication round: 42, Aggregated Accuracies: 0.883095238095238 43
Communication round: 42, Eavesdropper Accuracy: 0.9113636363636364 43 1
Communication round: 43, Aggregated Accuracies: 0.8871428571428572 44
Communication round: 43, Eavesdropper Accuracy: 0.9181818181818182 44 1
Communication round: 44, Aggregated Accuracies: 0.8933333333333333 45
Communication round: 44, Eavesdropper Accuracy: 0.9045454545454545 45 1
Communication round: 45, Aggregated Accuracies: 0.8979761904761906 46
Communication round: 45, Eavesdropper Accuracy: 0.9181818181818182 46 1
Communication round: 46, Aggregated Accuracies: 0.902142857142857 47
Communication round: 46, Eavesdropper Accuracy: 0.9113636363636364 47 1
Communication round: 47, Aggregated Accuracies: 0.9072619047619048 48
Communication round: 47, Eavesdropper Accuracy: 0.925 48 1
Communication round: 48, Aggregated Accuracies: 0.9085714285714286 49
Communication round: 48, Eavesdropper Accuracy: 0.9318181818181818 49 1
Communication round: 49, Eavesdropper Accuracy: 0.9295454545454546 50 1
Communication round: 50, Aggregated Accuracies: 0.9122619047619048 51
Communication round: 50, Eavesdropper Accuracy: 0.9318181818181818 51 1
Communication round: 51, Aggregated Accuracies: 0.9198809523809522 52
Communication round: 51, Eavesdropper Accuracy: 0.9204545454545454 52 1
Communication round: 52, Eavesdropper Accuracy: 0.9295454545454546 53 1
Communication round: 53, Aggregated Accuracies: 0.9164285714285715 54
Communication round: 53, Eavesdropper Accuracy: 0.9363636363636364 54 1
Communication round: 54, Aggregated Accuracies: 0.9198809523809525 55
Communication round: 54, Eavesdropper Accuracy: 0.9272727272727272 55 1
Communication round: 55, Aggregated Accuracies: 0.9241666666666667 56
Communication round: 55, Eavesdropper Accuracy: 0.9295454545454546 56 1
Communication round: 56, Eavesdropper Accuracy: 0.9522727272727273 56 0
Communication round: 57, Eavesdropper Accuracy: 0.925 56 0
Communication round: 58, Eavesdropper Accuracy: 0.9477272727272728 56 0
Communication round: 59, Eavesdropper Accuracy: 0.9477272727272728 56 0
Communication round: 60, Eavesdropper Accuracy: 0.9363636363636364 56 0
Communication round: 61, Eavesdropper Accuracy: 0.9590909090909091 56 0
Communication round: 62, Eavesdropper Accuracy: 0.9409090909090909 56 0
Communication round: 63, Eavesdropper Accuracy: 0.9204545454545454 56 0
Communication round: 64, Eavesdropper Accuracy: 0.9318181818181818 56 0
Communication round: 65, Eavesdropper Accuracy: 0.9590909090909091 56 0
Communication round: 66, Eavesdropper Accuracy: 0.925 56 0
Communication round: 67, Eavesdropper Accuracy: 0.9340909090909091 56 0
Communication round: 68, Eavesdropper Accuracy: 0.9477272727272728 56 0
Communication round: 69, Eavesdropper Accuracy: 0.9454545454545454 56 0
Communication round: 70, Eavesdropper Accuracy: 0.9409090909090909 56 0
Communication round: 71, Eavesdropper Accuracy: 0.9568181818181818 56 0
Communication round: 72, Eavesdropper Accuracy: 0.9454545454545454 56 0
Communication round: 73, Eavesdropper Accuracy: 0.9363636363636364 56 0
Communication round: 74, Eavesdropper Accuracy: 0.9272727272727272 56 0
Communication round: 75, Eavesdropper Accuracy: 0.9181818181818182 56 0
Communication round: 76, Eavesdropper Accuracy: 0.9454545454545454 56 0
Communication round: 77, Eavesdropper Accuracy: 0.9227272727272727 56 0
Communication round: 78, Eavesdropper Accuracy: 0.9295454545454546 56 0
Communication round: 79, Eavesdropper Accuracy: 0.9363636363636364 56 0
Communication round: 80, Eavesdropper Accuracy: 0.9227272727272727 56 0
Communication round: 81, Eavesdropper Accuracy: 0.9477272727272728 56 0
Communication round: 82, Eavesdropper Accuracy: 0.925 56 0
Communication round: 83, Eavesdropper Accuracy: 0.9340909090909091 56 0
Communication round: 84, Eavesdropper Accuracy: 0.9340909090909091 56 0
Communication round: 85, Eavesdropper Accuracy: 0.925 56 0
Communication round: 86, Eavesdropper Accuracy: 0.9454545454545454 56 0
Communication round: 87, Eavesdropper Accuracy: 0.9227272727272727 56 0
Communication round: 88, Eavesdropper Accuracy: 0.9454545454545454 56 0
Communication round: 89, Eavesdropper Accuracy: 0.9386363636363636 56 0
Communication round: 90, Eavesdropper Accuracy: 0.9090909090909091 56 0
Communication round: 91, Eavesdropper Accuracy: 0.9295454545454546 56 0
Communication round: 92, Eavesdropper Accuracy: 0.9295454545454546 56 0
Communication round: 93, Eavesdropper Accuracy: 0.9386363636363636 56 0
Communication round: 94, Eavesdropper Accuracy: 0.9409090909090909 56 0
Communication round: 95, Eavesdropper Accuracy: 0.9340909090909091 56 0
Communication round: 96, Eavesdropper Accuracy: 0.9363636363636364 56 0
Communication round: 97, Eavesdropper Accuracy: 0.9318181818181818 56 0
Communication round: 98, Eavesdropper Accuracy: 0.9340909090909091 56 0
Communication round: 99, Eavesdropper Accuracy: 0.9409090909090909 56 0
----------------------------------------------------------------------------------------------------
----------------------------------------------------------------------------------------------------
20_30_100_1_5_0.5_True_
----------------------------------------------------------------------------------------------------
Communication round: 0, Eavesdropper Accuracy: 0.10454545454545454 1 1
Communication round: 1, Aggregated Accuracies: 0.19535714285714284 2
Communication round: 1, Eavesdropper Accuracy: 0.225 2 1
Communication round: 2, Aggregated Accuracies: 0.2958333333333334 3
Communication round: 2, Eavesdropper Accuracy: 0.28863636363636364 3 1
Communication round: 3, Eavesdropper Accuracy: 0.3409090909090909 4 1
Communication round: 4, Eavesdropper Accuracy: 0.34545454545454546 5 1
Communication round: 5, Aggregated Accuracies: 0.37976190476190474 6
Communication round: 5, Eavesdropper Accuracy: 0.42727272727272725 6 1
Communication round: 6, Eavesdropper Accuracy: 0.4590909090909091 7 1
Communication round: 7, Eavesdropper Accuracy: 0.44772727272727275 8 1
Communication round: 8, Eavesdropper Accuracy: 0.4590909090909091 9 1
Communication round: 9, Eavesdropper Accuracy: 0.41818181818181815 10 1
Communication round: 10, Eavesdropper Accuracy: 0.4022727272727273 11 1
Communication round: 11, Aggregated Accuracies: 0.4665476190476191 12
Communication round: 11, Eavesdropper Accuracy: 0.48863636363636365 12 1
Communication round: 12, Eavesdropper Accuracy: 0.5181818181818182 13 1
Communication round: 13, Eavesdropper Accuracy: 0.525 14 1
Communication round: 14, Eavesdropper Accuracy: 0.5318181818181819 15 1
Communication round: 15, Eavesdropper Accuracy: 0.5113636363636364 16 1
Communication round: 16, Eavesdropper Accuracy: 0.5272727272727272 17 1
Communication round: 17, Eavesdropper Accuracy: 0.55 18 1
Communication round: 18, Aggregated Accuracies: 0.5297619047619048 19
Communication round: 18, Eavesdropper Accuracy: 0.5977272727272728 19 1
Communication round: 19, Aggregated Accuracies: 0.5858333333333333 20
Communication round: 19, Eavesdropper Accuracy: 0.6386363636363637 20 1
Communication round: 20, Aggregated Accuracies: 0.6319047619047617 21
Communication round: 20, Eavesdropper Accuracy: 0.7 21 1
Communication round: 21, Aggregated Accuracies: 0.6864285714285714 22
Communication round: 21, Eavesdropper Accuracy: 0.7 22 1
Communication round: 22, Eavesdropper Accuracy: 0.7022727272727273 23 1
Communication round: 23, Aggregated Accuracies: 0.7158333333333332 24
Communication round: 23, Eavesdropper Accuracy: 0.7545454545454545 24 1
Communication round: 24, Eavesdropper Accuracy: 0.7363636363636363 25 1
Communication round: 25, Aggregated Accuracies: 0.7399999999999999 26
Communication round: 25, Eavesdropper Accuracy: 0.7795454545454545 26 1
Communication round: 26, Aggregated Accuracies: 0.7690476190476191 27
Communication round: 26, Eavesdropper Accuracy: 0.7863636363636364 27 1
Communication round: 27, Aggregated Accuracies: 0.7909523809523811 28
Communication round: 27, Eavesdropper Accuracy: 0.8022727272727272 28 1
Communication round: 28, Aggregated Accuracies: 0.8113095238095239 29
Communication round: 28, Eavesdropper Accuracy: 0.8340909090909091 29 1
Communication round: 29, Aggregated Accuracies: 0.8314285714285716 30
Communication round: 29, Eavesdropper Accuracy: 0.8386363636363636 30 1
Communication round: 30, Aggregated Accuracies: 0.849285714285714 31
Communication round: 30, Eavesdropper Accuracy: 0.8863636363636364 31 1
Communication round: 31, Aggregated Accuracies: 0.858690476190476 32
Communication round: 31, Eavesdropper Accuracy: 0.8613636363636363 32 1
Communication round: 32, Aggregated Accuracies: 0.8664285714285714 33
Communication round: 32, Eavesdropper Accuracy: 0.8704545454545455 33 1
Communication round: 33, Aggregated Accuracies: 0.8738095238095239 34
Communication round: 33, Eavesdropper Accuracy: 0.8886363636363637 34 1
Communication round: 34, Aggregated Accuracies: 0.8832142857142857 35
Communication round: 34, Eavesdropper Accuracy: 0.8818181818181818 35 1
Communication round: 35, Aggregated Accuracies: 0.8846428571428572 36
Communication round: 35, Eavesdropper Accuracy: 0.9045454545454545 36 1
Communication round: 36, Eavesdropper Accuracy: 0.875 37 1
Communication round: 37, Aggregated Accuracies: 0.894642857142857 38
Communication round: 37, Eavesdropper Accuracy: 0.9113636363636364 38 1
Communication round: 38, Aggregated Accuracies: 0.896904761904762 39
Communication round: 38, Eavesdropper Accuracy: 0.9068181818181819 39 1
Communication round: 39, Aggregated Accuracies: 0.898690476190476 40
Communication round: 39, Eavesdropper Accuracy: 0.9068181818181819 40 1
Communication round: 40, Aggregated Accuracies: 0.9011904761904761 41
Communication round: 40, Eavesdropper Accuracy: 0.9090909090909091 41 1
Communication round: 41, Aggregated Accuracies: 0.9051190476190477 42
Communication round: 41, Eavesdropper Accuracy: 0.9227272727272727 42 1
Communication round: 42, Aggregated Accuracies: 0.9111904761904762 43
Communication round: 42, Eavesdropper Accuracy: 0.9113636363636364 43 1
Communication round: 43, Aggregated Accuracies: 0.9147619047619046 44
Communication round: 43, Eavesdropper Accuracy: 0.9090909090909091 44 1
Communication round: 44, Aggregated Accuracies: 0.9170238095238095 45
Communication round: 44, Eavesdropper Accuracy: 0.95 45 1
Communication round: 45, Aggregated Accuracies: 0.9191666666666667 46
Communication round: 45, Eavesdropper Accuracy: 0.9204545454545454 46 1
Communication round: 46, Aggregated Accuracies: 0.9232142857142858 47
Communication round: 46, Eavesdropper Accuracy: 0.9295454545454546 47 1
Communication round: 47, Eavesdropper Accuracy: 0.9159090909090909 47 0
Communication round: 48, Eavesdropper Accuracy: 0.9431818181818182 47 0
Communication round: 49, Eavesdropper Accuracy: 0.9340909090909091 47 0
Communication round: 50, Eavesdropper Accuracy: 0.9181818181818182 47 0
Communication round: 51, Eavesdropper Accuracy: 0.9136363636363637 47 0
Communication round: 52, Eavesdropper Accuracy: 0.9227272727272727 47 0
Communication round: 53, Eavesdropper Accuracy: 0.9204545454545454 47 0
Communication round: 54, Eavesdropper Accuracy: 0.9272727272727272 47 0
Communication round: 55, Eavesdropper Accuracy: 0.9454545454545454 47 0
Communication round: 56, Eavesdropper Accuracy: 0.9363636363636364 47 0
Communication round: 57, Eavesdropper Accuracy: 0.9522727272727273 47 0
Communication round: 58, Eavesdropper Accuracy: 0.9659090909090909 47 0
Communication round: 59, Eavesdropper Accuracy: 0.9409090909090909 47 0
Communication round: 60, Eavesdropper Accuracy: 0.9431818181818182 47 0
Communication round: 61, Eavesdropper Accuracy: 0.9431818181818182 47 0
Communication round: 62, Eavesdropper Accuracy: 0.9272727272727272 47 0
Communication round: 63, Eavesdropper Accuracy: 0.9272727272727272 47 0
Communication round: 64, Eavesdropper Accuracy: 0.9431818181818182 47 0
Communication round: 65, Eavesdropper Accuracy: 0.9295454545454546 47 0
Communication round: 66, Eavesdropper Accuracy: 0.9090909090909091 47 0
Communication round: 67, Eavesdropper Accuracy: 0.9386363636363636 47 0
Communication round: 68, Eavesdropper Accuracy: 0.9363636363636364 47 0
Communication round: 69, Eavesdropper Accuracy: 0.925 47 0
Communication round: 70, Eavesdropper Accuracy: 0.9409090909090909 47 0
Communication round: 71, Eavesdropper Accuracy: 0.9136363636363637 47 0
Communication round: 72, Eavesdropper Accuracy: 0.9409090909090909 47 0
Communication round: 73, Eavesdropper Accuracy: 0.9409090909090909 47 0
Communication round: 74, Eavesdropper Accuracy: 0.9227272727272727 47 0
Communication round: 75, Eavesdropper Accuracy: 0.925 47 0
Communication round: 76, Eavesdropper Accuracy: 0.9363636363636364 47 0
Communication round: 77, Eavesdropper Accuracy: 0.9454545454545454 47 0
Communication round: 78, Eavesdropper Accuracy: 0.9227272727272727 47 0
Communication round: 79, Eavesdropper Accuracy: 0.9454545454545454 47 0
Communication round: 80, Eavesdropper Accuracy: 0.9409090909090909 47 0
Communication round: 81, Eavesdropper Accuracy: 0.9204545454545454 47 0
Communication round: 82, Eavesdropper Accuracy: 0.925 47 0
Communication round: 83, Eavesdropper Accuracy: 0.9272727272727272 47 0
Communication round: 84, Eavesdropper Accuracy: 0.9181818181818182 47 0
Communication round: 85, Eavesdropper Accuracy: 0.9272727272727272 47 0
Communication round: 86, Eavesdropper Accuracy: 0.9272727272727272 47 0
Communication round: 87, Eavesdropper Accuracy: 0.9 47 0
Communication round: 88, Eavesdropper Accuracy: 0.9181818181818182 47 0
Communication round: 89, Eavesdropper Accuracy: 0.9272727272727272 47 0
Communication round: 90, Eavesdropper Accuracy: 0.9159090909090909 47 0
Communication round: 91, Eavesdropper Accuracy: 0.9295454545454546 47 0
Communication round: 92, Eavesdropper Accuracy: 0.9136363636363637 47 0
Communication round: 93, Smart Eavesdropper Accuracy: 0.9136363636363637 47 0
Communication round: 94, Smart Eavesdropper Accuracy: 0.9454545454545454 47 0
Communication round: 95, Smart Eavesdropper Accuracy: 0.9477272727272728 47 0
Communication round: 96, Smart Eavesdropper Accuracy: 0.9340909090909091 47 0
Communication round: 97, Smart Eavesdropper Accuracy: 0.9477272727272728 47 0
Communication round: 98, Smart Eavesdropper Accuracy: 0.9340909090909091 47 0
Communication round: 99, Smart Eavesdropper Accuracy: 0.9681818181818181 47 0
----------------------------------------------------------------------------------------------------
----------------------------------------------------------------------------------------------------
20_30_100_1_5_0.5_True_
----------------------------------------------------------------------------------------------------
Communication round: 0, Eavesdropper Accuracy: 0.04772727272727273 1 1
Communication round: 1, Aggregated Accuracies: 0.1263095238095238 2
Communication round: 1, Eavesdropper Accuracy: 0.06136363636363636 2 1
Communication round: 2, Eavesdropper Accuracy: 0.04318181818181818 3 1
Communication round: 3, Eavesdropper Accuracy: 0.07272727272727272 4 1
Communication round: 4, Eavesdropper Accuracy: 0.0659090909090909 5 1
Communication round: 5, Aggregated Accuracies: 0.15642857142857144 6
Communication round: 5, Eavesdropper Accuracy: 0.13863636363636364 6 1
Communication round: 6, Aggregated Accuracies: 0.285952380952381 7
Communication round: 6, Eavesdropper Accuracy: 0.3431818181818182 7 1
Communication round: 7, Aggregated Accuracies: 0.3728571428571428 8
Communication round: 7, Eavesdropper Accuracy: 0.38636363636363635 8 1
Communication round: 8, Aggregated Accuracies: 0.49499999999999994 9
Communication round: 8, Eavesdropper Accuracy: 0.5454545454545454 9 1
Communication round: 9, Eavesdropper Accuracy: 0.5704545454545454 10 1
Communication round: 10, Aggregated Accuracies: 0.5570238095238095 11
Communication round: 10, Eavesdropper Accuracy: 0.6181818181818182 11 1
Communication round: 11, Eavesdropper Accuracy: 0.5795454545454546 12 1
Communication round: 12, Eavesdropper Accuracy: 0.5886363636363636 13 1
Communication round: 13, Eavesdropper Accuracy: 0.5772727272727273 14 1
Communication round: 14, Aggregated Accuracies: 0.6415476190476189 15
Communication round: 14, Eavesdropper Accuracy: 0.6659090909090909 15 1
Communication round: 15, Aggregated Accuracies: 0.6753571428571428 16
Communication round: 15, Eavesdropper Accuracy: 0.7090909090909091 16 1
Communication round: 16, Eavesdropper Accuracy: 0.6636363636363637 17 1
Communication round: 17, Aggregated Accuracies: 0.7167857142857144 18
Communication round: 17, Eavesdropper Accuracy: 0.7431818181818182 18 1
Communication round: 18, Aggregated Accuracies: 0.7426190476190475 19
Communication round: 18, Eavesdropper Accuracy: 0.775 19 1
Communication round: 19, Eavesdropper Accuracy: 0.7909090909090909 20 1
Communication round: 20, Aggregated Accuracies: 0.7717857142857143 21
Communication round: 20, Eavesdropper Accuracy: 0.7681818181818182 21 1
Communication round: 21, Eavesdropper Accuracy: 0.7454545454545455 22 1
Communication round: 22, Aggregated Accuracies: 0.8014285714285714 23
Communication round: 22, Eavesdropper Accuracy: 0.8022727272727272 23 1
Communication round: 23, Aggregated Accuracies: 0.8084523809523809 24
Communication round: 23, Eavesdropper Accuracy: 0.7772727272727272 24 1
Communication round: 24, Aggregated Accuracies: 0.8327380952380953 25
Communication round: 24, Eavesdropper Accuracy: 0.8318181818181818 25 1
Communication round: 25, Aggregated Accuracies: 0.8411904761904762 26
Communication round: 25, Eavesdropper Accuracy: 0.8613636363636363 26 1
Communication round: 26, Aggregated Accuracies: 0.8558333333333333 27
Communication round: 26, Eavesdropper Accuracy: 0.8613636363636363 27 1
Communication round: 27, Aggregated Accuracies: 0.8700000000000001 28
Communication round: 27, Eavesdropper Accuracy: 0.8636363636363636 28 1
Communication round: 28, Eavesdropper Accuracy: 0.8568181818181818 29 1
Communication round: 29, Aggregated Accuracies: 0.8784523809523808 30
Communication round: 29, Eavesdropper Accuracy: 0.8681818181818182 30 1
Communication round: 30, Aggregated Accuracies: 0.8832142857142857 31
Communication round: 30, Eavesdropper Accuracy: 0.8909090909090909 31 1
Communication round: 31, Aggregated Accuracies: 0.8899999999999999 32
Communication round: 31, Eavesdropper Accuracy: 0.8772727272727273 32 1
Communication round: 32, Aggregated Accuracies: 0.8948809523809521 33
Communication round: 32, Eavesdropper Accuracy: 0.8954545454545455 33 1
Communication round: 33, Aggregated Accuracies: 0.8970238095238093 34
Communication round: 33, Eavesdropper Accuracy: 0.9068181818181819 34 1
Communication round: 34, Aggregated Accuracies: 0.9051190476190476 35
Communication round: 34, Eavesdropper Accuracy: 0.8909090909090909 35 1
Communication round: 35, Aggregated Accuracies: 0.9040476190476191 36
Communication round: 35, Eavesdropper Accuracy: 0.8977272727272727 36 1
Communication round: 36, Aggregated Accuracies: 0.9116666666666668 37
Communication round: 36, Eavesdropper Accuracy: 0.9295454545454546 37 1
Communication round: 37, Aggregated Accuracies: 0.9123809523809522 38
Communication round: 37, Eavesdropper Accuracy: 0.9159090909090909 38 1
Communication round: 38, Aggregated Accuracies: 0.9177380952380952 39
Communication round: 38, Eavesdropper Accuracy: 0.9204545454545454 39 1
Communication round: 39, Aggregated Accuracies: 0.915595238095238 40
Communication round: 39, Eavesdropper Accuracy: 0.9159090909090909 40 1
Communication round: 40, Eavesdropper Accuracy: 0.9181818181818182 41 1
Communication round: 41, Aggregated Accuracies: 0.9200000000000002 42
Communication round: 41, Eavesdropper Accuracy: 0.925 42 1
Communication round: 42, Aggregated Accuracies: 0.9251190476190475 43
Communication round: 42, Eavesdropper Accuracy: 0.9068181818181819 43 1
Communication round: 43, Eavesdropper Accuracy: 0.9090909090909091 43 0
Communication round: 44, Eavesdropper Accuracy: 0.9068181818181819 43 0
Communication round: 45, Eavesdropper Accuracy: 0.9409090909090909 43 0
Communication round: 46, Eavesdropper Accuracy: 0.9363636363636364 43 0
Communication round: 47, Eavesdropper Accuracy: 0.9204545454545454 43 0
Communication round: 48, Eavesdropper Accuracy: 0.9295454545454546 43 0
Communication round: 49, Eavesdropper Accuracy: 0.9477272727272728 43 0
Communication round: 50, Eavesdropper Accuracy: 0.9454545454545454 43 0
Communication round: 51, Eavesdropper Accuracy: 0.9295454545454546 43 0
Communication round: 52, Eavesdropper Accuracy: 0.9272727272727272 43 0
Communication round: 53, Eavesdropper Accuracy: 0.9454545454545454 43 0
Communication round: 54, Eavesdropper Accuracy: 0.95 43 0
Communication round: 55, Eavesdropper Accuracy: 0.9318181818181818 43 0
Communication round: 56, Eavesdropper Accuracy: 0.9386363636363636 43 0
Communication round: 57, Eavesdropper Accuracy: 0.9318181818181818 43 0
Communication round: 58, Eavesdropper Accuracy: 0.9431818181818182 43 0
Communication round: 59, Eavesdropper Accuracy: 0.9295454545454546 43 0
Communication round: 60, Eavesdropper Accuracy: 0.9363636363636364 43 0
Communication round: 61, Eavesdropper Accuracy: 0.9386363636363636 43 0
Communication round: 62, Eavesdropper Accuracy: 0.9431818181818182 43 0
Communication round: 63, Eavesdropper Accuracy: 0.9159090909090909 43 0
Communication round: 64, Eavesdropper Accuracy: 0.9431818181818182 43 0
Communication round: 65, Eavesdropper Accuracy: 0.9227272727272727 43 0
Communication round: 66, Eavesdropper Accuracy: 0.9363636363636364 43 0
Communication round: 67, Eavesdropper Accuracy: 0.9204545454545454 43 0
Communication round: 68, Eavesdropper Accuracy: 0.9227272727272727 43 0
Communication round: 69, Eavesdropper Accuracy: 0.9272727272727272 43 0
Communication round: 70, Eavesdropper Accuracy: 0.9181818181818182 43 0
Communication round: 71, Eavesdropper Accuracy: 0.9477272727272728 43 0
Communication round: 72, Eavesdropper Accuracy: 0.9136363636363637 43 0
Communication round: 73, Eavesdropper Accuracy: 0.9227272727272727 43 0
Communication round: 74, Eavesdropper Accuracy: 0.9318181818181818 43 0
Communication round: 75, Eavesdropper Accuracy: 0.9272727272727272 43 0
Communication round: 76, Eavesdropper Accuracy: 0.9159090909090909 43 0
Communication round: 77, Eavesdropper Accuracy: 0.9204545454545454 43 0
Communication round: 78, Eavesdropper Accuracy: 0.9363636363636364 43 0
Communication round: 79, Eavesdropper Accuracy: 0.9090909090909091 43 0
Communication round: 80, Eavesdropper Accuracy: 0.9227272727272727 43 0
Communication round: 81, Eavesdropper Accuracy: 0.9340909090909091 43 0
Communication round: 82, Eavesdropper Accuracy: 0.9181818181818182 43 0
Communication round: 83, Eavesdropper Accuracy: 0.9204545454545454 43 0
Communication round: 84, Eavesdropper Accuracy: 0.9090909090909091 43 0
Communication round: 85, Smart Eavesdropper Accuracy: 0.9272727272727272 43 0
Communication round: 86, Smart Eavesdropper Accuracy: 0.9340909090909091 43 0
Communication round: 87, Smart Eavesdropper Accuracy: 0.9181818181818182 43 0
Communication round: 88, Smart Eavesdropper Accuracy: 0.9431818181818182 43 0
Communication round: 89, Smart Eavesdropper Accuracy: 0.9477272727272728 43 0
Communication round: 90, Smart Eavesdropper Accuracy: 0.9590909090909091 43 0
Communication round: 91, Smart Eavesdropper Accuracy: 0.9545454545454546 43 0
Communication round: 92, Smart Eavesdropper Accuracy: 0.9681818181818181 43 0
Communication round: 93, Smart Eavesdropper Accuracy: 0.9613636363636363 43 0
Communication round: 94, Smart Eavesdropper Accuracy: 0.9636363636363636 43 0
Communication round: 95, Smart Eavesdropper Accuracy: 0.9727272727272728 43 0
Communication round: 96, Smart Eavesdropper Accuracy: 0.95 43 0
Communication round: 97, Smart Eavesdropper Accuracy: 0.9636363636363636 43 0
Communication round: 98, Smart Eavesdropper Accuracy: 0.9659090909090909 43 0
Communication round: 99, Smart Eavesdropper Accuracy: 0.9636363636363636 43 0
----------------------------------------------------------------------------------------------------
----------------------------------------------------------------------------------------------------
20_30_100_1_5_0.5_True_
----------------------------------------------------------------------------------------------------
Communication round: 0, Eavesdropper Accuracy: 0.15227272727272728 1 1
Communication round: 1, Eavesdropper Accuracy: 0.1159090909090909 2 1
Communication round: 2, Aggregated Accuracies: 0.14738095238095236 3
Communication round: 2, Eavesdropper Accuracy: 0.15227272727272728 3 1
Communication round: 3, Aggregated Accuracies: 0.23607142857142857 4
Communication round: 3, Eavesdropper Accuracy: 0.22727272727272727 4 1
Communication round: 4, Aggregated Accuracies: 0.3917857142857143 5
Communication round: 4, Eavesdropper Accuracy: 0.4022727272727273 5 1
Communication round: 5, Aggregated Accuracies: 0.4892857142857143 6
Communication round: 5, Eavesdropper Accuracy: 0.5454545454545454 6 1
Communication round: 6, Eavesdropper Accuracy: 0.5522727272727272 7 1
Communication round: 7, Aggregated Accuracies: 0.568452380952381 8
Communication round: 7, Eavesdropper Accuracy: 0.6409090909090909 8 1
Communication round: 8, Eavesdropper Accuracy: 0.6022727272727273 9 1
Communication round: 9, Aggregated Accuracies: 0.615952380952381 10
Communication round: 9, Eavesdropper Accuracy: 0.6522727272727272 10 1
Communication round: 10, Aggregated Accuracies: 0.6523809523809524 11
Communication round: 10, Eavesdropper Accuracy: 0.675 11 1
Communication round: 11, Eavesdropper Accuracy: 0.6181818181818182 12 1
Communication round: 12, Aggregated Accuracies: 0.6873809523809524 13
Communication round: 12, Eavesdropper Accuracy: 0.7068181818181818 13 1
Communication round: 13, Aggregated Accuracies: 0.7176190476190476 14
Communication round: 13, Eavesdropper Accuracy: 0.7363636363636363 14 1
Communication round: 14, Aggregated Accuracies: 0.755595238095238 15
Communication round: 14, Eavesdropper Accuracy: 0.7772727272727272 15 1
Communication round: 15, Aggregated Accuracies: 0.7805952380952381 16
Communication round: 15, Eavesdropper Accuracy: 0.7931818181818182 16 1
Communication round: 16, Aggregated Accuracies: 0.7910714285714286 17
Communication round: 16, Eavesdropper Accuracy: 0.8204545454545454 17 1
Communication round: 17, Aggregated Accuracies: 0.8096428571428571 18
Communication round: 17, Eavesdropper Accuracy: 0.8113636363636364 18 1
Communication round: 18, Aggregated Accuracies: 0.8186904761904763 19
Communication round: 18, Eavesdropper Accuracy: 0.8431818181818181 19 1
Communication round: 19, Aggregated Accuracies: 0.8351190476190476 20
Communication round: 19, Eavesdropper Accuracy: 0.8159090909090909 20 1
Communication round: 20, Aggregated Accuracies: 0.8451190476190478 21
Communication round: 20, Eavesdropper Accuracy: 0.8727272727272727 21 1
Communication round: 21, Aggregated Accuracies: 0.853452380952381 22
Communication round: 21, Eavesdropper Accuracy: 0.875 22 1
Communication round: 22, Aggregated Accuracies: 0.8655952380952383 23
Communication round: 22, Eavesdropper Accuracy: 0.8431818181818181 23 1
Communication round: 23, Aggregated Accuracies: 0.869404761904762 24
Communication round: 23, Eavesdropper Accuracy: 0.8568181818181818 24 1
Communication round: 24, Aggregated Accuracies: 0.8753571428571428 25
Communication round: 24, Eavesdropper Accuracy: 0.884090909090909 25 1
Communication round: 25, Aggregated Accuracies: 0.8823809523809523 26
Communication round: 25, Eavesdropper Accuracy: 0.8954545454545455 26 1
Communication round: 26, Aggregated Accuracies: 0.8890476190476189 27
Communication round: 26, Eavesdropper Accuracy: 0.9136363636363637 27 1
Communication round: 27, Aggregated Accuracies: 0.8949999999999998 28
Communication round: 27, Eavesdropper Accuracy: 0.9 28 1
Communication round: 28, Aggregated Accuracies: 0.8982142857142854 29
Communication round: 28, Eavesdropper Accuracy: 0.9113636363636364 29 1
Communication round: 29, Aggregated Accuracies: 0.9032142857142856 30
Communication round: 29, Eavesdropper Accuracy: 0.9227272727272727 30 1
Communication round: 30, Eavesdropper Accuracy: 0.9136363636363637 31 1
Communication round: 31, Aggregated Accuracies: 0.9065476190476189 32
Communication round: 31, Eavesdropper Accuracy: 0.9181818181818182 32 1
Communication round: 32, Eavesdropper Accuracy: 0.9068181818181819 33 1
Communication round: 33, Eavesdropper Accuracy: 0.9045454545454545 34 1
Communication round: 34, Eavesdropper Accuracy: 0.9090909090909091 35 1
Communication round: 35, Aggregated Accuracies: 0.9076190476190475 36
Communication round: 35, Eavesdropper Accuracy: 0.9204545454545454 36 1
Communication round: 36, Eavesdropper Accuracy: 0.9 37 1
Communication round: 37, Eavesdropper Accuracy: 0.9113636363636364 38 1
Communication round: 38, Eavesdropper Accuracy: 0.9068181818181819 39 1
Communication round: 39, Aggregated Accuracies: 0.9080952380952381 40
Communication round: 39, Eavesdropper Accuracy: 0.9113636363636364 40 1
Communication round: 40, Eavesdropper Accuracy: 0.9090909090909091 41 1
Communication round: 41, Aggregated Accuracies: 0.9107142857142856 42
Communication round: 41, Eavesdropper Accuracy: 0.9 42 1
Communication round: 42, Aggregated Accuracies: 0.9160714285714284 43
Communication round: 42, Eavesdropper Accuracy: 0.9022727272727272 43 1
Communication round: 43, Eavesdropper Accuracy: 0.9272727272727272 43 0
Communication round: 44, Eavesdropper Accuracy: 0.9363636363636364 43 0
Communication round: 45, Eavesdropper Accuracy: 0.925 43 0
Communication round: 46, Eavesdropper Accuracy: 0.9045454545454545 43 0
Communication round: 47, Eavesdropper Accuracy: 0.9295454545454546 43 0
Communication round: 48, Eavesdropper Accuracy: 0.8954545454545455 43 0
Communication round: 49, Eavesdropper Accuracy: 0.9136363636363637 43 0
Communication round: 50, Eavesdropper Accuracy: 0.9136363636363637 43 0
Communication round: 51, Eavesdropper Accuracy: 0.9181818181818182 43 0
Communication round: 52, Eavesdropper Accuracy: 0.9136363636363637 43 0
Communication round: 53, Eavesdropper Accuracy: 0.9113636363636364 43 0
Communication round: 54, Eavesdropper Accuracy: 0.8954545454545455 43 0
Communication round: 55, Eavesdropper Accuracy: 0.9159090909090909 43 0
Communication round: 56, Eavesdropper Accuracy: 0.9090909090909091 43 0
Communication round: 57, Eavesdropper Accuracy: 0.9204545454545454 43 0
Communication round: 58, Eavesdropper Accuracy: 0.925 43 0
Communication round: 59, Eavesdropper Accuracy: 0.9181818181818182 43 0
Communication round: 60, Eavesdropper Accuracy: 0.9068181818181819 43 0
Communication round: 61, Eavesdropper Accuracy: 0.9113636363636364 43 0
Communication round: 62, Eavesdropper Accuracy: 0.9136363636363637 43 0
Communication round: 63, Eavesdropper Accuracy: 0.9386363636363636 43 0
Communication round: 64, Eavesdropper Accuracy: 0.9181818181818182 43 0
Communication round: 65, Eavesdropper Accuracy: 0.9454545454545454 43 0
Communication round: 66, Eavesdropper Accuracy: 0.9386363636363636 43 0
Communication round: 67, Eavesdropper Accuracy: 0.9204545454545454 43 0
Communication round: 68, Eavesdropper Accuracy: 0.9181818181818182 43 0
Communication round: 69, Eavesdropper Accuracy: 0.9272727272727272 43 0
Communication round: 70, Eavesdropper Accuracy: 0.925 43 0
Communication round: 71, Eavesdropper Accuracy: 0.9022727272727272 43 0
Communication round: 72, Eavesdropper Accuracy: 0.9227272727272727 43 0
Communication round: 73, Eavesdropper Accuracy: 0.9204545454545454 43 0
Communication round: 74, Eavesdropper Accuracy: 0.9181818181818182 43 0
Communication round: 75, Eavesdropper Accuracy: 0.9295454545454546 43 0
Communication round: 76, Eavesdropper Accuracy: 0.9159090909090909 43 0
Communication round: 77, Eavesdropper Accuracy: 0.925 43 0
Communication round: 78, Eavesdropper Accuracy: 0.9068181818181819 43 0
Communication round: 79, Eavesdropper Accuracy: 0.9386363636363636 43 0
Communication round: 80, Eavesdropper Accuracy: 0.9136363636363637 43 0
Communication round: 81, Eavesdropper Accuracy: 0.9477272727272728 43 0
Communication round: 82, Eavesdropper Accuracy: 0.9409090909090909 43 0
Communication round: 83, Eavesdropper Accuracy: 0.925 43 0
Communication round: 84, Eavesdropper Accuracy: 0.9090909090909091 43 0
Communication round: 85, Smart Eavesdropper Accuracy: 0.925 43 0
Communication round: 86, Smart Eavesdropper Accuracy: 0.9340909090909091 43 0
Communication round: 87, Smart Eavesdropper Accuracy: 0.9409090909090909 43 0
Communication round: 88, Smart Eavesdropper Accuracy: 0.9340909090909091 43 0
Communication round: 89, Smart Eavesdropper Accuracy: 0.9590909090909091 43 0
Communication round: 90, Smart Eavesdropper Accuracy: 0.9409090909090909 43 0
Communication round: 91, Smart Eavesdropper Accuracy: 0.9590909090909091 43 0
Communication round: 92, Smart Eavesdropper Accuracy: 0.9636363636363636 43 0
Communication round: 93, Smart Eavesdropper Accuracy: 0.9704545454545455 43 0
Communication round: 94, Smart Eavesdropper Accuracy: 0.9636363636363636 43 0
Communication round: 95, Smart Eavesdropper Accuracy: 0.9636363636363636 43 0
Communication round: 96, Smart Eavesdropper Accuracy: 0.9636363636363636 43 0
Communication round: 97, Smart Eavesdropper Accuracy: 0.9704545454545455 43 0
Communication round: 98, Smart Eavesdropper Accuracy: 0.9704545454545455 43 0
Communication round: 99, Smart Eavesdropper Accuracy: 0.9772727272727273 43 0
----------------------------------------------------------------------------------------------------
----------------------------------------------------------------------------------------------------
20_30_100_1_5_0.5_True_
----------------------------------------------------------------------------------------------------
Communication round: 0, Eavesdropper Accuracy: 0.1 1 1
Communication round: 1, Eavesdropper Accuracy: 0.08863636363636364 2 1
Communication round: 2, Eavesdropper Accuracy: 0.09090909090909091 3 1
Communication round: 3, Eavesdropper Accuracy: 0.08409090909090909 4 1
Communication round: 4, Aggregated Accuracies: 0.13464285714285715 5
Communication round: 4, Eavesdropper Accuracy: 0.10681818181818181 5 1
Communication round: 5, Aggregated Accuracies: 0.2235714285714286 6
Communication round: 5, Eavesdropper Accuracy: 0.2340909090909091 6 1
Communication round: 6, Aggregated Accuracies: 0.3872619047619048 7
Communication round: 6, Eavesdropper Accuracy: 0.4681818181818182 7 1
Communication round: 7, Aggregated Accuracies: 0.5172619047619047 8
Communication round: 7, Eavesdropper Accuracy: 0.5772727272727273 8 1
Communication round: 8, Aggregated Accuracies: 0.5989285714285714 9
Communication round: 8, Eavesdropper Accuracy: 0.6613636363636364 9 1
Communication round: 9, Aggregated Accuracies: 0.6551190476190476 10
Communication round: 9, Eavesdropper Accuracy: 0.6681818181818182 10 1
Communication round: 10, Aggregated Accuracies: 0.7091666666666665 11
Communication round: 10, Eavesdropper Accuracy: 0.7363636363636363 11 1
Communication round: 11, Aggregated Accuracies: 0.7585714285714286 12
Communication round: 11, Eavesdropper Accuracy: 0.7613636363636364 12 1
Communication round: 12, Aggregated Accuracies: 0.7879761904761906 13
Communication round: 12, Eavesdropper Accuracy: 0.7977272727272727 13 1
Communication round: 13, Aggregated Accuracies: 0.8185714285714285 14
Communication round: 13, Eavesdropper Accuracy: 0.85 14 1
Communication round: 14, Aggregated Accuracies: 0.8330952380952382 15
Communication round: 14, Eavesdropper Accuracy: 0.8568181818181818 15 1
Communication round: 15, Aggregated Accuracies: 0.8502380952380953 16
Communication round: 15, Eavesdropper Accuracy: 0.884090909090909 16 1
Communication round: 16, Aggregated Accuracies: 0.8630952380952384 17
Communication round: 16, Eavesdropper Accuracy: 0.9 17 1
Communication round: 17, Aggregated Accuracies: 0.8689285714285715 18
Communication round: 17, Eavesdropper Accuracy: 0.9068181818181819 18 1
Communication round: 18, Aggregated Accuracies: 0.8769047619047617 19
Communication round: 18, Eavesdropper Accuracy: 0.8909090909090909 19 1
Communication round: 19, Aggregated Accuracies: 0.8870238095238095 20
Communication round: 19, Eavesdropper Accuracy: 0.9136363636363637 20 1
Communication round: 20, Aggregated Accuracies: 0.8938095238095238 21
Communication round: 20, Eavesdropper Accuracy: 0.9045454545454545 21 1
Communication round: 21, Aggregated Accuracies: 0.8958333333333333 22
Communication round: 21, Eavesdropper Accuracy: 0.9295454545454546 22 1
Communication round: 22, Aggregated Accuracies: 0.9035714285714285 23
Communication round: 22, Eavesdropper Accuracy: 0.9181818181818182 23 1
Communication round: 23, Aggregated Accuracies: 0.9041666666666668 24
Communication round: 23, Eavesdropper Accuracy: 0.9022727272727272 24 1
Communication round: 24, Aggregated Accuracies: 0.9099999999999999 25
Communication round: 24, Eavesdropper Accuracy: 0.9295454545454546 25 1
Communication round: 25, Eavesdropper Accuracy: 0.9045454545454545 26 1
Communication round: 26, Aggregated Accuracies: 0.9153571428571429 27
Communication round: 26, Eavesdropper Accuracy: 0.9181818181818182 27 1
Communication round: 27, Aggregated Accuracies: 0.9140476190476191 28
Communication round: 27, Eavesdropper Accuracy: 0.9318181818181818 28 1
Communication round: 28, Aggregated Accuracies: 0.9182142857142855 29
Communication round: 28, Eavesdropper Accuracy: 0.9272727272727272 29 1
Communication round: 29, Aggregated Accuracies: 0.9236904761904761 30
Communication round: 29, Eavesdropper Accuracy: 0.9181818181818182 30 1
Communication round: 30, Eavesdropper Accuracy: 0.9386363636363636 31 1
Communication round: 31, Aggregated Accuracies: 0.927738095238095 32
Communication round: 31, Eavesdropper Accuracy: 0.9318181818181818 32 1
Communication round: 32, Aggregated Accuracies: 0.9273809523809522 33
Communication round: 32, Eavesdropper Accuracy: 0.9340909090909091 33 1
Communication round: 33, Aggregated Accuracies: 0.9297619047619048 34
Communication round: 33, Eavesdropper Accuracy: 0.9295454545454546 34 1
Communication round: 34, Aggregated Accuracies: 0.9290476190476189 35
Communication round: 34, Eavesdropper Accuracy: 0.9454545454545454 35 1
Communication round: 35, Aggregated Accuracies: 0.9320238095238093 36
Communication round: 35, Eavesdropper Accuracy: 0.9590909090909091 36 1
Communication round: 36, Eavesdropper Accuracy: 0.9454545454545454 36 0
Communication round: 37, Eavesdropper Accuracy: 0.9431818181818182 36 0
Communication round: 38, Eavesdropper Accuracy: 0.925 36 0
Communication round: 39, Eavesdropper Accuracy: 0.9477272727272728 36 0
Communication round: 40, Eavesdropper Accuracy: 0.9545454545454546 36 0
Communication round: 41, Eavesdropper Accuracy: 0.9431818181818182 36 0
Communication round: 42, Eavesdropper Accuracy: 0.9386363636363636 36 0
Communication round: 43, Eavesdropper Accuracy: 0.9340909090909091 36 0
Communication round: 44, Eavesdropper Accuracy: 0.9318181818181818 36 0
Communication round: 45, Eavesdropper Accuracy: 0.9522727272727273 36 0
Communication round: 46, Eavesdropper Accuracy: 0.9590909090909091 36 0
Communication round: 47, Eavesdropper Accuracy: 0.95 36 0
Communication round: 48, Eavesdropper Accuracy: 0.9477272727272728 36 0
Communication round: 49, Eavesdropper Accuracy: 0.9340909090909091 36 0
Communication round: 50, Eavesdropper Accuracy: 0.9545454545454546 36 0
Communication round: 51, Eavesdropper Accuracy: 0.9386363636363636 36 0
Communication round: 52, Eavesdropper Accuracy: 0.9363636363636364 36 0
Communication round: 53, Eavesdropper Accuracy: 0.9431818181818182 36 0
Communication round: 54, Eavesdropper Accuracy: 0.9431818181818182 36 0
Communication round: 55, Eavesdropper Accuracy: 0.9272727272727272 36 0
Communication round: 56, Eavesdropper Accuracy: 0.9431818181818182 36 0
Communication round: 57, Eavesdropper Accuracy: 0.9454545454545454 36 0
Communication round: 58, Eavesdropper Accuracy: 0.9227272727272727 36 0
Communication round: 59, Eavesdropper Accuracy: 0.9227272727272727 36 0
Communication round: 60, Eavesdropper Accuracy: 0.9636363636363636 36 0
Communication round: 61, Eavesdropper Accuracy: 0.9522727272727273 36 0
Communication round: 62, Eavesdropper Accuracy: 0.9431818181818182 36 0
Communication round: 63, Eavesdropper Accuracy: 0.95 36 0
Communication round: 64, Eavesdropper Accuracy: 0.9386363636363636 36 0
Communication round: 65, Eavesdropper Accuracy: 0.9522727272727273 36 0
Communication round: 66, Eavesdropper Accuracy: 0.9522727272727273 36 0
Communication round: 67, Eavesdropper Accuracy: 0.9454545454545454 36 0
Communication round: 68, Eavesdropper Accuracy: 0.9318181818181818 36 0
Communication round: 69, Eavesdropper Accuracy: 0.95 36 0
Communication round: 70, Eavesdropper Accuracy: 0.9340909090909091 36 0
Communication round: 71, Smart Eavesdropper Accuracy: 0.9522727272727273 36 0
Communication round: 72, Smart Eavesdropper Accuracy: 0.9454545454545454 36 0
Communication round: 73, Smart Eavesdropper Accuracy: 0.9568181818181818 36 0
Communication round: 74, Smart Eavesdropper Accuracy: 0.9545454545454546 36 0
Communication round: 75, Smart Eavesdropper Accuracy: 0.9568181818181818 36 0
Communication round: 76, Smart Eavesdropper Accuracy: 0.9659090909090909 36 0
Communication round: 77, Smart Eavesdropper Accuracy: 0.9545454545454546 36 0
Communication round: 78, Smart Eavesdropper Accuracy: 0.9727272727272728 36 0
Communication round: 79, Smart Eavesdropper Accuracy: 0.9727272727272728 36 0
Communication round: 80, Smart Eavesdropper Accuracy: 0.9568181818181818 36 0
Communication round: 81, Smart Eavesdropper Accuracy: 0.9681818181818181 36 0
Communication round: 82, Smart Eavesdropper Accuracy: 0.9727272727272728 36 0
Communication round: 83, Smart Eavesdropper Accuracy: 0.9636363636363636 36 0
Communication round: 84, Smart Eavesdropper Accuracy: 0.9681818181818181 36 0
Communication round: 85, Smart Eavesdropper Accuracy: 0.9772727272727273 36 0
Communication round: 86, Smart Eavesdropper Accuracy: 0.9727272727272728 36 0
Communication round: 87, Smart Eavesdropper Accuracy: 0.9681818181818181 36 0
Communication round: 88, Smart Eavesdropper Accuracy: 0.9818181818181818 36 0
Communication round: 89, Smart Eavesdropper Accuracy: 0.975 36 0
Communication round: 90, Smart Eavesdropper Accuracy: 0.9772727272727273 36 0
Communication round: 91, Smart Eavesdropper Accuracy: 0.9795454545454545 36 0
Communication round: 92, Smart Eavesdropper Accuracy: 0.9863636363636363 36 0
Communication round: 93, Smart Eavesdropper Accuracy: 0.9818181818181818 36 0
Communication round: 94, Smart Eavesdropper Accuracy: 0.9795454545454545 36 0
Communication round: 95, Smart Eavesdropper Accuracy: 0.9795454545454545 36 0
Communication round: 96, Smart Eavesdropper Accuracy: 0.9772727272727273 36 0
Communication round: 97, Smart Eavesdropper Accuracy: 0.9727272727272728 36 0
Communication round: 98, Smart Eavesdropper Accuracy: 0.975 36 0
Communication round: 99, Smart Eavesdropper Accuracy: 0.975 36 0
----------------------------------------------------------------------------------------------------
----------------------------------------------------------------------------------------------------
20_30_100_1_5_0.5_True_
----------------------------------------------------------------------------------------------------
Communication round: 0, Eavesdropper Accuracy: 0.10909090909090909 1 1
Communication round: 1, Eavesdropper Accuracy: 0.13636363636363635 2 1
Communication round: 2, Aggregated Accuracies: 0.16011904761904763 3
Communication round: 2, Eavesdropper Accuracy: 0.16136363636363638 3 1
Communication round: 3, Aggregated Accuracies: 0.21166666666666661 4
Communication round: 3, Eavesdropper Accuracy: 0.2590909090909091 4 1
Communication round: 4, Aggregated Accuracies: 0.3116666666666667 5
Communication round: 4, Eavesdropper Accuracy: 0.36363636363636365 5 1
Communication round: 5, Eavesdropper Accuracy: 0.3340909090909091 6 1
Communication round: 6, Eavesdropper Accuracy: 0.32045454545454544 7 1
Communication round: 7, Aggregated Accuracies: 0.40821428571428575 8
Communication round: 7, Eavesdropper Accuracy: 0.39090909090909093 8 1
Communication round: 8, Aggregated Accuracies: 0.465 9
Communication round: 8, Eavesdropper Accuracy: 0.4909090909090909 9 1
Communication round: 9, Aggregated Accuracies: 0.5113095238095238 10
Communication round: 9, Eavesdropper Accuracy: 0.575 10 1
Communication round: 10, Eavesdropper Accuracy: 0.5295454545454545 11 1
Communication round: 11, Eavesdropper Accuracy: 0.5727272727272728 12 1
Communication round: 12, Aggregated Accuracies: 0.6203571428571429 13
Communication round: 12, Eavesdropper Accuracy: 0.6704545454545454 13 1
Communication round: 13, Aggregated Accuracies: 0.6676190476190478 14
Communication round: 13, Eavesdropper Accuracy: 0.6863636363636364 14 1
Communication round: 14, Eavesdropper Accuracy: 0.7068181818181818 15 1
Communication round: 15, Aggregated Accuracies: 0.7298809523809523 16
Communication round: 15, Eavesdropper Accuracy: 0.775 16 1
Communication round: 16, Aggregated Accuracies: 0.7694047619047619 17
Communication round: 16, Eavesdropper Accuracy: 0.7886363636363637 17 1
Communication round: 17, Aggregated Accuracies: 0.7929761904761905 18
Communication round: 17, Eavesdropper Accuracy: 0.7977272727272727 18 1
Communication round: 18, Eavesdropper Accuracy: 0.8386363636363636 19 1
Communication round: 19, Aggregated Accuracies: 0.8179761904761907 20
Communication round: 19, Eavesdropper Accuracy: 0.85 20 1
Communication round: 20, Aggregated Accuracies: 0.8326190476190478 21
Communication round: 20, Eavesdropper Accuracy: 0.875 21 1
Communication round: 21, Aggregated Accuracies: 0.8549999999999999 22
Communication round: 21, Eavesdropper Accuracy: 0.8568181818181818 22 1
Communication round: 22, Aggregated Accuracies: 0.8636904761904762 23
Communication round: 22, Eavesdropper Accuracy: 0.8954545454545455 23 1
Communication round: 23, Aggregated Accuracies: 0.880952380952381 24
Communication round: 23, Eavesdropper Accuracy: 0.8886363636363637 24 1
Communication round: 24, Aggregated Accuracies: 0.8880952380952382 25
Communication round: 24, Eavesdropper Accuracy: 0.9181818181818182 25 1
Communication round: 25, Aggregated Accuracies: 0.893452380952381 26
Communication round: 25, Eavesdropper Accuracy: 0.9227272727272727 26 1
Communication round: 26, Aggregated Accuracies: 0.8967857142857142 27
Communication round: 26, Eavesdropper Accuracy: 0.9 27 1
Communication round: 27, Aggregated Accuracies: 0.8966666666666667 28
Communication round: 27, Eavesdropper Accuracy: 0.8681818181818182 28 1
Communication round: 28, Aggregated Accuracies: 0.9064285714285715 29
Communication round: 28, Eavesdropper Accuracy: 0.9318181818181818 29 1
Communication round: 29, Aggregated Accuracies: 0.9076190476190475 30
Communication round: 29, Eavesdropper Accuracy: 0.9204545454545454 30 1
Communication round: 30, Aggregated Accuracies: 0.9135714285714286 31
Communication round: 30, Eavesdropper Accuracy: 0.9295454545454546 31 1
Communication round: 31, Aggregated Accuracies: 0.917738095238095 32
Communication round: 31, Eavesdropper Accuracy: 0.9227272727272727 32 1
Communication round: 32, Aggregated Accuracies: 0.9196428571428573 33
Communication round: 32, Eavesdropper Accuracy: 0.9363636363636364 33 1
Communication round: 33, Aggregated Accuracies: 0.9254761904761903 34
Communication round: 33, Eavesdropper Accuracy: 0.9522727272727273 34 1
Communication round: 34, Aggregated Accuracies: 0.9269047619047617 35
Communication round: 34, Eavesdropper Accuracy: 0.9318181818181818 35 1
Communication round: 35, Aggregated Accuracies: 0.928809523809524 36
Communication round: 35, Eavesdropper Accuracy: 0.9431818181818182 36 1
Communication round: 36, Aggregated Accuracies: 0.9283333333333333 37
Communication round: 36, Eavesdropper Accuracy: 0.9590909090909091 37 1
Communication round: 37, Eavesdropper Accuracy: 0.9204545454545454 38 1
Communication round: 38, Eavesdropper Accuracy: 0.9431818181818182 39 1
Communication round: 39, Eavesdropper Accuracy: 0.9363636363636364 40 1
Communication round: 40, Aggregated Accuracies: 0.9313095238095238 41
Communication round: 40, Eavesdropper Accuracy: 0.9409090909090909 41 1
Communication round: 41, Eavesdropper Accuracy: 0.9431818181818182 41 0
Communication round: 42, Eavesdropper Accuracy: 0.9477272727272728 41 0
Communication round: 43, Eavesdropper Accuracy: 0.9454545454545454 41 0
Communication round: 44, Eavesdropper Accuracy: 0.9477272727272728 41 0
Communication round: 45, Eavesdropper Accuracy: 0.9409090909090909 41 0
Communication round: 46, Eavesdropper Accuracy: 0.9340909090909091 41 0
Communication round: 47, Eavesdropper Accuracy: 0.9227272727272727 41 0
Communication round: 48, Eavesdropper Accuracy: 0.9272727272727272 41 0
Communication round: 49, Eavesdropper Accuracy: 0.9545454545454546 41 0
Communication round: 50, Eavesdropper Accuracy: 0.925 41 0
Communication round: 51, Eavesdropper Accuracy: 0.9386363636363636 41 0
Communication round: 52, Eavesdropper Accuracy: 0.9545454545454546 41 0
Communication round: 53, Eavesdropper Accuracy: 0.9409090909090909 41 0
Communication round: 54, Eavesdropper Accuracy: 0.9454545454545454 41 0
Communication round: 55, Eavesdropper Accuracy: 0.9522727272727273 41 0
Communication round: 56, Eavesdropper Accuracy: 0.9386363636363636 41 0
Communication round: 57, Eavesdropper Accuracy: 0.9136363636363637 41 0
Communication round: 58, Eavesdropper Accuracy: 0.9181818181818182 41 0
Communication round: 59, Eavesdropper Accuracy: 0.9454545454545454 41 0
Communication round: 60, Eavesdropper Accuracy: 0.9454545454545454 41 0
Communication round: 61, Eavesdropper Accuracy: 0.9363636363636364 41 0
Communication round: 62, Eavesdropper Accuracy: 0.9363636363636364 41 0
Communication round: 63, Eavesdropper Accuracy: 0.9318181818181818 41 0
Communication round: 64, Eavesdropper Accuracy: 0.9295454545454546 41 0
Communication round: 65, Eavesdropper Accuracy: 0.95 41 0
Communication round: 66, Eavesdropper Accuracy: 0.9295454545454546 41 0
Communication round: 67, Eavesdropper Accuracy: 0.9295454545454546 41 0
Communication round: 68, Eavesdropper Accuracy: 0.9431818181818182 41 0
Communication round: 69, Eavesdropper Accuracy: 0.9272727272727272 41 0
Communication round: 70, Eavesdropper Accuracy: 0.9272727272727272 41 0
Communication round: 71, Eavesdropper Accuracy: 0.9568181818181818 41 0
Communication round: 72, Eavesdropper Accuracy: 0.925 41 0
Communication round: 73, Eavesdropper Accuracy: 0.9318181818181818 41 0
Communication round: 74, Eavesdropper Accuracy: 0.925 41 0
Communication round: 75, Eavesdropper Accuracy: 0.9204545454545454 41 0
Communication round: 76, Eavesdropper Accuracy: 0.9295454545454546 41 0
Communication round: 77, Eavesdropper Accuracy: 0.9386363636363636 41 0
Communication round: 78, Eavesdropper Accuracy: 0.925 41 0
Communication round: 79, Eavesdropper Accuracy: 0.9272727272727272 41 0
Communication round: 80, Eavesdropper Accuracy: 0.9386363636363636 41 0
Communication round: 81, Smart Eavesdropper Accuracy: 0.9431818181818182 41 0
Communication round: 82, Smart Eavesdropper Accuracy: 0.9568181818181818 41 0
Communication round: 83, Smart Eavesdropper Accuracy: 0.9659090909090909 41 0
Communication round: 84, Smart Eavesdropper Accuracy: 0.9704545454545455 41 0
Communication round: 85, Smart Eavesdropper Accuracy: 0.95 41 0
Communication round: 86, Smart Eavesdropper Accuracy: 0.9522727272727273 41 0
Communication round: 87, Smart Eavesdropper Accuracy: 0.9704545454545455 41 0
Communication round: 88, Smart Eavesdropper Accuracy: 0.9772727272727273 41 0
Communication round: 89, Smart Eavesdropper Accuracy: 0.9772727272727273 41 0
Communication round: 90, Smart Eavesdropper Accuracy: 0.9772727272727273 41 0
Communication round: 91, Smart Eavesdropper Accuracy: 0.9681818181818181 41 0
Communication round: 92, Smart Eavesdropper Accuracy: 0.9659090909090909 41 0
Communication round: 93, Smart Eavesdropper Accuracy: 0.9795454545454545 41 0
Communication round: 94, Smart Eavesdropper Accuracy: 0.9772727272727273 41 0
Communication round: 95, Smart Eavesdropper Accuracy: 0.9659090909090909 41 0
Communication round: 96, Smart Eavesdropper Accuracy: 0.9659090909090909 41 0
Communication round: 97, Smart Eavesdropper Accuracy: 0.975 41 0
Communication round: 98, Smart Eavesdropper Accuracy: 0.9772727272727273 41 0
Communication round: 99, Smart Eavesdropper Accuracy: 0.9795454545454545 41 0
----------------------------------------------------------------------------------------------------
----------------------------------------------------------------------------------------------------
20_30_100_1_5_0.5_True_
----------------------------------------------------------------------------------------------------
Communication round: 0, Aggregated Accuracies: 0.13214285714285717 1
Communication round: 0, Eavesdropper Accuracy: 0.12954545454545455 1 1
Communication round: 1, Eavesdropper Accuracy: 0.1159090909090909 2 1
Communication round: 2, Eavesdropper Accuracy: 0.10909090909090909 3 1
Communication round: 3, Aggregated Accuracies: 0.20404761904761903 4
Communication round: 3, Eavesdropper Accuracy: 0.18409090909090908 4 1
Communication round: 4, Eavesdropper Accuracy: 0.22954545454545455 5 1
Communication round: 5, Eavesdropper Accuracy: 0.23636363636363636 6 1
Communication round: 6, Aggregated Accuracies: 0.3214285714285715 7
Communication round: 6, Eavesdropper Accuracy: 0.32045454545454544 7 1
Communication round: 7, Aggregated Accuracies: 0.405595238095238 8
Communication round: 7, Eavesdropper Accuracy: 0.43863636363636366 8 1
Communication round: 8, Aggregated Accuracies: 0.48952380952380947 9
Communication round: 8, Eavesdropper Accuracy: 0.5340909090909091 9 1
Communication round: 9, Aggregated Accuracies: 0.571547619047619 10
Communication round: 9, Eavesdropper Accuracy: 0.5818181818181818 10 1
Communication round: 10, Aggregated Accuracies: 0.6122619047619047 11
Communication round: 10, Eavesdropper Accuracy: 0.625 11 1
Communication round: 11, Aggregated Accuracies: 0.6641666666666667 12
Communication round: 11, Eavesdropper Accuracy: 0.6886363636363636 12 1
Communication round: 12, Aggregated Accuracies: 0.7030952380952382 13
Communication round: 12, Eavesdropper Accuracy: 0.7068181818181818 13 1
Communication round: 13, Aggregated Accuracies: 0.7372619047619047 14
Communication round: 13, Eavesdropper Accuracy: 0.7477272727272727 14 1
Communication round: 14, Eavesdropper Accuracy: 0.7318181818181818 15 1
Communication round: 15, Aggregated Accuracies: 0.7655952380952381 16
Communication round: 15, Eavesdropper Accuracy: 0.7818181818181819 16 1
Communication round: 16, Aggregated Accuracies: 0.7873809523809523 17
Communication round: 16, Eavesdropper Accuracy: 0.8272727272727273 17 1
Communication round: 17, Eavesdropper Accuracy: 0.8068181818181818 18 1
Communication round: 18, Aggregated Accuracies: 0.8044047619047621 19
Communication round: 18, Eavesdropper Accuracy: 0.8136363636363636 19 1
Communication round: 19, Eavesdropper Accuracy: 0.8090909090909091 20 1
Communication round: 20, Eavesdropper Accuracy: 0.7863636363636364 21 1
Communication round: 21, Aggregated Accuracies: 0.8238095238095241 22
Communication round: 21, Eavesdropper Accuracy: 0.8 22 1
Communication round: 22, Aggregated Accuracies: 0.8428571428571429 23
Communication round: 22, Eavesdropper Accuracy: 0.865909090909091 23 1
Communication round: 23, Aggregated Accuracies: 0.851309523809524 24
Communication round: 23, Eavesdropper Accuracy: 0.8522727272727273 24 1
Communication round: 24, Aggregated Accuracies: 0.859761904761905 25
Communication round: 24, Eavesdropper Accuracy: 0.884090909090909 25 1
Communication round: 25, Aggregated Accuracies: 0.8698809523809523 26
Communication round: 25, Eavesdropper Accuracy: 0.8681818181818182 26 1
Communication round: 26, Aggregated Accuracies: 0.8758333333333332 27
Communication round: 26, Eavesdropper Accuracy: 0.884090909090909 27 1
Communication round: 27, Eavesdropper Accuracy: 0.8931818181818182 28 1
Communication round: 28, Eavesdropper Accuracy: 0.9045454545454545 29 1
Communication round: 29, Eavesdropper Accuracy: 0.8954545454545455 30 1
Communication round: 30, Aggregated Accuracies: 0.8785714285714284 31
Communication round: 30, Eavesdropper Accuracy: 0.9 31 1
Communication round: 31, Eavesdropper Accuracy: 0.8772727272727273 32 1
Communication round: 32, Aggregated Accuracies: 0.8879761904761905 33
Communication round: 32, Eavesdropper Accuracy: 0.9045454545454545 33 1
Communication round: 33, Eavesdropper Accuracy: 0.9022727272727272 34 1
Communication round: 34, Aggregated Accuracies: 0.8922619047619047 35
Communication round: 34, Eavesdropper Accuracy: 0.9136363636363637 35 1
Communication round: 35, Aggregated Accuracies: 0.8938095238095238 36
Communication round: 35, Eavesdropper Accuracy: 0.8954545454545455 36 1
Communication round: 36, Aggregated Accuracies: 0.9025000000000001 37
Communication round: 36, Eavesdropper Accuracy: 0.9159090909090909 37 1
Communication round: 37, Aggregated Accuracies: 0.903452380952381 38
Communication round: 37, Eavesdropper Accuracy: 0.9 38 1
Communication round: 38, Aggregated Accuracies: 0.9110714285714284 39
Communication round: 38, Eavesdropper Accuracy: 0.9068181818181819 39 1
Communication round: 39, Aggregated Accuracies: 0.9163095238095238 40
Communication round: 39, Eavesdropper Accuracy: 0.9272727272727272 40 1
Communication round: 40, Aggregated Accuracies: 0.9191666666666667 41
Communication round: 40, Eavesdropper Accuracy: 0.9136363636363637 41 1
Communication round: 41, Aggregated Accuracies: 0.9196428571428571 42
Communication round: 41, Eavesdropper Accuracy: 0.9181818181818182 42 1
Communication round: 42, Aggregated Accuracies: 0.9278571428571428 43
Communication round: 42, Eavesdropper Accuracy: 0.9045454545454545 43 1
Communication round: 43, Eavesdropper Accuracy: 0.925 43 0
Communication round: 44, Eavesdropper Accuracy: 0.925 43 0
Communication round: 45, Eavesdropper Accuracy: 0.925 43 0
Communication round: 46, Eavesdropper Accuracy: 0.9295454545454546 43 0
Communication round: 47, Eavesdropper Accuracy: 0.9204545454545454 43 0
Communication round: 48, Eavesdropper Accuracy: 0.8977272727272727 43 0
Communication round: 49, Eavesdropper Accuracy: 0.9204545454545454 43 0
Communication round: 50, Eavesdropper Accuracy: 0.9227272727272727 43 0
Communication round: 51, Eavesdropper Accuracy: 0.9295454545454546 43 0
Communication round: 52, Eavesdropper Accuracy: 0.925 43 0
Communication round: 53, Eavesdropper Accuracy: 0.9181818181818182 43 0
Communication round: 54, Eavesdropper Accuracy: 0.9204545454545454 43 0
Communication round: 55, Eavesdropper Accuracy: 0.9409090909090909 43 0
Communication round: 56, Eavesdropper Accuracy: 0.9386363636363636 43 0
Communication round: 57, Eavesdropper Accuracy: 0.9204545454545454 43 0
Communication round: 58, Eavesdropper Accuracy: 0.9340909090909091 43 0
Communication round: 59, Eavesdropper Accuracy: 0.9272727272727272 43 0
Communication round: 60, Eavesdropper Accuracy: 0.9386363636363636 43 0
Communication round: 61, Eavesdropper Accuracy: 0.9295454545454546 43 0
Communication round: 62, Eavesdropper Accuracy: 0.9272727272727272 43 0
Communication round: 63, Eavesdropper Accuracy: 0.9113636363636364 43 0
Communication round: 64, Eavesdropper Accuracy: 0.925 43 0
Communication round: 65, Eavesdropper Accuracy: 0.95 43 0
Communication round: 66, Eavesdropper Accuracy: 0.9295454545454546 43 0
Communication round: 67, Eavesdropper Accuracy: 0.9363636363636364 43 0
Communication round: 68, Eavesdropper Accuracy: 0.9204545454545454 43 0
Communication round: 69, Eavesdropper Accuracy: 0.9340909090909091 43 0
Communication round: 70, Eavesdropper Accuracy: 0.9272727272727272 43 0
Communication round: 71, Eavesdropper Accuracy: 0.9272727272727272 43 0
Communication round: 72, Eavesdropper Accuracy: 0.9204545454545454 43 0
Communication round: 73, Eavesdropper Accuracy: 0.9340909090909091 43 0
Communication round: 74, Eavesdropper Accuracy: 0.9409090909090909 43 0
Communication round: 75, Eavesdropper Accuracy: 0.9386363636363636 43 0
Communication round: 76, Eavesdropper Accuracy: 0.9340909090909091 43 0
Communication round: 77, Eavesdropper Accuracy: 0.925 43 0
Communication round: 78, Eavesdropper Accuracy: 0.9272727272727272 43 0
Communication round: 79, Eavesdropper Accuracy: 0.9272727272727272 43 0
Communication round: 80, Eavesdropper Accuracy: 0.9295454545454546 43 0
Communication round: 81, Eavesdropper Accuracy: 0.9295454545454546 43 0
Communication round: 82, Eavesdropper Accuracy: 0.9386363636363636 43 0
Communication round: 83, Eavesdropper Accuracy: 0.9295454545454546 43 0
Communication round: 84, Eavesdropper Accuracy: 0.9227272727272727 43 0
Communication round: 85, Smart Eavesdropper Accuracy: 0.925 43 0
Communication round: 86, Smart Eavesdropper Accuracy: 0.9568181818181818 43 0
Communication round: 87, Smart Eavesdropper Accuracy: 0.9409090909090909 43 0
Communication round: 88, Smart Eavesdropper Accuracy: 0.9568181818181818 43 0
Communication round: 89, Smart Eavesdropper Accuracy: 0.9545454545454546 43 0
Communication round: 90, Smart Eavesdropper Accuracy: 0.9568181818181818 43 0
Communication round: 91, Smart Eavesdropper Accuracy: 0.9568181818181818 43 0
Communication round: 92, Smart Eavesdropper Accuracy: 0.9409090909090909 43 0
Communication round: 93, Smart Eavesdropper Accuracy: 0.9681818181818181 43 0
Communication round: 94, Smart Eavesdropper Accuracy: 0.9727272727272728 43 0
Communication round: 95, Smart Eavesdropper Accuracy: 0.9590909090909091 43 0
Communication round: 96, Smart Eavesdropper Accuracy: 0.9590909090909091 43 0
Communication round: 97, Smart Eavesdropper Accuracy: 0.9659090909090909 43 0
Communication round: 98, Smart Eavesdropper Accuracy: 0.9545454545454546 43 0
Communication round: 99, Smart Eavesdropper Accuracy: 0.9636363636363636 43 0
----------------------------------------------------------------------------------------------------
