----------------------------------------------------------------------------------------------------
50_30_100_0.4_8_0.8_False_
----------------------------------------------------------------------------------------------------
Communication round: 0, Eavesdropper Accuracy: 0.10227272727272728 1 1
Communication round: 1, Smart Eavesdropper Accuracy: 0.12954545454545455 1 0
Communication round: 2, Aggregated Accuracies: 0.1272619047619048 2
Communication round: 2, Eavesdropper Accuracy: 0.12272727272727273 2 1
Communication round: 3, Eavesdropper Accuracy: 0.12272727272727273 3 1
Communication round: 4, Eavesdropper Accuracy: 0.11818181818181818 3 0
Communication round: 5, Eavesdropper Accuracy: 0.125 4 1
Communication round: 6, Eavesdropper Accuracy: 0.13636363636363635 5 1
Communication round: 7, Eavesdropper Accuracy: 0.125 5 0
Communication round: 8, Eavesdropper Accuracy: 0.12954545454545455 6 1
Communication round: 9, Eavesdropper Accuracy: 0.125 7 1
Communication round: 10, Eavesdropper Accuracy: 0.12954545454545455 7 0
Communication round: 11, Eavesdropper Accuracy: 0.13863636363636364 7 0
Communication round: 12, Eavesdropper Accuracy: 0.14545454545454545 7 0
Communication round: 13, Aggregated Accuracies: 0.17416666666666672 8
Communication round: 13, Eavesdropper Accuracy: 0.17045454545454544 8 1
Communication round: 14, Aggregated Accuracies: 0.2345238095238096 9
Communication round: 14, Eavesdropper Accuracy: 0.20454545454545456 9 1
Communication round: 15, Eavesdropper Accuracy: 0.21136363636363636 10 1
Communication round: 16, Eavesdropper Accuracy: 0.2340909090909091 11 1
Communication round: 17, Eavesdropper Accuracy: 0.225 12 1
Communication round: 18, Eavesdropper Accuracy: 0.26136363636363635 12 0
Communication round: 19, Aggregated Accuracies: 0.2858333333333334 13
Communication round: 19, Eavesdropper Accuracy: 0.33181818181818185 13 1
Communication round: 20, Aggregated Accuracies: 0.3299999999999999 14
Communication round: 20, Eavesdropper Accuracy: 0.35909090909090907 14 1
Communication round: 21, Aggregated Accuracies: 0.38654761904761903 15
Communication round: 21, Eavesdropper Accuracy: 0.3977272727272727 15 1
Communication round: 22, Aggregated Accuracies: 0.4257142857142857 16
Communication round: 22, Eavesdropper Accuracy: 0.45227272727272727 16 1
Communication round: 23, Eavesdropper Accuracy: 0.47045454545454546 17 1
Communication round: 24, Aggregated Accuracies: 0.4830952380952379 18
Communication round: 24, Eavesdropper Accuracy: 0.49772727272727274 18 1
Communication round: 25, Eavesdropper Accuracy: 0.49318181818181817 18 0
Communication round: 26, Aggregated Accuracies: 0.5305952380952381 19
Communication round: 26, Eavesdropper Accuracy: 0.5477272727272727 19 1
Communication round: 27, Aggregated Accuracies: 0.5527380952380956 20
Communication round: 27, Eavesdropper Accuracy: 0.5886363636363636 20 1
Communication round: 28, Aggregated Accuracies: 0.5909523809523809 21
Communication round: 28, Eavesdropper Accuracy: 0.6113636363636363 21 1
Communication round: 29, Aggregated Accuracies: 0.6222619047619046 22
Communication round: 29, Eavesdropper Accuracy: 0.6386363636363637 22 1
Communication round: 30, Eavesdropper Accuracy: 0.6613636363636364 23 1
Communication round: 31, Eavesdropper Accuracy: 0.6477272727272727 24 1
Communication round: 32, Eavesdropper Accuracy: 0.6068181818181818 25 1
Communication round: 33, Eavesdropper Accuracy: 0.6409090909090909 25 0
Communication round: 34, Eavesdropper Accuracy: 0.6295454545454545 25 0
Communication round: 35, Aggregated Accuracies: 0.6444047619047617 26
Communication round: 35, Eavesdropper Accuracy: 0.6568181818181819 26 1
Communication round: 36, Eavesdropper Accuracy: 0.6818181818181818 26 0
Communication round: 37, Eavesdropper Accuracy: 0.6636363636363637 26 0
Communication round: 38, Aggregated Accuracies: 0.6729761904761905 27
Communication round: 38, Eavesdropper Accuracy: 0.7022727272727273 27 1
Communication round: 39, Eavesdropper Accuracy: 0.7045454545454546 27 0
Communication round: 40, Eavesdropper Accuracy: 0.7295454545454545 27 0
Communication round: 41, Eavesdropper Accuracy: 0.7204545454545455 27 0
Communication round: 42, Eavesdropper Accuracy: 0.7227272727272728 27 0
Communication round: 43, Eavesdropper Accuracy: 0.7045454545454546 27 0
Communication round: 44, Eavesdropper Accuracy: 0.7068181818181818 27 0
Communication round: 45, Eavesdropper Accuracy: 0.7227272727272728 28 1
Communication round: 46, Eavesdropper Accuracy: 0.7090909090909091 29 1
Communication round: 47, Eavesdropper Accuracy: 0.6977272727272728 30 1
Communication round: 48, Eavesdropper Accuracy: 0.7181818181818181 31 1
Communication round: 49, Eavesdropper Accuracy: 0.7045454545454546 31 0
Communication round: 50, Eavesdropper Accuracy: 0.6772727272727272 32 1
Communication round: 51, Eavesdropper Accuracy: 0.6818181818181818 32 0
Communication round: 52, Eavesdropper Accuracy: 0.7 33 1
Communication round: 53, Eavesdropper Accuracy: 0.7068181818181818 34 1
Communication round: 54, Eavesdropper Accuracy: 0.6977272727272728 35 1
Communication round: 55, Eavesdropper Accuracy: 0.7045454545454546 35 0
Communication round: 56, Eavesdropper Accuracy: 0.7 35 0
Communication round: 57, Eavesdropper Accuracy: 0.6795454545454546 35 0
Communication round: 58, Aggregated Accuracies: 0.6942857142857142 36
Communication round: 58, Eavesdropper Accuracy: 0.7272727272727273 36 1
Communication round: 59, Eavesdropper Accuracy: 0.7227272727272728 36 0
Communication round: 60, Eavesdropper Accuracy: 0.7295454545454545 36 0
Communication round: 61, Aggregated Accuracies: 0.722142857142857 37
Communication round: 61, Eavesdropper Accuracy: 0.7522727272727273 37 1
Communication round: 62, Aggregated Accuracies: 0.7469047619047621 38
Communication round: 62, Eavesdropper Accuracy: 0.7840909090909091 38 1
Communication round: 63, Aggregated Accuracies: 0.7582142857142858 39
Communication round: 63, Eavesdropper Accuracy: 0.8068181818181818 39 1
Communication round: 64, Aggregated Accuracies: 0.7728571428571429 40
Communication round: 64, Eavesdropper Accuracy: 0.7909090909090909 40 1
Communication round: 65, Aggregated Accuracies: 0.7838095238095241 41
Communication round: 65, Eavesdropper Accuracy: 0.8113636363636364 41 1
Communication round: 66, Aggregated Accuracies: 0.7919047619047619 42
Communication round: 66, Eavesdropper Accuracy: 0.8022727272727272 42 1
Communication round: 67, Eavesdropper Accuracy: 0.8272727272727273 43 1
Communication round: 68, Eavesdropper Accuracy: 0.8159090909090909 44 1
Communication round: 69, Eavesdropper Accuracy: 0.7909090909090909 44 0
Communication round: 70, Aggregated Accuracies: 0.8103571428571431 45
Communication round: 70, Eavesdropper Accuracy: 0.8181818181818182 45 1
Communication round: 71, Aggregated Accuracies: 0.822857142857143 46
Communication round: 71, Eavesdropper Accuracy: 0.8363636363636363 46 1
Communication round: 72, Aggregated Accuracies: 0.8257142857142858 47
Communication round: 72, Eavesdropper Accuracy: 0.8068181818181818 47 1
Communication round: 73, Eavesdropper Accuracy: 0.8454545454545455 47 0
Communication round: 74, Eavesdropper Accuracy: 0.865909090909091 48 1
Communication round: 75, Eavesdropper Accuracy: 0.8522727272727273 48 0
Communication round: 76, Eavesdropper Accuracy: 0.8363636363636363 48 0
Communication round: 77, Eavesdropper Accuracy: 0.8454545454545455 48 0
Communication round: 78, Eavesdropper Accuracy: 0.865909090909091 48 0
Communication round: 79, Eavesdropper Accuracy: 0.8409090909090909 48 0
Communication round: 80, Eavesdropper Accuracy: 0.8090909090909091 48 0
Communication round: 81, Eavesdropper Accuracy: 0.8227272727272728 48 0
Communication round: 82, Eavesdropper Accuracy: 0.8272727272727273 48 0
Communication round: 83, Eavesdropper Accuracy: 0.8363636363636363 48 0
Communication round: 84, Aggregated Accuracies: 0.8392857142857136 49
Communication round: 84, Eavesdropper Accuracy: 0.8522727272727273 49 1
Communication round: 85, Eavesdropper Accuracy: 0.8295454545454546 50 1
Communication round: 86, Eavesdropper Accuracy: 0.8545454545454545 51 1
Communication round: 87, Eavesdropper Accuracy: 0.8545454545454545 51 0
Communication round: 88, Eavesdropper Accuracy: 0.8272727272727273 51 0
Communication round: 89, Eavesdropper Accuracy: 0.8454545454545455 51 0
Communication round: 90, Eavesdropper Accuracy: 0.8409090909090909 51 0
Communication round: 91, Eavesdropper Accuracy: 0.85 51 0
Communication round: 92, Eavesdropper Accuracy: 0.8409090909090909 51 0
Communication round: 93, Eavesdropper Accuracy: 0.8545454545454545 51 0
Communication round: 94, Aggregated Accuracies: 0.8441666666666666 52
Communication round: 94, Eavesdropper Accuracy: 0.8477272727272728 52 1
Communication round: 95, Aggregated Accuracies: 0.8476190476190476 53
Communication round: 95, Eavesdropper Accuracy: 0.8431818181818181 53 1
Communication round: 96, Aggregated Accuracies: 0.8527380952380949 54
Communication round: 96, Eavesdropper Accuracy: 0.865909090909091 54 1
Communication round: 97, Aggregated Accuracies: 0.8501190476190474 55
Communication round: 97, Eavesdropper Accuracy: 0.8795454545454545 55 1
Communication round: 98, Eavesdropper Accuracy: 0.865909090909091 55 0
Communication round: 99, Eavesdropper Accuracy: 0.875 55 0
----------------------------------------------------------------------------------------------------
----------------------------------------------------------------------------------------------------
50_30_100_0.4_8_0.8_False_
----------------------------------------------------------------------------------------------------
Communication round: 0, Smart Eavesdropper Accuracy: 0.29545454545454547 0 0
Communication round: 1, Smart Eavesdropper Accuracy: 0.425 0 0
Communication round: 2, Smart Eavesdropper Accuracy: 0.48409090909090907 1 1
Communication round: 3, Smart Eavesdropper Accuracy: 0.5840909090909091 2 1
Communication round: 4, Eavesdropper Accuracy: 0.13863636363636364 3 1
Communication round: 5, Eavesdropper Accuracy: 0.1318181818181818 4 1
Communication round: 6, Eavesdropper Accuracy: 0.1431818181818182 5 1
Communication round: 7, Eavesdropper Accuracy: 0.16136363636363638 5 0
Communication round: 8, Eavesdropper Accuracy: 0.17045454545454544 6 1
Communication round: 9, Eavesdropper Accuracy: 0.12954545454545455 7 1
Communication round: 10, Eavesdropper Accuracy: 0.14545454545454545 8 1
Communication round: 11, Eavesdropper Accuracy: 0.1340909090909091 9 1
Communication round: 12, Eavesdropper Accuracy: 0.14545454545454545 10 1
Communication round: 13, Eavesdropper Accuracy: 0.15 11 1
Communication round: 14, Eavesdropper Accuracy: 0.16590909090909092 12 1
Communication round: 15, Aggregated Accuracies: 0.16142857142857142 13
Communication round: 15, Eavesdropper Accuracy: 0.19318181818181818 13 1
Communication round: 16, Eavesdropper Accuracy: 0.18636363636363637 14 1
Communication round: 17, Aggregated Accuracies: 0.20821428571428574 15
Communication round: 17, Eavesdropper Accuracy: 0.18181818181818182 15 1
Communication round: 18, Eavesdropper Accuracy: 0.19090909090909092 16 1
Communication round: 19, Eavesdropper Accuracy: 0.20681818181818182 16 0
Communication round: 20, Eavesdropper Accuracy: 0.18409090909090908 16 0
Communication round: 21, Eavesdropper Accuracy: 0.19090909090909092 16 0
Communication round: 22, Eavesdropper Accuracy: 0.18863636363636363 16 0
Communication round: 23, Eavesdropper Accuracy: 0.17954545454545454 16 0
Communication round: 24, Eavesdropper Accuracy: 0.18636363636363637 16 0
Communication round: 25, Eavesdropper Accuracy: 0.20227272727272727 16 0
Communication round: 26, Eavesdropper Accuracy: 0.175 16 0
Communication round: 27, Eavesdropper Accuracy: 0.18863636363636363 16 0
Communication round: 28, Eavesdropper Accuracy: 0.2 17 1
Communication round: 29, Aggregated Accuracies: 0.24571428571428564 18
Communication round: 29, Eavesdropper Accuracy: 0.23863636363636365 18 1
Communication round: 30, Eavesdropper Accuracy: 0.25 19 1
Communication round: 31, Aggregated Accuracies: 0.29523809523809524 20
Communication round: 31, Eavesdropper Accuracy: 0.32045454545454544 20 1
Communication round: 32, Eavesdropper Accuracy: 0.30454545454545456 21 1
Communication round: 33, Aggregated Accuracies: 0.3398809523809525 22
Communication round: 33, Eavesdropper Accuracy: 0.375 22 1
Communication round: 34, Aggregated Accuracies: 0.39297619047619053 23
Communication round: 34, Eavesdropper Accuracy: 0.4022727272727273 23 1
Communication round: 35, Aggregated Accuracies: 0.46178571428571435 24
Communication round: 35, Eavesdropper Accuracy: 0.47954545454545455 24 1
Communication round: 36, Eavesdropper Accuracy: 0.4863636363636364 25 1
Communication round: 37, Eavesdropper Accuracy: 0.4659090909090909 26 1
Communication round: 38, Eavesdropper Accuracy: 0.5136363636363637 27 1
Communication round: 39, Eavesdropper Accuracy: 0.4727272727272727 28 1
Communication round: 40, Eavesdropper Accuracy: 0.4863636363636364 28 0
Communication round: 41, Eavesdropper Accuracy: 0.47045454545454546 28 0
Communication round: 42, Eavesdropper Accuracy: 0.48863636363636365 28 0
Communication round: 43, Eavesdropper Accuracy: 0.5 28 0
Communication round: 44, Eavesdropper Accuracy: 0.4659090909090909 28 0
Communication round: 45, Eavesdropper Accuracy: 0.49318181818181817 29 1
Communication round: 46, Eavesdropper Accuracy: 0.4909090909090909 30 1
Communication round: 47, Eavesdropper Accuracy: 0.4636363636363636 31 1
Communication round: 48, Eavesdropper Accuracy: 0.5363636363636364 31 0
Communication round: 49, Eavesdropper Accuracy: 0.4772727272727273 31 0
Communication round: 50, Eavesdropper Accuracy: 0.47045454545454546 31 0
Communication round: 51, Eavesdropper Accuracy: 0.5159090909090909 31 0
Communication round: 52, Eavesdropper Accuracy: 0.4659090909090909 32 1
Communication round: 53, Eavesdropper Accuracy: 0.5068181818181818 32 0
Communication round: 54, Eavesdropper Accuracy: 0.4863636363636364 33 1
Communication round: 55, Aggregated Accuracies: 0.5104761904761905 34
Communication round: 55, Eavesdropper Accuracy: 0.5181818181818182 34 1
Communication round: 56, Aggregated Accuracies: 0.5321428571428571 35
Communication round: 56, Eavesdropper Accuracy: 0.5318181818181819 35 1
Communication round: 57, Eavesdropper Accuracy: 0.5545454545454546 36 1
Communication round: 58, Eavesdropper Accuracy: 0.5409090909090909 37 1
Communication round: 59, Aggregated Accuracies: 0.5545238095238093 38
Communication round: 59, Eavesdropper Accuracy: 0.5659090909090909 38 1
Communication round: 60, Aggregated Accuracies: 0.5797619047619049 39
Communication round: 60, Eavesdropper Accuracy: 0.6045454545454545 39 1
Communication round: 61, Eavesdropper Accuracy: 0.634090909090909 40 1
Communication round: 62, Eavesdropper Accuracy: 0.6431818181818182 41 1
Communication round: 63, Aggregated Accuracies: 0.6110714285714285 42
Communication round: 63, Eavesdropper Accuracy: 0.634090909090909 42 1
Communication round: 64, Aggregated Accuracies: 0.6351190476190477 43
Communication round: 64, Eavesdropper Accuracy: 0.6636363636363637 43 1
Communication round: 65, Eavesdropper Accuracy: 0.6568181818181819 43 0
Communication round: 66, Eavesdropper Accuracy: 0.6727272727272727 43 0
Communication round: 67, Aggregated Accuracies: 0.6579761904761905 44
Communication round: 67, Eavesdropper Accuracy: 0.7 44 1
Communication round: 68, Aggregated Accuracies: 0.6814285714285715 45
Communication round: 68, Eavesdropper Accuracy: 0.725 45 1
Communication round: 69, Aggregated Accuracies: 0.6959523809523808 46
Communication round: 69, Eavesdropper Accuracy: 0.7431818181818182 46 1
Communication round: 70, Aggregated Accuracies: 0.7183333333333333 47
Communication round: 70, Eavesdropper Accuracy: 0.7136363636363636 47 1
Communication round: 71, Aggregated Accuracies: 0.7377380952380952 48
Communication round: 71, Eavesdropper Accuracy: 0.7909090909090909 48 1
Communication round: 72, Aggregated Accuracies: 0.7511904761904762 49
Communication round: 72, Eavesdropper Accuracy: 0.7931818181818182 49 1
Communication round: 73, Aggregated Accuracies: 0.7592857142857143 50
Communication round: 73, Eavesdropper Accuracy: 0.7863636363636364 50 1
Communication round: 74, Aggregated Accuracies: 0.7695238095238099 51
Communication round: 74, Eavesdropper Accuracy: 0.7886363636363637 51 1
Communication round: 75, Aggregated Accuracies: 0.7933333333333334 52
Communication round: 75, Eavesdropper Accuracy: 0.8022727272727272 52 1
Communication round: 76, Aggregated Accuracies: 0.7998809523809524 53
Communication round: 76, Eavesdropper Accuracy: 0.8090909090909091 53 1
Communication round: 77, Aggregated Accuracies: 0.8105952380952379 54
Communication round: 77, Eavesdropper Accuracy: 0.8295454545454546 54 1
Communication round: 78, Aggregated Accuracies: 0.8178571428571427 55
Communication round: 78, Eavesdropper Accuracy: 0.8272727272727273 55 1
Communication round: 79, Aggregated Accuracies: 0.8253571428571432 56
Communication round: 79, Eavesdropper Accuracy: 0.8431818181818181 56 1
Communication round: 80, Aggregated Accuracies: 0.8338095238095237 57
Communication round: 80, Eavesdropper Accuracy: 0.8295454545454546 57 1
Communication round: 81, Aggregated Accuracies: 0.8340476190476189 58
Communication round: 81, Eavesdropper Accuracy: 0.8159090909090909 58 1
Communication round: 82, Aggregated Accuracies: 0.8454761904761905 59
Communication round: 82, Eavesdropper Accuracy: 0.865909090909091 59 1
Communication round: 83, Eavesdropper Accuracy: 0.825 59 0
Communication round: 84, Eavesdropper Accuracy: 0.8522727272727273 59 0
Communication round: 85, Eavesdropper Accuracy: 0.8431818181818181 59 0
Communication round: 86, Eavesdropper Accuracy: 0.8409090909090909 59 0
Communication round: 87, Eavesdropper Accuracy: 0.8636363636363636 59 0
Communication round: 88, Eavesdropper Accuracy: 0.8568181818181818 59 0
Communication round: 89, Eavesdropper Accuracy: 0.8613636363636363 59 0
Communication round: 90, Eavesdropper Accuracy: 0.8636363636363636 59 0
Communication round: 91, Eavesdropper Accuracy: 0.8227272727272728 59 0
Communication round: 92, Eavesdropper Accuracy: 0.8590909090909091 59 0
Communication round: 93, Eavesdropper Accuracy: 0.8590909090909091 59 0
Communication round: 94, Eavesdropper Accuracy: 0.85 59 0
Communication round: 95, Eavesdropper Accuracy: 0.8363636363636363 59 0
Communication round: 96, Eavesdropper Accuracy: 0.85 59 0
Communication round: 97, Eavesdropper Accuracy: 0.8409090909090909 59 0
Communication round: 98, Eavesdropper Accuracy: 0.8590909090909091 59 0
Communication round: 99, Eavesdropper Accuracy: 0.8227272727272728 59 0
----------------------------------------------------------------------------------------------------
----------------------------------------------------------------------------------------------------
50_30_100_0.4_8_0.8_False_
----------------------------------------------------------------------------------------------------
Communication round: 0, Eavesdropper Accuracy: 0.06136363636363636 1 1
Communication round: 1, Eavesdropper Accuracy: 0.056818181818181816 2 1
Communication round: 2, Eavesdropper Accuracy: 0.06363636363636363 3 1
Communication round: 3, Eavesdropper Accuracy: 0.06818181818181818 4 1
Communication round: 4, Aggregated Accuracies: 0.09452380952380951 5
Communication round: 4, Eavesdropper Accuracy: 0.05227272727272727 5 1
Communication round: 5, Eavesdropper Accuracy: 0.05 6 1
Communication round: 6, Eavesdropper Accuracy: 0.04090909090909091 7 1
Communication round: 7, Eavesdropper Accuracy: 0.045454545454545456 8 1
Communication round: 8, Eavesdropper Accuracy: 0.04318181818181818 9 1
Communication round: 9, Eavesdropper Accuracy: 0.045454545454545456 9 0
Communication round: 10, Aggregated Accuracies: 0.10166666666666666 10
Communication round: 10, Eavesdropper Accuracy: 0.06818181818181818 10 1
Communication round: 11, Eavesdropper Accuracy: 0.06136363636363636 11 1
Communication round: 12, Eavesdropper Accuracy: 0.07727272727272727 12 1
Communication round: 13, Aggregated Accuracies: 0.1548809523809524 13
Communication round: 13, Eavesdropper Accuracy: 0.1409090909090909 13 1
Communication round: 14, Aggregated Accuracies: 0.20583333333333328 14
Communication round: 14, Eavesdropper Accuracy: 0.18863636363636363 14 1
Communication round: 15, Aggregated Accuracies: 0.2592857142857143 15
Communication round: 15, Eavesdropper Accuracy: 0.24772727272727274 15 1
Communication round: 16, Aggregated Accuracies: 0.31999999999999995 16
Communication round: 16, Eavesdropper Accuracy: 0.33181818181818185 16 1
Communication round: 17, Aggregated Accuracies: 0.38071428571428567 17
Communication round: 17, Eavesdropper Accuracy: 0.4090909090909091 17 1
Communication round: 18, Aggregated Accuracies: 0.4376190476190476 18
Communication round: 18, Eavesdropper Accuracy: 0.44545454545454544 18 1
Communication round: 19, Eavesdropper Accuracy: 0.4818181818181818 18 0
Communication round: 20, Eavesdropper Accuracy: 0.44545454545454544 18 0
Communication round: 21, Eavesdropper Accuracy: 0.43863636363636366 18 0
Communication round: 22, Aggregated Accuracies: 0.47690476190476183 19
Communication round: 22, Eavesdropper Accuracy: 0.5181818181818182 19 1
Communication round: 23, Eavesdropper Accuracy: 0.509090909090909 19 0
Communication round: 24, Aggregated Accuracies: 0.5184523809523809 20
Communication round: 24, Eavesdropper Accuracy: 0.5295454545454545 20 1
Communication round: 25, Eavesdropper Accuracy: 0.5431818181818182 21 1
Communication round: 26, Aggregated Accuracies: 0.5621428571428572 22
Communication round: 26, Eavesdropper Accuracy: 0.6 22 1
Communication round: 27, Aggregated Accuracies: 0.5877380952380952 23
Communication round: 27, Eavesdropper Accuracy: 0.6295454545454545 23 1
Communication round: 28, Eavesdropper Accuracy: 0.6363636363636364 23 0
Communication round: 29, Eavesdropper Accuracy: 0.5931818181818181 23 0
Communication round: 30, Eavesdropper Accuracy: 0.6363636363636364 23 0
Communication round: 31, Eavesdropper Accuracy: 0.6227272727272727 23 0
Communication round: 32, Eavesdropper Accuracy: 0.6090909090909091 23 0
Communication round: 33, Eavesdropper Accuracy: 0.6477272727272727 23 0
Communication round: 34, Eavesdropper Accuracy: 0.6227272727272727 24 1
Communication round: 35, Eavesdropper Accuracy: 0.6272727272727273 24 0
Communication round: 36, Eavesdropper Accuracy: 0.6295454545454545 25 1
Communication round: 37, Aggregated Accuracies: 0.6065476190476192 26
Communication round: 37, Eavesdropper Accuracy: 0.6272727272727273 26 1
Communication round: 38, Eavesdropper Accuracy: 0.6545454545454545 26 0
Communication round: 39, Eavesdropper Accuracy: 0.6386363636363637 27 1
Communication round: 40, Eavesdropper Accuracy: 0.6681818181818182 27 0
Communication round: 41, Eavesdropper Accuracy: 0.6363636363636364 27 0
Communication round: 42, Eavesdropper Accuracy: 0.6272727272727273 27 0
Communication round: 43, Eavesdropper Accuracy: 0.615909090909091 27 0
Communication round: 44, Eavesdropper Accuracy: 0.625 27 0
Communication round: 45, Eavesdropper Accuracy: 0.625 27 0
Communication round: 46, Eavesdropper Accuracy: 0.6295454545454545 27 0
Communication round: 47, Eavesdropper Accuracy: 0.65 27 0
Communication round: 48, Eavesdropper Accuracy: 0.6545454545454545 28 1
Communication round: 49, Eavesdropper Accuracy: 0.6272727272727273 28 0
Communication round: 50, Eavesdropper Accuracy: 0.6568181818181819 29 1
Communication round: 51, Eavesdropper Accuracy: 0.6318181818181818 29 0
Communication round: 52, Eavesdropper Accuracy: 0.615909090909091 29 0
Communication round: 53, Eavesdropper Accuracy: 0.6681818181818182 30 1
Communication round: 54, Eavesdropper Accuracy: 0.6545454545454545 30 0
Communication round: 55, Eavesdropper Accuracy: 0.6840909090909091 30 0
Communication round: 56, Eavesdropper Accuracy: 0.6431818181818182 31 1
Communication round: 57, Eavesdropper Accuracy: 0.6409090909090909 31 0
Communication round: 58, Eavesdropper Accuracy: 0.6409090909090909 32 1
Communication round: 59, Eavesdropper Accuracy: 0.6272727272727273 33 1
Communication round: 60, Eavesdropper Accuracy: 0.6386363636363637 34 1
Communication round: 61, Eavesdropper Accuracy: 0.6522727272727272 35 1
Communication round: 62, Eavesdropper Accuracy: 0.634090909090909 36 1
Communication round: 63, Eavesdropper Accuracy: 0.6636363636363637 36 0
Communication round: 64, Eavesdropper Accuracy: 0.6681818181818182 37 1
Communication round: 65, Eavesdropper Accuracy: 0.6636363636363637 38 1
Communication round: 66, Eavesdropper Accuracy: 0.6068181818181818 38 0
Communication round: 67, Eavesdropper Accuracy: 0.6795454545454546 39 1
Communication round: 68, Eavesdropper Accuracy: 0.65 40 1
Communication round: 69, Eavesdropper Accuracy: 0.6590909090909091 40 0
Communication round: 70, Eavesdropper Accuracy: 0.65 41 1
Communication round: 71, Eavesdropper Accuracy: 0.634090909090909 42 1
Communication round: 72, Eavesdropper Accuracy: 0.6659090909090909 42 0
Communication round: 73, Aggregated Accuracies: 0.6311904761904762 43
Communication round: 73, Eavesdropper Accuracy: 0.675 43 1
Communication round: 74, Eavesdropper Accuracy: 0.6636363636363637 43 0
Communication round: 75, Eavesdropper Accuracy: 0.6795454545454546 43 0
Communication round: 76, Eavesdropper Accuracy: 0.6477272727272727 43 0
Communication round: 77, Eavesdropper Accuracy: 0.6409090909090909 43 0
Communication round: 78, Eavesdropper Accuracy: 0.6659090909090909 43 0
Communication round: 79, Eavesdropper Accuracy: 0.65 43 0
Communication round: 80, Aggregated Accuracies: 0.6529761904761905 44
Communication round: 80, Eavesdropper Accuracy: 0.6727272727272727 44 1
Communication round: 81, Aggregated Accuracies: 0.6791666666666665 45
Communication round: 81, Eavesdropper Accuracy: 0.7045454545454546 45 1
Communication round: 82, Aggregated Accuracies: 0.7025000000000001 46
Communication round: 82, Eavesdropper Accuracy: 0.7045454545454546 46 1
Communication round: 83, Aggregated Accuracies: 0.7128571428571427 47
Communication round: 83, Eavesdropper Accuracy: 0.7204545454545455 47 1
Communication round: 84, Aggregated Accuracies: 0.739047619047619 48
Communication round: 84, Eavesdropper Accuracy: 0.7795454545454545 48 1
Communication round: 85, Aggregated Accuracies: 0.7627380952380953 49
Communication round: 85, Eavesdropper Accuracy: 0.7840909090909091 49 1
Communication round: 86, Eavesdropper Accuracy: 0.7659090909090909 50 1
Communication round: 87, Eavesdropper Accuracy: 0.8 50 0
Communication round: 88, Eavesdropper Accuracy: 0.7818181818181819 51 1
Communication round: 89, Aggregated Accuracies: 0.7733333333333333 52
Communication round: 89, Eavesdropper Accuracy: 0.7886363636363637 52 1
Communication round: 90, Eavesdropper Accuracy: 0.8045454545454546 52 0
Communication round: 91, Eavesdropper Accuracy: 0.8045454545454546 52 0
Communication round: 92, Eavesdropper Accuracy: 0.7909090909090909 52 0
Communication round: 93, Eavesdropper Accuracy: 0.7954545454545454 53 1
Communication round: 94, Eavesdropper Accuracy: 0.7840909090909091 54 1
Communication round: 95, Eavesdropper Accuracy: 0.7977272727272727 55 1
Communication round: 96, Aggregated Accuracies: 0.7748809523809522 56
Communication round: 96, Eavesdropper Accuracy: 0.8090909090909091 56 1
Communication round: 97, Aggregated Accuracies: 0.7873809523809523 57
Communication round: 97, Eavesdropper Accuracy: 0.7909090909090909 57 1
Communication round: 98, Aggregated Accuracies: 0.7989285714285715 58
Communication round: 98, Eavesdropper Accuracy: 0.8090909090909091 58 1
Communication round: 99, Aggregated Accuracies: 0.8090476190476191 59
Communication round: 99, Eavesdropper Accuracy: 0.825 59 1
----------------------------------------------------------------------------------------------------
----------------------------------------------------------------------------------------------------
50_30_100_0.4_8_0.8_False_
----------------------------------------------------------------------------------------------------
Communication round: 0, Smart Eavesdropper Accuracy: 0.15227272727272728 0 0
Communication round: 1, Smart Eavesdropper Accuracy: 0.275 1 1
Communication round: 2, Eavesdropper Accuracy: 0.1 2 1
Communication round: 3, Smart Eavesdropper Accuracy: 0.14772727272727273 2 0
Communication round: 4, Smart Eavesdropper Accuracy: 0.31363636363636366 2 0
Communication round: 5, Aggregated Accuracies: 0.11702380952380954 3
Communication round: 5, Smart Eavesdropper Accuracy: 0.45 3 1
Communication round: 6, Eavesdropper Accuracy: 0.11363636363636363 4 1
Communication round: 7, Eavesdropper Accuracy: 0.10454545454545454 5 1
Communication round: 8, Eavesdropper Accuracy: 0.13636363636363635 6 1
Communication round: 9, Eavesdropper Accuracy: 0.12045454545454545 7 1
Communication round: 10, Eavesdropper Accuracy: 0.1159090909090909 8 1
Communication round: 11, Eavesdropper Accuracy: 0.11818181818181818 9 1
Communication round: 12, Aggregated Accuracies: 0.1555952380952381 10
Communication round: 12, Eavesdropper Accuracy: 0.16136363636363638 10 1
Communication round: 13, Aggregated Accuracies: 0.209047619047619 11
Communication round: 13, Eavesdropper Accuracy: 0.22045454545454546 11 1
Communication round: 14, Aggregated Accuracies: 0.24773809523809512 12
Communication round: 14, Eavesdropper Accuracy: 0.25681818181818183 12 1
Communication round: 15, Aggregated Accuracies: 0.3064285714285714 13
Communication round: 15, Eavesdropper Accuracy: 0.33636363636363636 13 1
Communication round: 16, Aggregated Accuracies: 0.3707142857142856 14
Communication round: 16, Eavesdropper Accuracy: 0.4090909090909091 14 1
Communication round: 17, Aggregated Accuracies: 0.42285714285714293 15
Communication round: 17, Eavesdropper Accuracy: 0.4727272727272727 15 1
Communication round: 18, Aggregated Accuracies: 0.47630952380952385 16
Communication round: 18, Eavesdropper Accuracy: 0.5318181818181819 16 1
Communication round: 19, Eavesdropper Accuracy: 0.5227272727272727 16 0
Communication round: 20, Aggregated Accuracies: 0.5247619047619048 17
Communication round: 20, Eavesdropper Accuracy: 0.5545454545454546 17 1
Communication round: 21, Aggregated Accuracies: 0.5585714285714286 18
Communication round: 21, Eavesdropper Accuracy: 0.6 18 1
Communication round: 22, Aggregated Accuracies: 0.5847619047619047 19
Communication round: 22, Eavesdropper Accuracy: 0.6136363636363636 19 1
Communication round: 23, Aggregated Accuracies: 0.612857142857143 20
Communication round: 23, Eavesdropper Accuracy: 0.6704545454545454 20 1
Communication round: 24, Aggregated Accuracies: 0.6308333333333332 21
Communication round: 24, Eavesdropper Accuracy: 0.6590909090909091 21 1
Communication round: 25, Eavesdropper Accuracy: 0.6522727272727272 21 0
Communication round: 26, Aggregated Accuracies: 0.6509523809523808 22
Communication round: 26, Eavesdropper Accuracy: 0.6931818181818182 22 1
Communication round: 27, Aggregated Accuracies: 0.6777380952380955 23
Communication round: 27, Eavesdropper Accuracy: 0.6863636363636364 23 1
Communication round: 28, Aggregated Accuracies: 0.6960714285714285 24
Communication round: 28, Eavesdropper Accuracy: 0.7159090909090909 24 1
Communication round: 29, Aggregated Accuracies: 0.7121428571428574 25
Communication round: 29, Eavesdropper Accuracy: 0.7545454545454545 25 1
Communication round: 30, Aggregated Accuracies: 0.7273809523809525 26
Communication round: 30, Eavesdropper Accuracy: 0.775 26 1
Communication round: 31, Aggregated Accuracies: 0.7430952380952381 27
Communication round: 31, Eavesdropper Accuracy: 0.7659090909090909 27 1
Communication round: 32, Aggregated Accuracies: 0.7520238095238096 28
Communication round: 32, Eavesdropper Accuracy: 0.775 28 1
Communication round: 33, Aggregated Accuracies: 0.7640476190476191 29
Communication round: 33, Eavesdropper Accuracy: 0.7954545454545454 29 1
Communication round: 34, Aggregated Accuracies: 0.7765476190476192 30
Communication round: 34, Eavesdropper Accuracy: 0.8068181818181818 30 1
Communication round: 35, Eavesdropper Accuracy: 0.8 30 0
Communication round: 36, Aggregated Accuracies: 0.7882142857142856 31
Communication round: 36, Eavesdropper Accuracy: 0.7977272727272727 31 1
Communication round: 37, Aggregated Accuracies: 0.792857142857143 32
Communication round: 37, Eavesdropper Accuracy: 0.8022727272727272 32 1
Communication round: 38, Aggregated Accuracies: 0.8052380952380952 33
Communication round: 38, Eavesdropper Accuracy: 0.8068181818181818 33 1
Communication round: 39, Eavesdropper Accuracy: 0.8045454545454546 33 0
Communication round: 40, Eavesdropper Accuracy: 0.8181818181818182 33 0
Communication round: 41, Eavesdropper Accuracy: 0.8068181818181818 33 0
Communication round: 42, Eavesdropper Accuracy: 0.8159090909090909 33 0
Communication round: 43, Eavesdropper Accuracy: 0.8204545454545454 33 0
Communication round: 44, Eavesdropper Accuracy: 0.8204545454545454 33 0
Communication round: 45, Eavesdropper Accuracy: 0.8272727272727273 33 0
Communication round: 46, Eavesdropper Accuracy: 0.8454545454545455 33 0
Communication round: 47, Eavesdropper Accuracy: 0.8090909090909091 33 0
Communication round: 48, Eavesdropper Accuracy: 0.7977272727272727 33 0
Communication round: 49, Eavesdropper Accuracy: 0.825 33 0
Communication round: 50, Eavesdropper Accuracy: 0.8318181818181818 33 0
Communication round: 51, Aggregated Accuracies: 0.8077380952380956 34
Communication round: 51, Eavesdropper Accuracy: 0.8159090909090909 34 1
Communication round: 52, Aggregated Accuracies: 0.8145238095238096 35
Communication round: 52, Eavesdropper Accuracy: 0.8318181818181818 35 1
Communication round: 53, Aggregated Accuracies: 0.8165476190476189 36
Communication round: 53, Eavesdropper Accuracy: 0.8204545454545454 36 1
Communication round: 54, Aggregated Accuracies: 0.8236904761904761 37
Communication round: 54, Eavesdropper Accuracy: 0.8431818181818181 37 1
Communication round: 55, Eavesdropper Accuracy: 0.8340909090909091 37 0
Communication round: 56, Eavesdropper Accuracy: 0.85 37 0
Communication round: 57, Eavesdropper Accuracy: 0.8545454545454545 37 0
Communication round: 58, Eavesdropper Accuracy: 0.85 37 0
Communication round: 59, Eavesdropper Accuracy: 0.875 37 0
Communication round: 60, Eavesdropper Accuracy: 0.8568181818181818 37 0
Communication round: 61, Eavesdropper Accuracy: 0.8409090909090909 37 0
Communication round: 62, Eavesdropper Accuracy: 0.8568181818181818 38 1
Communication round: 63, Eavesdropper Accuracy: 0.8363636363636363 39 1
Communication round: 64, Eavesdropper Accuracy: 0.8477272727272728 40 1
Communication round: 65, Eavesdropper Accuracy: 0.85 40 0
Communication round: 66, Eavesdropper Accuracy: 0.8318181818181818 40 0
Communication round: 67, Eavesdropper Accuracy: 0.85 40 0
Communication round: 68, Eavesdropper Accuracy: 0.8340909090909091 40 0
Communication round: 69, Eavesdropper Accuracy: 0.8386363636363636 40 0
Communication round: 70, Eavesdropper Accuracy: 0.8545454545454545 40 0
Communication round: 71, Eavesdropper Accuracy: 0.8477272727272728 40 0
Communication round: 72, Eavesdropper Accuracy: 0.85 40 0
Communication round: 73, Eavesdropper Accuracy: 0.8545454545454545 40 0
Communication round: 74, Eavesdropper Accuracy: 0.8545454545454545 40 0
Communication round: 75, Eavesdropper Accuracy: 0.8454545454545455 40 0
Communication round: 76, Eavesdropper Accuracy: 0.8477272727272728 40 0
Communication round: 77, Eavesdropper Accuracy: 0.8454545454545455 40 0
Communication round: 78, Eavesdropper Accuracy: 0.8272727272727273 40 0
Communication round: 79, Eavesdropper Accuracy: 0.865909090909091 41 1
Communication round: 80, Eavesdropper Accuracy: 0.8272727272727273 41 0
Communication round: 81, Smart Eavesdropper Accuracy: 0.8454545454545455 41 0
Communication round: 82, Smart Eavesdropper Accuracy: 0.8795454545454545 41 0
Communication round: 83, Smart Eavesdropper Accuracy: 0.85 41 0
Communication round: 84, Smart Eavesdropper Accuracy: 0.865909090909091 41 0
Communication round: 85, Smart Eavesdropper Accuracy: 0.8727272727272727 41 0
Communication round: 86, Smart Eavesdropper Accuracy: 0.884090909090909 41 0
Communication round: 87, Smart Eavesdropper Accuracy: 0.8977272727272727 41 0
Communication round: 88, Smart Eavesdropper Accuracy: 0.8795454545454545 41 0
Communication round: 89, Smart Eavesdropper Accuracy: 0.9113636363636364 41 0
Communication round: 90, Smart Eavesdropper Accuracy: 0.8954545454545455 41 0
Communication round: 91, Smart Eavesdropper Accuracy: 0.8977272727272727 41 0
Communication round: 92, Smart Eavesdropper Accuracy: 0.9045454545454545 41 0
Communication round: 93, Smart Eavesdropper Accuracy: 0.8977272727272727 41 0
Communication round: 94, Smart Eavesdropper Accuracy: 0.9318181818181818 41 0
Communication round: 95, Smart Eavesdropper Accuracy: 0.8931818181818182 41 0
Communication round: 96, Smart Eavesdropper Accuracy: 0.8795454545454545 41 0
Communication round: 97, Smart Eavesdropper Accuracy: 0.9295454545454546 41 0
Communication round: 98, Smart Eavesdropper Accuracy: 0.8863636363636364 41 0
Communication round: 99, Smart Eavesdropper Accuracy: 0.9318181818181818 41 0
----------------------------------------------------------------------------------------------------
----------------------------------------------------------------------------------------------------
50_30_100_0.4_8_0.8_False_
----------------------------------------------------------------------------------------------------
Communication round: 0, Smart Eavesdropper Accuracy: 0.18181818181818182 0 0
Communication round: 1, Smart Eavesdropper Accuracy: 0.35 1 1
Communication round: 2, Aggregated Accuracies: 0.09904761904761904 2
Communication round: 2, Eavesdropper Accuracy: 0.06818181818181818 2 1
Communication round: 3, Aggregated Accuracies: 0.11607142857142856 3
Communication round: 3, Eavesdropper Accuracy: 0.11363636363636363 3 1
Communication round: 4, Aggregated Accuracies: 0.15785714285714286 4
Communication round: 4, Eavesdropper Accuracy: 0.14545454545454545 4 1
Communication round: 5, Aggregated Accuracies: 0.19345238095238096 5
Communication round: 5, Eavesdropper Accuracy: 0.2159090909090909 5 1
Communication round: 6, Aggregated Accuracies: 0.27333333333333326 6
Communication round: 6, Eavesdropper Accuracy: 0.28863636363636364 6 1
Communication round: 7, Aggregated Accuracies: 0.34476190476190494 7
Communication round: 7, Eavesdropper Accuracy: 0.43636363636363634 7 1
Communication round: 8, Aggregated Accuracies: 0.3898809523809523 8
Communication round: 8, Eavesdropper Accuracy: 0.4159090909090909 8 1
Communication round: 9, Aggregated Accuracies: 0.44214285714285706 9
Communication round: 9, Eavesdropper Accuracy: 0.47045454545454546 9 1
Communication round: 10, Aggregated Accuracies: 0.49488095238095225 10
Communication round: 10, Eavesdropper Accuracy: 0.525 10 1
Communication round: 11, Aggregated Accuracies: 0.5396428571428572 11
Communication round: 11, Eavesdropper Accuracy: 0.5272727272727272 11 1
Communication round: 12, Aggregated Accuracies: 0.558690476190476 12
Communication round: 12, Eavesdropper Accuracy: 0.5840909090909091 12 1
Communication round: 13, Aggregated Accuracies: 0.6001190476190478 13
Communication round: 13, Eavesdropper Accuracy: 0.6409090909090909 13 1
Communication round: 14, Aggregated Accuracies: 0.6291666666666665 14
Communication round: 14, Eavesdropper Accuracy: 0.6204545454545455 14 1
Communication round: 15, Aggregated Accuracies: 0.6580952380952383 15
Communication round: 15, Eavesdropper Accuracy: 0.7227272727272728 15 1
Communication round: 16, Eavesdropper Accuracy: 0.6727272727272727 15 0
Communication round: 17, Aggregated Accuracies: 0.6884523809523807 16
Communication round: 17, Eavesdropper Accuracy: 0.7454545454545455 16 1
Communication round: 18, Aggregated Accuracies: 0.7102380952380954 17
Communication round: 18, Eavesdropper Accuracy: 0.7727272727272727 17 1
Communication round: 19, Eavesdropper Accuracy: 0.7090909090909091 17 0
Communication round: 20, Eavesdropper Accuracy: 0.7545454545454545 17 0
Communication round: 21, Eavesdropper Accuracy: 0.7454545454545455 17 0
Communication round: 22, Eavesdropper Accuracy: 0.7159090909090909 17 0
Communication round: 23, Eavesdropper Accuracy: 0.7113636363636363 17 0
Communication round: 24, Eavesdropper Accuracy: 0.7681818181818182 17 0
Communication round: 25, Eavesdropper Accuracy: 0.7227272727272728 17 0
Communication round: 26, Eavesdropper Accuracy: 0.7090909090909091 18 1
Communication round: 27, Eavesdropper Accuracy: 0.7113636363636363 18 0
Communication round: 28, Aggregated Accuracies: 0.7301190476190473 19
Communication round: 28, Eavesdropper Accuracy: 0.7545454545454545 19 1
Communication round: 29, Aggregated Accuracies: 0.7403571428571429 20
Communication round: 29, Eavesdropper Accuracy: 0.7704545454545455 20 1
Communication round: 30, Aggregated Accuracies: 0.7647619047619049 21
Communication round: 30, Eavesdropper Accuracy: 0.7636363636363637 21 1
Communication round: 31, Aggregated Accuracies: 0.7791666666666666 22
Communication round: 31, Eavesdropper Accuracy: 0.7863636363636364 22 1
Communication round: 32, Eavesdropper Accuracy: 0.7818181818181819 22 0
Communication round: 33, Eavesdropper Accuracy: 0.7886363636363637 22 0
Communication round: 34, Eavesdropper Accuracy: 0.7681818181818182 22 0
Communication round: 35, Eavesdropper Accuracy: 0.7977272727272727 22 0
Communication round: 36, Eavesdropper Accuracy: 0.8 22 0
Communication round: 37, Aggregated Accuracies: 0.7851190476190476 23
Communication round: 37, Eavesdropper Accuracy: 0.7704545454545455 23 1
Communication round: 38, Aggregated Accuracies: 0.8004761904761907 24
Communication round: 38, Eavesdropper Accuracy: 0.8136363636363636 24 1
Communication round: 39, Aggregated Accuracies: 0.8054761904761902 25
Communication round: 39, Eavesdropper Accuracy: 0.7909090909090909 25 1
Communication round: 40, Aggregated Accuracies: 0.8114285714285713 26
Communication round: 40, Eavesdropper Accuracy: 0.8136363636363636 26 1
Communication round: 41, Aggregated Accuracies: 0.8216666666666661 27
Communication round: 41, Eavesdropper Accuracy: 0.8295454545454546 27 1
Communication round: 42, Aggregated Accuracies: 0.8357142857142859 28
Communication round: 42, Eavesdropper Accuracy: 0.8431818181818181 28 1
Communication round: 43, Aggregated Accuracies: 0.8347619047619047 29
Communication round: 43, Eavesdropper Accuracy: 0.8363636363636363 29 1
Communication round: 44, Aggregated Accuracies: 0.8423809523809521 30
Communication round: 44, Eavesdropper Accuracy: 0.8295454545454546 30 1
Communication round: 45, Eavesdropper Accuracy: 0.8477272727272728 30 0
Communication round: 46, Eavesdropper Accuracy: 0.8522727272727273 30 0
Communication round: 47, Eavesdropper Accuracy: 0.865909090909091 30 0
Communication round: 48, Eavesdropper Accuracy: 0.8522727272727273 30 0
Communication round: 49, Eavesdropper Accuracy: 0.8522727272727273 30 0
Communication round: 50, Eavesdropper Accuracy: 0.8431818181818181 30 0
Communication round: 51, Eavesdropper Accuracy: 0.8568181818181818 30 0
Communication round: 52, Eavesdropper Accuracy: 0.865909090909091 30 0
Communication round: 53, Eavesdropper Accuracy: 0.8363636363636363 30 0
Communication round: 54, Eavesdropper Accuracy: 0.8545454545454545 30 0
Communication round: 55, Eavesdropper Accuracy: 0.8681818181818182 30 0
Communication round: 56, Eavesdropper Accuracy: 0.8568181818181818 30 0
Communication round: 57, Eavesdropper Accuracy: 0.8727272727272727 30 0
Communication round: 58, Eavesdropper Accuracy: 0.85 30 0
Communication round: 59, Smart Eavesdropper Accuracy: 0.8068181818181818 30 0
Communication round: 60, Smart Eavesdropper Accuracy: 0.8386363636363636 30 0
Communication round: 61, Smart Eavesdropper Accuracy: 0.8295454545454546 30 0
Communication round: 62, Smart Eavesdropper Accuracy: 0.8363636363636363 30 0
Communication round: 63, Smart Eavesdropper Accuracy: 0.8386363636363636 30 0
Communication round: 64, Smart Eavesdropper Accuracy: 0.884090909090909 30 0
Communication round: 65, Smart Eavesdropper Accuracy: 0.8613636363636363 30 0
Communication round: 66, Smart Eavesdropper Accuracy: 0.8613636363636363 30 0
Communication round: 67, Smart Eavesdropper Accuracy: 0.865909090909091 30 0
Communication round: 68, Smart Eavesdropper Accuracy: 0.884090909090909 30 0
Communication round: 69, Smart Eavesdropper Accuracy: 0.8886363636363637 30 0
Communication round: 70, Smart Eavesdropper Accuracy: 0.8704545454545455 30 0
Communication round: 71, Smart Eavesdropper Accuracy: 0.8795454545454545 30 0
Communication round: 72, Smart Eavesdropper Accuracy: 0.8886363636363637 30 0
Communication round: 73, Smart Eavesdropper Accuracy: 0.8727272727272727 30 0
Communication round: 74, Smart Eavesdropper Accuracy: 0.8772727272727273 30 0
Communication round: 75, Smart Eavesdropper Accuracy: 0.9022727272727272 30 0
Communication round: 76, Aggregated Accuracies: 0.844285714285714 31
Communication round: 76, Smart Eavesdropper Accuracy: 0.9068181818181819 31 1
Communication round: 77, Smart Eavesdropper Accuracy: 0.8954545454545455 31 0
Communication round: 78, Smart Eavesdropper Accuracy: 0.9045454545454545 31 0
Communication round: 79, Smart Eavesdropper Accuracy: 0.9068181818181819 31 0
Communication round: 80, Smart Eavesdropper Accuracy: 0.9045454545454545 31 0
Communication round: 81, Smart Eavesdropper Accuracy: 0.9318181818181818 31 0
Communication round: 82, Smart Eavesdropper Accuracy: 0.925 31 0
Communication round: 83, Smart Eavesdropper Accuracy: 0.8954545454545455 31 0
Communication round: 84, Smart Eavesdropper Accuracy: 0.9159090909090909 31 0
Communication round: 85, Smart Eavesdropper Accuracy: 0.9272727272727272 31 0
Communication round: 86, Smart Eavesdropper Accuracy: 0.9022727272727272 31 0
Communication round: 87, Smart Eavesdropper Accuracy: 0.9159090909090909 31 0
Communication round: 88, Smart Eavesdropper Accuracy: 0.9363636363636364 31 0
Communication round: 89, Smart Eavesdropper Accuracy: 0.8977272727272727 31 0
Communication round: 90, Smart Eavesdropper Accuracy: 0.9295454545454546 31 0
Communication round: 91, Smart Eavesdropper Accuracy: 0.9022727272727272 31 0
Communication round: 92, Smart Eavesdropper Accuracy: 0.9045454545454545 31 0
Communication round: 93, Smart Eavesdropper Accuracy: 0.8863636363636364 31 0
Communication round: 94, Smart Eavesdropper Accuracy: 0.9022727272727272 31 0
Communication round: 95, Smart Eavesdropper Accuracy: 0.925 31 0
Communication round: 96, Smart Eavesdropper Accuracy: 0.8863636363636364 31 0
Communication round: 97, Smart Eavesdropper Accuracy: 0.925 31 0
Communication round: 98, Smart Eavesdropper Accuracy: 0.9 31 0
Communication round: 99, Smart Eavesdropper Accuracy: 0.9159090909090909 31 0
----------------------------------------------------------------------------------------------------
----------------------------------------------------------------------------------------------------
50_30_100_0.4_8_0.8_False_
----------------------------------------------------------------------------------------------------
Communication round: 0, Smart Eavesdropper Accuracy: 0.20681818181818182 0 0
Communication round: 1, Smart Eavesdropper Accuracy: 0.2772727272727273 0 0
Communication round: 2, Smart Eavesdropper Accuracy: 0.42727272727272725 0 0
Communication round: 3, Aggregated Accuracies: 0.12440476190476189 1
Communication round: 3, Smart Eavesdropper Accuracy: 0.47954545454545455 1 1
Communication round: 4, Aggregated Accuracies: 0.14869047619047618 2
Communication round: 4, Smart Eavesdropper Accuracy: 0.6318181818181818 2 1
Communication round: 5, Aggregated Accuracies: 0.17642857142857143 3
Communication round: 5, Smart Eavesdropper Accuracy: 0.6772727272727272 3 1
Communication round: 6, Aggregated Accuracies: 0.23238095238095238 4
Communication round: 6, Eavesdropper Accuracy: 0.2431818181818182 4 1
Communication round: 7, Aggregated Accuracies: 0.2857142857142858 5
Communication round: 7, Eavesdropper Accuracy: 0.3340909090909091 5 1
Communication round: 8, Aggregated Accuracies: 0.32464285714285723 6
Communication round: 8, Eavesdropper Accuracy: 0.3659090909090909 6 1
Communication round: 9, Aggregated Accuracies: 0.3951190476190476 7
Communication round: 9, Eavesdropper Accuracy: 0.44545454545454544 7 1
Communication round: 10, Eavesdropper Accuracy: 0.4409090909090909 7 0
Communication round: 11, Aggregated Accuracies: 0.45357142857142874 8
Communication round: 11, Eavesdropper Accuracy: 0.4863636363636364 8 1
Communication round: 12, Aggregated Accuracies: 0.48571428571428554 9
Communication round: 12, Eavesdropper Accuracy: 0.5136363636363637 9 1
Communication round: 13, Aggregated Accuracies: 0.5223809523809522 10
Communication round: 13, Eavesdropper Accuracy: 0.5568181818181818 10 1
Communication round: 14, Aggregated Accuracies: 0.566309523809524 11
Communication round: 14, Eavesdropper Accuracy: 0.6431818181818182 11 1
Communication round: 15, Aggregated Accuracies: 0.6183333333333334 12
Communication round: 15, Eavesdropper Accuracy: 0.6863636363636364 12 1
Communication round: 16, Aggregated Accuracies: 0.6422619047619048 13
Communication round: 16, Eavesdropper Accuracy: 0.6977272727272728 13 1
Communication round: 17, Aggregated Accuracies: 0.678452380952381 14
Communication round: 17, Eavesdropper Accuracy: 0.7113636363636363 14 1
Communication round: 18, Aggregated Accuracies: 0.7029761904761904 15
Communication round: 18, Eavesdropper Accuracy: 0.7613636363636364 15 1
Communication round: 19, Aggregated Accuracies: 0.7297619047619045 16
Communication round: 19, Eavesdropper Accuracy: 0.7659090909090909 16 1
Communication round: 20, Aggregated Accuracies: 0.7430952380952383 17
Communication round: 20, Eavesdropper Accuracy: 0.7840909090909091 17 1
Communication round: 21, Eavesdropper Accuracy: 0.7954545454545454 17 0
Communication round: 22, Eavesdropper Accuracy: 0.8340909090909091 17 0
Communication round: 23, Eavesdropper Accuracy: 0.7863636363636364 17 0
Communication round: 24, Eavesdropper Accuracy: 0.8204545454545454 17 0
Communication round: 25, Eavesdropper Accuracy: 0.7613636363636364 17 0
Communication round: 26, Eavesdropper Accuracy: 0.7772727272727272 17 0
Communication round: 27, Eavesdropper Accuracy: 0.7795454545454545 17 0
Communication round: 28, Eavesdropper Accuracy: 0.7772727272727272 17 0
Communication round: 29, Eavesdropper Accuracy: 0.8022727272727272 17 0
Communication round: 30, Eavesdropper Accuracy: 0.7931818181818182 17 0
Communication round: 31, Eavesdropper Accuracy: 0.7909090909090909 17 0
Communication round: 32, Eavesdropper Accuracy: 0.7840909090909091 17 0
Communication round: 33, Smart Eavesdropper Accuracy: 0.7954545454545454 17 0
Communication round: 34, Smart Eavesdropper Accuracy: 0.7659090909090909 17 0
Communication round: 35, Smart Eavesdropper Accuracy: 0.8590909090909091 17 0
Communication round: 36, Smart Eavesdropper Accuracy: 0.8681818181818182 17 0
Communication round: 37, Smart Eavesdropper Accuracy: 0.8772727272727273 17 0
Communication round: 38, Smart Eavesdropper Accuracy: 0.8931818181818182 17 0
Communication round: 39, Smart Eavesdropper Accuracy: 0.8681818181818182 17 0
Communication round: 40, Smart Eavesdropper Accuracy: 0.8931818181818182 17 0
Communication round: 41, Smart Eavesdropper Accuracy: 0.8954545454545455 17 0
Communication round: 42, Aggregated Accuracies: 0.7661904761904763 18
Communication round: 42, Smart Eavesdropper Accuracy: 0.8886363636363637 18 1
Communication round: 43, Aggregated Accuracies: 0.7854761904761907 19
Communication round: 43, Smart Eavesdropper Accuracy: 0.9045454545454545 19 1
Communication round: 44, Aggregated Accuracies: 0.7919047619047619 20
Communication round: 44, Smart Eavesdropper Accuracy: 0.9159090909090909 20 1
Communication round: 45, Aggregated Accuracies: 0.7966666666666667 21
Communication round: 45, Smart Eavesdropper Accuracy: 0.9 21 1
Communication round: 46, Aggregated Accuracies: 0.8117857142857143 22
Communication round: 46, Smart Eavesdropper Accuracy: 0.9090909090909091 22 1
Communication round: 47, Aggregated Accuracies: 0.8176190476190474 23
Communication round: 47, Smart Eavesdropper Accuracy: 0.925 23 1
Communication round: 48, Smart Eavesdropper Accuracy: 0.925 23 0
Communication round: 49, Smart Eavesdropper Accuracy: 0.9159090909090909 23 0
Communication round: 50, Smart Eavesdropper Accuracy: 0.9363636363636364 23 0
Communication round: 51, Smart Eavesdropper Accuracy: 0.9227272727272727 23 0
Communication round: 52, Smart Eavesdropper Accuracy: 0.9295454545454546 23 0
Communication round: 53, Aggregated Accuracies: 0.8275000000000001 24
Communication round: 53, Smart Eavesdropper Accuracy: 0.9 24 1
Communication round: 54, Aggregated Accuracies: 0.8388095238095236 25
Communication round: 54, Smart Eavesdropper Accuracy: 0.9340909090909091 25 1
Communication round: 55, Aggregated Accuracies: 0.841785714285714 26
Communication round: 55, Smart Eavesdropper Accuracy: 0.9227272727272727 26 1
Communication round: 56, Aggregated Accuracies: 0.8484523809523808 27
Communication round: 56, Smart Eavesdropper Accuracy: 0.9590909090909091 27 1
Communication round: 57, Aggregated Accuracies: 0.8516666666666667 28
Communication round: 57, Smart Eavesdropper Accuracy: 0.9113636363636364 28 1
Communication round: 58, Aggregated Accuracies: 0.8579761904761903 29
Communication round: 58, Smart Eavesdropper Accuracy: 0.9318181818181818 29 1
Communication round: 59, Smart Eavesdropper Accuracy: 0.9227272727272727 29 0
Communication round: 60, Smart Eavesdropper Accuracy: 0.9272727272727272 29 0
Communication round: 61, Smart Eavesdropper Accuracy: 0.9340909090909091 29 0
Communication round: 62, Smart Eavesdropper Accuracy: 0.9363636363636364 29 0
Communication round: 63, Smart Eavesdropper Accuracy: 0.9272727272727272 29 0
Communication round: 64, Smart Eavesdropper Accuracy: 0.925 29 0
Communication round: 65, Smart Eavesdropper Accuracy: 0.9454545454545454 29 0
Communication round: 66, Smart Eavesdropper Accuracy: 0.9136363636363637 29 0
Communication round: 67, Smart Eavesdropper Accuracy: 0.9318181818181818 29 0
Communication round: 68, Smart Eavesdropper Accuracy: 0.9363636363636364 29 0
Communication round: 69, Smart Eavesdropper Accuracy: 0.9363636363636364 29 0
Communication round: 70, Smart Eavesdropper Accuracy: 0.9363636363636364 29 0
Communication round: 71, Smart Eavesdropper Accuracy: 0.9295454545454546 29 0
Communication round: 72, Smart Eavesdropper Accuracy: 0.9181818181818182 29 0
Communication round: 73, Smart Eavesdropper Accuracy: 0.9136363636363637 29 0
Communication round: 74, Smart Eavesdropper Accuracy: 0.9386363636363636 29 0
Communication round: 75, Smart Eavesdropper Accuracy: 0.9272727272727272 29 0
Communication round: 76, Smart Eavesdropper Accuracy: 0.9318181818181818 29 0
Communication round: 77, Smart Eavesdropper Accuracy: 0.925 29 0
Communication round: 78, Smart Eavesdropper Accuracy: 0.925 29 0
Communication round: 79, Smart Eavesdropper Accuracy: 0.9318181818181818 29 0
Communication round: 80, Smart Eavesdropper Accuracy: 0.9340909090909091 29 0
Communication round: 81, Smart Eavesdropper Accuracy: 0.9477272727272728 29 0
Communication round: 82, Smart Eavesdropper Accuracy: 0.9272727272727272 29 0
Communication round: 83, Smart Eavesdropper Accuracy: 0.9568181818181818 29 0
Communication round: 84, Smart Eavesdropper Accuracy: 0.9545454545454546 29 0
Communication round: 85, Smart Eavesdropper Accuracy: 0.9181818181818182 29 0
Communication round: 86, Smart Eavesdropper Accuracy: 0.9295454545454546 29 0
Communication round: 87, Smart Eavesdropper Accuracy: 0.9409090909090909 29 0
Communication round: 88, Smart Eavesdropper Accuracy: 0.9295454545454546 29 0
Communication round: 89, Smart Eavesdropper Accuracy: 0.9454545454545454 29 0
Communication round: 90, Smart Eavesdropper Accuracy: 0.9204545454545454 29 0
Communication round: 91, Smart Eavesdropper Accuracy: 0.9522727272727273 29 0
Communication round: 92, Smart Eavesdropper Accuracy: 0.9431818181818182 29 0
Communication round: 93, Smart Eavesdropper Accuracy: 0.9454545454545454 29 0
Communication round: 94, Smart Eavesdropper Accuracy: 0.9340909090909091 29 0
Communication round: 95, Smart Eavesdropper Accuracy: 0.9272727272727272 29 0
Communication round: 96, Smart Eavesdropper Accuracy: 0.9409090909090909 29 0
Communication round: 97, Smart Eavesdropper Accuracy: 0.9340909090909091 29 0
Communication round: 98, Smart Eavesdropper Accuracy: 0.9340909090909091 29 0
Communication round: 99, Smart Eavesdropper Accuracy: 0.9431818181818182 29 0
----------------------------------------------------------------------------------------------------
----------------------------------------------------------------------------------------------------
50_30_100_0.4_8_0.8_False_
----------------------------------------------------------------------------------------------------
Communication round: 0, Smart Eavesdropper Accuracy: 0.15454545454545454 0 0
Communication round: 1, Smart Eavesdropper Accuracy: 0.3159090909090909 0 0
Communication round: 2, Smart Eavesdropper Accuracy: 0.48863636363636365 0 0
Communication round: 3, Smart Eavesdropper Accuracy: 0.5477272727272727 1 1
Communication round: 4, Smart Eavesdropper Accuracy: 0.65 1 0
Communication round: 5, Smart Eavesdropper Accuracy: 0.7272727272727273 2 1
Communication round: 6, Smart Eavesdropper Accuracy: 0.7431818181818182 3 1
Communication round: 7, Smart Eavesdropper Accuracy: 0.7522727272727273 4 1
Communication round: 8, Eavesdropper Accuracy: 0.05 5 1
Communication round: 9, Eavesdropper Accuracy: 0.05 6 1
Communication round: 10, Aggregated Accuracies: 0.08023809523809523 7
Communication round: 10, Eavesdropper Accuracy: 0.06818181818181818 7 1
Communication round: 11, Eavesdropper Accuracy: 0.07045454545454545 8 1
Communication round: 12, Eavesdropper Accuracy: 0.05227272727272727 9 1
Communication round: 13, Eavesdropper Accuracy: 0.06136363636363636 10 1
Communication round: 14, Eavesdropper Accuracy: 0.05454545454545454 11 1
Communication round: 15, Aggregated Accuracies: 0.10595238095238096 12
Communication round: 15, Eavesdropper Accuracy: 0.09545454545454546 12 1
Communication round: 16, Eavesdropper Accuracy: 0.09772727272727273 13 1
Communication round: 17, Eavesdropper Accuracy: 0.08863636363636364 14 1
Communication round: 18, Eavesdropper Accuracy: 0.09090909090909091 14 0
Communication round: 19, Aggregated Accuracies: 0.13928571428571432 15
Communication round: 19, Eavesdropper Accuracy: 0.1431818181818182 15 1
Communication round: 20, Eavesdropper Accuracy: 0.11363636363636363 15 0
Communication round: 21, Eavesdropper Accuracy: 0.125 15 0
Communication round: 22, Aggregated Accuracies: 0.19726190476190475 16
Communication round: 22, Eavesdropper Accuracy: 0.19090909090909092 16 1
Communication round: 23, Eavesdropper Accuracy: 0.20454545454545456 16 0
Communication round: 24, Eavesdropper Accuracy: 0.19545454545454546 16 0
Communication round: 25, Eavesdropper Accuracy: 0.21136363636363636 16 0
Communication round: 26, Eavesdropper Accuracy: 0.20227272727272727 16 0
Communication round: 27, Aggregated Accuracies: 0.24833333333333343 17
Communication round: 27, Eavesdropper Accuracy: 0.23636363636363636 17 1
Communication round: 28, Aggregated Accuracies: 0.2983333333333334 18
Communication round: 28, Eavesdropper Accuracy: 0.3340909090909091 18 1
Communication round: 29, Eavesdropper Accuracy: 0.32045454545454544 18 0
Communication round: 30, Aggregated Accuracies: 0.3617857142857143 19
Communication round: 30, Eavesdropper Accuracy: 0.40454545454545454 19 1
Communication round: 31, Aggregated Accuracies: 0.41 20
Communication round: 31, Eavesdropper Accuracy: 0.44772727272727275 20 1
Communication round: 32, Aggregated Accuracies: 0.47511904761904766 21
Communication round: 32, Eavesdropper Accuracy: 0.5 21 1
Communication round: 33, Aggregated Accuracies: 0.5138095238095238 22
Communication round: 33, Eavesdropper Accuracy: 0.5545454545454546 22 1
Communication round: 34, Eavesdropper Accuracy: 0.5431818181818182 23 1
Communication round: 35, Aggregated Accuracies: 0.552142857142857 24
Communication round: 35, Eavesdropper Accuracy: 0.5772727272727273 24 1
Communication round: 36, Eavesdropper Accuracy: 0.6113636363636363 25 1
Communication round: 37, Aggregated Accuracies: 0.5904761904761905 26
Communication round: 37, Eavesdropper Accuracy: 0.6431818181818182 26 1
Communication round: 38, Eavesdropper Accuracy: 0.634090909090909 26 0
Communication round: 39, Eavesdropper Accuracy: 0.65 26 0
Communication round: 40, Eavesdropper Accuracy: 0.6454545454545455 27 1
Communication round: 41, Eavesdropper Accuracy: 0.6431818181818182 28 1
Communication round: 42, Eavesdropper Accuracy: 0.6613636363636364 29 1
Communication round: 43, Eavesdropper Accuracy: 0.6386363636363637 29 0
Communication round: 44, Eavesdropper Accuracy: 0.6409090909090909 29 0
Communication round: 45, Eavesdropper Accuracy: 0.6454545454545455 30 1
Communication round: 46, Eavesdropper Accuracy: 0.6545454545454545 31 1
Communication round: 47, Eavesdropper Accuracy: 0.6522727272727272 32 1
Communication round: 48, Eavesdropper Accuracy: 0.6295454545454545 32 0
Communication round: 49, Aggregated Accuracies: 0.6147619047619045 33
Communication round: 49, Eavesdropper Accuracy: 0.6886363636363636 33 1
Communication round: 50, Aggregated Accuracies: 0.648690476190476 34
Communication round: 50, Eavesdropper Accuracy: 0.6977272727272728 34 1
Communication round: 51, Aggregated Accuracies: 0.6732142857142855 35
Communication round: 51, Eavesdropper Accuracy: 0.7386363636363636 35 1
Communication round: 52, Eavesdropper Accuracy: 0.7454545454545455 35 0
Communication round: 53, Eavesdropper Accuracy: 0.7454545454545455 35 0
Communication round: 54, Aggregated Accuracies: 0.6833333333333331 36
Communication round: 54, Eavesdropper Accuracy: 0.7545454545454545 36 1
Communication round: 55, Aggregated Accuracies: 0.7072619047619049 37
Communication round: 55, Eavesdropper Accuracy: 0.7795454545454545 37 1
Communication round: 56, Aggregated Accuracies: 0.7319047619047617 38
Communication round: 56, Eavesdropper Accuracy: 0.8136363636363636 38 1
Communication round: 57, Aggregated Accuracies: 0.7486904761904762 39
Communication round: 57, Eavesdropper Accuracy: 0.8386363636363636 39 1
Communication round: 58, Aggregated Accuracies: 0.760357142857143 40
Communication round: 58, Eavesdropper Accuracy: 0.8295454545454546 40 1
Communication round: 59, Aggregated Accuracies: 0.7709523809523811 41
Communication round: 59, Eavesdropper Accuracy: 0.85 41 1
Communication round: 60, Aggregated Accuracies: 0.7827380952380949 42
Communication round: 60, Eavesdropper Accuracy: 0.8613636363636363 42 1
Communication round: 61, Aggregated Accuracies: 0.7930952380952385 43
Communication round: 61, Eavesdropper Accuracy: 0.865909090909091 43 1
Communication round: 62, Aggregated Accuracies: 0.802857142857143 44
Communication round: 62, Eavesdropper Accuracy: 0.85 44 1
Communication round: 63, Aggregated Accuracies: 0.8011904761904762 45
Communication round: 63, Eavesdropper Accuracy: 0.8681818181818182 45 1
Communication round: 64, Aggregated Accuracies: 0.8116666666666669 46
Communication round: 64, Eavesdropper Accuracy: 0.8704545454545455 46 1
Communication round: 65, Eavesdropper Accuracy: 0.8636363636363636 47 1
Communication round: 66, Eavesdropper Accuracy: 0.8613636363636363 48 1
Communication round: 67, Eavesdropper Accuracy: 0.8568181818181818 48 0
Communication round: 68, Eavesdropper Accuracy: 0.8863636363636364 49 1
Communication round: 69, Eavesdropper Accuracy: 0.8681818181818182 49 0
Communication round: 70, Eavesdropper Accuracy: 0.8590909090909091 49 0
Communication round: 71, Eavesdropper Accuracy: 0.8454545454545455 49 0
Communication round: 72, Eavesdropper Accuracy: 0.8568181818181818 49 0
Communication round: 73, Eavesdropper Accuracy: 0.865909090909091 49 0
Communication round: 74, Eavesdropper Accuracy: 0.8727272727272727 49 0
Communication round: 75, Eavesdropper Accuracy: 0.8545454545454545 50 1
Communication round: 76, Eavesdropper Accuracy: 0.8818181818181818 51 1
Communication round: 77, Aggregated Accuracies: 0.8226190476190476 52
Communication round: 77, Eavesdropper Accuracy: 0.8727272727272727 52 1
Communication round: 78, Aggregated Accuracies: 0.8310714285714286 53
Communication round: 78, Eavesdropper Accuracy: 0.8590909090909091 53 1
Communication round: 79, Eavesdropper Accuracy: 0.8795454545454545 53 0
Communication round: 80, Eavesdropper Accuracy: 0.8863636363636364 53 0
Communication round: 81, Eavesdropper Accuracy: 0.8909090909090909 53 0
Communication round: 82, Aggregated Accuracies: 0.8294047619047619 54
Communication round: 82, Eavesdropper Accuracy: 0.8863636363636364 54 1
Communication round: 83, Eavesdropper Accuracy: 0.8772727272727273 55 1
Communication round: 84, Eavesdropper Accuracy: 0.8681818181818182 56 1
Communication round: 85, Eavesdropper Accuracy: 0.8977272727272727 57 1
Communication round: 86, Eavesdropper Accuracy: 0.8818181818181818 57 0
Communication round: 87, Eavesdropper Accuracy: 0.8704545454545455 57 0
Communication round: 88, Eavesdropper Accuracy: 0.8681818181818182 57 0
Communication round: 89, Eavesdropper Accuracy: 0.8863636363636364 57 0
Communication round: 90, Eavesdropper Accuracy: 0.8636363636363636 57 0
Communication round: 91, Eavesdropper Accuracy: 0.8818181818181818 57 0
Communication round: 92, Eavesdropper Accuracy: 0.8931818181818182 57 0
Communication round: 93, Eavesdropper Accuracy: 0.8795454545454545 57 0
Communication round: 94, Eavesdropper Accuracy: 0.8704545454545455 57 0
Communication round: 95, Eavesdropper Accuracy: 0.8704545454545455 57 0
Communication round: 96, Eavesdropper Accuracy: 0.8681818181818182 58 1
Communication round: 97, Eavesdropper Accuracy: 0.8795454545454545 58 0
Communication round: 98, Eavesdropper Accuracy: 0.8590909090909091 59 1
Communication round: 99, Eavesdropper Accuracy: 0.865909090909091 59 0
----------------------------------------------------------------------------------------------------
----------------------------------------------------------------------------------------------------
50_30_100_0.4_8_0.8_False_
----------------------------------------------------------------------------------------------------
Communication round: 0, Aggregated Accuracies: 0.10857142857142858 1
Communication round: 0, Eavesdropper Accuracy: 0.1431818181818182 1 1
Communication round: 1, Eavesdropper Accuracy: 0.13636363636363635 2 1
Communication round: 2, Eavesdropper Accuracy: 0.13863636363636364 3 1
Communication round: 3, Eavesdropper Accuracy: 0.12727272727272726 4 1
Communication round: 4, Aggregated Accuracies: 0.12464285714285711 5
Communication round: 4, Eavesdropper Accuracy: 0.1409090909090909 5 1
Communication round: 5, Eavesdropper Accuracy: 0.1340909090909091 6 1
Communication round: 6, Eavesdropper Accuracy: 0.14545454545454545 7 1
Communication round: 7, Eavesdropper Accuracy: 0.15454545454545454 8 1
Communication round: 8, Aggregated Accuracies: 0.14880952380952384 9
Communication round: 8, Eavesdropper Accuracy: 0.17727272727272728 9 1
Communication round: 9, Eavesdropper Accuracy: 0.19545454545454546 9 0
Communication round: 10, Eavesdropper Accuracy: 0.18181818181818182 10 1
Communication round: 11, Eavesdropper Accuracy: 0.18409090909090908 10 0
Communication round: 12, Aggregated Accuracies: 0.1870238095238096 11
Communication round: 12, Eavesdropper Accuracy: 0.2159090909090909 11 1
Communication round: 13, Eavesdropper Accuracy: 0.20227272727272727 12 1
Communication round: 14, Aggregated Accuracies: 0.20630952380952383 13
Communication round: 14, Eavesdropper Accuracy: 0.25227272727272726 13 1
Communication round: 15, Eavesdropper Accuracy: 0.22272727272727272 14 1
Communication round: 16, Eavesdropper Accuracy: 0.22045454545454546 15 1
Communication round: 17, Eavesdropper Accuracy: 0.20454545454545456 16 1
Communication round: 18, Eavesdropper Accuracy: 0.2340909090909091 17 1
Communication round: 19, Eavesdropper Accuracy: 0.2318181818181818 18 1
Communication round: 20, Eavesdropper Accuracy: 0.23636363636363636 19 1
Communication round: 21, Eavesdropper Accuracy: 0.225 20 1
Communication round: 22, Eavesdropper Accuracy: 0.20681818181818182 21 1
Communication round: 23, Eavesdropper Accuracy: 0.22727272727272727 22 1
Communication round: 24, Eavesdropper Accuracy: 0.20681818181818182 23 1
Communication round: 25, Aggregated Accuracies: 0.2536904761904762 24
Communication round: 25, Eavesdropper Accuracy: 0.2681818181818182 24 1
Communication round: 26, Eavesdropper Accuracy: 0.27954545454545454 24 0
Communication round: 27, Eavesdropper Accuracy: 0.2863636363636364 24 0
Communication round: 28, Aggregated Accuracies: 0.29511904761904767 25
Communication round: 28, Eavesdropper Accuracy: 0.3 25 1
Communication round: 29, Aggregated Accuracies: 0.3469047619047618 26
Communication round: 29, Eavesdropper Accuracy: 0.35909090909090907 26 1
Communication round: 30, Eavesdropper Accuracy: 0.39090909090909093 26 0
Communication round: 31, Eavesdropper Accuracy: 0.375 26 0
Communication round: 32, Aggregated Accuracies: 0.4036904761904762 27
Communication round: 32, Eavesdropper Accuracy: 0.4863636363636364 27 1
Communication round: 33, Aggregated Accuracies: 0.4527380952380953 28
Communication round: 33, Eavesdropper Accuracy: 0.5227272727272727 28 1
Communication round: 34, Aggregated Accuracies: 0.5009523809523809 29
Communication round: 34, Eavesdropper Accuracy: 0.5818181818181818 29 1
Communication round: 35, Eavesdropper Accuracy: 0.5818181818181818 29 0
Communication round: 36, Aggregated Accuracies: 0.5495238095238095 30
Communication round: 36, Eavesdropper Accuracy: 0.6227272727272727 30 1
Communication round: 37, Aggregated Accuracies: 0.5829761904761905 31
Communication round: 37, Eavesdropper Accuracy: 0.6590909090909091 31 1
Communication round: 38, Eavesdropper Accuracy: 0.6772727272727272 31 0
Communication round: 39, Eavesdropper Accuracy: 0.6795454545454546 31 0
Communication round: 40, Eavesdropper Accuracy: 0.6840909090909091 31 0
Communication round: 41, Aggregated Accuracies: 0.6219047619047621 32
Communication round: 41, Eavesdropper Accuracy: 0.7022727272727273 32 1
Communication round: 42, Eavesdropper Accuracy: 0.6954545454545454 32 0
Communication round: 43, Eavesdropper Accuracy: 0.6863636363636364 32 0
Communication round: 44, Eavesdropper Accuracy: 0.7090909090909091 32 0
Communication round: 45, Eavesdropper Accuracy: 0.7181818181818181 32 0
Communication round: 46, Eavesdropper Accuracy: 0.6977272727272728 32 0
Communication round: 47, Aggregated Accuracies: 0.6622619047619048 33
Communication round: 47, Eavesdropper Accuracy: 0.7159090909090909 33 1
Communication round: 48, Aggregated Accuracies: 0.6810714285714288 34
Communication round: 48, Eavesdropper Accuracy: 0.7431818181818182 34 1
Communication round: 49, Aggregated Accuracies: 0.7058333333333334 35
Communication round: 49, Eavesdropper Accuracy: 0.8 35 1
Communication round: 50, Aggregated Accuracies: 0.7277380952380952 36
Communication round: 50, Eavesdropper Accuracy: 0.8022727272727272 36 1
Communication round: 51, Aggregated Accuracies: 0.7425000000000002 37
Communication round: 51, Eavesdropper Accuracy: 0.8090909090909091 37 1
Communication round: 52, Aggregated Accuracies: 0.7590476190476189 38
Communication round: 52, Eavesdropper Accuracy: 0.8386363636363636 38 1
Communication round: 53, Aggregated Accuracies: 0.7750000000000001 39
Communication round: 53, Eavesdropper Accuracy: 0.8068181818181818 39 1
Communication round: 54, Aggregated Accuracies: 0.7925000000000001 40
Communication round: 54, Eavesdropper Accuracy: 0.8272727272727273 40 1
Communication round: 55, Aggregated Accuracies: 0.8047619047619047 41
Communication round: 55, Eavesdropper Accuracy: 0.8409090909090909 41 1
Communication round: 56, Aggregated Accuracies: 0.8124999999999999 42
Communication round: 56, Eavesdropper Accuracy: 0.865909090909091 42 1
Communication round: 57, Aggregated Accuracies: 0.817738095238095 43
Communication round: 57, Eavesdropper Accuracy: 0.8545454545454545 43 1
Communication round: 58, Aggregated Accuracies: 0.8335714285714285 44
Communication round: 58, Eavesdropper Accuracy: 0.8727272727272727 44 1
Communication round: 59, Aggregated Accuracies: 0.8367857142857144 45
Communication round: 59, Eavesdropper Accuracy: 0.8636363636363636 45 1
Communication round: 60, Aggregated Accuracies: 0.8427380952380951 46
Communication round: 60, Eavesdropper Accuracy: 0.8818181818181818 46 1
Communication round: 61, Aggregated Accuracies: 0.8484523809523808 47
Communication round: 61, Eavesdropper Accuracy: 0.9113636363636364 47 1
Communication round: 62, Eavesdropper Accuracy: 0.8863636363636364 47 0
Communication round: 63, Eavesdropper Accuracy: 0.8681818181818182 47 0
Communication round: 64, Eavesdropper Accuracy: 0.9113636363636364 47 0
Communication round: 65, Eavesdropper Accuracy: 0.8909090909090909 47 0
Communication round: 66, Eavesdropper Accuracy: 0.8772727272727273 47 0
Communication round: 67, Eavesdropper Accuracy: 0.9113636363636364 47 0
Communication round: 68, Eavesdropper Accuracy: 0.8704545454545455 47 0
Communication round: 69, Eavesdropper Accuracy: 0.8954545454545455 47 0
Communication round: 70, Eavesdropper Accuracy: 0.884090909090909 47 0
Communication round: 71, Eavesdropper Accuracy: 0.9045454545454545 47 0
Communication round: 72, Eavesdropper Accuracy: 0.8863636363636364 47 0
Communication round: 73, Eavesdropper Accuracy: 0.8977272727272727 47 0
Communication round: 74, Eavesdropper Accuracy: 0.8931818181818182 47 0
Communication round: 75, Eavesdropper Accuracy: 0.884090909090909 48 1
Communication round: 76, Eavesdropper Accuracy: 0.8863636363636364 48 0
Communication round: 77, Eavesdropper Accuracy: 0.8931818181818182 48 0
Communication round: 78, Eavesdropper Accuracy: 0.8909090909090909 48 0
Communication round: 79, Eavesdropper Accuracy: 0.8727272727272727 48 0
Communication round: 80, Eavesdropper Accuracy: 0.8909090909090909 48 0
Communication round: 81, Eavesdropper Accuracy: 0.8977272727272727 48 0
Communication round: 82, Eavesdropper Accuracy: 0.8704545454545455 48 0
Communication round: 83, Eavesdropper Accuracy: 0.884090909090909 48 0
Communication round: 84, Eavesdropper Accuracy: 0.9 48 0
Communication round: 85, Eavesdropper Accuracy: 0.8909090909090909 48 0
Communication round: 86, Eavesdropper Accuracy: 0.884090909090909 48 0
Communication round: 87, Eavesdropper Accuracy: 0.8863636363636364 48 0
Communication round: 88, Eavesdropper Accuracy: 0.8795454545454545 48 0
Communication round: 89, Eavesdropper Accuracy: 0.8818181818181818 48 0
Communication round: 90, Eavesdropper Accuracy: 0.8931818181818182 48 0
Communication round: 91, Aggregated Accuracies: 0.8533333333333334 49
Communication round: 91, Eavesdropper Accuracy: 0.8886363636363637 49 1
Communication round: 92, Eavesdropper Accuracy: 0.8954545454545455 49 0
Communication round: 93, Eavesdropper Accuracy: 0.8909090909090909 49 0
Communication round: 94, Eavesdropper Accuracy: 0.8977272727272727 49 0
Communication round: 95, Eavesdropper Accuracy: 0.8863636363636364 49 0
Communication round: 96, Eavesdropper Accuracy: 0.8931818181818182 49 0
Communication round: 97, Smart Eavesdropper Accuracy: 0.8568181818181818 49 0
Communication round: 98, Smart Eavesdropper Accuracy: 0.8954545454545455 49 0
Communication round: 99, Smart Eavesdropper Accuracy: 0.9 49 0
----------------------------------------------------------------------------------------------------
----------------------------------------------------------------------------------------------------
50_30_100_0.4_8_0.8_False_
----------------------------------------------------------------------------------------------------
Communication round: 0, Smart Eavesdropper Accuracy: 0.14545454545454545 0 0
Communication round: 1, Smart Eavesdropper Accuracy: 0.30227272727272725 0 0
Communication round: 2, Aggregated Accuracies: 0.08702380952380954 1
Communication round: 2, Smart Eavesdropper Accuracy: 0.4 1 1
Communication round: 3, Smart Eavesdropper Accuracy: 0.5727272727272728 2 1
Communication round: 4, Eavesdropper Accuracy: 0.10909090909090909 3 1
Communication round: 5, Eavesdropper Accuracy: 0.1 4 1
Communication round: 6, Aggregated Accuracies: 0.12107142857142854 5
Communication round: 6, Eavesdropper Accuracy: 0.13636363636363635 5 1
Communication round: 7, Aggregated Accuracies: 0.1808333333333333 6
Communication round: 7, Eavesdropper Accuracy: 0.17272727272727273 6 1
Communication round: 8, Aggregated Accuracies: 0.21785714285714286 7
Communication round: 8, Eavesdropper Accuracy: 0.225 7 1
Communication round: 9, Aggregated Accuracies: 0.2777380952380953 8
Communication round: 9, Eavesdropper Accuracy: 0.30227272727272725 8 1
Communication round: 10, Eavesdropper Accuracy: 0.32045454545454544 9 1
Communication round: 11, Eavesdropper Accuracy: 0.35454545454545455 10 1
Communication round: 12, Eavesdropper Accuracy: 0.3090909090909091 11 1
Communication round: 13, Eavesdropper Accuracy: 0.3181818181818182 12 1
Communication round: 14, Aggregated Accuracies: 0.32523809523809527 13
Communication round: 14, Eavesdropper Accuracy: 0.3840909090909091 13 1
Communication round: 15, Aggregated Accuracies: 0.3967857142857143 14
Communication round: 15, Eavesdropper Accuracy: 0.47954545454545455 14 1
Communication round: 16, Aggregated Accuracies: 0.4386904761904762 15
Communication round: 16, Eavesdropper Accuracy: 0.5 15 1
Communication round: 17, Aggregated Accuracies: 0.4901190476190477 16
Communication round: 17, Eavesdropper Accuracy: 0.5613636363636364 16 1
Communication round: 18, Aggregated Accuracies: 0.5215476190476189 17
Communication round: 18, Eavesdropper Accuracy: 0.5863636363636363 17 1
Communication round: 19, Aggregated Accuracies: 0.5697619047619046 18
Communication round: 19, Eavesdropper Accuracy: 0.5909090909090909 18 1
Communication round: 20, Aggregated Accuracies: 0.5971428571428571 19
Communication round: 20, Eavesdropper Accuracy: 0.6545454545454545 19 1
Communication round: 21, Eavesdropper Accuracy: 0.6477272727272727 19 0
Communication round: 22, Eavesdropper Accuracy: 0.6363636363636364 19 0
Communication round: 23, Eavesdropper Accuracy: 0.6727272727272727 19 0
Communication round: 24, Eavesdropper Accuracy: 0.6431818181818182 19 0
Communication round: 25, Aggregated Accuracies: 0.6197619047619048 20
Communication round: 25, Eavesdropper Accuracy: 0.6772727272727272 20 1
Communication round: 26, Eavesdropper Accuracy: 0.6727272727272727 20 0
Communication round: 27, Aggregated Accuracies: 0.6441666666666666 21
Communication round: 27, Eavesdropper Accuracy: 0.6818181818181818 21 1
Communication round: 28, Eavesdropper Accuracy: 0.6840909090909091 21 0
Communication round: 29, Eavesdropper Accuracy: 0.6818181818181818 21 0
Communication round: 30, Eavesdropper Accuracy: 0.6659090909090909 21 0
Communication round: 31, Eavesdropper Accuracy: 0.6636363636363637 21 0
Communication round: 32, Eavesdropper Accuracy: 0.6772727272727272 21 0
Communication round: 33, Aggregated Accuracies: 0.6649999999999998 22
Communication round: 33, Eavesdropper Accuracy: 0.6727272727272727 22 1
Communication round: 34, Aggregated Accuracies: 0.6924999999999999 23
Communication round: 34, Eavesdropper Accuracy: 0.725 23 1
Communication round: 35, Aggregated Accuracies: 0.7080952380952378 24
Communication round: 35, Eavesdropper Accuracy: 0.7045454545454546 24 1
Communication round: 36, Aggregated Accuracies: 0.720952380952381 25
Communication round: 36, Eavesdropper Accuracy: 0.7386363636363636 25 1
Communication round: 37, Aggregated Accuracies: 0.7491666666666668 26
Communication round: 37, Eavesdropper Accuracy: 0.7727272727272727 26 1
Communication round: 38, Aggregated Accuracies: 0.7564285714285713 27
Communication round: 38, Eavesdropper Accuracy: 0.7681818181818182 27 1
Communication round: 39, Aggregated Accuracies: 0.7753571428571427 28
Communication round: 39, Eavesdropper Accuracy: 0.7772727272727272 28 1
Communication round: 40, Aggregated Accuracies: 0.7779761904761905 29
Communication round: 40, Eavesdropper Accuracy: 0.7863636363636364 29 1
Communication round: 41, Aggregated Accuracies: 0.7959523809523814 30
Communication round: 41, Eavesdropper Accuracy: 0.8045454545454546 30 1
Communication round: 42, Eavesdropper Accuracy: 0.7909090909090909 30 0
Communication round: 43, Eavesdropper Accuracy: 0.8090909090909091 30 0
Communication round: 44, Eavesdropper Accuracy: 0.8295454545454546 30 0
Communication round: 45, Eavesdropper Accuracy: 0.8227272727272728 30 0
Communication round: 46, Eavesdropper Accuracy: 0.8090909090909091 30 0
Communication round: 47, Eavesdropper Accuracy: 0.8159090909090909 30 0
Communication round: 48, Eavesdropper Accuracy: 0.8181818181818182 30 0
Communication round: 49, Aggregated Accuracies: 0.8058333333333328 31
Communication round: 49, Eavesdropper Accuracy: 0.825 31 1
Communication round: 50, Aggregated Accuracies: 0.8048809523809526 32
Communication round: 50, Eavesdropper Accuracy: 0.8181818181818182 32 1
Communication round: 51, Eavesdropper Accuracy: 0.8363636363636363 32 0
Communication round: 52, Aggregated Accuracies: 0.8229761904761906 33
Communication round: 52, Eavesdropper Accuracy: 0.8568181818181818 33 1
Communication round: 53, Aggregated Accuracies: 0.830595238095238 34
Communication round: 53, Eavesdropper Accuracy: 0.8477272727272728 34 1
Communication round: 54, Aggregated Accuracies: 0.8346428571428571 35
Communication round: 54, Eavesdropper Accuracy: 0.8295454545454546 35 1
Communication round: 55, Aggregated Accuracies: 0.8440476190476188 36
Communication round: 55, Eavesdropper Accuracy: 0.8477272727272728 36 1
Communication round: 56, Eavesdropper Accuracy: 0.8454545454545455 36 0
Communication round: 57, Eavesdropper Accuracy: 0.8340909090909091 36 0
Communication round: 58, Eavesdropper Accuracy: 0.8272727272727273 36 0
Communication round: 59, Eavesdropper Accuracy: 0.8454545454545455 36 0
Communication round: 60, Eavesdropper Accuracy: 0.8522727272727273 36 0
Communication round: 61, Eavesdropper Accuracy: 0.8681818181818182 36 0
Communication round: 62, Eavesdropper Accuracy: 0.8409090909090909 36 0
Communication round: 63, Eavesdropper Accuracy: 0.8545454545454545 36 0
Communication round: 64, Eavesdropper Accuracy: 0.8795454545454545 36 0
Communication round: 65, Eavesdropper Accuracy: 0.8545454545454545 36 0
Communication round: 66, Eavesdropper Accuracy: 0.8613636363636363 36 0
Communication round: 67, Eavesdropper Accuracy: 0.8590909090909091 37 1
Communication round: 68, Aggregated Accuracies: 0.8416666666666667 38
Communication round: 68, Eavesdropper Accuracy: 0.8454545454545455 38 1
Communication round: 69, Eavesdropper Accuracy: 0.8636363636363636 38 0
Communication round: 70, Eavesdropper Accuracy: 0.8568181818181818 38 0
Communication round: 71, Eavesdropper Accuracy: 0.8772727272727273 38 0
Communication round: 72, Eavesdropper Accuracy: 0.8681818181818182 38 0
Communication round: 73, Eavesdropper Accuracy: 0.8363636363636363 38 0
Communication round: 74, Eavesdropper Accuracy: 0.8613636363636363 38 0
Communication round: 75, Smart Eavesdropper Accuracy: 0.865909090909091 38 0
Communication round: 76, Smart Eavesdropper Accuracy: 0.8727272727272727 38 0
Communication round: 77, Smart Eavesdropper Accuracy: 0.8704545454545455 38 0
Communication round: 78, Smart Eavesdropper Accuracy: 0.8795454545454545 38 0
Communication round: 79, Smart Eavesdropper Accuracy: 0.8909090909090909 38 0
Communication round: 80, Smart Eavesdropper Accuracy: 0.8818181818181818 38 0
Communication round: 81, Smart Eavesdropper Accuracy: 0.8795454545454545 38 0
Communication round: 82, Smart Eavesdropper Accuracy: 0.8886363636363637 38 0
Communication round: 83, Smart Eavesdropper Accuracy: 0.9136363636363637 38 0
Communication round: 84, Smart Eavesdropper Accuracy: 0.8886363636363637 38 0
Communication round: 85, Smart Eavesdropper Accuracy: 0.8886363636363637 38 0
Communication round: 86, Smart Eavesdropper Accuracy: 0.9068181818181819 38 0
Communication round: 87, Smart Eavesdropper Accuracy: 0.8954545454545455 38 0
Communication round: 88, Smart Eavesdropper Accuracy: 0.9045454545454545 38 0
Communication round: 89, Smart Eavesdropper Accuracy: 0.9113636363636364 38 0
Communication round: 90, Smart Eavesdropper Accuracy: 0.9022727272727272 38 0
Communication round: 91, Smart Eavesdropper Accuracy: 0.9113636363636364 38 0
Communication round: 92, Smart Eavesdropper Accuracy: 0.9159090909090909 38 0
Communication round: 93, Smart Eavesdropper Accuracy: 0.9295454545454546 38 0
Communication round: 94, Smart Eavesdropper Accuracy: 0.9136363636363637 38 0
Communication round: 95, Smart Eavesdropper Accuracy: 0.9295454545454546 38 0
Communication round: 96, Smart Eavesdropper Accuracy: 0.9068181818181819 38 0
Communication round: 97, Smart Eavesdropper Accuracy: 0.9045454545454545 38 0
Communication round: 98, Smart Eavesdropper Accuracy: 0.9295454545454546 38 0
Communication round: 99, Smart Eavesdropper Accuracy: 0.9045454545454545 38 0
----------------------------------------------------------------------------------------------------
----------------------------------------------------------------------------------------------------
50_30_100_0.4_8_0.8_False_
----------------------------------------------------------------------------------------------------
Communication round: 0, Smart Eavesdropper Accuracy: 0.13863636363636364 0 0
Communication round: 1, Smart Eavesdropper Accuracy: 0.27954545454545454 0 0
Communication round: 2, Smart Eavesdropper Accuracy: 0.39545454545454545 0 0
Communication round: 3, Smart Eavesdropper Accuracy: 0.4863636363636364 0 0
Communication round: 4, Smart Eavesdropper Accuracy: 0.6113636363636363 0 0
Communication round: 5, Smart Eavesdropper Accuracy: 0.6886363636363636 0 0
Communication round: 6, Smart Eavesdropper Accuracy: 0.7159090909090909 0 0
Communication round: 7, Smart Eavesdropper Accuracy: 0.7659090909090909 0 0
Communication round: 8, Smart Eavesdropper Accuracy: 0.8045454545454546 0 0
Communication round: 9, Smart Eavesdropper Accuracy: 0.8136363636363636 0 0
Communication round: 10, Smart Eavesdropper Accuracy: 0.825 0 0
Communication round: 11, Smart Eavesdropper Accuracy: 0.8363636363636363 0 0
Communication round: 12, Smart Eavesdropper Accuracy: 0.8681818181818182 1 1
Communication round: 13, Smart Eavesdropper Accuracy: 0.8568181818181818 2 1
Communication round: 14, Smart Eavesdropper Accuracy: 0.8636363636363636 2 0
Communication round: 15, Smart Eavesdropper Accuracy: 0.8340909090909091 2 0
Communication round: 16, Smart Eavesdropper Accuracy: 0.8772727272727273 2 0
Communication round: 17, Smart Eavesdropper Accuracy: 0.8590909090909091 2 0
Communication round: 18, Smart Eavesdropper Accuracy: 0.865909090909091 2 0
Communication round: 19, Smart Eavesdropper Accuracy: 0.8886363636363637 2 0
Communication round: 20, Smart Eavesdropper Accuracy: 0.8681818181818182 2 0
Communication round: 21, Smart Eavesdropper Accuracy: 0.8931818181818182 2 0
Communication round: 22, Smart Eavesdropper Accuracy: 0.8909090909090909 2 0
Communication round: 23, Smart Eavesdropper Accuracy: 0.8818181818181818 2 0
Communication round: 24, Smart Eavesdropper Accuracy: 0.8954545454545455 3 1
Communication round: 25, Aggregated Accuracies: 0.0744047619047619 4
Communication round: 25, Smart Eavesdropper Accuracy: 0.9 4 1
Communication round: 26, Aggregated Accuracies: 0.11130952380952382 5
Communication round: 26, Smart Eavesdropper Accuracy: 0.9113636363636364 5 1
Communication round: 27, Aggregated Accuracies: 0.1636904761904762 6
Communication round: 27, Smart Eavesdropper Accuracy: 0.9022727272727272 6 1
Communication round: 28, Aggregated Accuracies: 0.19988095238095238 7
Communication round: 28, Smart Eavesdropper Accuracy: 0.8954545454545455 7 1
Communication round: 29, Aggregated Accuracies: 0.2527380952380953 8
Communication round: 29, Smart Eavesdropper Accuracy: 0.8772727272727273 8 1
Communication round: 30, Smart Eavesdropper Accuracy: 0.9113636363636364 8 0
Communication round: 31, Aggregated Accuracies: 0.30511904761904757 9
Communication round: 31, Smart Eavesdropper Accuracy: 0.9181818181818182 9 1
Communication round: 32, Aggregated Accuracies: 0.37178571428571433 10
Communication round: 32, Smart Eavesdropper Accuracy: 0.8977272727272727 10 1
Communication round: 33, Aggregated Accuracies: 0.4173809523809522 11
Communication round: 33, Smart Eavesdropper Accuracy: 0.9022727272727272 11 1
Communication round: 34, Aggregated Accuracies: 0.4770238095238095 12
Communication round: 34, Smart Eavesdropper Accuracy: 0.8954545454545455 12 1
Communication round: 35, Aggregated Accuracies: 0.5319047619047619 13
Communication round: 35, Smart Eavesdropper Accuracy: 0.875 13 1
Communication round: 36, Aggregated Accuracies: 0.5550000000000002 14
Communication round: 36, Smart Eavesdropper Accuracy: 0.8931818181818182 14 1
Communication round: 37, Aggregated Accuracies: 0.6019047619047619 15
Communication round: 37, Smart Eavesdropper Accuracy: 0.9272727272727272 15 1
Communication round: 38, Aggregated Accuracies: 0.6307142857142857 16
Communication round: 38, Smart Eavesdropper Accuracy: 0.925 16 1
Communication round: 39, Smart Eavesdropper Accuracy: 0.8954545454545455 16 0
Communication round: 40, Smart Eavesdropper Accuracy: 0.9090909090909091 16 0
Communication round: 41, Aggregated Accuracies: 0.6614285714285715 17
Communication round: 41, Smart Eavesdropper Accuracy: 0.9204545454545454 17 1
Communication round: 42, Smart Eavesdropper Accuracy: 0.9090909090909091 17 0
Communication round: 43, Smart Eavesdropper Accuracy: 0.9227272727272727 17 0
Communication round: 44, Smart Eavesdropper Accuracy: 0.9136363636363637 17 0
Communication round: 45, Smart Eavesdropper Accuracy: 0.9113636363636364 17 0
Communication round: 46, Aggregated Accuracies: 0.683333333333333 18
Communication round: 46, Smart Eavesdropper Accuracy: 0.9136363636363637 18 1
Communication round: 47, Aggregated Accuracies: 0.702261904761905 19
Communication round: 47, Smart Eavesdropper Accuracy: 0.925 19 1
Communication round: 48, Aggregated Accuracies: 0.7185714285714286 20
Communication round: 48, Smart Eavesdropper Accuracy: 0.9227272727272727 20 1
Communication round: 49, Aggregated Accuracies: 0.74 21
Communication round: 49, Smart Eavesdropper Accuracy: 0.8977272727272727 21 1
Communication round: 50, Aggregated Accuracies: 0.755952380952381 22
Communication round: 50, Smart Eavesdropper Accuracy: 0.9227272727272727 22 1
Communication round: 51, Aggregated Accuracies: 0.7672619047619047 23
Communication round: 51, Smart Eavesdropper Accuracy: 0.9159090909090909 23 1
Communication round: 52, Aggregated Accuracies: 0.7890476190476189 24
Communication round: 52, Smart Eavesdropper Accuracy: 0.9363636363636364 24 1
Communication round: 53, Aggregated Accuracies: 0.7932142857142854 25
Communication round: 53, Smart Eavesdropper Accuracy: 0.9068181818181819 25 1
Communication round: 54, Aggregated Accuracies: 0.8120238095238096 26
Communication round: 54, Smart Eavesdropper Accuracy: 0.9113636363636364 26 1
Communication round: 55, Aggregated Accuracies: 0.812857142857143 27
Communication round: 55, Smart Eavesdropper Accuracy: 0.9318181818181818 27 1
Communication round: 56, Aggregated Accuracies: 0.8245238095238093 28
Communication round: 56, Smart Eavesdropper Accuracy: 0.9159090909090909 28 1
Communication round: 57, Aggregated Accuracies: 0.8329761904761905 29
Communication round: 57, Smart Eavesdropper Accuracy: 0.9340909090909091 29 1
Communication round: 58, Aggregated Accuracies: 0.8371428571428572 30
Communication round: 58, Eavesdropper Accuracy: 0.8454545454545455 30 1
Communication round: 59, Aggregated Accuracies: 0.8408333333333333 31
Communication round: 59, Eavesdropper Accuracy: 0.8568181818181818 31 1
Communication round: 60, Aggregated Accuracies: 0.846785714285714 32
Communication round: 60, Eavesdropper Accuracy: 0.8590909090909091 32 1
Communication round: 61, Eavesdropper Accuracy: 0.8477272727272728 32 0
Communication round: 62, Eavesdropper Accuracy: 0.8568181818181818 32 0
Communication round: 63, Smart Eavesdropper Accuracy: 0.8636363636363636 32 0
Communication round: 64, Smart Eavesdropper Accuracy: 0.8545454545454545 32 0
Communication round: 65, Smart Eavesdropper Accuracy: 0.8545454545454545 32 0
Communication round: 66, Smart Eavesdropper Accuracy: 0.8727272727272727 32 0
Communication round: 67, Smart Eavesdropper Accuracy: 0.8795454545454545 32 0
Communication round: 68, Smart Eavesdropper Accuracy: 0.8795454545454545 32 0
Communication round: 69, Smart Eavesdropper Accuracy: 0.8727272727272727 32 0
Communication round: 70, Smart Eavesdropper Accuracy: 0.875 32 0
Communication round: 71, Smart Eavesdropper Accuracy: 0.9 32 0
Communication round: 72, Smart Eavesdropper Accuracy: 0.9045454545454545 32 0
Communication round: 73, Smart Eavesdropper Accuracy: 0.9136363636363637 32 0
Communication round: 74, Smart Eavesdropper Accuracy: 0.925 32 0
Communication round: 75, Smart Eavesdropper Accuracy: 0.9409090909090909 32 0
Communication round: 76, Smart Eavesdropper Accuracy: 0.9 32 0
Communication round: 77, Smart Eavesdropper Accuracy: 0.9136363636363637 32 0
Communication round: 78, Smart Eavesdropper Accuracy: 0.9113636363636364 32 0
Communication round: 79, Smart Eavesdropper Accuracy: 0.9272727272727272 32 0
Communication round: 80, Smart Eavesdropper Accuracy: 0.9090909090909091 32 0
Communication round: 81, Smart Eavesdropper Accuracy: 0.9181818181818182 32 0
Communication round: 82, Smart Eavesdropper Accuracy: 0.9136363636363637 32 0
Communication round: 83, Smart Eavesdropper Accuracy: 0.9159090909090909 32 0
Communication round: 84, Smart Eavesdropper Accuracy: 0.9181818181818182 32 0
Communication round: 85, Smart Eavesdropper Accuracy: 0.9204545454545454 32 0
Communication round: 86, Smart Eavesdropper Accuracy: 0.9204545454545454 32 0
Communication round: 87, Smart Eavesdropper Accuracy: 0.9272727272727272 32 0
Communication round: 88, Smart Eavesdropper Accuracy: 0.9113636363636364 32 0
Communication round: 89, Smart Eavesdropper Accuracy: 0.9340909090909091 32 0
Communication round: 90, Smart Eavesdropper Accuracy: 0.9227272727272727 32 0
Communication round: 91, Smart Eavesdropper Accuracy: 0.9113636363636364 32 0
Communication round: 92, Smart Eavesdropper Accuracy: 0.9181818181818182 32 0
Communication round: 93, Smart Eavesdropper Accuracy: 0.9477272727272728 32 0
Communication round: 94, Smart Eavesdropper Accuracy: 0.9454545454545454 32 0
Communication round: 95, Smart Eavesdropper Accuracy: 0.9386363636363636 32 0
Communication round: 96, Smart Eavesdropper Accuracy: 0.9181818181818182 32 0
Communication round: 97, Smart Eavesdropper Accuracy: 0.9386363636363636 32 0
Communication round: 98, Smart Eavesdropper Accuracy: 0.925 32 0
Communication round: 99, Smart Eavesdropper Accuracy: 0.9363636363636364 32 0
----------------------------------------------------------------------------------------------------
