----------------------------------------------------------------------------------------------------
50_30_120_1_2_0.9_False_
----------------------------------------------------------------------------------------------------
Communication round: 0, Smart Eavesdropper Accuracy: 0.19318181818181818 0 0
Communication round: 1, Smart Eavesdropper Accuracy: 0.20909090909090908 1 1
Communication round: 2, Smart Eavesdropper Accuracy: 0.2772727272727273 1 0
Communication round: 3, Smart Eavesdropper Accuracy: 0.3386363636363636 1 0
Communication round: 4, Smart Eavesdropper Accuracy: 0.3704545454545455 1 0
Communication round: 5, Aggregated Accuracies: 0.13130952380952382 2
Communication round: 5, Smart Eavesdropper Accuracy: 0.41363636363636364 2 1
Communication round: 6, Smart Eavesdropper Accuracy: 0.4727272727272727 2 0
Communication round: 7, Aggregated Accuracies: 0.176547619047619 3
Communication round: 7, Smart Eavesdropper Accuracy: 0.5522727272727272 3 1
Communication round: 8, Smart Eavesdropper Accuracy: 0.48863636363636365 3 0
Communication round: 9, Aggregated Accuracies: 0.23416666666666672 4
Communication round: 9, Smart Eavesdropper Accuracy: 0.625 4 1
Communication round: 10, Aggregated Accuracies: 0.2763095238095239 5
Communication round: 10, Smart Eavesdropper Accuracy: 0.6136363636363636 5 1
Communication round: 11, Aggregated Accuracies: 0.325 6
Communication round: 11, Smart Eavesdropper Accuracy: 0.675 6 1
Communication round: 12, Aggregated Accuracies: 0.3895238095238095 7
Communication round: 12, Eavesdropper Accuracy: 0.425 7 1
Communication round: 13, Aggregated Accuracies: 0.4252380952380953 8
Communication round: 13, Eavesdropper Accuracy: 0.46136363636363636 8 1
Communication round: 14, Aggregated Accuracies: 0.4761904761904761 9
Communication round: 14, Eavesdropper Accuracy: 0.4954545454545455 9 1
Communication round: 15, Aggregated Accuracies: 0.5270238095238095 10
Communication round: 15, Eavesdropper Accuracy: 0.5636363636363636 10 1
Communication round: 16, Eavesdropper Accuracy: 0.5568181818181818 11 1
Communication round: 17, Eavesdropper Accuracy: 0.5772727272727273 12 1
Communication round: 18, Eavesdropper Accuracy: 0.5818181818181818 13 1
Communication round: 19, Aggregated Accuracies: 0.5517857142857143 14
Communication round: 19, Eavesdropper Accuracy: 0.6045454545454545 14 1
Communication round: 20, Eavesdropper Accuracy: 0.6272727272727273 14 0
Communication round: 21, Eavesdropper Accuracy: 0.6045454545454545 14 0
Communication round: 22, Eavesdropper Accuracy: 0.615909090909091 14 0
Communication round: 23, Eavesdropper Accuracy: 0.6272727272727273 14 0
Communication round: 24, Eavesdropper Accuracy: 0.5568181818181818 15 1
Communication round: 25, Eavesdropper Accuracy: 0.5886363636363636 15 0
Communication round: 26, Eavesdropper Accuracy: 0.5931818181818181 15 0
Communication round: 27, Eavesdropper Accuracy: 0.5954545454545455 15 0
Communication round: 28, Eavesdropper Accuracy: 0.6181818181818182 15 0
Communication round: 29, Smart Eavesdropper Accuracy: 0.25681818181818183 15 0
Communication round: 30, Smart Eavesdropper Accuracy: 0.3659090909090909 15 0
Communication round: 31, Smart Eavesdropper Accuracy: 0.5431818181818182 16 1
Communication round: 32, Eavesdropper Accuracy: 0.6090909090909091 17 1
Communication round: 33, Eavesdropper Accuracy: 0.5886363636363636 18 1
Communication round: 34, Eavesdropper Accuracy: 0.5840909090909091 18 0
Communication round: 35, Smart Eavesdropper Accuracy: 0.30454545454545456 18 0
Communication round: 36, Smart Eavesdropper Accuracy: 0.4863636363636364 18 0
Communication round: 37, Smart Eavesdropper Accuracy: 0.4772727272727273 19 1
Communication round: 38, Eavesdropper Accuracy: 0.5659090909090909 20 1
Communication round: 39, Smart Eavesdropper Accuracy: 0.33181818181818185 20 0
Communication round: 40, Eavesdropper Accuracy: 0.6113636363636363 21 1
Communication round: 41, Eavesdropper Accuracy: 0.615909090909091 22 1
Communication round: 42, Aggregated Accuracies: 0.5782142857142857 23
Communication round: 42, Eavesdropper Accuracy: 0.6090909090909091 23 1
Communication round: 43, Eavesdropper Accuracy: 0.6454545454545455 24 1
Communication round: 44, Eavesdropper Accuracy: 0.65 24 0
Communication round: 45, Eavesdropper Accuracy: 0.625 24 0
Communication round: 46, Eavesdropper Accuracy: 0.6409090909090909 24 0
Communication round: 47, Smart Eavesdropper Accuracy: 0.29318181818181815 24 0
Communication round: 48, Smart Eavesdropper Accuracy: 0.3977272727272727 24 0
Communication round: 49, Smart Eavesdropper Accuracy: 0.5022727272727273 24 0
Communication round: 50, Smart Eavesdropper Accuracy: 0.6022727272727273 24 0
Communication round: 51, Smart Eavesdropper Accuracy: 0.5954545454545455 24 0
Communication round: 52, Smart Eavesdropper Accuracy: 0.6318181818181818 24 0
Communication round: 53, Smart Eavesdropper Accuracy: 0.6931818181818182 24 0
Communication round: 54, Smart Eavesdropper Accuracy: 0.6568181818181819 24 0
Communication round: 55, Smart Eavesdropper Accuracy: 0.7090909090909091 24 0
Communication round: 56, Smart Eavesdropper Accuracy: 0.7568181818181818 25 1
Communication round: 57, Aggregated Accuracies: 0.6111904761904763 26
Communication round: 57, Smart Eavesdropper Accuracy: 0.8159090909090909 26 1
Communication round: 58, Aggregated Accuracies: 0.6370238095238094 27
Communication round: 58, Smart Eavesdropper Accuracy: 0.8318181818181818 27 1
Communication round: 59, Aggregated Accuracies: 0.6588095238095238 28
Communication round: 59, Smart Eavesdropper Accuracy: 0.7727272727272727 28 1
Communication round: 60, Aggregated Accuracies: 0.6894047619047619 29
Communication round: 60, Smart Eavesdropper Accuracy: 0.8227272727272728 29 1
Communication round: 61, Smart Eavesdropper Accuracy: 0.8068181818181818 29 0
Communication round: 62, Aggregated Accuracies: 0.7025 30
Communication round: 62, Smart Eavesdropper Accuracy: 0.8022727272727272 30 1
Communication round: 63, Aggregated Accuracies: 0.7247619047619047 31
Communication round: 63, Smart Eavesdropper Accuracy: 0.8159090909090909 31 1
Communication round: 64, Aggregated Accuracies: 0.7448809523809523 32
Communication round: 64, Smart Eavesdropper Accuracy: 0.85 32 1
Communication round: 65, Aggregated Accuracies: 0.7638095238095239 33
Communication round: 65, Smart Eavesdropper Accuracy: 0.8636363636363636 33 1
Communication round: 66, Aggregated Accuracies: 0.7773809523809523 34
Communication round: 66, Eavesdropper Accuracy: 0.8113636363636364 34 1
Communication round: 67, Aggregated Accuracies: 0.7886904761904764 35
Communication round: 67, Eavesdropper Accuracy: 0.8181818181818182 35 1
Communication round: 68, Eavesdropper Accuracy: 0.7954545454545454 35 0
Communication round: 69, Smart Eavesdropper Accuracy: 0.49318181818181817 35 0
Communication round: 70, Smart Eavesdropper Accuracy: 0.6522727272727272 35 0
Communication round: 71, Aggregated Accuracies: 0.8022619047619048 36
Communication round: 71, Smart Eavesdropper Accuracy: 0.6454545454545455 36 1
Communication round: 72, Aggregated Accuracies: 0.8154761904761902 37
Communication round: 72, Eavesdropper Accuracy: 0.8090909090909091 37 1
Communication round: 73, Aggregated Accuracies: 0.8115476190476194 38
Communication round: 73, Eavesdropper Accuracy: 0.8568181818181818 38 1
Communication round: 74, Eavesdropper Accuracy: 0.8363636363636363 38 0
Communication round: 75, Smart Eavesdropper Accuracy: 0.6772727272727272 38 0
Communication round: 76, Smart Eavesdropper Accuracy: 0.6818181818181818 38 0
Communication round: 77, Smart Eavesdropper Accuracy: 0.75 38 0
Communication round: 78, Smart Eavesdropper Accuracy: 0.7204545454545455 38 0
Communication round: 79, Smart Eavesdropper Accuracy: 0.7340909090909091 38 0
Communication round: 80, Smart Eavesdropper Accuracy: 0.8113636363636364 38 0
Communication round: 81, Smart Eavesdropper Accuracy: 0.8545454545454545 38 0
Communication round: 82, Smart Eavesdropper Accuracy: 0.825 38 0
Communication round: 83, Smart Eavesdropper Accuracy: 0.8454545454545455 38 0
Communication round: 84, Smart Eavesdropper Accuracy: 0.8795454545454545 38 0
Communication round: 85, Smart Eavesdropper Accuracy: 0.7931818181818182 38 0
Communication round: 86, Smart Eavesdropper Accuracy: 0.7795454545454545 38 0
Communication round: 87, Smart Eavesdropper Accuracy: 0.8295454545454546 38 0
Communication round: 88, Smart Eavesdropper Accuracy: 0.8295454545454546 38 0
Communication round: 89, Smart Eavesdropper Accuracy: 0.8431818181818181 38 0
Communication round: 90, Smart Eavesdropper Accuracy: 0.8545454545454545 38 0
Communication round: 91, Smart Eavesdropper Accuracy: 0.8909090909090909 38 0
Communication round: 92, Smart Eavesdropper Accuracy: 0.8568181818181818 38 0
Communication round: 93, Smart Eavesdropper Accuracy: 0.8545454545454545 38 0
Communication round: 94, Smart Eavesdropper Accuracy: 0.8818181818181818 38 0
Communication round: 95, Smart Eavesdropper Accuracy: 0.865909090909091 38 0
Communication round: 96, Aggregated Accuracies: 0.8241666666666666 39
Communication round: 96, Smart Eavesdropper Accuracy: 0.8681818181818182 39 1
Communication round: 97, Aggregated Accuracies: 0.8341666666666667 40
Communication round: 97, Smart Eavesdropper Accuracy: 0.8931818181818182 40 1
Communication round: 98, Aggregated Accuracies: 0.8370238095238094 41
Communication round: 98, Smart Eavesdropper Accuracy: 0.8454545454545455 41 1
Communication round: 99, Aggregated Accuracies: 0.8442857142857142 42
Communication round: 99, Smart Eavesdropper Accuracy: 0.8727272727272727 42 1
Communication round: 100, Aggregated Accuracies: 0.8529761904761906 43
Communication round: 100, Smart Eavesdropper Accuracy: 0.884090909090909 43 1
Communication round: 101, Aggregated Accuracies: 0.8594047619047616 44
Communication round: 101, Smart Eavesdropper Accuracy: 0.8704545454545455 44 1
Communication round: 102, Smart Eavesdropper Accuracy: 0.8727272727272727 44 0
Communication round: 103, Smart Eavesdropper Accuracy: 0.85 44 0
Communication round: 104, Smart Eavesdropper Accuracy: 0.8727272727272727 44 0
Communication round: 105, Smart Eavesdropper Accuracy: 0.8795454545454545 44 0
Communication round: 106, Smart Eavesdropper Accuracy: 0.865909090909091 44 0
Communication round: 107, Smart Eavesdropper Accuracy: 0.8568181818181818 44 0
Communication round: 108, Smart Eavesdropper Accuracy: 0.8977272727272727 44 0
Communication round: 109, Smart Eavesdropper Accuracy: 0.8568181818181818 44 0
Communication round: 110, Smart Eavesdropper Accuracy: 0.884090909090909 44 0
Communication round: 111, Smart Eavesdropper Accuracy: 0.8931818181818182 44 0
Communication round: 112, Smart Eavesdropper Accuracy: 0.8818181818181818 44 0
Communication round: 113, Smart Eavesdropper Accuracy: 0.884090909090909 44 0
Communication round: 114, Smart Eavesdropper Accuracy: 0.8954545454545455 44 0
Communication round: 115, Smart Eavesdropper Accuracy: 0.8727272727272727 44 0
Communication round: 116, Smart Eavesdropper Accuracy: 0.9045454545454545 44 0
Communication round: 117, Smart Eavesdropper Accuracy: 0.8931818181818182 44 0
Communication round: 118, Smart Eavesdropper Accuracy: 0.8613636363636363 44 0
Communication round: 119, Smart Eavesdropper Accuracy: 0.8636363636363636 44 0
----------------------------------------------------------------------------------------------------
