----------------------------------------------------------------------------------------------------
20_30_120_0.1_5_0.5_True_
----------------------------------------------------------------------------------------------------
Communication round: 0, Eavesdropper Accuracy: 0.11363636363636363 1 1
Communication round: 1, Eavesdropper Accuracy: 0.11818181818181818 2 1
Communication round: 2, Aggregated Accuracies: 0.1380952380952381 3
Communication round: 2, Eavesdropper Accuracy: 0.20454545454545456 3 1
Communication round: 3, Eavesdropper Accuracy: 0.1318181818181818 4 1
Communication round: 4, Aggregated Accuracies: 0.16309523809523807 5
Communication round: 4, Eavesdropper Accuracy: 0.18409090909090908 5 1
Communication round: 5, Aggregated Accuracies: 0.19404761904761902 6
Communication round: 5, Eavesdropper Accuracy: 0.19772727272727272 6 1
Communication round: 6, Eavesdropper Accuracy: 0.17272727272727273 7 1
Communication round: 7, Aggregated Accuracies: 0.2130952380952381 8
Communication round: 7, Eavesdropper Accuracy: 0.27954545454545454 8 1
Communication round: 8, Eavesdropper Accuracy: 0.275 9 1
Communication round: 9, Eavesdropper Accuracy: 0.225 10 1
Communication round: 10, Eavesdropper Accuracy: 0.2818181818181818 11 1
Communication round: 11, Aggregated Accuracies: 0.2553571428571429 12
Communication round: 11, Eavesdropper Accuracy: 0.26590909090909093 12 1
Communication round: 12, Eavesdropper Accuracy: 0.28863636363636364 13 1
Communication round: 13, Aggregated Accuracies: 0.2779761904761905 14
Communication round: 13, Eavesdropper Accuracy: 0.37727272727272726 14 1
Communication round: 14, Eavesdropper Accuracy: 0.375 15 1
Communication round: 15, Eavesdropper Accuracy: 0.35454545454545455 16 1
Communication round: 16, Aggregated Accuracies: 0.3077380952380952 17
Communication round: 16, Eavesdropper Accuracy: 0.3977272727272727 17 1
Communication round: 17, Aggregated Accuracies: 0.38392857142857134 18
Communication round: 17, Eavesdropper Accuracy: 0.4681818181818182 18 1
Communication round: 18, Aggregated Accuracies: 0.4142857142857143 19
Communication round: 18, Eavesdropper Accuracy: 0.5159090909090909 19 1
Communication round: 19, Eavesdropper Accuracy: 0.5136363636363637 20 1
Communication round: 20, Eavesdropper Accuracy: 0.5295454545454545 21 1
Communication round: 21, Aggregated Accuracies: 0.4744047619047619 22
Communication round: 21, Eavesdropper Accuracy: 0.5272727272727272 22 1
Communication round: 22, Eavesdropper Accuracy: 0.5295454545454545 23 1
Communication round: 23, Eavesdropper Accuracy: 0.4954545454545455 24 1
Communication round: 24, Aggregated Accuracies: 0.48690476190476206 25
Communication round: 24, Eavesdropper Accuracy: 0.5636363636363636 25 1
Communication round: 25, Aggregated Accuracies: 0.5136904761904761 26
Communication round: 25, Eavesdropper Accuracy: 0.5772727272727273 26 1
Communication round: 26, Aggregated Accuracies: 0.5642857142857142 27
Communication round: 26, Eavesdropper Accuracy: 0.6045454545454545 27 1
Communication round: 27, Aggregated Accuracies: 0.5946428571428573 28
Communication round: 27, Eavesdropper Accuracy: 0.6590909090909091 28 1
Communication round: 28, Aggregated Accuracies: 0.625 29
Communication round: 28, Eavesdropper Accuracy: 0.65 29 1
Communication round: 29, Aggregated Accuracies: 0.6434523809523809 30
Communication round: 29, Eavesdropper Accuracy: 0.6704545454545454 30 1
Communication round: 30, Aggregated Accuracies: 0.6636904761904762 31
Communication round: 30, Eavesdropper Accuracy: 0.75 31 1
Communication round: 31, Aggregated Accuracies: 0.6916666666666667 32
Communication round: 31, Eavesdropper Accuracy: 0.7181818181818181 32 1
Communication round: 32, Aggregated Accuracies: 0.7113095238095238 33
Communication round: 32, Eavesdropper Accuracy: 0.7363636363636363 33 1
Communication round: 33, Aggregated Accuracies: 0.7315476190476189 34
Communication round: 33, Eavesdropper Accuracy: 0.7477272727272727 34 1
Communication round: 34, Aggregated Accuracies: 0.7446428571428572 35
Communication round: 34, Eavesdropper Accuracy: 0.7795454545454545 35 1
Communication round: 35, Aggregated Accuracies: 0.7636904761904763 36
Communication round: 35, Eavesdropper Accuracy: 0.8204545454545454 36 1
Communication round: 36, Aggregated Accuracies: 0.7845238095238096 37
Communication round: 36, Eavesdropper Accuracy: 0.8318181818181818 37 1
Communication round: 37, Aggregated Accuracies: 0.7839285714285714 38
Communication round: 37, Eavesdropper Accuracy: 0.8068181818181818 38 1
Communication round: 38, Aggregated Accuracies: 0.7767857142857142 39
Communication round: 38, Eavesdropper Accuracy: 0.8340909090909091 39 1
Communication round: 39, Aggregated Accuracies: 0.8023809523809524 40
Communication round: 39, Eavesdropper Accuracy: 0.8613636363636363 40 1
Communication round: 40, Eavesdropper Accuracy: 0.8409090909090909 41 1
Communication round: 41, Aggregated Accuracies: 0.8071428571428572 42
Communication round: 41, Eavesdropper Accuracy: 0.8386363636363636 42 1
Communication round: 42, Eavesdropper Accuracy: 0.865909090909091 43 1
Communication round: 43, Eavesdropper Accuracy: 0.8636363636363636 44 1
Communication round: 44, Eavesdropper Accuracy: 0.8477272727272728 45 1
Communication round: 45, Eavesdropper Accuracy: 0.8568181818181818 46 1
Communication round: 46, Aggregated Accuracies: 0.8154761904761904 47
Communication round: 46, Eavesdropper Accuracy: 0.7954545454545454 47 1
Communication round: 47, Aggregated Accuracies: 0.8238095238095239 48
Communication round: 47, Eavesdropper Accuracy: 0.8295454545454546 48 1
Communication round: 48, Eavesdropper Accuracy: 0.8409090909090909 49 1
Communication round: 49, Eavesdropper Accuracy: 0.8340909090909091 50 1
Communication round: 50, Aggregated Accuracies: 0.8166666666666667 51
Communication round: 50, Eavesdropper Accuracy: 0.8522727272727273 51 1
Communication round: 51, Eavesdropper Accuracy: 0.8431818181818181 51 0
Communication round: 52, Eavesdropper Accuracy: 0.85 51 0
Communication round: 53, Eavesdropper Accuracy: 0.8613636363636363 51 0
Communication round: 54, Eavesdropper Accuracy: 0.8727272727272727 51 0
Communication round: 55, Eavesdropper Accuracy: 0.8681818181818182 51 0
Communication round: 56, Eavesdropper Accuracy: 0.8568181818181818 51 0
Communication round: 57, Eavesdropper Accuracy: 0.8772727272727273 51 0
Communication round: 58, Eavesdropper Accuracy: 0.8545454545454545 51 0
Communication round: 59, Eavesdropper Accuracy: 0.8545454545454545 51 0
Communication round: 60, Eavesdropper Accuracy: 0.8704545454545455 51 0
Communication round: 61, Eavesdropper Accuracy: 0.8522727272727273 51 0
Communication round: 62, Eavesdropper Accuracy: 0.865909090909091 51 0
Communication round: 63, Eavesdropper Accuracy: 0.8590909090909091 51 0
Communication round: 64, Eavesdropper Accuracy: 0.8613636363636363 51 0
Communication round: 65, Eavesdropper Accuracy: 0.8568181818181818 51 0
Communication round: 66, Eavesdropper Accuracy: 0.8204545454545454 51 0
Communication round: 67, Eavesdropper Accuracy: 0.8522727272727273 51 0
Communication round: 68, Eavesdropper Accuracy: 0.8795454545454545 51 0
Communication round: 69, Eavesdropper Accuracy: 0.8318181818181818 51 0
Communication round: 70, Eavesdropper Accuracy: 0.8159090909090909 51 0
Communication round: 71, Eavesdropper Accuracy: 0.8431818181818181 51 0
Communication round: 72, Eavesdropper Accuracy: 0.8772727272727273 51 0
Communication round: 73, Eavesdropper Accuracy: 0.8795454545454545 51 0
Communication round: 74, Eavesdropper Accuracy: 0.8295454545454546 51 0
Communication round: 75, Eavesdropper Accuracy: 0.8590909090909091 51 0
Communication round: 76, Eavesdropper Accuracy: 0.8590909090909091 51 0
Communication round: 77, Eavesdropper Accuracy: 0.8681818181818182 51 0
Communication round: 78, Eavesdropper Accuracy: 0.8409090909090909 51 0
Communication round: 79, Eavesdropper Accuracy: 0.8772727272727273 51 0
Communication round: 80, Eavesdropper Accuracy: 0.865909090909091 51 0
Communication round: 81, Eavesdropper Accuracy: 0.8318181818181818 51 0
Communication round: 82, Eavesdropper Accuracy: 0.8477272727272728 51 0
Communication round: 83, Eavesdropper Accuracy: 0.8477272727272728 51 0
Communication round: 84, Eavesdropper Accuracy: 0.8340909090909091 51 0
Communication round: 85, Eavesdropper Accuracy: 0.8636363636363636 51 0
Communication round: 86, Eavesdropper Accuracy: 0.8295454545454546 51 0
Communication round: 87, Eavesdropper Accuracy: 0.9 51 0
Communication round: 88, Eavesdropper Accuracy: 0.8363636363636363 51 0
Communication round: 89, Eavesdropper Accuracy: 0.8477272727272728 51 0
Communication round: 90, Eavesdropper Accuracy: 0.8772727272727273 51 0
Communication round: 91, Eavesdropper Accuracy: 0.8590909090909091 51 0
Communication round: 92, Eavesdropper Accuracy: 0.8613636363636363 51 0
Communication round: 93, Eavesdropper Accuracy: 0.8818181818181818 51 0
Communication round: 94, Eavesdropper Accuracy: 0.8431818181818181 51 0
Communication round: 95, Eavesdropper Accuracy: 0.8568181818181818 51 0
Communication round: 96, Eavesdropper Accuracy: 0.8772727272727273 51 0
Communication round: 97, Eavesdropper Accuracy: 0.8681818181818182 51 0
Communication round: 98, Eavesdropper Accuracy: 0.865909090909091 51 0
Communication round: 99, Eavesdropper Accuracy: 0.8409090909090909 51 0
Communication round: 100, Eavesdropper Accuracy: 0.8431818181818181 51 0
Communication round: 101, Smart Eavesdropper Accuracy: 0.22954545454545455 51 0
Communication round: 102, Smart Eavesdropper Accuracy: 0.2636363636363636 51 0
Communication round: 103, Smart Eavesdropper Accuracy: 0.28863636363636364 51 0
Communication round: 104, Smart Eavesdropper Accuracy: 0.25681818181818183 51 0
Communication round: 105, Smart Eavesdropper Accuracy: 0.27045454545454545 51 0
Communication round: 106, Smart Eavesdropper Accuracy: 0.2409090909090909 51 0
Communication round: 107, Smart Eavesdropper Accuracy: 0.3431818181818182 51 0
Communication round: 108, Smart Eavesdropper Accuracy: 0.29545454545454547 51 0
Communication round: 109, Smart Eavesdropper Accuracy: 0.325 51 0
Communication round: 110, Smart Eavesdropper Accuracy: 0.3431818181818182 51 0
Communication round: 111, Smart Eavesdropper Accuracy: 0.42954545454545456 51 0
Communication round: 112, Smart Eavesdropper Accuracy: 0.3659090909090909 51 0
Communication round: 113, Smart Eavesdropper Accuracy: 0.2681818181818182 51 0
Communication round: 114, Smart Eavesdropper Accuracy: 0.37272727272727274 51 0
Communication round: 115, Smart Eavesdropper Accuracy: 0.31136363636363634 51 0
Communication round: 116, Smart Eavesdropper Accuracy: 0.3431818181818182 51 0
Communication round: 117, Smart Eavesdropper Accuracy: 0.29545454545454547 51 0
Communication round: 118, Smart Eavesdropper Accuracy: 0.32045454545454544 51 0
Communication round: 119, Smart Eavesdropper Accuracy: 0.3522727272727273 51 0
----------------------------------------------------------------------------------------------------
