----------------------------------------------------------------------------------------------------
50_30_100_0.4_2_0.2_True_
----------------------------------------------------------------------------------------------------
Communication round: 0, Eavesdropper Accuracy: 0.10909090909090909 1 1
Communication round: 1, Aggregated Accuracies: 0.14369047619047626 2
Communication round: 1, Eavesdropper Accuracy: 0.10681818181818181 2 1
Communication round: 2, Eavesdropper Accuracy: 0.12045454545454545 3 1
Communication round: 3, Eavesdropper Accuracy: 0.10227272727272728 4 1
Communication round: 4, Eavesdropper Accuracy: 0.10909090909090909 5 1
Communication round: 5, Eavesdropper Accuracy: 0.10227272727272728 6 1
Communication round: 6, Aggregated Accuracies: 0.1686904761904762 7
Communication round: 6, Eavesdropper Accuracy: 0.15681818181818183 7 1
Communication round: 7, Eavesdropper Accuracy: 0.15227272727272728 8 1
Communication round: 8, Eavesdropper Accuracy: 0.15 9 1
Communication round: 9, Eavesdropper Accuracy: 0.16363636363636364 10 1
Communication round: 10, Eavesdropper Accuracy: 0.17045454545454544 11 1
Communication round: 11, Eavesdropper Accuracy: 0.17727272727272728 12 1
Communication round: 12, Eavesdropper Accuracy: 0.17727272727272728 13 1
Communication round: 13, Eavesdropper Accuracy: 0.175 14 1
Communication round: 14, Eavesdropper Accuracy: 0.175 15 1
Communication round: 15, Aggregated Accuracies: 0.23392857142857137 16
Communication round: 15, Eavesdropper Accuracy: 0.22045454545454546 16 1
Communication round: 16, Aggregated Accuracies: 0.2675000000000001 17
Communication round: 16, Eavesdropper Accuracy: 0.3159090909090909 17 1
Communication round: 17, Aggregated Accuracies: 0.3373809523809523 18
Communication round: 17, Eavesdropper Accuracy: 0.375 18 1
Communication round: 18, Aggregated Accuracies: 0.3986904761904762 19
Communication round: 18, Eavesdropper Accuracy: 0.45227272727272727 19 1
Communication round: 19, Aggregated Accuracies: 0.4528571428571429 20
Communication round: 19, Eavesdropper Accuracy: 0.4909090909090909 20 1
Communication round: 20, Aggregated Accuracies: 0.4920238095238096 21
Communication round: 20, Eavesdropper Accuracy: 0.5409090909090909 21 1
Communication round: 21, Aggregated Accuracies: 0.5191666666666667 22
Communication round: 21, Eavesdropper Accuracy: 0.5568181818181818 22 1
Communication round: 22, Aggregated Accuracies: 0.5539285714285715 23
Communication round: 22, Eavesdropper Accuracy: 0.6 23 1
Communication round: 23, Aggregated Accuracies: 0.5861904761904762 24
Communication round: 23, Eavesdropper Accuracy: 0.6545454545454545 24 1
Communication round: 24, Aggregated Accuracies: 0.6276190476190476 25
Communication round: 24, Eavesdropper Accuracy: 0.6636363636363637 25 1
Communication round: 25, Aggregated Accuracies: 0.6496428571428572 26
Communication round: 25, Eavesdropper Accuracy: 0.7431818181818182 26 1
Communication round: 26, Aggregated Accuracies: 0.6703571428571429 27
Communication round: 26, Eavesdropper Accuracy: 0.75 27 1
Communication round: 27, Eavesdropper Accuracy: 0.7295454545454545 28 1
Communication round: 28, Aggregated Accuracies: 0.6907142857142858 29
Communication round: 28, Eavesdropper Accuracy: 0.7772727272727272 29 1
Communication round: 29, Eavesdropper Accuracy: 0.7477272727272727 30 1
Communication round: 30, Aggregated Accuracies: 0.7114285714285713 31
Communication round: 30, Eavesdropper Accuracy: 0.7454545454545455 31 1
Communication round: 31, Aggregated Accuracies: 0.7288095238095239 32
Communication round: 31, Eavesdropper Accuracy: 0.7909090909090909 32 1
Communication round: 32, Aggregated Accuracies: 0.7457142857142857 33
Communication round: 32, Eavesdropper Accuracy: 0.8045454545454546 33 1
Communication round: 33, Eavesdropper Accuracy: 0.8136363636363636 34 1
Communication round: 34, Eavesdropper Accuracy: 0.8022727272727272 35 1
Communication round: 35, Eavesdropper Accuracy: 0.8113636363636364 36 1
Communication round: 36, Eavesdropper Accuracy: 0.8045454545454546 37 1
Communication round: 37, Aggregated Accuracies: 0.7663095238095239 38
Communication round: 37, Eavesdropper Accuracy: 0.8204545454545454 38 1
Communication round: 38, Eavesdropper Accuracy: 0.8090909090909091 39 1
Communication round: 39, Aggregated Accuracies: 0.7767857142857143 40
Communication round: 39, Eavesdropper Accuracy: 0.8113636363636364 40 1
Communication round: 40, Aggregated Accuracies: 0.7804761904761907 41
Communication round: 40, Eavesdropper Accuracy: 0.8272727272727273 41 1
Communication round: 41, Eavesdropper Accuracy: 0.8090909090909091 42 1
Communication round: 42, Eavesdropper Accuracy: 0.8113636363636364 43 1
Communication round: 43, Eavesdropper Accuracy: 0.8272727272727273 44 1
Communication round: 44, Aggregated Accuracies: 0.7983333333333335 45
Communication round: 44, Eavesdropper Accuracy: 0.8227272727272728 45 1
Communication round: 45, Aggregated Accuracies: 0.8055952380952381 46
Communication round: 45, Eavesdropper Accuracy: 0.85 46 1
Communication round: 46, Aggregated Accuracies: 0.811190476190476 47
Communication round: 46, Eavesdropper Accuracy: 0.8386363636363636 47 1
Communication round: 47, Aggregated Accuracies: 0.8196428571428568 48
Communication round: 47, Eavesdropper Accuracy: 0.8477272727272728 48 1
Communication round: 48, Aggregated Accuracies: 0.8298809523809524 49
Communication round: 48, Eavesdropper Accuracy: 0.8590909090909091 49 1
Communication round: 49, Aggregated Accuracies: 0.8363095238095235 50
Communication round: 49, Eavesdropper Accuracy: 0.8590909090909091 50 1
Communication round: 50, Aggregated Accuracies: 0.8469047619047619 51
Communication round: 50, Eavesdropper Accuracy: 0.8727272727272727 51 1
Communication round: 51, Aggregated Accuracies: 0.8540476190476189 52
Communication round: 51, Eavesdropper Accuracy: 0.8909090909090909 52 1
Communication round: 52, Aggregated Accuracies: 0.8589285714285714 53
Communication round: 52, Eavesdropper Accuracy: 0.8818181818181818 53 1
Communication round: 53, Eavesdropper Accuracy: 0.8909090909090909 53 0
Communication round: 54, Eavesdropper Accuracy: 0.8931818181818182 53 0
Communication round: 55, Eavesdropper Accuracy: 0.8772727272727273 53 0
Communication round: 56, Eavesdropper Accuracy: 0.9 53 0
Communication round: 57, Eavesdropper Accuracy: 0.875 53 0
Communication round: 58, Eavesdropper Accuracy: 0.8772727272727273 53 0
Communication round: 59, Eavesdropper Accuracy: 0.9022727272727272 53 0
Communication round: 60, Eavesdropper Accuracy: 0.8772727272727273 53 0
Communication round: 61, Eavesdropper Accuracy: 0.8772727272727273 53 0
Communication round: 62, Eavesdropper Accuracy: 0.8613636363636363 53 0
Communication round: 63, Eavesdropper Accuracy: 0.8727272727272727 53 0
Communication round: 64, Eavesdropper Accuracy: 0.8681818181818182 53 0
Communication round: 65, Eavesdropper Accuracy: 0.8818181818181818 53 0
Communication round: 66, Eavesdropper Accuracy: 0.875 53 0
Communication round: 67, Eavesdropper Accuracy: 0.9022727272727272 53 0
Communication round: 68, Eavesdropper Accuracy: 0.8931818181818182 53 0
Communication round: 69, Eavesdropper Accuracy: 0.8818181818181818 53 0
Communication round: 70, Eavesdropper Accuracy: 0.8795454545454545 53 0
Communication round: 71, Eavesdropper Accuracy: 0.875 53 0
Communication round: 72, Eavesdropper Accuracy: 0.8909090909090909 53 0
Communication round: 73, Eavesdropper Accuracy: 0.8886363636363637 53 0
Communication round: 74, Eavesdropper Accuracy: 0.8818181818181818 53 0
Communication round: 75, Eavesdropper Accuracy: 0.8909090909090909 53 0
Communication round: 76, Eavesdropper Accuracy: 0.884090909090909 53 0
Communication round: 77, Eavesdropper Accuracy: 0.8772727272727273 53 0
Communication round: 78, Eavesdropper Accuracy: 0.884090909090909 53 0
Communication round: 79, Eavesdropper Accuracy: 0.9045454545454545 53 0
Communication round: 80, Eavesdropper Accuracy: 0.8772727272727273 53 0
Communication round: 81, Eavesdropper Accuracy: 0.8795454545454545 53 0
Communication round: 82, Eavesdropper Accuracy: 0.8886363636363637 53 0
Communication round: 83, Eavesdropper Accuracy: 0.8886363636363637 53 0
Communication round: 84, Eavesdropper Accuracy: 0.8863636363636364 53 0
Communication round: 85, Eavesdropper Accuracy: 0.8931818181818182 53 0
Communication round: 86, Eavesdropper Accuracy: 0.8613636363636363 53 0
Communication round: 87, Eavesdropper Accuracy: 0.8795454545454545 53 0
Communication round: 88, Eavesdropper Accuracy: 0.8681818181818182 53 0
Communication round: 89, Eavesdropper Accuracy: 0.884090909090909 53 0
Communication round: 90, Eavesdropper Accuracy: 0.9 53 0
Communication round: 91, Eavesdropper Accuracy: 0.8818181818181818 53 0
Communication round: 92, Eavesdropper Accuracy: 0.9 53 0
Communication round: 93, Eavesdropper Accuracy: 0.8681818181818182 53 0
Communication round: 94, Eavesdropper Accuracy: 0.8886363636363637 53 0
Communication round: 95, Eavesdropper Accuracy: 0.8590909090909091 53 0
Communication round: 96, Eavesdropper Accuracy: 0.8977272727272727 53 0
Communication round: 97, Eavesdropper Accuracy: 0.8931818181818182 53 0
Communication round: 98, Eavesdropper Accuracy: 0.8909090909090909 53 0
Communication round: 99, Eavesdropper Accuracy: 0.9 53 0
----------------------------------------------------------------------------------------------------
----------------------------------------------------------------------------------------------------
50_30_100_0.4_2_0.2_True_
----------------------------------------------------------------------------------------------------
Communication round: 0, Eavesdropper Accuracy: 0.11818181818181818 1 1
Communication round: 1, Eavesdropper Accuracy: 0.1318181818181818 2 1
Communication round: 2, Eavesdropper Accuracy: 0.12954545454545455 3 1
Communication round: 3, Eavesdropper Accuracy: 0.1318181818181818 4 1
Communication round: 4, Eavesdropper Accuracy: 0.1318181818181818 5 1
Communication round: 5, Eavesdropper Accuracy: 0.14772727272727273 6 1
Communication round: 6, Eavesdropper Accuracy: 0.12727272727272726 7 1
Communication round: 7, Eavesdropper Accuracy: 0.12954545454545455 8 1
Communication round: 8, Eavesdropper Accuracy: 0.1159090909090909 9 1
Communication round: 9, Eavesdropper Accuracy: 0.17045454545454544 10 1
Communication round: 10, Aggregated Accuracies: 0.15345238095238098 11
Communication round: 10, Eavesdropper Accuracy: 0.17045454545454544 11 1
Communication round: 11, Aggregated Accuracies: 0.18690476190476193 12
Communication round: 11, Eavesdropper Accuracy: 0.2340909090909091 12 1
Communication round: 12, Aggregated Accuracies: 0.236547619047619 13
Communication round: 12, Eavesdropper Accuracy: 0.28863636363636364 13 1
Communication round: 13, Aggregated Accuracies: 0.32 14
Communication round: 13, Eavesdropper Accuracy: 0.3409090909090909 14 1
Communication round: 14, Aggregated Accuracies: 0.36297619047619034 15
Communication round: 14, Eavesdropper Accuracy: 0.43863636363636366 15 1
Communication round: 15, Aggregated Accuracies: 0.4275 16
Communication round: 15, Eavesdropper Accuracy: 0.47954545454545455 16 1
Communication round: 16, Eavesdropper Accuracy: 0.4863636363636364 17 1
Communication round: 17, Aggregated Accuracies: 0.47809523809523824 18
Communication round: 17, Eavesdropper Accuracy: 0.5318181818181819 18 1
Communication round: 18, Aggregated Accuracies: 0.5150000000000001 19
Communication round: 18, Eavesdropper Accuracy: 0.5681818181818182 19 1
Communication round: 19, Aggregated Accuracies: 0.5463095238095239 20
Communication round: 19, Eavesdropper Accuracy: 0.5954545454545455 20 1
Communication round: 20, Aggregated Accuracies: 0.5744047619047618 21
Communication round: 20, Eavesdropper Accuracy: 0.6409090909090909 21 1
Communication round: 21, Eavesdropper Accuracy: 0.6068181818181818 22 1
Communication round: 22, Eavesdropper Accuracy: 0.6181818181818182 23 1
Communication round: 23, Eavesdropper Accuracy: 0.6022727272727273 24 1
Communication round: 24, Eavesdropper Accuracy: 0.6477272727272727 25 1
Communication round: 25, Eavesdropper Accuracy: 0.65 26 1
Communication round: 26, Eavesdropper Accuracy: 0.6431818181818182 27 1
Communication round: 27, Eavesdropper Accuracy: 0.6181818181818182 28 1
Communication round: 28, Eavesdropper Accuracy: 0.6113636363636363 29 1
Communication round: 29, Eavesdropper Accuracy: 0.6204545454545455 30 1
Communication round: 30, Eavesdropper Accuracy: 0.6272727272727273 31 1
Communication round: 31, Eavesdropper Accuracy: 0.6090909090909091 32 1
Communication round: 32, Eavesdropper Accuracy: 0.6181818181818182 33 1
Communication round: 33, Aggregated Accuracies: 0.5910714285714286 34
Communication round: 33, Eavesdropper Accuracy: 0.6477272727272727 34 1
Communication round: 34, Aggregated Accuracies: 0.6196428571428573 35
Communication round: 34, Eavesdropper Accuracy: 0.6636363636363637 35 1
Communication round: 35, Aggregated Accuracies: 0.6386904761904763 36
Communication round: 35, Eavesdropper Accuracy: 0.7204545454545455 36 1
Communication round: 36, Aggregated Accuracies: 0.6611904761904762 37
Communication round: 36, Eavesdropper Accuracy: 0.7204545454545455 37 1
Communication round: 37, Aggregated Accuracies: 0.683452380952381 38
Communication round: 37, Eavesdropper Accuracy: 0.7386363636363636 38 1
Communication round: 38, Eavesdropper Accuracy: 0.7477272727272727 39 1
Communication round: 39, Eavesdropper Accuracy: 0.7431818181818182 40 1
Communication round: 40, Aggregated Accuracies: 0.7085714285714286 41
Communication round: 40, Eavesdropper Accuracy: 0.7795454545454545 41 1
Communication round: 41, Aggregated Accuracies: 0.7167857142857141 42
Communication round: 41, Eavesdropper Accuracy: 0.775 42 1
Communication round: 42, Aggregated Accuracies: 0.7349999999999999 43
Communication round: 42, Eavesdropper Accuracy: 0.7818181818181819 43 1
Communication round: 43, Aggregated Accuracies: 0.7523809523809524 44
Communication round: 43, Eavesdropper Accuracy: 0.8045454545454546 44 1
Communication round: 44, Eavesdropper Accuracy: 0.7931818181818182 45 1
Communication round: 45, Eavesdropper Accuracy: 0.8272727272727273 46 1
Communication round: 46, Eavesdropper Accuracy: 0.7931818181818182 47 1
Communication round: 47, Eavesdropper Accuracy: 0.8068181818181818 48 1
Communication round: 48, Eavesdropper Accuracy: 0.7659090909090909 49 1
Communication round: 49, Aggregated Accuracies: 0.774761904761905 50
Communication round: 49, Eavesdropper Accuracy: 0.8090909090909091 50 1
Communication round: 50, Aggregated Accuracies: 0.7817857142857146 51
Communication round: 50, Eavesdropper Accuracy: 0.8022727272727272 51 1
Communication round: 51, Aggregated Accuracies: 0.7902380952380953 52
Communication round: 51, Eavesdropper Accuracy: 0.8477272727272728 52 1
Communication round: 52, Aggregated Accuracies: 0.7999999999999998 53
Communication round: 52, Eavesdropper Accuracy: 0.8454545454545455 53 1
Communication round: 53, Eavesdropper Accuracy: 0.8590909090909091 54 1
Communication round: 54, Aggregated Accuracies: 0.8073809523809523 55
Communication round: 54, Eavesdropper Accuracy: 0.8340909090909091 55 1
Communication round: 55, Aggregated Accuracies: 0.8183333333333331 56
Communication round: 55, Eavesdropper Accuracy: 0.8454545454545455 56 1
Communication round: 56, Eavesdropper Accuracy: 0.8431818181818181 57 1
Communication round: 57, Eavesdropper Accuracy: 0.8477272727272728 58 1
Communication round: 58, Eavesdropper Accuracy: 0.8409090909090909 59 1
Communication round: 59, Eavesdropper Accuracy: 0.8295454545454546 60 1
Communication round: 60, Eavesdropper Accuracy: 0.8545454545454545 61 1
Communication round: 61, Eavesdropper Accuracy: 0.8409090909090909 62 1
Communication round: 62, Eavesdropper Accuracy: 0.8340909090909091 63 1
Communication round: 63, Eavesdropper Accuracy: 0.8545454545454545 64 1
Communication round: 64, Eavesdropper Accuracy: 0.8613636363636363 65 1
Communication round: 65, Eavesdropper Accuracy: 0.8295454545454546 66 1
Communication round: 66, Eavesdropper Accuracy: 0.8431818181818181 67 1
Communication round: 67, Eavesdropper Accuracy: 0.8545454545454545 68 1
Communication round: 68, Eavesdropper Accuracy: 0.8545454545454545 69 1
Communication round: 69, Eavesdropper Accuracy: 0.85 70 1
Communication round: 70, Aggregated Accuracies: 0.8241666666666668 71
Communication round: 70, Eavesdropper Accuracy: 0.8590909090909091 71 1
Communication round: 71, Eavesdropper Accuracy: 0.8613636363636363 72 1
Communication round: 72, Aggregated Accuracies: 0.833333333333333 73
Communication round: 72, Eavesdropper Accuracy: 0.8568181818181818 73 1
Communication round: 73, Aggregated Accuracies: 0.8346428571428569 74
Communication round: 73, Eavesdropper Accuracy: 0.865909090909091 74 1
Communication round: 74, Aggregated Accuracies: 0.839880952380952 75
Communication round: 74, Eavesdropper Accuracy: 0.8590909090909091 75 1
Communication round: 75, Aggregated Accuracies: 0.8444047619047618 76
Communication round: 75, Eavesdropper Accuracy: 0.875 76 1
Communication round: 76, Eavesdropper Accuracy: 0.865909090909091 76 0
Communication round: 77, Eavesdropper Accuracy: 0.8590909090909091 76 0
Communication round: 78, Eavesdropper Accuracy: 0.8772727272727273 76 0
Communication round: 79, Eavesdropper Accuracy: 0.8795454545454545 76 0
Communication round: 80, Eavesdropper Accuracy: 0.884090909090909 76 0
Communication round: 81, Eavesdropper Accuracy: 0.865909090909091 76 0
Communication round: 82, Eavesdropper Accuracy: 0.8704545454545455 76 0
Communication round: 83, Eavesdropper Accuracy: 0.8727272727272727 76 0
Communication round: 84, Eavesdropper Accuracy: 0.8818181818181818 76 0
Communication round: 85, Eavesdropper Accuracy: 0.8863636363636364 76 0
Communication round: 86, Eavesdropper Accuracy: 0.8727272727272727 76 0
Communication round: 87, Eavesdropper Accuracy: 0.8795454545454545 76 0
Communication round: 88, Eavesdropper Accuracy: 0.875 76 0
Communication round: 89, Eavesdropper Accuracy: 0.884090909090909 76 0
Communication round: 90, Eavesdropper Accuracy: 0.8818181818181818 76 0
Communication round: 91, Eavesdropper Accuracy: 0.8704545454545455 76 0
Communication round: 92, Eavesdropper Accuracy: 0.8568181818181818 76 0
Communication round: 93, Eavesdropper Accuracy: 0.8477272727272728 76 0
Communication round: 94, Eavesdropper Accuracy: 0.8818181818181818 76 0
Communication round: 95, Eavesdropper Accuracy: 0.8727272727272727 76 0
Communication round: 96, Eavesdropper Accuracy: 0.8590909090909091 76 0
Communication round: 97, Eavesdropper Accuracy: 0.8704545454545455 76 0
Communication round: 98, Eavesdropper Accuracy: 0.8454545454545455 76 0
Communication round: 99, Eavesdropper Accuracy: 0.8681818181818182 76 0
----------------------------------------------------------------------------------------------------
----------------------------------------------------------------------------------------------------
50_30_100_0.4_2_0.2_True_
----------------------------------------------------------------------------------------------------
Communication round: 0, Eavesdropper Accuracy: 0.05 1 1
Communication round: 1, Eavesdropper Accuracy: 0.06818181818181818 2 1
Communication round: 2, Eavesdropper Accuracy: 0.04772727272727273 3 1
Communication round: 3, Eavesdropper Accuracy: 0.05454545454545454 4 1
Communication round: 4, Eavesdropper Accuracy: 0.05909090909090909 5 1
Communication round: 5, Eavesdropper Accuracy: 0.06363636363636363 6 1
Communication round: 6, Eavesdropper Accuracy: 0.07045454545454545 7 1
Communication round: 7, Eavesdropper Accuracy: 0.05227272727272727 8 1
Communication round: 8, Eavesdropper Accuracy: 0.04772727272727273 9 1
Communication round: 9, Eavesdropper Accuracy: 0.056818181818181816 10 1
Communication round: 10, Eavesdropper Accuracy: 0.06136363636363636 11 1
Communication round: 11, Eavesdropper Accuracy: 0.07045454545454545 12 1
Communication round: 12, Aggregated Accuracies: 0.08940476190476186 13
Communication round: 12, Eavesdropper Accuracy: 0.06363636363636363 13 1
Communication round: 13, Aggregated Accuracies: 0.12309523809523806 14
Communication round: 13, Eavesdropper Accuracy: 0.11136363636363636 14 1
Communication round: 14, Aggregated Accuracies: 0.1707142857142857 15
Communication round: 14, Eavesdropper Accuracy: 0.18409090909090908 15 1
Communication round: 15, Aggregated Accuracies: 0.24797619047619046 16
Communication round: 15, Eavesdropper Accuracy: 0.2590909090909091 16 1
Communication round: 16, Aggregated Accuracies: 0.30845238095238087 17
Communication round: 16, Eavesdropper Accuracy: 0.3340909090909091 17 1
Communication round: 17, Aggregated Accuracies: 0.3505952380952382 18
Communication round: 17, Eavesdropper Accuracy: 0.3931818181818182 18 1
Communication round: 18, Aggregated Accuracies: 0.42059523809523824 19
Communication round: 18, Eavesdropper Accuracy: 0.4636363636363636 19 1
Communication round: 19, Eavesdropper Accuracy: 0.43636363636363634 20 1
Communication round: 20, Aggregated Accuracies: 0.4789285714285716 21
Communication round: 20, Eavesdropper Accuracy: 0.5227272727272727 21 1
Communication round: 21, Aggregated Accuracies: 0.5140476190476193 22
Communication round: 21, Eavesdropper Accuracy: 0.6022727272727273 22 1
Communication round: 22, Aggregated Accuracies: 0.5471428571428572 23
Communication round: 22, Eavesdropper Accuracy: 0.6090909090909091 23 1
Communication round: 23, Aggregated Accuracies: 0.5803571428571428 24
Communication round: 23, Eavesdropper Accuracy: 0.6363636363636364 24 1
Communication round: 24, Aggregated Accuracies: 0.6126190476190474 25
Communication round: 24, Eavesdropper Accuracy: 0.65 25 1
Communication round: 25, Aggregated Accuracies: 0.6422619047619048 26
Communication round: 25, Eavesdropper Accuracy: 0.7 26 1
Communication round: 26, Aggregated Accuracies: 0.6672619047619047 27
Communication round: 26, Eavesdropper Accuracy: 0.7045454545454546 27 1
Communication round: 27, Eavesdropper Accuracy: 0.7386363636363636 28 1
Communication round: 28, Eavesdropper Accuracy: 0.75 29 1
Communication round: 29, Eavesdropper Accuracy: 0.7431818181818182 30 1
Communication round: 30, Eavesdropper Accuracy: 0.740909090909091 31 1
Communication round: 31, Eavesdropper Accuracy: 0.7227272727272728 32 1
Communication round: 32, Eavesdropper Accuracy: 0.7318181818181818 33 1
Communication round: 33, Eavesdropper Accuracy: 0.7386363636363636 34 1
Communication round: 34, Eavesdropper Accuracy: 0.7386363636363636 35 1
Communication round: 35, Eavesdropper Accuracy: 0.7340909090909091 36 1
Communication round: 36, Eavesdropper Accuracy: 0.7113636363636363 37 1
Communication round: 37, Eavesdropper Accuracy: 0.7454545454545455 38 1
Communication round: 38, Eavesdropper Accuracy: 0.7227272727272728 39 1
Communication round: 39, Eavesdropper Accuracy: 0.725 40 1
Communication round: 40, Eavesdropper Accuracy: 0.740909090909091 41 1
Communication round: 41, Eavesdropper Accuracy: 0.740909090909091 42 1
Communication round: 42, Eavesdropper Accuracy: 0.7181818181818181 43 1
Communication round: 43, Eavesdropper Accuracy: 0.7113636363636363 44 1
Communication round: 44, Eavesdropper Accuracy: 0.7136363636363636 45 1
Communication round: 45, Aggregated Accuracies: 0.6882142857142859 46
Communication round: 45, Eavesdropper Accuracy: 0.7681818181818182 46 1
Communication round: 46, Aggregated Accuracies: 0.7083333333333335 47
Communication round: 46, Eavesdropper Accuracy: 0.7659090909090909 47 1
Communication round: 47, Eavesdropper Accuracy: 0.7977272727272727 48 1
Communication round: 48, Eavesdropper Accuracy: 0.759090909090909 49 1
Communication round: 49, Eavesdropper Accuracy: 0.7545454545454545 50 1
Communication round: 50, Aggregated Accuracies: 0.7286904761904763 51
Communication round: 50, Eavesdropper Accuracy: 0.7636363636363637 51 1
Communication round: 51, Aggregated Accuracies: 0.7375 52
Communication round: 51, Eavesdropper Accuracy: 0.8045454545454546 52 1
Communication round: 52, Aggregated Accuracies: 0.7575 53
Communication round: 52, Eavesdropper Accuracy: 0.8159090909090909 53 1
Communication round: 53, Aggregated Accuracies: 0.7619047619047618 54
Communication round: 53, Eavesdropper Accuracy: 0.8159090909090909 54 1
Communication round: 54, Aggregated Accuracies: 0.7863095238095241 55
Communication round: 54, Eavesdropper Accuracy: 0.8295454545454546 55 1
Communication round: 55, Aggregated Accuracies: 0.8007142857142858 56
Communication round: 55, Eavesdropper Accuracy: 0.8409090909090909 56 1
Communication round: 56, Eavesdropper Accuracy: 0.8522727272727273 57 1
Communication round: 57, Aggregated Accuracies: 0.7976190476190474 58
Communication round: 57, Eavesdropper Accuracy: 0.8613636363636363 58 1
Communication round: 58, Eavesdropper Accuracy: 0.8454545454545455 59 1
Communication round: 59, Eavesdropper Accuracy: 0.8590909090909091 60 1
Communication round: 60, Aggregated Accuracies: 0.8048809523809523 61
Communication round: 60, Eavesdropper Accuracy: 0.8772727272727273 61 1
Communication round: 61, Aggregated Accuracies: 0.8234523809523807 62
Communication round: 61, Eavesdropper Accuracy: 0.8795454545454545 62 1
Communication round: 62, Aggregated Accuracies: 0.8251190476190473 63
Communication round: 62, Eavesdropper Accuracy: 0.8727272727272727 63 1
Communication round: 63, Aggregated Accuracies: 0.82797619047619 64
Communication round: 63, Eavesdropper Accuracy: 0.865909090909091 64 1
Communication round: 64, Aggregated Accuracies: 0.8354761904761907 65
Communication round: 64, Eavesdropper Accuracy: 0.8886363636363637 65 1
Communication round: 65, Aggregated Accuracies: 0.8397619047619048 66
Communication round: 65, Eavesdropper Accuracy: 0.8795454545454545 66 1
Communication round: 66, Aggregated Accuracies: 0.8458333333333334 67
Communication round: 66, Eavesdropper Accuracy: 0.884090909090909 67 1
Communication round: 67, Eavesdropper Accuracy: 0.8931818181818182 67 0
Communication round: 68, Eavesdropper Accuracy: 0.8818181818181818 67 0
Communication round: 69, Eavesdropper Accuracy: 0.8909090909090909 67 0
Communication round: 70, Eavesdropper Accuracy: 0.8909090909090909 67 0
Communication round: 71, Eavesdropper Accuracy: 0.8863636363636364 67 0
Communication round: 72, Eavesdropper Accuracy: 0.8818181818181818 67 0
Communication round: 73, Eavesdropper Accuracy: 0.8772727272727273 67 0
Communication round: 74, Eavesdropper Accuracy: 0.9204545454545454 67 0
Communication round: 75, Eavesdropper Accuracy: 0.8772727272727273 67 0
Communication round: 76, Eavesdropper Accuracy: 0.875 67 0
Communication round: 77, Eavesdropper Accuracy: 0.8931818181818182 67 0
Communication round: 78, Eavesdropper Accuracy: 0.8727272727272727 67 0
Communication round: 79, Eavesdropper Accuracy: 0.8818181818181818 67 0
Communication round: 80, Eavesdropper Accuracy: 0.8727272727272727 67 0
Communication round: 81, Eavesdropper Accuracy: 0.8727272727272727 67 0
Communication round: 82, Eavesdropper Accuracy: 0.9045454545454545 67 0
Communication round: 83, Eavesdropper Accuracy: 0.884090909090909 67 0
Communication round: 84, Eavesdropper Accuracy: 0.8954545454545455 67 0
Communication round: 85, Eavesdropper Accuracy: 0.8954545454545455 67 0
Communication round: 86, Eavesdropper Accuracy: 0.8681818181818182 67 0
Communication round: 87, Eavesdropper Accuracy: 0.8636363636363636 67 0
Communication round: 88, Eavesdropper Accuracy: 0.8909090909090909 67 0
Communication round: 89, Eavesdropper Accuracy: 0.8977272727272727 67 0
Communication round: 90, Eavesdropper Accuracy: 0.8818181818181818 67 0
Communication round: 91, Eavesdropper Accuracy: 0.8772727272727273 67 0
Communication round: 92, Eavesdropper Accuracy: 0.8931818181818182 67 0
Communication round: 93, Eavesdropper Accuracy: 0.884090909090909 67 0
Communication round: 94, Eavesdropper Accuracy: 0.8818181818181818 67 0
Communication round: 95, Eavesdropper Accuracy: 0.8795454545454545 67 0
Communication round: 96, Eavesdropper Accuracy: 0.9181818181818182 67 0
Communication round: 97, Eavesdropper Accuracy: 0.884090909090909 67 0
Communication round: 98, Eavesdropper Accuracy: 0.875 67 0
Communication round: 99, Eavesdropper Accuracy: 0.8795454545454545 67 0
----------------------------------------------------------------------------------------------------
----------------------------------------------------------------------------------------------------
50_30_100_0.4_2_0.2_True_
----------------------------------------------------------------------------------------------------
Communication round: 0, Eavesdropper Accuracy: 0.1409090909090909 1 1
Communication round: 1, Eavesdropper Accuracy: 0.11363636363636363 2 1
Communication round: 2, Eavesdropper Accuracy: 0.12272727272727273 3 1
Communication round: 3, Eavesdropper Accuracy: 0.14545454545454545 4 1
Communication round: 4, Eavesdropper Accuracy: 0.1409090909090909 5 1
Communication round: 5, Eavesdropper Accuracy: 0.12045454545454545 6 1
Communication round: 6, Eavesdropper Accuracy: 0.11363636363636363 7 1
Communication round: 7, Eavesdropper Accuracy: 0.11136363636363636 8 1
Communication round: 8, Eavesdropper Accuracy: 0.1318181818181818 9 1
Communication round: 9, Eavesdropper Accuracy: 0.12272727272727273 10 1
Communication round: 10, Aggregated Accuracies: 0.11511904761904761 11
Communication round: 10, Eavesdropper Accuracy: 0.11818181818181818 11 1
Communication round: 11, Aggregated Accuracies: 0.13809523809523808 12
Communication round: 11, Eavesdropper Accuracy: 0.12954545454545455 12 1
Communication round: 12, Aggregated Accuracies: 0.19559523809523804 13
Communication round: 12, Eavesdropper Accuracy: 0.21363636363636362 13 1
Communication round: 13, Aggregated Accuracies: 0.2422619047619047 14
Communication round: 13, Eavesdropper Accuracy: 0.2636363636363636 14 1
Communication round: 14, Aggregated Accuracies: 0.295 15
Communication round: 14, Eavesdropper Accuracy: 0.32045454545454544 15 1
Communication round: 15, Aggregated Accuracies: 0.35226190476190467 16
Communication round: 15, Eavesdropper Accuracy: 0.3886363636363636 16 1
Communication round: 16, Aggregated Accuracies: 0.40285714285714286 17
Communication round: 16, Eavesdropper Accuracy: 0.4636363636363636 17 1
Communication round: 17, Eavesdropper Accuracy: 0.4909090909090909 18 1
Communication round: 18, Eavesdropper Accuracy: 0.4772727272727273 19 1
Communication round: 19, Aggregated Accuracies: 0.446904761904762 20
Communication round: 19, Eavesdropper Accuracy: 0.5113636363636364 20 1
Communication round: 20, Aggregated Accuracies: 0.48964285714285716 21
Communication round: 20, Eavesdropper Accuracy: 0.5568181818181818 21 1
Communication round: 21, Aggregated Accuracies: 0.5282142857142856 22
Communication round: 21, Eavesdropper Accuracy: 0.5795454545454546 22 1
Communication round: 22, Aggregated Accuracies: 0.559404761904762 23
Communication round: 22, Eavesdropper Accuracy: 0.6318181818181818 23 1
Communication round: 23, Aggregated Accuracies: 0.5845238095238094 24
Communication round: 23, Eavesdropper Accuracy: 0.6386363636363637 24 1
Communication round: 24, Aggregated Accuracies: 0.6133333333333333 25
Communication round: 24, Eavesdropper Accuracy: 0.6318181818181818 25 1
Communication round: 25, Aggregated Accuracies: 0.6346428571428571 26
Communication round: 25, Eavesdropper Accuracy: 0.6954545454545454 26 1
Communication round: 26, Aggregated Accuracies: 0.6626190476190476 27
Communication round: 26, Eavesdropper Accuracy: 0.7045454545454546 27 1
Communication round: 27, Aggregated Accuracies: 0.6763095238095238 28
Communication round: 27, Eavesdropper Accuracy: 0.7363636363636363 28 1
Communication round: 28, Aggregated Accuracies: 0.7005952380952378 29
Communication round: 28, Eavesdropper Accuracy: 0.75 29 1
Communication round: 29, Eavesdropper Accuracy: 0.7522727272727273 30 1
Communication round: 30, Eavesdropper Accuracy: 0.7363636363636363 31 1
Communication round: 31, Eavesdropper Accuracy: 0.759090909090909 32 1
Communication round: 32, Eavesdropper Accuracy: 0.7522727272727273 33 1
Communication round: 33, Eavesdropper Accuracy: 0.7318181818181818 34 1
Communication round: 34, Eavesdropper Accuracy: 0.7477272727272727 35 1
Communication round: 35, Eavesdropper Accuracy: 0.7386363636363636 36 1
Communication round: 36, Eavesdropper Accuracy: 0.7318181818181818 37 1
Communication round: 37, Eavesdropper Accuracy: 0.7272727272727273 38 1
Communication round: 38, Eavesdropper Accuracy: 0.7340909090909091 39 1
Communication round: 39, Eavesdropper Accuracy: 0.7363636363636363 40 1
Communication round: 40, Eavesdropper Accuracy: 0.7636363636363637 41 1
Communication round: 41, Eavesdropper Accuracy: 0.7454545454545455 42 1
Communication round: 42, Eavesdropper Accuracy: 0.7181818181818181 43 1
Communication round: 43, Eavesdropper Accuracy: 0.7340909090909091 44 1
Communication round: 44, Eavesdropper Accuracy: 0.7545454545454545 45 1
Communication round: 45, Aggregated Accuracies: 0.7110714285714285 46
Communication round: 45, Eavesdropper Accuracy: 0.7681818181818182 46 1
Communication round: 46, Eavesdropper Accuracy: 0.7704545454545455 47 1
Communication round: 47, Eavesdropper Accuracy: 0.7522727272727273 48 1
Communication round: 48, Eavesdropper Accuracy: 0.7522727272727273 49 1
Communication round: 49, Eavesdropper Accuracy: 0.7340909090909091 50 1
Communication round: 50, Eavesdropper Accuracy: 0.75 51 1
Communication round: 51, Aggregated Accuracies: 0.7248809523809521 52
Communication round: 51, Eavesdropper Accuracy: 0.7727272727272727 52 1
Communication round: 52, Aggregated Accuracies: 0.7373809523809526 53
Communication round: 52, Eavesdropper Accuracy: 0.7727272727272727 53 1
Communication round: 53, Aggregated Accuracies: 0.7473809523809526 54
Communication round: 53, Eavesdropper Accuracy: 0.7886363636363637 54 1
Communication round: 54, Aggregated Accuracies: 0.7629761904761905 55
Communication round: 54, Eavesdropper Accuracy: 0.7931818181818182 55 1
Communication round: 55, Aggregated Accuracies: 0.7758333333333338 56
Communication round: 55, Eavesdropper Accuracy: 0.7954545454545454 56 1
Communication round: 56, Aggregated Accuracies: 0.7822619047619048 57
Communication round: 56, Eavesdropper Accuracy: 0.8113636363636364 57 1
Communication round: 57, Aggregated Accuracies: 0.7890476190476191 58
Communication round: 57, Eavesdropper Accuracy: 0.759090909090909 58 1
Communication round: 58, Eavesdropper Accuracy: 0.7931818181818182 59 1
Communication round: 59, Aggregated Accuracies: 0.7959523809523809 60
Communication round: 59, Eavesdropper Accuracy: 0.8181818181818182 60 1
Communication round: 60, Aggregated Accuracies: 0.8022619047619048 61
Communication round: 60, Eavesdropper Accuracy: 0.8227272727272728 61 1
Communication round: 61, Aggregated Accuracies: 0.8101190476190474 62
Communication round: 61, Eavesdropper Accuracy: 0.8068181818181818 62 1
Communication round: 62, Aggregated Accuracies: 0.8110714285714284 63
Communication round: 62, Eavesdropper Accuracy: 0.8090909090909091 63 1
Communication round: 63, Aggregated Accuracies: 0.8226190476190474 64
Communication round: 63, Eavesdropper Accuracy: 0.825 64 1
Communication round: 64, Eavesdropper Accuracy: 0.8204545454545454 64 0
Communication round: 65, Eavesdropper Accuracy: 0.8477272727272728 64 0
Communication round: 66, Eavesdropper Accuracy: 0.8272727272727273 64 0
Communication round: 67, Eavesdropper Accuracy: 0.8159090909090909 64 0
Communication round: 68, Eavesdropper Accuracy: 0.8204545454545454 64 0
Communication round: 69, Eavesdropper Accuracy: 0.8272727272727273 64 0
Communication round: 70, Eavesdropper Accuracy: 0.8090909090909091 64 0
Communication round: 71, Eavesdropper Accuracy: 0.8159090909090909 64 0
Communication round: 72, Eavesdropper Accuracy: 0.8340909090909091 64 0
Communication round: 73, Eavesdropper Accuracy: 0.8159090909090909 64 0
Communication round: 74, Eavesdropper Accuracy: 0.8363636363636363 64 0
Communication round: 75, Eavesdropper Accuracy: 0.8227272727272728 64 0
Communication round: 76, Eavesdropper Accuracy: 0.7977272727272727 64 0
Communication round: 77, Eavesdropper Accuracy: 0.8068181818181818 64 0
Communication round: 78, Eavesdropper Accuracy: 0.8 64 0
Communication round: 79, Eavesdropper Accuracy: 0.8295454545454546 64 0
Communication round: 80, Eavesdropper Accuracy: 0.7886363636363637 64 0
Communication round: 81, Eavesdropper Accuracy: 0.8272727272727273 64 0
Communication round: 82, Eavesdropper Accuracy: 0.8090909090909091 64 0
Communication round: 83, Eavesdropper Accuracy: 0.8181818181818182 64 0
Communication round: 84, Eavesdropper Accuracy: 0.8340909090909091 64 0
Communication round: 85, Eavesdropper Accuracy: 0.8409090909090909 64 0
Communication round: 86, Eavesdropper Accuracy: 0.8227272727272728 64 0
Communication round: 87, Eavesdropper Accuracy: 0.8204545454545454 64 0
Communication round: 88, Eavesdropper Accuracy: 0.8090909090909091 64 0
Communication round: 89, Eavesdropper Accuracy: 0.825 64 0
Communication round: 90, Eavesdropper Accuracy: 0.7977272727272727 64 0
Communication round: 91, Eavesdropper Accuracy: 0.8068181818181818 64 0
Communication round: 92, Eavesdropper Accuracy: 0.7931818181818182 64 0
Communication round: 93, Eavesdropper Accuracy: 0.8181818181818182 64 0
Communication round: 94, Eavesdropper Accuracy: 0.7977272727272727 64 0
Communication round: 95, Eavesdropper Accuracy: 0.8090909090909091 64 0
Communication round: 96, Eavesdropper Accuracy: 0.8295454545454546 64 0
Communication round: 97, Eavesdropper Accuracy: 0.8136363636363636 64 0
Communication round: 98, Eavesdropper Accuracy: 0.8045454545454546 64 0
Communication round: 99, Eavesdropper Accuracy: 0.8318181818181818 64 0
----------------------------------------------------------------------------------------------------
----------------------------------------------------------------------------------------------------
50_30_100_0.4_2_0.2_True_
----------------------------------------------------------------------------------------------------
Communication round: 0, Eavesdropper Accuracy: 0.09090909090909091 1 1
Communication round: 1, Eavesdropper Accuracy: 0.09545454545454546 2 1
Communication round: 2, Eavesdropper Accuracy: 0.1 3 1
Communication round: 3, Eavesdropper Accuracy: 0.1 4 1
Communication round: 4, Eavesdropper Accuracy: 0.09090909090909091 5 1
Communication round: 5, Eavesdropper Accuracy: 0.09090909090909091 6 1
Communication round: 6, Aggregated Accuracies: 0.10154761904761907 7
Communication round: 6, Eavesdropper Accuracy: 0.07954545454545454 7 1
Communication round: 7, Aggregated Accuracies: 0.12035714285714284 8
Communication round: 7, Eavesdropper Accuracy: 0.10681818181818181 8 1
Communication round: 8, Eavesdropper Accuracy: 0.10909090909090909 9 1
Communication round: 9, Eavesdropper Accuracy: 0.11136363636363636 10 1
Communication round: 10, Eavesdropper Accuracy: 0.1 11 1
Communication round: 11, Eavesdropper Accuracy: 0.1 12 1
Communication round: 12, Aggregated Accuracies: 0.17607142857142855 13
Communication round: 12, Eavesdropper Accuracy: 0.125 13 1
Communication round: 13, Aggregated Accuracies: 0.21071428571428577 14
Communication round: 13, Eavesdropper Accuracy: 0.19545454545454546 14 1
Communication round: 14, Aggregated Accuracies: 0.27785714285714286 15
Communication round: 14, Eavesdropper Accuracy: 0.27954545454545454 15 1
Communication round: 15, Eavesdropper Accuracy: 0.30227272727272725 16 1
Communication round: 16, Eavesdropper Accuracy: 0.2863636363636364 17 1
Communication round: 17, Aggregated Accuracies: 0.3399999999999999 18
Communication round: 17, Eavesdropper Accuracy: 0.36363636363636365 18 1
Communication round: 18, Eavesdropper Accuracy: 0.3659090909090909 19 1
Communication round: 19, Eavesdropper Accuracy: 0.3477272727272727 20 1
Communication round: 20, Eavesdropper Accuracy: 0.33181818181818185 21 1
Communication round: 21, Eavesdropper Accuracy: 0.3431818181818182 22 1
Communication round: 22, Eavesdropper Accuracy: 0.3431818181818182 23 1
Communication round: 23, Eavesdropper Accuracy: 0.3568181818181818 24 1
Communication round: 24, Eavesdropper Accuracy: 0.3931818181818182 25 1
Communication round: 25, Aggregated Accuracies: 0.39416666666666667 26
Communication round: 25, Eavesdropper Accuracy: 0.4159090909090909 26 1
Communication round: 26, Aggregated Accuracies: 0.4434523809523811 27
Communication round: 26, Eavesdropper Accuracy: 0.4863636363636364 27 1
Communication round: 27, Aggregated Accuracies: 0.4879761904761907 28
Communication round: 27, Eavesdropper Accuracy: 0.5318181818181819 28 1
Communication round: 28, Aggregated Accuracies: 0.5261904761904764 29
Communication round: 28, Eavesdropper Accuracy: 0.5590909090909091 29 1
Communication round: 29, Aggregated Accuracies: 0.5564285714285715 30
Communication round: 29, Eavesdropper Accuracy: 0.5977272727272728 30 1
Communication round: 30, Aggregated Accuracies: 0.5986904761904763 31
Communication round: 30, Eavesdropper Accuracy: 0.6272727272727273 31 1
Communication round: 31, Aggregated Accuracies: 0.6307142857142858 32
Communication round: 31, Eavesdropper Accuracy: 0.6704545454545454 32 1
Communication round: 32, Aggregated Accuracies: 0.6564285714285716 33
Communication round: 32, Eavesdropper Accuracy: 0.6818181818181818 33 1
Communication round: 33, Aggregated Accuracies: 0.6865476190476189 34
Communication round: 33, Eavesdropper Accuracy: 0.7045454545454546 34 1
Communication round: 34, Aggregated Accuracies: 0.7109523809523806 35
Communication round: 34, Eavesdropper Accuracy: 0.7159090909090909 35 1
Communication round: 35, Aggregated Accuracies: 0.7383333333333334 36
Communication round: 35, Eavesdropper Accuracy: 0.7340909090909091 36 1
Communication round: 36, Aggregated Accuracies: 0.7540476190476191 37
Communication round: 36, Eavesdropper Accuracy: 0.7772727272727272 37 1
Communication round: 37, Aggregated Accuracies: 0.7627380952380957 38
Communication round: 37, Eavesdropper Accuracy: 0.7704545454545455 38 1
Communication round: 38, Aggregated Accuracies: 0.7865476190476189 39
Communication round: 38, Eavesdropper Accuracy: 0.7681818181818182 39 1
Communication round: 39, Aggregated Accuracies: 0.7909523809523813 40
Communication round: 39, Eavesdropper Accuracy: 0.7931818181818182 40 1
Communication round: 40, Aggregated Accuracies: 0.7983333333333336 41
Communication round: 40, Eavesdropper Accuracy: 0.7886363636363637 41 1
Communication round: 41, Aggregated Accuracies: 0.8097619047619048 42
Communication round: 41, Eavesdropper Accuracy: 0.8431818181818181 42 1
Communication round: 42, Aggregated Accuracies: 0.8177380952380952 43
Communication round: 42, Eavesdropper Accuracy: 0.8318181818181818 43 1
Communication round: 43, Aggregated Accuracies: 0.826190476190476 44
Communication round: 43, Eavesdropper Accuracy: 0.8477272727272728 44 1
Communication round: 44, Aggregated Accuracies: 0.8323809523809522 45
Communication round: 44, Eavesdropper Accuracy: 0.8227272727272728 45 1
Communication round: 45, Aggregated Accuracies: 0.8383333333333333 46
Communication round: 45, Eavesdropper Accuracy: 0.8204545454545454 46 1
Communication round: 46, Aggregated Accuracies: 0.8439285714285714 47
Communication round: 46, Eavesdropper Accuracy: 0.8204545454545454 47 1
Communication round: 47, Aggregated Accuracies: 0.8494047619047622 48
Communication round: 47, Eavesdropper Accuracy: 0.8295454545454546 48 1
Communication round: 48, Aggregated Accuracies: 0.8492857142857142 49
Communication round: 48, Eavesdropper Accuracy: 0.8386363636363636 49 1
Communication round: 49, Eavesdropper Accuracy: 0.8227272727272728 49 0
Communication round: 50, Eavesdropper Accuracy: 0.825 49 0
Communication round: 51, Eavesdropper Accuracy: 0.8136363636363636 49 0
Communication round: 52, Eavesdropper Accuracy: 0.8386363636363636 49 0
Communication round: 53, Eavesdropper Accuracy: 0.8431818181818181 49 0
Communication round: 54, Eavesdropper Accuracy: 0.8568181818181818 49 0
Communication round: 55, Eavesdropper Accuracy: 0.825 49 0
Communication round: 56, Eavesdropper Accuracy: 0.8386363636363636 49 0
Communication round: 57, Eavesdropper Accuracy: 0.8272727272727273 49 0
Communication round: 58, Eavesdropper Accuracy: 0.8340909090909091 49 0
Communication round: 59, Eavesdropper Accuracy: 0.8409090909090909 49 0
Communication round: 60, Eavesdropper Accuracy: 0.8340909090909091 49 0
Communication round: 61, Eavesdropper Accuracy: 0.8454545454545455 49 0
Communication round: 62, Eavesdropper Accuracy: 0.8386363636363636 49 0
Communication round: 63, Eavesdropper Accuracy: 0.8454545454545455 49 0
Communication round: 64, Eavesdropper Accuracy: 0.8454545454545455 49 0
Communication round: 65, Eavesdropper Accuracy: 0.8454545454545455 49 0
Communication round: 66, Eavesdropper Accuracy: 0.8431818181818181 49 0
Communication round: 67, Eavesdropper Accuracy: 0.8068181818181818 49 0
Communication round: 68, Eavesdropper Accuracy: 0.825 49 0
Communication round: 69, Eavesdropper Accuracy: 0.8431818181818181 49 0
Communication round: 70, Eavesdropper Accuracy: 0.8340909090909091 49 0
Communication round: 71, Eavesdropper Accuracy: 0.8272727272727273 49 0
Communication round: 72, Eavesdropper Accuracy: 0.8363636363636363 49 0
Communication round: 73, Eavesdropper Accuracy: 0.8590909090909091 49 0
Communication round: 74, Eavesdropper Accuracy: 0.8318181818181818 49 0
Communication round: 75, Eavesdropper Accuracy: 0.8454545454545455 49 0
Communication round: 76, Eavesdropper Accuracy: 0.8545454545454545 49 0
Communication round: 77, Eavesdropper Accuracy: 0.8227272727272728 49 0
Communication round: 78, Eavesdropper Accuracy: 0.8454545454545455 49 0
Communication round: 79, Eavesdropper Accuracy: 0.8477272727272728 49 0
Communication round: 80, Eavesdropper Accuracy: 0.884090909090909 49 0
Communication round: 81, Eavesdropper Accuracy: 0.8409090909090909 49 0
Communication round: 82, Eavesdropper Accuracy: 0.865909090909091 49 0
Communication round: 83, Eavesdropper Accuracy: 0.8477272727272728 49 0
Communication round: 84, Eavesdropper Accuracy: 0.8522727272727273 49 0
Communication round: 85, Eavesdropper Accuracy: 0.825 49 0
Communication round: 86, Eavesdropper Accuracy: 0.8295454545454546 49 0
Communication round: 87, Eavesdropper Accuracy: 0.8545454545454545 49 0
Communication round: 88, Eavesdropper Accuracy: 0.825 49 0
Communication round: 89, Eavesdropper Accuracy: 0.8409090909090909 49 0
Communication round: 90, Eavesdropper Accuracy: 0.8363636363636363 49 0
Communication round: 91, Eavesdropper Accuracy: 0.8386363636363636 49 0
Communication round: 92, Eavesdropper Accuracy: 0.8727272727272727 49 0
Communication round: 93, Eavesdropper Accuracy: 0.8431818181818181 49 0
Communication round: 94, Eavesdropper Accuracy: 0.8590909090909091 49 0
Communication round: 95, Eavesdropper Accuracy: 0.8386363636363636 49 0
Communication round: 96, Eavesdropper Accuracy: 0.8295454545454546 49 0
Communication round: 97, Smart Eavesdropper Accuracy: 0.865909090909091 49 0
Communication round: 98, Smart Eavesdropper Accuracy: 0.8681818181818182 49 0
Communication round: 99, Smart Eavesdropper Accuracy: 0.8772727272727273 49 0
----------------------------------------------------------------------------------------------------
----------------------------------------------------------------------------------------------------
50_30_100_0.4_2_0.2_True_
----------------------------------------------------------------------------------------------------
Communication round: 0, Eavesdropper Accuracy: 0.08636363636363636 1 1
Communication round: 1, Eavesdropper Accuracy: 0.08409090909090909 2 1
Communication round: 2, Eavesdropper Accuracy: 0.08409090909090909 3 1
Communication round: 3, Eavesdropper Accuracy: 0.08863636363636364 4 1
Communication round: 4, Eavesdropper Accuracy: 0.07954545454545454 5 1
Communication round: 5, Aggregated Accuracies: 0.12761904761904763 6
Communication round: 5, Eavesdropper Accuracy: 0.11818181818181818 6 1
Communication round: 6, Aggregated Accuracies: 0.15250000000000002 7
Communication round: 6, Eavesdropper Accuracy: 0.11136363636363636 7 1
Communication round: 7, Aggregated Accuracies: 0.19702380952380946 8
Communication round: 7, Eavesdropper Accuracy: 0.17954545454545454 8 1
Communication round: 8, Aggregated Accuracies: 0.21952380952380954 9
Communication round: 8, Eavesdropper Accuracy: 0.20681818181818182 9 1
Communication round: 9, Aggregated Accuracies: 0.29214285714285715 10
Communication round: 9, Eavesdropper Accuracy: 0.3159090909090909 10 1
Communication round: 10, Aggregated Accuracies: 0.3260714285714286 11
Communication round: 10, Eavesdropper Accuracy: 0.36818181818181817 11 1
Communication round: 11, Aggregated Accuracies: 0.3813095238095239 12
Communication round: 11, Eavesdropper Accuracy: 0.41363636363636364 12 1
Communication round: 12, Aggregated Accuracies: 0.4189285714285714 13
Communication round: 12, Eavesdropper Accuracy: 0.45454545454545453 13 1
Communication round: 13, Aggregated Accuracies: 0.47642857142857153 14
Communication round: 13, Eavesdropper Accuracy: 0.4954545454545455 14 1
Communication round: 14, Aggregated Accuracies: 0.5335714285714286 15
Communication round: 14, Eavesdropper Accuracy: 0.5772727272727273 15 1
Communication round: 15, Aggregated Accuracies: 0.5674999999999997 16
Communication round: 15, Eavesdropper Accuracy: 0.6386363636363637 16 1
Communication round: 16, Aggregated Accuracies: 0.6052380952380954 17
Communication round: 16, Eavesdropper Accuracy: 0.6477272727272727 17 1
Communication round: 17, Aggregated Accuracies: 0.6371428571428572 18
Communication round: 17, Eavesdropper Accuracy: 0.6954545454545454 18 1
Communication round: 18, Aggregated Accuracies: 0.6690476190476191 19
Communication round: 18, Eavesdropper Accuracy: 0.7204545454545455 19 1
Communication round: 19, Aggregated Accuracies: 0.7050000000000002 20
Communication round: 19, Eavesdropper Accuracy: 0.7840909090909091 20 1
Communication round: 20, Aggregated Accuracies: 0.7249999999999998 21
Communication round: 20, Eavesdropper Accuracy: 0.7727272727272727 21 1
Communication round: 21, Aggregated Accuracies: 0.7334523809523807 22
Communication round: 21, Eavesdropper Accuracy: 0.7681818181818182 22 1
Communication round: 22, Aggregated Accuracies: 0.7554761904761907 23
Communication round: 22, Eavesdropper Accuracy: 0.7795454545454545 23 1
Communication round: 23, Aggregated Accuracies: 0.7663095238095241 24
Communication round: 23, Eavesdropper Accuracy: 0.7772727272727272 24 1
Communication round: 24, Aggregated Accuracies: 0.784404761904762 25
Communication round: 24, Eavesdropper Accuracy: 0.8409090909090909 25 1
Communication round: 25, Aggregated Accuracies: 0.8010714285714284 26
Communication round: 25, Eavesdropper Accuracy: 0.8272727272727273 26 1
Communication round: 26, Aggregated Accuracies: 0.8042857142857143 27
Communication round: 26, Eavesdropper Accuracy: 0.8204545454545454 27 1
Communication round: 27, Aggregated Accuracies: 0.8196428571428569 28
Communication round: 27, Eavesdropper Accuracy: 0.8363636363636363 28 1
Communication round: 28, Aggregated Accuracies: 0.8228571428571432 29
Communication round: 28, Eavesdropper Accuracy: 0.8295454545454546 29 1
Communication round: 29, Aggregated Accuracies: 0.8301190476190476 30
Communication round: 29, Eavesdropper Accuracy: 0.8545454545454545 30 1
Communication round: 30, Aggregated Accuracies: 0.843333333333333 31
Communication round: 30, Eavesdropper Accuracy: 0.8545454545454545 31 1
Communication round: 31, Eavesdropper Accuracy: 0.8636363636363636 32 1
Communication round: 32, Eavesdropper Accuracy: 0.8363636363636363 33 1
Communication round: 33, Eavesdropper Accuracy: 0.865909090909091 34 1
Communication round: 34, Eavesdropper Accuracy: 0.8454545454545455 35 1
Communication round: 35, Aggregated Accuracies: 0.8503571428571429 36
Communication round: 35, Eavesdropper Accuracy: 0.8477272727272728 36 1
Communication round: 36, Aggregated Accuracies: 0.8485714285714284 37
Communication round: 36, Eavesdropper Accuracy: 0.8522727272727273 37 1
Communication round: 37, Aggregated Accuracies: 0.8535714285714284 38
Communication round: 37, Eavesdropper Accuracy: 0.875 38 1
Communication round: 38, Eavesdropper Accuracy: 0.8568181818181818 39 1
Communication round: 39, Aggregated Accuracies: 0.858452380952381 40
Communication round: 39, Eavesdropper Accuracy: 0.865909090909091 40 1
Communication round: 40, Eavesdropper Accuracy: 0.8477272727272728 40 0
Communication round: 41, Eavesdropper Accuracy: 0.8863636363636364 40 0
Communication round: 42, Eavesdropper Accuracy: 0.85 40 0
Communication round: 43, Eavesdropper Accuracy: 0.8795454545454545 40 0
Communication round: 44, Eavesdropper Accuracy: 0.8863636363636364 40 0
Communication round: 45, Eavesdropper Accuracy: 0.8863636363636364 40 0
Communication round: 46, Eavesdropper Accuracy: 0.8727272727272727 40 0
Communication round: 47, Eavesdropper Accuracy: 0.8795454545454545 40 0
Communication round: 48, Eavesdropper Accuracy: 0.8545454545454545 40 0
Communication round: 49, Eavesdropper Accuracy: 0.8590909090909091 40 0
Communication round: 50, Eavesdropper Accuracy: 0.8340909090909091 40 0
Communication round: 51, Eavesdropper Accuracy: 0.8454545454545455 40 0
Communication round: 52, Eavesdropper Accuracy: 0.8681818181818182 40 0
Communication round: 53, Eavesdropper Accuracy: 0.8704545454545455 40 0
Communication round: 54, Eavesdropper Accuracy: 0.8545454545454545 40 0
Communication round: 55, Eavesdropper Accuracy: 0.865909090909091 40 0
Communication round: 56, Eavesdropper Accuracy: 0.8477272727272728 40 0
Communication round: 57, Eavesdropper Accuracy: 0.8590909090909091 40 0
Communication round: 58, Eavesdropper Accuracy: 0.875 40 0
Communication round: 59, Eavesdropper Accuracy: 0.8704545454545455 40 0
Communication round: 60, Eavesdropper Accuracy: 0.8522727272727273 40 0
Communication round: 61, Eavesdropper Accuracy: 0.8681818181818182 40 0
Communication round: 62, Eavesdropper Accuracy: 0.8727272727272727 40 0
Communication round: 63, Eavesdropper Accuracy: 0.8772727272727273 40 0
Communication round: 64, Eavesdropper Accuracy: 0.875 40 0
Communication round: 65, Eavesdropper Accuracy: 0.8613636363636363 40 0
Communication round: 66, Eavesdropper Accuracy: 0.8818181818181818 40 0
Communication round: 67, Eavesdropper Accuracy: 0.884090909090909 40 0
Communication round: 68, Eavesdropper Accuracy: 0.8545454545454545 40 0
Communication round: 69, Eavesdropper Accuracy: 0.8704545454545455 40 0
Communication round: 70, Eavesdropper Accuracy: 0.8568181818181818 40 0
Communication round: 71, Eavesdropper Accuracy: 0.8545454545454545 40 0
Communication round: 72, Eavesdropper Accuracy: 0.8568181818181818 40 0
Communication round: 73, Eavesdropper Accuracy: 0.8613636363636363 40 0
Communication round: 74, Eavesdropper Accuracy: 0.8681818181818182 40 0
Communication round: 75, Eavesdropper Accuracy: 0.8545454545454545 40 0
Communication round: 76, Eavesdropper Accuracy: 0.8568181818181818 40 0
Communication round: 77, Eavesdropper Accuracy: 0.8409090909090909 40 0
Communication round: 78, Eavesdropper Accuracy: 0.8795454545454545 40 0
Communication round: 79, Smart Eavesdropper Accuracy: 0.8295454545454546 40 0
Communication round: 80, Smart Eavesdropper Accuracy: 0.8795454545454545 40 0
Communication round: 81, Smart Eavesdropper Accuracy: 0.9136363636363637 40 0
Communication round: 82, Smart Eavesdropper Accuracy: 0.8727272727272727 40 0
Communication round: 83, Smart Eavesdropper Accuracy: 0.8886363636363637 40 0
Communication round: 84, Smart Eavesdropper Accuracy: 0.9090909090909091 40 0
Communication round: 85, Smart Eavesdropper Accuracy: 0.9 40 0
Communication round: 86, Smart Eavesdropper Accuracy: 0.8977272727272727 40 0
Communication round: 87, Smart Eavesdropper Accuracy: 0.9272727272727272 40 0
Communication round: 88, Smart Eavesdropper Accuracy: 0.9181818181818182 40 0
Communication round: 89, Smart Eavesdropper Accuracy: 0.9068181818181819 40 0
Communication round: 90, Smart Eavesdropper Accuracy: 0.9386363636363636 40 0
Communication round: 91, Smart Eavesdropper Accuracy: 0.925 40 0
Communication round: 92, Smart Eavesdropper Accuracy: 0.9227272727272727 40 0
Communication round: 93, Smart Eavesdropper Accuracy: 0.925 40 0
Communication round: 94, Smart Eavesdropper Accuracy: 0.9318181818181818 40 0
Communication round: 95, Smart Eavesdropper Accuracy: 0.9431818181818182 40 0
Communication round: 96, Smart Eavesdropper Accuracy: 0.9295454545454546 40 0
Communication round: 97, Smart Eavesdropper Accuracy: 0.9318181818181818 40 0
Communication round: 98, Smart Eavesdropper Accuracy: 0.9227272727272727 40 0
Communication round: 99, Smart Eavesdropper Accuracy: 0.9272727272727272 40 0
----------------------------------------------------------------------------------------------------
----------------------------------------------------------------------------------------------------
50_30_100_0.4_2_0.2_True_
----------------------------------------------------------------------------------------------------
Communication round: 0, Eavesdropper Accuracy: 0.029545454545454545 1 1
Communication round: 1, Eavesdropper Accuracy: 0.038636363636363635 2 1
Communication round: 2, Eavesdropper Accuracy: 0.045454545454545456 3 1
Communication round: 3, Eavesdropper Accuracy: 0.04090909090909091 4 1
Communication round: 4, Eavesdropper Accuracy: 0.038636363636363635 5 1
Communication round: 5, Eavesdropper Accuracy: 0.038636363636363635 6 1
Communication round: 6, Eavesdropper Accuracy: 0.038636363636363635 7 1
Communication round: 7, Eavesdropper Accuracy: 0.045454545454545456 8 1
Communication round: 8, Eavesdropper Accuracy: 0.03636363636363636 9 1
Communication round: 9, Eavesdropper Accuracy: 0.04318181818181818 10 1
Communication round: 10, Eavesdropper Accuracy: 0.04318181818181818 11 1
Communication round: 11, Eavesdropper Accuracy: 0.05227272727272727 12 1
Communication round: 12, Eavesdropper Accuracy: 0.04090909090909091 13 1
Communication round: 13, Aggregated Accuracies: 0.08083333333333334 14
Communication round: 13, Eavesdropper Accuracy: 0.056818181818181816 14 1
Communication round: 14, Aggregated Accuracies: 0.11583333333333332 15
Communication round: 14, Eavesdropper Accuracy: 0.11136363636363636 15 1
Communication round: 15, Aggregated Accuracies: 0.16988095238095233 16
Communication round: 15, Eavesdropper Accuracy: 0.1318181818181818 16 1
Communication round: 16, Aggregated Accuracies: 0.21345238095238106 17
Communication round: 16, Eavesdropper Accuracy: 0.2 17 1
Communication round: 17, Aggregated Accuracies: 0.26714285714285707 18
Communication round: 17, Eavesdropper Accuracy: 0.2545454545454545 18 1
Communication round: 18, Aggregated Accuracies: 0.34119047619047616 19
Communication round: 18, Eavesdropper Accuracy: 0.32045454545454544 19 1
Communication round: 19, Aggregated Accuracies: 0.4136904761904761 20
Communication round: 19, Eavesdropper Accuracy: 0.3886363636363636 20 1
Communication round: 20, Aggregated Accuracies: 0.4607142857142857 21
Communication round: 20, Eavesdropper Accuracy: 0.45227272727272727 21 1
Communication round: 21, Aggregated Accuracies: 0.5146428571428572 22
Communication round: 21, Eavesdropper Accuracy: 0.5477272727272727 22 1
Communication round: 22, Aggregated Accuracies: 0.5529761904761904 23
Communication round: 22, Eavesdropper Accuracy: 0.5772727272727273 23 1
Communication round: 23, Aggregated Accuracies: 0.5871428571428571 24
Communication round: 23, Eavesdropper Accuracy: 0.6022727272727273 24 1
Communication round: 24, Aggregated Accuracies: 0.6242857142857143 25
Communication round: 24, Eavesdropper Accuracy: 0.6386363636363637 25 1
Communication round: 25, Aggregated Accuracies: 0.6566666666666667 26
Communication round: 25, Eavesdropper Accuracy: 0.675 26 1
Communication round: 26, Aggregated Accuracies: 0.6769047619047619 27
Communication round: 26, Eavesdropper Accuracy: 0.6727272727272727 27 1
Communication round: 27, Aggregated Accuracies: 0.6945238095238097 28
Communication round: 27, Eavesdropper Accuracy: 0.7227272727272728 28 1
Communication round: 28, Aggregated Accuracies: 0.7188095238095238 29
Communication round: 28, Eavesdropper Accuracy: 0.7045454545454546 29 1
Communication round: 29, Aggregated Accuracies: 0.720357142857143 30
Communication round: 29, Eavesdropper Accuracy: 0.7340909090909091 30 1
Communication round: 30, Aggregated Accuracies: 0.7435714285714283 31
Communication round: 30, Eavesdropper Accuracy: 0.759090909090909 31 1
Communication round: 31, Aggregated Accuracies: 0.7563095238095242 32
Communication round: 31, Eavesdropper Accuracy: 0.7681818181818182 32 1
Communication round: 32, Aggregated Accuracies: 0.7689285714285713 33
Communication round: 32, Eavesdropper Accuracy: 0.7818181818181819 33 1
Communication round: 33, Aggregated Accuracies: 0.7808333333333334 34
Communication round: 33, Eavesdropper Accuracy: 0.7863636363636364 34 1
Communication round: 34, Eavesdropper Accuracy: 0.7795454545454545 35 1
Communication round: 35, Aggregated Accuracies: 0.7904761904761907 36
Communication round: 35, Eavesdropper Accuracy: 0.8159090909090909 36 1
Communication round: 36, Aggregated Accuracies: 0.7976190476190481 37
Communication round: 36, Eavesdropper Accuracy: 0.8136363636363636 37 1
Communication round: 37, Aggregated Accuracies: 0.811547619047619 38
Communication round: 37, Eavesdropper Accuracy: 0.8113636363636364 38 1
Communication round: 38, Aggregated Accuracies: 0.8147619047619051 39
Communication round: 38, Eavesdropper Accuracy: 0.8227272727272728 39 1
Communication round: 39, Eavesdropper Accuracy: 0.8386363636363636 40 1
Communication round: 40, Eavesdropper Accuracy: 0.8181818181818182 41 1
Communication round: 41, Eavesdropper Accuracy: 0.825 42 1
Communication round: 42, Eavesdropper Accuracy: 0.8295454545454546 43 1
Communication round: 43, Eavesdropper Accuracy: 0.8272727272727273 44 1
Communication round: 44, Eavesdropper Accuracy: 0.8272727272727273 45 1
Communication round: 45, Aggregated Accuracies: 0.822261904761905 46
Communication round: 45, Eavesdropper Accuracy: 0.8295454545454546 46 1
Communication round: 46, Aggregated Accuracies: 0.8277380952380955 47
Communication round: 46, Eavesdropper Accuracy: 0.8477272727272728 47 1
Communication round: 47, Aggregated Accuracies: 0.8284523809523806 48
Communication round: 47, Eavesdropper Accuracy: 0.8386363636363636 48 1
Communication round: 48, Aggregated Accuracies: 0.8425000000000002 49
Communication round: 48, Eavesdropper Accuracy: 0.8409090909090909 49 1
Communication round: 49, Eavesdropper Accuracy: 0.8727272727272727 50 1
Communication round: 50, Aggregated Accuracies: 0.8445238095238092 51
Communication round: 50, Eavesdropper Accuracy: 0.825 51 1
Communication round: 51, Eavesdropper Accuracy: 0.8409090909090909 51 0
Communication round: 52, Eavesdropper Accuracy: 0.865909090909091 51 0
Communication round: 53, Eavesdropper Accuracy: 0.8409090909090909 51 0
Communication round: 54, Eavesdropper Accuracy: 0.8636363636363636 51 0
Communication round: 55, Eavesdropper Accuracy: 0.8522727272727273 51 0
Communication round: 56, Eavesdropper Accuracy: 0.8477272727272728 51 0
Communication round: 57, Eavesdropper Accuracy: 0.865909090909091 51 0
Communication round: 58, Eavesdropper Accuracy: 0.8386363636363636 51 0
Communication round: 59, Eavesdropper Accuracy: 0.8613636363636363 51 0
Communication round: 60, Eavesdropper Accuracy: 0.8409090909090909 51 0
Communication round: 61, Eavesdropper Accuracy: 0.8454545454545455 51 0
Communication round: 62, Eavesdropper Accuracy: 0.8522727272727273 51 0
Communication round: 63, Eavesdropper Accuracy: 0.865909090909091 51 0
Communication round: 64, Eavesdropper Accuracy: 0.8386363636363636 51 0
Communication round: 65, Eavesdropper Accuracy: 0.865909090909091 51 0
Communication round: 66, Eavesdropper Accuracy: 0.8318181818181818 51 0
Communication round: 67, Eavesdropper Accuracy: 0.8545454545454545 51 0
Communication round: 68, Eavesdropper Accuracy: 0.85 51 0
Communication round: 69, Eavesdropper Accuracy: 0.8454545454545455 51 0
Communication round: 70, Eavesdropper Accuracy: 0.85 51 0
Communication round: 71, Eavesdropper Accuracy: 0.8363636363636363 51 0
Communication round: 72, Eavesdropper Accuracy: 0.8477272727272728 51 0
Communication round: 73, Eavesdropper Accuracy: 0.865909090909091 51 0
Communication round: 74, Eavesdropper Accuracy: 0.8409090909090909 51 0
Communication round: 75, Eavesdropper Accuracy: 0.8477272727272728 51 0
Communication round: 76, Eavesdropper Accuracy: 0.8590909090909091 51 0
Communication round: 77, Eavesdropper Accuracy: 0.865909090909091 51 0
Communication round: 78, Eavesdropper Accuracy: 0.8568181818181818 51 0
Communication round: 79, Eavesdropper Accuracy: 0.85 51 0
Communication round: 80, Eavesdropper Accuracy: 0.8386363636363636 51 0
Communication round: 81, Eavesdropper Accuracy: 0.8477272727272728 51 0
Communication round: 82, Eavesdropper Accuracy: 0.8477272727272728 51 0
Communication round: 83, Eavesdropper Accuracy: 0.8409090909090909 51 0
Communication round: 84, Eavesdropper Accuracy: 0.8704545454545455 51 0
Communication round: 85, Eavesdropper Accuracy: 0.8636363636363636 51 0
Communication round: 86, Eavesdropper Accuracy: 0.8522727272727273 51 0
Communication round: 87, Eavesdropper Accuracy: 0.8522727272727273 51 0
Communication round: 88, Eavesdropper Accuracy: 0.8613636363636363 51 0
Communication round: 89, Eavesdropper Accuracy: 0.865909090909091 51 0
Communication round: 90, Eavesdropper Accuracy: 0.8386363636363636 51 0
Communication round: 91, Eavesdropper Accuracy: 0.8545454545454545 51 0
Communication round: 92, Eavesdropper Accuracy: 0.8545454545454545 51 0
Communication round: 93, Eavesdropper Accuracy: 0.8568181818181818 51 0
Communication round: 94, Eavesdropper Accuracy: 0.8477272727272728 51 0
Communication round: 95, Eavesdropper Accuracy: 0.8545454545454545 51 0
Communication round: 96, Eavesdropper Accuracy: 0.8318181818181818 51 0
Communication round: 97, Eavesdropper Accuracy: 0.8681818181818182 51 0
Communication round: 98, Eavesdropper Accuracy: 0.8454545454545455 51 0
Communication round: 99, Eavesdropper Accuracy: 0.8431818181818181 51 0
----------------------------------------------------------------------------------------------------
----------------------------------------------------------------------------------------------------
50_30_100_0.4_2_0.2_True_
----------------------------------------------------------------------------------------------------
Communication round: 0, Eavesdropper Accuracy: 0.09545454545454546 1 1
Communication round: 1, Eavesdropper Accuracy: 0.11363636363636363 2 1
Communication round: 2, Aggregated Accuracies: 0.11654761904761907 3
Communication round: 2, Eavesdropper Accuracy: 0.125 3 1
Communication round: 3, Eavesdropper Accuracy: 0.1159090909090909 4 1
Communication round: 4, Eavesdropper Accuracy: 0.12045454545454545 5 1
Communication round: 5, Aggregated Accuracies: 0.12571428571428572 6
Communication round: 5, Eavesdropper Accuracy: 0.12954545454545455 6 1
Communication round: 6, Eavesdropper Accuracy: 0.12727272727272726 7 1
Communication round: 7, Eavesdropper Accuracy: 0.13636363636363635 8 1
Communication round: 8, Eavesdropper Accuracy: 0.12727272727272726 9 1
Communication round: 9, Eavesdropper Accuracy: 0.12272727272727273 10 1
Communication round: 10, Eavesdropper Accuracy: 0.1159090909090909 11 1
Communication round: 11, Aggregated Accuracies: 0.14964285714285713 12
Communication round: 11, Eavesdropper Accuracy: 0.18181818181818182 12 1
Communication round: 12, Aggregated Accuracies: 0.17226190476190475 13
Communication round: 12, Eavesdropper Accuracy: 0.15454545454545454 13 1
Communication round: 13, Aggregated Accuracies: 0.2279761904761905 14
Communication round: 13, Eavesdropper Accuracy: 0.21818181818181817 14 1
Communication round: 14, Aggregated Accuracies: 0.26273809523809516 15
Communication round: 14, Eavesdropper Accuracy: 0.2727272727272727 15 1
Communication round: 15, Aggregated Accuracies: 0.3342857142857143 16
Communication round: 15, Eavesdropper Accuracy: 0.35 16 1
Communication round: 16, Aggregated Accuracies: 0.38619047619047614 17
Communication round: 16, Eavesdropper Accuracy: 0.3795454545454545 17 1
Communication round: 17, Aggregated Accuracies: 0.45000000000000023 18
Communication round: 17, Eavesdropper Accuracy: 0.44772727272727275 18 1
Communication round: 18, Aggregated Accuracies: 0.508452380952381 19
Communication round: 18, Eavesdropper Accuracy: 0.5068181818181818 19 1
Communication round: 19, Eavesdropper Accuracy: 0.5181818181818182 20 1
Communication round: 20, Eavesdropper Accuracy: 0.48409090909090907 21 1
Communication round: 21, Aggregated Accuracies: 0.5369047619047621 22
Communication round: 21, Eavesdropper Accuracy: 0.5340909090909091 22 1
Communication round: 22, Eavesdropper Accuracy: 0.5522727272727272 23 1
Communication round: 23, Aggregated Accuracies: 0.575952380952381 24
Communication round: 23, Eavesdropper Accuracy: 0.6 24 1
Communication round: 24, Aggregated Accuracies: 0.618452380952381 25
Communication round: 24, Eavesdropper Accuracy: 0.6431818181818182 25 1
Communication round: 25, Eavesdropper Accuracy: 0.6613636363636364 26 1
Communication round: 26, Eavesdropper Accuracy: 0.6386363636363637 27 1
Communication round: 27, Eavesdropper Accuracy: 0.6659090909090909 28 1
Communication round: 28, Aggregated Accuracies: 0.6444047619047617 29
Communication round: 28, Eavesdropper Accuracy: 0.6522727272727272 29 1
Communication round: 29, Eavesdropper Accuracy: 0.6931818181818182 30 1
Communication round: 30, Aggregated Accuracies: 0.6641666666666669 31
Communication round: 30, Eavesdropper Accuracy: 0.7113636363636363 31 1
Communication round: 31, Aggregated Accuracies: 0.6904761904761905 32
Communication round: 31, Eavesdropper Accuracy: 0.7090909090909091 32 1
Communication round: 32, Aggregated Accuracies: 0.7182142857142857 33
Communication round: 32, Eavesdropper Accuracy: 0.7272727272727273 33 1
Communication round: 33, Aggregated Accuracies: 0.7340476190476193 34
Communication round: 33, Eavesdropper Accuracy: 0.7522727272727273 34 1
Communication round: 34, Aggregated Accuracies: 0.7535714285714284 35
Communication round: 34, Eavesdropper Accuracy: 0.7659090909090909 35 1
Communication round: 35, Aggregated Accuracies: 0.7654761904761905 36
Communication round: 35, Eavesdropper Accuracy: 0.7954545454545454 36 1
Communication round: 36, Aggregated Accuracies: 0.7828571428571433 37
Communication round: 36, Eavesdropper Accuracy: 0.7977272727272727 37 1
Communication round: 37, Aggregated Accuracies: 0.7970238095238095 38
Communication round: 37, Eavesdropper Accuracy: 0.8022727272727272 38 1
Communication round: 38, Aggregated Accuracies: 0.809047619047619 39
Communication round: 38, Eavesdropper Accuracy: 0.8113636363636364 39 1
Communication round: 39, Aggregated Accuracies: 0.816904761904762 40
Communication round: 39, Eavesdropper Accuracy: 0.825 40 1
Communication round: 40, Aggregated Accuracies: 0.8267857142857141 41
Communication round: 40, Eavesdropper Accuracy: 0.8386363636363636 41 1
Communication round: 41, Aggregated Accuracies: 0.8330952380952382 42
Communication round: 41, Eavesdropper Accuracy: 0.8386363636363636 42 1
Communication round: 42, Aggregated Accuracies: 0.8347619047619047 43
Communication round: 42, Eavesdropper Accuracy: 0.8636363636363636 43 1
Communication round: 43, Aggregated Accuracies: 0.8441666666666666 44
Communication round: 43, Eavesdropper Accuracy: 0.865909090909091 44 1
Communication round: 44, Aggregated Accuracies: 0.8504761904761906 45
Communication round: 44, Eavesdropper Accuracy: 0.8568181818181818 45 1
Communication round: 45, Aggregated Accuracies: 0.8545238095238095 46
Communication round: 45, Eavesdropper Accuracy: 0.8477272727272728 46 1
Communication round: 46, Eavesdropper Accuracy: 0.85 46 0
Communication round: 47, Eavesdropper Accuracy: 0.865909090909091 46 0
Communication round: 48, Eavesdropper Accuracy: 0.8613636363636363 46 0
Communication round: 49, Eavesdropper Accuracy: 0.8522727272727273 46 0
Communication round: 50, Eavesdropper Accuracy: 0.8340909090909091 46 0
Communication round: 51, Eavesdropper Accuracy: 0.8818181818181818 46 0
Communication round: 52, Eavesdropper Accuracy: 0.8636363636363636 46 0
Communication round: 53, Eavesdropper Accuracy: 0.85 46 0
Communication round: 54, Eavesdropper Accuracy: 0.8704545454545455 46 0
Communication round: 55, Eavesdropper Accuracy: 0.865909090909091 46 0
Communication round: 56, Eavesdropper Accuracy: 0.8863636363636364 46 0
Communication round: 57, Eavesdropper Accuracy: 0.884090909090909 46 0
Communication round: 58, Eavesdropper Accuracy: 0.8727272727272727 46 0
Communication round: 59, Eavesdropper Accuracy: 0.884090909090909 46 0
Communication round: 60, Eavesdropper Accuracy: 0.8454545454545455 46 0
Communication round: 61, Eavesdropper Accuracy: 0.8772727272727273 46 0
Communication round: 62, Eavesdropper Accuracy: 0.8545454545454545 46 0
Communication round: 63, Eavesdropper Accuracy: 0.875 46 0
Communication round: 64, Eavesdropper Accuracy: 0.8590909090909091 46 0
Communication round: 65, Eavesdropper Accuracy: 0.875 46 0
Communication round: 66, Eavesdropper Accuracy: 0.8545454545454545 46 0
Communication round: 67, Eavesdropper Accuracy: 0.8636363636363636 46 0
Communication round: 68, Eavesdropper Accuracy: 0.8477272727272728 46 0
Communication round: 69, Eavesdropper Accuracy: 0.8431818181818181 46 0
Communication round: 70, Eavesdropper Accuracy: 0.8613636363636363 46 0
Communication round: 71, Eavesdropper Accuracy: 0.8477272727272728 46 0
Communication round: 72, Eavesdropper Accuracy: 0.8477272727272728 46 0
Communication round: 73, Eavesdropper Accuracy: 0.8681818181818182 46 0
Communication round: 74, Eavesdropper Accuracy: 0.8727272727272727 46 0
Communication round: 75, Eavesdropper Accuracy: 0.8545454545454545 46 0
Communication round: 76, Eavesdropper Accuracy: 0.8704545454545455 46 0
Communication round: 77, Eavesdropper Accuracy: 0.8545454545454545 46 0
Communication round: 78, Eavesdropper Accuracy: 0.8636363636363636 46 0
Communication round: 79, Eavesdropper Accuracy: 0.8545454545454545 46 0
Communication round: 80, Eavesdropper Accuracy: 0.8681818181818182 46 0
Communication round: 81, Eavesdropper Accuracy: 0.8568181818181818 46 0
Communication round: 82, Eavesdropper Accuracy: 0.8545454545454545 46 0
Communication round: 83, Eavesdropper Accuracy: 0.875 46 0
Communication round: 84, Eavesdropper Accuracy: 0.8590909090909091 46 0
Communication round: 85, Eavesdropper Accuracy: 0.8590909090909091 46 0
Communication round: 86, Eavesdropper Accuracy: 0.8772727272727273 46 0
Communication round: 87, Eavesdropper Accuracy: 0.8590909090909091 46 0
Communication round: 88, Eavesdropper Accuracy: 0.8545454545454545 46 0
Communication round: 89, Eavesdropper Accuracy: 0.8681818181818182 46 0
Communication round: 90, Eavesdropper Accuracy: 0.8704545454545455 46 0
Communication round: 91, Smart Eavesdropper Accuracy: 0.8340909090909091 46 0
Communication round: 92, Smart Eavesdropper Accuracy: 0.8613636363636363 46 0
Communication round: 93, Smart Eavesdropper Accuracy: 0.8590909090909091 46 0
Communication round: 94, Smart Eavesdropper Accuracy: 0.8545454545454545 46 0
Communication round: 95, Smart Eavesdropper Accuracy: 0.8681818181818182 46 0
Communication round: 96, Smart Eavesdropper Accuracy: 0.8909090909090909 46 0
Communication round: 97, Smart Eavesdropper Accuracy: 0.8772727272727273 46 0
Communication round: 98, Smart Eavesdropper Accuracy: 0.884090909090909 46 0
Communication round: 99, Smart Eavesdropper Accuracy: 0.8977272727272727 46 0
----------------------------------------------------------------------------------------------------
----------------------------------------------------------------------------------------------------
50_30_100_0.4_2_0.2_True_
----------------------------------------------------------------------------------------------------
Communication round: 0, Eavesdropper Accuracy: 0.03409090909090909 1 1
Communication round: 1, Eavesdropper Accuracy: 0.02727272727272727 2 1
Communication round: 2, Eavesdropper Accuracy: 0.029545454545454545 3 1
Communication round: 3, Eavesdropper Accuracy: 0.04090909090909091 4 1
Communication round: 4, Eavesdropper Accuracy: 0.038636363636363635 5 1
Communication round: 5, Eavesdropper Accuracy: 0.02727272727272727 6 1
Communication round: 6, Eavesdropper Accuracy: 0.045454545454545456 7 1
Communication round: 7, Eavesdropper Accuracy: 0.02727272727272727 8 1
Communication round: 8, Eavesdropper Accuracy: 0.03636363636363636 9 1
Communication round: 9, Eavesdropper Accuracy: 0.045454545454545456 10 1
Communication round: 10, Eavesdropper Accuracy: 0.031818181818181815 11 1
Communication round: 11, Eavesdropper Accuracy: 0.038636363636363635 12 1
Communication round: 12, Eavesdropper Accuracy: 0.03636363636363636 13 1
Communication round: 13, Eavesdropper Accuracy: 0.03409090909090909 14 1
Communication round: 14, Eavesdropper Accuracy: 0.038636363636363635 15 1
Communication round: 15, Eavesdropper Accuracy: 0.05 16 1
Communication round: 16, Aggregated Accuracies: 0.0861904761904762 17
Communication round: 16, Eavesdropper Accuracy: 0.08636363636363636 17 1
Communication round: 17, Eavesdropper Accuracy: 0.07727272727272727 18 1
Communication round: 18, Eavesdropper Accuracy: 0.11136363636363636 19 1
Communication round: 19, Aggregated Accuracies: 0.1161904761904762 20
Communication round: 19, Eavesdropper Accuracy: 0.1340909090909091 20 1
Communication round: 20, Aggregated Accuracies: 0.15595238095238095 21
Communication round: 20, Eavesdropper Accuracy: 0.15454545454545454 21 1
Communication round: 21, Aggregated Accuracies: 0.20535714285714288 22
Communication round: 21, Eavesdropper Accuracy: 0.19090909090909092 22 1
Communication round: 22, Aggregated Accuracies: 0.2530952380952381 23
Communication round: 22, Eavesdropper Accuracy: 0.27954545454545454 23 1
Communication round: 23, Aggregated Accuracies: 0.3358333333333334 24
Communication round: 23, Eavesdropper Accuracy: 0.35909090909090907 24 1
Communication round: 24, Aggregated Accuracies: 0.40547619047619043 25
Communication round: 24, Eavesdropper Accuracy: 0.4431818181818182 25 1
Communication round: 25, Aggregated Accuracies: 0.4429761904761904 26
Communication round: 25, Eavesdropper Accuracy: 0.4590909090909091 26 1
Communication round: 26, Aggregated Accuracies: 0.49500000000000005 27
Communication round: 26, Eavesdropper Accuracy: 0.5363636363636364 27 1
Communication round: 27, Aggregated Accuracies: 0.5360714285714283 28
Communication round: 27, Eavesdropper Accuracy: 0.5681818181818182 28 1
Communication round: 28, Aggregated Accuracies: 0.5641666666666668 29
Communication round: 28, Eavesdropper Accuracy: 0.5954545454545455 29 1
Communication round: 29, Aggregated Accuracies: 0.5928571428571427 30
Communication round: 29, Eavesdropper Accuracy: 0.6545454545454545 30 1
Communication round: 30, Aggregated Accuracies: 0.619642857142857 31
Communication round: 30, Eavesdropper Accuracy: 0.6704545454545454 31 1
Communication round: 31, Aggregated Accuracies: 0.6538095238095236 32
Communication round: 31, Eavesdropper Accuracy: 0.6909090909090909 32 1
Communication round: 32, Aggregated Accuracies: 0.6708333333333333 33
Communication round: 32, Eavesdropper Accuracy: 0.7136363636363636 33 1
Communication round: 33, Aggregated Accuracies: 0.6942857142857143 34
Communication round: 33, Eavesdropper Accuracy: 0.7386363636363636 34 1
Communication round: 34, Aggregated Accuracies: 0.7158333333333333 35
Communication round: 34, Eavesdropper Accuracy: 0.7477272727272727 35 1
Communication round: 35, Eavesdropper Accuracy: 0.7522727272727273 36 1
Communication round: 36, Eavesdropper Accuracy: 0.759090909090909 37 1
Communication round: 37, Eavesdropper Accuracy: 0.75 38 1
Communication round: 38, Eavesdropper Accuracy: 0.7522727272727273 39 1
Communication round: 39, Aggregated Accuracies: 0.7399999999999998 40
Communication round: 39, Eavesdropper Accuracy: 0.7681818181818182 40 1
Communication round: 40, Eavesdropper Accuracy: 0.7704545454545455 41 1
Communication round: 41, Eavesdropper Accuracy: 0.7704545454545455 42 1
Communication round: 42, Eavesdropper Accuracy: 0.7363636363636363 43 1
Communication round: 43, Eavesdropper Accuracy: 0.775 44 1
Communication round: 44, Eavesdropper Accuracy: 0.759090909090909 45 1
Communication round: 45, Eavesdropper Accuracy: 0.7704545454545455 46 1
Communication round: 46, Eavesdropper Accuracy: 0.7795454545454545 47 1
Communication round: 47, Eavesdropper Accuracy: 0.7704545454545455 48 1
Communication round: 48, Eavesdropper Accuracy: 0.7659090909090909 49 1
Communication round: 49, Eavesdropper Accuracy: 0.7772727272727272 50 1
Communication round: 50, Eavesdropper Accuracy: 0.7727272727272727 51 1
Communication round: 51, Eavesdropper Accuracy: 0.75 52 1
Communication round: 52, Eavesdropper Accuracy: 0.7772727272727272 53 1
Communication round: 53, Eavesdropper Accuracy: 0.7545454545454545 54 1
Communication round: 54, Eavesdropper Accuracy: 0.7863636363636364 55 1
Communication round: 55, Eavesdropper Accuracy: 0.75 56 1
Communication round: 56, Eavesdropper Accuracy: 0.75 57 1
Communication round: 57, Eavesdropper Accuracy: 0.740909090909091 58 1
Communication round: 58, Aggregated Accuracies: 0.7492857142857143 59
Communication round: 58, Eavesdropper Accuracy: 0.7727272727272727 59 1
Communication round: 59, Aggregated Accuracies: 0.759642857142857 60
Communication round: 59, Eavesdropper Accuracy: 0.7954545454545454 60 1
Communication round: 60, Aggregated Accuracies: 0.7690476190476189 61
Communication round: 60, Eavesdropper Accuracy: 0.8181818181818182 61 1
Communication round: 61, Aggregated Accuracies: 0.7829761904761905 62
Communication round: 61, Eavesdropper Accuracy: 0.8 62 1
Communication round: 62, Aggregated Accuracies: 0.7964285714285715 63
Communication round: 62, Eavesdropper Accuracy: 0.8090909090909091 63 1
Communication round: 63, Aggregated Accuracies: 0.7910714285714288 64
Communication round: 63, Eavesdropper Accuracy: 0.8272727272727273 64 1
Communication round: 64, Aggregated Accuracies: 0.8076190476190471 65
Communication round: 64, Eavesdropper Accuracy: 0.8318181818181818 65 1
Communication round: 65, Aggregated Accuracies: 0.8109523809523809 66
Communication round: 65, Eavesdropper Accuracy: 0.8068181818181818 66 1
Communication round: 66, Aggregated Accuracies: 0.8216666666666669 67
Communication round: 66, Eavesdropper Accuracy: 0.8454545454545455 67 1
Communication round: 67, Aggregated Accuracies: 0.8301190476190476 68
Communication round: 67, Eavesdropper Accuracy: 0.8318181818181818 68 1
Communication round: 68, Aggregated Accuracies: 0.8302380952380953 69
Communication round: 68, Eavesdropper Accuracy: 0.8272727272727273 69 1
Communication round: 69, Aggregated Accuracies: 0.8391666666666667 70
Communication round: 69, Eavesdropper Accuracy: 0.8681818181818182 70 1
Communication round: 70, Eavesdropper Accuracy: 0.8409090909090909 70 0
Communication round: 71, Eavesdropper Accuracy: 0.8590909090909091 70 0
Communication round: 72, Eavesdropper Accuracy: 0.8772727272727273 70 0
Communication round: 73, Eavesdropper Accuracy: 0.8522727272727273 70 0
Communication round: 74, Eavesdropper Accuracy: 0.8545454545454545 70 0
Communication round: 75, Eavesdropper Accuracy: 0.8363636363636363 70 0
Communication round: 76, Eavesdropper Accuracy: 0.8636363636363636 70 0
Communication round: 77, Eavesdropper Accuracy: 0.8454545454545455 70 0
Communication round: 78, Eavesdropper Accuracy: 0.8636363636363636 70 0
Communication round: 79, Eavesdropper Accuracy: 0.8613636363636363 70 0
Communication round: 80, Eavesdropper Accuracy: 0.8704545454545455 70 0
Communication round: 81, Eavesdropper Accuracy: 0.8545454545454545 70 0
Communication round: 82, Eavesdropper Accuracy: 0.8568181818181818 70 0
Communication round: 83, Eavesdropper Accuracy: 0.8522727272727273 70 0
Communication round: 84, Eavesdropper Accuracy: 0.8681818181818182 70 0
Communication round: 85, Eavesdropper Accuracy: 0.8568181818181818 70 0
Communication round: 86, Eavesdropper Accuracy: 0.8681818181818182 70 0
Communication round: 87, Eavesdropper Accuracy: 0.8454545454545455 70 0
Communication round: 88, Eavesdropper Accuracy: 0.8454545454545455 70 0
Communication round: 89, Eavesdropper Accuracy: 0.8477272727272728 70 0
Communication round: 90, Eavesdropper Accuracy: 0.85 70 0
Communication round: 91, Eavesdropper Accuracy: 0.8727272727272727 70 0
Communication round: 92, Eavesdropper Accuracy: 0.8522727272727273 70 0
Communication round: 93, Eavesdropper Accuracy: 0.8545454545454545 70 0
Communication round: 94, Eavesdropper Accuracy: 0.8613636363636363 70 0
Communication round: 95, Eavesdropper Accuracy: 0.8545454545454545 70 0
Communication round: 96, Eavesdropper Accuracy: 0.8727272727272727 70 0
Communication round: 97, Eavesdropper Accuracy: 0.865909090909091 70 0
Communication round: 98, Eavesdropper Accuracy: 0.8681818181818182 70 0
Communication round: 99, Eavesdropper Accuracy: 0.8568181818181818 70 0
----------------------------------------------------------------------------------------------------
----------------------------------------------------------------------------------------------------
50_30_100_0.4_2_0.2_True_
----------------------------------------------------------------------------------------------------
Communication round: 0, Eavesdropper Accuracy: 0.07727272727272727 1 1
Communication round: 1, Eavesdropper Accuracy: 0.05909090909090909 2 1
Communication round: 2, Eavesdropper Accuracy: 0.08181818181818182 3 1
Communication round: 3, Eavesdropper Accuracy: 0.08409090909090909 4 1
Communication round: 4, Eavesdropper Accuracy: 0.07727272727272727 5 1
Communication round: 5, Aggregated Accuracies: 0.07619047619047621 6
Communication round: 5, Eavesdropper Accuracy: 0.05227272727272727 6 1
Communication round: 6, Aggregated Accuracies: 0.12999999999999998 7
Communication round: 6, Eavesdropper Accuracy: 0.14545454545454545 7 1
Communication round: 7, Aggregated Accuracies: 0.1670238095238095 8
Communication round: 7, Eavesdropper Accuracy: 0.20227272727272727 8 1
Communication round: 8, Aggregated Accuracies: 0.2230952380952381 9
Communication round: 8, Eavesdropper Accuracy: 0.27045454545454545 9 1
Communication round: 9, Aggregated Accuracies: 0.2869047619047619 10
Communication round: 9, Eavesdropper Accuracy: 0.34545454545454546 10 1
Communication round: 10, Aggregated Accuracies: 0.34952380952380957 11
Communication round: 10, Eavesdropper Accuracy: 0.40454545454545454 11 1
Communication round: 11, Aggregated Accuracies: 0.38749999999999984 12
Communication round: 11, Eavesdropper Accuracy: 0.44545454545454544 12 1
Communication round: 12, Aggregated Accuracies: 0.43916666666666665 13
Communication round: 12, Eavesdropper Accuracy: 0.5136363636363637 13 1
Communication round: 13, Aggregated Accuracies: 0.48547619047619045 14
Communication round: 13, Eavesdropper Accuracy: 0.5772727272727273 14 1
Communication round: 14, Aggregated Accuracies: 0.538452380952381 15
Communication round: 14, Eavesdropper Accuracy: 0.6227272727272727 15 1
Communication round: 15, Aggregated Accuracies: 0.5827380952380952 16
Communication round: 15, Eavesdropper Accuracy: 0.6454545454545455 16 1
Communication round: 16, Aggregated Accuracies: 0.6120238095238097 17
Communication round: 16, Eavesdropper Accuracy: 0.6863636363636364 17 1
Communication round: 17, Aggregated Accuracies: 0.6435714285714286 18
Communication round: 17, Eavesdropper Accuracy: 0.6863636363636364 18 1
Communication round: 18, Eavesdropper Accuracy: 0.6818181818181818 19 1
Communication round: 19, Eavesdropper Accuracy: 0.6977272727272728 20 1
Communication round: 20, Eavesdropper Accuracy: 0.6954545454545454 21 1
Communication round: 21, Eavesdropper Accuracy: 0.6886363636363636 22 1
Communication round: 22, Eavesdropper Accuracy: 0.7 23 1
Communication round: 23, Eavesdropper Accuracy: 0.6909090909090909 24 1
Communication round: 24, Aggregated Accuracies: 0.6704761904761906 25
Communication round: 24, Eavesdropper Accuracy: 0.7227272727272728 25 1
Communication round: 25, Aggregated Accuracies: 0.6970238095238095 26
Communication round: 25, Eavesdropper Accuracy: 0.7568181818181818 26 1
Communication round: 26, Aggregated Accuracies: 0.7099999999999995 27
Communication round: 26, Eavesdropper Accuracy: 0.7659090909090909 27 1
Communication round: 27, Aggregated Accuracies: 0.7375 28
Communication round: 27, Eavesdropper Accuracy: 0.7863636363636364 28 1
Communication round: 28, Aggregated Accuracies: 0.758809523809524 29
Communication round: 28, Eavesdropper Accuracy: 0.8 29 1
Communication round: 29, Aggregated Accuracies: 0.7660714285714287 30
Communication round: 29, Eavesdropper Accuracy: 0.8113636363636364 30 1
Communication round: 30, Aggregated Accuracies: 0.7828571428571428 31
Communication round: 30, Eavesdropper Accuracy: 0.8136363636363636 31 1
Communication round: 31, Aggregated Accuracies: 0.8019047619047615 32
Communication round: 31, Eavesdropper Accuracy: 0.865909090909091 32 1
Communication round: 32, Aggregated Accuracies: 0.8047619047619046 33
Communication round: 32, Eavesdropper Accuracy: 0.8363636363636363 33 1
Communication round: 33, Aggregated Accuracies: 0.8153571428571429 34
Communication round: 33, Eavesdropper Accuracy: 0.85 34 1
Communication round: 34, Aggregated Accuracies: 0.8248809523809518 35
Communication round: 34, Eavesdropper Accuracy: 0.8477272727272728 35 1
Communication round: 35, Aggregated Accuracies: 0.8245238095238093 36
Communication round: 35, Eavesdropper Accuracy: 0.8522727272727273 36 1
Communication round: 36, Aggregated Accuracies: 0.8359523809523808 37
Communication round: 36, Eavesdropper Accuracy: 0.875 37 1
Communication round: 37, Aggregated Accuracies: 0.8455952380952381 38
Communication round: 37, Eavesdropper Accuracy: 0.865909090909091 38 1
Communication round: 38, Eavesdropper Accuracy: 0.8681818181818182 39 1
Communication round: 39, Eavesdropper Accuracy: 0.884090909090909 40 1
Communication round: 40, Eavesdropper Accuracy: 0.8681818181818182 41 1
Communication round: 41, Eavesdropper Accuracy: 0.8795454545454545 42 1
Communication round: 42, Eavesdropper Accuracy: 0.8545454545454545 43 1
Communication round: 43, Eavesdropper Accuracy: 0.865909090909091 44 1
Communication round: 44, Eavesdropper Accuracy: 0.8636363636363636 45 1
Communication round: 45, Aggregated Accuracies: 0.8504761904761903 46
Communication round: 45, Eavesdropper Accuracy: 0.875 46 1
Communication round: 46, Eavesdropper Accuracy: 0.865909090909091 47 1
Communication round: 47, Eavesdropper Accuracy: 0.8704545454545455 48 1
Communication round: 48, Eavesdropper Accuracy: 0.865909090909091 49 1
Communication round: 49, Eavesdropper Accuracy: 0.8636363636363636 50 1
Communication round: 50, Aggregated Accuracies: 0.8530952380952382 51
Communication round: 50, Eavesdropper Accuracy: 0.8409090909090909 51 1
Communication round: 51, Eavesdropper Accuracy: 0.8772727272727273 52 1
Communication round: 52, Aggregated Accuracies: 0.859880952380952 53
Communication round: 52, Eavesdropper Accuracy: 0.8568181818181818 53 1
Communication round: 53, Eavesdropper Accuracy: 0.875 53 0
Communication round: 54, Eavesdropper Accuracy: 0.8818181818181818 53 0
Communication round: 55, Eavesdropper Accuracy: 0.8772727272727273 53 0
Communication round: 56, Eavesdropper Accuracy: 0.8772727272727273 53 0
Communication round: 57, Eavesdropper Accuracy: 0.865909090909091 53 0
Communication round: 58, Eavesdropper Accuracy: 0.8795454545454545 53 0
Communication round: 59, Eavesdropper Accuracy: 0.8772727272727273 53 0
Communication round: 60, Eavesdropper Accuracy: 0.8704545454545455 53 0
Communication round: 61, Eavesdropper Accuracy: 0.9 53 0
Communication round: 62, Eavesdropper Accuracy: 0.8681818181818182 53 0
Communication round: 63, Eavesdropper Accuracy: 0.884090909090909 53 0
Communication round: 64, Eavesdropper Accuracy: 0.8886363636363637 53 0
Communication round: 65, Eavesdropper Accuracy: 0.8818181818181818 53 0
Communication round: 66, Eavesdropper Accuracy: 0.8886363636363637 53 0
Communication round: 67, Eavesdropper Accuracy: 0.8568181818181818 53 0
Communication round: 68, Eavesdropper Accuracy: 0.8704545454545455 53 0
Communication round: 69, Eavesdropper Accuracy: 0.8863636363636364 53 0
Communication round: 70, Eavesdropper Accuracy: 0.875 53 0
Communication round: 71, Eavesdropper Accuracy: 0.8636363636363636 53 0
Communication round: 72, Eavesdropper Accuracy: 0.8818181818181818 53 0
Communication round: 73, Eavesdropper Accuracy: 0.8909090909090909 53 0
Communication round: 74, Eavesdropper Accuracy: 0.8931818181818182 53 0
Communication round: 75, Eavesdropper Accuracy: 0.875 53 0
Communication round: 76, Eavesdropper Accuracy: 0.9022727272727272 53 0
Communication round: 77, Eavesdropper Accuracy: 0.8681818181818182 53 0
Communication round: 78, Eavesdropper Accuracy: 0.8886363636363637 53 0
Communication round: 79, Eavesdropper Accuracy: 0.8863636363636364 53 0
Communication round: 80, Eavesdropper Accuracy: 0.884090909090909 53 0
Communication round: 81, Eavesdropper Accuracy: 0.8704545454545455 53 0
Communication round: 82, Eavesdropper Accuracy: 0.884090909090909 53 0
Communication round: 83, Eavesdropper Accuracy: 0.8863636363636364 53 0
Communication round: 84, Eavesdropper Accuracy: 0.8772727272727273 53 0
Communication round: 85, Eavesdropper Accuracy: 0.8568181818181818 53 0
Communication round: 86, Eavesdropper Accuracy: 0.875 53 0
Communication round: 87, Eavesdropper Accuracy: 0.8818181818181818 53 0
Communication round: 88, Eavesdropper Accuracy: 0.8931818181818182 53 0
Communication round: 89, Eavesdropper Accuracy: 0.8590909090909091 53 0
Communication round: 90, Eavesdropper Accuracy: 0.8863636363636364 53 0
Communication round: 91, Eavesdropper Accuracy: 0.884090909090909 53 0
Communication round: 92, Eavesdropper Accuracy: 0.884090909090909 53 0
Communication round: 93, Eavesdropper Accuracy: 0.85 53 0
Communication round: 94, Eavesdropper Accuracy: 0.8545454545454545 53 0
Communication round: 95, Eavesdropper Accuracy: 0.8886363636363637 53 0
Communication round: 96, Eavesdropper Accuracy: 0.8795454545454545 53 0
Communication round: 97, Eavesdropper Accuracy: 0.8818181818181818 53 0
Communication round: 98, Eavesdropper Accuracy: 0.8886363636363637 53 0
Communication round: 99, Eavesdropper Accuracy: 0.8704545454545455 53 0
----------------------------------------------------------------------------------------------------
