----------------------------------------------------------------------------------------------------
P0_False_
----------------------------------------------------------------------------------------------------
Communication round: 0, Eavesdropper Accuracy: 0.07272727272727272 1 1
Communication round: 1, Eavesdropper Accuracy: 0.06363636363636363 2 1
Communication round: 2, Eavesdropper Accuracy: 0.07954545454545454 2 0
Communication round: 3, Eavesdropper Accuracy: 0.09772727272727273 3 1
Communication round: 4, Eavesdropper Accuracy: 0.08863636363636364 3 0
Communication round: 5, Smart Eavesdropper Accuracy: 0.10681818181818181 3 0
Communication round: 6, Smart Eavesdropper Accuracy: 0.09318181818181819 3 0
Communication round: 7, Smart Eavesdropper Accuracy: 0.09772727272727273 3 0
Communication round: 8, Smart Eavesdropper Accuracy: 0.1340909090909091 3 0
Communication round: 9, Smart Eavesdropper Accuracy: 0.16363636363636364 3 0
Communication round: 10, Smart Eavesdropper Accuracy: 0.14545454545454545 3 0
Communication round: 11, Smart Eavesdropper Accuracy: 0.12954545454545455 4 1
Communication round: 12, Smart Eavesdropper Accuracy: 0.25227272727272726 5 1
Communication round: 13, Smart Eavesdropper Accuracy: 0.16818181818181818 6 1
Communication round: 14, Smart Eavesdropper Accuracy: 0.1340909090909091 6 0
Communication round: 15, Smart Eavesdropper Accuracy: 0.16818181818181818 7 1
Communication round: 16, Smart Eavesdropper Accuracy: 0.17954545454545454 7 0
Communication round: 17, Smart Eavesdropper Accuracy: 0.22727272727272727 7 0
Communication round: 18, Smart Eavesdropper Accuracy: 0.1409090909090909 7 0
Communication round: 19, Smart Eavesdropper Accuracy: 0.18636363636363637 7 0
Communication round: 20, Smart Eavesdropper Accuracy: 0.16590909090909092 7 0
Communication round: 21, Smart Eavesdropper Accuracy: 0.19090909090909092 7 0
Communication round: 22, Smart Eavesdropper Accuracy: 0.20909090909090908 7 0
Communication round: 23, Smart Eavesdropper Accuracy: 0.175 8 1
Communication round: 24, Smart Eavesdropper Accuracy: 0.18181818181818182 9 1
Communication round: 25, Aggregated Accuracies: 0.12761904761904763 10
Communication round: 25, Smart Eavesdropper Accuracy: 0.2159090909090909 10 1
Communication round: 26, Smart Eavesdropper Accuracy: 0.17272727272727273 10 0
Communication round: 27, Smart Eavesdropper Accuracy: 0.175 10 0
Communication round: 28, Smart Eavesdropper Accuracy: 0.17272727272727273 10 0
Communication round: 29, Aggregated Accuracies: 0.159047619047619 11
Communication round: 29, Smart Eavesdropper Accuracy: 0.20454545454545456 11 1
Communication round: 30, Smart Eavesdropper Accuracy: 0.21136363636363636 11 0
Communication round: 31, Aggregated Accuracies: 0.15630952380952384 12
Communication round: 31, Smart Eavesdropper Accuracy: 0.25 12 1
Communication round: 32, Aggregated Accuracies: 0.28357142857142853 13
Communication round: 32, Smart Eavesdropper Accuracy: 0.16590909090909092 13 1
Communication round: 33, Aggregated Accuracies: 0.3938095238095237 14
Communication round: 33, Smart Eavesdropper Accuracy: 0.19318181818181818 14 1
Communication round: 34, Aggregated Accuracies: 0.4801190476190475 15
Communication round: 34, Smart Eavesdropper Accuracy: 0.19318181818181818 15 1
Communication round: 35, Smart Eavesdropper Accuracy: 0.17954545454545454 15 0
Communication round: 36, Smart Eavesdropper Accuracy: 0.17727272727272728 15 0
Communication round: 37, Aggregated Accuracies: 0.5561904761904762 16
Communication round: 37, Smart Eavesdropper Accuracy: 0.18181818181818182 16 1
Communication round: 38, Aggregated Accuracies: 0.6110714285714285 17
Communication round: 38, Smart Eavesdropper Accuracy: 0.18409090909090908 17 1
Communication round: 39, Smart Eavesdropper Accuracy: 0.16818181818181818 17 0
Communication round: 40, Aggregated Accuracies: 0.6207142857142854 18
Communication round: 40, Smart Eavesdropper Accuracy: 0.22272727272727272 18 1
Communication round: 41, Aggregated Accuracies: 0.6776190476190479 19
Communication round: 41, Smart Eavesdropper Accuracy: 0.17954545454545454 19 1
Communication round: 42, Smart Eavesdropper Accuracy: 0.21363636363636362 19 0
Communication round: 43, Aggregated Accuracies: 0.7120238095238095 20
Communication round: 43, Smart Eavesdropper Accuracy: 0.20454545454545456 20 1
Communication round: 44, Smart Eavesdropper Accuracy: 0.20681818181818182 20 0
Communication round: 45, Aggregated Accuracies: 0.7244047619047618 21
Communication round: 45, Smart Eavesdropper Accuracy: 0.16363636363636364 21 1
Communication round: 46, Aggregated Accuracies: 0.7572619047619048 22
Communication round: 46, Smart Eavesdropper Accuracy: 0.19545454545454546 22 1
Communication round: 47, Aggregated Accuracies: 0.7289285714285713 23
Communication round: 47, Smart Eavesdropper Accuracy: 0.21363636363636362 23 1
Communication round: 48, Smart Eavesdropper Accuracy: 0.18181818181818182 23 0
Communication round: 49, Smart Eavesdropper Accuracy: 0.20909090909090908 23 0
Communication round: 50, Aggregated Accuracies: 0.7692857142857145 24
Communication round: 50, Smart Eavesdropper Accuracy: 0.18636363636363637 24 1
Communication round: 51, Aggregated Accuracies: 0.7807142857142858 25
Communication round: 51, Smart Eavesdropper Accuracy: 0.21136363636363636 25 1
Communication round: 52, Smart Eavesdropper Accuracy: 0.2159090909090909 26 1
Communication round: 53, Aggregated Accuracies: 0.7797619047619051 27
Communication round: 53, Smart Eavesdropper Accuracy: 0.2340909090909091 27 1
Communication round: 54, Aggregated Accuracies: 0.7889285714285719 28
Communication round: 54, Eavesdropper Accuracy: 0.8931818181818182 28 1
Communication round: 55, Smart Eavesdropper Accuracy: 0.875 28 0
Communication round: 56, Aggregated Accuracies: 0.809285714285714 29
Communication round: 56, Eavesdropper Accuracy: 0.9068181818181819 29 1
Communication round: 57, Smart Eavesdropper Accuracy: 0.9090909090909091 29 0
Communication round: 58, Aggregated Accuracies: 0.8130952380952384 30
Communication round: 58, Eavesdropper Accuracy: 0.9 30 1
Communication round: 59, Smart Eavesdropper Accuracy: 0.9295454545454546 30 0
Communication round: 60, Smart Eavesdropper Accuracy: 0.9181818181818182 30 0
Communication round: 61, Aggregated Accuracies: 0.8183333333333335 31
Communication round: 61, Smart Eavesdropper Accuracy: 0.9113636363636364 31 1
Communication round: 62, Aggregated Accuracies: 0.8285714285714287 32
Communication round: 62, Eavesdropper Accuracy: 0.9204545454545454 32 1
Communication round: 63, Smart Eavesdropper Accuracy: 0.8818181818181818 32 0
Communication round: 64, Smart Eavesdropper Accuracy: 0.9 32 0
Communication round: 65, Aggregated Accuracies: 0.8361904761904765 33
Communication round: 65, Smart Eavesdropper Accuracy: 0.6772727272727272 33 1
Communication round: 66, Aggregated Accuracies: 0.8403571428571428 34
Communication round: 66, Eavesdropper Accuracy: 0.9272727272727272 34 1
Communication round: 67, Smart Eavesdropper Accuracy: 0.9090909090909091 34 0
Communication round: 68, Aggregated Accuracies: 0.8680952380952384 35
Communication round: 68, Eavesdropper Accuracy: 0.9295454545454546 35 1
Communication round: 69, Aggregated Accuracies: 0.8670238095238091 36
Communication round: 69, Eavesdropper Accuracy: 0.9181818181818182 36 1
Communication round: 70, Eavesdropper Accuracy: 0.9409090909090909 37 1
Communication round: 71, Eavesdropper Accuracy: 0.9295454545454546 37 0
Communication round: 72, Eavesdropper Accuracy: 0.9340909090909091 38 1
Communication round: 73, Eavesdropper Accuracy: 0.9181818181818182 38 0
Communication round: 74, Eavesdropper Accuracy: 0.9295454545454546 38 0
Communication round: 75, Smart Eavesdropper Accuracy: 0.9181818181818182 38 0
Communication round: 76, Smart Eavesdropper Accuracy: 0.9318181818181818 38 0
Communication round: 77, Smart Eavesdropper Accuracy: 0.9227272727272727 39 1
Communication round: 78, Smart Eavesdropper Accuracy: 0.9272727272727272 39 0
Communication round: 79, Smart Eavesdropper Accuracy: 0.925 39 0
Communication round: 80, Smart Eavesdropper Accuracy: 0.9340909090909091 39 0
Communication round: 81, Aggregated Accuracies: 0.8739285714285713 40
Communication round: 81, Smart Eavesdropper Accuracy: 0.9068181818181819 40 1
Communication round: 82, Aggregated Accuracies: 0.8665476190476191 41
Communication round: 82, Smart Eavesdropper Accuracy: 0.8681818181818182 41 1
Communication round: 83, Aggregated Accuracies: 0.8792857142857143 42
Communication round: 83, Smart Eavesdropper Accuracy: 0.8863636363636364 42 1
Communication round: 84, Aggregated Accuracies: 0.8721428571428571 43
Communication round: 84, Eavesdropper Accuracy: 0.9272727272727272 43 1
Communication round: 85, Smart Eavesdropper Accuracy: 0.9522727272727273 43 0
Communication round: 86, Smart Eavesdropper Accuracy: 0.95 43 0
Communication round: 87, Smart Eavesdropper Accuracy: 0.9681818181818181 43 0
Communication round: 88, Smart Eavesdropper Accuracy: 0.9409090909090909 43 0
Communication round: 89, Smart Eavesdropper Accuracy: 0.9431818181818182 43 0
Communication round: 90, Smart Eavesdropper Accuracy: 0.925 43 0
Communication round: 91, Smart Eavesdropper Accuracy: 0.9386363636363636 43 0
Communication round: 92, Smart Eavesdropper Accuracy: 0.9318181818181818 43 0
Communication round: 93, Smart Eavesdropper Accuracy: 0.9181818181818182 43 0
Communication round: 94, Smart Eavesdropper Accuracy: 0.9409090909090909 43 0
Communication round: 95, Smart Eavesdropper Accuracy: 0.9136363636363637 43 0
Communication round: 96, Smart Eavesdropper Accuracy: 0.9227272727272727 43 0
Communication round: 97, Smart Eavesdropper Accuracy: 0.9113636363636364 43 0
Communication round: 98, Smart Eavesdropper Accuracy: 0.9181818181818182 43 0
Communication round: 99, Smart Eavesdropper Accuracy: 0.9340909090909091 43 0
----------------------------------------------------------------------------------------------------
----------------------------------------------------------------------------------------------------
P0_False_
----------------------------------------------------------------------------------------------------
Communication round: 0, Eavesdropper Accuracy: 0.13863636363636364 1 1
Communication round: 1, Smart Eavesdropper Accuracy: 0.1340909090909091 1 0
Communication round: 2, Eavesdropper Accuracy: 0.12272727272727273 2 1
Communication round: 3, Eavesdropper Accuracy: 0.10909090909090909 3 1
Communication round: 4, Eavesdropper Accuracy: 0.13863636363636364 3 0
Communication round: 5, Eavesdropper Accuracy: 0.13863636363636364 4 1
Communication round: 6, Eavesdropper Accuracy: 0.1318181818181818 5 1
Communication round: 7, Eavesdropper Accuracy: 0.1318181818181818 5 0
Communication round: 8, Eavesdropper Accuracy: 0.15 6 1
Communication round: 9, Eavesdropper Accuracy: 0.11818181818181818 7 1
Communication round: 10, Aggregated Accuracies: 0.1360714285714285 8
Communication round: 10, Eavesdropper Accuracy: 0.18409090909090908 8 1
Communication round: 11, Eavesdropper Accuracy: 0.18181818181818182 8 0
Communication round: 12, Eavesdropper Accuracy: 0.18409090909090908 8 0
Communication round: 13, Eavesdropper Accuracy: 0.19318181818181818 8 0
Communication round: 14, Eavesdropper Accuracy: 0.19090909090909092 9 1
Communication round: 15, Eavesdropper Accuracy: 0.17045454545454544 10 1
Communication round: 16, Eavesdropper Accuracy: 0.175 11 1
Communication round: 17, Eavesdropper Accuracy: 0.15227272727272728 11 0
Communication round: 18, Eavesdropper Accuracy: 0.19772727272727272 11 0
Communication round: 19, Eavesdropper Accuracy: 0.16363636363636364 12 1
Communication round: 20, Eavesdropper Accuracy: 0.18409090909090908 12 0
Communication round: 21, Eavesdropper Accuracy: 0.20681818181818182 13 1
Communication round: 22, Eavesdropper Accuracy: 0.175 14 1
Communication round: 23, Eavesdropper Accuracy: 0.21818181818181817 14 0
Communication round: 24, Aggregated Accuracies: 0.1948809523809524 15
Communication round: 24, Eavesdropper Accuracy: 0.32045454545454544 15 1
Communication round: 25, Eavesdropper Accuracy: 0.3090909090909091 16 1
Communication round: 26, Aggregated Accuracies: 0.22130952380952376 17
Communication round: 26, Eavesdropper Accuracy: 0.3159090909090909 17 1
Communication round: 27, Aggregated Accuracies: 0.22988095238095238 18
Communication round: 27, Eavesdropper Accuracy: 0.35909090909090907 18 1
Communication round: 28, Aggregated Accuracies: 0.3546428571428571 19
Communication round: 28, Eavesdropper Accuracy: 0.5522727272727272 19 1
Communication round: 29, Aggregated Accuracies: 0.4363095238095239 20
Communication round: 29, Eavesdropper Accuracy: 0.6772727272727272 20 1
Communication round: 30, Aggregated Accuracies: 0.5402380952380954 21
Communication round: 30, Eavesdropper Accuracy: 0.7181818181818181 21 1
Communication round: 31, Aggregated Accuracies: 0.5589285714285713 22
Communication round: 31, Eavesdropper Accuracy: 0.8318181818181818 22 1
Communication round: 32, Aggregated Accuracies: 0.6251190476190476 23
Communication round: 32, Eavesdropper Accuracy: 0.7659090909090909 23 1
Communication round: 33, Aggregated Accuracies: 0.5951190476190474 24
Communication round: 33, Eavesdropper Accuracy: 0.7977272727272727 24 1
Communication round: 34, Eavesdropper Accuracy: 0.8227272727272728 25 1
Communication round: 35, Eavesdropper Accuracy: 0.8136363636363636 25 0
Communication round: 36, Eavesdropper Accuracy: 0.8272727272727273 26 1
Communication round: 37, Eavesdropper Accuracy: 0.8363636363636363 26 0
Communication round: 38, Eavesdropper Accuracy: 0.8204545454545454 26 0
Communication round: 39, Aggregated Accuracies: 0.6620238095238093 27
Communication round: 39, Eavesdropper Accuracy: 0.7704545454545455 27 1
Communication round: 40, Aggregated Accuracies: 0.6808333333333332 28
Communication round: 40, Eavesdropper Accuracy: 0.8363636363636363 28 1
Communication round: 41, Aggregated Accuracies: 0.7096428571428572 29
Communication round: 41, Eavesdropper Accuracy: 0.8409090909090909 29 1
Communication round: 42, Aggregated Accuracies: 0.7371428571428572 30
Communication round: 42, Eavesdropper Accuracy: 0.8704545454545455 30 1
Communication round: 43, Eavesdropper Accuracy: 0.884090909090909 30 0
Communication round: 44, Eavesdropper Accuracy: 0.8772727272727273 30 0
Communication round: 45, Aggregated Accuracies: 0.7382142857142856 31
Communication round: 45, Eavesdropper Accuracy: 0.8863636363636364 31 1
Communication round: 46, Eavesdropper Accuracy: 0.9 31 0
Communication round: 47, Eavesdropper Accuracy: 0.8954545454545455 31 0
Communication round: 48, Eavesdropper Accuracy: 0.8931818181818182 31 0
Communication round: 49, Eavesdropper Accuracy: 0.8409090909090909 32 1
Communication round: 50, Aggregated Accuracies: 0.7630952380952378 33
Communication round: 50, Eavesdropper Accuracy: 0.884090909090909 33 1
Communication round: 51, Aggregated Accuracies: 0.7863095238095233 34
Communication round: 51, Eavesdropper Accuracy: 0.8795454545454545 34 1
Communication round: 52, Aggregated Accuracies: 0.7726190476190478 35
Communication round: 52, Eavesdropper Accuracy: 0.8977272727272727 35 1
Communication round: 53, Aggregated Accuracies: 0.7801190476190477 36
Communication round: 53, Eavesdropper Accuracy: 0.9 36 1
Communication round: 54, Eavesdropper Accuracy: 0.8818181818181818 36 0
Communication round: 55, Aggregated Accuracies: 0.796904761904762 37
Communication round: 55, Eavesdropper Accuracy: 0.9068181818181819 37 1
Communication round: 56, Eavesdropper Accuracy: 0.9113636363636364 37 0
Communication round: 57, Eavesdropper Accuracy: 0.9 38 1
Communication round: 58, Eavesdropper Accuracy: 0.8795454545454545 38 0
Communication round: 59, Eavesdropper Accuracy: 0.8977272727272727 38 0
Communication round: 60, Eavesdropper Accuracy: 0.8977272727272727 38 0
Communication round: 61, Eavesdropper Accuracy: 0.8909090909090909 38 0
Communication round: 62, Eavesdropper Accuracy: 0.9136363636363637 38 0
Communication round: 63, Eavesdropper Accuracy: 0.9159090909090909 38 0
Communication round: 64, Eavesdropper Accuracy: 0.8954545454545455 38 0
Communication round: 65, Eavesdropper Accuracy: 0.9090909090909091 38 0
Communication round: 66, Eavesdropper Accuracy: 0.8886363636363637 38 0
Communication round: 67, Eavesdropper Accuracy: 0.9318181818181818 38 0
Communication round: 68, Eavesdropper Accuracy: 0.9113636363636364 38 0
Communication round: 69, Eavesdropper Accuracy: 0.9159090909090909 38 0
Communication round: 70, Eavesdropper Accuracy: 0.8977272727272727 38 0
Communication round: 71, Eavesdropper Accuracy: 0.9204545454545454 38 0
Communication round: 72, Eavesdropper Accuracy: 0.9 38 0
Communication round: 73, Eavesdropper Accuracy: 0.8931818181818182 38 0
Communication round: 74, Eavesdropper Accuracy: 0.9090909090909091 38 0
Communication round: 75, Smart Eavesdropper Accuracy: 0.8886363636363637 38 0
Communication round: 76, Eavesdropper Accuracy: 0.9159090909090909 39 1
Communication round: 77, Smart Eavesdropper Accuracy: 0.9318181818181818 39 0
Communication round: 78, Aggregated Accuracies: 0.815 40
Communication round: 78, Eavesdropper Accuracy: 0.9113636363636364 40 1
Communication round: 79, Smart Eavesdropper Accuracy: 0.9318181818181818 40 0
Communication round: 80, Aggregated Accuracies: 0.8057142857142859 41
Communication round: 80, Eavesdropper Accuracy: 0.9159090909090909 41 1
Communication round: 81, Eavesdropper Accuracy: 0.9204545454545454 42 1
Communication round: 82, Eavesdropper Accuracy: 0.925 43 1
Communication round: 83, Eavesdropper Accuracy: 0.9181818181818182 43 0
Communication round: 84, Eavesdropper Accuracy: 0.9363636363636364 43 0
Communication round: 85, Smart Eavesdropper Accuracy: 0.9318181818181818 43 0
Communication round: 86, Smart Eavesdropper Accuracy: 0.9204545454545454 43 0
Communication round: 87, Smart Eavesdropper Accuracy: 0.8409090909090909 44 1
Communication round: 88, Smart Eavesdropper Accuracy: 0.9113636363636364 44 0
Communication round: 89, Smart Eavesdropper Accuracy: 0.4909090909090909 44 0
Communication round: 90, Smart Eavesdropper Accuracy: 0.8409090909090909 44 0
Communication round: 91, Smart Eavesdropper Accuracy: 0.8159090909090909 44 0
Communication round: 92, Smart Eavesdropper Accuracy: 0.8590909090909091 44 0
Communication round: 93, Smart Eavesdropper Accuracy: 0.85 45 1
Communication round: 94, Smart Eavesdropper Accuracy: 0.85 45 0
Communication round: 95, Smart Eavesdropper Accuracy: 0.8590909090909091 45 0
Communication round: 96, Smart Eavesdropper Accuracy: 0.8204545454545454 45 0
Communication round: 97, Smart Eavesdropper Accuracy: 0.8613636363636363 46 1
Communication round: 98, Aggregated Accuracies: 0.8170238095238096 47
Communication round: 98, Smart Eavesdropper Accuracy: 0.7886363636363637 47 1
Communication round: 99, Aggregated Accuracies: 0.8233333333333336 48
Communication round: 99, Smart Eavesdropper Accuracy: 0.8522727272727273 48 1
----------------------------------------------------------------------------------------------------
