----------------------------------------------------------------------------------------------------
P0_False_
----------------------------------------------------------------------------------------------------
Communication round: 0, Smart Eavesdropper Accuracy: 0.0880952380952381 0 0
Communication round: 1, Smart Eavesdropper Accuracy: 0.11190476190476191 1 1
Communication round: 2, Smart Eavesdropper Accuracy: 0.11666666666666667 1 0
Communication round: 3, Smart Eavesdropper Accuracy: 0.12142857142857143 1 0
Communication round: 4, Smart Eavesdropper Accuracy: 0.12857142857142856 1 0
Communication round: 5, Smart Eavesdropper Accuracy: 0.17142857142857143 1 0
Communication round: 6, Smart Eavesdropper Accuracy: 0.16428571428571428 1 0
Communication round: 7, Smart Eavesdropper Accuracy: 0.19523809523809524 1 0
Communication round: 8, Smart Eavesdropper Accuracy: 0.17142857142857143 1 0
Communication round: 9, Smart Eavesdropper Accuracy: 0.1595238095238095 1 0
Communication round: 10, Smart Eavesdropper Accuracy: 0.17142857142857143 2 1
Communication round: 11, Smart Eavesdropper Accuracy: 0.21428571428571427 3 1
Communication round: 12, Smart Eavesdropper Accuracy: 0.23095238095238096 4 1
Communication round: 13, Smart Eavesdropper Accuracy: 0.17857142857142858 4 0
Communication round: 14, Smart Eavesdropper Accuracy: 0.18333333333333332 5 1
Communication round: 15, Smart Eavesdropper Accuracy: 0.29523809523809524 5 0
Communication round: 16, Smart Eavesdropper Accuracy: 0.28809523809523807 5 0
Communication round: 17, Smart Eavesdropper Accuracy: 0.25 6 1
Communication round: 18, Smart Eavesdropper Accuracy: 0.27380952380952384 7 1
Communication round: 19, Smart Eavesdropper Accuracy: 0.2785714285714286 7 0
Communication round: 20, Smart Eavesdropper Accuracy: 0.2761904761904762 7 0
Communication round: 21, Smart Eavesdropper Accuracy: 0.2833333333333333 8 1
Communication round: 22, Smart Eavesdropper Accuracy: 0.2357142857142857 9 1
Communication round: 23, Smart Eavesdropper Accuracy: 0.24285714285714285 10 1
Communication round: 24, Smart Eavesdropper Accuracy: 0.20952380952380953 11 1
Communication round: 25, Smart Eavesdropper Accuracy: 0.19523809523809524 11 0
Communication round: 26, Smart Eavesdropper Accuracy: 0.25 11 0
Communication round: 27, Smart Eavesdropper Accuracy: 0.28809523809523807 11 0
Communication round: 28, Aggregated Accuracies: 0.12059523809523809 12
Communication round: 28, Smart Eavesdropper Accuracy: 0.29523809523809524 12 1
Communication round: 29, Aggregated Accuracies: 0.17476190476190467 13
Communication round: 29, Smart Eavesdropper Accuracy: 0.3761904761904762 13 1
Communication round: 30, Aggregated Accuracies: 0.1904761904761904 14
Communication round: 30, Smart Eavesdropper Accuracy: 0.3476190476190476 14 1
Communication round: 31, Smart Eavesdropper Accuracy: 0.36666666666666664 14 0
Communication round: 32, Smart Eavesdropper Accuracy: 0.3547619047619048 14 0
Communication round: 33, Smart Eavesdropper Accuracy: 0.3595238095238095 14 0
Communication round: 34, Smart Eavesdropper Accuracy: 0.3761904761904762 14 0
Communication round: 35, Smart Eavesdropper Accuracy: 0.41904761904761906 14 0
Communication round: 36, Smart Eavesdropper Accuracy: 0.36904761904761907 14 0
Communication round: 37, Smart Eavesdropper Accuracy: 0.3904761904761905 14 0
Communication round: 38, Smart Eavesdropper Accuracy: 0.40476190476190477 15 1
Communication round: 39, Smart Eavesdropper Accuracy: 0.36428571428571427 15 0
Communication round: 40, Smart Eavesdropper Accuracy: 0.36428571428571427 16 1
Communication round: 41, Smart Eavesdropper Accuracy: 0.3547619047619048 17 1
Communication round: 42, Smart Eavesdropper Accuracy: 0.35 17 0
Communication round: 43, Smart Eavesdropper Accuracy: 0.3404761904761905 18 1
Communication round: 44, Smart Eavesdropper Accuracy: 0.3761904761904762 18 0
Communication round: 45, Smart Eavesdropper Accuracy: 0.34523809523809523 19 1
Communication round: 46, Smart Eavesdropper Accuracy: 0.3547619047619048 19 0
Communication round: 47, Aggregated Accuracies: 0.21178571428571424 20
Communication round: 47, Smart Eavesdropper Accuracy: 0.3976190476190476 20 1
Communication round: 48, Aggregated Accuracies: 0.2228571428571427 21
Communication round: 48, Smart Eavesdropper Accuracy: 0.3952380952380952 21 1
Communication round: 49, Smart Eavesdropper Accuracy: 0.3952380952380952 22 1
Communication round: 50, Smart Eavesdropper Accuracy: 0.38571428571428573 22 0
Communication round: 51, Smart Eavesdropper Accuracy: 0.4166666666666667 23 1
Communication round: 52, Smart Eavesdropper Accuracy: 0.4142857142857143 24 1
Communication round: 53, Smart Eavesdropper Accuracy: 0.4023809523809524 24 0
Communication round: 54, Smart Eavesdropper Accuracy: 0.42142857142857143 24 0
Communication round: 55, Smart Eavesdropper Accuracy: 0.4166666666666667 24 0
Communication round: 56, Smart Eavesdropper Accuracy: 0.40714285714285714 25 1
Communication round: 57, Smart Eavesdropper Accuracy: 0.4238095238095238 26 1
Communication round: 58, Smart Eavesdropper Accuracy: 0.44285714285714284 26 0
Communication round: 59, Smart Eavesdropper Accuracy: 0.4523809523809524 26 0
Communication round: 60, Smart Eavesdropper Accuracy: 0.40476190476190477 26 0
Communication round: 61, Aggregated Accuracies: 0.2432142857142857 27
Communication round: 61, Smart Eavesdropper Accuracy: 0.44047619047619047 27 1
Communication round: 62, Smart Eavesdropper Accuracy: 0.34285714285714286 27 0
Communication round: 63, Aggregated Accuracies: 0.25750000000000006 28
Communication round: 63, Smart Eavesdropper Accuracy: 0.4238095238095238 28 1
Communication round: 64, Aggregated Accuracies: 0.28333333333333344 29
Communication round: 64, Smart Eavesdropper Accuracy: 0.41904761904761906 29 1
Communication round: 65, Aggregated Accuracies: 0.29559523809523813 30
Communication round: 65, Smart Eavesdropper Accuracy: 0.44285714285714284 30 1
Communication round: 66, Aggregated Accuracies: 0.30857142857142866 31
Communication round: 66, Smart Eavesdropper Accuracy: 0.4452380952380952 31 1
Communication round: 67, Aggregated Accuracies: 0.3203571428571429 32
Communication round: 67, Smart Eavesdropper Accuracy: 0.44761904761904764 32 1
Communication round: 68, Smart Eavesdropper Accuracy: 0.4 32 0
Communication round: 69, Smart Eavesdropper Accuracy: 0.3976190476190476 32 0
Communication round: 70, Smart Eavesdropper Accuracy: 0.4119047619047619 32 0
Communication round: 71, Smart Eavesdropper Accuracy: 0.43333333333333335 32 0
Communication round: 72, Aggregated Accuracies: 0.33226190476190465 33
Communication round: 72, Smart Eavesdropper Accuracy: 0.44761904761904764 33 1
Communication round: 73, Aggregated Accuracies: 0.3420238095238096 34
Communication round: 73, Smart Eavesdropper Accuracy: 0.4357142857142857 34 1
Communication round: 74, Smart Eavesdropper Accuracy: 0.4523809523809524 35 1
Communication round: 75, Smart Eavesdropper Accuracy: 0.45476190476190476 35 0
Communication round: 76, Smart Eavesdropper Accuracy: 0.4523809523809524 35 0
Communication round: 77, Smart Eavesdropper Accuracy: 0.44761904761904764 36 1
Communication round: 78, Smart Eavesdropper Accuracy: 0.45714285714285713 36 0
Communication round: 79, Smart Eavesdropper Accuracy: 0.430952380952381 36 0
Communication round: 80, Aggregated Accuracies: 0.3470238095238094 37
Communication round: 80, Smart Eavesdropper Accuracy: 0.45714285714285713 37 1
Communication round: 81, Smart Eavesdropper Accuracy: 0.44047619047619047 38 1
Communication round: 82, Smart Eavesdropper Accuracy: 0.44761904761904764 38 0
Communication round: 83, Smart Eavesdropper Accuracy: 0.4452380952380952 38 0
Communication round: 84, Smart Eavesdropper Accuracy: 0.3880952380952381 38 0
Communication round: 85, Smart Eavesdropper Accuracy: 0.4666666666666667 39 1
Communication round: 86, Smart Eavesdropper Accuracy: 0.46190476190476193 39 0
Communication round: 87, Aggregated Accuracies: 0.35940476190476184 40
Communication round: 87, Smart Eavesdropper Accuracy: 0.4595238095238095 40 1
Communication round: 88, Smart Eavesdropper Accuracy: 0.45714285714285713 40 0
Communication round: 89, Smart Eavesdropper Accuracy: 0.4595238095238095 40 0
Communication round: 90, Smart Eavesdropper Accuracy: 0.45714285714285713 41 1
Communication round: 91, Smart Eavesdropper Accuracy: 0.4595238095238095 42 1
Communication round: 92, Smart Eavesdropper Accuracy: 0.4595238095238095 42 0
Communication round: 93, Smart Eavesdropper Accuracy: 0.46190476190476193 43 1
Communication round: 94, Smart Eavesdropper Accuracy: 0.4666666666666667 43 0
Communication round: 95, Smart Eavesdropper Accuracy: 0.4785714285714286 44 1
Communication round: 96, Smart Eavesdropper Accuracy: 0.4785714285714286 44 0
Communication round: 97, Smart Eavesdropper Accuracy: 0.4738095238095238 44 0
Communication round: 98, Smart Eavesdropper Accuracy: 0.4714285714285714 45 1
Communication round: 99, Smart Eavesdropper Accuracy: 0.4666666666666667 46 1
Communication round: 100, Smart Eavesdropper Accuracy: 0.4738095238095238 47 1
Communication round: 101, Smart Eavesdropper Accuracy: 0.4738095238095238 47 0
Communication round: 102, Aggregated Accuracies: 0.36250000000000004 48
Communication round: 102, Smart Eavesdropper Accuracy: 0.4738095238095238 48 1
Communication round: 103, Smart Eavesdropper Accuracy: 0.4785714285714286 49 1
Communication round: 104, Smart Eavesdropper Accuracy: 0.47619047619047616 49 0
Communication round: 105, Smart Eavesdropper Accuracy: 0.4738095238095238 50 1
Communication round: 106, Smart Eavesdropper Accuracy: 0.49047619047619045 50 0
Communication round: 107, Smart Eavesdropper Accuracy: 0.4857142857142857 50 0
Communication round: 108, Smart Eavesdropper Accuracy: 0.4738095238095238 51 1
Communication round: 109, Smart Eavesdropper Accuracy: 0.48095238095238096 52 1
Communication round: 110, Smart Eavesdropper Accuracy: 0.4880952380952381 52 0
Communication round: 111, Aggregated Accuracies: 0.37654761904761913 53
Communication round: 111, Smart Eavesdropper Accuracy: 0.48333333333333334 53 1
Communication round: 112, Smart Eavesdropper Accuracy: 0.45714285714285713 54 1
Communication round: 113, Smart Eavesdropper Accuracy: 0.4523809523809524 55 1
Communication round: 114, Smart Eavesdropper Accuracy: 0.4595238095238095 56 1
Communication round: 115, Smart Eavesdropper Accuracy: 0.45 56 0
Communication round: 116, Aggregated Accuracies: 0.3782142857142858 57
Communication round: 116, Smart Eavesdropper Accuracy: 0.46904761904761905 57 1
Communication round: 117, Smart Eavesdropper Accuracy: 0.4738095238095238 57 0
Communication round: 118, Aggregated Accuracies: 0.3844047619047619 58
Communication round: 118, Smart Eavesdropper Accuracy: 0.2761904761904762 58 1
Communication round: 119, Smart Eavesdropper Accuracy: 0.45476190476190476 58 0
Communication round: 120, Aggregated Accuracies: 0.3951190476190476 59
Communication round: 120, Smart Eavesdropper Accuracy: 0.39285714285714285 59 1
Communication round: 121, Smart Eavesdropper Accuracy: 0.46190476190476193 59 0
Communication round: 122, Smart Eavesdropper Accuracy: 0.4595238095238095 59 0
Communication round: 123, Smart Eavesdropper Accuracy: 0.4714285714285714 59 0
Communication round: 124, Aggregated Accuracies: 0.400595238095238 60
Communication round: 124, Smart Eavesdropper Accuracy: 0.4595238095238095 60 1
Communication round: 125, Aggregated Accuracies: 0.4096428571428571 61
Communication round: 125, Smart Eavesdropper Accuracy: 0.4666666666666667 61 1
Communication round: 126, Smart Eavesdropper Accuracy: 0.4642857142857143 61 0
Communication round: 127, Smart Eavesdropper Accuracy: 0.4714285714285714 61 0
Communication round: 128, Smart Eavesdropper Accuracy: 0.46904761904761905 61 0
Communication round: 129, Aggregated Accuracies: 0.4134523809523809 62
Communication round: 129, Smart Eavesdropper Accuracy: 0.4595238095238095 62 1
Communication round: 130, Smart Eavesdropper Accuracy: 0.45714285714285713 62 0
Communication round: 131, Smart Eavesdropper Accuracy: 0.46904761904761905 62 0
Communication round: 132, Smart Eavesdropper Accuracy: 0.4642857142857143 62 0
Communication round: 133, Smart Eavesdropper Accuracy: 0.4714285714285714 62 0
Communication round: 134, Aggregated Accuracies: 0.415952380952381 63
Communication round: 134, Smart Eavesdropper Accuracy: 0.4523809523809524 63 1
Communication round: 135, Smart Eavesdropper Accuracy: 0.4666666666666667 63 0
Communication round: 136, Aggregated Accuracies: 0.4272619047619047 64
Communication round: 136, Smart Eavesdropper Accuracy: 0.47619047619047616 64 1
Communication round: 137, Aggregated Accuracies: 0.4341666666666667 65
Communication round: 137, Smart Eavesdropper Accuracy: 0.48095238095238096 65 1
Communication round: 138, Aggregated Accuracies: 0.4451190476190476 66
Communication round: 138, Smart Eavesdropper Accuracy: 0.4880952380952381 66 1
Communication round: 139, Aggregated Accuracies: 0.45273809523809516 67
Communication round: 139, Smart Eavesdropper Accuracy: 0.4928571428571429 67 1
Communication round: 140, Aggregated Accuracies: 0.45833333333333315 68
Communication round: 140, Smart Eavesdropper Accuracy: 0.4976190476190476 68 1
Communication round: 141, Aggregated Accuracies: 0.4603571428571428 69
Communication round: 141, Smart Eavesdropper Accuracy: 0.49523809523809526 69 1
Communication round: 142, Smart Eavesdropper Accuracy: 0.4976190476190476 69 0
Communication round: 143, Smart Eavesdropper Accuracy: 0.5047619047619047 69 0
Communication round: 144, Smart Eavesdropper Accuracy: 0.5119047619047619 69 0
Communication round: 145, Smart Eavesdropper Accuracy: 0.4976190476190476 69 0
Communication round: 146, Smart Eavesdropper Accuracy: 0.49523809523809526 69 0
Communication round: 147, Aggregated Accuracies: 0.47428571428571437 70
Communication round: 147, Smart Eavesdropper Accuracy: 0.5047619047619047 70 1
Communication round: 148, Aggregated Accuracies: 0.47940476190476167 71
Communication round: 148, Smart Eavesdropper Accuracy: 0.5047619047619047 71 1
Communication round: 149, Aggregated Accuracies: 0.4861904761904759 72
Communication round: 149, Smart Eavesdropper Accuracy: 0.5142857142857142 72 1
Communication round: 150, Aggregated Accuracies: 0.4941666666666668 73
Communication round: 150, Smart Eavesdropper Accuracy: 0.5142857142857142 73 1
Communication round: 151, Aggregated Accuracies: 0.49678571428571416 74
Communication round: 151, Smart Eavesdropper Accuracy: 0.5142857142857142 74 1
Communication round: 152, Smart Eavesdropper Accuracy: 0.5142857142857142 74 0
Communication round: 153, Smart Eavesdropper Accuracy: 0.5238095238095238 74 0
Communication round: 154, Aggregated Accuracies: 0.5111904761904764 75
Communication round: 154, Smart Eavesdropper Accuracy: 0.5261904761904762 75 1
Communication round: 155, Smart Eavesdropper Accuracy: 0.5404761904761904 75 0
Communication round: 156, Smart Eavesdropper Accuracy: 0.5285714285714286 75 0
Communication round: 157, Smart Eavesdropper Accuracy: 0.5523809523809524 76 1
Communication round: 158, Smart Eavesdropper Accuracy: 0.5523809523809524 76 0
Communication round: 159, Aggregated Accuracies: 0.5180952380952382 77
Communication round: 159, Smart Eavesdropper Accuracy: 0.55 77 1
Communication round: 160, Smart Eavesdropper Accuracy: 0.5476190476190477 77 0
Communication round: 161, Smart Eavesdropper Accuracy: 0.5452380952380952 77 0
Communication round: 162, Aggregated Accuracies: 0.5252380952380952 78
Communication round: 162, Smart Eavesdropper Accuracy: 0.5452380952380952 78 1
Communication round: 163, Smart Eavesdropper Accuracy: 0.5428571428571428 78 0
Communication round: 164, Aggregated Accuracies: 0.5328571428571427 79
Communication round: 164, Smart Eavesdropper Accuracy: 0.5333333333333333 79 1
Communication round: 165, Aggregated Accuracies: 0.5407142857142855 80
Communication round: 165, Smart Eavesdropper Accuracy: 0.5404761904761904 80 1
Communication round: 166, Aggregated Accuracies: 0.5453571428571427 81
Communication round: 166, Smart Eavesdropper Accuracy: 0.5285714285714286 81 1
Communication round: 167, Smart Eavesdropper Accuracy: 0.5261904761904762 81 0
Communication round: 168, Aggregated Accuracies: 0.5667857142857144 82
Communication round: 168, Smart Eavesdropper Accuracy: 0.5071428571428571 82 1
Communication round: 169, Aggregated Accuracies: 0.5725 83
Communication round: 169, Smart Eavesdropper Accuracy: 0.5238095238095238 83 1
Communication round: 170, Smart Eavesdropper Accuracy: 0.5214285714285715 83 0
Communication round: 171, Aggregated Accuracies: 0.588095238095238 84
Communication round: 171, Smart Eavesdropper Accuracy: 0.5333333333333333 84 1
Communication round: 172, Smart Eavesdropper Accuracy: 0.4785714285714286 84 0
Communication round: 173, Smart Eavesdropper Accuracy: 0.5119047619047619 84 0
Communication round: 174, Smart Eavesdropper Accuracy: 0.5238095238095238 84 0
Communication round: 175, Smart Eavesdropper Accuracy: 0.5428571428571428 84 0
Communication round: 176, Aggregated Accuracies: 0.6052380952380951 85
Communication round: 176, Smart Eavesdropper Accuracy: 0.5476190476190477 85 1
Communication round: 177, Smart Eavesdropper Accuracy: 0.5047619047619047 85 0
Communication round: 178, Aggregated Accuracies: 0.6061904761904762 86
Communication round: 178, Smart Eavesdropper Accuracy: 0.5142857142857142 86 1
Communication round: 179, Smart Eavesdropper Accuracy: 0.5190476190476191 86 0
Communication round: 180, Smart Eavesdropper Accuracy: 0.5285714285714286 86 0
Communication round: 181, Aggregated Accuracies: 0.6203571428571427 87
Communication round: 181, Smart Eavesdropper Accuracy: 0.5333333333333333 87 1
Communication round: 182, Aggregated Accuracies: 0.632857142857143 88
Communication round: 182, Smart Eavesdropper Accuracy: 0.5404761904761904 88 1
Communication round: 183, Smart Eavesdropper Accuracy: 0.5547619047619048 89 1
Communication round: 184, Aggregated Accuracies: 0.6376190476190478 90
Communication round: 184, Smart Eavesdropper Accuracy: 0.5452380952380952 90 1
Communication round: 185, Smart Eavesdropper Accuracy: 0.5357142857142857 90 0
Communication round: 186, Aggregated Accuracies: 0.6426190476190478 91
Communication round: 186, Smart Eavesdropper Accuracy: 0.5119047619047619 91 1
Communication round: 187, Smart Eavesdropper Accuracy: 0.5333333333333333 91 0
Communication round: 188, Aggregated Accuracies: 0.6472619047619047 92
Communication round: 188, Smart Eavesdropper Accuracy: 0.5428571428571428 92 1
Communication round: 189, Aggregated Accuracies: 0.6591666666666662 93
Communication round: 189, Smart Eavesdropper Accuracy: 0.5476190476190477 93 1
Communication round: 190, Aggregated Accuracies: 0.6624999999999999 94
Communication round: 190, Smart Eavesdropper Accuracy: 0.5595238095238095 94 1
Communication round: 191, Aggregated Accuracies: 0.6698809523809524 95
Communication round: 191, Smart Eavesdropper Accuracy: 0.5404761904761904 95 1
Communication round: 192, Smart Eavesdropper Accuracy: 0.5428571428571428 95 0
Communication round: 193, Smart Eavesdropper Accuracy: 0.5452380952380952 95 0
Communication round: 194, Smart Eavesdropper Accuracy: 0.5452380952380952 96 1
Communication round: 195, Smart Eavesdropper Accuracy: 0.5547619047619048 97 1
Communication round: 196, Aggregated Accuracies: 0.6711904761904763 98
Communication round: 196, Smart Eavesdropper Accuracy: 0.5595238095238095 98 1
Communication round: 197, Aggregated Accuracies: 0.6804761904761902 99
Communication round: 197, Smart Eavesdropper Accuracy: 0.5571428571428572 99 1
Communication round: 198, Smart Eavesdropper Accuracy: 0.5595238095238095 99 0
Communication round: 199, Smart Eavesdropper Accuracy: 0.5547619047619048 99 0
Communication round: 200, Smart Eavesdropper Accuracy: 0.5547619047619048 99 0
Communication round: 201, Aggregated Accuracies: 0.6908333333333332 100
Communication round: 201, Smart Eavesdropper Accuracy: 0.5428571428571428 100 1
Communication round: 202, Smart Eavesdropper Accuracy: 0.5452380952380952 100 0
Communication round: 203, Smart Eavesdropper Accuracy: 0.55 100 0
Communication round: 204, Aggregated Accuracies: 0.6924999999999997 101
Communication round: 204, Smart Eavesdropper Accuracy: 0.5547619047619048 101 1
Communication round: 205, Aggregated Accuracies: 0.6935714285714283 102
Communication round: 205, Smart Eavesdropper Accuracy: 0.5476190476190477 102 1
Communication round: 206, Smart Eavesdropper Accuracy: 0.5166666666666667 102 0
Communication round: 207, Aggregated Accuracies: 0.7078571428571426 103
Communication round: 207, Smart Eavesdropper Accuracy: 0.5261904761904762 103 1
Communication round: 208, Aggregated Accuracies: 0.7102380952380956 104
Communication round: 208, Smart Eavesdropper Accuracy: 0.45 104 1
Communication round: 209, Smart Eavesdropper Accuracy: 0.5404761904761904 104 0
Communication round: 210, Smart Eavesdropper Accuracy: 0.5357142857142857 104 0
Communication round: 211, Smart Eavesdropper Accuracy: 0.5357142857142857 104 0
Communication round: 212, Aggregated Accuracies: 0.7157142857142859 105
Communication round: 212, Smart Eavesdropper Accuracy: 0.5 105 1
Communication round: 213, Aggregated Accuracies: 0.7244047619047614 106
Communication round: 213, Smart Eavesdropper Accuracy: 0.48333333333333334 106 1
Communication round: 214, Aggregated Accuracies: 0.7182142857142858 107
Communication round: 214, Smart Eavesdropper Accuracy: 0.55 107 1
Communication round: 215, Smart Eavesdropper Accuracy: 0.5547619047619048 107 0
Communication round: 216, Aggregated Accuracies: 0.7270238095238096 108
Communication round: 216, Smart Eavesdropper Accuracy: 0.5595238095238095 108 1
Communication round: 217, Aggregated Accuracies: 0.7341666666666667 109
Communication round: 217, Smart Eavesdropper Accuracy: 0.5547619047619048 109 1
Communication round: 218, Aggregated Accuracies: 0.7328571428571425 110
Communication round: 218, Eavesdropper Accuracy: 0.7476190476190476 110 1
Communication round: 219, Smart Eavesdropper Accuracy: 0.5738095238095238 110 0
Communication round: 220, Smart Eavesdropper Accuracy: 0.5047619047619047 110 0
Communication round: 221, Smart Eavesdropper Accuracy: 0.11190476190476191 110 0
Communication round: 222, Smart Eavesdropper Accuracy: 0.23333333333333334 110 0
Communication round: 223, Smart Eavesdropper Accuracy: 0.3380952380952381 110 0
Communication round: 224, Smart Eavesdropper Accuracy: 0.38333333333333336 110 0
Communication round: 225, Smart Eavesdropper Accuracy: 0.33095238095238094 110 0
Communication round: 226, Smart Eavesdropper Accuracy: 0.4380952380952381 111 1
Communication round: 227, Smart Eavesdropper Accuracy: 0.4166666666666667 112 1
Communication round: 228, Aggregated Accuracies: 0.7419047619047621 113
Communication round: 228, Smart Eavesdropper Accuracy: 0.36904761904761907 113 1
Communication round: 229, Smart Eavesdropper Accuracy: 0.3761904761904762 114 1
Communication round: 230, Smart Eavesdropper Accuracy: 0.41904761904761906 115 1
Communication round: 231, Smart Eavesdropper Accuracy: 0.430952380952381 115 0
Communication round: 232, Smart Eavesdropper Accuracy: 0.4238095238095238 116 1
Communication round: 233, Smart Eavesdropper Accuracy: 0.3261904761904762 117 1
Communication round: 234, Eavesdropper Accuracy: 0.7523809523809524 118 1
Communication round: 235, Eavesdropper Accuracy: 0.7523809523809524 119 1
Communication round: 236, Eavesdropper Accuracy: 0.7523809523809524 120 1
Communication round: 237, Eavesdropper Accuracy: 0.7523809523809524 121 1
Communication round: 238, Eavesdropper Accuracy: 0.7523809523809524 122 1
Communication round: 239, Eavesdropper Accuracy: 0.7523809523809524 122 0
----------------------------------------------------------------------------------------------------
