----------------------------------------------------------------------------------------------------
50_30_100_1_8_0.8_False_
----------------------------------------------------------------------------------------------------
Communication round: 0, Eavesdropper Accuracy: 0.10227272727272728 1 1
Communication round: 1, Aggregated Accuracies: 0.14226190476190476 2
Communication round: 1, Eavesdropper Accuracy: 0.1318181818181818 2 1
Communication round: 2, Eavesdropper Accuracy: 0.17272727272727273 2 0
Communication round: 3, Eavesdropper Accuracy: 0.12727272727272726 3 1
Communication round: 4, Eavesdropper Accuracy: 0.17045454545454544 4 1
Communication round: 5, Eavesdropper Accuracy: 0.13636363636363635 4 0
Communication round: 6, Aggregated Accuracies: 0.17750000000000005 5
Communication round: 6, Eavesdropper Accuracy: 0.18636363636363637 5 1
Communication round: 7, Eavesdropper Accuracy: 0.18863636363636363 6 1
Communication round: 8, Eavesdropper Accuracy: 0.20681818181818182 7 1
Communication round: 9, Eavesdropper Accuracy: 0.20909090909090908 8 1
Communication round: 10, Eavesdropper Accuracy: 0.20909090909090908 8 0
Communication round: 11, Eavesdropper Accuracy: 0.2 8 0
Communication round: 12, Aggregated Accuracies: 0.22250000000000006 9
Communication round: 12, Eavesdropper Accuracy: 0.31136363636363634 9 1
Communication round: 13, Aggregated Accuracies: 0.2898809523809524 10
Communication round: 13, Eavesdropper Accuracy: 0.3659090909090909 10 1
Communication round: 14, Eavesdropper Accuracy: 0.375 11 1
Communication round: 15, Aggregated Accuracies: 0.34738095238095257 12
Communication round: 15, Eavesdropper Accuracy: 0.41363636363636364 12 1
Communication round: 16, Eavesdropper Accuracy: 0.4 13 1
Communication round: 17, Eavesdropper Accuracy: 0.39545454545454545 14 1
Communication round: 18, Eavesdropper Accuracy: 0.4 15 1
Communication round: 19, Eavesdropper Accuracy: 0.4022727272727273 15 0
Communication round: 20, Eavesdropper Accuracy: 0.4318181818181818 16 1
Communication round: 21, Eavesdropper Accuracy: 0.4068181818181818 17 1
Communication round: 22, Aggregated Accuracies: 0.39500000000000013 18
Communication round: 22, Eavesdropper Accuracy: 0.4590909090909091 18 1
Communication round: 23, Eavesdropper Accuracy: 0.40454545454545454 19 1
Communication round: 24, Eavesdropper Accuracy: 0.45227272727272727 20 1
Communication round: 25, Aggregated Accuracies: 0.41916666666666685 21
Communication round: 25, Eavesdropper Accuracy: 0.4863636363636364 21 1
Communication round: 26, Eavesdropper Accuracy: 0.4727272727272727 22 1
Communication round: 27, Eavesdropper Accuracy: 0.49772727272727274 23 1
Communication round: 28, Eavesdropper Accuracy: 0.49772727272727274 24 1
Communication round: 29, Aggregated Accuracies: 0.4740476190476189 25
Communication round: 29, Eavesdropper Accuracy: 0.5181818181818182 25 1
Communication round: 30, Aggregated Accuracies: 0.4932142857142857 26
Communication round: 30, Eavesdropper Accuracy: 0.5204545454545455 26 1
Communication round: 31, Eavesdropper Accuracy: 0.5363636363636364 27 1
Communication round: 32, Eavesdropper Accuracy: 0.5159090909090909 27 0
Communication round: 33, Eavesdropper Accuracy: 0.5068181818181818 27 0
Communication round: 34, Eavesdropper Accuracy: 0.5159090909090909 27 0
Communication round: 35, Aggregated Accuracies: 0.5297619047619047 28
Communication round: 35, Eavesdropper Accuracy: 0.5545454545454546 28 1
Communication round: 36, Eavesdropper Accuracy: 0.55 29 1
Communication round: 37, Eavesdropper Accuracy: 0.5659090909090909 30 1
Communication round: 38, Eavesdropper Accuracy: 0.5909090909090909 30 0
Communication round: 39, Eavesdropper Accuracy: 0.5636363636363636 31 1
Communication round: 40, Eavesdropper Accuracy: 0.5613636363636364 32 1
Communication round: 41, Eavesdropper Accuracy: 0.5795454545454546 32 0
Communication round: 42, Eavesdropper Accuracy: 0.6022727272727273 32 0
Communication round: 43, Eavesdropper Accuracy: 0.5772727272727273 33 1
Communication round: 44, Eavesdropper Accuracy: 0.5977272727272728 34 1
Communication round: 45, Eavesdropper Accuracy: 0.6022727272727273 35 1
Communication round: 46, Aggregated Accuracies: 0.5597619047619048 36
Communication round: 46, Eavesdropper Accuracy: 0.5931818181818181 36 1
Communication round: 47, Eavesdropper Accuracy: 0.6204545454545455 37 1
Communication round: 48, Eavesdropper Accuracy: 0.6090909090909091 38 1
Communication round: 49, Eavesdropper Accuracy: 0.6363636363636364 39 1
Communication round: 50, Eavesdropper Accuracy: 0.6181818181818182 40 1
Communication round: 51, Eavesdropper Accuracy: 0.5886363636363636 41 1
Communication round: 52, Aggregated Accuracies: 0.5944047619047619 42
Communication round: 52, Eavesdropper Accuracy: 0.6272727272727273 42 1
Communication round: 53, Eavesdropper Accuracy: 0.6318181818181818 43 1
Communication round: 54, Eavesdropper Accuracy: 0.6545454545454545 44 1
Communication round: 55, Aggregated Accuracies: 0.6123809523809524 45
Communication round: 55, Eavesdropper Accuracy: 0.6318181818181818 45 1
Communication round: 56, Eavesdropper Accuracy: 0.6522727272727272 46 1
Communication round: 57, Eavesdropper Accuracy: 0.6454545454545455 47 1
Communication round: 58, Eavesdropper Accuracy: 0.6363636363636364 47 0
Communication round: 59, Eavesdropper Accuracy: 0.6272727272727273 48 1
Communication round: 60, Eavesdropper Accuracy: 0.6227272727272727 49 1
Communication round: 61, Eavesdropper Accuracy: 0.6636363636363637 49 0
Communication round: 62, Eavesdropper Accuracy: 0.6704545454545454 50 1
Communication round: 63, Eavesdropper Accuracy: 0.6613636363636364 50 0
Communication round: 64, Eavesdropper Accuracy: 0.6295454545454545 50 0
Communication round: 65, Eavesdropper Accuracy: 0.6477272727272727 51 1
Communication round: 66, Eavesdropper Accuracy: 0.6522727272727272 52 1
Communication round: 67, Eavesdropper Accuracy: 0.6613636363636364 52 0
Communication round: 68, Eavesdropper Accuracy: 0.6409090909090909 52 0
Communication round: 69, Eavesdropper Accuracy: 0.6068181818181818 52 0
Communication round: 70, Eavesdropper Accuracy: 0.6068181818181818 52 0
Communication round: 71, Aggregated Accuracies: 0.635 53
Communication round: 71, Eavesdropper Accuracy: 0.7068181818181818 53 1
Communication round: 72, Eavesdropper Accuracy: 0.6886363636363636 53 0
Communication round: 73, Eavesdropper Accuracy: 0.6818181818181818 53 0
Communication round: 74, Aggregated Accuracies: 0.6647619047619047 54
Communication round: 74, Eavesdropper Accuracy: 0.7136363636363636 54 1
Communication round: 75, Eavesdropper Accuracy: 0.6977272727272728 54 0
Communication round: 76, Aggregated Accuracies: 0.6841666666666667 55
Communication round: 76, Eavesdropper Accuracy: 0.7454545454545455 55 1
Communication round: 77, Aggregated Accuracies: 0.7032142857142857 56
Communication round: 77, Eavesdropper Accuracy: 0.7431818181818182 56 1
Communication round: 78, Eavesdropper Accuracy: 0.75 57 1
Communication round: 79, Eavesdropper Accuracy: 0.75 58 1
Communication round: 80, Eavesdropper Accuracy: 0.7159090909090909 58 0
Communication round: 81, Aggregated Accuracies: 0.7323809523809526 59
Communication round: 81, Eavesdropper Accuracy: 0.7431818181818182 59 1
Communication round: 82, Aggregated Accuracies: 0.7505952380952381 60
Communication round: 82, Eavesdropper Accuracy: 0.7886363636363637 60 1
Communication round: 83, Aggregated Accuracies: 0.7616666666666667 61
Communication round: 83, Eavesdropper Accuracy: 0.7886363636363637 61 1
Communication round: 84, Eavesdropper Accuracy: 0.8 62 1
Communication round: 85, Eavesdropper Accuracy: 0.8113636363636364 63 1
Communication round: 86, Eavesdropper Accuracy: 0.7772727272727272 63 0
Communication round: 87, Eavesdropper Accuracy: 0.8136363636363636 64 1
Communication round: 88, Eavesdropper Accuracy: 0.775 64 0
Communication round: 89, Eavesdropper Accuracy: 0.7795454545454545 64 0
Communication round: 90, Eavesdropper Accuracy: 0.7863636363636364 64 0
Communication round: 91, Eavesdropper Accuracy: 0.7977272727272727 64 0
Communication round: 92, Eavesdropper Accuracy: 0.7840909090909091 64 0
Communication round: 93, Aggregated Accuracies: 0.7810714285714283 65
Communication round: 93, Eavesdropper Accuracy: 0.8068181818181818 65 1
Communication round: 94, Eavesdropper Accuracy: 0.7977272727272727 65 0
Communication round: 95, Eavesdropper Accuracy: 0.7954545454545454 65 0
Communication round: 96, Eavesdropper Accuracy: 0.8136363636363636 65 0
Communication round: 97, Eavesdropper Accuracy: 0.7977272727272727 65 0
Communication round: 98, Eavesdropper Accuracy: 0.8 65 0
Communication round: 99, Eavesdropper Accuracy: 0.8068181818181818 65 0
----------------------------------------------------------------------------------------------------
----------------------------------------------------------------------------------------------------
50_30_100_1_8_0.8_False_
----------------------------------------------------------------------------------------------------
Communication round: 0, Smart Eavesdropper Accuracy: 0.4068181818181818 0 0
Communication round: 1, Smart Eavesdropper Accuracy: 0.6863636363636364 0 0
Communication round: 2, Smart Eavesdropper Accuracy: 0.7977272727272727 0 0
Communication round: 3, Smart Eavesdropper Accuracy: 0.8295454545454546 0 0
Communication round: 4, Smart Eavesdropper Accuracy: 0.8568181818181818 1 1
Communication round: 5, Smart Eavesdropper Accuracy: 0.884090909090909 2 1
Communication round: 6, Smart Eavesdropper Accuracy: 0.8795454545454545 3 1
Communication round: 7, Smart Eavesdropper Accuracy: 0.9159090909090909 4 1
Communication round: 8, Eavesdropper Accuracy: 0.125 5 1
Communication round: 9, Eavesdropper Accuracy: 0.12272727272727273 6 1
Communication round: 10, Eavesdropper Accuracy: 0.1340909090909091 7 1
Communication round: 11, Eavesdropper Accuracy: 0.1409090909090909 8 1
Communication round: 12, Eavesdropper Accuracy: 0.125 9 1
Communication round: 13, Eavesdropper Accuracy: 0.1318181818181818 9 0
Communication round: 14, Eavesdropper Accuracy: 0.14772727272727273 10 1
Communication round: 15, Eavesdropper Accuracy: 0.13863636363636364 11 1
Communication round: 16, Eavesdropper Accuracy: 0.15227272727272728 11 0
Communication round: 17, Aggregated Accuracies: 0.1588095238095238 12
Communication round: 17, Eavesdropper Accuracy: 0.17272727272727273 12 1
Communication round: 18, Eavesdropper Accuracy: 0.14772727272727273 12 0
Communication round: 19, Eavesdropper Accuracy: 0.14545454545454545 13 1
Communication round: 20, Eavesdropper Accuracy: 0.17045454545454544 14 1
Communication round: 21, Eavesdropper Accuracy: 0.16363636363636364 14 0
Communication round: 22, Aggregated Accuracies: 0.18928571428571422 15
Communication round: 22, Eavesdropper Accuracy: 0.20454545454545456 15 1
Communication round: 23, Eavesdropper Accuracy: 0.22727272727272727 16 1
Communication round: 24, Eavesdropper Accuracy: 0.21136363636363636 16 0
Communication round: 25, Eavesdropper Accuracy: 0.22045454545454546 17 1
Communication round: 26, Eavesdropper Accuracy: 0.2159090909090909 18 1
Communication round: 27, Aggregated Accuracies: 0.22154761904761902 19
Communication round: 27, Eavesdropper Accuracy: 0.2340909090909091 19 1
Communication round: 28, Aggregated Accuracies: 0.25511904761904763 20
Communication round: 28, Eavesdropper Accuracy: 0.30227272727272725 20 1
Communication round: 29, Aggregated Accuracies: 0.3147619047619048 21
Communication round: 29, Eavesdropper Accuracy: 0.35454545454545455 21 1
Communication round: 30, Eavesdropper Accuracy: 0.36818181818181817 22 1
Communication round: 31, Aggregated Accuracies: 0.3575 23
Communication round: 31, Eavesdropper Accuracy: 0.39090909090909093 23 1
Communication round: 32, Aggregated Accuracies: 0.39690476190476187 24
Communication round: 32, Eavesdropper Accuracy: 0.45681818181818185 24 1
Communication round: 33, Eavesdropper Accuracy: 0.4431818181818182 25 1
Communication round: 34, Eavesdropper Accuracy: 0.4409090909090909 26 1
Communication round: 35, Eavesdropper Accuracy: 0.47954545454545455 27 1
Communication round: 36, Eavesdropper Accuracy: 0.47954545454545455 28 1
Communication round: 37, Eavesdropper Accuracy: 0.42727272727272725 29 1
Communication round: 38, Eavesdropper Accuracy: 0.4431818181818182 30 1
Communication round: 39, Aggregated Accuracies: 0.4428571428571427 31
Communication round: 39, Eavesdropper Accuracy: 0.5 31 1
Communication round: 40, Eavesdropper Accuracy: 0.48409090909090907 32 1
Communication round: 41, Eavesdropper Accuracy: 0.49772727272727274 33 1
Communication round: 42, Aggregated Accuracies: 0.47464285714285714 34
Communication round: 42, Eavesdropper Accuracy: 0.5227272727272727 34 1
Communication round: 43, Aggregated Accuracies: 0.5188095238095238 35
Communication round: 43, Eavesdropper Accuracy: 0.5477272727272727 35 1
Communication round: 44, Eavesdropper Accuracy: 0.5295454545454545 36 1
Communication round: 45, Eavesdropper Accuracy: 0.5159090909090909 36 0
Communication round: 46, Eavesdropper Accuracy: 0.5772727272727273 37 1
Communication round: 47, Aggregated Accuracies: 0.5503571428571427 38
Communication round: 47, Eavesdropper Accuracy: 0.5772727272727273 38 1
Communication round: 48, Eavesdropper Accuracy: 0.5681818181818182 39 1
Communication round: 49, Aggregated Accuracies: 0.5760714285714287 40
Communication round: 49, Eavesdropper Accuracy: 0.6068181818181818 40 1
Communication round: 50, Aggregated Accuracies: 0.5992857142857143 41
Communication round: 50, Eavesdropper Accuracy: 0.6568181818181819 41 1
Communication round: 51, Aggregated Accuracies: 0.6298809523809527 42
Communication round: 51, Eavesdropper Accuracy: 0.6931818181818182 42 1
Communication round: 52, Aggregated Accuracies: 0.6539285714285714 43
Communication round: 52, Eavesdropper Accuracy: 0.7113636363636363 43 1
Communication round: 53, Aggregated Accuracies: 0.6780952380952382 44
Communication round: 53, Eavesdropper Accuracy: 0.7227272727272728 44 1
Communication round: 54, Eavesdropper Accuracy: 0.7386363636363636 45 1
Communication round: 55, Eavesdropper Accuracy: 0.7204545454545455 45 0
Communication round: 56, Eavesdropper Accuracy: 0.7477272727272727 45 0
Communication round: 57, Eavesdropper Accuracy: 0.7 45 0
Communication round: 58, Eavesdropper Accuracy: 0.740909090909091 45 0
Communication round: 59, Eavesdropper Accuracy: 0.7431818181818182 45 0
Communication round: 60, Eavesdropper Accuracy: 0.7318181818181818 45 0
Communication round: 61, Eavesdropper Accuracy: 0.7295454545454545 46 1
Communication round: 62, Eavesdropper Accuracy: 0.7340909090909091 46 0
Communication round: 63, Aggregated Accuracies: 0.701904761904762 47
Communication round: 63, Eavesdropper Accuracy: 0.7454545454545455 47 1
Communication round: 64, Eavesdropper Accuracy: 0.7613636363636364 47 0
Communication round: 65, Eavesdropper Accuracy: 0.7340909090909091 47 0
Communication round: 66, Aggregated Accuracies: 0.7086904761904763 48
Communication round: 66, Eavesdropper Accuracy: 0.7772727272727272 48 1
Communication round: 67, Aggregated Accuracies: 0.7372619047619047 49
Communication round: 67, Eavesdropper Accuracy: 0.7795454545454545 49 1
Communication round: 68, Eavesdropper Accuracy: 0.7795454545454545 49 0
Communication round: 69, Eavesdropper Accuracy: 0.7818181818181819 49 0
Communication round: 70, Aggregated Accuracies: 0.7454761904761904 50
Communication round: 70, Eavesdropper Accuracy: 0.8181818181818182 50 1
Communication round: 71, Aggregated Accuracies: 0.7597619047619045 51
Communication round: 71, Eavesdropper Accuracy: 0.7954545454545454 51 1
Communication round: 72, Eavesdropper Accuracy: 0.7977272727272727 51 0
Communication round: 73, Eavesdropper Accuracy: 0.7931818181818182 51 0
Communication round: 74, Aggregated Accuracies: 0.7796428571428574 52
Communication round: 74, Eavesdropper Accuracy: 0.8113636363636364 52 1
Communication round: 75, Aggregated Accuracies: 0.7889285714285716 53
Communication round: 75, Eavesdropper Accuracy: 0.8340909090909091 53 1
Communication round: 76, Aggregated Accuracies: 0.796547619047619 54
Communication round: 76, Eavesdropper Accuracy: 0.8318181818181818 54 1
Communication round: 77, Aggregated Accuracies: 0.8009523809523809 55
Communication round: 77, Eavesdropper Accuracy: 0.8295454545454546 55 1
Communication round: 78, Aggregated Accuracies: 0.8141666666666668 56
Communication round: 78, Eavesdropper Accuracy: 0.8431818181818181 56 1
Communication round: 79, Aggregated Accuracies: 0.8240476190476191 57
Communication round: 79, Eavesdropper Accuracy: 0.8613636363636363 57 1
Communication round: 80, Aggregated Accuracies: 0.8303571428571429 58
Communication round: 80, Eavesdropper Accuracy: 0.8204545454545454 58 1
Communication round: 81, Aggregated Accuracies: 0.8342857142857141 59
Communication round: 81, Eavesdropper Accuracy: 0.8568181818181818 59 1
Communication round: 82, Eavesdropper Accuracy: 0.8522727272727273 59 0
Communication round: 83, Eavesdropper Accuracy: 0.8363636363636363 59 0
Communication round: 84, Eavesdropper Accuracy: 0.8295454545454546 59 0
Communication round: 85, Eavesdropper Accuracy: 0.8454545454545455 59 0
Communication round: 86, Eavesdropper Accuracy: 0.8568181818181818 59 0
Communication round: 87, Eavesdropper Accuracy: 0.8568181818181818 59 0
Communication round: 88, Eavesdropper Accuracy: 0.85 59 0
Communication round: 89, Eavesdropper Accuracy: 0.8454545454545455 59 0
Communication round: 90, Eavesdropper Accuracy: 0.8522727272727273 59 0
Communication round: 91, Eavesdropper Accuracy: 0.8704545454545455 59 0
Communication round: 92, Eavesdropper Accuracy: 0.85 59 0
Communication round: 93, Eavesdropper Accuracy: 0.8590909090909091 59 0
Communication round: 94, Eavesdropper Accuracy: 0.8454545454545455 59 0
Communication round: 95, Eavesdropper Accuracy: 0.8545454545454545 59 0
Communication round: 96, Eavesdropper Accuracy: 0.8545454545454545 59 0
Communication round: 97, Eavesdropper Accuracy: 0.8568181818181818 59 0
Communication round: 98, Eavesdropper Accuracy: 0.8590909090909091 59 0
Communication round: 99, Eavesdropper Accuracy: 0.85 59 0
----------------------------------------------------------------------------------------------------
----------------------------------------------------------------------------------------------------
50_30_100_1_8_0.8_False_
----------------------------------------------------------------------------------------------------
Communication round: 0, Eavesdropper Accuracy: 0.045454545454545456 1 1
Communication round: 1, Eavesdropper Accuracy: 0.04090909090909091 2 1
Communication round: 2, Eavesdropper Accuracy: 0.045454545454545456 3 1
Communication round: 3, Eavesdropper Accuracy: 0.03636363636363636 4 1
Communication round: 4, Eavesdropper Accuracy: 0.05 4 0
Communication round: 5, Eavesdropper Accuracy: 0.04090909090909091 4 0
Communication round: 6, Eavesdropper Accuracy: 0.04090909090909091 4 0
Communication round: 7, Smart Eavesdropper Accuracy: 0.31363636363636366 4 0
Communication round: 8, Smart Eavesdropper Accuracy: 0.6045454545454545 4 0
Communication round: 9, Smart Eavesdropper Accuracy: 0.6840909090909091 4 0
Communication round: 10, Aggregated Accuracies: 0.09488095238095237 5
Communication round: 10, Smart Eavesdropper Accuracy: 0.8045454545454546 5 1
Communication round: 11, Smart Eavesdropper Accuracy: 0.8272727272727273 5 0
Communication round: 12, Aggregated Accuracies: 0.12059523809523809 6
Communication round: 12, Smart Eavesdropper Accuracy: 0.8568181818181818 6 1
Communication round: 13, Smart Eavesdropper Accuracy: 0.8590909090909091 7 1
Communication round: 14, Eavesdropper Accuracy: 0.05454545454545454 8 1
Communication round: 15, Eavesdropper Accuracy: 0.06818181818181818 9 1
Communication round: 16, Eavesdropper Accuracy: 0.08409090909090909 9 0
Communication round: 17, Eavesdropper Accuracy: 0.07954545454545454 10 1
Communication round: 18, Eavesdropper Accuracy: 0.08409090909090909 10 0
Communication round: 19, Smart Eavesdropper Accuracy: 0.42727272727272725 10 0
Communication round: 20, Aggregated Accuracies: 0.1473809523809524 11
Communication round: 20, Eavesdropper Accuracy: 0.11818181818181818 11 1
Communication round: 21, Eavesdropper Accuracy: 0.1159090909090909 12 1
Communication round: 22, Eavesdropper Accuracy: 0.10454545454545454 13 1
Communication round: 23, Eavesdropper Accuracy: 0.14545454545454545 14 1
Communication round: 24, Eavesdropper Accuracy: 0.11363636363636363 15 1
Communication round: 25, Eavesdropper Accuracy: 0.13863636363636364 16 1
Communication round: 26, Eavesdropper Accuracy: 0.12045454545454545 17 1
Communication round: 27, Aggregated Accuracies: 0.17785714285714285 18
Communication round: 27, Eavesdropper Accuracy: 0.1431818181818182 18 1
Communication round: 28, Eavesdropper Accuracy: 0.16363636363636364 19 1
Communication round: 29, Eavesdropper Accuracy: 0.16363636363636364 20 1
Communication round: 30, Eavesdropper Accuracy: 0.14772727272727273 21 1
Communication round: 31, Eavesdropper Accuracy: 0.15 21 0
Communication round: 32, Eavesdropper Accuracy: 0.13863636363636364 21 0
Communication round: 33, Eavesdropper Accuracy: 0.16818181818181818 22 1
Communication round: 34, Aggregated Accuracies: 0.25107142857142856 23
Communication round: 34, Eavesdropper Accuracy: 0.2340909090909091 23 1
Communication round: 35, Aggregated Accuracies: 0.3128571428571429 24
Communication round: 35, Eavesdropper Accuracy: 0.32272727272727275 24 1
Communication round: 36, Aggregated Accuracies: 0.3521428571428571 25
Communication round: 36, Eavesdropper Accuracy: 0.32045454545454544 25 1
Communication round: 37, Eavesdropper Accuracy: 0.3522727272727273 25 0
Communication round: 38, Aggregated Accuracies: 0.4145238095238095 26
Communication round: 38, Eavesdropper Accuracy: 0.41363636363636364 26 1
Communication round: 39, Eavesdropper Accuracy: 0.42727272727272725 26 0
Communication round: 40, Eavesdropper Accuracy: 0.425 26 0
Communication round: 41, Aggregated Accuracies: 0.46702380952380956 27
Communication round: 41, Eavesdropper Accuracy: 0.5113636363636364 27 1
Communication round: 42, Eavesdropper Accuracy: 0.49772727272727274 27 0
Communication round: 43, Eavesdropper Accuracy: 0.4772727272727273 28 1
Communication round: 44, Eavesdropper Accuracy: 0.5113636363636364 29 1
Communication round: 45, Eavesdropper Accuracy: 0.4863636363636364 29 0
Communication round: 46, Eavesdropper Accuracy: 0.47045454545454546 29 0
Communication round: 47, Aggregated Accuracies: 0.503452380952381 30
Communication round: 47, Eavesdropper Accuracy: 0.5568181818181818 30 1
Communication round: 48, Eavesdropper Accuracy: 0.5318181818181819 30 0
Communication round: 49, Eavesdropper Accuracy: 0.5045454545454545 31 1
Communication round: 50, Eavesdropper Accuracy: 0.55 32 1
Communication round: 51, Eavesdropper Accuracy: 0.525 32 0
Communication round: 52, Eavesdropper Accuracy: 0.5431818181818182 33 1
Communication round: 53, Eavesdropper Accuracy: 0.49772727272727274 33 0
Communication round: 54, Eavesdropper Accuracy: 0.5454545454545454 33 0
Communication round: 55, Eavesdropper Accuracy: 0.5113636363636364 34 1
Communication round: 56, Eavesdropper Accuracy: 0.5454545454545454 35 1
Communication round: 57, Eavesdropper Accuracy: 0.5363636363636364 36 1
Communication round: 58, Eavesdropper Accuracy: 0.5204545454545455 37 1
Communication round: 59, Aggregated Accuracies: 0.5402380952380953 38
Communication round: 59, Eavesdropper Accuracy: 0.5431818181818182 38 1
Communication round: 60, Aggregated Accuracies: 0.5632142857142857 39
Communication round: 60, Eavesdropper Accuracy: 0.6181818181818182 39 1
Communication round: 61, Eavesdropper Accuracy: 0.5931818181818181 39 0
Communication round: 62, Eavesdropper Accuracy: 0.6113636363636363 39 0
Communication round: 63, Eavesdropper Accuracy: 0.5886363636363636 39 0
Communication round: 64, Eavesdropper Accuracy: 0.5931818181818181 39 0
Communication round: 65, Eavesdropper Accuracy: 0.5863636363636363 39 0
Communication round: 66, Eavesdropper Accuracy: 0.5954545454545455 39 0
Communication round: 67, Eavesdropper Accuracy: 0.5977272727272728 39 0
Communication round: 68, Eavesdropper Accuracy: 0.5931818181818181 39 0
Communication round: 69, Eavesdropper Accuracy: 0.5659090909090909 40 1
Communication round: 70, Eavesdropper Accuracy: 0.6113636363636363 40 0
Communication round: 71, Eavesdropper Accuracy: 0.5818181818181818 40 0
Communication round: 72, Eavesdropper Accuracy: 0.5909090909090909 40 0
Communication round: 73, Eavesdropper Accuracy: 0.6090909090909091 40 0
Communication round: 74, Eavesdropper Accuracy: 0.5795454545454546 40 0
Communication round: 75, Eavesdropper Accuracy: 0.6068181818181818 40 0
Communication round: 76, Eavesdropper Accuracy: 0.6136363636363636 40 0
Communication round: 77, Eavesdropper Accuracy: 0.6068181818181818 40 0
Communication round: 78, Eavesdropper Accuracy: 0.5840909090909091 40 0
Communication round: 79, Smart Eavesdropper Accuracy: 0.7727272727272727 40 0
Communication round: 80, Eavesdropper Accuracy: 0.5840909090909091 41 1
Communication round: 81, Eavesdropper Accuracy: 0.5522727272727272 42 1
Communication round: 82, Eavesdropper Accuracy: 0.5863636363636363 42 0
Communication round: 83, Smart Eavesdropper Accuracy: 0.7363636363636363 42 0
Communication round: 84, Smart Eavesdropper Accuracy: 0.7659090909090909 42 0
Communication round: 85, Smart Eavesdropper Accuracy: 0.8568181818181818 42 0
Communication round: 86, Smart Eavesdropper Accuracy: 0.8318181818181818 42 0
Communication round: 87, Smart Eavesdropper Accuracy: 0.865909090909091 43 1
Communication round: 88, Smart Eavesdropper Accuracy: 0.8909090909090909 44 1
Communication round: 89, Aggregated Accuracies: 0.6066666666666667 45
Communication round: 89, Smart Eavesdropper Accuracy: 0.9090909090909091 45 1
Communication round: 90, Smart Eavesdropper Accuracy: 0.9181818181818182 45 0
Communication round: 91, Smart Eavesdropper Accuracy: 0.9136363636363637 45 0
Communication round: 92, Smart Eavesdropper Accuracy: 0.925 45 0
Communication round: 93, Smart Eavesdropper Accuracy: 0.9113636363636364 45 0
Communication round: 94, Aggregated Accuracies: 0.6232142857142857 46
Communication round: 94, Smart Eavesdropper Accuracy: 0.9386363636363636 46 1
Communication round: 95, Smart Eavesdropper Accuracy: 0.9227272727272727 46 0
Communication round: 96, Aggregated Accuracies: 0.6413095238095239 47
Communication round: 96, Smart Eavesdropper Accuracy: 0.9363636363636364 47 1
Communication round: 97, Smart Eavesdropper Accuracy: 0.9477272727272728 47 0
Communication round: 98, Aggregated Accuracies: 0.6755952380952381 48
Communication round: 98, Smart Eavesdropper Accuracy: 0.9431818181818182 48 1
Communication round: 99, Smart Eavesdropper Accuracy: 0.9477272727272728 48 0
----------------------------------------------------------------------------------------------------
----------------------------------------------------------------------------------------------------
50_30_100_1_8_0.8_False_
----------------------------------------------------------------------------------------------------
Communication round: 0, Smart Eavesdropper Accuracy: 0.325 0 0
Communication round: 1, Smart Eavesdropper Accuracy: 0.5204545454545455 0 0
Communication round: 2, Smart Eavesdropper Accuracy: 0.7045454545454546 0 0
Communication round: 3, Smart Eavesdropper Accuracy: 0.8159090909090909 0 0
Communication round: 4, Smart Eavesdropper Accuracy: 0.8363636363636363 1 1
Communication round: 5, Smart Eavesdropper Accuracy: 0.9045454545454545 2 1
Communication round: 6, Smart Eavesdropper Accuracy: 0.8772727272727273 3 1
Communication round: 7, Smart Eavesdropper Accuracy: 0.9181818181818182 4 1
Communication round: 8, Aggregated Accuracies: 0.10880952380952383 5
Communication round: 8, Eavesdropper Accuracy: 0.12045454545454545 5 1
Communication round: 9, Aggregated Accuracies: 0.1635714285714286 6
Communication round: 9, Eavesdropper Accuracy: 0.2 6 1
Communication round: 10, Aggregated Accuracies: 0.2097619047619048 7
Communication round: 10, Eavesdropper Accuracy: 0.2318181818181818 7 1
Communication round: 11, Aggregated Accuracies: 0.2558333333333333 8
Communication round: 11, Eavesdropper Accuracy: 0.31136363636363634 8 1
Communication round: 12, Aggregated Accuracies: 0.3095238095238095 9
Communication round: 12, Eavesdropper Accuracy: 0.32954545454545453 9 1
Communication round: 13, Aggregated Accuracies: 0.3583333333333332 10
Communication round: 13, Eavesdropper Accuracy: 0.38636363636363635 10 1
Communication round: 14, Aggregated Accuracies: 0.40285714285714297 11
Communication round: 14, Eavesdropper Accuracy: 0.45454545454545453 11 1
Communication round: 15, Aggregated Accuracies: 0.4678571428571429 12
Communication round: 15, Eavesdropper Accuracy: 0.509090909090909 12 1
Communication round: 16, Aggregated Accuracies: 0.4952380952380953 13
Communication round: 16, Eavesdropper Accuracy: 0.5636363636363636 13 1
Communication round: 17, Aggregated Accuracies: 0.5539285714285713 14
Communication round: 17, Eavesdropper Accuracy: 0.6204545454545455 14 1
Communication round: 18, Aggregated Accuracies: 0.5804761904761905 15
Communication round: 18, Eavesdropper Accuracy: 0.6454545454545455 15 1
Communication round: 19, Aggregated Accuracies: 0.6014285714285714 16
Communication round: 19, Eavesdropper Accuracy: 0.6727272727272727 16 1
Communication round: 20, Eavesdropper Accuracy: 0.6545454545454545 16 0
Communication round: 21, Eavesdropper Accuracy: 0.6295454545454545 16 0
Communication round: 22, Eavesdropper Accuracy: 0.6136363636363636 16 0
Communication round: 23, Eavesdropper Accuracy: 0.65 16 0
Communication round: 24, Aggregated Accuracies: 0.6348809523809522 17
Communication round: 24, Eavesdropper Accuracy: 0.6727272727272727 17 1
Communication round: 25, Eavesdropper Accuracy: 0.6590909090909091 17 0
Communication round: 26, Eavesdropper Accuracy: 0.6818181818181818 18 1
Communication round: 27, Aggregated Accuracies: 0.6467857142857142 19
Communication round: 27, Eavesdropper Accuracy: 0.6818181818181818 19 1
Communication round: 28, Eavesdropper Accuracy: 0.7136363636363636 19 0
Communication round: 29, Eavesdropper Accuracy: 0.6818181818181818 19 0
Communication round: 30, Eavesdropper Accuracy: 0.6931818181818182 19 0
Communication round: 31, Eavesdropper Accuracy: 0.7 19 0
Communication round: 32, Eavesdropper Accuracy: 0.6886363636363636 19 0
Communication round: 33, Eavesdropper Accuracy: 0.7113636363636363 19 0
Communication round: 34, Eavesdropper Accuracy: 0.7045454545454546 19 0
Communication round: 35, Eavesdropper Accuracy: 0.7 19 0
Communication round: 36, Eavesdropper Accuracy: 0.7272727272727273 19 0
Communication round: 37, Smart Eavesdropper Accuracy: 0.7636363636363637 19 0
Communication round: 38, Aggregated Accuracies: 0.6579761904761905 20
Communication round: 38, Eavesdropper Accuracy: 0.7136363636363636 20 1
Communication round: 39, Aggregated Accuracies: 0.6823809523809521 21
Communication round: 39, Eavesdropper Accuracy: 0.740909090909091 21 1
Communication round: 40, Aggregated Accuracies: 0.6907142857142858 22
Communication round: 40, Eavesdropper Accuracy: 0.7840909090909091 22 1
Communication round: 41, Aggregated Accuracies: 0.71 23
Communication round: 41, Eavesdropper Accuracy: 0.7522727272727273 23 1
Communication round: 42, Aggregated Accuracies: 0.7185714285714284 24
Communication round: 42, Eavesdropper Accuracy: 0.8090909090909091 24 1
Communication round: 43, Aggregated Accuracies: 0.7398809523809524 25
Communication round: 43, Eavesdropper Accuracy: 0.7772727272727272 25 1
Communication round: 44, Aggregated Accuracies: 0.7542857142857143 26
Communication round: 44, Eavesdropper Accuracy: 0.7909090909090909 26 1
Communication round: 45, Aggregated Accuracies: 0.7673809523809524 27
Communication round: 45, Eavesdropper Accuracy: 0.8159090909090909 27 1
Communication round: 46, Aggregated Accuracies: 0.7688095238095238 28
Communication round: 46, Eavesdropper Accuracy: 0.8068181818181818 28 1
Communication round: 47, Aggregated Accuracies: 0.7867857142857143 29
Communication round: 47, Eavesdropper Accuracy: 0.8045454545454546 29 1
Communication round: 48, Aggregated Accuracies: 0.7925000000000001 30
Communication round: 48, Eavesdropper Accuracy: 0.8409090909090909 30 1
Communication round: 49, Eavesdropper Accuracy: 0.8272727272727273 30 0
Communication round: 50, Eavesdropper Accuracy: 0.8363636363636363 30 0
Communication round: 51, Eavesdropper Accuracy: 0.8318181818181818 30 0
Communication round: 52, Eavesdropper Accuracy: 0.8204545454545454 30 0
Communication round: 53, Eavesdropper Accuracy: 0.8159090909090909 30 0
Communication round: 54, Eavesdropper Accuracy: 0.8227272727272728 30 0
Communication round: 55, Eavesdropper Accuracy: 0.8204545454545454 30 0
Communication round: 56, Eavesdropper Accuracy: 0.85 30 0
Communication round: 57, Eavesdropper Accuracy: 0.825 30 0
Communication round: 58, Aggregated Accuracies: 0.7991666666666667 31
Communication round: 58, Eavesdropper Accuracy: 0.8204545454545454 31 1
Communication round: 59, Aggregated Accuracies: 0.8066666666666665 32
Communication round: 59, Eavesdropper Accuracy: 0.8227272727272728 32 1
Communication round: 60, Aggregated Accuracies: 0.8160714285714288 33
Communication round: 60, Eavesdropper Accuracy: 0.8409090909090909 33 1
Communication round: 61, Aggregated Accuracies: 0.815714285714286 34
Communication round: 61, Eavesdropper Accuracy: 0.8477272727272728 34 1
Communication round: 62, Eavesdropper Accuracy: 0.8386363636363636 34 0
Communication round: 63, Eavesdropper Accuracy: 0.8295454545454546 34 0
Communication round: 64, Eavesdropper Accuracy: 0.8340909090909091 34 0
Communication round: 65, Eavesdropper Accuracy: 0.8454545454545455 34 0
Communication round: 66, Eavesdropper Accuracy: 0.8409090909090909 34 0
Communication round: 67, Smart Eavesdropper Accuracy: 0.8613636363636363 34 0
Communication round: 68, Smart Eavesdropper Accuracy: 0.8818181818181818 34 0
Communication round: 69, Smart Eavesdropper Accuracy: 0.8909090909090909 34 0
Communication round: 70, Smart Eavesdropper Accuracy: 0.9113636363636364 34 0
Communication round: 71, Smart Eavesdropper Accuracy: 0.9136363636363637 34 0
Communication round: 72, Smart Eavesdropper Accuracy: 0.925 34 0
Communication round: 73, Smart Eavesdropper Accuracy: 0.9386363636363636 34 0
Communication round: 74, Smart Eavesdropper Accuracy: 0.9318181818181818 34 0
Communication round: 75, Smart Eavesdropper Accuracy: 0.9386363636363636 34 0
Communication round: 76, Smart Eavesdropper Accuracy: 0.9431818181818182 34 0
Communication round: 77, Smart Eavesdropper Accuracy: 0.9409090909090909 34 0
Communication round: 78, Smart Eavesdropper Accuracy: 0.9363636363636364 34 0
Communication round: 79, Smart Eavesdropper Accuracy: 0.9363636363636364 34 0
Communication round: 80, Smart Eavesdropper Accuracy: 0.95 34 0
Communication round: 81, Smart Eavesdropper Accuracy: 0.95 34 0
Communication round: 82, Smart Eavesdropper Accuracy: 0.9568181818181818 34 0
Communication round: 83, Smart Eavesdropper Accuracy: 0.9522727272727273 34 0
Communication round: 84, Smart Eavesdropper Accuracy: 0.9590909090909091 34 0
Communication round: 85, Smart Eavesdropper Accuracy: 0.9545454545454546 35 1
Communication round: 86, Smart Eavesdropper Accuracy: 0.9636363636363636 35 0
Communication round: 87, Smart Eavesdropper Accuracy: 0.9545454545454546 35 0
Communication round: 88, Smart Eavesdropper Accuracy: 0.9613636363636363 35 0
Communication round: 89, Smart Eavesdropper Accuracy: 0.9477272727272728 35 0
Communication round: 90, Smart Eavesdropper Accuracy: 0.9477272727272728 35 0
Communication round: 91, Smart Eavesdropper Accuracy: 0.9613636363636363 35 0
Communication round: 92, Smart Eavesdropper Accuracy: 0.9522727272727273 35 0
Communication round: 93, Smart Eavesdropper Accuracy: 0.9522727272727273 35 0
Communication round: 94, Smart Eavesdropper Accuracy: 0.9522727272727273 35 0
Communication round: 95, Smart Eavesdropper Accuracy: 0.9477272727272728 35 0
Communication round: 96, Smart Eavesdropper Accuracy: 0.9659090909090909 35 0
Communication round: 97, Smart Eavesdropper Accuracy: 0.95 35 0
Communication round: 98, Smart Eavesdropper Accuracy: 0.9636363636363636 35 0
Communication round: 99, Smart Eavesdropper Accuracy: 0.9545454545454546 35 0
----------------------------------------------------------------------------------------------------
----------------------------------------------------------------------------------------------------
50_30_100_1_8_0.8_False_
----------------------------------------------------------------------------------------------------
Communication round: 0, Smart Eavesdropper Accuracy: 0.3068181818181818 0 0
Communication round: 1, Aggregated Accuracies: 0.10250000000000002 1
Communication round: 1, Smart Eavesdropper Accuracy: 0.6022727272727273 1 1
Communication round: 2, Aggregated Accuracies: 0.11523809523809525 2
Communication round: 2, Eavesdropper Accuracy: 0.09772727272727273 2 1
Communication round: 3, Smart Eavesdropper Accuracy: 0.41363636363636364 2 0
Communication round: 4, Smart Eavesdropper Accuracy: 0.6659090909090909 2 0
Communication round: 5, Aggregated Accuracies: 0.15130952380952378 3
Communication round: 5, Smart Eavesdropper Accuracy: 0.7568181818181818 3 1
Communication round: 6, Aggregated Accuracies: 0.2042857142857142 4
Communication round: 6, Eavesdropper Accuracy: 0.19318181818181818 4 1
Communication round: 7, Aggregated Accuracies: 0.26964285714285713 5
Communication round: 7, Eavesdropper Accuracy: 0.325 5 1
Communication round: 8, Aggregated Accuracies: 0.32892857142857146 6
Communication round: 8, Eavesdropper Accuracy: 0.35 6 1
Communication round: 9, Aggregated Accuracies: 0.39369047619047637 7
Communication round: 9, Eavesdropper Accuracy: 0.425 7 1
Communication round: 10, Aggregated Accuracies: 0.438095238095238 8
Communication round: 10, Eavesdropper Accuracy: 0.48863636363636365 8 1
Communication round: 11, Aggregated Accuracies: 0.4895238095238096 9
Communication round: 11, Eavesdropper Accuracy: 0.5454545454545454 9 1
Communication round: 12, Aggregated Accuracies: 0.5308333333333334 10
Communication round: 12, Eavesdropper Accuracy: 0.5613636363636364 10 1
Communication round: 13, Eavesdropper Accuracy: 0.5681818181818182 11 1
Communication round: 14, Aggregated Accuracies: 0.5616666666666666 12
Communication round: 14, Eavesdropper Accuracy: 0.5613636363636364 12 1
Communication round: 15, Aggregated Accuracies: 0.5972619047619047 13
Communication round: 15, Eavesdropper Accuracy: 0.6318181818181818 13 1
Communication round: 16, Aggregated Accuracies: 0.6186904761904762 14
Communication round: 16, Eavesdropper Accuracy: 0.6522727272727272 14 1
Communication round: 17, Aggregated Accuracies: 0.6597619047619047 15
Communication round: 17, Eavesdropper Accuracy: 0.6818181818181818 15 1
Communication round: 18, Aggregated Accuracies: 0.6891666666666666 16
Communication round: 18, Eavesdropper Accuracy: 0.6772727272727272 16 1
Communication round: 19, Aggregated Accuracies: 0.7039285714285717 17
Communication round: 19, Eavesdropper Accuracy: 0.7113636363636363 17 1
Communication round: 20, Aggregated Accuracies: 0.7270238095238095 18
Communication round: 20, Eavesdropper Accuracy: 0.7727272727272727 18 1
Communication round: 21, Aggregated Accuracies: 0.7390476190476187 19
Communication round: 21, Eavesdropper Accuracy: 0.7931818181818182 19 1
Communication round: 22, Aggregated Accuracies: 0.7638095238095238 20
Communication round: 22, Eavesdropper Accuracy: 0.775 20 1
Communication round: 23, Eavesdropper Accuracy: 0.759090909090909 21 1
Communication round: 24, Aggregated Accuracies: 0.7777380952380953 22
Communication round: 24, Eavesdropper Accuracy: 0.7840909090909091 22 1
Communication round: 25, Eavesdropper Accuracy: 0.7795454545454545 22 0
Communication round: 26, Eavesdropper Accuracy: 0.7727272727272727 22 0
Communication round: 27, Eavesdropper Accuracy: 0.775 22 0
Communication round: 28, Eavesdropper Accuracy: 0.7727272727272727 22 0
Communication round: 29, Eavesdropper Accuracy: 0.7727272727272727 22 0
Communication round: 30, Eavesdropper Accuracy: 0.7863636363636364 22 0
Communication round: 31, Eavesdropper Accuracy: 0.7772727272727272 22 0
Communication round: 32, Eavesdropper Accuracy: 0.7931818181818182 22 0
Communication round: 33, Eavesdropper Accuracy: 0.775 22 0
Communication round: 34, Eavesdropper Accuracy: 0.7954545454545454 22 0
Communication round: 35, Aggregated Accuracies: 0.793452380952381 23
Communication round: 35, Eavesdropper Accuracy: 0.8022727272727272 23 1
Communication round: 36, Aggregated Accuracies: 0.8014285714285718 24
Communication round: 36, Eavesdropper Accuracy: 0.8204545454545454 24 1
Communication round: 37, Aggregated Accuracies: 0.8130952380952382 25
Communication round: 37, Eavesdropper Accuracy: 0.8477272727272728 25 1
Communication round: 38, Aggregated Accuracies: 0.8234523809523806 26
Communication round: 38, Eavesdropper Accuracy: 0.8386363636363636 26 1
Communication round: 39, Eavesdropper Accuracy: 0.8090909090909091 26 0
Communication round: 40, Eavesdropper Accuracy: 0.8113636363636364 26 0
Communication round: 41, Eavesdropper Accuracy: 0.8295454545454546 26 0
Communication round: 42, Eavesdropper Accuracy: 0.8227272727272728 26 0
Communication round: 43, Eavesdropper Accuracy: 0.8204545454545454 26 0
Communication round: 44, Aggregated Accuracies: 0.8272619047619046 27
Communication round: 44, Eavesdropper Accuracy: 0.8204545454545454 27 1
Communication round: 45, Aggregated Accuracies: 0.8270238095238095 28
Communication round: 45, Eavesdropper Accuracy: 0.8454545454545455 28 1
Communication round: 46, Aggregated Accuracies: 0.8391666666666664 29
Communication round: 46, Eavesdropper Accuracy: 0.8727272727272727 29 1
Communication round: 47, Aggregated Accuracies: 0.8423809523809525 30
Communication round: 47, Eavesdropper Accuracy: 0.8431818181818181 30 1
Communication round: 48, Eavesdropper Accuracy: 0.8431818181818181 30 0
Communication round: 49, Aggregated Accuracies: 0.8477380952380953 31
Communication round: 49, Eavesdropper Accuracy: 0.8772727272727273 31 1
Communication round: 50, Eavesdropper Accuracy: 0.8545454545454545 31 0
Communication round: 51, Eavesdropper Accuracy: 0.8409090909090909 31 0
Communication round: 52, Eavesdropper Accuracy: 0.8613636363636363 31 0
Communication round: 53, Eavesdropper Accuracy: 0.884090909090909 31 0
Communication round: 54, Eavesdropper Accuracy: 0.8727272727272727 31 0
Communication round: 55, Eavesdropper Accuracy: 0.8613636363636363 31 0
Communication round: 56, Eavesdropper Accuracy: 0.8590909090909091 31 0
Communication round: 57, Eavesdropper Accuracy: 0.8681818181818182 31 0
Communication round: 58, Eavesdropper Accuracy: 0.865909090909091 31 0
Communication round: 59, Eavesdropper Accuracy: 0.8522727272727273 31 0
Communication round: 60, Eavesdropper Accuracy: 0.8613636363636363 31 0
Communication round: 61, Smart Eavesdropper Accuracy: 0.884090909090909 31 0
Communication round: 62, Smart Eavesdropper Accuracy: 0.865909090909091 31 0
Communication round: 63, Smart Eavesdropper Accuracy: 0.884090909090909 31 0
Communication round: 64, Smart Eavesdropper Accuracy: 0.8977272727272727 31 0
Communication round: 65, Smart Eavesdropper Accuracy: 0.9068181818181819 31 0
Communication round: 66, Smart Eavesdropper Accuracy: 0.9113636363636364 31 0
Communication round: 67, Smart Eavesdropper Accuracy: 0.925 31 0
Communication round: 68, Smart Eavesdropper Accuracy: 0.9227272727272727 31 0
Communication round: 69, Smart Eavesdropper Accuracy: 0.9113636363636364 31 0
Communication round: 70, Smart Eavesdropper Accuracy: 0.9227272727272727 31 0
Communication round: 71, Smart Eavesdropper Accuracy: 0.9340909090909091 31 0
Communication round: 72, Smart Eavesdropper Accuracy: 0.9431818181818182 31 0
Communication round: 73, Aggregated Accuracies: 0.8551190476190479 32
Communication round: 73, Smart Eavesdropper Accuracy: 0.925 32 1
Communication round: 74, Smart Eavesdropper Accuracy: 0.9386363636363636 32 0
Communication round: 75, Smart Eavesdropper Accuracy: 0.9477272727272728 32 0
Communication round: 76, Smart Eavesdropper Accuracy: 0.925 32 0
Communication round: 77, Smart Eavesdropper Accuracy: 0.9568181818181818 32 0
Communication round: 78, Smart Eavesdropper Accuracy: 0.9409090909090909 32 0
Communication round: 79, Smart Eavesdropper Accuracy: 0.9477272727272728 32 0
Communication round: 80, Smart Eavesdropper Accuracy: 0.9545454545454546 32 0
Communication round: 81, Smart Eavesdropper Accuracy: 0.9568181818181818 32 0
Communication round: 82, Smart Eavesdropper Accuracy: 0.9477272727272728 32 0
Communication round: 83, Smart Eavesdropper Accuracy: 0.9477272727272728 32 0
Communication round: 84, Smart Eavesdropper Accuracy: 0.9590909090909091 32 0
Communication round: 85, Smart Eavesdropper Accuracy: 0.9545454545454546 32 0
Communication round: 86, Smart Eavesdropper Accuracy: 0.9568181818181818 32 0
Communication round: 87, Smart Eavesdropper Accuracy: 0.9477272727272728 32 0
Communication round: 88, Smart Eavesdropper Accuracy: 0.9477272727272728 32 0
Communication round: 89, Smart Eavesdropper Accuracy: 0.9386363636363636 32 0
Communication round: 90, Smart Eavesdropper Accuracy: 0.9454545454545454 32 0
Communication round: 91, Smart Eavesdropper Accuracy: 0.95 32 0
Communication round: 92, Smart Eavesdropper Accuracy: 0.9477272727272728 32 0
Communication round: 93, Smart Eavesdropper Accuracy: 0.9568181818181818 32 0
Communication round: 94, Smart Eavesdropper Accuracy: 0.9522727272727273 32 0
Communication round: 95, Smart Eavesdropper Accuracy: 0.9613636363636363 32 0
Communication round: 96, Smart Eavesdropper Accuracy: 0.9590909090909091 32 0
Communication round: 97, Smart Eavesdropper Accuracy: 0.9659090909090909 32 0
Communication round: 98, Smart Eavesdropper Accuracy: 0.9409090909090909 32 0
Communication round: 99, Smart Eavesdropper Accuracy: 0.9590909090909091 32 0
----------------------------------------------------------------------------------------------------
----------------------------------------------------------------------------------------------------
50_30_100_1_8_0.8_False_
----------------------------------------------------------------------------------------------------
Communication round: 0, Smart Eavesdropper Accuracy: 0.31363636363636366 0 0
Communication round: 1, Smart Eavesdropper Accuracy: 0.575 1 1
Communication round: 2, Eavesdropper Accuracy: 0.10454545454545454 2 1
Communication round: 3, Eavesdropper Accuracy: 0.11136363636363636 3 1
Communication round: 4, Aggregated Accuracies: 0.11845238095238096 4
Communication round: 4, Eavesdropper Accuracy: 0.1409090909090909 4 1
Communication round: 5, Aggregated Accuracies: 0.15964285714285711 5
Communication round: 5, Eavesdropper Accuracy: 0.15 5 1
Communication round: 6, Eavesdropper Accuracy: 0.15227272727272728 5 0
Communication round: 7, Eavesdropper Accuracy: 0.16590909090909092 5 0
Communication round: 8, Aggregated Accuracies: 0.18357142857142855 6
Communication round: 8, Eavesdropper Accuracy: 0.19090909090909092 6 1
Communication round: 9, Aggregated Accuracies: 0.21999999999999992 7
Communication round: 9, Eavesdropper Accuracy: 0.22272727272727272 7 1
Communication round: 10, Aggregated Accuracies: 0.26809523809523794 8
Communication round: 10, Eavesdropper Accuracy: 0.28863636363636364 8 1
Communication round: 11, Eavesdropper Accuracy: 0.29318181818181815 9 1
Communication round: 12, Aggregated Accuracies: 0.3060714285714285 10
Communication round: 12, Eavesdropper Accuracy: 0.3568181818181818 10 1
Communication round: 13, Aggregated Accuracies: 0.3636904761904763 11
Communication round: 13, Eavesdropper Accuracy: 0.39545454545454545 11 1
Communication round: 14, Eavesdropper Accuracy: 0.4090909090909091 12 1
Communication round: 15, Eavesdropper Accuracy: 0.42045454545454547 13 1
Communication round: 16, Aggregated Accuracies: 0.41 14
Communication round: 16, Eavesdropper Accuracy: 0.4954545454545455 14 1
Communication round: 17, Aggregated Accuracies: 0.47642857142857137 15
Communication round: 17, Eavesdropper Accuracy: 0.5386363636363637 15 1
Communication round: 18, Eavesdropper Accuracy: 0.5227272727272727 15 0
Communication round: 19, Eavesdropper Accuracy: 0.5136363636363637 15 0
Communication round: 20, Eavesdropper Accuracy: 0.5136363636363637 16 1
Communication round: 21, Eavesdropper Accuracy: 0.5318181818181819 17 1
Communication round: 22, Eavesdropper Accuracy: 0.5181818181818182 17 0
Communication round: 23, Aggregated Accuracies: 0.5185714285714285 18
Communication round: 23, Eavesdropper Accuracy: 0.5795454545454546 18 1
Communication round: 24, Aggregated Accuracies: 0.5713095238095238 19
Communication round: 24, Eavesdropper Accuracy: 0.6386363636363637 19 1
Communication round: 25, Eavesdropper Accuracy: 0.6295454545454545 19 0
Communication round: 26, Aggregated Accuracies: 0.6223809523809524 20
Communication round: 26, Eavesdropper Accuracy: 0.6886363636363636 20 1
Communication round: 27, Aggregated Accuracies: 0.6479761904761905 21
Communication round: 27, Eavesdropper Accuracy: 0.7045454545454546 21 1
Communication round: 28, Eavesdropper Accuracy: 0.6977272727272728 21 0
Communication round: 29, Eavesdropper Accuracy: 0.7295454545454545 21 0
Communication round: 30, Eavesdropper Accuracy: 0.6727272727272727 21 0
Communication round: 31, Eavesdropper Accuracy: 0.6954545454545454 22 1
Communication round: 32, Eavesdropper Accuracy: 0.725 22 0
Communication round: 33, Aggregated Accuracies: 0.6748809523809524 23
Communication round: 33, Eavesdropper Accuracy: 0.740909090909091 23 1
Communication round: 34, Eavesdropper Accuracy: 0.75 23 0
Communication round: 35, Aggregated Accuracies: 0.6997619047619048 24
Communication round: 35, Eavesdropper Accuracy: 0.7659090909090909 24 1
Communication round: 36, Aggregated Accuracies: 0.7225 25
Communication round: 36, Eavesdropper Accuracy: 0.7795454545454545 25 1
Communication round: 37, Aggregated Accuracies: 0.7475 26
Communication round: 37, Eavesdropper Accuracy: 0.7931818181818182 26 1
Communication round: 38, Aggregated Accuracies: 0.7605952380952381 27
Communication round: 38, Eavesdropper Accuracy: 0.7909090909090909 27 1
Communication round: 39, Eavesdropper Accuracy: 0.7954545454545454 27 0
Communication round: 40, Eavesdropper Accuracy: 0.7522727272727273 27 0
Communication round: 41, Eavesdropper Accuracy: 0.7863636363636364 28 1
Communication round: 42, Eavesdropper Accuracy: 0.8045454545454546 29 1
Communication round: 43, Eavesdropper Accuracy: 0.8 29 0
Communication round: 44, Eavesdropper Accuracy: 0.7727272727272727 29 0
Communication round: 45, Eavesdropper Accuracy: 0.7954545454545454 29 0
Communication round: 46, Eavesdropper Accuracy: 0.7931818181818182 29 0
Communication round: 47, Eavesdropper Accuracy: 0.7818181818181819 29 0
Communication round: 48, Eavesdropper Accuracy: 0.7909090909090909 29 0
Communication round: 49, Eavesdropper Accuracy: 0.7840909090909091 29 0
Communication round: 50, Eavesdropper Accuracy: 0.7909090909090909 29 0
Communication round: 51, Eavesdropper Accuracy: 0.7795454545454545 29 0
Communication round: 52, Eavesdropper Accuracy: 0.8090909090909091 29 0
Communication round: 53, Eavesdropper Accuracy: 0.7886363636363637 29 0
Communication round: 54, Eavesdropper Accuracy: 0.8068181818181818 29 0
Communication round: 55, Eavesdropper Accuracy: 0.7886363636363637 29 0
Communication round: 56, Eavesdropper Accuracy: 0.7818181818181819 29 0
Communication round: 57, Smart Eavesdropper Accuracy: 0.8136363636363636 29 0
Communication round: 58, Eavesdropper Accuracy: 0.7795454545454545 30 1
Communication round: 59, Smart Eavesdropper Accuracy: 0.85 30 0
Communication round: 60, Smart Eavesdropper Accuracy: 0.865909090909091 30 0
Communication round: 61, Smart Eavesdropper Accuracy: 0.8727272727272727 30 0
Communication round: 62, Smart Eavesdropper Accuracy: 0.9 30 0
Communication round: 63, Smart Eavesdropper Accuracy: 0.9159090909090909 30 0
Communication round: 64, Smart Eavesdropper Accuracy: 0.9386363636363636 30 0
Communication round: 65, Smart Eavesdropper Accuracy: 0.9363636363636364 30 0
Communication round: 66, Smart Eavesdropper Accuracy: 0.9363636363636364 30 0
Communication round: 67, Smart Eavesdropper Accuracy: 0.9340909090909091 30 0
Communication round: 68, Smart Eavesdropper Accuracy: 0.9522727272727273 30 0
Communication round: 69, Smart Eavesdropper Accuracy: 0.9113636363636364 30 0
Communication round: 70, Smart Eavesdropper Accuracy: 0.9363636363636364 30 0
Communication round: 71, Smart Eavesdropper Accuracy: 0.95 31 1
Communication round: 72, Smart Eavesdropper Accuracy: 0.9204545454545454 32 1
Communication round: 73, Smart Eavesdropper Accuracy: 0.9431818181818182 32 0
Communication round: 74, Smart Eavesdropper Accuracy: 0.9431818181818182 33 1
Communication round: 75, Smart Eavesdropper Accuracy: 0.9522727272727273 33 0
Communication round: 76, Smart Eavesdropper Accuracy: 0.9386363636363636 33 0
Communication round: 77, Aggregated Accuracies: 0.767619047619048 34
Communication round: 77, Smart Eavesdropper Accuracy: 0.95 34 1
Communication round: 78, Smart Eavesdropper Accuracy: 0.9386363636363636 35 1
Communication round: 79, Smart Eavesdropper Accuracy: 0.9386363636363636 36 1
Communication round: 80, Aggregated Accuracies: 0.7889285714285716 37
Communication round: 80, Smart Eavesdropper Accuracy: 0.9522727272727273 37 1
Communication round: 81, Aggregated Accuracies: 0.8032142857142857 38
Communication round: 81, Smart Eavesdropper Accuracy: 0.9477272727272728 38 1
Communication round: 82, Aggregated Accuracies: 0.8078571428571426 39
Communication round: 82, Smart Eavesdropper Accuracy: 0.9659090909090909 39 1
Communication round: 83, Smart Eavesdropper Accuracy: 0.9409090909090909 39 0
Communication round: 84, Smart Eavesdropper Accuracy: 0.9613636363636363 40 1
Communication round: 85, Smart Eavesdropper Accuracy: 0.95 40 0
Communication round: 86, Aggregated Accuracies: 0.8254761904761905 41
Communication round: 86, Smart Eavesdropper Accuracy: 0.9704545454545455 41 1
Communication round: 87, Aggregated Accuracies: 0.8297619047619045 42
Communication round: 87, Smart Eavesdropper Accuracy: 0.9522727272727273 42 1
Communication round: 88, Aggregated Accuracies: 0.8397619047619044 43
Communication round: 88, Smart Eavesdropper Accuracy: 0.9568181818181818 43 1
Communication round: 89, Aggregated Accuracies: 0.8464285714285714 44
Communication round: 89, Smart Eavesdropper Accuracy: 0.9568181818181818 44 1
Communication round: 90, Aggregated Accuracies: 0.8501190476190478 45
Communication round: 90, Smart Eavesdropper Accuracy: 0.9477272727272728 45 1
Communication round: 91, Aggregated Accuracies: 0.8558333333333331 46
Communication round: 91, Smart Eavesdropper Accuracy: 0.9659090909090909 46 1
Communication round: 92, Smart Eavesdropper Accuracy: 0.9522727272727273 46 0
Communication round: 93, Smart Eavesdropper Accuracy: 0.9522727272727273 47 1
Communication round: 94, Smart Eavesdropper Accuracy: 0.9613636363636363 47 0
Communication round: 95, Smart Eavesdropper Accuracy: 0.9613636363636363 47 0
Communication round: 96, Smart Eavesdropper Accuracy: 0.9590909090909091 47 0
Communication round: 97, Aggregated Accuracies: 0.8582142857142856 48
Communication round: 97, Smart Eavesdropper Accuracy: 0.975 48 1
Communication round: 98, Smart Eavesdropper Accuracy: 0.9545454545454546 48 0
Communication round: 99, Smart Eavesdropper Accuracy: 0.9659090909090909 48 0
----------------------------------------------------------------------------------------------------
----------------------------------------------------------------------------------------------------
50_30_100_1_8_0.8_False_
----------------------------------------------------------------------------------------------------
Communication round: 0, Eavesdropper Accuracy: 0.03636363636363636 1 1
Communication round: 1, Smart Eavesdropper Accuracy: 0.4113636363636364 1 0
Communication round: 2, Smart Eavesdropper Accuracy: 0.5886363636363636 1 0
Communication round: 3, Smart Eavesdropper Accuracy: 0.7522727272727273 1 0
Communication round: 4, Smart Eavesdropper Accuracy: 0.8113636363636364 1 0
Communication round: 5, Smart Eavesdropper Accuracy: 0.8340909090909091 1 0
Communication round: 6, Smart Eavesdropper Accuracy: 0.875 2 1
Communication round: 7, Smart Eavesdropper Accuracy: 0.8863636363636364 2 0
Communication round: 8, Smart Eavesdropper Accuracy: 0.884090909090909 3 1
Communication round: 9, Smart Eavesdropper Accuracy: 0.9136363636363637 4 1
Communication round: 10, Smart Eavesdropper Accuracy: 0.9159090909090909 4 0
Communication round: 11, Smart Eavesdropper Accuracy: 0.9340909090909091 4 0
Communication round: 12, Smart Eavesdropper Accuracy: 0.9318181818181818 5 1
Communication round: 13, Smart Eavesdropper Accuracy: 0.9204545454545454 5 0
Communication round: 14, Smart Eavesdropper Accuracy: 0.9363636363636364 5 0
Communication round: 15, Smart Eavesdropper Accuracy: 0.9431818181818182 6 1
Communication round: 16, Smart Eavesdropper Accuracy: 0.9522727272727273 7 1
Communication round: 17, Smart Eavesdropper Accuracy: 0.9340909090909091 7 0
Communication round: 18, Smart Eavesdropper Accuracy: 0.9522727272727273 7 0
Communication round: 19, Smart Eavesdropper Accuracy: 0.9454545454545454 8 1
Communication round: 20, Aggregated Accuracies: 0.0829761904761905 9
Communication round: 20, Smart Eavesdropper Accuracy: 0.9409090909090909 9 1
Communication round: 21, Aggregated Accuracies: 0.11761904761904765 10
Communication round: 21, Smart Eavesdropper Accuracy: 0.95 10 1
Communication round: 22, Smart Eavesdropper Accuracy: 0.9431818181818182 11 1
Communication round: 23, Smart Eavesdropper Accuracy: 0.9522727272727273 12 1
Communication round: 24, Smart Eavesdropper Accuracy: 0.9431818181818182 12 0
Communication round: 25, Smart Eavesdropper Accuracy: 0.9545454545454546 12 0
Communication round: 26, Smart Eavesdropper Accuracy: 0.9545454545454546 12 0
Communication round: 27, Aggregated Accuracies: 0.16476190476190475 13
Communication round: 27, Smart Eavesdropper Accuracy: 0.9613636363636363 13 1
Communication round: 28, Smart Eavesdropper Accuracy: 0.9568181818181818 13 0
Communication round: 29, Smart Eavesdropper Accuracy: 0.9613636363636363 13 0
Communication round: 30, Smart Eavesdropper Accuracy: 0.9681818181818181 14 1
Communication round: 31, Aggregated Accuracies: 0.18976190476190477 15
Communication round: 31, Smart Eavesdropper Accuracy: 0.9477272727272728 15 1
Communication round: 32, Smart Eavesdropper Accuracy: 0.9681818181818181 16 1
Communication round: 33, Smart Eavesdropper Accuracy: 0.975 17 1
Communication round: 34, Eavesdropper Accuracy: 0.17954545454545454 18 1
Communication round: 35, Eavesdropper Accuracy: 0.19772727272727272 19 1
Communication round: 36, Eavesdropper Accuracy: 0.18863636363636363 20 1
Communication round: 37, Aggregated Accuracies: 0.22809523809523813 21
Communication round: 37, Eavesdropper Accuracy: 0.21136363636363636 21 1
Communication round: 38, Eavesdropper Accuracy: 0.25 22 1
Communication round: 39, Eavesdropper Accuracy: 0.2636363636363636 23 1
Communication round: 40, Eavesdropper Accuracy: 0.2318181818181818 23 0
Communication round: 41, Eavesdropper Accuracy: 0.225 23 0
Communication round: 42, Aggregated Accuracies: 0.2697619047619047 24
Communication round: 42, Eavesdropper Accuracy: 0.275 24 1
Communication round: 43, Aggregated Accuracies: 0.3436904761904762 25
Communication round: 43, Eavesdropper Accuracy: 0.35909090909090907 25 1
Communication round: 44, Eavesdropper Accuracy: 0.3704545454545455 25 0
Communication round: 45, Eavesdropper Accuracy: 0.3477272727272727 26 1
Communication round: 46, Eavesdropper Accuracy: 0.35454545454545455 27 1
Communication round: 47, Eavesdropper Accuracy: 0.38181818181818183 28 1
Communication round: 48, Eavesdropper Accuracy: 0.3340909090909091 29 1
Communication round: 49, Eavesdropper Accuracy: 0.35909090909090907 30 1
Communication round: 50, Eavesdropper Accuracy: 0.36818181818181817 31 1
Communication round: 51, Eavesdropper Accuracy: 0.37727272727272726 32 1
Communication round: 52, Aggregated Accuracies: 0.4027380952380951 33
Communication round: 52, Eavesdropper Accuracy: 0.45 33 1
Communication round: 53, Aggregated Accuracies: 0.44571428571428556 34
Communication round: 53, Eavesdropper Accuracy: 0.48863636363636365 34 1
Communication round: 54, Aggregated Accuracies: 0.49749999999999994 35
Communication round: 54, Eavesdropper Accuracy: 0.5136363636363637 35 1
Communication round: 55, Eavesdropper Accuracy: 0.5704545454545454 36 1
Communication round: 56, Eavesdropper Accuracy: 0.5181818181818182 37 1
Communication round: 57, Eavesdropper Accuracy: 0.5454545454545454 38 1
Communication round: 58, Eavesdropper Accuracy: 0.55 39 1
Communication round: 59, Eavesdropper Accuracy: 0.5340909090909091 39 0
Communication round: 60, Aggregated Accuracies: 0.5407142857142857 40
Communication round: 60, Eavesdropper Accuracy: 0.55 40 1
Communication round: 61, Eavesdropper Accuracy: 0.5727272727272728 41 1
Communication round: 62, Eavesdropper Accuracy: 0.5909090909090909 41 0
Communication round: 63, Eavesdropper Accuracy: 0.5772727272727273 42 1
Communication round: 64, Eavesdropper Accuracy: 0.5795454545454546 42 0
Communication round: 65, Eavesdropper Accuracy: 0.5909090909090909 43 1
Communication round: 66, Eavesdropper Accuracy: 0.5522727272727272 44 1
Communication round: 67, Eavesdropper Accuracy: 0.6022727272727273 45 1
Communication round: 68, Eavesdropper Accuracy: 0.575 46 1
Communication round: 69, Aggregated Accuracies: 0.5732142857142859 47
Communication round: 69, Eavesdropper Accuracy: 0.6090909090909091 47 1
Communication round: 70, Aggregated Accuracies: 0.5872619047619049 48
Communication round: 70, Eavesdropper Accuracy: 0.6522727272727272 48 1
Communication round: 71, Eavesdropper Accuracy: 0.6363636363636364 48 0
Communication round: 72, Aggregated Accuracies: 0.6257142857142859 49
Communication round: 72, Eavesdropper Accuracy: 0.6772727272727272 49 1
Communication round: 73, Eavesdropper Accuracy: 0.6840909090909091 49 0
Communication round: 74, Aggregated Accuracies: 0.6578571428571429 50
Communication round: 74, Eavesdropper Accuracy: 0.7045454545454546 50 1
Communication round: 75, Aggregated Accuracies: 0.6925 51
Communication round: 75, Eavesdropper Accuracy: 0.7386363636363636 51 1
Communication round: 76, Aggregated Accuracies: 0.7016666666666665 52
Communication round: 76, Eavesdropper Accuracy: 0.7386363636363636 52 1
Communication round: 77, Aggregated Accuracies: 0.7175 53
Communication round: 77, Eavesdropper Accuracy: 0.7386363636363636 53 1
Communication round: 78, Aggregated Accuracies: 0.7426190476190477 54
Communication round: 78, Eavesdropper Accuracy: 0.775 54 1
Communication round: 79, Aggregated Accuracies: 0.7471428571428572 55
Communication round: 79, Eavesdropper Accuracy: 0.7613636363636364 55 1
Communication round: 80, Aggregated Accuracies: 0.7628571428571429 56
Communication round: 80, Eavesdropper Accuracy: 0.7818181818181819 56 1
Communication round: 81, Aggregated Accuracies: 0.7771428571428572 57
Communication round: 81, Eavesdropper Accuracy: 0.8136363636363636 57 1
Communication round: 82, Eavesdropper Accuracy: 0.7886363636363637 57 0
Communication round: 83, Eavesdropper Accuracy: 0.8136363636363636 57 0
Communication round: 84, Eavesdropper Accuracy: 0.8022727272727272 57 0
Communication round: 85, Eavesdropper Accuracy: 0.7954545454545454 57 0
Communication round: 86, Eavesdropper Accuracy: 0.8045454545454546 57 0
Communication round: 87, Eavesdropper Accuracy: 0.7954545454545454 57 0
Communication round: 88, Eavesdropper Accuracy: 0.7954545454545454 57 0
Communication round: 89, Eavesdropper Accuracy: 0.7681818181818182 57 0
Communication round: 90, Eavesdropper Accuracy: 0.8227272727272728 57 0
Communication round: 91, Eavesdropper Accuracy: 0.7954545454545454 57 0
Communication round: 92, Eavesdropper Accuracy: 0.7909090909090909 58 1
Communication round: 93, Eavesdropper Accuracy: 0.7977272727272727 58 0
Communication round: 94, Eavesdropper Accuracy: 0.7954545454545454 59 1
Communication round: 95, Aggregated Accuracies: 0.7779761904761905 60
Communication round: 95, Eavesdropper Accuracy: 0.8 60 1
Communication round: 96, Aggregated Accuracies: 0.7970238095238095 61
Communication round: 96, Eavesdropper Accuracy: 0.8318181818181818 61 1
Communication round: 97, Aggregated Accuracies: 0.7954761904761906 62
Communication round: 97, Eavesdropper Accuracy: 0.8318181818181818 62 1
Communication round: 98, Aggregated Accuracies: 0.8096428571428569 63
Communication round: 98, Eavesdropper Accuracy: 0.8340909090909091 63 1
Communication round: 99, Aggregated Accuracies: 0.8178571428571427 64
Communication round: 99, Eavesdropper Accuracy: 0.8477272727272728 64 1
----------------------------------------------------------------------------------------------------
----------------------------------------------------------------------------------------------------
50_30_100_1_8_0.8_False_
----------------------------------------------------------------------------------------------------
Communication round: 0, Smart Eavesdropper Accuracy: 0.33636363636363636 0 0
Communication round: 1, Smart Eavesdropper Accuracy: 0.5818181818181818 0 0
Communication round: 2, Smart Eavesdropper Accuracy: 0.7636363636363637 0 0
Communication round: 3, Smart Eavesdropper Accuracy: 0.7681818181818182 1 1
Communication round: 4, Smart Eavesdropper Accuracy: 0.8363636363636363 1 0
Communication round: 5, Smart Eavesdropper Accuracy: 0.8545454545454545 1 0
Communication round: 6, Smart Eavesdropper Accuracy: 0.9 1 0
Communication round: 7, Smart Eavesdropper Accuracy: 0.875 2 1
Communication round: 8, Smart Eavesdropper Accuracy: 0.8886363636363637 2 0
Communication round: 9, Smart Eavesdropper Accuracy: 0.9090909090909091 2 0
Communication round: 10, Smart Eavesdropper Accuracy: 0.9159090909090909 2 0
Communication round: 11, Smart Eavesdropper Accuracy: 0.8954545454545455 2 0
Communication round: 12, Smart Eavesdropper Accuracy: 0.925 3 1
Communication round: 13, Smart Eavesdropper Accuracy: 0.9136363636363637 3 0
Communication round: 14, Smart Eavesdropper Accuracy: 0.9363636363636364 4 1
Communication round: 15, Smart Eavesdropper Accuracy: 0.925 5 1
Communication round: 16, Smart Eavesdropper Accuracy: 0.9409090909090909 6 1
Communication round: 17, Aggregated Accuracies: 0.10833333333333334 7
Communication round: 17, Smart Eavesdropper Accuracy: 0.9159090909090909 7 1
Communication round: 18, Smart Eavesdropper Accuracy: 0.95 7 0
Communication round: 19, Smart Eavesdropper Accuracy: 0.9295454545454546 7 0
Communication round: 20, Smart Eavesdropper Accuracy: 0.9454545454545454 7 0
Communication round: 21, Smart Eavesdropper Accuracy: 0.9545454545454546 7 0
Communication round: 22, Smart Eavesdropper Accuracy: 0.95 8 1
Communication round: 23, Smart Eavesdropper Accuracy: 0.9431818181818182 9 1
Communication round: 24, Aggregated Accuracies: 0.12726190476190477 10
Communication round: 24, Smart Eavesdropper Accuracy: 0.9454545454545454 10 1
Communication round: 25, Aggregated Accuracies: 0.15857142857142859 11
Communication round: 25, Smart Eavesdropper Accuracy: 0.9386363636363636 11 1
Communication round: 26, Aggregated Accuracies: 0.19380952380952382 12
Communication round: 26, Smart Eavesdropper Accuracy: 0.9363636363636364 12 1
Communication round: 27, Smart Eavesdropper Accuracy: 0.9522727272727273 13 1
Communication round: 28, Smart Eavesdropper Accuracy: 0.9477272727272728 14 1
Communication round: 29, Smart Eavesdropper Accuracy: 0.9659090909090909 15 1
Communication round: 30, Eavesdropper Accuracy: 0.22045454545454546 16 1
Communication round: 31, Eavesdropper Accuracy: 0.2340909090909091 17 1
Communication round: 32, Aggregated Accuracies: 0.25595238095238093 18
Communication round: 32, Eavesdropper Accuracy: 0.275 18 1
Communication round: 33, Aggregated Accuracies: 0.3003571428571428 19
Communication round: 33, Eavesdropper Accuracy: 0.29545454545454547 19 1
Communication round: 34, Aggregated Accuracies: 0.3577380952380953 20
Communication round: 34, Eavesdropper Accuracy: 0.4113636363636364 20 1
Communication round: 35, Aggregated Accuracies: 0.4221428571428572 21
Communication round: 35, Eavesdropper Accuracy: 0.4318181818181818 21 1
Communication round: 36, Aggregated Accuracies: 0.46690476190476177 22
Communication round: 36, Eavesdropper Accuracy: 0.5227272727272727 22 1
Communication round: 37, Aggregated Accuracies: 0.5247619047619049 23
Communication round: 37, Eavesdropper Accuracy: 0.5659090909090909 23 1
Communication round: 38, Aggregated Accuracies: 0.5647619047619046 24
Communication round: 38, Eavesdropper Accuracy: 0.6113636363636363 24 1
Communication round: 39, Aggregated Accuracies: 0.5970238095238094 25
Communication round: 39, Eavesdropper Accuracy: 0.6863636363636364 25 1
Communication round: 40, Aggregated Accuracies: 0.6365476190476191 26
Communication round: 40, Eavesdropper Accuracy: 0.7022727272727273 26 1
Communication round: 41, Aggregated Accuracies: 0.6601190476190477 27
Communication round: 41, Eavesdropper Accuracy: 0.6954545454545454 27 1
Communication round: 42, Aggregated Accuracies: 0.6944047619047621 28
Communication round: 42, Eavesdropper Accuracy: 0.7318181818181818 28 1
Communication round: 43, Aggregated Accuracies: 0.7122619047619045 29
Communication round: 43, Eavesdropper Accuracy: 0.7431818181818182 29 1
Communication round: 44, Aggregated Accuracies: 0.7359523809523809 30
Communication round: 44, Eavesdropper Accuracy: 0.7636363636363637 30 1
Communication round: 45, Aggregated Accuracies: 0.7501190476190475 31
Communication round: 45, Eavesdropper Accuracy: 0.7613636363636364 31 1
Communication round: 46, Aggregated Accuracies: 0.7573809523809523 32
Communication round: 46, Eavesdropper Accuracy: 0.8 32 1
Communication round: 47, Aggregated Accuracies: 0.7844047619047619 33
Communication round: 47, Eavesdropper Accuracy: 0.7977272727272727 33 1
Communication round: 48, Aggregated Accuracies: 0.7979761904761905 34
Communication round: 48, Eavesdropper Accuracy: 0.8181818181818182 34 1
Communication round: 49, Aggregated Accuracies: 0.8014285714285714 35
Communication round: 49, Eavesdropper Accuracy: 0.825 35 1
Communication round: 50, Eavesdropper Accuracy: 0.8340909090909091 36 1
Communication round: 51, Eavesdropper Accuracy: 0.85 37 1
Communication round: 52, Aggregated Accuracies: 0.8186904761904762 38
Communication round: 52, Eavesdropper Accuracy: 0.8181818181818182 38 1
Communication round: 53, Aggregated Accuracies: 0.8261904761904763 39
Communication round: 53, Eavesdropper Accuracy: 0.8340909090909091 39 1
Communication round: 54, Aggregated Accuracies: 0.8292857142857142 40
Communication round: 54, Eavesdropper Accuracy: 0.8431818181818181 40 1
Communication round: 55, Aggregated Accuracies: 0.8379761904761905 41
Communication round: 55, Eavesdropper Accuracy: 0.8272727272727273 41 1
Communication round: 56, Aggregated Accuracies: 0.8379761904761903 42
Communication round: 56, Eavesdropper Accuracy: 0.85 42 1
Communication round: 57, Aggregated Accuracies: 0.846785714285714 43
Communication round: 57, Eavesdropper Accuracy: 0.8545454545454545 43 1
Communication round: 58, Aggregated Accuracies: 0.8517857142857146 44
Communication round: 58, Eavesdropper Accuracy: 0.8545454545454545 44 1
Communication round: 59, Eavesdropper Accuracy: 0.8613636363636363 44 0
Communication round: 60, Eavesdropper Accuracy: 0.8613636363636363 44 0
Communication round: 61, Eavesdropper Accuracy: 0.8636363636363636 44 0
Communication round: 62, Eavesdropper Accuracy: 0.8613636363636363 44 0
Communication round: 63, Eavesdropper Accuracy: 0.8590909090909091 44 0
Communication round: 64, Eavesdropper Accuracy: 0.8909090909090909 44 0
Communication round: 65, Eavesdropper Accuracy: 0.8545454545454545 44 0
Communication round: 66, Eavesdropper Accuracy: 0.8727272727272727 44 0
Communication round: 67, Eavesdropper Accuracy: 0.8727272727272727 44 0
Communication round: 68, Eavesdropper Accuracy: 0.8772727272727273 44 0
Communication round: 69, Eavesdropper Accuracy: 0.8818181818181818 44 0
Communication round: 70, Eavesdropper Accuracy: 0.8522727272727273 44 0
Communication round: 71, Eavesdropper Accuracy: 0.865909090909091 44 0
Communication round: 72, Eavesdropper Accuracy: 0.8613636363636363 44 0
Communication round: 73, Eavesdropper Accuracy: 0.8613636363636363 44 0
Communication round: 74, Eavesdropper Accuracy: 0.8590909090909091 44 0
Communication round: 75, Eavesdropper Accuracy: 0.8681818181818182 44 0
Communication round: 76, Eavesdropper Accuracy: 0.875 44 0
Communication round: 77, Eavesdropper Accuracy: 0.8704545454545455 44 0
Communication round: 78, Eavesdropper Accuracy: 0.8681818181818182 44 0
Communication round: 79, Eavesdropper Accuracy: 0.884090909090909 44 0
Communication round: 80, Eavesdropper Accuracy: 0.8795454545454545 44 0
Communication round: 81, Eavesdropper Accuracy: 0.875 44 0
Communication round: 82, Eavesdropper Accuracy: 0.8613636363636363 44 0
Communication round: 83, Eavesdropper Accuracy: 0.8772727272727273 44 0
Communication round: 84, Eavesdropper Accuracy: 0.8295454545454546 44 0
Communication round: 85, Eavesdropper Accuracy: 0.8636363636363636 44 0
Communication round: 86, Eavesdropper Accuracy: 0.8590909090909091 44 0
Communication round: 87, Smart Eavesdropper Accuracy: 0.8568181818181818 44 0
Communication round: 88, Smart Eavesdropper Accuracy: 0.8886363636363637 44 0
Communication round: 89, Smart Eavesdropper Accuracy: 0.8931818181818182 44 0
Communication round: 90, Smart Eavesdropper Accuracy: 0.925 44 0
Communication round: 91, Smart Eavesdropper Accuracy: 0.9181818181818182 44 0
Communication round: 92, Smart Eavesdropper Accuracy: 0.9227272727272727 44 0
Communication round: 93, Smart Eavesdropper Accuracy: 0.9363636363636364 44 0
Communication round: 94, Smart Eavesdropper Accuracy: 0.9318181818181818 44 0
Communication round: 95, Smart Eavesdropper Accuracy: 0.9386363636363636 44 0
Communication round: 96, Smart Eavesdropper Accuracy: 0.9318181818181818 44 0
Communication round: 97, Smart Eavesdropper Accuracy: 0.9522727272727273 44 0
Communication round: 98, Smart Eavesdropper Accuracy: 0.9522727272727273 44 0
Communication round: 99, Smart Eavesdropper Accuracy: 0.9363636363636364 44 0
----------------------------------------------------------------------------------------------------
----------------------------------------------------------------------------------------------------
50_30_100_1_8_0.8_False_
----------------------------------------------------------------------------------------------------
Communication round: 0, Eavesdropper Accuracy: 0.031818181818181815 1 1
Communication round: 1, Eavesdropper Accuracy: 0.03409090909090909 2 1
Communication round: 2, Eavesdropper Accuracy: 0.02727272727272727 3 1
Communication round: 3, Aggregated Accuracies: 0.0826190476190476 4
Communication round: 3, Eavesdropper Accuracy: 0.09545454545454546 4 1
Communication round: 4, Eavesdropper Accuracy: 0.10909090909090909 5 1
Communication round: 5, Eavesdropper Accuracy: 0.09545454545454546 6 1
Communication round: 6, Eavesdropper Accuracy: 0.1 7 1
Communication round: 7, Eavesdropper Accuracy: 0.11818181818181818 8 1
Communication round: 8, Eavesdropper Accuracy: 0.10227272727272728 9 1
Communication round: 9, Eavesdropper Accuracy: 0.11363636363636363 9 0
Communication round: 10, Eavesdropper Accuracy: 0.10681818181818181 10 1
Communication round: 11, Eavesdropper Accuracy: 0.1159090909090909 11 1
Communication round: 12, Eavesdropper Accuracy: 0.10454545454545454 11 0
Communication round: 13, Eavesdropper Accuracy: 0.10909090909090909 11 0
Communication round: 14, Eavesdropper Accuracy: 0.08863636363636364 11 0
Communication round: 15, Eavesdropper Accuracy: 0.10681818181818181 11 0
Communication round: 16, Eavesdropper Accuracy: 0.09772727272727273 12 1
Communication round: 17, Eavesdropper Accuracy: 0.09090909090909091 12 0
Communication round: 18, Eavesdropper Accuracy: 0.11363636363636363 12 0
Communication round: 19, Eavesdropper Accuracy: 0.09090909090909091 13 1
Communication round: 20, Eavesdropper Accuracy: 0.09090909090909091 13 0
Communication round: 21, Eavesdropper Accuracy: 0.08863636363636364 14 1
Communication round: 22, Eavesdropper Accuracy: 0.08181818181818182 15 1
Communication round: 23, Eavesdropper Accuracy: 0.1 15 0
Communication round: 24, Eavesdropper Accuracy: 0.10454545454545454 15 0
Communication round: 25, Eavesdropper Accuracy: 0.10909090909090909 16 1
Communication round: 26, Eavesdropper Accuracy: 0.09545454545454546 17 1
Communication round: 27, Eavesdropper Accuracy: 0.10454545454545454 18 1
Communication round: 28, Eavesdropper Accuracy: 0.09772727272727273 19 1
Communication round: 29, Eavesdropper Accuracy: 0.10227272727272728 20 1
Communication round: 30, Eavesdropper Accuracy: 0.10227272727272728 21 1
Communication round: 31, Aggregated Accuracies: 0.10309523809523811 22
Communication round: 31, Eavesdropper Accuracy: 0.1340909090909091 22 1
Communication round: 32, Eavesdropper Accuracy: 0.12272727272727273 23 1
Communication round: 33, Eavesdropper Accuracy: 0.12045454545454545 24 1
Communication round: 34, Eavesdropper Accuracy: 0.1431818181818182 25 1
Communication round: 35, Eavesdropper Accuracy: 0.14545454545454545 26 1
Communication round: 36, Eavesdropper Accuracy: 0.10681818181818181 27 1
Communication round: 37, Eavesdropper Accuracy: 0.12272727272727273 28 1
Communication round: 38, Eavesdropper Accuracy: 0.11818181818181818 29 1
Communication round: 39, Eavesdropper Accuracy: 0.10227272727272728 30 1
Communication round: 40, Eavesdropper Accuracy: 0.1409090909090909 31 1
Communication round: 41, Aggregated Accuracies: 0.13940476190476186 32
Communication round: 41, Eavesdropper Accuracy: 0.14772727272727273 32 1
Communication round: 42, Eavesdropper Accuracy: 0.17727272727272728 33 1
Communication round: 43, Aggregated Accuracies: 0.18261904761904757 34
Communication round: 43, Eavesdropper Accuracy: 0.21136363636363636 34 1
Communication round: 44, Eavesdropper Accuracy: 0.2 34 0
Communication round: 45, Eavesdropper Accuracy: 0.19545454545454546 34 0
Communication round: 46, Eavesdropper Accuracy: 0.18636363636363637 35 1
Communication round: 47, Eavesdropper Accuracy: 0.19318181818181818 36 1
Communication round: 48, Eavesdropper Accuracy: 0.16818181818181818 37 1
Communication round: 49, Eavesdropper Accuracy: 0.20227272727272727 37 0
Communication round: 50, Eavesdropper Accuracy: 0.19318181818181818 37 0
Communication round: 51, Eavesdropper Accuracy: 0.19318181818181818 37 0
Communication round: 52, Eavesdropper Accuracy: 0.17954545454545454 37 0
Communication round: 53, Eavesdropper Accuracy: 0.19090909090909092 38 1
Communication round: 54, Eavesdropper Accuracy: 0.18409090909090908 38 0
Communication round: 55, Eavesdropper Accuracy: 0.19772727272727272 39 1
Communication round: 56, Aggregated Accuracies: 0.21047619047619048 40
Communication round: 56, Eavesdropper Accuracy: 0.25227272727272726 40 1
Communication round: 57, Eavesdropper Accuracy: 0.2409090909090909 41 1
Communication round: 58, Aggregated Accuracies: 0.2710714285714286 42
Communication round: 58, Eavesdropper Accuracy: 0.3386363636363636 42 1
Communication round: 59, Eavesdropper Accuracy: 0.33636363636363636 43 1
Communication round: 60, Aggregated Accuracies: 0.3232142857142856 44
Communication round: 60, Eavesdropper Accuracy: 0.3840909090909091 44 1
Communication round: 61, Aggregated Accuracies: 0.3671428571428572 45
Communication round: 61, Eavesdropper Accuracy: 0.3886363636363636 45 1
Communication round: 62, Aggregated Accuracies: 0.39619047619047626 46
Communication round: 62, Eavesdropper Accuracy: 0.44772727272727275 46 1
Communication round: 63, Aggregated Accuracies: 0.45000000000000007 47
Communication round: 63, Eavesdropper Accuracy: 0.5181818181818182 47 1
Communication round: 64, Aggregated Accuracies: 0.49297619047619057 48
Communication round: 64, Eavesdropper Accuracy: 0.5659090909090909 48 1
Communication round: 65, Aggregated Accuracies: 0.5307142857142858 49
Communication round: 65, Eavesdropper Accuracy: 0.6090909090909091 49 1
Communication round: 66, Aggregated Accuracies: 0.5694047619047619 50
Communication round: 66, Eavesdropper Accuracy: 0.5931818181818181 50 1
Communication round: 67, Aggregated Accuracies: 0.5984523809523811 51
Communication round: 67, Eavesdropper Accuracy: 0.6863636363636364 51 1
Communication round: 68, Aggregated Accuracies: 0.6361904761904762 52
Communication round: 68, Eavesdropper Accuracy: 0.6909090909090909 52 1
Communication round: 69, Aggregated Accuracies: 0.6627380952380952 53
Communication round: 69, Eavesdropper Accuracy: 0.725 53 1
Communication round: 70, Aggregated Accuracies: 0.694047619047619 54
Communication round: 70, Eavesdropper Accuracy: 0.7181818181818181 54 1
Communication round: 71, Aggregated Accuracies: 0.7080952380952381 55
Communication round: 71, Eavesdropper Accuracy: 0.7204545454545455 55 1
Communication round: 72, Eavesdropper Accuracy: 0.725 56 1
Communication round: 73, Eavesdropper Accuracy: 0.7318181818181818 57 1
Communication round: 74, Eavesdropper Accuracy: 0.7318181818181818 57 0
Communication round: 75, Aggregated Accuracies: 0.7226190476190476 58
Communication round: 75, Eavesdropper Accuracy: 0.7227272727272728 58 1
Communication round: 76, Aggregated Accuracies: 0.7420238095238095 59
Communication round: 76, Eavesdropper Accuracy: 0.7681818181818182 59 1
Communication round: 77, Aggregated Accuracies: 0.758452380952381 60
Communication round: 77, Eavesdropper Accuracy: 0.7681818181818182 60 1
Communication round: 78, Aggregated Accuracies: 0.7717857142857144 61
Communication round: 78, Eavesdropper Accuracy: 0.7840909090909091 61 1
Communication round: 79, Aggregated Accuracies: 0.7755952380952381 62
Communication round: 79, Eavesdropper Accuracy: 0.8022727272727272 62 1
Communication round: 80, Aggregated Accuracies: 0.7833333333333333 63
Communication round: 80, Eavesdropper Accuracy: 0.8045454545454546 63 1
Communication round: 81, Aggregated Accuracies: 0.8020238095238095 64
Communication round: 81, Eavesdropper Accuracy: 0.8 64 1
Communication round: 82, Aggregated Accuracies: 0.8054761904761903 65
Communication round: 82, Eavesdropper Accuracy: 0.8181818181818182 65 1
Communication round: 83, Aggregated Accuracies: 0.813095238095238 66
Communication round: 83, Eavesdropper Accuracy: 0.8295454545454546 66 1
Communication round: 84, Eavesdropper Accuracy: 0.825 66 0
Communication round: 85, Eavesdropper Accuracy: 0.8204545454545454 66 0
Communication round: 86, Eavesdropper Accuracy: 0.8409090909090909 66 0
Communication round: 87, Eavesdropper Accuracy: 0.8545454545454545 66 0
Communication round: 88, Eavesdropper Accuracy: 0.8363636363636363 66 0
Communication round: 89, Eavesdropper Accuracy: 0.8431818181818181 66 0
Communication round: 90, Eavesdropper Accuracy: 0.8227272727272728 66 0
Communication round: 91, Eavesdropper Accuracy: 0.8340909090909091 66 0
Communication round: 92, Eavesdropper Accuracy: 0.8340909090909091 66 0
Communication round: 93, Eavesdropper Accuracy: 0.8159090909090909 66 0
Communication round: 94, Eavesdropper Accuracy: 0.8340909090909091 66 0
Communication round: 95, Eavesdropper Accuracy: 0.8295454545454546 66 0
Communication round: 96, Eavesdropper Accuracy: 0.8340909090909091 66 0
Communication round: 97, Eavesdropper Accuracy: 0.8409090909090909 66 0
Communication round: 98, Eavesdropper Accuracy: 0.8431818181818181 66 0
Communication round: 99, Eavesdropper Accuracy: 0.8136363636363636 66 0
----------------------------------------------------------------------------------------------------
----------------------------------------------------------------------------------------------------
50_30_100_1_8_0.8_False_
----------------------------------------------------------------------------------------------------
Communication round: 0, Smart Eavesdropper Accuracy: 0.3840909090909091 0 0
Communication round: 1, Smart Eavesdropper Accuracy: 0.6022727272727273 1 1
Communication round: 2, Eavesdropper Accuracy: 0.06818181818181818 2 1
Communication round: 3, Eavesdropper Accuracy: 0.05909090909090909 3 1
Communication round: 4, Eavesdropper Accuracy: 0.05909090909090909 4 1
Communication round: 5, Eavesdropper Accuracy: 0.05 5 1
Communication round: 6, Aggregated Accuracies: 0.07809523809523813 6
Communication round: 6, Eavesdropper Accuracy: 0.05909090909090909 6 1
Communication round: 7, Eavesdropper Accuracy: 0.075 7 1
Communication round: 8, Eavesdropper Accuracy: 0.07272727272727272 8 1
Communication round: 9, Eavesdropper Accuracy: 0.07954545454545454 9 1
Communication round: 10, Eavesdropper Accuracy: 0.08181818181818182 9 0
Communication round: 11, Eavesdropper Accuracy: 0.0659090909090909 9 0
Communication round: 12, Eavesdropper Accuracy: 0.056818181818181816 9 0
Communication round: 13, Eavesdropper Accuracy: 0.06136363636363636 9 0
Communication round: 14, Eavesdropper Accuracy: 0.056818181818181816 9 0
Communication round: 15, Eavesdropper Accuracy: 0.06363636363636363 9 0
Communication round: 16, Eavesdropper Accuracy: 0.07272727272727272 9 0
Communication round: 17, Smart Eavesdropper Accuracy: 0.3568181818181818 9 0
Communication round: 18, Smart Eavesdropper Accuracy: 0.5818181818181818 9 0
Communication round: 19, Smart Eavesdropper Accuracy: 0.7795454545454545 9 0
Communication round: 20, Smart Eavesdropper Accuracy: 0.865909090909091 10 1
Communication round: 21, Smart Eavesdropper Accuracy: 0.8681818181818182 11 1
Communication round: 22, Smart Eavesdropper Accuracy: 0.9 11 0
Communication round: 23, Smart Eavesdropper Accuracy: 0.9022727272727272 11 0
Communication round: 24, Smart Eavesdropper Accuracy: 0.9204545454545454 11 0
Communication round: 25, Smart Eavesdropper Accuracy: 0.9181818181818182 11 0
Communication round: 26, Smart Eavesdropper Accuracy: 0.925 11 0
Communication round: 27, Smart Eavesdropper Accuracy: 0.9295454545454546 12 1
Communication round: 28, Smart Eavesdropper Accuracy: 0.9295454545454546 12 0
Communication round: 29, Smart Eavesdropper Accuracy: 0.9431818181818182 12 0
Communication round: 30, Smart Eavesdropper Accuracy: 0.9340909090909091 12 0
Communication round: 31, Smart Eavesdropper Accuracy: 0.9431818181818182 12 0
Communication round: 32, Smart Eavesdropper Accuracy: 0.9386363636363636 13 1
Communication round: 33, Aggregated Accuracies: 0.11535714285714288 14
Communication round: 33, Smart Eavesdropper Accuracy: 0.9454545454545454 14 1
Communication round: 34, Aggregated Accuracies: 0.17714285714285707 15
Communication round: 34, Smart Eavesdropper Accuracy: 0.9340909090909091 15 1
Communication round: 35, Aggregated Accuracies: 0.22119047619047616 16
Communication round: 35, Smart Eavesdropper Accuracy: 0.95 16 1
Communication round: 36, Aggregated Accuracies: 0.2782142857142857 17
Communication round: 36, Smart Eavesdropper Accuracy: 0.9590909090909091 17 1
Communication round: 37, Aggregated Accuracies: 0.3367857142857143 18
Communication round: 37, Smart Eavesdropper Accuracy: 0.9545454545454546 18 1
Communication round: 38, Aggregated Accuracies: 0.38440476190476175 19
Communication round: 38, Smart Eavesdropper Accuracy: 0.9522727272727273 19 1
Communication round: 39, Aggregated Accuracies: 0.4341666666666666 20
Communication round: 39, Smart Eavesdropper Accuracy: 0.9545454545454546 20 1
Communication round: 40, Aggregated Accuracies: 0.48797619047619034 21
Communication round: 40, Eavesdropper Accuracy: 0.5227272727272727 21 1
Communication round: 41, Aggregated Accuracies: 0.5341666666666667 22
Communication round: 41, Eavesdropper Accuracy: 0.5431818181818182 22 1
Communication round: 42, Aggregated Accuracies: 0.5690476190476188 23
Communication round: 42, Eavesdropper Accuracy: 0.6477272727272727 23 1
Communication round: 43, Aggregated Accuracies: 0.5995238095238095 24
Communication round: 43, Eavesdropper Accuracy: 0.6727272727272727 24 1
Communication round: 44, Aggregated Accuracies: 0.6405952380952381 25
Communication round: 44, Eavesdropper Accuracy: 0.6795454545454546 25 1
Communication round: 45, Aggregated Accuracies: 0.6630952380952378 26
Communication round: 45, Eavesdropper Accuracy: 0.7386363636363636 26 1
Communication round: 46, Aggregated Accuracies: 0.6841666666666666 27
Communication round: 46, Eavesdropper Accuracy: 0.7363636363636363 27 1
Communication round: 47, Aggregated Accuracies: 0.7086904761904761 28
Communication round: 47, Eavesdropper Accuracy: 0.759090909090909 28 1
Communication round: 48, Aggregated Accuracies: 0.7304761904761906 29
Communication round: 48, Eavesdropper Accuracy: 0.7636363636363637 29 1
Communication round: 49, Aggregated Accuracies: 0.741309523809524 30
Communication round: 49, Eavesdropper Accuracy: 0.7931818181818182 30 1
Communication round: 50, Eavesdropper Accuracy: 0.7840909090909091 30 0
Communication round: 51, Eavesdropper Accuracy: 0.7727272727272727 30 0
Communication round: 52, Eavesdropper Accuracy: 0.8068181818181818 30 0
Communication round: 53, Eavesdropper Accuracy: 0.7522727272727273 30 0
Communication round: 54, Aggregated Accuracies: 0.7579761904761905 31
Communication round: 54, Eavesdropper Accuracy: 0.7977272727272727 31 1
Communication round: 55, Aggregated Accuracies: 0.7723809523809525 32
Communication round: 55, Eavesdropper Accuracy: 0.7977272727272727 32 1
Communication round: 56, Aggregated Accuracies: 0.7820238095238095 33
Communication round: 56, Eavesdropper Accuracy: 0.8454545454545455 33 1
Communication round: 57, Aggregated Accuracies: 0.7936904761904765 34
Communication round: 57, Eavesdropper Accuracy: 0.8227272727272728 34 1
Communication round: 58, Aggregated Accuracies: 0.8061904761904765 35
Communication round: 58, Eavesdropper Accuracy: 0.8318181818181818 35 1
Communication round: 59, Aggregated Accuracies: 0.8126190476190477 36
Communication round: 59, Eavesdropper Accuracy: 0.8568181818181818 36 1
Communication round: 60, Aggregated Accuracies: 0.8235714285714285 37
Communication round: 60, Eavesdropper Accuracy: 0.8818181818181818 37 1
Communication round: 61, Aggregated Accuracies: 0.8361904761904758 38
Communication round: 61, Eavesdropper Accuracy: 0.8727272727272727 38 1
Communication round: 62, Aggregated Accuracies: 0.8369047619047619 39
Communication round: 62, Eavesdropper Accuracy: 0.8681818181818182 39 1
Communication round: 63, Aggregated Accuracies: 0.846547619047619 40
Communication round: 63, Eavesdropper Accuracy: 0.8863636363636364 40 1
Communication round: 64, Eavesdropper Accuracy: 0.8727272727272727 40 0
Communication round: 65, Aggregated Accuracies: 0.8476190476190475 41
Communication round: 65, Eavesdropper Accuracy: 0.8727272727272727 41 1
Communication round: 66, Eavesdropper Accuracy: 0.8909090909090909 41 0
Communication round: 67, Eavesdropper Accuracy: 0.8818181818181818 41 0
Communication round: 68, Eavesdropper Accuracy: 0.8886363636363637 41 0
Communication round: 69, Eavesdropper Accuracy: 0.8954545454545455 41 0
Communication round: 70, Eavesdropper Accuracy: 0.8795454545454545 41 0
Communication round: 71, Eavesdropper Accuracy: 0.8727272727272727 41 0
Communication round: 72, Eavesdropper Accuracy: 0.8931818181818182 41 0
Communication round: 73, Eavesdropper Accuracy: 0.8977272727272727 41 0
Communication round: 74, Eavesdropper Accuracy: 0.9022727272727272 41 0
Communication round: 75, Eavesdropper Accuracy: 0.8795454545454545 41 0
Communication round: 76, Eavesdropper Accuracy: 0.865909090909091 41 0
Communication round: 77, Eavesdropper Accuracy: 0.8704545454545455 41 0
Communication round: 78, Eavesdropper Accuracy: 0.884090909090909 41 0
Communication round: 79, Eavesdropper Accuracy: 0.9068181818181819 41 0
Communication round: 80, Eavesdropper Accuracy: 0.884090909090909 41 0
Communication round: 81, Smart Eavesdropper Accuracy: 0.8818181818181818 41 0
Communication round: 82, Smart Eavesdropper Accuracy: 0.8931818181818182 41 0
Communication round: 83, Smart Eavesdropper Accuracy: 0.8704545454545455 41 0
Communication round: 84, Smart Eavesdropper Accuracy: 0.9136363636363637 41 0
Communication round: 85, Smart Eavesdropper Accuracy: 0.9318181818181818 41 0
Communication round: 86, Smart Eavesdropper Accuracy: 0.925 41 0
Communication round: 87, Smart Eavesdropper Accuracy: 0.9227272727272727 41 0
Communication round: 88, Smart Eavesdropper Accuracy: 0.9409090909090909 41 0
Communication round: 89, Smart Eavesdropper Accuracy: 0.9227272727272727 41 0
Communication round: 90, Smart Eavesdropper Accuracy: 0.9159090909090909 41 0
Communication round: 91, Smart Eavesdropper Accuracy: 0.9227272727272727 41 0
Communication round: 92, Smart Eavesdropper Accuracy: 0.9318181818181818 41 0
Communication round: 93, Smart Eavesdropper Accuracy: 0.95 41 0
Communication round: 94, Smart Eavesdropper Accuracy: 0.9386363636363636 41 0
Communication round: 95, Smart Eavesdropper Accuracy: 0.9431818181818182 41 0
Communication round: 96, Smart Eavesdropper Accuracy: 0.95 41 0
Communication round: 97, Smart Eavesdropper Accuracy: 0.9477272727272728 41 0
Communication round: 98, Smart Eavesdropper Accuracy: 0.9477272727272728 41 0
Communication round: 99, Smart Eavesdropper Accuracy: 0.9431818181818182 41 0
----------------------------------------------------------------------------------------------------
