Communication round: 0, Smart Eavesdropper Accuracy: 0.3386363636363636 0 0
Communication round: 1, Smart Eavesdropper Accuracy: 0.49318181818181817 0 0
Communication round: 2, Smart Eavesdropper Accuracy: 0.6977272727272728 0 0
Communication round: 3, Smart Eavesdropper Accuracy: 0.7977272727272727 0 0
Communication round: 4, Smart Eavesdropper Accuracy: 0.8568181818181818 1 1
Communication round: 5, Aggregated Accuracies: 0.17273809523809525 2
Communication round: 5, Smart Eavesdropper Accuracy: 0.884090909090909 2 1
Communication round: 6, Smart Eavesdropper Accuracy: 0.8931818181818182 3 1
Communication round: 7, Aggregated Accuracies: 0.3129761904761904 4
Communication round: 7, Smart Eavesdropper Accuracy: 0.9363636363636364 4 1
Communication round: 8, Eavesdropper Accuracy: 0.3795454545454545 5 1
Communication round: 9, Aggregated Accuracies: 0.42547619047619056 6
Communication round: 9, Eavesdropper Accuracy: 0.4659090909090909 6 1
Communication round: 10, Aggregated Accuracies: 0.5120238095238094 7
Communication round: 10, Eavesdropper Accuracy: 0.5954545454545455 7 1
Communication round: 11, Aggregated Accuracies: 0.6021428571428572 8
Communication round: 11, Eavesdropper Accuracy: 0.6568181818181819 8 1
Communication round: 12, Aggregated Accuracies: 0.663690476190476 9
Communication round: 12, Eavesdropper Accuracy: 0.7 9 1
Communication round: 13, Aggregated Accuracies: 0.6988095238095237 10
Communication round: 13, Eavesdropper Accuracy: 0.7727272727272727 10 1
Communication round: 14, Aggregated Accuracies: 0.7477380952380951 11
Communication round: 14, Eavesdropper Accuracy: 0.8022727272727272 11 1
Communication round: 15, Aggregated Accuracies: 0.771547619047619 12
Communication round: 15, Eavesdropper Accuracy: 0.8340909090909091 12 1
Communication round: 16, Eavesdropper Accuracy: 0.8159090909090909 13 1
Communication round: 17, Aggregated Accuracies: 0.7904761904761906 14
Communication round: 17, Eavesdropper Accuracy: 0.85 14 1
Communication round: 18, Aggregated Accuracies: 0.8113095238095239 15
Communication round: 18, Eavesdropper Accuracy: 0.8477272727272728 15 1
Communication round: 19, Eavesdropper Accuracy: 0.8590909090909091 15 0
Communication round: 20, Eavesdropper Accuracy: 0.85 15 0
Communication round: 21, Aggregated Accuracies: 0.8327380952380953 16
Communication round: 21, Eavesdropper Accuracy: 0.8545454545454545 16 1
Communication round: 22, Eavesdropper Accuracy: 0.8636363636363636 17 1
Communication round: 23, Eavesdropper Accuracy: 0.8272727272727273 17 0
Communication round: 24, Aggregated Accuracies: 0.8465476190476192 18
Communication round: 24, Eavesdropper Accuracy: 0.8613636363636363 18 1
Communication round: 25, Eavesdropper Accuracy: 0.8681818181818182 18 0
Communication round: 26, Aggregated Accuracies: 0.8572619047619048 19
Communication round: 26, Eavesdropper Accuracy: 0.865909090909091 19 1
Communication round: 27, Eavesdropper Accuracy: 0.884090909090909 19 0
Communication round: 28, Eavesdropper Accuracy: 0.8704545454545455 20 1
Communication round: 29, Eavesdropper Accuracy: 0.8545454545454545 20 0
Communication round: 30, Eavesdropper Accuracy: 0.884090909090909 21 1
Communication round: 31, Eavesdropper Accuracy: 0.8613636363636363 22 1
Communication round: 32, Aggregated Accuracies: 0.8647619047619048 23
Communication round: 32, Eavesdropper Accuracy: 0.8704545454545455 23 1
Communication round: 33, Eavesdropper Accuracy: 0.8522727272727273 23 0
Communication round: 34, Eavesdropper Accuracy: 0.865909090909091 23 0
Communication round: 35, Eavesdropper Accuracy: 0.8636363636363636 23 0
Communication round: 36, Eavesdropper Accuracy: 0.8409090909090909 23 0
Communication round: 37, Eavesdropper Accuracy: 0.8704545454545455 23 0
Communication round: 38, Eavesdropper Accuracy: 0.8772727272727273 23 0
Communication round: 39, Eavesdropper Accuracy: 0.8613636363636363 24 1
Communication round: 40, Aggregated Accuracies: 0.8714285714285713 25
Communication round: 40, Eavesdropper Accuracy: 0.884090909090909 25 1
Communication round: 41, Eavesdropper Accuracy: 0.884090909090909 25 0
Communication round: 42, Eavesdropper Accuracy: 0.9068181818181819 25 0
Communication round: 43, Eavesdropper Accuracy: 0.8863636363636364 25 0
Communication round: 44, Aggregated Accuracies: 0.8776190476190477 26
Communication round: 44, Eavesdropper Accuracy: 0.8795454545454545 26 1
Communication round: 45, Aggregated Accuracies: 0.8855952380952381 27
Communication round: 45, Eavesdropper Accuracy: 0.9022727272727272 27 1
Communication round: 46, Aggregated Accuracies: 0.8892857142857142 28
Communication round: 46, Eavesdropper Accuracy: 0.875 28 1
Communication round: 47, Eavesdropper Accuracy: 0.9136363636363637 28 0
Communication round: 48, Eavesdropper Accuracy: 0.8954545454545455 28 0
Communication round: 49, Eavesdropper Accuracy: 0.8909090909090909 28 0
Communication round: 50, Eavesdropper Accuracy: 0.8772727272727273 28 0
Communication round: 51, Eavesdropper Accuracy: 0.9068181818181819 28 0
Communication round: 52, Aggregated Accuracies: 0.8934523809523812 29
Communication round: 52, Eavesdropper Accuracy: 0.8886363636363637 29 1
Communication round: 53, Aggregated Accuracies: 0.9019047619047621 30
Communication round: 53, Eavesdropper Accuracy: 0.8954545454545455 30 1
Communication round: 54, Aggregated Accuracies: 0.9008333333333332 31
Communication round: 54, Eavesdropper Accuracy: 0.9136363636363637 31 1
Communication round: 55, Aggregated Accuracies: 0.9053571428571427 32
Communication round: 55, Eavesdropper Accuracy: 0.9272727272727272 32 1
Communication round: 56, Eavesdropper Accuracy: 0.9136363636363637 32 0
Communication round: 57, Eavesdropper Accuracy: 0.9022727272727272 32 0
Communication round: 58, Aggregated Accuracies: 0.9111904761904762 33
Communication round: 58, Eavesdropper Accuracy: 0.9022727272727272 33 1
Communication round: 59, Aggregated Accuracies: 0.9160714285714284 34
Communication round: 59, Eavesdropper Accuracy: 0.9045454545454545 34 1
Communication round: 60, Aggregated Accuracies: 0.9147619047619047 35
Communication round: 60, Eavesdropper Accuracy: 0.9340909090909091 35 1
Communication round: 61, Eavesdropper Accuracy: 0.925 35 0
Communication round: 62, Eavesdropper Accuracy: 0.925 35 0
Communication round: 63, Eavesdropper Accuracy: 0.9 35 0
Communication round: 64, Eavesdropper Accuracy: 0.8931818181818182 36 1
Communication round: 65, Aggregated Accuracies: 0.9205952380952382 37
Communication round: 65, Eavesdropper Accuracy: 0.9181818181818182 37 1
Communication round: 66, Aggregated Accuracies: 0.921904761904762 38
Communication round: 66, Eavesdropper Accuracy: 0.9295454545454546 38 1
Communication round: 67, Aggregated Accuracies: 0.9230952380952381 39
Communication round: 67, Eavesdropper Accuracy: 0.9113636363636364 39 1
Communication round: 68, Eavesdropper Accuracy: 0.9295454545454546 39 0
Communication round: 69, Eavesdropper Accuracy: 0.9340909090909091 39 0
Communication round: 70, Eavesdropper Accuracy: 0.9113636363636364 39 0
Communication round: 71, Aggregated Accuracies: 0.9270238095238096 40
Communication round: 71, Eavesdropper Accuracy: 0.9181818181818182 40 1
Communication round: 72, Eavesdropper Accuracy: 0.9227272727272727 40 0
Communication round: 73, Eavesdropper Accuracy: 0.9159090909090909 40 0
Communication round: 74, Eavesdropper Accuracy: 0.8886363636363637 40 0
Communication round: 75, Eavesdropper Accuracy: 0.9477272727272728 40 0
Communication round: 76, Eavesdropper Accuracy: 0.9295454545454546 40 0
Communication round: 77, Eavesdropper Accuracy: 0.9295454545454546 40 0
Communication round: 78, Eavesdropper Accuracy: 0.9340909090909091 40 0
Communication round: 79, Smart Eavesdropper Accuracy: 0.9204545454545454 40 0
Communication round: 80, Smart Eavesdropper Accuracy: 0.9045454545454545 40 0
Communication round: 81, Smart Eavesdropper Accuracy: 0.9477272727272728 40 0
Communication round: 82, Smart Eavesdropper Accuracy: 0.9295454545454546 40 0
Communication round: 83, Smart Eavesdropper Accuracy: 0.925 40 0
Communication round: 84, Smart Eavesdropper Accuracy: 0.9386363636363636 40 0
Communication round: 85, Smart Eavesdropper Accuracy: 0.9340909090909091 40 0
Communication round: 86, Smart Eavesdropper Accuracy: 0.9568181818181818 40 0
Communication round: 87, Smart Eavesdropper Accuracy: 0.9568181818181818 40 0
Communication round: 88, Smart Eavesdropper Accuracy: 0.9454545454545454 40 0
Communication round: 89, Smart Eavesdropper Accuracy: 0.9568181818181818 40 0
Communication round: 90, Smart Eavesdropper Accuracy: 0.9477272727272728 40 0
Communication round: 91, Smart Eavesdropper Accuracy: 0.925 40 0
Communication round: 92, Smart Eavesdropper Accuracy: 0.9318181818181818 40 0
Communication round: 93, Smart Eavesdropper Accuracy: 0.9636363636363636 40 0
Communication round: 94, Smart Eavesdropper Accuracy: 0.9545454545454546 40 0
Communication round: 95, Smart Eavesdropper Accuracy: 0.9522727272727273 40 0
Communication round: 96, Smart Eavesdropper Accuracy: 0.9454545454545454 40 0
Communication round: 97, Smart Eavesdropper Accuracy: 0.95 40 0
Communication round: 98, Smart Eavesdropper Accuracy: 0.9613636363636363 40 0
Communication round: 99, Smart Eavesdropper Accuracy: 0.9454545454545454 40 0
----------------------------------------------------------------------------------------------------
Communication round: 0, Eavesdropper Accuracy: 0.1409090909090909 1 1
Communication round: 1, Eavesdropper Accuracy: 0.12272727272727273 2 1
Communication round: 2, Eavesdropper Accuracy: 0.12272727272727273 2 0
Communication round: 3, Eavesdropper Accuracy: 0.12272727272727273 3 1
Communication round: 4, Eavesdropper Accuracy: 0.11136363636363636 3 0
Communication round: 5, Smart Eavesdropper Accuracy: 0.4727272727272727 3 0
Communication round: 6, Eavesdropper Accuracy: 0.12727272727272726 4 1
Communication round: 7, Smart Eavesdropper Accuracy: 0.45 4 0
Communication round: 8, Smart Eavesdropper Accuracy: 0.6090909090909091 4 0
Communication round: 9, Smart Eavesdropper Accuracy: 0.675 5 1
Communication round: 10, Smart Eavesdropper Accuracy: 0.7863636363636364 5 0
Communication round: 11, Aggregated Accuracies: 0.19476190476190475 6
Communication round: 11, Smart Eavesdropper Accuracy: 0.7840909090909091 6 1
Communication round: 12, Aggregated Accuracies: 0.27285714285714285 7
Communication round: 12, Eavesdropper Accuracy: 0.3340909090909091 7 1
Communication round: 13, Eavesdropper Accuracy: 0.32045454545454544 8 1
Communication round: 14, Eavesdropper Accuracy: 0.3159090909090909 9 1
Communication round: 15, Eavesdropper Accuracy: 0.3795454545454545 10 1
Communication round: 16, Eavesdropper Accuracy: 0.325 10 0
Communication round: 17, Aggregated Accuracies: 0.37023809523809526 11
Communication round: 17, Eavesdropper Accuracy: 0.4318181818181818 11 1
Communication round: 18, Eavesdropper Accuracy: 0.4409090909090909 12 1
Communication round: 19, Eavesdropper Accuracy: 0.41363636363636364 12 0
Communication round: 20, Aggregated Accuracies: 0.49630952380952387 13
Communication round: 20, Eavesdropper Accuracy: 0.5431818181818182 13 1
Communication round: 21, Aggregated Accuracies: 0.589166666666667 14
Communication round: 21, Eavesdropper Accuracy: 0.625 14 1
Communication round: 22, Aggregated Accuracies: 0.6494047619047618 15
Communication round: 22, Eavesdropper Accuracy: 0.6931818181818182 15 1
Communication round: 23, Aggregated Accuracies: 0.6864285714285714 16
Communication round: 23, Eavesdropper Accuracy: 0.7113636363636363 16 1
Communication round: 24, Aggregated Accuracies: 0.7139285714285714 17
Communication round: 24, Eavesdropper Accuracy: 0.7386363636363636 17 1
Communication round: 25, Aggregated Accuracies: 0.7410714285714286 18
Communication round: 25, Eavesdropper Accuracy: 0.7704545454545455 18 1
Communication round: 26, Aggregated Accuracies: 0.7730952380952383 19
Communication round: 26, Eavesdropper Accuracy: 0.8045454545454546 19 1
Communication round: 27, Aggregated Accuracies: 0.7997619047619049 20
Communication round: 27, Eavesdropper Accuracy: 0.8159090909090909 20 1
Communication round: 28, Aggregated Accuracies: 0.8245238095238095 21
Communication round: 28, Eavesdropper Accuracy: 0.8613636363636363 21 1
Communication round: 29, Aggregated Accuracies: 0.8455952380952381 22
Communication round: 29, Eavesdropper Accuracy: 0.8772727272727273 22 1
Communication round: 30, Aggregated Accuracies: 0.8588095238095239 23
Communication round: 30, Eavesdropper Accuracy: 0.8613636363636363 23 1
Communication round: 31, Aggregated Accuracies: 0.8580952380952382 24
Communication round: 31, Eavesdropper Accuracy: 0.8886363636363637 24 1
Communication round: 32, Aggregated Accuracies: 0.8609523809523811 25
Communication round: 32, Eavesdropper Accuracy: 0.8886363636363637 25 1
Communication round: 33, Aggregated Accuracies: 0.8758333333333332 26
Communication round: 33, Eavesdropper Accuracy: 0.9 26 1
Communication round: 34, Aggregated Accuracies: 0.883214285714286 27
Communication round: 34, Eavesdropper Accuracy: 0.9045454545454545 27 1
Communication round: 35, Aggregated Accuracies: 0.8877380952380953 28
Communication round: 35, Eavesdropper Accuracy: 0.8954545454545455 28 1
Communication round: 36, Aggregated Accuracies: 0.8916666666666666 29
Communication round: 36, Eavesdropper Accuracy: 0.9181818181818182 29 1
Communication round: 37, Aggregated Accuracies: 0.8972619047619046 30
Communication round: 37, Eavesdropper Accuracy: 0.8886363636363637 30 1
Communication round: 38, Aggregated Accuracies: 0.903095238095238 31
Communication round: 38, Eavesdropper Accuracy: 0.9113636363636364 31 1
Communication round: 39, Aggregated Accuracies: 0.9079761904761904 32
Communication round: 39, Eavesdropper Accuracy: 0.8977272727272727 32 1
Communication round: 40, Aggregated Accuracies: 0.9058333333333334 33
Communication round: 40, Eavesdropper Accuracy: 0.9045454545454545 33 1
Communication round: 41, Eavesdropper Accuracy: 0.9068181818181819 33 0
Communication round: 42, Eavesdropper Accuracy: 0.9204545454545454 33 0
Communication round: 43, Eavesdropper Accuracy: 0.9090909090909091 33 0
Communication round: 44, Eavesdropper Accuracy: 0.9 33 0
Communication round: 45, Eavesdropper Accuracy: 0.925 33 0
Communication round: 46, Eavesdropper Accuracy: 0.9045454545454545 33 0
Communication round: 47, Eavesdropper Accuracy: 0.9068181818181819 33 0
Communication round: 48, Eavesdropper Accuracy: 0.9181818181818182 33 0
Communication round: 49, Eavesdropper Accuracy: 0.9068181818181819 33 0
Communication round: 50, Eavesdropper Accuracy: 0.9113636363636364 33 0
Communication round: 51, Eavesdropper Accuracy: 0.9318181818181818 33 0
Communication round: 52, Eavesdropper Accuracy: 0.9113636363636364 33 0
Communication round: 53, Eavesdropper Accuracy: 0.9136363636363637 33 0
Communication round: 54, Eavesdropper Accuracy: 0.9181818181818182 33 0
Communication round: 55, Eavesdropper Accuracy: 0.9318181818181818 33 0
Communication round: 56, Eavesdropper Accuracy: 0.9 33 0
Communication round: 57, Eavesdropper Accuracy: 0.9295454545454546 33 0
Communication round: 58, Eavesdropper Accuracy: 0.9340909090909091 33 0
Communication round: 59, Eavesdropper Accuracy: 0.9227272727272727 33 0
Communication round: 60, Eavesdropper Accuracy: 0.8977272727272727 33 0
Communication round: 61, Aggregated Accuracies: 0.9121428571428571 34
Communication round: 61, Eavesdropper Accuracy: 0.9295454545454546 34 1
Communication round: 62, Aggregated Accuracies: 0.9138095238095236 35
Communication round: 62, Eavesdropper Accuracy: 0.9227272727272727 35 1
Communication round: 63, Aggregated Accuracies: 0.9158333333333333 36
Communication round: 63, Eavesdropper Accuracy: 0.9431818181818182 36 1
Communication round: 64, Aggregated Accuracies: 0.919642857142857 37
Communication round: 64, Eavesdropper Accuracy: 0.9272727272727272 37 1
Communication round: 65, Aggregated Accuracies: 0.9201190476190474 38
Communication round: 65, Eavesdropper Accuracy: 0.925 38 1
Communication round: 66, Eavesdropper Accuracy: 0.9340909090909091 38 0
Communication round: 67, Eavesdropper Accuracy: 0.9113636363636364 38 0
Communication round: 68, Eavesdropper Accuracy: 0.9181818181818182 38 0
Communication round: 69, Eavesdropper Accuracy: 0.9227272727272727 38 0
Communication round: 70, Aggregated Accuracies: 0.9227380952380951 39
Communication round: 70, Eavesdropper Accuracy: 0.9295454545454546 39 1
Communication round: 71, Eavesdropper Accuracy: 0.9159090909090909 39 0
Communication round: 72, Eavesdropper Accuracy: 0.9363636363636364 39 0
Communication round: 73, Eavesdropper Accuracy: 0.925 39 0
Communication round: 74, Eavesdropper Accuracy: 0.9295454545454546 39 0
Communication round: 75, Eavesdropper Accuracy: 0.9318181818181818 39 0
Communication round: 76, Eavesdropper Accuracy: 0.9454545454545454 39 0
Communication round: 77, Smart Eavesdropper Accuracy: 0.8818181818181818 39 0
Communication round: 78, Smart Eavesdropper Accuracy: 0.9090909090909091 39 0
Communication round: 79, Smart Eavesdropper Accuracy: 0.9045454545454545 39 0
Communication round: 80, Smart Eavesdropper Accuracy: 0.9159090909090909 39 0
Communication round: 81, Smart Eavesdropper Accuracy: 0.9136363636363637 39 0
Communication round: 82, Smart Eavesdropper Accuracy: 0.8931818181818182 39 0
Communication round: 83, Smart Eavesdropper Accuracy: 0.9454545454545454 39 0
Communication round: 84, Smart Eavesdropper Accuracy: 0.9227272727272727 39 0
Communication round: 85, Smart Eavesdropper Accuracy: 0.9386363636363636 39 0
Communication round: 86, Smart Eavesdropper Accuracy: 0.9454545454545454 39 0
Communication round: 87, Smart Eavesdropper Accuracy: 0.9363636363636364 39 0
Communication round: 88, Smart Eavesdropper Accuracy: 0.9522727272727273 39 0
Communication round: 89, Smart Eavesdropper Accuracy: 0.9340909090909091 39 0
Communication round: 90, Smart Eavesdropper Accuracy: 0.9386363636363636 39 0
Communication round: 91, Smart Eavesdropper Accuracy: 0.9568181818181818 39 0
Communication round: 92, Smart Eavesdropper Accuracy: 0.9409090909090909 39 0
Communication round: 93, Smart Eavesdropper Accuracy: 0.9409090909090909 39 0
Communication round: 94, Smart Eavesdropper Accuracy: 0.95 39 0
Communication round: 95, Smart Eavesdropper Accuracy: 0.9272727272727272 39 0
Communication round: 96, Smart Eavesdropper Accuracy: 0.9272727272727272 39 0
Communication round: 97, Smart Eavesdropper Accuracy: 0.925 39 0
Communication round: 98, Smart Eavesdropper Accuracy: 0.9159090909090909 39 0
Communication round: 99, Smart Eavesdropper Accuracy: 0.9613636363636363 39 0
----------------------------------------------------------------------------------------------------
Communication round: 0, Smart Eavesdropper Accuracy: 0.3840909090909091 0 0
Communication round: 1, Smart Eavesdropper Accuracy: 0.5477272727272727 0 0
Communication round: 2, Smart Eavesdropper Accuracy: 0.825 1 1
Communication round: 3, Aggregated Accuracies: 0.12119047619047615 2
Communication round: 3, Smart Eavesdropper Accuracy: 0.8181818181818182 2 1
Communication round: 4, Aggregated Accuracies: 0.14392857142857146 3
Communication round: 4, Eavesdropper Accuracy: 0.11818181818181818 3 1
Communication round: 5, Eavesdropper Accuracy: 0.125 4 1
Communication round: 6, Aggregated Accuracies: 0.2667857142857143 5
Communication round: 6, Eavesdropper Accuracy: 0.29545454545454547 5 1
Communication round: 7, Aggregated Accuracies: 0.39797619047619043 6
Communication round: 7, Eavesdropper Accuracy: 0.4159090909090909 6 1
Communication round: 8, Aggregated Accuracies: 0.4638095238095238 7
Communication round: 8, Eavesdropper Accuracy: 0.5136363636363637 7 1
Communication round: 9, Eavesdropper Accuracy: 0.49318181818181817 8 1
Communication round: 10, Eavesdropper Accuracy: 0.49772727272727274 9 1
Communication round: 11, Eavesdropper Accuracy: 0.4659090909090909 10 1
Communication round: 12, Eavesdropper Accuracy: 0.48409090909090907 11 1
Communication round: 13, Aggregated Accuracies: 0.5255952380952381 12
Communication round: 13, Eavesdropper Accuracy: 0.5954545454545455 12 1
Communication round: 14, Eavesdropper Accuracy: 0.5590909090909091 12 0
Communication round: 15, Aggregated Accuracies: 0.5861904761904762 13
Communication round: 15, Eavesdropper Accuracy: 0.6522727272727272 13 1
Communication round: 16, Aggregated Accuracies: 0.6341666666666667 14
Communication round: 16, Eavesdropper Accuracy: 0.6431818181818182 14 1
Communication round: 17, Eavesdropper Accuracy: 0.6681818181818182 14 0
Communication round: 18, Eavesdropper Accuracy: 0.6636363636363637 14 0
Communication round: 19, Eavesdropper Accuracy: 0.7318181818181818 15 1
Communication round: 20, Eavesdropper Accuracy: 0.7090909090909091 15 0
Communication round: 21, Eavesdropper Accuracy: 0.6545454545454545 15 0
Communication round: 22, Eavesdropper Accuracy: 0.6636363636363637 15 0
Communication round: 23, Aggregated Accuracies: 0.6857142857142856 16
Communication round: 23, Eavesdropper Accuracy: 0.725 16 1
Communication round: 24, Eavesdropper Accuracy: 0.7136363636363636 17 1
Communication round: 25, Aggregated Accuracies: 0.7219047619047618 18
Communication round: 25, Eavesdropper Accuracy: 0.7795454545454545 18 1
Communication round: 26, Aggregated Accuracies: 0.7678571428571429 19
Communication round: 26, Eavesdropper Accuracy: 0.7840909090909091 19 1
Communication round: 27, Aggregated Accuracies: 0.8023809523809524 20
Communication round: 27, Eavesdropper Accuracy: 0.8318181818181818 20 1
Communication round: 28, Eavesdropper Accuracy: 0.8295454545454546 21 1
Communication round: 29, Eavesdropper Accuracy: 0.7886363636363637 22 1
Communication round: 30, Eavesdropper Accuracy: 0.85 23 1
Communication round: 31, Aggregated Accuracies: 0.821904761904762 24
Communication round: 31, Eavesdropper Accuracy: 0.8227272727272728 24 1
Communication round: 32, Aggregated Accuracies: 0.8323809523809524 25
Communication round: 32, Eavesdropper Accuracy: 0.8590909090909091 25 1
Communication round: 33, Eavesdropper Accuracy: 0.8522727272727273 25 0
Communication round: 34, Aggregated Accuracies: 0.8434523809523811 26
Communication round: 34, Eavesdropper Accuracy: 0.85 26 1
Communication round: 35, Eavesdropper Accuracy: 0.8431818181818181 26 0
Communication round: 36, Eavesdropper Accuracy: 0.8590909090909091 26 0
Communication round: 37, Aggregated Accuracies: 0.858095238095238 27
Communication round: 37, Eavesdropper Accuracy: 0.8863636363636364 27 1
Communication round: 38, Aggregated Accuracies: 0.8628571428571428 28
Communication round: 38, Eavesdropper Accuracy: 0.8931818181818182 28 1
Communication round: 39, Aggregated Accuracies: 0.8738095238095239 29
Communication round: 39, Eavesdropper Accuracy: 0.8772727272727273 29 1
Communication round: 40, Aggregated Accuracies: 0.8775000000000001 30
Communication round: 40, Eavesdropper Accuracy: 0.8886363636363637 30 1
Communication round: 41, Aggregated Accuracies: 0.8908333333333335 31
Communication round: 41, Eavesdropper Accuracy: 0.8954545454545455 31 1
Communication round: 42, Aggregated Accuracies: 0.8972619047619048 32
Communication round: 42, Eavesdropper Accuracy: 0.8909090909090909 32 1
Communication round: 43, Aggregated Accuracies: 0.8996428571428574 33
Communication round: 43, Eavesdropper Accuracy: 0.9136363636363637 33 1
Communication round: 44, Aggregated Accuracies: 0.9059523809523808 34
Communication round: 44, Eavesdropper Accuracy: 0.9136363636363637 34 1
Communication round: 45, Aggregated Accuracies: 0.9059523809523812 35
Communication round: 45, Eavesdropper Accuracy: 0.9227272727272727 35 1
Communication round: 46, Aggregated Accuracies: 0.9095238095238095 36
Communication round: 46, Eavesdropper Accuracy: 0.9045454545454545 36 1
Communication round: 47, Eavesdropper Accuracy: 0.925 36 0
Communication round: 48, Eavesdropper Accuracy: 0.9090909090909091 36 0
Communication round: 49, Eavesdropper Accuracy: 0.9272727272727272 36 0
Communication round: 50, Eavesdropper Accuracy: 0.9181818181818182 36 0
Communication round: 51, Eavesdropper Accuracy: 0.9136363636363637 36 0
Communication round: 52, Eavesdropper Accuracy: 0.9113636363636364 36 0
Communication round: 53, Eavesdropper Accuracy: 0.9045454545454545 36 0
Communication round: 54, Eavesdropper Accuracy: 0.9227272727272727 36 0
Communication round: 55, Eavesdropper Accuracy: 0.925 36 0
Communication round: 56, Eavesdropper Accuracy: 0.9022727272727272 36 0
Communication round: 57, Eavesdropper Accuracy: 0.9204545454545454 36 0
Communication round: 58, Eavesdropper Accuracy: 0.9204545454545454 36 0
Communication round: 59, Eavesdropper Accuracy: 0.925 36 0
Communication round: 60, Eavesdropper Accuracy: 0.9386363636363636 36 0
Communication round: 61, Eavesdropper Accuracy: 0.9340909090909091 36 0
Communication round: 62, Eavesdropper Accuracy: 0.9022727272727272 36 0
Communication round: 63, Eavesdropper Accuracy: 0.9022727272727272 36 0
Communication round: 64, Eavesdropper Accuracy: 0.9113636363636364 36 0
Communication round: 65, Eavesdropper Accuracy: 0.9159090909090909 36 0
Communication round: 66, Eavesdropper Accuracy: 0.9272727272727272 36 0
Communication round: 67, Eavesdropper Accuracy: 0.9136363636363637 36 0
Communication round: 68, Eavesdropper Accuracy: 0.9295454545454546 36 0
Communication round: 69, Eavesdropper Accuracy: 0.9136363636363637 36 0
Communication round: 70, Eavesdropper Accuracy: 0.9181818181818182 36 0
Communication round: 71, Smart Eavesdropper Accuracy: 0.8863636363636364 36 0
Communication round: 72, Smart Eavesdropper Accuracy: 0.8977272727272727 36 0
Communication round: 73, Smart Eavesdropper Accuracy: 0.9431818181818182 36 0
Communication round: 74, Smart Eavesdropper Accuracy: 0.9045454545454545 36 0
Communication round: 75, Smart Eavesdropper Accuracy: 0.9386363636363636 36 0
Communication round: 76, Aggregated Accuracies: 0.9139285714285714 37
Communication round: 76, Smart Eavesdropper Accuracy: 0.9431818181818182 37 1
Communication round: 77, Aggregated Accuracies: 0.9176190476190476 38
Communication round: 77, Smart Eavesdropper Accuracy: 0.9454545454545454 38 1
Communication round: 78, Aggregated Accuracies: 0.918452380952381 39
Communication round: 78, Smart Eavesdropper Accuracy: 0.9272727272727272 39 1
Communication round: 79, Aggregated Accuracies: 0.9192857142857143 40
Communication round: 79, Smart Eavesdropper Accuracy: 0.9340909090909091 40 1
Communication round: 80, Smart Eavesdropper Accuracy: 0.9295454545454546 40 0
Communication round: 81, Smart Eavesdropper Accuracy: 0.9409090909090909 40 0
Communication round: 82, Smart Eavesdropper Accuracy: 0.9613636363636363 40 0
Communication round: 83, Aggregated Accuracies: 0.9249999999999998 41
Communication round: 83, Smart Eavesdropper Accuracy: 0.9363636363636364 41 1
Communication round: 84, Smart Eavesdropper Accuracy: 0.9590909090909091 41 0
Communication round: 85, Smart Eavesdropper Accuracy: 0.9522727272727273 41 0
Communication round: 86, Smart Eavesdropper Accuracy: 0.9613636363636363 41 0
Communication round: 87, Smart Eavesdropper Accuracy: 0.9568181818181818 41 0
Communication round: 88, Smart Eavesdropper Accuracy: 0.9636363636363636 41 0
Communication round: 89, Smart Eavesdropper Accuracy: 0.95 41 0
Communication round: 90, Smart Eavesdropper Accuracy: 0.9477272727272728 41 0
Communication round: 91, Smart Eavesdropper Accuracy: 0.9318181818181818 41 0
Communication round: 92, Smart Eavesdropper Accuracy: 0.9431818181818182 41 0
Communication round: 93, Smart Eavesdropper Accuracy: 0.9568181818181818 41 0
Communication round: 94, Smart Eavesdropper Accuracy: 0.9386363636363636 41 0
Communication round: 95, Smart Eavesdropper Accuracy: 0.9613636363636363 41 0
Communication round: 96, Smart Eavesdropper Accuracy: 0.9704545454545455 41 0
Communication round: 97, Smart Eavesdropper Accuracy: 0.9727272727272728 41 0
Communication round: 98, Smart Eavesdropper Accuracy: 0.9659090909090909 41 0
Communication round: 99, Smart Eavesdropper Accuracy: 0.9545454545454546 41 0
----------------------------------------------------------------------------------------------------
Communication round: 0, Eavesdropper Accuracy: 0.10454545454545454 1 1
Communication round: 1, Smart Eavesdropper Accuracy: 0.39545454545454545 1 0
Communication round: 2, Aggregated Accuracies: 0.15964285714285717 2
Communication round: 2, Eavesdropper Accuracy: 0.15681818181818183 2 1
Communication round: 3, Smart Eavesdropper Accuracy: 0.39090909090909093 2 0
Communication round: 4, Aggregated Accuracies: 0.24702380952380953 3
Communication round: 4, Eavesdropper Accuracy: 0.2636363636363636 3 1
Communication round: 5, Smart Eavesdropper Accuracy: 0.4340909090909091 3 0
Communication round: 6, Aggregated Accuracies: 0.34928571428571425 4
Communication round: 6, Eavesdropper Accuracy: 0.3568181818181818 4 1
Communication round: 7, Aggregated Accuracies: 0.4488095238095238 5
Communication round: 7, Eavesdropper Accuracy: 0.4772727272727273 5 1
Communication round: 8, Aggregated Accuracies: 0.5215476190476191 6
Communication round: 8, Eavesdropper Accuracy: 0.5522727272727272 6 1
Communication round: 9, Aggregated Accuracies: 0.5823809523809523 7
Communication round: 9, Eavesdropper Accuracy: 0.6431818181818182 7 1
Communication round: 10, Eavesdropper Accuracy: 0.6136363636363636 8 1
Communication round: 11, Eavesdropper Accuracy: 0.6613636363636364 8 0
Communication round: 12, Aggregated Accuracies: 0.6554761904761904 9
Communication round: 12, Eavesdropper Accuracy: 0.7204545454545455 9 1
Communication round: 13, Aggregated Accuracies: 0.7102380952380951 10
Communication round: 13, Eavesdropper Accuracy: 0.7136363636363636 10 1
Communication round: 14, Aggregated Accuracies: 0.7432142857142857 11
Communication round: 14, Eavesdropper Accuracy: 0.8045454545454546 11 1
Communication round: 15, Aggregated Accuracies: 0.7676190476190475 12
Communication round: 15, Eavesdropper Accuracy: 0.7954545454545454 12 1
Communication round: 16, Aggregated Accuracies: 0.7820238095238097 13
Communication round: 16, Eavesdropper Accuracy: 0.7704545454545455 13 1
Communication round: 17, Aggregated Accuracies: 0.7908333333333334 14
Communication round: 17, Eavesdropper Accuracy: 0.8295454545454546 14 1
Communication round: 18, Aggregated Accuracies: 0.8101190476190476 15
Communication round: 18, Eavesdropper Accuracy: 0.8272727272727273 15 1
Communication round: 19, Eavesdropper Accuracy: 0.8340909090909091 15 0
Communication round: 20, Eavesdropper Accuracy: 0.8227272727272728 15 0
Communication round: 21, Eavesdropper Accuracy: 0.8409090909090909 15 0
Communication round: 22, Eavesdropper Accuracy: 0.8454545454545455 16 1
Communication round: 23, Eavesdropper Accuracy: 0.8340909090909091 16 0
Communication round: 24, Eavesdropper Accuracy: 0.8159090909090909 16 0
Communication round: 25, Eavesdropper Accuracy: 0.8068181818181818 16 0
Communication round: 26, Eavesdropper Accuracy: 0.8204545454545454 16 0
Communication round: 27, Aggregated Accuracies: 0.8275 17
Communication round: 27, Eavesdropper Accuracy: 0.8409090909090909 17 1
Communication round: 28, Aggregated Accuracies: 0.8365476190476192 18
Communication round: 28, Eavesdropper Accuracy: 0.8613636363636363 18 1
Communication round: 29, Eavesdropper Accuracy: 0.8477272727272728 18 0
Communication round: 30, Aggregated Accuracies: 0.8517857142857144 19
Communication round: 30, Eavesdropper Accuracy: 0.8636363636363636 19 1
Communication round: 31, Eavesdropper Accuracy: 0.8590909090909091 19 0
Communication round: 32, Eavesdropper Accuracy: 0.8431818181818181 19 0
Communication round: 33, Eavesdropper Accuracy: 0.8568181818181818 19 0
Communication round: 34, Eavesdropper Accuracy: 0.8590909090909091 19 0
Communication round: 35, Eavesdropper Accuracy: 0.8590909090909091 19 0
Communication round: 36, Eavesdropper Accuracy: 0.8636363636363636 19 0
Communication round: 37, Smart Eavesdropper Accuracy: 0.7772727272727272 19 0
Communication round: 38, Aggregated Accuracies: 0.8597619047619046 20
Communication round: 38, Eavesdropper Accuracy: 0.8727272727272727 20 1
Communication round: 39, Smart Eavesdropper Accuracy: 0.8386363636363636 20 0
Communication round: 40, Aggregated Accuracies: 0.8684523809523809 21
Communication round: 40, Eavesdropper Accuracy: 0.8613636363636363 21 1
Communication round: 41, Aggregated Accuracies: 0.8745238095238095 22
Communication round: 41, Eavesdropper Accuracy: 0.865909090909091 22 1
Communication round: 42, Aggregated Accuracies: 0.8832142857142857 23
Communication round: 42, Eavesdropper Accuracy: 0.8863636363636364 23 1
Communication round: 43, Aggregated Accuracies: 0.8873809523809524 24
Communication round: 43, Eavesdropper Accuracy: 0.8704545454545455 24 1
Communication round: 44, Aggregated Accuracies: 0.8907142857142858 25
Communication round: 44, Eavesdropper Accuracy: 0.8704545454545455 25 1
Communication round: 45, Aggregated Accuracies: 0.8959523809523808 26
Communication round: 45, Eavesdropper Accuracy: 0.8886363636363637 26 1
Communication round: 46, Aggregated Accuracies: 0.9026190476190475 27
Communication round: 46, Eavesdropper Accuracy: 0.9068181818181819 27 1
Communication round: 47, Aggregated Accuracies: 0.9044047619047617 28
Communication round: 47, Eavesdropper Accuracy: 0.8818181818181818 28 1
Communication round: 48, Aggregated Accuracies: 0.910952380952381 29
Communication round: 48, Eavesdropper Accuracy: 0.9227272727272727 29 1
Communication round: 49, Eavesdropper Accuracy: 0.9136363636363637 29 0
Communication round: 50, Aggregated Accuracies: 0.9083333333333332 30
Communication round: 50, Eavesdropper Accuracy: 0.9340909090909091 30 1
Communication round: 51, Eavesdropper Accuracy: 0.9181818181818182 30 0
Communication round: 52, Eavesdropper Accuracy: 0.9068181818181819 30 0
Communication round: 53, Eavesdropper Accuracy: 0.8977272727272727 30 0
Communication round: 54, Eavesdropper Accuracy: 0.9113636363636364 30 0
Communication round: 55, Eavesdropper Accuracy: 0.9227272727272727 30 0
Communication round: 56, Aggregated Accuracies: 0.9124999999999999 31
Communication round: 56, Eavesdropper Accuracy: 0.9204545454545454 31 1
Communication round: 57, Aggregated Accuracies: 0.9164285714285713 32
Communication round: 57, Eavesdropper Accuracy: 0.9272727272727272 32 1
Communication round: 58, Eavesdropper Accuracy: 0.9159090909090909 32 0
Communication round: 59, Eavesdropper Accuracy: 0.9272727272727272 32 0
Communication round: 60, Aggregated Accuracies: 0.9201190476190476 33
Communication round: 60, Eavesdropper Accuracy: 0.9181818181818182 33 1
Communication round: 61, Eavesdropper Accuracy: 0.9181818181818182 33 0
Communication round: 62, Eavesdropper Accuracy: 0.9181818181818182 33 0
Communication round: 63, Eavesdropper Accuracy: 0.9136363636363637 33 0
Communication round: 64, Eavesdropper Accuracy: 0.9227272727272727 33 0
Communication round: 65, Smart Eavesdropper Accuracy: 0.9 33 0
Communication round: 66, Smart Eavesdropper Accuracy: 0.9227272727272727 33 0
Communication round: 67, Smart Eavesdropper Accuracy: 0.9159090909090909 33 0
Communication round: 68, Smart Eavesdropper Accuracy: 0.8863636363636364 33 0
Communication round: 69, Smart Eavesdropper Accuracy: 0.9454545454545454 33 0
Communication round: 70, Smart Eavesdropper Accuracy: 0.9386363636363636 33 0
Communication round: 71, Smart Eavesdropper Accuracy: 0.9636363636363636 33 0
Communication round: 72, Smart Eavesdropper Accuracy: 0.9113636363636364 33 0
Communication round: 73, Smart Eavesdropper Accuracy: 0.95 33 0
Communication round: 74, Smart Eavesdropper Accuracy: 0.9409090909090909 33 0
Communication round: 75, Smart Eavesdropper Accuracy: 0.9295454545454546 33 0
Communication round: 76, Smart Eavesdropper Accuracy: 0.9545454545454546 33 0
Communication round: 77, Smart Eavesdropper Accuracy: 0.9454545454545454 33 0
Communication round: 78, Smart Eavesdropper Accuracy: 0.9295454545454546 33 0
Communication round: 79, Smart Eavesdropper Accuracy: 0.925 33 0
Communication round: 80, Smart Eavesdropper Accuracy: 0.9386363636363636 33 0
Communication round: 81, Smart Eavesdropper Accuracy: 0.9477272727272728 33 0
Communication round: 82, Smart Eavesdropper Accuracy: 0.9431818181818182 33 0
Communication round: 83, Smart Eavesdropper Accuracy: 0.9545454545454546 33 0
Communication round: 84, Smart Eavesdropper Accuracy: 0.9409090909090909 33 0
Communication round: 85, Smart Eavesdropper Accuracy: 0.9659090909090909 33 0
Communication round: 86, Smart Eavesdropper Accuracy: 0.9545454545454546 33 0
Communication round: 87, Smart Eavesdropper Accuracy: 0.9568181818181818 33 0
Communication round: 88, Smart Eavesdropper Accuracy: 0.9522727272727273 33 0
Communication round: 89, Smart Eavesdropper Accuracy: 0.9636363636363636 33 0
Communication round: 90, Smart Eavesdropper Accuracy: 0.9545454545454546 33 0
Communication round: 91, Smart Eavesdropper Accuracy: 0.9568181818181818 33 0
Communication round: 92, Smart Eavesdropper Accuracy: 0.9590909090909091 33 0
Communication round: 93, Smart Eavesdropper Accuracy: 0.9659090909090909 33 0
Communication round: 94, Smart Eavesdropper Accuracy: 0.9681818181818181 33 0
Communication round: 95, Smart Eavesdropper Accuracy: 0.95 33 0
Communication round: 96, Smart Eavesdropper Accuracy: 0.9681818181818181 33 0
Communication round: 97, Smart Eavesdropper Accuracy: 0.9340909090909091 33 0
Communication round: 98, Smart Eavesdropper Accuracy: 0.9522727272727273 33 0
Communication round: 99, Smart Eavesdropper Accuracy: 0.95 33 0
----------------------------------------------------------------------------------------------------
Communication round: 0, Aggregated Accuracies: 0.13869047619047623 1
Communication round: 0, Eavesdropper Accuracy: 0.1431818181818182 1 1
Communication round: 1, Smart Eavesdropper Accuracy: 0.47045454545454546 1 0
Communication round: 2, Smart Eavesdropper Accuracy: 0.5454545454545454 1 0
Communication round: 3, Aggregated Accuracies: 0.18202380952380953 2
Communication round: 3, Smart Eavesdropper Accuracy: 0.6204545454545455 2 1
Communication round: 4, Eavesdropper Accuracy: 0.18863636363636363 3 1
Communication round: 5, Smart Eavesdropper Accuracy: 0.44772727272727275 3 0
Communication round: 6, Aggregated Accuracies: 0.2578571428571429 4
Communication round: 6, Eavesdropper Accuracy: 0.34545454545454546 4 1
Communication round: 7, Aggregated Accuracies: 0.3859523809523809 5
Communication round: 7, Eavesdropper Accuracy: 0.47045454545454546 5 1
Communication round: 8, Aggregated Accuracies: 0.4796428571428571 6
Communication round: 8, Eavesdropper Accuracy: 0.5227272727272727 6 1
Communication round: 9, Eavesdropper Accuracy: 0.5204545454545455 7 1
Communication round: 10, Aggregated Accuracies: 0.5363095238095237 8
Communication round: 10, Eavesdropper Accuracy: 0.6477272727272727 8 1
Communication round: 11, Eavesdropper Accuracy: 0.6 9 1
Communication round: 12, Aggregated Accuracies: 0.6346428571428571 10
Communication round: 12, Eavesdropper Accuracy: 0.6727272727272727 10 1
Communication round: 13, Aggregated Accuracies: 0.689047619047619 11
Communication round: 13, Eavesdropper Accuracy: 0.7454545454545455 11 1
Communication round: 14, Eavesdropper Accuracy: 0.7772727272727272 12 1
Communication round: 15, Eavesdropper Accuracy: 0.7568181818181818 13 1
Communication round: 16, Aggregated Accuracies: 0.7379761904761903 14
Communication round: 16, Eavesdropper Accuracy: 0.8295454545454546 14 1
Communication round: 17, Aggregated Accuracies: 0.7676190476190476 15
Communication round: 17, Eavesdropper Accuracy: 0.8113636363636364 15 1
Communication round: 18, Eavesdropper Accuracy: 0.8113636363636364 16 1
Communication round: 19, Eavesdropper Accuracy: 0.8045454545454546 16 0
Communication round: 20, Eavesdropper Accuracy: 0.8 16 0
Communication round: 21, Eavesdropper Accuracy: 0.8022727272727272 16 0
Communication round: 22, Eavesdropper Accuracy: 0.8272727272727273 17 1
Communication round: 23, Eavesdropper Accuracy: 0.8227272727272728 17 0
Communication round: 24, Eavesdropper Accuracy: 0.7909090909090909 17 0
Communication round: 25, Aggregated Accuracies: 0.7847619047619048 18
Communication round: 25, Eavesdropper Accuracy: 0.8409090909090909 18 1
Communication round: 26, Eavesdropper Accuracy: 0.8 18 0
Communication round: 27, Eavesdropper Accuracy: 0.8113636363636364 19 1
Communication round: 28, Eavesdropper Accuracy: 0.8 19 0
Communication round: 29, Eavesdropper Accuracy: 0.8409090909090909 19 0
Communication round: 30, Eavesdropper Accuracy: 0.8272727272727273 19 0
Communication round: 31, Eavesdropper Accuracy: 0.8068181818181818 19 0
Communication round: 32, Eavesdropper Accuracy: 0.825 20 1
Communication round: 33, Eavesdropper Accuracy: 0.8045454545454546 20 0
Communication round: 34, Eavesdropper Accuracy: 0.8068181818181818 20 0
Communication round: 35, Eavesdropper Accuracy: 0.8204545454545454 21 1
Communication round: 36, Eavesdropper Accuracy: 0.8363636363636363 22 1
Communication round: 37, Eavesdropper Accuracy: 0.8090909090909091 22 0
Communication round: 38, Aggregated Accuracies: 0.7995238095238095 23
Communication round: 38, Eavesdropper Accuracy: 0.85 23 1
Communication round: 39, Aggregated Accuracies: 0.8189285714285715 24
Communication round: 39, Eavesdropper Accuracy: 0.8454545454545455 24 1
Communication round: 40, Eavesdropper Accuracy: 0.8477272727272728 24 0
Communication round: 41, Aggregated Accuracies: 0.8360714285714288 25
Communication round: 41, Eavesdropper Accuracy: 0.8477272727272728 25 1
Communication round: 42, Aggregated Accuracies: 0.8592857142857142 26
Communication round: 42, Eavesdropper Accuracy: 0.8636363636363636 26 1
Communication round: 43, Aggregated Accuracies: 0.86 27
Communication round: 43, Eavesdropper Accuracy: 0.8522727272727273 27 1
Communication round: 44, Aggregated Accuracies: 0.8667857142857145 28
Communication round: 44, Eavesdropper Accuracy: 0.875 28 1
Communication round: 45, Aggregated Accuracies: 0.8713095238095239 29
Communication round: 45, Eavesdropper Accuracy: 0.8909090909090909 29 1
Communication round: 46, Aggregated Accuracies: 0.8801190476190477 30
Communication round: 46, Eavesdropper Accuracy: 0.9045454545454545 30 1
Communication round: 47, Aggregated Accuracies: 0.8885714285714288 31
Communication round: 47, Eavesdropper Accuracy: 0.9136363636363637 31 1
Communication round: 48, Aggregated Accuracies: 0.8873809523809524 32
Communication round: 48, Eavesdropper Accuracy: 0.9090909090909091 32 1
Communication round: 49, Aggregated Accuracies: 0.894047619047619 33
Communication round: 49, Eavesdropper Accuracy: 0.9022727272727272 33 1
Communication round: 50, Aggregated Accuracies: 0.9023809523809524 34
Communication round: 50, Eavesdropper Accuracy: 0.9159090909090909 34 1
Communication round: 51, Eavesdropper Accuracy: 0.9068181818181819 35 1
Communication round: 52, Eavesdropper Accuracy: 0.9022727272727272 35 0
Communication round: 53, Eavesdropper Accuracy: 0.9204545454545454 35 0
Communication round: 54, Eavesdropper Accuracy: 0.9022727272727272 35 0
Communication round: 55, Eavesdropper Accuracy: 0.9340909090909091 35 0
Communication round: 56, Aggregated Accuracies: 0.9035714285714287 36
Communication round: 56, Eavesdropper Accuracy: 0.925 36 1
Communication round: 57, Eavesdropper Accuracy: 0.9045454545454545 36 0
Communication round: 58, Eavesdropper Accuracy: 0.9454545454545454 36 0
Communication round: 59, Eavesdropper Accuracy: 0.9295454545454546 36 0
Communication round: 60, Eavesdropper Accuracy: 0.9227272727272727 37 1
Communication round: 61, Eavesdropper Accuracy: 0.9340909090909091 37 0
Communication round: 62, Eavesdropper Accuracy: 0.9409090909090909 38 1
Communication round: 63, Eavesdropper Accuracy: 0.9113636363636364 38 0
Communication round: 64, Aggregated Accuracies: 0.9086904761904762 39
Communication round: 64, Eavesdropper Accuracy: 0.9204545454545454 39 1
Communication round: 65, Aggregated Accuracies: 0.9077380952380952 40
Communication round: 65, Eavesdropper Accuracy: 0.9204545454545454 40 1
Communication round: 66, Aggregated Accuracies: 0.9128571428571426 41
Communication round: 66, Eavesdropper Accuracy: 0.925 41 1
Communication round: 67, Eavesdropper Accuracy: 0.9227272727272727 41 0
Communication round: 68, Aggregated Accuracies: 0.9160714285714284 42
Communication round: 68, Eavesdropper Accuracy: 0.9295454545454546 42 1
Communication round: 69, Eavesdropper Accuracy: 0.9159090909090909 42 0
Communication round: 70, Eavesdropper Accuracy: 0.9159090909090909 42 0
Communication round: 71, Eavesdropper Accuracy: 0.9431818181818182 42 0
Communication round: 72, Eavesdropper Accuracy: 0.9045454545454545 42 0
Communication round: 73, Aggregated Accuracies: 0.9189285714285711 43
Communication round: 73, Eavesdropper Accuracy: 0.9477272727272728 43 1
Communication round: 74, Eavesdropper Accuracy: 0.9363636363636364 43 0
Communication round: 75, Aggregated Accuracies: 0.9209523809523811 44
Communication round: 75, Eavesdropper Accuracy: 0.9431818181818182 44 1
Communication round: 76, Eavesdropper Accuracy: 0.9454545454545454 44 0
Communication round: 77, Eavesdropper Accuracy: 0.95 44 0
Communication round: 78, Eavesdropper Accuracy: 0.9204545454545454 44 0
Communication round: 79, Eavesdropper Accuracy: 0.9113636363636364 44 0
Communication round: 80, Eavesdropper Accuracy: 0.9295454545454546 44 0
Communication round: 81, Eavesdropper Accuracy: 0.925 44 0
Communication round: 82, Eavesdropper Accuracy: 0.9386363636363636 44 0
Communication round: 83, Eavesdropper Accuracy: 0.9272727272727272 44 0
Communication round: 84, Eavesdropper Accuracy: 0.9409090909090909 44 0
Communication round: 85, Eavesdropper Accuracy: 0.9113636363636364 44 0
Communication round: 86, Eavesdropper Accuracy: 0.9409090909090909 44 0
Communication round: 87, Smart Eavesdropper Accuracy: 0.9113636363636364 44 0
Communication round: 88, Smart Eavesdropper Accuracy: 0.9181818181818182 44 0
Communication round: 89, Smart Eavesdropper Accuracy: 0.9272727272727272 44 0
Communication round: 90, Smart Eavesdropper Accuracy: 0.9113636363636364 44 0
Communication round: 91, Smart Eavesdropper Accuracy: 0.9318181818181818 44 0
Communication round: 92, Smart Eavesdropper Accuracy: 0.9227272727272727 44 0
Communication round: 93, Smart Eavesdropper Accuracy: 0.9340909090909091 44 0
Communication round: 94, Smart Eavesdropper Accuracy: 0.9386363636363636 44 0
Communication round: 95, Smart Eavesdropper Accuracy: 0.9340909090909091 44 0
Communication round: 96, Smart Eavesdropper Accuracy: 0.9295454545454546 44 0
Communication round: 97, Smart Eavesdropper Accuracy: 0.9522727272727273 44 0
Communication round: 98, Smart Eavesdropper Accuracy: 0.9454545454545454 44 0
Communication round: 99, Smart Eavesdropper Accuracy: 0.9545454545454546 44 0
----------------------------------------------------------------------------------------------------
Communication round: 0, Eavesdropper Accuracy: 0.12272727272727273 1 1
Communication round: 1, Smart Eavesdropper Accuracy: 0.42272727272727273 1 0
Communication round: 2, Aggregated Accuracies: 0.14714285714285713 2
Communication round: 2, Eavesdropper Accuracy: 0.14545454545454545 2 1
Communication round: 3, Smart Eavesdropper Accuracy: 0.45227272727272727 2 0
Communication round: 4, Eavesdropper Accuracy: 0.14772727272727273 3 1
Communication round: 5, Eavesdropper Accuracy: 0.15681818181818183 4 1
Communication round: 6, Eavesdropper Accuracy: 0.15 4 0
Communication round: 7, Aggregated Accuracies: 0.22261904761904763 5
Communication round: 7, Eavesdropper Accuracy: 0.19545454545454546 5 1
Communication round: 8, Eavesdropper Accuracy: 0.2159090909090909 5 0
Communication round: 9, Smart Eavesdropper Accuracy: 0.42727272727272725 5 0
Communication round: 10, Aggregated Accuracies: 0.3414285714285715 6
Communication round: 10, Eavesdropper Accuracy: 0.42045454545454547 6 1
Communication round: 11, Aggregated Accuracies: 0.46321428571428563 7
Communication round: 11, Eavesdropper Accuracy: 0.5113636363636364 7 1
Communication round: 12, Aggregated Accuracies: 0.5383333333333332 8
Communication round: 12, Eavesdropper Accuracy: 0.5840909090909091 8 1
Communication round: 13, Eavesdropper Accuracy: 0.5818181818181818 8 0
Communication round: 14, Aggregated Accuracies: 0.6494047619047618 9
Communication round: 14, Eavesdropper Accuracy: 0.7386363636363636 9 1
Communication round: 15, Eavesdropper Accuracy: 0.6772727272727272 10 1
Communication round: 16, Aggregated Accuracies: 0.6910714285714284 11
Communication round: 16, Eavesdropper Accuracy: 0.7545454545454545 11 1
Communication round: 17, Eavesdropper Accuracy: 0.7727272727272727 11 0
Communication round: 18, Aggregated Accuracies: 0.725 12
Communication round: 18, Eavesdropper Accuracy: 0.759090909090909 12 1
Communication round: 19, Eavesdropper Accuracy: 0.7318181818181818 12 0
Communication round: 20, Eavesdropper Accuracy: 0.7454545454545455 13 1
Communication round: 21, Eavesdropper Accuracy: 0.7181818181818181 14 1
Communication round: 22, Eavesdropper Accuracy: 0.7795454545454545 14 0
Communication round: 23, Eavesdropper Accuracy: 0.759090909090909 14 0
Communication round: 24, Aggregated Accuracies: 0.7533333333333333 15
Communication round: 24, Eavesdropper Accuracy: 0.7636363636363637 15 1
Communication round: 25, Eavesdropper Accuracy: 0.8 15 0
Communication round: 26, Eavesdropper Accuracy: 0.8022727272727272 15 0
Communication round: 27, Eavesdropper Accuracy: 0.7454545454545455 15 0
Communication round: 28, Eavesdropper Accuracy: 0.7636363636363637 16 1
Communication round: 29, Eavesdropper Accuracy: 0.759090909090909 16 0
Communication round: 30, Eavesdropper Accuracy: 0.7727272727272727 16 0
Communication round: 31, Aggregated Accuracies: 0.8007142857142858 17
Communication round: 31, Eavesdropper Accuracy: 0.8363636363636363 17 1
Communication round: 32, Eavesdropper Accuracy: 0.8295454545454546 17 0
Communication round: 33, Aggregated Accuracies: 0.8204761904761906 18
Communication round: 33, Eavesdropper Accuracy: 0.8340909090909091 18 1
Communication round: 34, Aggregated Accuracies: 0.8369047619047618 19
Communication round: 34, Eavesdropper Accuracy: 0.8454545454545455 19 1
Communication round: 35, Eavesdropper Accuracy: 0.8318181818181818 19 0
Communication round: 36, Eavesdropper Accuracy: 0.85 19 0
Communication round: 37, Aggregated Accuracies: 0.8564285714285713 20
Communication round: 37, Eavesdropper Accuracy: 0.8590909090909091 20 1
Communication round: 38, Eavesdropper Accuracy: 0.8636363636363636 20 0
Communication round: 39, Smart Eavesdropper Accuracy: 0.8136363636363636 20 0
Communication round: 40, Smart Eavesdropper Accuracy: 0.8340909090909091 20 0
Communication round: 41, Aggregated Accuracies: 0.8670238095238094 21
Communication round: 41, Smart Eavesdropper Accuracy: 0.8909090909090909 21 1
Communication round: 42, Smart Eavesdropper Accuracy: 0.8954545454545455 21 0
Communication round: 43, Smart Eavesdropper Accuracy: 0.9454545454545454 21 0
Communication round: 44, Aggregated Accuracies: 0.880238095238095 22
Communication round: 44, Smart Eavesdropper Accuracy: 0.9090909090909091 22 1
Communication round: 45, Smart Eavesdropper Accuracy: 0.9545454545454546 23 1
Communication round: 46, Aggregated Accuracies: 0.8833333333333334 24
Communication round: 46, Eavesdropper Accuracy: 0.8909090909090909 24 1
Communication round: 47, Eavesdropper Accuracy: 0.8977272727272727 25 1
Communication round: 48, Eavesdropper Accuracy: 0.9 26 1
Communication round: 49, Eavesdropper Accuracy: 0.8931818181818182 27 1
Communication round: 50, Aggregated Accuracies: 0.8919047619047618 28
Communication round: 50, Eavesdropper Accuracy: 0.9045454545454545 28 1
Communication round: 51, Eavesdropper Accuracy: 0.884090909090909 28 0
Communication round: 52, Aggregated Accuracies: 0.8997619047619049 29
Communication round: 52, Eavesdropper Accuracy: 0.9159090909090909 29 1
Communication round: 53, Eavesdropper Accuracy: 0.9045454545454545 29 0
Communication round: 54, Aggregated Accuracies: 0.8994047619047617 30
Communication round: 54, Eavesdropper Accuracy: 0.9318181818181818 30 1
Communication round: 55, Eavesdropper Accuracy: 0.9318181818181818 30 0
Communication round: 56, Eavesdropper Accuracy: 0.9045454545454545 30 0
Communication round: 57, Eavesdropper Accuracy: 0.9068181818181819 30 0
Communication round: 58, Eavesdropper Accuracy: 0.9272727272727272 31 1
Communication round: 59, Eavesdropper Accuracy: 0.9 31 0
Communication round: 60, Eavesdropper Accuracy: 0.9113636363636364 32 1
Communication round: 61, Eavesdropper Accuracy: 0.9136363636363637 32 0
Communication round: 62, Eavesdropper Accuracy: 0.9136363636363637 33 1
Communication round: 63, Eavesdropper Accuracy: 0.9295454545454546 33 0
Communication round: 64, Eavesdropper Accuracy: 0.9 33 0
Communication round: 65, Aggregated Accuracies: 0.9032142857142856 34
Communication round: 65, Eavesdropper Accuracy: 0.925 34 1
Communication round: 66, Aggregated Accuracies: 0.9048809523809525 35
Communication round: 66, Eavesdropper Accuracy: 0.9340909090909091 35 1
Communication round: 67, Aggregated Accuracies: 0.9153571428571429 36
Communication round: 67, Eavesdropper Accuracy: 0.9204545454545454 36 1
Communication round: 68, Aggregated Accuracies: 0.9148809523809524 37
Communication round: 68, Eavesdropper Accuracy: 0.9340909090909091 37 1
Communication round: 69, Eavesdropper Accuracy: 0.9522727272727273 38 1
Communication round: 70, Eavesdropper Accuracy: 0.9295454545454546 38 0
Communication round: 71, Eavesdropper Accuracy: 0.9272727272727272 38 0
Communication round: 72, Aggregated Accuracies: 0.9223809523809523 39
Communication round: 72, Eavesdropper Accuracy: 0.9340909090909091 39 1
Communication round: 73, Eavesdropper Accuracy: 0.9204545454545454 39 0
Communication round: 74, Aggregated Accuracies: 0.9191666666666667 40
Communication round: 74, Eavesdropper Accuracy: 0.9272727272727272 40 1
Communication round: 75, Aggregated Accuracies: 0.9217857142857143 41
Communication round: 75, Eavesdropper Accuracy: 0.9363636363636364 41 1
Communication round: 76, Aggregated Accuracies: 0.9269047619047619 42
Communication round: 76, Eavesdropper Accuracy: 0.9477272727272728 42 1
Communication round: 77, Eavesdropper Accuracy: 0.9295454545454546 42 0
Communication round: 78, Eavesdropper Accuracy: 0.95 42 0
Communication round: 79, Aggregated Accuracies: 0.9283333333333333 43
Communication round: 79, Eavesdropper Accuracy: 0.9409090909090909 43 1
Communication round: 80, Eavesdropper Accuracy: 0.9295454545454546 43 0
Communication round: 81, Eavesdropper Accuracy: 0.9409090909090909 43 0
Communication round: 82, Eavesdropper Accuracy: 0.9431818181818182 43 0
Communication round: 83, Aggregated Accuracies: 0.9346428571428571 44
Communication round: 83, Eavesdropper Accuracy: 0.9590909090909091 44 1
Communication round: 84, Eavesdropper Accuracy: 0.9431818181818182 44 0
Communication round: 85, Eavesdropper Accuracy: 0.9295454545454546 44 0
Communication round: 86, Aggregated Accuracies: 0.9326190476190478 45
Communication round: 86, Eavesdropper Accuracy: 0.9227272727272727 45 1
Communication round: 87, Eavesdropper Accuracy: 0.9477272727272728 45 0
Communication round: 88, Eavesdropper Accuracy: 0.9522727272727273 45 0
Communication round: 89, Smart Eavesdropper Accuracy: 0.8977272727272727 45 0
Communication round: 90, Smart Eavesdropper Accuracy: 0.9204545454545454 45 0
Communication round: 91, Smart Eavesdropper Accuracy: 0.9431818181818182 45 0
Communication round: 92, Smart Eavesdropper Accuracy: 0.9477272727272728 45 0
Communication round: 93, Smart Eavesdropper Accuracy: 0.9568181818181818 45 0
Communication round: 94, Smart Eavesdropper Accuracy: 0.9409090909090909 45 0
Communication round: 95, Smart Eavesdropper Accuracy: 0.95 45 0
Communication round: 96, Smart Eavesdropper Accuracy: 0.9386363636363636 45 0
Communication round: 97, Smart Eavesdropper Accuracy: 0.9659090909090909 45 0
Communication round: 98, Smart Eavesdropper Accuracy: 0.9477272727272728 45 0
Communication round: 99, Smart Eavesdropper Accuracy: 0.9659090909090909 45 0
----------------------------------------------------------------------------------------------------
Communication round: 0, Smart Eavesdropper Accuracy: 0.4590909090909091 0 0
Communication round: 1, Aggregated Accuracies: 0.1275 1
Communication round: 1, Smart Eavesdropper Accuracy: 0.5 1 1
Communication round: 2, Smart Eavesdropper Accuracy: 0.6431818181818182 1 0
Communication round: 3, Aggregated Accuracies: 0.19845238095238094 2
Communication round: 3, Smart Eavesdropper Accuracy: 0.7318181818181818 2 1
Communication round: 4, Smart Eavesdropper Accuracy: 0.7636363636363637 2 0
Communication round: 5, Smart Eavesdropper Accuracy: 0.85 2 0
Communication round: 6, Aggregated Accuracies: 0.29642857142857143 3
Communication round: 6, Smart Eavesdropper Accuracy: 0.8772727272727273 3 1
Communication round: 7, Aggregated Accuracies: 0.3989285714285714 4
Communication round: 7, Smart Eavesdropper Accuracy: 0.8931818181818182 4 1
Communication round: 8, Aggregated Accuracies: 0.4820238095238095 5
Communication round: 8, Eavesdropper Accuracy: 0.5136363636363637 5 1
Communication round: 9, Smart Eavesdropper Accuracy: 0.4954545454545455 5 0
Communication round: 10, Smart Eavesdropper Accuracy: 0.7090909090909091 5 0
Communication round: 11, Smart Eavesdropper Accuracy: 0.8113636363636364 5 0
Communication round: 12, Aggregated Accuracies: 0.5888095238095239 6
Communication round: 12, Smart Eavesdropper Accuracy: 0.8590909090909091 6 1
Communication round: 13, Aggregated Accuracies: 0.6504761904761904 7
Communication round: 13, Smart Eavesdropper Accuracy: 0.8431818181818181 7 1
Communication round: 14, Smart Eavesdropper Accuracy: 0.8704545454545455 7 0
Communication round: 15, Smart Eavesdropper Accuracy: 0.875 7 0
Communication round: 16, Smart Eavesdropper Accuracy: 0.9090909090909091 7 0
Communication round: 17, Aggregated Accuracies: 0.6923809523809523 8
Communication round: 17, Smart Eavesdropper Accuracy: 0.8613636363636363 8 1
Communication round: 18, Smart Eavesdropper Accuracy: 0.875 8 0
Communication round: 19, Smart Eavesdropper Accuracy: 0.9227272727272727 8 0
Communication round: 20, Smart Eavesdropper Accuracy: 0.9181818181818182 8 0
Communication round: 21, Smart Eavesdropper Accuracy: 0.9113636363636364 8 0
Communication round: 22, Aggregated Accuracies: 0.7270238095238095 9
Communication round: 22, Smart Eavesdropper Accuracy: 0.9181818181818182 9 1
Communication round: 23, Aggregated Accuracies: 0.7694047619047619 10
Communication round: 23, Smart Eavesdropper Accuracy: 0.9272727272727272 10 1
Communication round: 24, Aggregated Accuracies: 0.7958333333333334 11
Communication round: 24, Smart Eavesdropper Accuracy: 0.9181818181818182 11 1
Communication round: 25, Smart Eavesdropper Accuracy: 0.9318181818181818 11 0
Communication round: 26, Smart Eavesdropper Accuracy: 0.9340909090909091 11 0
Communication round: 27, Smart Eavesdropper Accuracy: 0.9363636363636364 11 0
Communication round: 28, Aggregated Accuracies: 0.825 12
Communication round: 28, Smart Eavesdropper Accuracy: 0.9090909090909091 12 1
Communication round: 29, Aggregated Accuracies: 0.8379761904761904 13
Communication round: 29, Smart Eavesdropper Accuracy: 0.9431818181818182 13 1
Communication round: 30, Smart Eavesdropper Accuracy: 0.9340909090909091 13 0
Communication round: 31, Smart Eavesdropper Accuracy: 0.9363636363636364 13 0
Communication round: 32, Smart Eavesdropper Accuracy: 0.9295454545454546 13 0
Communication round: 33, Smart Eavesdropper Accuracy: 0.9431818181818182 13 0
Communication round: 34, Smart Eavesdropper Accuracy: 0.9409090909090909 14 1
Communication round: 35, Smart Eavesdropper Accuracy: 0.9340909090909091 15 1
Communication round: 36, Aggregated Accuracies: 0.846190476190476 16
Communication round: 36, Smart Eavesdropper Accuracy: 0.9386363636363636 16 1
Communication round: 37, Aggregated Accuracies: 0.8526190476190475 17
Communication round: 37, Smart Eavesdropper Accuracy: 0.9522727272727273 17 1
Communication round: 38, Smart Eavesdropper Accuracy: 0.9431818181818182 17 0
Communication round: 39, Smart Eavesdropper Accuracy: 0.9409090909090909 17 0
Communication round: 40, Smart Eavesdropper Accuracy: 0.9409090909090909 17 0
Communication round: 41, Smart Eavesdropper Accuracy: 0.9568181818181818 17 0
Communication round: 42, Smart Eavesdropper Accuracy: 0.9386363636363636 17 0
Communication round: 43, Smart Eavesdropper Accuracy: 0.9454545454545454 17 0
Communication round: 44, Smart Eavesdropper Accuracy: 0.9477272727272728 17 0
Communication round: 45, Smart Eavesdropper Accuracy: 0.9431818181818182 17 0
Communication round: 46, Smart Eavesdropper Accuracy: 0.9409090909090909 17 0
Communication round: 47, Smart Eavesdropper Accuracy: 0.95 17 0
Communication round: 48, Smart Eavesdropper Accuracy: 0.9477272727272728 18 1
Communication round: 49, Aggregated Accuracies: 0.8630952380952379 19
Communication round: 49, Smart Eavesdropper Accuracy: 0.95 19 1
Communication round: 50, Smart Eavesdropper Accuracy: 0.9568181818181818 20 1
Communication round: 51, Smart Eavesdropper Accuracy: 0.9522727272727273 20 0
Communication round: 52, Smart Eavesdropper Accuracy: 0.9431818181818182 20 0
Communication round: 53, Smart Eavesdropper Accuracy: 0.9318181818181818 21 1
Communication round: 54, Smart Eavesdropper Accuracy: 0.9545454545454546 21 0
Communication round: 55, Smart Eavesdropper Accuracy: 0.9590909090909091 21 0
Communication round: 56, Smart Eavesdropper Accuracy: 0.9590909090909091 21 0
Communication round: 57, Aggregated Accuracies: 0.8666666666666666 22
Communication round: 57, Smart Eavesdropper Accuracy: 0.9431818181818182 22 1
Communication round: 58, Smart Eavesdropper Accuracy: 0.9454545454545454 22 0
Communication round: 59, Smart Eavesdropper Accuracy: 0.9454545454545454 22 0
Communication round: 60, Smart Eavesdropper Accuracy: 0.9409090909090909 22 0
Communication round: 61, Smart Eavesdropper Accuracy: 0.9613636363636363 22 0
Communication round: 62, Smart Eavesdropper Accuracy: 0.9636363636363636 22 0
Communication round: 63, Smart Eavesdropper Accuracy: 0.9477272727272728 22 0
Communication round: 64, Smart Eavesdropper Accuracy: 0.9454545454545454 22 0
Communication round: 65, Smart Eavesdropper Accuracy: 0.9477272727272728 22 0
Communication round: 66, Smart Eavesdropper Accuracy: 0.95 22 0
Communication round: 67, Smart Eavesdropper Accuracy: 0.9363636363636364 22 0
Communication round: 68, Smart Eavesdropper Accuracy: 0.9454545454545454 22 0
Communication round: 69, Smart Eavesdropper Accuracy: 0.9681818181818181 23 1
Communication round: 70, Smart Eavesdropper Accuracy: 0.9636363636363636 24 1
Communication round: 71, Smart Eavesdropper Accuracy: 0.9613636363636363 24 0
Communication round: 72, Aggregated Accuracies: 0.8740476190476191 25
Communication round: 72, Smart Eavesdropper Accuracy: 0.9704545454545455 25 1
Communication round: 73, Aggregated Accuracies: 0.8816666666666668 26
Communication round: 73, Smart Eavesdropper Accuracy: 0.9363636363636364 26 1
Communication round: 74, Smart Eavesdropper Accuracy: 0.95 27 1
Communication round: 75, Smart Eavesdropper Accuracy: 0.925 27 0
Communication round: 76, Aggregated Accuracies: 0.8867857142857144 28
Communication round: 76, Smart Eavesdropper Accuracy: 0.9659090909090909 28 1
Communication round: 77, Aggregated Accuracies: 0.8889285714285714 29
Communication round: 77, Smart Eavesdropper Accuracy: 0.9477272727272728 29 1
Communication round: 78, Aggregated Accuracies: 0.893928571428571 30
Communication round: 78, Smart Eavesdropper Accuracy: 0.9522727272727273 30 1
Communication round: 79, Aggregated Accuracies: 0.9041666666666666 31
Communication round: 79, Smart Eavesdropper Accuracy: 0.9454545454545454 31 1
Communication round: 80, Aggregated Accuracies: 0.9070238095238095 32
Communication round: 80, Smart Eavesdropper Accuracy: 0.9636363636363636 32 1
Communication round: 81, Smart Eavesdropper Accuracy: 0.9431818181818182 32 0
Communication round: 82, Smart Eavesdropper Accuracy: 0.9409090909090909 32 0
Communication round: 83, Smart Eavesdropper Accuracy: 0.9568181818181818 32 0
Communication round: 84, Aggregated Accuracies: 0.9102380952380951 33
Communication round: 84, Smart Eavesdropper Accuracy: 0.9477272727272728 33 1
Communication round: 85, Smart Eavesdropper Accuracy: 0.9681818181818181 33 0
Communication round: 86, Smart Eavesdropper Accuracy: 0.9454545454545454 33 0
Communication round: 87, Smart Eavesdropper Accuracy: 0.9522727272727273 33 0
Communication round: 88, Smart Eavesdropper Accuracy: 0.9522727272727273 33 0
Communication round: 89, Aggregated Accuracies: 0.9104761904761904 34
Communication round: 89, Smart Eavesdropper Accuracy: 0.9522727272727273 34 1
Communication round: 90, Aggregated Accuracies: 0.916309523809524 35
Communication round: 90, Smart Eavesdropper Accuracy: 0.9659090909090909 35 1
Communication round: 91, Aggregated Accuracies: 0.918452380952381 36
Communication round: 91, Smart Eavesdropper Accuracy: 0.9568181818181818 36 1
Communication round: 92, Aggregated Accuracies: 0.9184523809523808 37
Communication round: 92, Smart Eavesdropper Accuracy: 0.9545454545454546 37 1
Communication round: 93, Smart Eavesdropper Accuracy: 0.9522727272727273 37 0
Communication round: 94, Smart Eavesdropper Accuracy: 0.9477272727272728 37 0
Communication round: 95, Smart Eavesdropper Accuracy: 0.9613636363636363 37 0
Communication round: 96, Smart Eavesdropper Accuracy: 0.9522727272727273 37 0
Communication round: 97, Smart Eavesdropper Accuracy: 0.95 37 0
Communication round: 98, Smart Eavesdropper Accuracy: 0.9454545454545454 37 0
Communication round: 99, Smart Eavesdropper Accuracy: 0.9704545454545455 37 0
----------------------------------------------------------------------------------------------------
