Communication round: 0, Eavesdropper Accuracy: 0.10681818181818181 1 1
Communication round: 1, Eavesdropper Accuracy: 0.07045454545454545 2 1
Communication round: 2, Eavesdropper Accuracy: 0.125 3 1
Communication round: 3, Aggregated Accuracies: 0.18476190476190477 4
Communication round: 3, Eavesdropper Accuracy: 0.19090909090909092 4 1
Communication round: 4, Aggregated Accuracies: 0.24785714285714291 5
Communication round: 4, Eavesdropper Accuracy: 0.3 5 1
Communication round: 5, Eavesdropper Accuracy: 0.3340909090909091 6 1
Communication round: 6, Eavesdropper Accuracy: 0.35 7 1
Communication round: 7, Aggregated Accuracies: 0.3422619047619047 8
Communication round: 7, Eavesdropper Accuracy: 0.3977272727272727 8 1
Communication round: 8, Eavesdropper Accuracy: 0.39090909090909093 9 1
Communication round: 9, Eavesdropper Accuracy: 0.39545454545454545 10 1
Communication round: 10, Aggregated Accuracies: 0.4247619047619047 11
Communication round: 10, Eavesdropper Accuracy: 0.48409090909090907 11 1
Communication round: 11, Eavesdropper Accuracy: 0.4863636363636364 12 1
Communication round: 12, Aggregated Accuracies: 0.5277380952380952 13
Communication round: 12, Eavesdropper Accuracy: 0.6227272727272727 13 1
Communication round: 13, Aggregated Accuracies: 0.5997619047619048 14
Communication round: 13, Eavesdropper Accuracy: 0.6227272727272727 14 1
Communication round: 14, Aggregated Accuracies: 0.659047619047619 15
Communication round: 14, Eavesdropper Accuracy: 0.740909090909091 15 1
Communication round: 15, Eavesdropper Accuracy: 0.7045454545454546 16 1
Communication round: 16, Aggregated Accuracies: 0.7141666666666666 17
Communication round: 16, Eavesdropper Accuracy: 0.7704545454545455 17 1
Communication round: 17, Eavesdropper Accuracy: 0.7909090909090909 18 1
Communication round: 18, Eavesdropper Accuracy: 0.7181818181818181 19 1
Communication round: 19, Aggregated Accuracies: 0.7367857142857142 20
Communication round: 19, Eavesdropper Accuracy: 0.8181818181818182 20 1
Communication round: 20, Aggregated Accuracies: 0.7745238095238097 21
Communication round: 20, Eavesdropper Accuracy: 0.8181818181818182 21 1
Communication round: 21, Eavesdropper Accuracy: 0.8295454545454546 22 1
Communication round: 22, Aggregated Accuracies: 0.790952380952381 23
Communication round: 22, Eavesdropper Accuracy: 0.8022727272727272 23 1
Communication round: 23, Aggregated Accuracies: 0.8111904761904765 24
Communication round: 23, Eavesdropper Accuracy: 0.8363636363636363 24 1
Communication round: 24, Aggregated Accuracies: 0.8222619047619049 25
Communication round: 24, Eavesdropper Accuracy: 0.8386363636363636 25 1
Communication round: 25, Eavesdropper Accuracy: 0.8227272727272728 26 1
Communication round: 26, Aggregated Accuracies: 0.8365476190476191 27
Communication round: 26, Eavesdropper Accuracy: 0.8522727272727273 27 1
Communication round: 27, Aggregated Accuracies: 0.8502380952380953 28
Communication round: 27, Eavesdropper Accuracy: 0.8568181818181818 28 1
Communication round: 28, Aggregated Accuracies: 0.8623809523809524 29
Communication round: 28, Eavesdropper Accuracy: 0.884090909090909 29 1
Communication round: 29, Aggregated Accuracies: 0.8729761904761906 30
Communication round: 29, Eavesdropper Accuracy: 0.9 30 1
Communication round: 30, Aggregated Accuracies: 0.8792857142857142 31
Communication round: 30, Eavesdropper Accuracy: 0.9159090909090909 31 1
Communication round: 31, Aggregated Accuracies: 0.8921428571428571 32
Communication round: 31, Eavesdropper Accuracy: 0.875 32 1
Communication round: 32, Aggregated Accuracies: 0.8886904761904763 33
Communication round: 32, Eavesdropper Accuracy: 0.9 33 1
Communication round: 33, Aggregated Accuracies: 0.8914285714285715 34
Communication round: 33, Eavesdropper Accuracy: 0.9136363636363637 34 1
Communication round: 34, Aggregated Accuracies: 0.9008333333333333 35
Communication round: 34, Eavesdropper Accuracy: 0.9204545454545454 35 1
Communication round: 35, Aggregated Accuracies: 0.9066666666666666 36
Communication round: 35, Eavesdropper Accuracy: 0.9068181818181819 36 1
Communication round: 36, Aggregated Accuracies: 0.9069047619047618 37
Communication round: 36, Eavesdropper Accuracy: 0.8931818181818182 37 1
Communication round: 37, Aggregated Accuracies: 0.9145238095238095 38
Communication round: 37, Eavesdropper Accuracy: 0.9272727272727272 38 1
Communication round: 38, Aggregated Accuracies: 0.9122619047619047 39
Communication round: 38, Eavesdropper Accuracy: 0.9159090909090909 39 1
Communication round: 39, Aggregated Accuracies: 0.9182142857142859 40
Communication round: 39, Eavesdropper Accuracy: 0.9181818181818182 40 1
Communication round: 40, Aggregated Accuracies: 0.9185714285714285 41
Communication round: 40, Eavesdropper Accuracy: 0.9113636363636364 41 1
Communication round: 41, Aggregated Accuracies: 0.9227380952380952 42
Communication round: 41, Eavesdropper Accuracy: 0.9340909090909091 42 1
Communication round: 42, Aggregated Accuracies: 0.9264285714285713 43
Communication round: 42, Eavesdropper Accuracy: 0.9295454545454546 43 1
Communication round: 43, Eavesdropper Accuracy: 0.9181818181818182 43 0
Communication round: 44, Eavesdropper Accuracy: 0.9 43 0
Communication round: 45, Eavesdropper Accuracy: 0.9022727272727272 43 0
Communication round: 46, Eavesdropper Accuracy: 0.9159090909090909 43 0
Communication round: 47, Eavesdropper Accuracy: 0.9227272727272727 43 0
Communication round: 48, Eavesdropper Accuracy: 0.8977272727272727 43 0
Communication round: 49, Eavesdropper Accuracy: 0.9431818181818182 43 0
Communication round: 50, Eavesdropper Accuracy: 0.9136363636363637 43 0
Communication round: 51, Eavesdropper Accuracy: 0.9159090909090909 43 0
Communication round: 52, Eavesdropper Accuracy: 0.9272727272727272 43 0
Communication round: 53, Eavesdropper Accuracy: 0.9295454545454546 43 0
Communication round: 54, Eavesdropper Accuracy: 0.925 43 0
Communication round: 55, Eavesdropper Accuracy: 0.9068181818181819 43 0
Communication round: 56, Eavesdropper Accuracy: 0.9318181818181818 43 0
Communication round: 57, Eavesdropper Accuracy: 0.9204545454545454 43 0
Communication round: 58, Eavesdropper Accuracy: 0.9113636363636364 43 0
Communication round: 59, Eavesdropper Accuracy: 0.9159090909090909 43 0
Communication round: 60, Eavesdropper Accuracy: 0.9386363636363636 43 0
Communication round: 61, Eavesdropper Accuracy: 0.9090909090909091 43 0
Communication round: 62, Eavesdropper Accuracy: 0.9340909090909091 43 0
Communication round: 63, Eavesdropper Accuracy: 0.9409090909090909 43 0
Communication round: 64, Eavesdropper Accuracy: 0.9272727272727272 43 0
Communication round: 65, Eavesdropper Accuracy: 0.9090909090909091 43 0
Communication round: 66, Eavesdropper Accuracy: 0.9295454545454546 43 0
Communication round: 67, Eavesdropper Accuracy: 0.9318181818181818 43 0
Communication round: 68, Eavesdropper Accuracy: 0.925 43 0
Communication round: 69, Eavesdropper Accuracy: 0.9113636363636364 43 0
Communication round: 70, Eavesdropper Accuracy: 0.9136363636363637 43 0
Communication round: 71, Eavesdropper Accuracy: 0.9272727272727272 43 0
Communication round: 72, Eavesdropper Accuracy: 0.9090909090909091 43 0
Communication round: 73, Eavesdropper Accuracy: 0.9386363636363636 43 0
Communication round: 74, Eavesdropper Accuracy: 0.9 43 0
Communication round: 75, Eavesdropper Accuracy: 0.9227272727272727 43 0
Communication round: 76, Eavesdropper Accuracy: 0.8954545454545455 43 0
Communication round: 77, Eavesdropper Accuracy: 0.8977272727272727 43 0
Communication round: 78, Eavesdropper Accuracy: 0.9045454545454545 43 0
Communication round: 79, Eavesdropper Accuracy: 0.9318181818181818 43 0
Communication round: 80, Eavesdropper Accuracy: 0.9136363636363637 43 0
Communication round: 81, Eavesdropper Accuracy: 0.925 43 0
Communication round: 82, Eavesdropper Accuracy: 0.9295454545454546 43 0
Communication round: 83, Eavesdropper Accuracy: 0.9113636363636364 43 0
Communication round: 84, Eavesdropper Accuracy: 0.9090909090909091 43 0
Communication round: 85, Smart Eavesdropper Accuracy: 0.9136363636363637 43 0
Communication round: 86, Smart Eavesdropper Accuracy: 0.9454545454545454 43 0
Communication round: 87, Smart Eavesdropper Accuracy: 0.9295454545454546 43 0
Communication round: 88, Smart Eavesdropper Accuracy: 0.95 43 0
Communication round: 89, Smart Eavesdropper Accuracy: 0.9409090909090909 43 0
Communication round: 90, Smart Eavesdropper Accuracy: 0.9272727272727272 43 0
Communication round: 91, Smart Eavesdropper Accuracy: 0.9272727272727272 43 0
Communication round: 92, Smart Eavesdropper Accuracy: 0.9181818181818182 43 0
Communication round: 93, Smart Eavesdropper Accuracy: 0.9590909090909091 43 0
Communication round: 94, Smart Eavesdropper Accuracy: 0.9363636363636364 43 0
Communication round: 95, Smart Eavesdropper Accuracy: 0.9318181818181818 43 0
Communication round: 96, Smart Eavesdropper Accuracy: 0.9568181818181818 43 0
Communication round: 97, Smart Eavesdropper Accuracy: 0.9295454545454546 43 0
Communication round: 98, Smart Eavesdropper Accuracy: 0.95 43 0
Communication round: 99, Smart Eavesdropper Accuracy: 0.9340909090909091 43 0
----------------------------------------------------------------------------------------------------
Communication round: 0, Eavesdropper Accuracy: 0.1340909090909091 1 1
Communication round: 1, Aggregated Accuracies: 0.21023809523809528 2
Communication round: 1, Eavesdropper Accuracy: 0.2318181818181818 2 1
Communication round: 2, Eavesdropper Accuracy: 0.225 3 1
Communication round: 3, Eavesdropper Accuracy: 0.2340909090909091 4 1
Communication round: 4, Eavesdropper Accuracy: 0.25227272727272726 5 1
Communication round: 5, Eavesdropper Accuracy: 0.21136363636363636 6 1
Communication round: 6, Eavesdropper Accuracy: 0.22954545454545455 7 1
Communication round: 7, Aggregated Accuracies: 0.2936904761904763 8
Communication round: 7, Eavesdropper Accuracy: 0.3409090909090909 8 1
Communication round: 8, Eavesdropper Accuracy: 0.3704545454545455 9 1
Communication round: 9, Aggregated Accuracies: 0.3969047619047618 10
Communication round: 9, Eavesdropper Accuracy: 0.43863636363636366 10 1
Communication round: 10, Aggregated Accuracies: 0.4807142857142857 11
Communication round: 10, Eavesdropper Accuracy: 0.5363636363636364 11 1
Communication round: 11, Eavesdropper Accuracy: 0.5136363636363637 12 1
Communication round: 12, Eavesdropper Accuracy: 0.5636363636363636 13 1
Communication round: 13, Aggregated Accuracies: 0.5497619047619048 14
Communication round: 13, Eavesdropper Accuracy: 0.615909090909091 14 1
Communication round: 14, Aggregated Accuracies: 0.634047619047619 15
Communication round: 14, Eavesdropper Accuracy: 0.6318181818181818 15 1
Communication round: 15, Aggregated Accuracies: 0.6788095238095239 16
Communication round: 15, Eavesdropper Accuracy: 0.7022727272727273 16 1
Communication round: 16, Aggregated Accuracies: 0.7141666666666666 17
Communication round: 16, Eavesdropper Accuracy: 0.75 17 1
Communication round: 17, Aggregated Accuracies: 0.7461904761904762 18
Communication round: 17, Eavesdropper Accuracy: 0.759090909090909 18 1
Communication round: 18, Aggregated Accuracies: 0.781904761904762 19
Communication round: 18, Eavesdropper Accuracy: 0.8090909090909091 19 1
Communication round: 19, Aggregated Accuracies: 0.7990476190476191 20
Communication round: 19, Eavesdropper Accuracy: 0.8340909090909091 20 1
Communication round: 20, Aggregated Accuracies: 0.8229761904761906 21
Communication round: 20, Eavesdropper Accuracy: 0.8272727272727273 21 1
Communication round: 21, Aggregated Accuracies: 0.8358333333333334 22
Communication round: 21, Eavesdropper Accuracy: 0.8704545454545455 22 1
Communication round: 22, Aggregated Accuracies: 0.8520238095238095 23
Communication round: 22, Eavesdropper Accuracy: 0.8795454545454545 23 1
Communication round: 23, Aggregated Accuracies: 0.8635714285714284 24
Communication round: 23, Eavesdropper Accuracy: 0.865909090909091 24 1
Communication round: 24, Aggregated Accuracies: 0.873690476190476 25
Communication round: 24, Eavesdropper Accuracy: 0.8795454545454545 25 1
Communication round: 25, Aggregated Accuracies: 0.8786904761904761 26
Communication round: 25, Eavesdropper Accuracy: 0.8863636363636364 26 1
Communication round: 26, Aggregated Accuracies: 0.8838095238095237 27
Communication round: 26, Eavesdropper Accuracy: 0.8931818181818182 27 1
Communication round: 27, Aggregated Accuracies: 0.8949999999999999 28
Communication round: 27, Eavesdropper Accuracy: 0.9045454545454545 28 1
Communication round: 28, Aggregated Accuracies: 0.8948809523809527 29
Communication round: 28, Eavesdropper Accuracy: 0.8954545454545455 29 1
Communication round: 29, Aggregated Accuracies: 0.9010714285714284 30
Communication round: 29, Eavesdropper Accuracy: 0.9068181818181819 30 1
Communication round: 30, Aggregated Accuracies: 0.9088095238095237 31
Communication round: 30, Eavesdropper Accuracy: 0.9045454545454545 31 1
Communication round: 31, Aggregated Accuracies: 0.9073809523809521 32
Communication round: 31, Eavesdropper Accuracy: 0.9272727272727272 32 1
Communication round: 32, Aggregated Accuracies: 0.913095238095238 33
Communication round: 32, Eavesdropper Accuracy: 0.9113636363636364 33 1
Communication round: 33, Aggregated Accuracies: 0.9170238095238096 34
Communication round: 33, Eavesdropper Accuracy: 0.9090909090909091 34 1
Communication round: 34, Aggregated Accuracies: 0.9158333333333333 35
Communication round: 34, Eavesdropper Accuracy: 0.9090909090909091 35 1
Communication round: 35, Aggregated Accuracies: 0.9223809523809523 36
Communication round: 35, Eavesdropper Accuracy: 0.9431818181818182 36 1
Communication round: 36, Aggregated Accuracies: 0.9197619047619046 37
Communication round: 36, Eavesdropper Accuracy: 0.9136363636363637 37 1
Communication round: 37, Aggregated Accuracies: 0.9222619047619046 38
Communication round: 37, Eavesdropper Accuracy: 0.9318181818181818 38 1
Communication round: 38, Aggregated Accuracies: 0.9267857142857141 39
Communication round: 38, Eavesdropper Accuracy: 0.925 39 1
Communication round: 39, Eavesdropper Accuracy: 0.9454545454545454 39 0
Communication round: 40, Eavesdropper Accuracy: 0.9340909090909091 39 0
Communication round: 41, Eavesdropper Accuracy: 0.9409090909090909 39 0
Communication round: 42, Eavesdropper Accuracy: 0.9204545454545454 39 0
Communication round: 43, Eavesdropper Accuracy: 0.9477272727272728 39 0
Communication round: 44, Eavesdropper Accuracy: 0.9522727272727273 39 0
Communication round: 45, Eavesdropper Accuracy: 0.9477272727272728 39 0
Communication round: 46, Eavesdropper Accuracy: 0.9363636363636364 39 0
Communication round: 47, Eavesdropper Accuracy: 0.925 39 0
Communication round: 48, Eavesdropper Accuracy: 0.9340909090909091 39 0
Communication round: 49, Eavesdropper Accuracy: 0.9159090909090909 39 0
Communication round: 50, Eavesdropper Accuracy: 0.95 39 0
Communication round: 51, Eavesdropper Accuracy: 0.9318181818181818 39 0
Communication round: 52, Eavesdropper Accuracy: 0.9340909090909091 39 0
Communication round: 53, Eavesdropper Accuracy: 0.9204545454545454 39 0
Communication round: 54, Eavesdropper Accuracy: 0.9295454545454546 39 0
Communication round: 55, Eavesdropper Accuracy: 0.9181818181818182 39 0
Communication round: 56, Eavesdropper Accuracy: 0.9454545454545454 39 0
Communication round: 57, Eavesdropper Accuracy: 0.9318181818181818 39 0
Communication round: 58, Eavesdropper Accuracy: 0.9272727272727272 39 0
Communication round: 59, Eavesdropper Accuracy: 0.9295454545454546 39 0
Communication round: 60, Eavesdropper Accuracy: 0.9431818181818182 39 0
Communication round: 61, Eavesdropper Accuracy: 0.9295454545454546 39 0
Communication round: 62, Eavesdropper Accuracy: 0.925 39 0
Communication round: 63, Eavesdropper Accuracy: 0.9477272727272728 39 0
Communication round: 64, Eavesdropper Accuracy: 0.9386363636363636 39 0
Communication round: 65, Eavesdropper Accuracy: 0.9340909090909091 39 0
Communication round: 66, Eavesdropper Accuracy: 0.9454545454545454 39 0
Communication round: 67, Eavesdropper Accuracy: 0.9340909090909091 39 0
Communication round: 68, Eavesdropper Accuracy: 0.9340909090909091 39 0
Communication round: 69, Eavesdropper Accuracy: 0.9545454545454546 39 0
Communication round: 70, Eavesdropper Accuracy: 0.9 39 0
Communication round: 71, Eavesdropper Accuracy: 0.9386363636363636 39 0
Communication round: 72, Eavesdropper Accuracy: 0.9181818181818182 39 0
Communication round: 73, Eavesdropper Accuracy: 0.9340909090909091 39 0
Communication round: 74, Eavesdropper Accuracy: 0.9431818181818182 39 0
Communication round: 75, Eavesdropper Accuracy: 0.925 39 0
Communication round: 76, Eavesdropper Accuracy: 0.9318181818181818 39 0
Communication round: 77, Smart Eavesdropper Accuracy: 0.8931818181818182 39 0
Communication round: 78, Smart Eavesdropper Accuracy: 0.8886363636363637 39 0
Communication round: 79, Smart Eavesdropper Accuracy: 0.9045454545454545 39 0
Communication round: 80, Smart Eavesdropper Accuracy: 0.9295454545454546 39 0
Communication round: 81, Smart Eavesdropper Accuracy: 0.9068181818181819 39 0
Communication round: 82, Smart Eavesdropper Accuracy: 0.9227272727272727 39 0
Communication round: 83, Smart Eavesdropper Accuracy: 0.9068181818181819 39 0
Communication round: 84, Smart Eavesdropper Accuracy: 0.9431818181818182 39 0
Communication round: 85, Smart Eavesdropper Accuracy: 0.9454545454545454 39 0
Communication round: 86, Smart Eavesdropper Accuracy: 0.9204545454545454 39 0
Communication round: 87, Smart Eavesdropper Accuracy: 0.9386363636363636 39 0
Communication round: 88, Smart Eavesdropper Accuracy: 0.9409090909090909 39 0
Communication round: 89, Smart Eavesdropper Accuracy: 0.9363636363636364 39 0
Communication round: 90, Smart Eavesdropper Accuracy: 0.9318181818181818 39 0
Communication round: 91, Smart Eavesdropper Accuracy: 0.9431818181818182 39 0
Communication round: 92, Smart Eavesdropper Accuracy: 0.9454545454545454 39 0
Communication round: 93, Smart Eavesdropper Accuracy: 0.9363636363636364 39 0
Communication round: 94, Smart Eavesdropper Accuracy: 0.95 39 0
Communication round: 95, Smart Eavesdropper Accuracy: 0.95 39 0
Communication round: 96, Smart Eavesdropper Accuracy: 0.95 39 0
Communication round: 97, Smart Eavesdropper Accuracy: 0.9477272727272728 39 0
Communication round: 98, Smart Eavesdropper Accuracy: 0.9431818181818182 39 0
Communication round: 99, Smart Eavesdropper Accuracy: 0.9568181818181818 39 0
----------------------------------------------------------------------------------------------------
Communication round: 0, Eavesdropper Accuracy: 0.04090909090909091 1 1
Communication round: 1, Eavesdropper Accuracy: 0.0659090909090909 2 1
Communication round: 2, Aggregated Accuracies: 0.11869047619047621 3
Communication round: 2, Eavesdropper Accuracy: 0.056818181818181816 3 1
Communication round: 3, Eavesdropper Accuracy: 0.05454545454545454 4 1
Communication round: 4, Eavesdropper Accuracy: 0.05227272727272727 5 1
Communication round: 5, Eavesdropper Accuracy: 0.022727272727272728 6 1
Communication round: 6, Aggregated Accuracies: 0.1977380952380952 7
Communication round: 6, Eavesdropper Accuracy: 0.20681818181818182 7 1
Communication round: 7, Eavesdropper Accuracy: 0.20227272727272727 8 1
Communication round: 8, Aggregated Accuracies: 0.3016666666666667 9
Communication round: 8, Eavesdropper Accuracy: 0.3159090909090909 9 1
Communication round: 9, Eavesdropper Accuracy: 0.35454545454545455 10 1
Communication round: 10, Aggregated Accuracies: 0.3832142857142856 11
Communication round: 10, Eavesdropper Accuracy: 0.3795454545454545 11 1
Communication round: 11, Eavesdropper Accuracy: 0.41363636363636364 12 1
Communication round: 12, Aggregated Accuracies: 0.46154761904761904 13
Communication round: 12, Eavesdropper Accuracy: 0.49772727272727274 13 1
Communication round: 13, Aggregated Accuracies: 0.5774999999999999 14
Communication round: 13, Eavesdropper Accuracy: 0.6272727272727273 14 1
Communication round: 14, Aggregated Accuracies: 0.6470238095238094 15
Communication round: 14, Eavesdropper Accuracy: 0.7022727272727273 15 1
Communication round: 15, Aggregated Accuracies: 0.7257142857142855 16
Communication round: 15, Eavesdropper Accuracy: 0.7727272727272727 16 1
Communication round: 16, Aggregated Accuracies: 0.7580952380952382 17
Communication round: 16, Eavesdropper Accuracy: 0.7818181818181819 17 1
Communication round: 17, Aggregated Accuracies: 0.8078571428571429 18
Communication round: 17, Eavesdropper Accuracy: 0.8318181818181818 18 1
Communication round: 18, Eavesdropper Accuracy: 0.8454545454545455 19 1
Communication round: 19, Eavesdropper Accuracy: 0.8181818181818182 20 1
Communication round: 20, Aggregated Accuracies: 0.8171428571428573 21
Communication round: 20, Eavesdropper Accuracy: 0.8431818181818181 21 1
Communication round: 21, Eavesdropper Accuracy: 0.8204545454545454 22 1
Communication round: 22, Aggregated Accuracies: 0.8326190476190476 23
Communication round: 22, Eavesdropper Accuracy: 0.8568181818181818 23 1
Communication round: 23, Aggregated Accuracies: 0.8457142857142858 24
Communication round: 23, Eavesdropper Accuracy: 0.8704545454545455 24 1
Communication round: 24, Eavesdropper Accuracy: 0.8522727272727273 25 1
Communication round: 25, Aggregated Accuracies: 0.8541666666666667 26
Communication round: 25, Eavesdropper Accuracy: 0.8704545454545455 26 1
Communication round: 26, Aggregated Accuracies: 0.8651190476190476 27
Communication round: 26, Eavesdropper Accuracy: 0.884090909090909 27 1
Communication round: 27, Eavesdropper Accuracy: 0.9022727272727272 28 1
Communication round: 28, Eavesdropper Accuracy: 0.8681818181818182 29 1
Communication round: 29, Aggregated Accuracies: 0.8682142857142855 30
Communication round: 29, Eavesdropper Accuracy: 0.8886363636363637 30 1
Communication round: 30, Aggregated Accuracies: 0.8703571428571429 31
Communication round: 30, Eavesdropper Accuracy: 0.8886363636363637 31 1
Communication round: 31, Eavesdropper Accuracy: 0.8886363636363637 32 1
Communication round: 32, Aggregated Accuracies: 0.8803571428571427 33
Communication round: 32, Eavesdropper Accuracy: 0.9022727272727272 33 1
Communication round: 33, Eavesdropper Accuracy: 0.8886363636363637 34 1
Communication round: 34, Eavesdropper Accuracy: 0.9022727272727272 35 1
Communication round: 35, Eavesdropper Accuracy: 0.884090909090909 36 1
Communication round: 36, Eavesdropper Accuracy: 0.8909090909090909 37 1
Communication round: 37, Eavesdropper Accuracy: 0.8886363636363637 38 1
Communication round: 38, Aggregated Accuracies: 0.8844047619047618 39
Communication round: 38, Eavesdropper Accuracy: 0.9022727272727272 39 1
Communication round: 39, Eavesdropper Accuracy: 0.8795454545454545 40 1
Communication round: 40, Eavesdropper Accuracy: 0.9113636363636364 41 1
Communication round: 41, Eavesdropper Accuracy: 0.8886363636363637 42 1
Communication round: 42, Aggregated Accuracies: 0.8891666666666665 43
Communication round: 42, Eavesdropper Accuracy: 0.9045454545454545 43 1
Communication round: 43, Eavesdropper Accuracy: 0.8818181818181818 44 1
Communication round: 44, Eavesdropper Accuracy: 0.8886363636363637 45 1
Communication round: 45, Eavesdropper Accuracy: 0.865909090909091 46 1
Communication round: 46, Eavesdropper Accuracy: 0.9045454545454545 47 1
Communication round: 47, Eavesdropper Accuracy: 0.9022727272727272 48 1
Communication round: 48, Aggregated Accuracies: 0.8941666666666667 49
Communication round: 48, Eavesdropper Accuracy: 0.875 49 1
Communication round: 49, Aggregated Accuracies: 0.9028571428571428 50
Communication round: 49, Eavesdropper Accuracy: 0.9068181818181819 50 1
Communication round: 50, Aggregated Accuracies: 0.8992857142857144 51
Communication round: 50, Eavesdropper Accuracy: 0.9181818181818182 51 1
Communication round: 51, Aggregated Accuracies: 0.903095238095238 52
Communication round: 51, Eavesdropper Accuracy: 0.9022727272727272 52 1
Communication round: 52, Aggregated Accuracies: 0.9060714285714285 53
Communication round: 52, Eavesdropper Accuracy: 0.8954545454545455 53 1
Communication round: 53, Aggregated Accuracies: 0.9084523809523809 54
Communication round: 53, Eavesdropper Accuracy: 0.925 54 1
Communication round: 54, Aggregated Accuracies: 0.9132142857142856 55
Communication round: 54, Eavesdropper Accuracy: 0.9090909090909091 55 1
Communication round: 55, Aggregated Accuracies: 0.917738095238095 56
Communication round: 55, Eavesdropper Accuracy: 0.9431818181818182 56 1
Communication round: 56, Eavesdropper Accuracy: 0.9227272727272727 57 1
Communication round: 57, Eavesdropper Accuracy: 0.9295454545454546 58 1
Communication round: 58, Eavesdropper Accuracy: 0.9181818181818182 59 1
Communication round: 59, Aggregated Accuracies: 0.9180952380952381 60
Communication round: 59, Eavesdropper Accuracy: 0.9318181818181818 60 1
Communication round: 60, Eavesdropper Accuracy: 0.9340909090909091 61 1
Communication round: 61, Eavesdropper Accuracy: 0.9227272727272727 62 1
Communication round: 62, Eavesdropper Accuracy: 0.9363636363636364 63 1
Communication round: 63, Aggregated Accuracies: 0.9202380952380951 64
Communication round: 63, Eavesdropper Accuracy: 0.9136363636363637 64 1
Communication round: 64, Eavesdropper Accuracy: 0.9136363636363637 64 0
Communication round: 65, Eavesdropper Accuracy: 0.9227272727272727 64 0
Communication round: 66, Eavesdropper Accuracy: 0.9409090909090909 64 0
Communication round: 67, Eavesdropper Accuracy: 0.925 64 0
Communication round: 68, Eavesdropper Accuracy: 0.9318181818181818 64 0
Communication round: 69, Eavesdropper Accuracy: 0.9227272727272727 64 0
Communication round: 70, Eavesdropper Accuracy: 0.9318181818181818 64 0
Communication round: 71, Eavesdropper Accuracy: 0.9340909090909091 64 0
Communication round: 72, Eavesdropper Accuracy: 0.9181818181818182 64 0
Communication round: 73, Eavesdropper Accuracy: 0.9295454545454546 64 0
Communication round: 74, Eavesdropper Accuracy: 0.9227272727272727 64 0
Communication round: 75, Eavesdropper Accuracy: 0.9363636363636364 64 0
Communication round: 76, Eavesdropper Accuracy: 0.9227272727272727 64 0
Communication round: 77, Eavesdropper Accuracy: 0.9227272727272727 64 0
Communication round: 78, Eavesdropper Accuracy: 0.925 64 0
Communication round: 79, Eavesdropper Accuracy: 0.9136363636363637 64 0
Communication round: 80, Eavesdropper Accuracy: 0.9272727272727272 64 0
Communication round: 81, Eavesdropper Accuracy: 0.9045454545454545 64 0
Communication round: 82, Eavesdropper Accuracy: 0.9363636363636364 64 0
Communication round: 83, Eavesdropper Accuracy: 0.925 64 0
Communication round: 84, Eavesdropper Accuracy: 0.9318181818181818 64 0
Communication round: 85, Eavesdropper Accuracy: 0.9318181818181818 64 0
Communication round: 86, Eavesdropper Accuracy: 0.9318181818181818 64 0
Communication round: 87, Eavesdropper Accuracy: 0.9181818181818182 64 0
Communication round: 88, Eavesdropper Accuracy: 0.9204545454545454 64 0
Communication round: 89, Eavesdropper Accuracy: 0.9272727272727272 64 0
Communication round: 90, Eavesdropper Accuracy: 0.9022727272727272 64 0
Communication round: 91, Eavesdropper Accuracy: 0.9318181818181818 64 0
Communication round: 92, Eavesdropper Accuracy: 0.9431818181818182 64 0
Communication round: 93, Eavesdropper Accuracy: 0.9295454545454546 64 0
Communication round: 94, Eavesdropper Accuracy: 0.9386363636363636 64 0
Communication round: 95, Eavesdropper Accuracy: 0.9068181818181819 64 0
Communication round: 96, Eavesdropper Accuracy: 0.925 64 0
Communication round: 97, Eavesdropper Accuracy: 0.9113636363636364 64 0
Communication round: 98, Eavesdropper Accuracy: 0.95 64 0
Communication round: 99, Eavesdropper Accuracy: 0.9204545454545454 64 0
----------------------------------------------------------------------------------------------------
Communication round: 0, Eavesdropper Accuracy: 0.09772727272727273 1 1
Communication round: 1, Eavesdropper Accuracy: 0.10454545454545454 2 1
Communication round: 2, Aggregated Accuracies: 0.14976190476190476 3
Communication round: 2, Eavesdropper Accuracy: 0.13636363636363635 3 1
Communication round: 3, Aggregated Accuracies: 0.27666666666666667 4
Communication round: 3, Eavesdropper Accuracy: 0.2727272727272727 4 1
Communication round: 4, Aggregated Accuracies: 0.39357142857142857 5
Communication round: 4, Eavesdropper Accuracy: 0.4431818181818182 5 1
Communication round: 5, Eavesdropper Accuracy: 0.45681818181818185 6 1
Communication round: 6, Aggregated Accuracies: 0.49488095238095237 7
Communication round: 6, Eavesdropper Accuracy: 0.5522727272727272 7 1
Communication round: 7, Eavesdropper Accuracy: 0.5318181818181819 8 1
Communication round: 8, Eavesdropper Accuracy: 0.5295454545454545 9 1
Communication round: 9, Aggregated Accuracies: 0.5622619047619047 10
Communication round: 9, Eavesdropper Accuracy: 0.5818181818181818 10 1
Communication round: 10, Aggregated Accuracies: 0.6251190476190476 11
Communication round: 10, Eavesdropper Accuracy: 0.7 11 1
Communication round: 11, Eavesdropper Accuracy: 0.6795454545454546 12 1
Communication round: 12, Eavesdropper Accuracy: 0.6727272727272727 13 1
Communication round: 13, Eavesdropper Accuracy: 0.6431818181818182 14 1
Communication round: 14, Eavesdropper Accuracy: 0.6681818181818182 15 1
Communication round: 15, Aggregated Accuracies: 0.6655952380952381 16
Communication round: 15, Eavesdropper Accuracy: 0.6795454545454546 16 1
Communication round: 16, Eavesdropper Accuracy: 0.6772727272727272 17 1
Communication round: 17, Eavesdropper Accuracy: 0.7204545454545455 18 1
Communication round: 18, Eavesdropper Accuracy: 0.6886363636363636 19 1
Communication round: 19, Aggregated Accuracies: 0.6964285714285714 20
Communication round: 19, Eavesdropper Accuracy: 0.7204545454545455 20 1
Communication round: 20, Eavesdropper Accuracy: 0.7295454545454545 21 1
Communication round: 21, Aggregated Accuracies: 0.7210714285714286 22
Communication round: 21, Eavesdropper Accuracy: 0.7522727272727273 22 1
Communication round: 22, Eavesdropper Accuracy: 0.7454545454545455 23 1
Communication round: 23, Eavesdropper Accuracy: 0.75 24 1
Communication round: 24, Eavesdropper Accuracy: 0.7886363636363637 25 1
Communication round: 25, Aggregated Accuracies: 0.7553571428571428 26
Communication round: 25, Eavesdropper Accuracy: 0.7681818181818182 26 1
Communication round: 26, Eavesdropper Accuracy: 0.7636363636363637 27 1
Communication round: 27, Eavesdropper Accuracy: 0.7545454545454545 28 1
Communication round: 28, Aggregated Accuracies: 0.7707142857142859 29
Communication round: 28, Eavesdropper Accuracy: 0.8068181818181818 29 1
Communication round: 29, Eavesdropper Accuracy: 0.7909090909090909 30 1
Communication round: 30, Aggregated Accuracies: 0.7883333333333333 31
Communication round: 30, Eavesdropper Accuracy: 0.7886363636363637 31 1
Communication round: 31, Aggregated Accuracies: 0.8139285714285714 32
Communication round: 31, Eavesdropper Accuracy: 0.8159090909090909 32 1
Communication round: 32, Aggregated Accuracies: 0.8326190476190476 33
Communication round: 32, Eavesdropper Accuracy: 0.85 33 1
Communication round: 33, Aggregated Accuracies: 0.8408333333333333 34
Communication round: 33, Eavesdropper Accuracy: 0.8431818181818181 34 1
Communication round: 34, Aggregated Accuracies: 0.8491666666666665 35
Communication round: 34, Eavesdropper Accuracy: 0.8568181818181818 35 1
Communication round: 35, Aggregated Accuracies: 0.8614285714285714 36
Communication round: 35, Eavesdropper Accuracy: 0.8727272727272727 36 1
Communication round: 36, Aggregated Accuracies: 0.8630952380952381 37
Communication round: 36, Eavesdropper Accuracy: 0.8818181818181818 37 1
Communication round: 37, Aggregated Accuracies: 0.8686904761904761 38
Communication round: 37, Eavesdropper Accuracy: 0.884090909090909 38 1
Communication round: 38, Aggregated Accuracies: 0.8783333333333333 39
Communication round: 38, Eavesdropper Accuracy: 0.8909090909090909 39 1
Communication round: 39, Aggregated Accuracies: 0.8804761904761905 40
Communication round: 39, Eavesdropper Accuracy: 0.8886363636363637 40 1
Communication round: 40, Eavesdropper Accuracy: 0.8795454545454545 41 1
Communication round: 41, Aggregated Accuracies: 0.8845238095238095 42
Communication round: 41, Eavesdropper Accuracy: 0.9113636363636364 42 1
Communication round: 42, Eavesdropper Accuracy: 0.9159090909090909 43 1
Communication round: 43, Eavesdropper Accuracy: 0.884090909090909 44 1
Communication round: 44, Eavesdropper Accuracy: 0.8795454545454545 45 1
Communication round: 45, Eavesdropper Accuracy: 0.9045454545454545 46 1
Communication round: 46, Aggregated Accuracies: 0.8910714285714285 47
Communication round: 46, Eavesdropper Accuracy: 0.8909090909090909 47 1
Communication round: 47, Eavesdropper Accuracy: 0.9159090909090909 48 1
Communication round: 48, Eavesdropper Accuracy: 0.9022727272727272 49 1
Communication round: 49, Aggregated Accuracies: 0.893095238095238 50
Communication round: 49, Eavesdropper Accuracy: 0.8863636363636364 50 1
Communication round: 50, Aggregated Accuracies: 0.8954761904761904 51
Communication round: 50, Eavesdropper Accuracy: 0.8931818181818182 51 1
Communication round: 51, Aggregated Accuracies: 0.9019047619047619 52
Communication round: 51, Eavesdropper Accuracy: 0.8977272727272727 52 1
Communication round: 52, Aggregated Accuracies: 0.9033333333333333 53
Communication round: 52, Eavesdropper Accuracy: 0.9159090909090909 53 1
Communication round: 53, Aggregated Accuracies: 0.9110714285714284 54
Communication round: 53, Eavesdropper Accuracy: 0.9409090909090909 54 1
Communication round: 54, Aggregated Accuracies: 0.9154761904761903 55
Communication round: 54, Eavesdropper Accuracy: 0.9136363636363637 55 1
Communication round: 55, Aggregated Accuracies: 0.9148809523809526 56
Communication round: 55, Eavesdropper Accuracy: 0.9522727272727273 56 1
Communication round: 56, Eavesdropper Accuracy: 0.9181818181818182 56 0
Communication round: 57, Eavesdropper Accuracy: 0.9204545454545454 56 0
Communication round: 58, Eavesdropper Accuracy: 0.9227272727272727 56 0
Communication round: 59, Eavesdropper Accuracy: 0.9386363636363636 56 0
Communication round: 60, Eavesdropper Accuracy: 0.9522727272727273 56 0
Communication round: 61, Eavesdropper Accuracy: 0.9204545454545454 56 0
Communication round: 62, Eavesdropper Accuracy: 0.9545454545454546 56 0
Communication round: 63, Eavesdropper Accuracy: 0.925 56 0
Communication round: 64, Eavesdropper Accuracy: 0.9318181818181818 56 0
Communication round: 65, Eavesdropper Accuracy: 0.9340909090909091 56 0
Communication round: 66, Eavesdropper Accuracy: 0.9204545454545454 56 0
Communication round: 67, Eavesdropper Accuracy: 0.9204545454545454 56 0
Communication round: 68, Eavesdropper Accuracy: 0.9227272727272727 56 0
Communication round: 69, Eavesdropper Accuracy: 0.9136363636363637 56 0
Communication round: 70, Eavesdropper Accuracy: 0.9295454545454546 56 0
Communication round: 71, Eavesdropper Accuracy: 0.8909090909090909 56 0
Communication round: 72, Eavesdropper Accuracy: 0.9272727272727272 56 0
Communication round: 73, Eavesdropper Accuracy: 0.9136363636363637 56 0
Communication round: 74, Eavesdropper Accuracy: 0.9318181818181818 56 0
Communication round: 75, Eavesdropper Accuracy: 0.9136363636363637 56 0
Communication round: 76, Eavesdropper Accuracy: 0.9318181818181818 56 0
Communication round: 77, Eavesdropper Accuracy: 0.9204545454545454 56 0
Communication round: 78, Eavesdropper Accuracy: 0.9022727272727272 56 0
Communication round: 79, Eavesdropper Accuracy: 0.9068181818181819 56 0
Communication round: 80, Eavesdropper Accuracy: 0.9295454545454546 56 0
Communication round: 81, Eavesdropper Accuracy: 0.9386363636363636 56 0
Communication round: 82, Eavesdropper Accuracy: 0.9159090909090909 56 0
Communication round: 83, Eavesdropper Accuracy: 0.9227272727272727 56 0
Communication round: 84, Eavesdropper Accuracy: 0.9136363636363637 56 0
Communication round: 85, Eavesdropper Accuracy: 0.9227272727272727 56 0
Communication round: 86, Eavesdropper Accuracy: 0.9431818181818182 56 0
Communication round: 87, Eavesdropper Accuracy: 0.9295454545454546 56 0
Communication round: 88, Eavesdropper Accuracy: 0.9159090909090909 56 0
Communication round: 89, Eavesdropper Accuracy: 0.925 56 0
Communication round: 90, Eavesdropper Accuracy: 0.925 56 0
Communication round: 91, Eavesdropper Accuracy: 0.9068181818181819 56 0
Communication round: 92, Eavesdropper Accuracy: 0.9 56 0
Communication round: 93, Eavesdropper Accuracy: 0.9295454545454546 56 0
Communication round: 94, Eavesdropper Accuracy: 0.9181818181818182 56 0
Communication round: 95, Eavesdropper Accuracy: 0.9272727272727272 56 0
Communication round: 96, Eavesdropper Accuracy: 0.9431818181818182 56 0
Communication round: 97, Eavesdropper Accuracy: 0.9272727272727272 56 0
Communication round: 98, Eavesdropper Accuracy: 0.9204545454545454 56 0
Communication round: 99, Eavesdropper Accuracy: 0.9227272727272727 56 0
----------------------------------------------------------------------------------------------------
Communication round: 0, Eavesdropper Accuracy: 0.08409090909090909 1 1
Communication round: 1, Aggregated Accuracies: 0.13702380952380952 2
Communication round: 1, Eavesdropper Accuracy: 0.1340909090909091 2 1
Communication round: 2, Eavesdropper Accuracy: 0.13636363636363635 3 1
Communication round: 3, Aggregated Accuracies: 0.18714285714285717 4
Communication round: 3, Eavesdropper Accuracy: 0.13863636363636364 4 1
Communication round: 4, Eavesdropper Accuracy: 0.15454545454545454 5 1
Communication round: 5, Eavesdropper Accuracy: 0.16818181818181818 6 1
Communication round: 6, Eavesdropper Accuracy: 0.20909090909090908 7 1
Communication round: 7, Eavesdropper Accuracy: 0.175 8 1
Communication round: 8, Eavesdropper Accuracy: 0.175 9 1
Communication round: 9, Eavesdropper Accuracy: 0.18636363636363637 10 1
Communication round: 10, Aggregated Accuracies: 0.29083333333333333 11
Communication round: 10, Eavesdropper Accuracy: 0.325 11 1
Communication round: 11, Aggregated Accuracies: 0.40428571428571436 12
Communication round: 11, Eavesdropper Accuracy: 0.5386363636363637 12 1
Communication round: 12, Eavesdropper Accuracy: 0.4636363636363636 13 1
Communication round: 13, Eavesdropper Accuracy: 0.4636363636363636 14 1
Communication round: 14, Eavesdropper Accuracy: 0.4909090909090909 15 1
Communication round: 15, Aggregated Accuracies: 0.5389285714285714 16
Communication round: 15, Eavesdropper Accuracy: 0.5977272727272728 16 1
Communication round: 16, Aggregated Accuracies: 0.6069047619047618 17
Communication round: 16, Eavesdropper Accuracy: 0.6659090909090909 17 1
Communication round: 17, Aggregated Accuracies: 0.6839285714285713 18
Communication round: 17, Eavesdropper Accuracy: 0.7113636363636363 18 1
Communication round: 18, Aggregated Accuracies: 0.7302380952380952 19
Communication round: 18, Eavesdropper Accuracy: 0.8136363636363636 19 1
Communication round: 19, Aggregated Accuracies: 0.7545238095238094 20
Communication round: 19, Eavesdropper Accuracy: 0.8136363636363636 20 1
Communication round: 20, Aggregated Accuracies: 0.7916666666666667 21
Communication round: 20, Eavesdropper Accuracy: 0.8431818181818181 21 1
Communication round: 21, Eavesdropper Accuracy: 0.8318181818181818 22 1
Communication round: 22, Aggregated Accuracies: 0.8064285714285715 23
Communication round: 22, Eavesdropper Accuracy: 0.8363636363636363 23 1
Communication round: 23, Aggregated Accuracies: 0.8320238095238096 24
Communication round: 23, Eavesdropper Accuracy: 0.8454545454545455 24 1
Communication round: 24, Aggregated Accuracies: 0.8472619047619047 25
Communication round: 24, Eavesdropper Accuracy: 0.8727272727272727 25 1
Communication round: 25, Aggregated Accuracies: 0.858690476190476 26
Communication round: 25, Eavesdropper Accuracy: 0.8818181818181818 26 1
Communication round: 26, Aggregated Accuracies: 0.8708333333333333 27
Communication round: 26, Eavesdropper Accuracy: 0.8977272727272727 27 1
Communication round: 27, Eavesdropper Accuracy: 0.8886363636363637 28 1
Communication round: 28, Eavesdropper Accuracy: 0.8931818181818182 29 1
Communication round: 29, Aggregated Accuracies: 0.8717857142857142 30
Communication round: 29, Eavesdropper Accuracy: 0.8477272727272728 30 1
Communication round: 30, Aggregated Accuracies: 0.8751190476190477 31
Communication round: 30, Eavesdropper Accuracy: 0.8795454545454545 31 1
Communication round: 31, Aggregated Accuracies: 0.8801190476190477 32
Communication round: 31, Eavesdropper Accuracy: 0.8795454545454545 32 1
Communication round: 32, Eavesdropper Accuracy: 0.8772727272727273 33 1
Communication round: 33, Eavesdropper Accuracy: 0.8863636363636364 34 1
Communication round: 34, Aggregated Accuracies: 0.8820238095238094 35
Communication round: 34, Eavesdropper Accuracy: 0.9022727272727272 35 1
Communication round: 35, Eavesdropper Accuracy: 0.9068181818181819 36 1
Communication round: 36, Eavesdropper Accuracy: 0.9 37 1
Communication round: 37, Eavesdropper Accuracy: 0.9022727272727272 38 1
Communication round: 38, Eavesdropper Accuracy: 0.9022727272727272 39 1
Communication round: 39, Aggregated Accuracies: 0.8869047619047616 40
Communication round: 39, Eavesdropper Accuracy: 0.9045454545454545 40 1
Communication round: 40, Eavesdropper Accuracy: 0.9113636363636364 41 1
Communication round: 41, Aggregated Accuracies: 0.8919047619047618 42
Communication round: 41, Eavesdropper Accuracy: 0.9204545454545454 42 1
Communication round: 42, Eavesdropper Accuracy: 0.9090909090909091 43 1
Communication round: 43, Eavesdropper Accuracy: 0.8977272727272727 44 1
Communication round: 44, Eavesdropper Accuracy: 0.8954545454545455 45 1
Communication round: 45, Eavesdropper Accuracy: 0.9022727272727272 46 1
Communication round: 46, Aggregated Accuracies: 0.8954761904761905 47
Communication round: 46, Eavesdropper Accuracy: 0.9204545454545454 47 1
Communication round: 47, Aggregated Accuracies: 0.9003571428571429 48
Communication round: 47, Eavesdropper Accuracy: 0.9181818181818182 48 1
Communication round: 48, Eavesdropper Accuracy: 0.9318181818181818 49 1
Communication round: 49, Eavesdropper Accuracy: 0.9045454545454545 50 1
Communication round: 50, Eavesdropper Accuracy: 0.8886363636363637 51 1
Communication round: 51, Eavesdropper Accuracy: 0.8909090909090909 52 1
Communication round: 52, Eavesdropper Accuracy: 0.9068181818181819 53 1
Communication round: 53, Aggregated Accuracies: 0.9035714285714287 54
Communication round: 53, Eavesdropper Accuracy: 0.8977272727272727 54 1
Communication round: 54, Aggregated Accuracies: 0.9079761904761904 55
Communication round: 54, Eavesdropper Accuracy: 0.9090909090909091 55 1
Communication round: 55, Aggregated Accuracies: 0.9064285714285711 56
Communication round: 55, Eavesdropper Accuracy: 0.9113636363636364 56 1
Communication round: 56, Aggregated Accuracies: 0.9083333333333332 57
Communication round: 56, Eavesdropper Accuracy: 0.9204545454545454 57 1
Communication round: 57, Aggregated Accuracies: 0.9164285714285713 58
Communication round: 57, Eavesdropper Accuracy: 0.9386363636363636 58 1
Communication round: 58, Aggregated Accuracies: 0.9149999999999998 59
Communication round: 58, Eavesdropper Accuracy: 0.9318181818181818 59 1
Communication round: 59, Aggregated Accuracies: 0.9209523809523809 60
Communication round: 59, Eavesdropper Accuracy: 0.9295454545454546 60 1
Communication round: 60, Eavesdropper Accuracy: 0.9431818181818182 60 0
Communication round: 61, Eavesdropper Accuracy: 0.9363636363636364 60 0
Communication round: 62, Eavesdropper Accuracy: 0.9068181818181819 60 0
Communication round: 63, Eavesdropper Accuracy: 0.9409090909090909 60 0
Communication round: 64, Eavesdropper Accuracy: 0.9113636363636364 60 0
Communication round: 65, Eavesdropper Accuracy: 0.925 60 0
Communication round: 66, Eavesdropper Accuracy: 0.9340909090909091 60 0
Communication round: 67, Eavesdropper Accuracy: 0.9386363636363636 60 0
Communication round: 68, Eavesdropper Accuracy: 0.9431818181818182 60 0
Communication round: 69, Eavesdropper Accuracy: 0.9204545454545454 60 0
Communication round: 70, Eavesdropper Accuracy: 0.9295454545454546 60 0
Communication round: 71, Eavesdropper Accuracy: 0.925 60 0
Communication round: 72, Eavesdropper Accuracy: 0.9227272727272727 60 0
Communication round: 73, Eavesdropper Accuracy: 0.9431818181818182 60 0
Communication round: 74, Eavesdropper Accuracy: 0.9068181818181819 60 0
Communication round: 75, Eavesdropper Accuracy: 0.9363636363636364 60 0
Communication round: 76, Eavesdropper Accuracy: 0.9340909090909091 60 0
Communication round: 77, Eavesdropper Accuracy: 0.9340909090909091 60 0
Communication round: 78, Eavesdropper Accuracy: 0.925 60 0
Communication round: 79, Eavesdropper Accuracy: 0.9227272727272727 60 0
Communication round: 80, Eavesdropper Accuracy: 0.9090909090909091 60 0
Communication round: 81, Eavesdropper Accuracy: 0.9295454545454546 60 0
Communication round: 82, Eavesdropper Accuracy: 0.9431818181818182 60 0
Communication round: 83, Eavesdropper Accuracy: 0.9204545454545454 60 0
Communication round: 84, Eavesdropper Accuracy: 0.9363636363636364 60 0
Communication round: 85, Eavesdropper Accuracy: 0.9363636363636364 60 0
Communication round: 86, Eavesdropper Accuracy: 0.925 60 0
Communication round: 87, Eavesdropper Accuracy: 0.925 60 0
Communication round: 88, Eavesdropper Accuracy: 0.9363636363636364 60 0
Communication round: 89, Eavesdropper Accuracy: 0.9181818181818182 60 0
Communication round: 90, Eavesdropper Accuracy: 0.9431818181818182 60 0
Communication round: 91, Eavesdropper Accuracy: 0.9477272727272728 60 0
Communication round: 92, Eavesdropper Accuracy: 0.9272727272727272 60 0
Communication round: 93, Eavesdropper Accuracy: 0.925 60 0
Communication round: 94, Eavesdropper Accuracy: 0.9295454545454546 60 0
Communication round: 95, Eavesdropper Accuracy: 0.9272727272727272 60 0
Communication round: 96, Eavesdropper Accuracy: 0.9113636363636364 60 0
Communication round: 97, Eavesdropper Accuracy: 0.9204545454545454 60 0
Communication round: 98, Eavesdropper Accuracy: 0.9545454545454546 60 0
Communication round: 99, Eavesdropper Accuracy: 0.9181818181818182 60 0
----------------------------------------------------------------------------------------------------
Communication round: 0, Eavesdropper Accuracy: 0.11363636363636363 1 1
Communication round: 1, Eavesdropper Accuracy: 0.11136363636363636 2 1
Communication round: 2, Eavesdropper Accuracy: 0.125 3 1
Communication round: 3, Aggregated Accuracies: 0.1816666666666667 4
Communication round: 3, Eavesdropper Accuracy: 0.16363636363636364 4 1
Communication round: 4, Aggregated Accuracies: 0.24821428571428567 5
Communication round: 4, Eavesdropper Accuracy: 0.2727272727272727 5 1
Communication round: 5, Eavesdropper Accuracy: 0.25227272727272726 6 1
Communication round: 6, Eavesdropper Accuracy: 0.2431818181818182 7 1
Communication round: 7, Eavesdropper Accuracy: 0.2909090909090909 8 1
Communication round: 8, Eavesdropper Accuracy: 0.27954545454545454 9 1
Communication round: 9, Aggregated Accuracies: 0.32916666666666666 10
Communication round: 9, Eavesdropper Accuracy: 0.39545454545454545 10 1
Communication round: 10, Aggregated Accuracies: 0.4219047619047619 11
Communication round: 10, Eavesdropper Accuracy: 0.5022727272727273 11 1
Communication round: 11, Aggregated Accuracies: 0.4847619047619047 12
Communication round: 11, Eavesdropper Accuracy: 0.5045454545454545 12 1
Communication round: 12, Eavesdropper Accuracy: 0.5159090909090909 13 1
Communication round: 13, Aggregated Accuracies: 0.565595238095238 14
Communication round: 13, Eavesdropper Accuracy: 0.625 14 1
Communication round: 14, Aggregated Accuracies: 0.6347619047619046 15
Communication round: 14, Eavesdropper Accuracy: 0.6818181818181818 15 1
Communication round: 15, Eavesdropper Accuracy: 0.6840909090909091 16 1
Communication round: 16, Aggregated Accuracies: 0.6942857142857145 17
Communication round: 16, Eavesdropper Accuracy: 0.7386363636363636 17 1
Communication round: 17, Aggregated Accuracies: 0.7372619047619048 18
Communication round: 17, Eavesdropper Accuracy: 0.7977272727272727 18 1
Communication round: 18, Aggregated Accuracies: 0.7702380952380954 19
Communication round: 18, Eavesdropper Accuracy: 0.8045454545454546 19 1
Communication round: 19, Aggregated Accuracies: 0.7961904761904763 20
Communication round: 19, Eavesdropper Accuracy: 0.8113636363636364 20 1
Communication round: 20, Aggregated Accuracies: 0.8133333333333335 21
Communication round: 20, Eavesdropper Accuracy: 0.825 21 1
Communication round: 21, Aggregated Accuracies: 0.8335714285714285 22
Communication round: 21, Eavesdropper Accuracy: 0.8204545454545454 22 1
Communication round: 22, Eavesdropper Accuracy: 0.8727272727272727 23 1
Communication round: 23, Aggregated Accuracies: 0.849761904761905 24
Communication round: 23, Eavesdropper Accuracy: 0.8613636363636363 24 1
Communication round: 24, Aggregated Accuracies: 0.86 25
Communication round: 24, Eavesdropper Accuracy: 0.8863636363636364 25 1
Communication round: 25, Eavesdropper Accuracy: 0.8772727272727273 26 1
Communication round: 26, Eavesdropper Accuracy: 0.8704545454545455 27 1
Communication round: 27, Eavesdropper Accuracy: 0.8727272727272727 28 1
Communication round: 28, Aggregated Accuracies: 0.8627380952380953 29
Communication round: 28, Eavesdropper Accuracy: 0.9045454545454545 29 1
Communication round: 29, Aggregated Accuracies: 0.8741666666666668 30
Communication round: 29, Eavesdropper Accuracy: 0.8818181818181818 30 1
Communication round: 30, Aggregated Accuracies: 0.8786904761904761 31
Communication round: 30, Eavesdropper Accuracy: 0.9090909090909091 31 1
Communication round: 31, Aggregated Accuracies: 0.8903571428571431 32
Communication round: 31, Eavesdropper Accuracy: 0.9045454545454545 32 1
Communication round: 32, Aggregated Accuracies: 0.8909523809523808 33
Communication round: 32, Eavesdropper Accuracy: 0.9295454545454546 33 1
Communication round: 33, Aggregated Accuracies: 0.896547619047619 34
Communication round: 33, Eavesdropper Accuracy: 0.9068181818181819 34 1
Communication round: 34, Aggregated Accuracies: 0.8988095238095237 35
Communication round: 34, Eavesdropper Accuracy: 0.9340909090909091 35 1
Communication round: 35, Aggregated Accuracies: 0.9051190476190476 36
Communication round: 35, Eavesdropper Accuracy: 0.9386363636363636 36 1
Communication round: 36, Eavesdropper Accuracy: 0.9181818181818182 37 1
Communication round: 37, Eavesdropper Accuracy: 0.925 38 1
Communication round: 38, Eavesdropper Accuracy: 0.9181818181818182 39 1
Communication round: 39, Aggregated Accuracies: 0.9057142857142857 40
Communication round: 39, Eavesdropper Accuracy: 0.9136363636363637 40 1
Communication round: 40, Aggregated Accuracies: 0.9096428571428572 41
Communication round: 40, Eavesdropper Accuracy: 0.9363636363636364 41 1
Communication round: 41, Aggregated Accuracies: 0.915952380952381 42
Communication round: 41, Eavesdropper Accuracy: 0.9295454545454546 42 1
Communication round: 42, Aggregated Accuracies: 0.9236904761904763 43
Communication round: 42, Eavesdropper Accuracy: 0.9318181818181818 43 1
Communication round: 43, Aggregated Accuracies: 0.9203571428571429 44
Communication round: 43, Eavesdropper Accuracy: 0.9568181818181818 44 1
Communication round: 44, Aggregated Accuracies: 0.9245238095238097 45
Communication round: 44, Eavesdropper Accuracy: 0.925 45 1
Communication round: 45, Aggregated Accuracies: 0.9272619047619045 46
Communication round: 45, Eavesdropper Accuracy: 0.9295454545454546 46 1
Communication round: 46, Eavesdropper Accuracy: 0.9340909090909091 46 0
Communication round: 47, Eavesdropper Accuracy: 0.9409090909090909 46 0
Communication round: 48, Eavesdropper Accuracy: 0.95 46 0
Communication round: 49, Eavesdropper Accuracy: 0.9272727272727272 46 0
Communication round: 50, Eavesdropper Accuracy: 0.9386363636363636 46 0
Communication round: 51, Eavesdropper Accuracy: 0.9386363636363636 46 0
Communication round: 52, Eavesdropper Accuracy: 0.9477272727272728 46 0
Communication round: 53, Eavesdropper Accuracy: 0.9363636363636364 46 0
Communication round: 54, Eavesdropper Accuracy: 0.9454545454545454 46 0
Communication round: 55, Eavesdropper Accuracy: 0.9409090909090909 46 0
Communication round: 56, Eavesdropper Accuracy: 0.9363636363636364 46 0
Communication round: 57, Eavesdropper Accuracy: 0.9386363636363636 46 0
Communication round: 58, Eavesdropper Accuracy: 0.9363636363636364 46 0
Communication round: 59, Eavesdropper Accuracy: 0.9136363636363637 46 0
Communication round: 60, Eavesdropper Accuracy: 0.9477272727272728 46 0
Communication round: 61, Eavesdropper Accuracy: 0.9318181818181818 46 0
Communication round: 62, Eavesdropper Accuracy: 0.925 46 0
Communication round: 63, Eavesdropper Accuracy: 0.9431818181818182 46 0
Communication round: 64, Eavesdropper Accuracy: 0.9272727272727272 46 0
Communication round: 65, Eavesdropper Accuracy: 0.9409090909090909 46 0
Communication round: 66, Eavesdropper Accuracy: 0.9454545454545454 46 0
Communication round: 67, Eavesdropper Accuracy: 0.9431818181818182 46 0
Communication round: 68, Eavesdropper Accuracy: 0.9590909090909091 46 0
Communication round: 69, Eavesdropper Accuracy: 0.9454545454545454 46 0
Communication round: 70, Eavesdropper Accuracy: 0.9363636363636364 46 0
Communication round: 71, Eavesdropper Accuracy: 0.9477272727272728 46 0
Communication round: 72, Eavesdropper Accuracy: 0.9431818181818182 46 0
Communication round: 73, Eavesdropper Accuracy: 0.9454545454545454 46 0
Communication round: 74, Eavesdropper Accuracy: 0.9409090909090909 46 0
Communication round: 75, Eavesdropper Accuracy: 0.9409090909090909 46 0
Communication round: 76, Eavesdropper Accuracy: 0.9409090909090909 46 0
Communication round: 77, Eavesdropper Accuracy: 0.9409090909090909 46 0
Communication round: 78, Eavesdropper Accuracy: 0.9340909090909091 46 0
Communication round: 79, Eavesdropper Accuracy: 0.9295454545454546 46 0
Communication round: 80, Eavesdropper Accuracy: 0.9522727272727273 46 0
Communication round: 81, Eavesdropper Accuracy: 0.9409090909090909 46 0
Communication round: 82, Eavesdropper Accuracy: 0.9204545454545454 46 0
Communication round: 83, Eavesdropper Accuracy: 0.95 46 0
Communication round: 84, Eavesdropper Accuracy: 0.9318181818181818 46 0
Communication round: 85, Eavesdropper Accuracy: 0.9340909090909091 46 0
Communication round: 86, Eavesdropper Accuracy: 0.9340909090909091 46 0
Communication round: 87, Eavesdropper Accuracy: 0.9340909090909091 46 0
Communication round: 88, Eavesdropper Accuracy: 0.9409090909090909 46 0
Communication round: 89, Eavesdropper Accuracy: 0.9409090909090909 46 0
Communication round: 90, Eavesdropper Accuracy: 0.9431818181818182 46 0
Communication round: 91, Smart Eavesdropper Accuracy: 0.9159090909090909 46 0
Communication round: 92, Smart Eavesdropper Accuracy: 0.9227272727272727 46 0
Communication round: 93, Smart Eavesdropper Accuracy: 0.9272727272727272 46 0
Communication round: 94, Smart Eavesdropper Accuracy: 0.9568181818181818 46 0
Communication round: 95, Smart Eavesdropper Accuracy: 0.9159090909090909 46 0
Communication round: 96, Smart Eavesdropper Accuracy: 0.9409090909090909 46 0
Communication round: 97, Smart Eavesdropper Accuracy: 0.9136363636363637 46 0
Communication round: 98, Smart Eavesdropper Accuracy: 0.9386363636363636 46 0
Communication round: 99, Smart Eavesdropper Accuracy: 0.9568181818181818 46 0
----------------------------------------------------------------------------------------------------
Communication round: 0, Eavesdropper Accuracy: 0.04772727272727273 1 1
Communication round: 1, Aggregated Accuracies: 0.1380952380952381 2
Communication round: 1, Eavesdropper Accuracy: 0.1340909090909091 2 1
Communication round: 2, Eavesdropper Accuracy: 0.13863636363636364 3 1
Communication round: 3, Eavesdropper Accuracy: 0.10681818181818181 4 1
Communication round: 4, Aggregated Accuracies: 0.20214285714285712 5
Communication round: 4, Eavesdropper Accuracy: 0.21363636363636362 5 1
Communication round: 5, Eavesdropper Accuracy: 0.22954545454545455 6 1
Communication round: 6, Eavesdropper Accuracy: 0.20909090909090908 7 1
Communication round: 7, Aggregated Accuracies: 0.27702380952380956 8
Communication round: 7, Eavesdropper Accuracy: 0.32272727272727275 8 1
Communication round: 8, Aggregated Accuracies: 0.4309523809523809 9
Communication round: 8, Eavesdropper Accuracy: 0.48863636363636365 9 1
Communication round: 9, Aggregated Accuracies: 0.5295238095238095 10
Communication round: 9, Eavesdropper Accuracy: 0.5954545454545455 10 1
Communication round: 10, Eavesdropper Accuracy: 0.5477272727272727 11 1
Communication round: 11, Eavesdropper Accuracy: 0.5977272727272728 12 1
Communication round: 12, Eavesdropper Accuracy: 0.5409090909090909 13 1
Communication round: 13, Eavesdropper Accuracy: 0.5590909090909091 14 1
Communication round: 14, Aggregated Accuracies: 0.5952380952380952 15
Communication round: 14, Eavesdropper Accuracy: 0.6636363636363637 15 1
Communication round: 15, Eavesdropper Accuracy: 0.6272727272727273 16 1
Communication round: 16, Eavesdropper Accuracy: 0.6295454545454545 17 1
Communication round: 17, Aggregated Accuracies: 0.6417857142857143 18
Communication round: 17, Eavesdropper Accuracy: 0.6590909090909091 18 1
Communication round: 18, Eavesdropper Accuracy: 0.6772727272727272 19 1
Communication round: 19, Eavesdropper Accuracy: 0.6477272727272727 20 1
Communication round: 20, Eavesdropper Accuracy: 0.6954545454545454 21 1
Communication round: 21, Aggregated Accuracies: 0.6919047619047619 22
Communication round: 21, Eavesdropper Accuracy: 0.7613636363636364 22 1
Communication round: 22, Eavesdropper Accuracy: 0.6840909090909091 23 1
Communication round: 23, Aggregated Accuracies: 0.7349999999999999 24
Communication round: 23, Eavesdropper Accuracy: 0.7522727272727273 24 1
Communication round: 24, Aggregated Accuracies: 0.7685714285714287 25
Communication round: 24, Eavesdropper Accuracy: 0.7931818181818182 25 1
Communication round: 25, Aggregated Accuracies: 0.7941666666666667 26
Communication round: 25, Eavesdropper Accuracy: 0.8227272727272728 26 1
Communication round: 26, Aggregated Accuracies: 0.8142857142857144 27
Communication round: 26, Eavesdropper Accuracy: 0.8318181818181818 27 1
Communication round: 27, Aggregated Accuracies: 0.8296428571428572 28
Communication round: 27, Eavesdropper Accuracy: 0.8454545454545455 28 1
Communication round: 28, Aggregated Accuracies: 0.8442857142857141 29
Communication round: 28, Eavesdropper Accuracy: 0.8772727272727273 29 1
Communication round: 29, Aggregated Accuracies: 0.8491666666666667 30
Communication round: 29, Eavesdropper Accuracy: 0.8636363636363636 30 1
Communication round: 30, Aggregated Accuracies: 0.8702380952380953 31
Communication round: 30, Eavesdropper Accuracy: 0.8977272727272727 31 1
Communication round: 31, Aggregated Accuracies: 0.8705952380952381 32
Communication round: 31, Eavesdropper Accuracy: 0.9022727272727272 32 1
Communication round: 32, Aggregated Accuracies: 0.875357142857143 33
Communication round: 32, Eavesdropper Accuracy: 0.875 33 1
Communication round: 33, Aggregated Accuracies: 0.8840476190476192 34
Communication round: 33, Eavesdropper Accuracy: 0.9 34 1
Communication round: 34, Aggregated Accuracies: 0.8914285714285715 35
Communication round: 34, Eavesdropper Accuracy: 0.8954545454545455 35 1
Communication round: 35, Eavesdropper Accuracy: 0.9045454545454545 36 1
Communication round: 36, Aggregated Accuracies: 0.8995238095238095 37
Communication round: 36, Eavesdropper Accuracy: 0.8931818181818182 37 1
Communication round: 37, Aggregated Accuracies: 0.8996428571428572 38
Communication round: 37, Eavesdropper Accuracy: 0.9068181818181819 38 1
Communication round: 38, Eavesdropper Accuracy: 0.8909090909090909 39 1
Communication round: 39, Eavesdropper Accuracy: 0.9090909090909091 40 1
Communication round: 40, Eavesdropper Accuracy: 0.8931818181818182 41 1
Communication round: 41, Aggregated Accuracies: 0.902142857142857 42
Communication round: 41, Eavesdropper Accuracy: 0.9113636363636364 42 1
Communication round: 42, Eavesdropper Accuracy: 0.9113636363636364 43 1
Communication round: 43, Eavesdropper Accuracy: 0.9272727272727272 44 1
Communication round: 44, Eavesdropper Accuracy: 0.8977272727272727 45 1
Communication round: 45, Eavesdropper Accuracy: 0.9181818181818182 46 1
Communication round: 46, Aggregated Accuracies: 0.9079761904761906 47
Communication round: 46, Eavesdropper Accuracy: 0.9181818181818182 47 1
Communication round: 47, Aggregated Accuracies: 0.9088095238095237 48
Communication round: 47, Eavesdropper Accuracy: 0.9159090909090909 48 1
Communication round: 48, Eavesdropper Accuracy: 0.9045454545454545 49 1
Communication round: 49, Eavesdropper Accuracy: 0.9090909090909091 50 1
Communication round: 50, Eavesdropper Accuracy: 0.9204545454545454 51 1
Communication round: 51, Aggregated Accuracies: 0.9130952380952382 52
Communication round: 51, Eavesdropper Accuracy: 0.9 52 1
Communication round: 52, Aggregated Accuracies: 0.9177380952380952 53
Communication round: 52, Eavesdropper Accuracy: 0.9136363636363637 53 1
Communication round: 53, Eavesdropper Accuracy: 0.9227272727272727 54 1
Communication round: 54, Eavesdropper Accuracy: 0.9272727272727272 55 1
Communication round: 55, Eavesdropper Accuracy: 0.9272727272727272 56 1
Communication round: 56, Aggregated Accuracies: 0.921190476190476 57
Communication round: 56, Eavesdropper Accuracy: 0.9227272727272727 57 1
Communication round: 57, Eavesdropper Accuracy: 0.9363636363636364 58 1
Communication round: 58, Eavesdropper Accuracy: 0.9227272727272727 59 1
Communication round: 59, Aggregated Accuracies: 0.9215476190476192 60
Communication round: 59, Eavesdropper Accuracy: 0.9204545454545454 60 1
Communication round: 60, Eavesdropper Accuracy: 0.9181818181818182 61 1
Communication round: 61, Aggregated Accuracies: 0.9227380952380952 62
Communication round: 61, Eavesdropper Accuracy: 0.9340909090909091 62 1
Communication round: 62, Eavesdropper Accuracy: 0.9318181818181818 62 0
Communication round: 63, Eavesdropper Accuracy: 0.9272727272727272 62 0
Communication round: 64, Eavesdropper Accuracy: 0.9295454545454546 62 0
Communication round: 65, Eavesdropper Accuracy: 0.9409090909090909 62 0
Communication round: 66, Eavesdropper Accuracy: 0.9318181818181818 62 0
Communication round: 67, Eavesdropper Accuracy: 0.9227272727272727 62 0
Communication round: 68, Eavesdropper Accuracy: 0.9090909090909091 62 0
Communication round: 69, Eavesdropper Accuracy: 0.9136363636363637 62 0
Communication round: 70, Eavesdropper Accuracy: 0.9318181818181818 62 0
Communication round: 71, Eavesdropper Accuracy: 0.9431818181818182 62 0
Communication round: 72, Eavesdropper Accuracy: 0.9113636363636364 62 0
Communication round: 73, Eavesdropper Accuracy: 0.9 62 0
Communication round: 74, Eavesdropper Accuracy: 0.9340909090909091 62 0
Communication round: 75, Eavesdropper Accuracy: 0.9363636363636364 62 0
Communication round: 76, Eavesdropper Accuracy: 0.9068181818181819 62 0
Communication round: 77, Eavesdropper Accuracy: 0.9068181818181819 62 0
Communication round: 78, Eavesdropper Accuracy: 0.9272727272727272 62 0
Communication round: 79, Eavesdropper Accuracy: 0.9181818181818182 62 0
Communication round: 80, Eavesdropper Accuracy: 0.9 62 0
Communication round: 81, Eavesdropper Accuracy: 0.9227272727272727 62 0
Communication round: 82, Eavesdropper Accuracy: 0.9227272727272727 62 0
Communication round: 83, Eavesdropper Accuracy: 0.9159090909090909 62 0
Communication round: 84, Eavesdropper Accuracy: 0.9136363636363637 62 0
Communication round: 85, Eavesdropper Accuracy: 0.9090909090909091 62 0
Communication round: 86, Eavesdropper Accuracy: 0.9454545454545454 62 0
Communication round: 87, Eavesdropper Accuracy: 0.9159090909090909 62 0
Communication round: 88, Eavesdropper Accuracy: 0.9181818181818182 62 0
Communication round: 89, Eavesdropper Accuracy: 0.9272727272727272 62 0
Communication round: 90, Eavesdropper Accuracy: 0.925 62 0
Communication round: 91, Eavesdropper Accuracy: 0.9181818181818182 62 0
Communication round: 92, Eavesdropper Accuracy: 0.925 62 0
Communication round: 93, Eavesdropper Accuracy: 0.9272727272727272 62 0
Communication round: 94, Eavesdropper Accuracy: 0.9409090909090909 62 0
Communication round: 95, Eavesdropper Accuracy: 0.9227272727272727 62 0
Communication round: 96, Eavesdropper Accuracy: 0.9204545454545454 62 0
Communication round: 97, Eavesdropper Accuracy: 0.9295454545454546 62 0
Communication round: 98, Eavesdropper Accuracy: 0.9295454545454546 62 0
Communication round: 99, Eavesdropper Accuracy: 0.9340909090909091 62 0
----------------------------------------------------------------------------------------------------
