----------------------------------------------------------------------------------------------------
50_30_100_0.4_5_0.9_True_
----------------------------------------------------------------------------------------------------
Communication round: 0, Eavesdropper Accuracy: 0.08181818181818182 1 1
Communication round: 1, Eavesdropper Accuracy: 0.10681818181818181 2 1
Communication round: 2, Aggregated Accuracies: 0.13392857142857145 3
Communication round: 2, Eavesdropper Accuracy: 0.13636363636363635 3 1
Communication round: 3, Eavesdropper Accuracy: 0.13636363636363635 4 1
Communication round: 4, Aggregated Accuracies: 0.17595238095238097 5
Communication round: 4, Eavesdropper Accuracy: 0.17954545454545454 5 1
Communication round: 5, Aggregated Accuracies: 0.22119047619047616 6
Communication round: 5, Eavesdropper Accuracy: 0.26136363636363635 6 1
Communication round: 6, Aggregated Accuracies: 0.275 7
Communication round: 6, Eavesdropper Accuracy: 0.39090909090909093 7 1
Communication round: 7, Aggregated Accuracies: 0.3441666666666666 8
Communication round: 7, Eavesdropper Accuracy: 0.42272727272727273 8 1
Communication round: 8, Aggregated Accuracies: 0.3814285714285715 9
Communication round: 8, Eavesdropper Accuracy: 0.43863636363636366 9 1
Communication round: 9, Aggregated Accuracies: 0.43249999999999994 10
Communication round: 9, Eavesdropper Accuracy: 0.49318181818181817 10 1
Communication round: 10, Aggregated Accuracies: 0.46499999999999986 11
Communication round: 10, Eavesdropper Accuracy: 0.5136363636363637 11 1
Communication round: 11, Aggregated Accuracies: 0.5015476190476191 12
Communication round: 11, Eavesdropper Accuracy: 0.5477272727272727 12 1
Communication round: 12, Aggregated Accuracies: 0.5455952380952379 13
Communication round: 12, Eavesdropper Accuracy: 0.5840909090909091 13 1
Communication round: 13, Aggregated Accuracies: 0.5610714285714288 14
Communication round: 13, Eavesdropper Accuracy: 0.6022727272727273 14 1
Communication round: 14, Aggregated Accuracies: 0.6072619047619046 15
Communication round: 14, Eavesdropper Accuracy: 0.6136363636363636 15 1
Communication round: 15, Aggregated Accuracies: 0.6482142857142859 16
Communication round: 15, Eavesdropper Accuracy: 0.6886363636363636 16 1
Communication round: 16, Aggregated Accuracies: 0.6646428571428572 17
Communication round: 16, Eavesdropper Accuracy: 0.6954545454545454 17 1
Communication round: 17, Eavesdropper Accuracy: 0.6909090909090909 18 1
Communication round: 18, Eavesdropper Accuracy: 0.7022727272727273 19 1
Communication round: 19, Aggregated Accuracies: 0.6921428571428571 20
Communication round: 19, Eavesdropper Accuracy: 0.6886363636363636 20 1
Communication round: 20, Aggregated Accuracies: 0.7082142857142858 21
Communication round: 20, Eavesdropper Accuracy: 0.7181818181818181 21 1
Communication round: 21, Aggregated Accuracies: 0.7336904761904763 22
Communication round: 21, Eavesdropper Accuracy: 0.7318181818181818 22 1
Communication round: 22, Aggregated Accuracies: 0.7578571428571427 23
Communication round: 22, Eavesdropper Accuracy: 0.8068181818181818 23 1
Communication round: 23, Aggregated Accuracies: 0.758452380952381 24
Communication round: 23, Eavesdropper Accuracy: 0.7772727272727272 24 1
Communication round: 24, Aggregated Accuracies: 0.784047619047619 25
Communication round: 24, Eavesdropper Accuracy: 0.7931818181818182 25 1
Communication round: 25, Aggregated Accuracies: 0.7927380952380955 26
Communication round: 25, Eavesdropper Accuracy: 0.8045454545454546 26 1
Communication round: 26, Aggregated Accuracies: 0.8066666666666665 27
Communication round: 26, Eavesdropper Accuracy: 0.8045454545454546 27 1
Communication round: 27, Aggregated Accuracies: 0.8148809523809523 28
Communication round: 27, Eavesdropper Accuracy: 0.8136363636363636 28 1
Communication round: 28, Eavesdropper Accuracy: 0.8295454545454546 29 1
Communication round: 29, Eavesdropper Accuracy: 0.8318181818181818 30 1
Communication round: 30, Eavesdropper Accuracy: 0.8477272727272728 31 1
Communication round: 31, Eavesdropper Accuracy: 0.8318181818181818 32 1
Communication round: 32, Eavesdropper Accuracy: 0.8181818181818182 33 1
Communication round: 33, Eavesdropper Accuracy: 0.8181818181818182 34 1
Communication round: 34, Eavesdropper Accuracy: 0.8340909090909091 35 1
Communication round: 35, Eavesdropper Accuracy: 0.8272727272727273 36 1
Communication round: 36, Eavesdropper Accuracy: 0.8363636363636363 37 1
Communication round: 37, Eavesdropper Accuracy: 0.85 38 1
Communication round: 38, Eavesdropper Accuracy: 0.8204545454545454 39 1
Communication round: 39, Aggregated Accuracies: 0.8253571428571428 40
Communication round: 39, Eavesdropper Accuracy: 0.8454545454545455 40 1
Communication round: 40, Aggregated Accuracies: 0.8298809523809523 41
Communication round: 40, Eavesdropper Accuracy: 0.8295454545454546 41 1
Communication round: 41, Eavesdropper Accuracy: 0.8386363636363636 42 1
Communication round: 42, Eavesdropper Accuracy: 0.8613636363636363 43 1
Communication round: 43, Eavesdropper Accuracy: 0.85 44 1
Communication round: 44, Eavesdropper Accuracy: 0.8295454545454546 45 1
Communication round: 45, Eavesdropper Accuracy: 0.8454545454545455 46 1
Communication round: 46, Eavesdropper Accuracy: 0.8386363636363636 47 1
Communication round: 47, Eavesdropper Accuracy: 0.8454545454545455 48 1
Communication round: 48, Eavesdropper Accuracy: 0.8477272727272728 49 1
Communication round: 49, Aggregated Accuracies: 0.8333333333333335 50
Communication round: 49, Eavesdropper Accuracy: 0.85 50 1
Communication round: 50, Aggregated Accuracies: 0.8408333333333331 51
Communication round: 50, Eavesdropper Accuracy: 0.8545454545454545 51 1
Communication round: 51, Aggregated Accuracies: 0.8478571428571426 52
Communication round: 51, Eavesdropper Accuracy: 0.8568181818181818 52 1
Communication round: 52, Eavesdropper Accuracy: 0.8636363636363636 53 1
Communication round: 53, Eavesdropper Accuracy: 0.875 54 1
Communication round: 54, Eavesdropper Accuracy: 0.875 55 1
Communication round: 55, Eavesdropper Accuracy: 0.8613636363636363 56 1
Communication round: 56, Eavesdropper Accuracy: 0.8636363636363636 57 1
Communication round: 57, Aggregated Accuracies: 0.8511904761904762 58
Communication round: 57, Eavesdropper Accuracy: 0.8613636363636363 58 1
Communication round: 58, Aggregated Accuracies: 0.8563095238095237 59
Communication round: 58, Eavesdropper Accuracy: 0.8863636363636364 59 1
Communication round: 59, Eavesdropper Accuracy: 0.865909090909091 59 0
Communication round: 60, Eavesdropper Accuracy: 0.8704545454545455 59 0
Communication round: 61, Eavesdropper Accuracy: 0.8704545454545455 59 0
Communication round: 62, Eavesdropper Accuracy: 0.8886363636363637 59 0
Communication round: 63, Eavesdropper Accuracy: 0.8636363636363636 59 0
Communication round: 64, Eavesdropper Accuracy: 0.884090909090909 59 0
Communication round: 65, Eavesdropper Accuracy: 0.875 59 0
Communication round: 66, Eavesdropper Accuracy: 0.8681818181818182 59 0
Communication round: 67, Eavesdropper Accuracy: 0.8886363636363637 59 0
Communication round: 68, Eavesdropper Accuracy: 0.8886363636363637 59 0
Communication round: 69, Eavesdropper Accuracy: 0.8795454545454545 59 0
Communication round: 70, Eavesdropper Accuracy: 0.8727272727272727 59 0
Communication round: 71, Eavesdropper Accuracy: 0.8909090909090909 59 0
Communication round: 72, Eavesdropper Accuracy: 0.8795454545454545 59 0
Communication round: 73, Eavesdropper Accuracy: 0.8795454545454545 59 0
Communication round: 74, Eavesdropper Accuracy: 0.8704545454545455 59 0
Communication round: 75, Eavesdropper Accuracy: 0.9113636363636364 59 0
Communication round: 76, Eavesdropper Accuracy: 0.865909090909091 59 0
Communication round: 77, Eavesdropper Accuracy: 0.8772727272727273 59 0
Communication round: 78, Eavesdropper Accuracy: 0.8818181818181818 59 0
Communication round: 79, Eavesdropper Accuracy: 0.875 59 0
Communication round: 80, Eavesdropper Accuracy: 0.875 59 0
Communication round: 81, Eavesdropper Accuracy: 0.8772727272727273 59 0
Communication round: 82, Eavesdropper Accuracy: 0.8772727272727273 59 0
Communication round: 83, Eavesdropper Accuracy: 0.875 59 0
Communication round: 84, Eavesdropper Accuracy: 0.8636363636363636 59 0
Communication round: 85, Eavesdropper Accuracy: 0.8636363636363636 59 0
Communication round: 86, Eavesdropper Accuracy: 0.8863636363636364 59 0
Communication round: 87, Eavesdropper Accuracy: 0.8772727272727273 59 0
Communication round: 88, Eavesdropper Accuracy: 0.8772727272727273 59 0
Communication round: 89, Eavesdropper Accuracy: 0.8772727272727273 59 0
Communication round: 90, Eavesdropper Accuracy: 0.8704545454545455 59 0
Communication round: 91, Eavesdropper Accuracy: 0.8681818181818182 59 0
Communication round: 92, Eavesdropper Accuracy: 0.8545454545454545 59 0
Communication round: 93, Eavesdropper Accuracy: 0.8704545454545455 59 0
Communication round: 94, Eavesdropper Accuracy: 0.8704545454545455 59 0
Communication round: 95, Eavesdropper Accuracy: 0.865909090909091 59 0
Communication round: 96, Eavesdropper Accuracy: 0.8704545454545455 59 0
Communication round: 97, Eavesdropper Accuracy: 0.8636363636363636 59 0
Communication round: 98, Eavesdropper Accuracy: 0.8931818181818182 59 0
Communication round: 99, Eavesdropper Accuracy: 0.8795454545454545 59 0
----------------------------------------------------------------------------------------------------
----------------------------------------------------------------------------------------------------
50_30_100_0.4_5_0.9_True_
----------------------------------------------------------------------------------------------------
Communication round: 0, Eavesdropper Accuracy: 0.14772727272727273 1 1
Communication round: 1, Eavesdropper Accuracy: 0.1590909090909091 2 1
Communication round: 2, Eavesdropper Accuracy: 0.14772727272727273 3 1
Communication round: 3, Eavesdropper Accuracy: 0.13636363636363635 4 1
Communication round: 4, Eavesdropper Accuracy: 0.1409090909090909 5 1
Communication round: 5, Eavesdropper Accuracy: 0.1340909090909091 6 1
Communication round: 6, Eavesdropper Accuracy: 0.1431818181818182 7 1
Communication round: 7, Eavesdropper Accuracy: 0.15454545454545454 8 1
Communication round: 8, Eavesdropper Accuracy: 0.13863636363636364 9 1
Communication round: 9, Aggregated Accuracies: 0.14880952380952378 10
Communication round: 9, Eavesdropper Accuracy: 0.18863636363636363 10 1
Communication round: 10, Eavesdropper Accuracy: 0.2 11 1
Communication round: 11, Eavesdropper Accuracy: 0.2 12 1
Communication round: 12, Eavesdropper Accuracy: 0.18409090909090908 13 1
Communication round: 13, Eavesdropper Accuracy: 0.15 14 1
Communication round: 14, Eavesdropper Accuracy: 0.20227272727272727 15 1
Communication round: 15, Eavesdropper Accuracy: 0.16818181818181818 16 1
Communication round: 16, Eavesdropper Accuracy: 0.19772727272727272 17 1
Communication round: 17, Eavesdropper Accuracy: 0.19772727272727272 18 1
Communication round: 18, Eavesdropper Accuracy: 0.1590909090909091 19 1
Communication round: 19, Eavesdropper Accuracy: 0.18636363636363637 20 1
Communication round: 20, Eavesdropper Accuracy: 0.18181818181818182 21 1
Communication round: 21, Eavesdropper Accuracy: 0.19090909090909092 22 1
Communication round: 22, Eavesdropper Accuracy: 0.18409090909090908 23 1
Communication round: 23, Eavesdropper Accuracy: 0.175 24 1
Communication round: 24, Aggregated Accuracies: 0.20952380952380953 25
Communication round: 24, Eavesdropper Accuracy: 0.2340909090909091 25 1
Communication round: 25, Aggregated Accuracies: 0.2560714285714285 26
Communication round: 25, Eavesdropper Accuracy: 0.28863636363636364 26 1
Communication round: 26, Aggregated Accuracies: 0.31416666666666676 27
Communication round: 26, Eavesdropper Accuracy: 0.375 27 1
Communication round: 27, Aggregated Accuracies: 0.3715476190476192 28
Communication round: 27, Eavesdropper Accuracy: 0.3931818181818182 28 1
Communication round: 28, Aggregated Accuracies: 0.41440476190476194 29
Communication round: 28, Eavesdropper Accuracy: 0.47954545454545455 29 1
Communication round: 29, Aggregated Accuracies: 0.4567857142857142 30
Communication round: 29, Eavesdropper Accuracy: 0.5704545454545454 30 1
Communication round: 30, Aggregated Accuracies: 0.5032142857142857 31
Communication round: 30, Eavesdropper Accuracy: 0.6113636363636363 31 1
Communication round: 31, Aggregated Accuracies: 0.5298809523809523 32
Communication round: 31, Eavesdropper Accuracy: 0.5931818181818181 32 1
Communication round: 32, Aggregated Accuracies: 0.5635714285714285 33
Communication round: 32, Eavesdropper Accuracy: 0.6295454545454545 33 1
Communication round: 33, Aggregated Accuracies: 0.5947619047619047 34
Communication round: 33, Eavesdropper Accuracy: 0.65 34 1
Communication round: 34, Aggregated Accuracies: 0.6170238095238095 35
Communication round: 34, Eavesdropper Accuracy: 0.6954545454545454 35 1
Communication round: 35, Aggregated Accuracies: 0.649285714285714 36
Communication round: 35, Eavesdropper Accuracy: 0.6840909090909091 36 1
Communication round: 36, Aggregated Accuracies: 0.6615476190476189 37
Communication round: 36, Eavesdropper Accuracy: 0.7068181818181818 37 1
Communication round: 37, Eavesdropper Accuracy: 0.7204545454545455 38 1
Communication round: 38, Eavesdropper Accuracy: 0.7431818181818182 39 1
Communication round: 39, Eavesdropper Accuracy: 0.7113636363636363 40 1
Communication round: 40, Aggregated Accuracies: 0.6916666666666665 41
Communication round: 40, Eavesdropper Accuracy: 0.7363636363636363 41 1
Communication round: 41, Eavesdropper Accuracy: 0.725 42 1
Communication round: 42, Eavesdropper Accuracy: 0.7227272727272728 43 1
Communication round: 43, Aggregated Accuracies: 0.7082142857142857 44
Communication round: 43, Eavesdropper Accuracy: 0.740909090909091 44 1
Communication round: 44, Eavesdropper Accuracy: 0.7068181818181818 45 1
Communication round: 45, Aggregated Accuracies: 0.7151190476190478 46
Communication round: 45, Eavesdropper Accuracy: 0.7272727272727273 46 1
Communication round: 46, Aggregated Accuracies: 0.7297619047619045 47
Communication round: 46, Eavesdropper Accuracy: 0.759090909090909 47 1
Communication round: 47, Aggregated Accuracies: 0.7420238095238093 48
Communication round: 47, Eavesdropper Accuracy: 0.7704545454545455 48 1
Communication round: 48, Aggregated Accuracies: 0.7589285714285714 49
Communication round: 48, Eavesdropper Accuracy: 0.7772727272727272 49 1
Communication round: 49, Aggregated Accuracies: 0.7697619047619046 50
Communication round: 49, Eavesdropper Accuracy: 0.8045454545454546 50 1
Communication round: 50, Aggregated Accuracies: 0.7845238095238095 51
Communication round: 50, Eavesdropper Accuracy: 0.7931818181818182 51 1
Communication round: 51, Aggregated Accuracies: 0.7928571428571426 52
Communication round: 51, Eavesdropper Accuracy: 0.8136363636363636 52 1
Communication round: 52, Aggregated Accuracies: 0.8051190476190476 53
Communication round: 52, Eavesdropper Accuracy: 0.8068181818181818 53 1
Communication round: 53, Aggregated Accuracies: 0.8136904761904761 54
Communication round: 53, Eavesdropper Accuracy: 0.8386363636363636 54 1
Communication round: 54, Aggregated Accuracies: 0.8251190476190474 55
Communication round: 54, Eavesdropper Accuracy: 0.8340909090909091 55 1
Communication round: 55, Eavesdropper Accuracy: 0.8545454545454545 56 1
Communication round: 56, Eavesdropper Accuracy: 0.8568181818181818 57 1
Communication round: 57, Eavesdropper Accuracy: 0.8386363636363636 58 1
Communication round: 58, Eavesdropper Accuracy: 0.8363636363636363 59 1
Communication round: 59, Aggregated Accuracies: 0.827738095238095 60
Communication round: 59, Eavesdropper Accuracy: 0.8522727272727273 60 1
Communication round: 60, Aggregated Accuracies: 0.8334523809523812 61
Communication round: 60, Eavesdropper Accuracy: 0.8590909090909091 61 1
Communication round: 61, Aggregated Accuracies: 0.8433333333333334 62
Communication round: 61, Eavesdropper Accuracy: 0.8590909090909091 62 1
Communication round: 62, Aggregated Accuracies: 0.8430952380952381 63
Communication round: 62, Eavesdropper Accuracy: 0.875 63 1
Communication round: 63, Eavesdropper Accuracy: 0.8636363636363636 63 0
Communication round: 64, Eavesdropper Accuracy: 0.8704545454545455 63 0
Communication round: 65, Eavesdropper Accuracy: 0.8818181818181818 63 0
Communication round: 66, Eavesdropper Accuracy: 0.8795454545454545 63 0
Communication round: 67, Eavesdropper Accuracy: 0.8727272727272727 63 0
Communication round: 68, Eavesdropper Accuracy: 0.8363636363636363 63 0
Communication round: 69, Eavesdropper Accuracy: 0.8772727272727273 63 0
Communication round: 70, Eavesdropper Accuracy: 0.8409090909090909 63 0
Communication round: 71, Eavesdropper Accuracy: 0.8477272727272728 63 0
Communication round: 72, Eavesdropper Accuracy: 0.8681818181818182 63 0
Communication round: 73, Eavesdropper Accuracy: 0.8522727272727273 63 0
Communication round: 74, Eavesdropper Accuracy: 0.8431818181818181 63 0
Communication round: 75, Eavesdropper Accuracy: 0.8409090909090909 63 0
Communication round: 76, Eavesdropper Accuracy: 0.8636363636363636 63 0
Communication round: 77, Eavesdropper Accuracy: 0.8590909090909091 63 0
Communication round: 78, Eavesdropper Accuracy: 0.8590909090909091 63 0
Communication round: 79, Eavesdropper Accuracy: 0.8545454545454545 63 0
Communication round: 80, Eavesdropper Accuracy: 0.8545454545454545 63 0
Communication round: 81, Eavesdropper Accuracy: 0.8613636363636363 63 0
Communication round: 82, Eavesdropper Accuracy: 0.8431818181818181 63 0
Communication round: 83, Eavesdropper Accuracy: 0.865909090909091 63 0
Communication round: 84, Eavesdropper Accuracy: 0.8795454545454545 63 0
Communication round: 85, Eavesdropper Accuracy: 0.8681818181818182 63 0
Communication round: 86, Eavesdropper Accuracy: 0.8636363636363636 63 0
Communication round: 87, Eavesdropper Accuracy: 0.8454545454545455 63 0
Communication round: 88, Eavesdropper Accuracy: 0.8522727272727273 63 0
Communication round: 89, Eavesdropper Accuracy: 0.8522727272727273 63 0
Communication round: 90, Eavesdropper Accuracy: 0.8340909090909091 63 0
Communication round: 91, Eavesdropper Accuracy: 0.8704545454545455 63 0
Communication round: 92, Eavesdropper Accuracy: 0.865909090909091 63 0
Communication round: 93, Eavesdropper Accuracy: 0.8568181818181818 63 0
Communication round: 94, Eavesdropper Accuracy: 0.8681818181818182 63 0
Communication round: 95, Eavesdropper Accuracy: 0.8704545454545455 63 0
Communication round: 96, Eavesdropper Accuracy: 0.8704545454545455 63 0
Communication round: 97, Eavesdropper Accuracy: 0.8568181818181818 63 0
Communication round: 98, Eavesdropper Accuracy: 0.8477272727272728 63 0
Communication round: 99, Eavesdropper Accuracy: 0.8386363636363636 63 0
----------------------------------------------------------------------------------------------------
----------------------------------------------------------------------------------------------------
50_30_100_0.4_5_0.9_True_
----------------------------------------------------------------------------------------------------
Communication round: 0, Eavesdropper Accuracy: 0.056818181818181816 1 1
Communication round: 1, Eavesdropper Accuracy: 0.06136363636363636 2 1
Communication round: 2, Eavesdropper Accuracy: 0.06818181818181818 3 1
Communication round: 3, Eavesdropper Accuracy: 0.05227272727272727 4 1
Communication round: 4, Eavesdropper Accuracy: 0.05454545454545454 5 1
Communication round: 5, Eavesdropper Accuracy: 0.05 6 1
Communication round: 6, Eavesdropper Accuracy: 0.04090909090909091 7 1
Communication round: 7, Eavesdropper Accuracy: 0.05909090909090909 8 1
Communication round: 8, Eavesdropper Accuracy: 0.05227272727272727 9 1
Communication round: 9, Eavesdropper Accuracy: 0.05909090909090909 10 1
Communication round: 10, Eavesdropper Accuracy: 0.04772727272727273 11 1
Communication round: 11, Eavesdropper Accuracy: 0.06818181818181818 12 1
Communication round: 12, Eavesdropper Accuracy: 0.06363636363636363 13 1
Communication round: 13, Aggregated Accuracies: 0.08380952380952378 14
Communication round: 13, Eavesdropper Accuracy: 0.03409090909090909 14 1
Communication round: 14, Eavesdropper Accuracy: 0.045454545454545456 15 1
Communication round: 15, Eavesdropper Accuracy: 0.05909090909090909 16 1
Communication round: 16, Eavesdropper Accuracy: 0.05909090909090909 17 1
Communication round: 17, Eavesdropper Accuracy: 0.04090909090909091 18 1
Communication round: 18, Eavesdropper Accuracy: 0.05 19 1
Communication round: 19, Eavesdropper Accuracy: 0.04090909090909091 20 1
Communication round: 20, Aggregated Accuracies: 0.13297619047619044 21
Communication round: 20, Eavesdropper Accuracy: 0.12045454545454545 21 1
Communication round: 21, Eavesdropper Accuracy: 0.11818181818181818 22 1
Communication round: 22, Eavesdropper Accuracy: 0.12727272727272726 23 1
Communication round: 23, Eavesdropper Accuracy: 0.12045454545454545 24 1
Communication round: 24, Eavesdropper Accuracy: 0.11136363636363636 25 1
Communication round: 25, Aggregated Accuracies: 0.13071428571428573 26
Communication round: 25, Eavesdropper Accuracy: 0.11818181818181818 26 1
Communication round: 26, Eavesdropper Accuracy: 0.11136363636363636 27 1
Communication round: 27, Eavesdropper Accuracy: 0.11818181818181818 28 1
Communication round: 28, Eavesdropper Accuracy: 0.10909090909090909 29 1
Communication round: 29, Eavesdropper Accuracy: 0.1318181818181818 30 1
Communication round: 30, Aggregated Accuracies: 0.2042857142857143 31
Communication round: 30, Eavesdropper Accuracy: 0.25227272727272726 31 1
Communication round: 31, Aggregated Accuracies: 0.26130952380952377 32
Communication round: 31, Eavesdropper Accuracy: 0.2636363636363636 32 1
Communication round: 32, Aggregated Accuracies: 0.34071428571428564 33
Communication round: 32, Eavesdropper Accuracy: 0.38181818181818183 33 1
Communication round: 33, Aggregated Accuracies: 0.39559523809523806 34
Communication round: 33, Eavesdropper Accuracy: 0.44772727272727275 34 1
Communication round: 34, Aggregated Accuracies: 0.4413095238095236 35
Communication round: 34, Eavesdropper Accuracy: 0.4818181818181818 35 1
Communication round: 35, Aggregated Accuracies: 0.4867857142857142 36
Communication round: 35, Eavesdropper Accuracy: 0.5340909090909091 36 1
Communication round: 36, Eavesdropper Accuracy: 0.5454545454545454 37 1
Communication round: 37, Aggregated Accuracies: 0.5132142857142855 38
Communication round: 37, Eavesdropper Accuracy: 0.5772727272727273 38 1
Communication round: 38, Eavesdropper Accuracy: 0.5681818181818182 39 1
Communication round: 39, Eavesdropper Accuracy: 0.575 40 1
Communication round: 40, Aggregated Accuracies: 0.5446428571428572 41
Communication round: 40, Eavesdropper Accuracy: 0.6295454545454545 41 1
Communication round: 41, Aggregated Accuracies: 0.5783333333333335 42
Communication round: 41, Eavesdropper Accuracy: 0.6477272727272727 42 1
Communication round: 42, Aggregated Accuracies: 0.6030952380952381 43
Communication round: 42, Eavesdropper Accuracy: 0.6613636363636364 43 1
Communication round: 43, Aggregated Accuracies: 0.6430952380952383 44
Communication round: 43, Eavesdropper Accuracy: 0.7045454545454546 44 1
Communication round: 44, Aggregated Accuracies: 0.6589285714285716 45
Communication round: 44, Eavesdropper Accuracy: 0.7090909090909091 45 1
Communication round: 45, Aggregated Accuracies: 0.6797619047619048 46
Communication round: 45, Eavesdropper Accuracy: 0.7181818181818181 46 1
Communication round: 46, Aggregated Accuracies: 0.705 47
Communication round: 46, Eavesdropper Accuracy: 0.725 47 1
Communication round: 47, Aggregated Accuracies: 0.7171428571428571 48
Communication round: 47, Eavesdropper Accuracy: 0.7727272727272727 48 1
Communication round: 48, Aggregated Accuracies: 0.7394047619047619 49
Communication round: 48, Eavesdropper Accuracy: 0.7681818181818182 49 1
Communication round: 49, Eavesdropper Accuracy: 0.7704545454545455 50 1
Communication round: 50, Aggregated Accuracies: 0.75 51
Communication round: 50, Eavesdropper Accuracy: 0.7931818181818182 51 1
Communication round: 51, Eavesdropper Accuracy: 0.8022727272727272 52 1
Communication round: 52, Eavesdropper Accuracy: 0.8022727272727272 53 1
Communication round: 53, Eavesdropper Accuracy: 0.7795454545454545 54 1
Communication round: 54, Eavesdropper Accuracy: 0.7818181818181819 55 1
Communication round: 55, Eavesdropper Accuracy: 0.7818181818181819 56 1
Communication round: 56, Aggregated Accuracies: 0.7567857142857146 57
Communication round: 56, Eavesdropper Accuracy: 0.8159090909090909 57 1
Communication round: 57, Aggregated Accuracies: 0.7738095238095238 58
Communication round: 57, Eavesdropper Accuracy: 0.8090909090909091 58 1
Communication round: 58, Aggregated Accuracies: 0.7882142857142859 59
Communication round: 58, Eavesdropper Accuracy: 0.8318181818181818 59 1
Communication round: 59, Aggregated Accuracies: 0.8 60
Communication round: 59, Eavesdropper Accuracy: 0.8272727272727273 60 1
Communication round: 60, Aggregated Accuracies: 0.8057142857142859 61
Communication round: 60, Eavesdropper Accuracy: 0.8409090909090909 61 1
Communication round: 61, Aggregated Accuracies: 0.8160714285714284 62
Communication round: 61, Eavesdropper Accuracy: 0.8545454545454545 62 1
Communication round: 62, Aggregated Accuracies: 0.8210714285714288 63
Communication round: 62, Eavesdropper Accuracy: 0.8295454545454546 63 1
Communication round: 63, Aggregated Accuracies: 0.8279761904761905 64
Communication round: 63, Eavesdropper Accuracy: 0.865909090909091 64 1
Communication round: 64, Aggregated Accuracies: 0.8346428571428572 65
Communication round: 64, Eavesdropper Accuracy: 0.8522727272727273 65 1
Communication round: 65, Aggregated Accuracies: 0.8416666666666667 66
Communication round: 65, Eavesdropper Accuracy: 0.8681818181818182 66 1
Communication round: 66, Eavesdropper Accuracy: 0.8409090909090909 66 0
Communication round: 67, Eavesdropper Accuracy: 0.8795454545454545 66 0
Communication round: 68, Eavesdropper Accuracy: 0.8477272727272728 66 0
Communication round: 69, Eavesdropper Accuracy: 0.8477272727272728 66 0
Communication round: 70, Eavesdropper Accuracy: 0.8818181818181818 66 0
Communication round: 71, Eavesdropper Accuracy: 0.865909090909091 66 0
Communication round: 72, Eavesdropper Accuracy: 0.875 66 0
Communication round: 73, Eavesdropper Accuracy: 0.8613636363636363 66 0
Communication round: 74, Eavesdropper Accuracy: 0.8568181818181818 66 0
Communication round: 75, Eavesdropper Accuracy: 0.85 66 0
Communication round: 76, Eavesdropper Accuracy: 0.8590909090909091 66 0
Communication round: 77, Eavesdropper Accuracy: 0.884090909090909 66 0
Communication round: 78, Eavesdropper Accuracy: 0.875 66 0
Communication round: 79, Eavesdropper Accuracy: 0.865909090909091 66 0
Communication round: 80, Eavesdropper Accuracy: 0.8522727272727273 66 0
Communication round: 81, Eavesdropper Accuracy: 0.8363636363636363 66 0
Communication round: 82, Eavesdropper Accuracy: 0.8545454545454545 66 0
Communication round: 83, Eavesdropper Accuracy: 0.875 66 0
Communication round: 84, Eavesdropper Accuracy: 0.8386363636363636 66 0
Communication round: 85, Eavesdropper Accuracy: 0.8681818181818182 66 0
Communication round: 86, Eavesdropper Accuracy: 0.8636363636363636 66 0
Communication round: 87, Eavesdropper Accuracy: 0.8704545454545455 66 0
Communication round: 88, Eavesdropper Accuracy: 0.8568181818181818 66 0
Communication round: 89, Eavesdropper Accuracy: 0.8613636363636363 66 0
Communication round: 90, Eavesdropper Accuracy: 0.8636363636363636 66 0
Communication round: 91, Eavesdropper Accuracy: 0.8704545454545455 66 0
Communication round: 92, Eavesdropper Accuracy: 0.8636363636363636 66 0
Communication round: 93, Eavesdropper Accuracy: 0.8772727272727273 66 0
Communication round: 94, Eavesdropper Accuracy: 0.8613636363636363 66 0
Communication round: 95, Eavesdropper Accuracy: 0.8636363636363636 66 0
Communication round: 96, Eavesdropper Accuracy: 0.8772727272727273 66 0
Communication round: 97, Eavesdropper Accuracy: 0.865909090909091 66 0
Communication round: 98, Eavesdropper Accuracy: 0.8613636363636363 66 0
Communication round: 99, Eavesdropper Accuracy: 0.865909090909091 66 0
----------------------------------------------------------------------------------------------------
----------------------------------------------------------------------------------------------------
50_30_100_0.4_5_0.9_True_
----------------------------------------------------------------------------------------------------
Communication round: 0, Eavesdropper Accuracy: 0.09090909090909091 1 1
Communication round: 1, Eavesdropper Accuracy: 0.11363636363636363 2 1
Communication round: 2, Eavesdropper Accuracy: 0.10909090909090909 3 1
Communication round: 3, Eavesdropper Accuracy: 0.11818181818181818 4 1
Communication round: 4, Aggregated Accuracies: 0.1283333333333333 5
Communication round: 4, Eavesdropper Accuracy: 0.08181818181818182 5 1
Communication round: 5, Aggregated Accuracies: 0.14773809523809522 6
Communication round: 5, Eavesdropper Accuracy: 0.15227272727272728 6 1
Communication round: 6, Aggregated Accuracies: 0.19821428571428576 7
Communication round: 6, Eavesdropper Accuracy: 0.18636363636363637 7 1
Communication round: 7, Aggregated Accuracies: 0.2630952380952381 8
Communication round: 7, Eavesdropper Accuracy: 0.26136363636363635 8 1
Communication round: 8, Aggregated Accuracies: 0.29904761904761906 9
Communication round: 8, Eavesdropper Accuracy: 0.32272727272727275 9 1
Communication round: 9, Aggregated Accuracies: 0.35857142857142854 10
Communication round: 9, Eavesdropper Accuracy: 0.39090909090909093 10 1
Communication round: 10, Aggregated Accuracies: 0.41190476190476183 11
Communication round: 10, Eavesdropper Accuracy: 0.42272727272727273 11 1
Communication round: 11, Aggregated Accuracies: 0.4507142857142856 12
Communication round: 11, Eavesdropper Accuracy: 0.5136363636363637 12 1
Communication round: 12, Aggregated Accuracies: 0.49154761904761896 13
Communication round: 12, Eavesdropper Accuracy: 0.48409090909090907 13 1
Communication round: 13, Aggregated Accuracies: 0.5102380952380954 14
Communication round: 13, Eavesdropper Accuracy: 0.5409090909090909 14 1
Communication round: 14, Eavesdropper Accuracy: 0.5227272727272727 15 1
Communication round: 15, Aggregated Accuracies: 0.5432142857142856 16
Communication round: 15, Eavesdropper Accuracy: 0.5863636363636363 16 1
Communication round: 16, Eavesdropper Accuracy: 0.5840909090909091 17 1
Communication round: 17, Eavesdropper Accuracy: 0.5659090909090909 18 1
Communication round: 18, Eavesdropper Accuracy: 0.5704545454545454 19 1
Communication round: 19, Eavesdropper Accuracy: 0.5727272727272728 20 1
Communication round: 20, Eavesdropper Accuracy: 0.5727272727272728 21 1
Communication round: 21, Eavesdropper Accuracy: 0.5909090909090909 22 1
Communication round: 22, Eavesdropper Accuracy: 0.5727272727272728 23 1
Communication round: 23, Aggregated Accuracies: 0.5767857142857143 24
Communication round: 23, Eavesdropper Accuracy: 0.5931818181818181 24 1
Communication round: 24, Aggregated Accuracies: 0.5973809523809523 25
Communication round: 24, Eavesdropper Accuracy: 0.6204545454545455 25 1
Communication round: 25, Eavesdropper Accuracy: 0.615909090909091 26 1
Communication round: 26, Eavesdropper Accuracy: 0.6113636363636363 27 1
Communication round: 27, Eavesdropper Accuracy: 0.625 28 1
Communication round: 28, Eavesdropper Accuracy: 0.5977272727272728 29 1
Communication round: 29, Eavesdropper Accuracy: 0.6068181818181818 30 1
Communication round: 30, Eavesdropper Accuracy: 0.634090909090909 31 1
Communication round: 31, Eavesdropper Accuracy: 0.6136363636363636 32 1
Communication round: 32, Eavesdropper Accuracy: 0.6204545454545455 33 1
Communication round: 33, Eavesdropper Accuracy: 0.5772727272727273 34 1
Communication round: 34, Aggregated Accuracies: 0.6210714285714285 35
Communication round: 34, Eavesdropper Accuracy: 0.6636363636363637 35 1
Communication round: 35, Aggregated Accuracies: 0.6473809523809524 36
Communication round: 35, Eavesdropper Accuracy: 0.6568181818181819 36 1
Communication round: 36, Aggregated Accuracies: 0.664047619047619 37
Communication round: 36, Eavesdropper Accuracy: 0.6909090909090909 37 1
Communication round: 37, Aggregated Accuracies: 0.6926190476190475 38
Communication round: 37, Eavesdropper Accuracy: 0.7090909090909091 38 1
Communication round: 38, Aggregated Accuracies: 0.7045238095238094 39
Communication round: 38, Eavesdropper Accuracy: 0.7136363636363636 39 1
Communication round: 39, Aggregated Accuracies: 0.7261904761904764 40
Communication round: 39, Eavesdropper Accuracy: 0.7636363636363637 40 1
Communication round: 40, Aggregated Accuracies: 0.7388095238095237 41
Communication round: 40, Eavesdropper Accuracy: 0.7636363636363637 41 1
Communication round: 41, Eavesdropper Accuracy: 0.7727272727272727 42 1
Communication round: 42, Eavesdropper Accuracy: 0.7204545454545455 43 1
Communication round: 43, Eavesdropper Accuracy: 0.75 44 1
Communication round: 44, Eavesdropper Accuracy: 0.7454545454545455 45 1
Communication round: 45, Eavesdropper Accuracy: 0.7522727272727273 46 1
Communication round: 46, Eavesdropper Accuracy: 0.7136363636363636 47 1
Communication round: 47, Eavesdropper Accuracy: 0.7340909090909091 48 1
Communication round: 48, Aggregated Accuracies: 0.7545238095238095 49
Communication round: 48, Eavesdropper Accuracy: 0.7568181818181818 49 1
Communication round: 49, Aggregated Accuracies: 0.7582142857142858 50
Communication round: 49, Eavesdropper Accuracy: 0.7636363636363637 50 1
Communication round: 50, Aggregated Accuracies: 0.7721428571428572 51
Communication round: 50, Eavesdropper Accuracy: 0.7977272727272727 51 1
Communication round: 51, Aggregated Accuracies: 0.7755952380952382 52
Communication round: 51, Eavesdropper Accuracy: 0.8113636363636364 52 1
Communication round: 52, Aggregated Accuracies: 0.7898809523809526 53
Communication round: 52, Eavesdropper Accuracy: 0.8045454545454546 53 1
Communication round: 53, Aggregated Accuracies: 0.7972619047619048 54
Communication round: 53, Eavesdropper Accuracy: 0.8068181818181818 54 1
Communication round: 54, Eavesdropper Accuracy: 0.8022727272727272 55 1
Communication round: 55, Eavesdropper Accuracy: 0.8181818181818182 56 1
Communication round: 56, Aggregated Accuracies: 0.8060714285714284 57
Communication round: 56, Eavesdropper Accuracy: 0.8090909090909091 57 1
Communication round: 57, Aggregated Accuracies: 0.8107142857142855 58
Communication round: 57, Eavesdropper Accuracy: 0.8090909090909091 58 1
Communication round: 58, Aggregated Accuracies: 0.8132142857142859 59
Communication round: 58, Eavesdropper Accuracy: 0.8363636363636363 59 1
Communication round: 59, Aggregated Accuracies: 0.821190476190476 60
Communication round: 59, Eavesdropper Accuracy: 0.8340909090909091 60 1
Communication round: 60, Eavesdropper Accuracy: 0.8409090909090909 60 0
Communication round: 61, Eavesdropper Accuracy: 0.8159090909090909 60 0
Communication round: 62, Eavesdropper Accuracy: 0.8113636363636364 60 0
Communication round: 63, Eavesdropper Accuracy: 0.8318181818181818 60 0
Communication round: 64, Eavesdropper Accuracy: 0.825 60 0
Communication round: 65, Eavesdropper Accuracy: 0.8204545454545454 60 0
Communication round: 66, Eavesdropper Accuracy: 0.8318181818181818 60 0
Communication round: 67, Eavesdropper Accuracy: 0.85 60 0
Communication round: 68, Eavesdropper Accuracy: 0.8 60 0
Communication round: 69, Eavesdropper Accuracy: 0.8363636363636363 60 0
Communication round: 70, Eavesdropper Accuracy: 0.8272727272727273 60 0
Communication round: 71, Eavesdropper Accuracy: 0.8386363636363636 60 0
Communication round: 72, Eavesdropper Accuracy: 0.8363636363636363 60 0
Communication round: 73, Eavesdropper Accuracy: 0.8409090909090909 60 0
Communication round: 74, Eavesdropper Accuracy: 0.8204545454545454 60 0
Communication round: 75, Eavesdropper Accuracy: 0.8318181818181818 60 0
Communication round: 76, Eavesdropper Accuracy: 0.8181818181818182 60 0
Communication round: 77, Eavesdropper Accuracy: 0.85 60 0
Communication round: 78, Eavesdropper Accuracy: 0.8272727272727273 60 0
Communication round: 79, Eavesdropper Accuracy: 0.8090909090909091 60 0
Communication round: 80, Eavesdropper Accuracy: 0.8272727272727273 60 0
Communication round: 81, Eavesdropper Accuracy: 0.8363636363636363 60 0
Communication round: 82, Eavesdropper Accuracy: 0.8409090909090909 60 0
Communication round: 83, Eavesdropper Accuracy: 0.8386363636363636 60 0
Communication round: 84, Eavesdropper Accuracy: 0.8295454545454546 60 0
Communication round: 85, Eavesdropper Accuracy: 0.8272727272727273 60 0
Communication round: 86, Eavesdropper Accuracy: 0.8340909090909091 60 0
Communication round: 87, Eavesdropper Accuracy: 0.8204545454545454 60 0
Communication round: 88, Eavesdropper Accuracy: 0.8318181818181818 60 0
Communication round: 89, Eavesdropper Accuracy: 0.85 60 0
Communication round: 90, Eavesdropper Accuracy: 0.8227272727272728 60 0
Communication round: 91, Eavesdropper Accuracy: 0.8181818181818182 60 0
Communication round: 92, Eavesdropper Accuracy: 0.8272727272727273 60 0
Communication round: 93, Eavesdropper Accuracy: 0.8136363636363636 60 0
Communication round: 94, Eavesdropper Accuracy: 0.8159090909090909 60 0
Communication round: 95, Eavesdropper Accuracy: 0.8386363636363636 60 0
Communication round: 96, Eavesdropper Accuracy: 0.825 60 0
Communication round: 97, Eavesdropper Accuracy: 0.8386363636363636 60 0
Communication round: 98, Eavesdropper Accuracy: 0.8340909090909091 60 0
Communication round: 99, Eavesdropper Accuracy: 0.8113636363636364 60 0
----------------------------------------------------------------------------------------------------
----------------------------------------------------------------------------------------------------
50_30_100_0.4_5_0.9_True_
----------------------------------------------------------------------------------------------------
Communication round: 0, Eavesdropper Accuracy: 0.09545454545454546 1 1
Communication round: 1, Eavesdropper Accuracy: 0.09772727272727273 2 1
Communication round: 2, Eavesdropper Accuracy: 0.1 3 1
Communication round: 3, Eavesdropper Accuracy: 0.08409090909090909 4 1
Communication round: 4, Eavesdropper Accuracy: 0.09772727272727273 5 1
Communication round: 5, Eavesdropper Accuracy: 0.07727272727272727 6 1
Communication round: 6, Eavesdropper Accuracy: 0.09772727272727273 7 1
Communication round: 7, Eavesdropper Accuracy: 0.10227272727272728 8 1
Communication round: 8, Eavesdropper Accuracy: 0.08181818181818182 9 1
Communication round: 9, Eavesdropper Accuracy: 0.10454545454545454 10 1
Communication round: 10, Eavesdropper Accuracy: 0.11136363636363636 11 1
Communication round: 11, Eavesdropper Accuracy: 0.09318181818181819 12 1
Communication round: 12, Eavesdropper Accuracy: 0.10227272727272728 13 1
Communication round: 13, Eavesdropper Accuracy: 0.09090909090909091 14 1
Communication round: 14, Eavesdropper Accuracy: 0.09772727272727273 15 1
Communication round: 15, Aggregated Accuracies: 0.10559523809523809 16
Communication round: 15, Eavesdropper Accuracy: 0.125 16 1
Communication round: 16, Eavesdropper Accuracy: 0.11136363636363636 17 1
Communication round: 17, Eavesdropper Accuracy: 0.1159090909090909 18 1
Communication round: 18, Eavesdropper Accuracy: 0.10227272727272728 19 1
Communication round: 19, Eavesdropper Accuracy: 0.10454545454545454 20 1
Communication round: 20, Eavesdropper Accuracy: 0.12272727272727273 21 1
Communication round: 21, Eavesdropper Accuracy: 0.10909090909090909 22 1
Communication round: 22, Eavesdropper Accuracy: 0.11363636363636363 23 1
Communication round: 23, Eavesdropper Accuracy: 0.1590909090909091 24 1
Communication round: 24, Eavesdropper Accuracy: 0.11136363636363636 25 1
Communication round: 25, Eavesdropper Accuracy: 0.1159090909090909 26 1
Communication round: 26, Eavesdropper Accuracy: 0.12272727272727273 27 1
Communication round: 27, Eavesdropper Accuracy: 0.1409090909090909 28 1
Communication round: 28, Eavesdropper Accuracy: 0.11818181818181818 29 1
Communication round: 29, Aggregated Accuracies: 0.11369047619047619 30
Communication round: 29, Eavesdropper Accuracy: 0.11818181818181818 30 1
Communication round: 30, Eavesdropper Accuracy: 0.11136363636363636 31 1
Communication round: 31, Aggregated Accuracies: 0.1382142857142857 32
Communication round: 31, Eavesdropper Accuracy: 0.16136363636363638 32 1
Communication round: 32, Aggregated Accuracies: 0.2034523809523809 33
Communication round: 32, Eavesdropper Accuracy: 0.2 33 1
Communication round: 33, Aggregated Accuracies: 0.26107142857142857 34
Communication round: 33, Eavesdropper Accuracy: 0.29772727272727273 34 1
Communication round: 34, Aggregated Accuracies: 0.3461904761904762 35
Communication round: 34, Eavesdropper Accuracy: 0.39090909090909093 35 1
Communication round: 35, Aggregated Accuracies: 0.4007142857142856 36
Communication round: 35, Eavesdropper Accuracy: 0.43863636363636366 36 1
Communication round: 36, Aggregated Accuracies: 0.4716666666666666 37
Communication round: 36, Eavesdropper Accuracy: 0.475 37 1
Communication round: 37, Aggregated Accuracies: 0.5296428571428571 38
Communication round: 37, Eavesdropper Accuracy: 0.5568181818181818 38 1
Communication round: 38, Aggregated Accuracies: 0.5589285714285714 39
Communication round: 38, Eavesdropper Accuracy: 0.5477272727272727 39 1
Communication round: 39, Aggregated Accuracies: 0.5785714285714285 40
Communication round: 39, Eavesdropper Accuracy: 0.6 40 1
Communication round: 40, Aggregated Accuracies: 0.6223809523809525 41
Communication round: 40, Eavesdropper Accuracy: 0.6068181818181818 41 1
Communication round: 41, Aggregated Accuracies: 0.6488095238095236 42
Communication round: 41, Eavesdropper Accuracy: 0.6431818181818182 42 1
Communication round: 42, Aggregated Accuracies: 0.6746428571428571 43
Communication round: 42, Eavesdropper Accuracy: 0.6772727272727272 43 1
Communication round: 43, Aggregated Accuracies: 0.6970238095238095 44
Communication round: 43, Eavesdropper Accuracy: 0.7136363636363636 44 1
Communication round: 44, Aggregated Accuracies: 0.7207142857142856 45
Communication round: 44, Eavesdropper Accuracy: 0.7454545454545455 45 1
Communication round: 45, Aggregated Accuracies: 0.739761904761905 46
Communication round: 45, Eavesdropper Accuracy: 0.75 46 1
Communication round: 46, Aggregated Accuracies: 0.7495238095238098 47
Communication round: 46, Eavesdropper Accuracy: 0.7363636363636363 47 1
Communication round: 47, Aggregated Accuracies: 0.7650000000000002 48
Communication round: 47, Eavesdropper Accuracy: 0.7795454545454545 48 1
Communication round: 48, Aggregated Accuracies: 0.7817857142857144 49
Communication round: 48, Eavesdropper Accuracy: 0.7840909090909091 49 1
Communication round: 49, Aggregated Accuracies: 0.7951190476190477 50
Communication round: 49, Eavesdropper Accuracy: 0.8045454545454546 50 1
Communication round: 50, Aggregated Accuracies: 0.8041666666666666 51
Communication round: 50, Eavesdropper Accuracy: 0.7818181818181819 51 1
Communication round: 51, Aggregated Accuracies: 0.8160714285714286 52
Communication round: 51, Eavesdropper Accuracy: 0.8022727272727272 52 1
Communication round: 52, Aggregated Accuracies: 0.8241666666666666 53
Communication round: 52, Eavesdropper Accuracy: 0.8113636363636364 53 1
Communication round: 53, Aggregated Accuracies: 0.8342857142857141 54
Communication round: 53, Eavesdropper Accuracy: 0.8272727272727273 54 1
Communication round: 54, Aggregated Accuracies: 0.836547619047619 55
Communication round: 54, Eavesdropper Accuracy: 0.8340909090909091 55 1
Communication round: 55, Aggregated Accuracies: 0.8396428571428571 56
Communication round: 55, Eavesdropper Accuracy: 0.8386363636363636 56 1
Communication round: 56, Aggregated Accuracies: 0.8403571428571425 57
Communication round: 56, Eavesdropper Accuracy: 0.8272727272727273 57 1
Communication round: 57, Aggregated Accuracies: 0.8496428571428573 58
Communication round: 57, Eavesdropper Accuracy: 0.8386363636363636 58 1
Communication round: 58, Aggregated Accuracies: 0.8558333333333337 59
Communication round: 58, Eavesdropper Accuracy: 0.8295454545454546 59 1
Communication round: 59, Eavesdropper Accuracy: 0.8409090909090909 59 0
Communication round: 60, Eavesdropper Accuracy: 0.8431818181818181 59 0
Communication round: 61, Eavesdropper Accuracy: 0.8386363636363636 59 0
Communication round: 62, Eavesdropper Accuracy: 0.8522727272727273 59 0
Communication round: 63, Eavesdropper Accuracy: 0.8409090909090909 59 0
Communication round: 64, Eavesdropper Accuracy: 0.8477272727272728 59 0
Communication round: 65, Eavesdropper Accuracy: 0.8409090909090909 59 0
Communication round: 66, Eavesdropper Accuracy: 0.85 59 0
Communication round: 67, Eavesdropper Accuracy: 0.8295454545454546 59 0
Communication round: 68, Eavesdropper Accuracy: 0.825 59 0
Communication round: 69, Eavesdropper Accuracy: 0.8386363636363636 59 0
Communication round: 70, Eavesdropper Accuracy: 0.8272727272727273 59 0
Communication round: 71, Eavesdropper Accuracy: 0.8545454545454545 59 0
Communication round: 72, Eavesdropper Accuracy: 0.8590909090909091 59 0
Communication round: 73, Eavesdropper Accuracy: 0.865909090909091 59 0
Communication round: 74, Eavesdropper Accuracy: 0.8363636363636363 59 0
Communication round: 75, Eavesdropper Accuracy: 0.8318181818181818 59 0
Communication round: 76, Eavesdropper Accuracy: 0.8545454545454545 59 0
Communication round: 77, Eavesdropper Accuracy: 0.8568181818181818 59 0
Communication round: 78, Eavesdropper Accuracy: 0.8340909090909091 59 0
Communication round: 79, Eavesdropper Accuracy: 0.8340909090909091 59 0
Communication round: 80, Eavesdropper Accuracy: 0.8386363636363636 59 0
Communication round: 81, Eavesdropper Accuracy: 0.85 59 0
Communication round: 82, Eavesdropper Accuracy: 0.8340909090909091 59 0
Communication round: 83, Eavesdropper Accuracy: 0.8431818181818181 59 0
Communication round: 84, Eavesdropper Accuracy: 0.8409090909090909 59 0
Communication round: 85, Eavesdropper Accuracy: 0.8431818181818181 59 0
Communication round: 86, Eavesdropper Accuracy: 0.8590909090909091 59 0
Communication round: 87, Eavesdropper Accuracy: 0.8363636363636363 59 0
Communication round: 88, Eavesdropper Accuracy: 0.8431818181818181 59 0
Communication round: 89, Eavesdropper Accuracy: 0.8568181818181818 59 0
Communication round: 90, Eavesdropper Accuracy: 0.8363636363636363 59 0
Communication round: 91, Eavesdropper Accuracy: 0.8363636363636363 59 0
Communication round: 92, Eavesdropper Accuracy: 0.8340909090909091 59 0
Communication round: 93, Eavesdropper Accuracy: 0.8522727272727273 59 0
Communication round: 94, Eavesdropper Accuracy: 0.825 59 0
Communication round: 95, Eavesdropper Accuracy: 0.8409090909090909 59 0
Communication round: 96, Eavesdropper Accuracy: 0.8613636363636363 59 0
Communication round: 97, Eavesdropper Accuracy: 0.8522727272727273 59 0
Communication round: 98, Eavesdropper Accuracy: 0.8681818181818182 59 0
Communication round: 99, Eavesdropper Accuracy: 0.8431818181818181 59 0
----------------------------------------------------------------------------------------------------
----------------------------------------------------------------------------------------------------
50_30_100_0.4_5_0.9_True_
----------------------------------------------------------------------------------------------------
Communication round: 0, Eavesdropper Accuracy: 0.11818181818181818 1 1
Communication round: 1, Eavesdropper Accuracy: 0.12045454545454545 2 1
Communication round: 2, Eavesdropper Accuracy: 0.11818181818181818 3 1
Communication round: 3, Eavesdropper Accuracy: 0.125 4 1
Communication round: 4, Eavesdropper Accuracy: 0.1318181818181818 5 1
Communication round: 5, Eavesdropper Accuracy: 0.11818181818181818 6 1
Communication round: 6, Eavesdropper Accuracy: 0.10909090909090909 7 1
Communication round: 7, Aggregated Accuracies: 0.13857142857142857 8
Communication round: 7, Eavesdropper Accuracy: 0.14545454545454545 8 1
Communication round: 8, Aggregated Accuracies: 0.15119047619047618 9
Communication round: 8, Eavesdropper Accuracy: 0.14772727272727273 9 1
Communication round: 9, Aggregated Accuracies: 0.18845238095238095 10
Communication round: 9, Eavesdropper Accuracy: 0.20909090909090908 10 1
Communication round: 10, Eavesdropper Accuracy: 0.19545454545454546 11 1
Communication round: 11, Eavesdropper Accuracy: 0.20909090909090908 12 1
Communication round: 12, Eavesdropper Accuracy: 0.19772727272727272 13 1
Communication round: 13, Eavesdropper Accuracy: 0.22272727272727272 14 1
Communication round: 14, Eavesdropper Accuracy: 0.20909090909090908 15 1
Communication round: 15, Eavesdropper Accuracy: 0.225 16 1
Communication round: 16, Eavesdropper Accuracy: 0.20454545454545456 17 1
Communication round: 17, Eavesdropper Accuracy: 0.19772727272727272 18 1
Communication round: 18, Eavesdropper Accuracy: 0.20681818181818182 19 1
Communication round: 19, Eavesdropper Accuracy: 0.18863636363636363 20 1
Communication round: 20, Eavesdropper Accuracy: 0.18181818181818182 21 1
Communication round: 21, Eavesdropper Accuracy: 0.20454545454545456 22 1
Communication round: 22, Aggregated Accuracies: 0.21523809523809517 23
Communication round: 22, Eavesdropper Accuracy: 0.2340909090909091 23 1
Communication round: 23, Eavesdropper Accuracy: 0.24772727272727274 24 1
Communication round: 24, Aggregated Accuracies: 0.2784523809523809 25
Communication round: 24, Eavesdropper Accuracy: 0.28863636363636364 25 1
Communication round: 25, Aggregated Accuracies: 0.3171428571428571 26
Communication round: 25, Eavesdropper Accuracy: 0.36363636363636365 26 1
Communication round: 26, Aggregated Accuracies: 0.3652380952380953 27
Communication round: 26, Eavesdropper Accuracy: 0.4068181818181818 27 1
Communication round: 27, Aggregated Accuracies: 0.4233333333333333 28
Communication round: 27, Eavesdropper Accuracy: 0.4681818181818182 28 1
Communication round: 28, Aggregated Accuracies: 0.468452380952381 29
Communication round: 28, Eavesdropper Accuracy: 0.5136363636363637 29 1
Communication round: 29, Aggregated Accuracies: 0.5185714285714287 30
Communication round: 29, Eavesdropper Accuracy: 0.5431818181818182 30 1
Communication round: 30, Aggregated Accuracies: 0.5580952380952382 31
Communication round: 30, Eavesdropper Accuracy: 0.6068181818181818 31 1
Communication round: 31, Aggregated Accuracies: 0.5982142857142859 32
Communication round: 31, Eavesdropper Accuracy: 0.6136363636363636 32 1
Communication round: 32, Aggregated Accuracies: 0.6352380952380952 33
Communication round: 32, Eavesdropper Accuracy: 0.6613636363636364 33 1
Communication round: 33, Aggregated Accuracies: 0.6648809523809526 34
Communication round: 33, Eavesdropper Accuracy: 0.725 34 1
Communication round: 34, Aggregated Accuracies: 0.6905952380952383 35
Communication round: 34, Eavesdropper Accuracy: 0.7545454545454545 35 1
Communication round: 35, Aggregated Accuracies: 0.7175 36
Communication round: 35, Eavesdropper Accuracy: 0.7363636363636363 36 1
Communication round: 36, Aggregated Accuracies: 0.7335714285714284 37
Communication round: 36, Eavesdropper Accuracy: 0.7613636363636364 37 1
Communication round: 37, Aggregated Accuracies: 0.7565476190476192 38
Communication round: 37, Eavesdropper Accuracy: 0.7659090909090909 38 1
Communication round: 38, Aggregated Accuracies: 0.7747619047619047 39
Communication round: 38, Eavesdropper Accuracy: 0.8 39 1
Communication round: 39, Aggregated Accuracies: 0.782142857142857 40
Communication round: 39, Eavesdropper Accuracy: 0.7977272727272727 40 1
Communication round: 40, Aggregated Accuracies: 0.7973809523809523 41
Communication round: 40, Eavesdropper Accuracy: 0.8 41 1
Communication round: 41, Aggregated Accuracies: 0.8086904761904762 42
Communication round: 41, Eavesdropper Accuracy: 0.8386363636363636 42 1
Communication round: 42, Aggregated Accuracies: 0.8264285714285714 43
Communication round: 42, Eavesdropper Accuracy: 0.8181818181818182 43 1
Communication round: 43, Eavesdropper Accuracy: 0.8386363636363636 44 1
Communication round: 44, Eavesdropper Accuracy: 0.8386363636363636 45 1
Communication round: 45, Eavesdropper Accuracy: 0.8204545454545454 46 1
Communication round: 46, Eavesdropper Accuracy: 0.8318181818181818 47 1
Communication round: 47, Aggregated Accuracies: 0.8332142857142856 48
Communication round: 47, Eavesdropper Accuracy: 0.8386363636363636 48 1
Communication round: 48, Eavesdropper Accuracy: 0.8363636363636363 49 1
Communication round: 49, Eavesdropper Accuracy: 0.875 50 1
Communication round: 50, Eavesdropper Accuracy: 0.8477272727272728 51 1
Communication round: 51, Eavesdropper Accuracy: 0.8681818181818182 52 1
Communication round: 52, Eavesdropper Accuracy: 0.8704545454545455 53 1
Communication round: 53, Eavesdropper Accuracy: 0.8613636363636363 54 1
Communication round: 54, Eavesdropper Accuracy: 0.85 55 1
Communication round: 55, Eavesdropper Accuracy: 0.8318181818181818 56 1
Communication round: 56, Eavesdropper Accuracy: 0.8363636363636363 57 1
Communication round: 57, Eavesdropper Accuracy: 0.8477272727272728 58 1
Communication round: 58, Eavesdropper Accuracy: 0.8477272727272728 59 1
Communication round: 59, Aggregated Accuracies: 0.829047619047619 60
Communication round: 59, Eavesdropper Accuracy: 0.8477272727272728 60 1
Communication round: 60, Eavesdropper Accuracy: 0.8295454545454546 61 1
Communication round: 61, Eavesdropper Accuracy: 0.8590909090909091 62 1
Communication round: 62, Eavesdropper Accuracy: 0.8363636363636363 63 1
Communication round: 63, Aggregated Accuracies: 0.8413095238095238 64
Communication round: 63, Eavesdropper Accuracy: 0.8522727272727273 64 1
Communication round: 64, Eavesdropper Accuracy: 0.8568181818181818 65 1
Communication round: 65, Eavesdropper Accuracy: 0.8454545454545455 66 1
Communication round: 66, Eavesdropper Accuracy: 0.8704545454545455 67 1
Communication round: 67, Eavesdropper Accuracy: 0.8590909090909091 68 1
Communication round: 68, Aggregated Accuracies: 0.8429761904761905 69
Communication round: 68, Eavesdropper Accuracy: 0.8681818181818182 69 1
Communication round: 69, Eavesdropper Accuracy: 0.85 70 1
Communication round: 70, Eavesdropper Accuracy: 0.8636363636363636 71 1
Communication round: 71, Eavesdropper Accuracy: 0.85 72 1
Communication round: 72, Aggregated Accuracies: 0.8529761904761907 73
Communication round: 72, Eavesdropper Accuracy: 0.8568181818181818 73 1
Communication round: 73, Aggregated Accuracies: 0.8588095238095239 74
Communication round: 73, Eavesdropper Accuracy: 0.8772727272727273 74 1
Communication round: 74, Aggregated Accuracies: 0.8636904761904759 75
Communication round: 74, Eavesdropper Accuracy: 0.8772727272727273 75 1
Communication round: 75, Eavesdropper Accuracy: 0.8704545454545455 75 0
Communication round: 76, Eavesdropper Accuracy: 0.8545454545454545 75 0
Communication round: 77, Eavesdropper Accuracy: 0.8772727272727273 75 0
Communication round: 78, Eavesdropper Accuracy: 0.8772727272727273 75 0
Communication round: 79, Eavesdropper Accuracy: 0.8886363636363637 75 0
Communication round: 80, Eavesdropper Accuracy: 0.8863636363636364 75 0
Communication round: 81, Eavesdropper Accuracy: 0.8590909090909091 75 0
Communication round: 82, Eavesdropper Accuracy: 0.8681818181818182 75 0
Communication round: 83, Eavesdropper Accuracy: 0.884090909090909 75 0
Communication round: 84, Eavesdropper Accuracy: 0.884090909090909 75 0
Communication round: 85, Eavesdropper Accuracy: 0.8818181818181818 75 0
Communication round: 86, Eavesdropper Accuracy: 0.8636363636363636 75 0
Communication round: 87, Eavesdropper Accuracy: 0.8818181818181818 75 0
Communication round: 88, Eavesdropper Accuracy: 0.85 75 0
Communication round: 89, Eavesdropper Accuracy: 0.8863636363636364 75 0
Communication round: 90, Eavesdropper Accuracy: 0.875 75 0
Communication round: 91, Eavesdropper Accuracy: 0.8590909090909091 75 0
Communication round: 92, Eavesdropper Accuracy: 0.8818181818181818 75 0
Communication round: 93, Eavesdropper Accuracy: 0.8909090909090909 75 0
Communication round: 94, Eavesdropper Accuracy: 0.884090909090909 75 0
Communication round: 95, Eavesdropper Accuracy: 0.8886363636363637 75 0
Communication round: 96, Eavesdropper Accuracy: 0.8704545454545455 75 0
Communication round: 97, Eavesdropper Accuracy: 0.865909090909091 75 0
Communication round: 98, Eavesdropper Accuracy: 0.875 75 0
Communication round: 99, Eavesdropper Accuracy: 0.8681818181818182 75 0
----------------------------------------------------------------------------------------------------
----------------------------------------------------------------------------------------------------
50_30_100_0.4_5_0.9_True_
----------------------------------------------------------------------------------------------------
Communication round: 0, Eavesdropper Accuracy: 0.05909090909090909 1 1
Communication round: 1, Eavesdropper Accuracy: 0.05454545454545454 2 1
Communication round: 2, Eavesdropper Accuracy: 0.05909090909090909 3 1
Communication round: 3, Eavesdropper Accuracy: 0.05454545454545454 4 1
Communication round: 4, Eavesdropper Accuracy: 0.06136363636363636 5 1
Communication round: 5, Eavesdropper Accuracy: 0.06136363636363636 6 1
Communication round: 6, Eavesdropper Accuracy: 0.05909090909090909 7 1
Communication round: 7, Eavesdropper Accuracy: 0.06136363636363636 8 1
Communication round: 8, Eavesdropper Accuracy: 0.05909090909090909 9 1
Communication round: 9, Eavesdropper Accuracy: 0.04772727272727273 10 1
Communication round: 10, Eavesdropper Accuracy: 0.04318181818181818 11 1
Communication round: 11, Eavesdropper Accuracy: 0.06363636363636363 12 1
Communication round: 12, Aggregated Accuracies: 0.0829761904761905 13
Communication round: 12, Eavesdropper Accuracy: 0.07954545454545454 13 1
Communication round: 13, Aggregated Accuracies: 0.11464285714285713 14
Communication round: 13, Eavesdropper Accuracy: 0.12954545454545455 14 1
Communication round: 14, Aggregated Accuracies: 0.1627380952380952 15
Communication round: 14, Eavesdropper Accuracy: 0.1590909090909091 15 1
Communication round: 15, Aggregated Accuracies: 0.2242857142857143 16
Communication round: 15, Eavesdropper Accuracy: 0.24545454545454545 16 1
Communication round: 16, Aggregated Accuracies: 0.2730952380952381 17
Communication round: 16, Eavesdropper Accuracy: 0.3090909090909091 17 1
Communication round: 17, Aggregated Accuracies: 0.34083333333333327 18
Communication round: 17, Eavesdropper Accuracy: 0.3977272727272727 18 1
Communication round: 18, Aggregated Accuracies: 0.3938095238095237 19
Communication round: 18, Eavesdropper Accuracy: 0.47045454545454546 19 1
Communication round: 19, Aggregated Accuracies: 0.4533333333333332 20
Communication round: 19, Eavesdropper Accuracy: 0.4818181818181818 20 1
Communication round: 20, Eavesdropper Accuracy: 0.4818181818181818 21 1
Communication round: 21, Eavesdropper Accuracy: 0.5159090909090909 22 1
Communication round: 22, Aggregated Accuracies: 0.47976190476190467 23
Communication round: 22, Eavesdropper Accuracy: 0.5454545454545454 23 1
Communication round: 23, Eavesdropper Accuracy: 0.5272727272727272 24 1
Communication round: 24, Eavesdropper Accuracy: 0.5159090909090909 25 1
Communication round: 25, Eavesdropper Accuracy: 0.5295454545454545 26 1
Communication round: 26, Eavesdropper Accuracy: 0.5409090909090909 27 1
Communication round: 27, Eavesdropper Accuracy: 0.525 28 1
Communication round: 28, Aggregated Accuracies: 0.5208333333333334 29
Communication round: 28, Eavesdropper Accuracy: 0.5431818181818182 29 1
Communication round: 29, Aggregated Accuracies: 0.5616666666666665 30
Communication round: 29, Eavesdropper Accuracy: 0.5977272727272728 30 1
Communication round: 30, Aggregated Accuracies: 0.5980952380952379 31
Communication round: 30, Eavesdropper Accuracy: 0.6545454545454545 31 1
Communication round: 31, Aggregated Accuracies: 0.6272619047619046 32
Communication round: 31, Eavesdropper Accuracy: 0.6431818181818182 32 1
Communication round: 32, Aggregated Accuracies: 0.6580952380952381 33
Communication round: 32, Eavesdropper Accuracy: 0.6886363636363636 33 1
Communication round: 33, Aggregated Accuracies: 0.6802380952380953 34
Communication round: 33, Eavesdropper Accuracy: 0.7181818181818181 34 1
Communication round: 34, Aggregated Accuracies: 0.700952380952381 35
Communication round: 34, Eavesdropper Accuracy: 0.7295454545454545 35 1
Communication round: 35, Aggregated Accuracies: 0.7208333333333333 36
Communication round: 35, Eavesdropper Accuracy: 0.7431818181818182 36 1
Communication round: 36, Aggregated Accuracies: 0.7421428571428568 37
Communication round: 36, Eavesdropper Accuracy: 0.7795454545454545 37 1
Communication round: 37, Eavesdropper Accuracy: 0.7772727272727272 38 1
Communication round: 38, Aggregated Accuracies: 0.7545238095238095 39
Communication round: 38, Eavesdropper Accuracy: 0.7954545454545454 39 1
Communication round: 39, Eavesdropper Accuracy: 0.7727272727272727 40 1
Communication round: 40, Eavesdropper Accuracy: 0.7704545454545455 41 1
Communication round: 41, Eavesdropper Accuracy: 0.7477272727272727 42 1
Communication round: 42, Eavesdropper Accuracy: 0.8022727272727272 43 1
Communication round: 43, Eavesdropper Accuracy: 0.7818181818181819 44 1
Communication round: 44, Eavesdropper Accuracy: 0.7909090909090909 45 1
Communication round: 45, Eavesdropper Accuracy: 0.7681818181818182 46 1
Communication round: 46, Eavesdropper Accuracy: 0.7727272727272727 47 1
Communication round: 47, Eavesdropper Accuracy: 0.7659090909090909 48 1
Communication round: 48, Eavesdropper Accuracy: 0.7704545454545455 49 1
Communication round: 49, Aggregated Accuracies: 0.7664285714285717 50
Communication round: 49, Eavesdropper Accuracy: 0.7954545454545454 50 1
Communication round: 50, Eavesdropper Accuracy: 0.8090909090909091 51 1
Communication round: 51, Eavesdropper Accuracy: 0.7977272727272727 52 1
Communication round: 52, Eavesdropper Accuracy: 0.7840909090909091 53 1
Communication round: 53, Eavesdropper Accuracy: 0.7977272727272727 54 1
Communication round: 54, Eavesdropper Accuracy: 0.7795454545454545 55 1
Communication round: 55, Eavesdropper Accuracy: 0.7772727272727272 56 1
Communication round: 56, Eavesdropper Accuracy: 0.7977272727272727 57 1
Communication round: 57, Eavesdropper Accuracy: 0.7818181818181819 58 1
Communication round: 58, Aggregated Accuracies: 0.7836904761904764 59
Communication round: 58, Eavesdropper Accuracy: 0.8113636363636364 59 1
Communication round: 59, Eavesdropper Accuracy: 0.7727272727272727 60 1
Communication round: 60, Eavesdropper Accuracy: 0.8113636363636364 61 1
Communication round: 61, Aggregated Accuracies: 0.7886904761904765 62
Communication round: 61, Eavesdropper Accuracy: 0.7909090909090909 62 1
Communication round: 62, Aggregated Accuracies: 0.8007142857142858 63
Communication round: 62, Eavesdropper Accuracy: 0.8113636363636364 63 1
Communication round: 63, Eavesdropper Accuracy: 0.8340909090909091 64 1
Communication round: 64, Aggregated Accuracies: 0.8024999999999999 65
Communication round: 64, Eavesdropper Accuracy: 0.8454545454545455 65 1
Communication round: 65, Aggregated Accuracies: 0.813095238095238 66
Communication round: 65, Eavesdropper Accuracy: 0.8068181818181818 66 1
Communication round: 66, Aggregated Accuracies: 0.8200000000000004 67
Communication round: 66, Eavesdropper Accuracy: 0.8409090909090909 67 1
Communication round: 67, Aggregated Accuracies: 0.822738095238095 68
Communication round: 67, Eavesdropper Accuracy: 0.8477272727272728 68 1
Communication round: 68, Aggregated Accuracies: 0.8296428571428571 69
Communication round: 68, Eavesdropper Accuracy: 0.865909090909091 69 1
Communication round: 69, Aggregated Accuracies: 0.842142857142857 70
Communication round: 69, Eavesdropper Accuracy: 0.884090909090909 70 1
Communication round: 70, Aggregated Accuracies: 0.8427380952380952 71
Communication round: 70, Eavesdropper Accuracy: 0.8431818181818181 71 1
Communication round: 71, Eavesdropper Accuracy: 0.8590909090909091 71 0
Communication round: 72, Eavesdropper Accuracy: 0.8477272727272728 71 0
Communication round: 73, Eavesdropper Accuracy: 0.85 71 0
Communication round: 74, Eavesdropper Accuracy: 0.8340909090909091 71 0
Communication round: 75, Eavesdropper Accuracy: 0.865909090909091 71 0
Communication round: 76, Eavesdropper Accuracy: 0.8522727272727273 71 0
Communication round: 77, Eavesdropper Accuracy: 0.865909090909091 71 0
Communication round: 78, Eavesdropper Accuracy: 0.8363636363636363 71 0
Communication round: 79, Eavesdropper Accuracy: 0.8590909090909091 71 0
Communication round: 80, Eavesdropper Accuracy: 0.8590909090909091 71 0
Communication round: 81, Eavesdropper Accuracy: 0.8636363636363636 71 0
Communication round: 82, Eavesdropper Accuracy: 0.865909090909091 71 0
Communication round: 83, Eavesdropper Accuracy: 0.8568181818181818 71 0
Communication round: 84, Eavesdropper Accuracy: 0.8454545454545455 71 0
Communication round: 85, Eavesdropper Accuracy: 0.865909090909091 71 0
Communication round: 86, Eavesdropper Accuracy: 0.8772727272727273 71 0
Communication round: 87, Eavesdropper Accuracy: 0.8545454545454545 71 0
Communication round: 88, Eavesdropper Accuracy: 0.8386363636363636 71 0
Communication round: 89, Eavesdropper Accuracy: 0.8522727272727273 71 0
Communication round: 90, Eavesdropper Accuracy: 0.8590909090909091 71 0
Communication round: 91, Eavesdropper Accuracy: 0.8704545454545455 71 0
Communication round: 92, Eavesdropper Accuracy: 0.8318181818181818 71 0
Communication round: 93, Eavesdropper Accuracy: 0.8431818181818181 71 0
Communication round: 94, Eavesdropper Accuracy: 0.8522727272727273 71 0
Communication round: 95, Eavesdropper Accuracy: 0.8613636363636363 71 0
Communication round: 96, Eavesdropper Accuracy: 0.8477272727272728 71 0
Communication round: 97, Eavesdropper Accuracy: 0.8727272727272727 71 0
Communication round: 98, Eavesdropper Accuracy: 0.8431818181818181 71 0
Communication round: 99, Eavesdropper Accuracy: 0.8386363636363636 71 0
----------------------------------------------------------------------------------------------------
----------------------------------------------------------------------------------------------------
50_30_100_0.4_5_0.9_True_
----------------------------------------------------------------------------------------------------
Communication round: 0, Eavesdropper Accuracy: 0.08863636363636364 1 1
Communication round: 1, Eavesdropper Accuracy: 0.09090909090909091 2 1
Communication round: 2, Eavesdropper Accuracy: 0.07727272727272727 3 1
Communication round: 3, Eavesdropper Accuracy: 0.08181818181818182 4 1
Communication round: 4, Eavesdropper Accuracy: 0.08409090909090909 5 1
Communication round: 5, Eavesdropper Accuracy: 0.07954545454545454 6 1
Communication round: 6, Eavesdropper Accuracy: 0.07272727272727272 7 1
Communication round: 7, Eavesdropper Accuracy: 0.0659090909090909 8 1
Communication round: 8, Eavesdropper Accuracy: 0.075 9 1
Communication round: 9, Eavesdropper Accuracy: 0.07727272727272727 10 1
Communication round: 10, Eavesdropper Accuracy: 0.08636363636363636 11 1
Communication round: 11, Eavesdropper Accuracy: 0.08181818181818182 12 1
Communication round: 12, Eavesdropper Accuracy: 0.08636363636363636 13 1
Communication round: 13, Eavesdropper Accuracy: 0.05909090909090909 14 1
Communication round: 14, Eavesdropper Accuracy: 0.07272727272727272 15 1
Communication round: 15, Aggregated Accuracies: 0.1130952380952381 16
Communication round: 15, Eavesdropper Accuracy: 0.12045454545454545 16 1
Communication round: 16, Eavesdropper Accuracy: 0.12727272727272726 17 1
Communication round: 17, Aggregated Accuracies: 0.14333333333333337 18
Communication round: 17, Eavesdropper Accuracy: 0.15227272727272728 18 1
Communication round: 18, Eavesdropper Accuracy: 0.15454545454545454 19 1
Communication round: 19, Aggregated Accuracies: 0.16892857142857146 20
Communication round: 19, Eavesdropper Accuracy: 0.19318181818181818 20 1
Communication round: 20, Eavesdropper Accuracy: 0.18863636363636363 21 1
Communication round: 21, Eavesdropper Accuracy: 0.18636363636363637 22 1
Communication round: 22, Aggregated Accuracies: 0.21011904761904762 23
Communication round: 22, Eavesdropper Accuracy: 0.23863636363636365 23 1
Communication round: 23, Aggregated Accuracies: 0.2538095238095238 24
Communication round: 23, Eavesdropper Accuracy: 0.2772727272727273 24 1
Communication round: 24, Aggregated Accuracies: 0.3121428571428572 25
Communication round: 24, Eavesdropper Accuracy: 0.3340909090909091 25 1
Communication round: 25, Aggregated Accuracies: 0.35488095238095235 26
Communication round: 25, Eavesdropper Accuracy: 0.3568181818181818 26 1
Communication round: 26, Aggregated Accuracies: 0.41357142857142853 27
Communication round: 26, Eavesdropper Accuracy: 0.3886363636363636 27 1
Communication round: 27, Aggregated Accuracies: 0.4591666666666667 28
Communication round: 27, Eavesdropper Accuracy: 0.49318181818181817 28 1
Communication round: 28, Aggregated Accuracies: 0.4976190476190477 29
Communication round: 28, Eavesdropper Accuracy: 0.5409090909090909 29 1
Communication round: 29, Aggregated Accuracies: 0.5391666666666667 30
Communication round: 29, Eavesdropper Accuracy: 0.5704545454545454 30 1
Communication round: 30, Eavesdropper Accuracy: 0.5545454545454546 31 1
Communication round: 31, Aggregated Accuracies: 0.5705952380952379 32
Communication round: 31, Eavesdropper Accuracy: 0.6363636363636364 32 1
Communication round: 32, Aggregated Accuracies: 0.6105952380952381 33
Communication round: 32, Eavesdropper Accuracy: 0.6409090909090909 33 1
Communication round: 33, Aggregated Accuracies: 0.6408333333333335 34
Communication round: 33, Eavesdropper Accuracy: 0.6863636363636364 34 1
Communication round: 34, Aggregated Accuracies: 0.6733333333333333 35
Communication round: 34, Eavesdropper Accuracy: 0.7045454545454546 35 1
Communication round: 35, Aggregated Accuracies: 0.7048809523809524 36
Communication round: 35, Eavesdropper Accuracy: 0.7295454545454545 36 1
Communication round: 36, Aggregated Accuracies: 0.7242857142857144 37
Communication round: 36, Eavesdropper Accuracy: 0.75 37 1
Communication round: 37, Aggregated Accuracies: 0.7499999999999997 38
Communication round: 37, Eavesdropper Accuracy: 0.759090909090909 38 1
Communication round: 38, Eavesdropper Accuracy: 0.7568181818181818 39 1
Communication round: 39, Eavesdropper Accuracy: 0.7613636363636364 40 1
Communication round: 40, Eavesdropper Accuracy: 0.75 41 1
Communication round: 41, Eavesdropper Accuracy: 0.7863636363636364 42 1
Communication round: 42, Eavesdropper Accuracy: 0.7568181818181818 43 1
Communication round: 43, Aggregated Accuracies: 0.7611904761904763 44
Communication round: 43, Eavesdropper Accuracy: 0.7931818181818182 44 1
Communication round: 44, Eavesdropper Accuracy: 0.7727272727272727 45 1
Communication round: 45, Eavesdropper Accuracy: 0.7659090909090909 46 1
Communication round: 46, Eavesdropper Accuracy: 0.7909090909090909 47 1
Communication round: 47, Eavesdropper Accuracy: 0.740909090909091 48 1
Communication round: 48, Eavesdropper Accuracy: 0.7727272727272727 49 1
Communication round: 49, Eavesdropper Accuracy: 0.7863636363636364 50 1
Communication round: 50, Eavesdropper Accuracy: 0.7909090909090909 51 1
Communication round: 51, Eavesdropper Accuracy: 0.7909090909090909 52 1
Communication round: 52, Aggregated Accuracies: 0.7728571428571429 53
Communication round: 52, Eavesdropper Accuracy: 0.7863636363636364 53 1
Communication round: 53, Eavesdropper Accuracy: 0.7681818181818182 54 1
Communication round: 54, Aggregated Accuracies: 0.7890476190476191 55
Communication round: 54, Eavesdropper Accuracy: 0.8295454545454546 55 1
Communication round: 55, Aggregated Accuracies: 0.7977380952380951 56
Communication round: 55, Eavesdropper Accuracy: 0.8272727272727273 56 1
Communication round: 56, Aggregated Accuracies: 0.8085714285714286 57
Communication round: 56, Eavesdropper Accuracy: 0.8204545454545454 57 1
Communication round: 57, Aggregated Accuracies: 0.8094047619047618 58
Communication round: 57, Eavesdropper Accuracy: 0.8363636363636363 58 1
Communication round: 58, Aggregated Accuracies: 0.8241666666666667 59
Communication round: 58, Eavesdropper Accuracy: 0.8227272727272728 59 1
Communication round: 59, Aggregated Accuracies: 0.8321428571428565 60
Communication round: 59, Eavesdropper Accuracy: 0.8454545454545455 60 1
Communication round: 60, Aggregated Accuracies: 0.8358333333333333 61
Communication round: 60, Eavesdropper Accuracy: 0.8227272727272728 61 1
Communication round: 61, Aggregated Accuracies: 0.8436904761904762 62
Communication round: 61, Eavesdropper Accuracy: 0.8477272727272728 62 1
Communication round: 62, Aggregated Accuracies: 0.8498809523809523 63
Communication round: 62, Eavesdropper Accuracy: 0.8545454545454545 63 1
Communication round: 63, Aggregated Accuracies: 0.8527380952380952 64
Communication round: 63, Eavesdropper Accuracy: 0.8590909090909091 64 1
Communication round: 64, Eavesdropper Accuracy: 0.8681818181818182 64 0
Communication round: 65, Eavesdropper Accuracy: 0.865909090909091 64 0
Communication round: 66, Eavesdropper Accuracy: 0.8568181818181818 64 0
Communication round: 67, Eavesdropper Accuracy: 0.8318181818181818 64 0
Communication round: 68, Eavesdropper Accuracy: 0.8681818181818182 64 0
Communication round: 69, Eavesdropper Accuracy: 0.8431818181818181 64 0
Communication round: 70, Eavesdropper Accuracy: 0.85 64 0
Communication round: 71, Eavesdropper Accuracy: 0.8477272727272728 64 0
Communication round: 72, Eavesdropper Accuracy: 0.865909090909091 64 0
Communication round: 73, Eavesdropper Accuracy: 0.8568181818181818 64 0
Communication round: 74, Eavesdropper Accuracy: 0.8340909090909091 64 0
Communication round: 75, Eavesdropper Accuracy: 0.865909090909091 64 0
Communication round: 76, Eavesdropper Accuracy: 0.8522727272727273 64 0
Communication round: 77, Eavesdropper Accuracy: 0.8704545454545455 64 0
Communication round: 78, Eavesdropper Accuracy: 0.8613636363636363 64 0
Communication round: 79, Eavesdropper Accuracy: 0.8681818181818182 64 0
Communication round: 80, Eavesdropper Accuracy: 0.8636363636363636 64 0
Communication round: 81, Eavesdropper Accuracy: 0.8386363636363636 64 0
Communication round: 82, Eavesdropper Accuracy: 0.8409090909090909 64 0
Communication round: 83, Eavesdropper Accuracy: 0.8477272727272728 64 0
Communication round: 84, Eavesdropper Accuracy: 0.8227272727272728 64 0
Communication round: 85, Eavesdropper Accuracy: 0.8477272727272728 64 0
Communication round: 86, Eavesdropper Accuracy: 0.8636363636363636 64 0
Communication round: 87, Eavesdropper Accuracy: 0.85 64 0
Communication round: 88, Eavesdropper Accuracy: 0.8522727272727273 64 0
Communication round: 89, Eavesdropper Accuracy: 0.8613636363636363 64 0
Communication round: 90, Eavesdropper Accuracy: 0.8545454545454545 64 0
Communication round: 91, Eavesdropper Accuracy: 0.8568181818181818 64 0
Communication round: 92, Eavesdropper Accuracy: 0.865909090909091 64 0
Communication round: 93, Eavesdropper Accuracy: 0.825 64 0
Communication round: 94, Eavesdropper Accuracy: 0.865909090909091 64 0
Communication round: 95, Eavesdropper Accuracy: 0.8522727272727273 64 0
Communication round: 96, Eavesdropper Accuracy: 0.865909090909091 64 0
Communication round: 97, Eavesdropper Accuracy: 0.865909090909091 64 0
Communication round: 98, Eavesdropper Accuracy: 0.8522727272727273 64 0
Communication round: 99, Eavesdropper Accuracy: 0.8545454545454545 64 0
----------------------------------------------------------------------------------------------------
----------------------------------------------------------------------------------------------------
50_30_100_0.4_5_0.9_True_
----------------------------------------------------------------------------------------------------
Communication round: 0, Eavesdropper Accuracy: 0.03409090909090909 1 1
Communication round: 1, Eavesdropper Accuracy: 0.02727272727272727 2 1
Communication round: 2, Eavesdropper Accuracy: 0.02727272727272727 3 1
Communication round: 3, Eavesdropper Accuracy: 0.020454545454545454 4 1
Communication round: 4, Eavesdropper Accuracy: 0.029545454545454545 5 1
Communication round: 5, Eavesdropper Accuracy: 0.03636363636363636 6 1
Communication round: 6, Eavesdropper Accuracy: 0.029545454545454545 7 1
Communication round: 7, Aggregated Accuracies: 0.0946428571428571 8
Communication round: 7, Eavesdropper Accuracy: 0.10454545454545454 8 1
Communication round: 8, Eavesdropper Accuracy: 0.10227272727272728 9 1
Communication round: 9, Eavesdropper Accuracy: 0.10681818181818181 10 1
Communication round: 10, Eavesdropper Accuracy: 0.10227272727272728 11 1
Communication round: 11, Aggregated Accuracies: 0.11309523809523808 12
Communication round: 11, Eavesdropper Accuracy: 0.12045454545454545 12 1
Communication round: 12, Eavesdropper Accuracy: 0.12954545454545455 13 1
Communication round: 13, Eavesdropper Accuracy: 0.12045454545454545 14 1
Communication round: 14, Eavesdropper Accuracy: 0.10909090909090909 15 1
Communication round: 15, Eavesdropper Accuracy: 0.12045454545454545 16 1
Communication round: 16, Aggregated Accuracies: 0.14095238095238097 17
Communication round: 16, Eavesdropper Accuracy: 0.17727272727272728 17 1
Communication round: 17, Eavesdropper Accuracy: 0.15454545454545454 18 1
Communication round: 18, Eavesdropper Accuracy: 0.15681818181818183 19 1
Communication round: 19, Eavesdropper Accuracy: 0.1431818181818182 20 1
Communication round: 20, Eavesdropper Accuracy: 0.16136363636363638 21 1
Communication round: 21, Aggregated Accuracies: 0.17904761904761904 22
Communication round: 21, Eavesdropper Accuracy: 0.21818181818181817 22 1
Communication round: 22, Aggregated Accuracies: 0.22809523809523807 23
Communication round: 22, Eavesdropper Accuracy: 0.22954545454545455 23 1
Communication round: 23, Aggregated Accuracies: 0.3057142857142857 24
Communication round: 23, Eavesdropper Accuracy: 0.3068181818181818 24 1
Communication round: 24, Eavesdropper Accuracy: 0.29772727272727273 25 1
Communication round: 25, Aggregated Accuracies: 0.326547619047619 26
Communication round: 25, Eavesdropper Accuracy: 0.3090909090909091 26 1
Communication round: 26, Aggregated Accuracies: 0.4016666666666667 27
Communication round: 26, Eavesdropper Accuracy: 0.4409090909090909 27 1
Communication round: 27, Aggregated Accuracies: 0.4476190476190476 28
Communication round: 27, Eavesdropper Accuracy: 0.43863636363636366 28 1
Communication round: 28, Aggregated Accuracies: 0.47630952380952396 29
Communication round: 28, Eavesdropper Accuracy: 0.4954545454545455 29 1
Communication round: 29, Aggregated Accuracies: 0.5208333333333333 30
Communication round: 29, Eavesdropper Accuracy: 0.5318181818181819 30 1
Communication round: 30, Aggregated Accuracies: 0.5626190476190475 31
Communication round: 30, Eavesdropper Accuracy: 0.5795454545454546 31 1
Communication round: 31, Eavesdropper Accuracy: 0.5954545454545455 32 1
Communication round: 32, Eavesdropper Accuracy: 0.5795454545454546 33 1
Communication round: 33, Eavesdropper Accuracy: 0.5659090909090909 34 1
Communication round: 34, Eavesdropper Accuracy: 0.5681818181818182 35 1
Communication round: 35, Eavesdropper Accuracy: 0.5386363636363637 36 1
Communication round: 36, Eavesdropper Accuracy: 0.5863636363636363 37 1
Communication round: 37, Eavesdropper Accuracy: 0.5545454545454546 38 1
Communication round: 38, Aggregated Accuracies: 0.5904761904761904 39
Communication round: 38, Eavesdropper Accuracy: 0.5863636363636363 39 1
Communication round: 39, Eavesdropper Accuracy: 0.5818181818181818 40 1
Communication round: 40, Eavesdropper Accuracy: 0.5659090909090909 41 1
Communication round: 41, Eavesdropper Accuracy: 0.5795454545454546 42 1
Communication round: 42, Aggregated Accuracies: 0.6133333333333333 43
Communication round: 42, Eavesdropper Accuracy: 0.5977272727272728 43 1
Communication round: 43, Eavesdropper Accuracy: 0.5954545454545455 44 1
Communication round: 44, Aggregated Accuracies: 0.6282142857142856 45
Communication round: 44, Eavesdropper Accuracy: 0.6227272727272727 45 1
Communication round: 45, Aggregated Accuracies: 0.6573809523809524 46
Communication round: 45, Eavesdropper Accuracy: 0.6409090909090909 46 1
Communication round: 46, Aggregated Accuracies: 0.6788095238095238 47
Communication round: 46, Eavesdropper Accuracy: 0.6590909090909091 47 1
Communication round: 47, Eavesdropper Accuracy: 0.65 48 1
Communication round: 48, Eavesdropper Accuracy: 0.6568181818181819 49 1
Communication round: 49, Eavesdropper Accuracy: 0.6818181818181818 50 1
Communication round: 50, Eavesdropper Accuracy: 0.6772727272727272 51 1
Communication round: 51, Eavesdropper Accuracy: 0.6636363636363637 52 1
Communication round: 52, Eavesdropper Accuracy: 0.6409090909090909 53 1
Communication round: 53, Eavesdropper Accuracy: 0.6681818181818182 54 1
Communication round: 54, Eavesdropper Accuracy: 0.6181818181818182 55 1
Communication round: 55, Eavesdropper Accuracy: 0.6727272727272727 56 1
Communication round: 56, Eavesdropper Accuracy: 0.6431818181818182 57 1
Communication round: 57, Eavesdropper Accuracy: 0.6659090909090909 58 1
Communication round: 58, Eavesdropper Accuracy: 0.6704545454545454 59 1
Communication round: 59, Eavesdropper Accuracy: 0.65 60 1
Communication round: 60, Eavesdropper Accuracy: 0.6727272727272727 61 1
Communication round: 61, Eavesdropper Accuracy: 0.6840909090909091 62 1
Communication round: 62, Eavesdropper Accuracy: 0.634090909090909 63 1
Communication round: 63, Eavesdropper Accuracy: 0.6431818181818182 64 1
Communication round: 64, Aggregated Accuracies: 0.6901190476190473 65
Communication round: 64, Eavesdropper Accuracy: 0.6863636363636364 65 1
Communication round: 65, Eavesdropper Accuracy: 0.6704545454545454 66 1
Communication round: 66, Eavesdropper Accuracy: 0.6704545454545454 67 1
Communication round: 67, Eavesdropper Accuracy: 0.6772727272727272 68 1
Communication round: 68, Eavesdropper Accuracy: 0.6727272727272727 69 1
Communication round: 69, Eavesdropper Accuracy: 0.6886363636363636 70 1
Communication round: 70, Aggregated Accuracies: 0.7114285714285714 71
Communication round: 70, Eavesdropper Accuracy: 0.7136363636363636 71 1
Communication round: 71, Aggregated Accuracies: 0.7242857142857143 72
Communication round: 71, Eavesdropper Accuracy: 0.6909090909090909 72 1
Communication round: 72, Aggregated Accuracies: 0.7402380952380951 73
Communication round: 72, Eavesdropper Accuracy: 0.7340909090909091 73 1
Communication round: 73, Aggregated Accuracies: 0.7509523809523815 74
Communication round: 73, Eavesdropper Accuracy: 0.7340909090909091 74 1
Communication round: 74, Aggregated Accuracies: 0.7672619047619049 75
Communication round: 74, Eavesdropper Accuracy: 0.7613636363636364 75 1
Communication round: 75, Aggregated Accuracies: 0.773095238095238 76
Communication round: 75, Eavesdropper Accuracy: 0.7772727272727272 76 1
Communication round: 76, Aggregated Accuracies: 0.7919047619047617 77
Communication round: 76, Eavesdropper Accuracy: 0.7659090909090909 77 1
Communication round: 77, Aggregated Accuracies: 0.7917857142857145 78
Communication round: 77, Eavesdropper Accuracy: 0.7772727272727272 78 1
Communication round: 78, Aggregated Accuracies: 0.8029761904761904 79
Communication round: 78, Eavesdropper Accuracy: 0.7772727272727272 79 1
Communication round: 79, Aggregated Accuracies: 0.8139285714285711 80
Communication round: 79, Eavesdropper Accuracy: 0.7886363636363637 80 1
Communication round: 80, Aggregated Accuracies: 0.8186904761904763 81
Communication round: 80, Eavesdropper Accuracy: 0.8 81 1
Communication round: 81, Aggregated Accuracies: 0.8246428571428569 82
Communication round: 81, Eavesdropper Accuracy: 0.8136363636363636 82 1
Communication round: 82, Eavesdropper Accuracy: 0.8090909090909091 82 0
Communication round: 83, Eavesdropper Accuracy: 0.8 82 0
Communication round: 84, Eavesdropper Accuracy: 0.8227272727272728 82 0
Communication round: 85, Eavesdropper Accuracy: 0.8090909090909091 82 0
Communication round: 86, Eavesdropper Accuracy: 0.7931818181818182 82 0
Communication round: 87, Eavesdropper Accuracy: 0.8022727272727272 82 0
Communication round: 88, Eavesdropper Accuracy: 0.8045454545454546 82 0
Communication round: 89, Eavesdropper Accuracy: 0.7931818181818182 82 0
Communication round: 90, Eavesdropper Accuracy: 0.8 82 0
Communication round: 91, Eavesdropper Accuracy: 0.8090909090909091 82 0
Communication round: 92, Eavesdropper Accuracy: 0.8068181818181818 82 0
Communication round: 93, Eavesdropper Accuracy: 0.8045454545454546 82 0
Communication round: 94, Eavesdropper Accuracy: 0.7931818181818182 82 0
Communication round: 95, Eavesdropper Accuracy: 0.7977272727272727 82 0
Communication round: 96, Eavesdropper Accuracy: 0.825 82 0
Communication round: 97, Eavesdropper Accuracy: 0.8159090909090909 82 0
Communication round: 98, Eavesdropper Accuracy: 0.8 82 0
Communication round: 99, Eavesdropper Accuracy: 0.7886363636363637 82 0
----------------------------------------------------------------------------------------------------
----------------------------------------------------------------------------------------------------
50_30_100_0.4_5_0.9_True_
----------------------------------------------------------------------------------------------------
Communication round: 0, Eavesdropper Accuracy: 0.05454545454545454 1 1
Communication round: 1, Eavesdropper Accuracy: 0.05909090909090909 2 1
Communication round: 2, Eavesdropper Accuracy: 0.05909090909090909 3 1
Communication round: 3, Eavesdropper Accuracy: 0.04772727272727273 4 1
Communication round: 4, Aggregated Accuracies: 0.08321428571428573 5
Communication round: 4, Eavesdropper Accuracy: 0.056818181818181816 5 1
Communication round: 5, Aggregated Accuracies: 0.1119047619047619 6
Communication round: 5, Eavesdropper Accuracy: 0.11363636363636363 6 1
Communication round: 6, Eavesdropper Accuracy: 0.12045454545454545 7 1
Communication round: 7, Eavesdropper Accuracy: 0.125 8 1
Communication round: 8, Eavesdropper Accuracy: 0.1340909090909091 9 1
Communication round: 9, Aggregated Accuracies: 0.16035714285714284 10
Communication round: 9, Eavesdropper Accuracy: 0.19090909090909092 10 1
Communication round: 10, Aggregated Accuracies: 0.20035714285714287 11
Communication round: 10, Eavesdropper Accuracy: 0.24545454545454545 11 1
Communication round: 11, Aggregated Accuracies: 0.2689285714285714 12
Communication round: 11, Eavesdropper Accuracy: 0.35 12 1
Communication round: 12, Aggregated Accuracies: 0.32654761904761914 13
Communication round: 12, Eavesdropper Accuracy: 0.39090909090909093 13 1
Communication round: 13, Aggregated Accuracies: 0.3885714285714286 14
Communication round: 13, Eavesdropper Accuracy: 0.4159090909090909 14 1
Communication round: 14, Aggregated Accuracies: 0.44333333333333336 15
Communication round: 14, Eavesdropper Accuracy: 0.4909090909090909 15 1
Communication round: 15, Eavesdropper Accuracy: 0.4909090909090909 16 1
Communication round: 16, Aggregated Accuracies: 0.4984523809523808 17
Communication round: 16, Eavesdropper Accuracy: 0.5204545454545455 17 1
Communication round: 17, Aggregated Accuracies: 0.535952380952381 18
Communication round: 17, Eavesdropper Accuracy: 0.5795454545454546 18 1
Communication round: 18, Aggregated Accuracies: 0.570952380952381 19
Communication round: 18, Eavesdropper Accuracy: 0.6113636363636363 19 1
Communication round: 19, Aggregated Accuracies: 0.6124999999999999 20
Communication round: 19, Eavesdropper Accuracy: 0.6522727272727272 20 1
Communication round: 20, Aggregated Accuracies: 0.6397619047619049 21
Communication round: 20, Eavesdropper Accuracy: 0.6795454545454546 21 1
Communication round: 21, Aggregated Accuracies: 0.6703571428571428 22
Communication round: 21, Eavesdropper Accuracy: 0.7113636363636363 22 1
Communication round: 22, Aggregated Accuracies: 0.6897619047619048 23
Communication round: 22, Eavesdropper Accuracy: 0.6931818181818182 23 1
Communication round: 23, Aggregated Accuracies: 0.7102380952380952 24
Communication round: 23, Eavesdropper Accuracy: 0.7159090909090909 24 1
Communication round: 24, Aggregated Accuracies: 0.7319047619047617 25
Communication round: 24, Eavesdropper Accuracy: 0.7568181818181818 25 1
Communication round: 25, Aggregated Accuracies: 0.749404761904762 26
Communication round: 25, Eavesdropper Accuracy: 0.7636363636363637 26 1
Communication round: 26, Aggregated Accuracies: 0.7627380952380952 27
Communication round: 26, Eavesdropper Accuracy: 0.7886363636363637 27 1
Communication round: 27, Aggregated Accuracies: 0.7828571428571429 28
Communication round: 27, Eavesdropper Accuracy: 0.7613636363636364 28 1
Communication round: 28, Aggregated Accuracies: 0.7910714285714286 29
Communication round: 28, Eavesdropper Accuracy: 0.8 29 1
Communication round: 29, Aggregated Accuracies: 0.8016666666666667 30
Communication round: 29, Eavesdropper Accuracy: 0.7954545454545454 30 1
Communication round: 30, Aggregated Accuracies: 0.8060714285714283 31
Communication round: 30, Eavesdropper Accuracy: 0.8227272727272728 31 1
Communication round: 31, Aggregated Accuracies: 0.8234523809523812 32
Communication round: 31, Eavesdropper Accuracy: 0.8181818181818182 32 1
Communication round: 32, Eavesdropper Accuracy: 0.8159090909090909 33 1
Communication round: 33, Eavesdropper Accuracy: 0.8136363636363636 34 1
Communication round: 34, Eavesdropper Accuracy: 0.8318181818181818 35 1
Communication round: 35, Eavesdropper Accuracy: 0.8136363636363636 36 1
Communication round: 36, Eavesdropper Accuracy: 0.8113636363636364 37 1
Communication round: 37, Aggregated Accuracies: 0.8309523809523809 38
Communication round: 37, Eavesdropper Accuracy: 0.8386363636363636 38 1
Communication round: 38, Aggregated Accuracies: 0.8324999999999999 39
Communication round: 38, Eavesdropper Accuracy: 0.8363636363636363 39 1
Communication round: 39, Aggregated Accuracies: 0.8426190476190475 40
Communication round: 39, Eavesdropper Accuracy: 0.8545454545454545 40 1
Communication round: 40, Aggregated Accuracies: 0.841904761904762 41
Communication round: 40, Eavesdropper Accuracy: 0.8363636363636363 41 1
Communication round: 41, Aggregated Accuracies: 0.8524999999999998 42
Communication round: 41, Eavesdropper Accuracy: 0.8454545454545455 42 1
Communication round: 42, Aggregated Accuracies: 0.8591666666666665 43
Communication round: 42, Eavesdropper Accuracy: 0.8704545454545455 43 1
Communication round: 43, Eavesdropper Accuracy: 0.8363636363636363 43 0
Communication round: 44, Eavesdropper Accuracy: 0.8454545454545455 43 0
Communication round: 45, Eavesdropper Accuracy: 0.8545454545454545 43 0
Communication round: 46, Eavesdropper Accuracy: 0.8704545454545455 43 0
Communication round: 47, Eavesdropper Accuracy: 0.8681818181818182 43 0
Communication round: 48, Eavesdropper Accuracy: 0.8454545454545455 43 0
Communication round: 49, Eavesdropper Accuracy: 0.8636363636363636 43 0
Communication round: 50, Eavesdropper Accuracy: 0.8568181818181818 43 0
Communication round: 51, Eavesdropper Accuracy: 0.8272727272727273 43 0
Communication round: 52, Eavesdropper Accuracy: 0.865909090909091 43 0
Communication round: 53, Eavesdropper Accuracy: 0.8454545454545455 43 0
Communication round: 54, Eavesdropper Accuracy: 0.8318181818181818 43 0
Communication round: 55, Eavesdropper Accuracy: 0.8431818181818181 43 0
Communication round: 56, Eavesdropper Accuracy: 0.8613636363636363 43 0
Communication round: 57, Eavesdropper Accuracy: 0.8318181818181818 43 0
Communication round: 58, Eavesdropper Accuracy: 0.8590909090909091 43 0
Communication round: 59, Eavesdropper Accuracy: 0.85 43 0
Communication round: 60, Eavesdropper Accuracy: 0.8318181818181818 43 0
Communication round: 61, Eavesdropper Accuracy: 0.8613636363636363 43 0
Communication round: 62, Eavesdropper Accuracy: 0.8454545454545455 43 0
Communication round: 63, Eavesdropper Accuracy: 0.85 43 0
Communication round: 64, Eavesdropper Accuracy: 0.85 43 0
Communication round: 65, Eavesdropper Accuracy: 0.8681818181818182 43 0
Communication round: 66, Eavesdropper Accuracy: 0.8545454545454545 43 0
Communication round: 67, Eavesdropper Accuracy: 0.8522727272727273 43 0
Communication round: 68, Eavesdropper Accuracy: 0.8431818181818181 43 0
Communication round: 69, Eavesdropper Accuracy: 0.865909090909091 43 0
Communication round: 70, Eavesdropper Accuracy: 0.8522727272727273 43 0
Communication round: 71, Eavesdropper Accuracy: 0.8522727272727273 43 0
Communication round: 72, Eavesdropper Accuracy: 0.8409090909090909 43 0
Communication round: 73, Eavesdropper Accuracy: 0.8454545454545455 43 0
Communication round: 74, Eavesdropper Accuracy: 0.8636363636363636 43 0
Communication round: 75, Eavesdropper Accuracy: 0.8409090909090909 43 0
Communication round: 76, Eavesdropper Accuracy: 0.8590909090909091 43 0
Communication round: 77, Eavesdropper Accuracy: 0.8363636363636363 43 0
Communication round: 78, Eavesdropper Accuracy: 0.8681818181818182 43 0
Communication round: 79, Eavesdropper Accuracy: 0.8431818181818181 43 0
Communication round: 80, Eavesdropper Accuracy: 0.8522727272727273 43 0
Communication round: 81, Eavesdropper Accuracy: 0.8636363636363636 43 0
Communication round: 82, Eavesdropper Accuracy: 0.8431818181818181 43 0
Communication round: 83, Eavesdropper Accuracy: 0.8681818181818182 43 0
Communication round: 84, Eavesdropper Accuracy: 0.8568181818181818 43 0
Communication round: 85, Smart Eavesdropper Accuracy: 0.7363636363636363 43 0
Communication round: 86, Smart Eavesdropper Accuracy: 0.759090909090909 43 0
Communication round: 87, Smart Eavesdropper Accuracy: 0.7931818181818182 43 0
Communication round: 88, Smart Eavesdropper Accuracy: 0.7954545454545454 43 0
Communication round: 89, Smart Eavesdropper Accuracy: 0.7977272727272727 43 0
Communication round: 90, Smart Eavesdropper Accuracy: 0.8045454545454546 43 0
Communication round: 91, Smart Eavesdropper Accuracy: 0.8227272727272728 43 0
Communication round: 92, Smart Eavesdropper Accuracy: 0.8045454545454546 43 0
Communication round: 93, Smart Eavesdropper Accuracy: 0.8068181818181818 43 0
Communication round: 94, Smart Eavesdropper Accuracy: 0.8477272727272728 43 0
Communication round: 95, Smart Eavesdropper Accuracy: 0.8272727272727273 43 0
Communication round: 96, Smart Eavesdropper Accuracy: 0.825 43 0
Communication round: 97, Smart Eavesdropper Accuracy: 0.8090909090909091 43 0
Communication round: 98, Smart Eavesdropper Accuracy: 0.8431818181818181 43 0
Communication round: 99, Smart Eavesdropper Accuracy: 0.8590909090909091 43 0
----------------------------------------------------------------------------------------------------
