----------------------------------------------------------------------------------------------------
P0_False_
----------------------------------------------------------------------------------------------------
Communication round: 0, Smart Eavesdropper Accuracy: 0.0880952380952381 0 0
Communication round: 1, Smart Eavesdropper Accuracy: 0.11190476190476191 1 1
Communication round: 2, Smart Eavesdropper Accuracy: 0.11666666666666667 1 0
Communication round: 3, Smart Eavesdropper Accuracy: 0.12142857142857143 1 0
Communication round: 4, Smart Eavesdropper Accuracy: 0.12857142857142856 1 0
Communication round: 5, Smart Eavesdropper Accuracy: 0.17142857142857143 1 0
Communication round: 6, Smart Eavesdropper Accuracy: 0.16428571428571428 1 0
Communication round: 7, Smart Eavesdropper Accuracy: 0.19523809523809524 1 0
Communication round: 8, Smart Eavesdropper Accuracy: 0.17142857142857143 1 0
Communication round: 9, Smart Eavesdropper Accuracy: 0.1595238095238095 1 0
Communication round: 10, Smart Eavesdropper Accuracy: 0.17142857142857143 2 1
Communication round: 11, Smart Eavesdropper Accuracy: 0.21428571428571427 3 1
Communication round: 12, Smart Eavesdropper Accuracy: 0.23095238095238096 4 1
Communication round: 13, Smart Eavesdropper Accuracy: 0.17857142857142858 4 0
Communication round: 14, Smart Eavesdropper Accuracy: 0.18333333333333332 5 1
Communication round: 15, Smart Eavesdropper Accuracy: 0.29523809523809524 5 0
Communication round: 16, Smart Eavesdropper Accuracy: 0.28809523809523807 5 0
Communication round: 17, Smart Eavesdropper Accuracy: 0.25 6 1
Communication round: 18, Smart Eavesdropper Accuracy: 0.27380952380952384 7 1
Communication round: 19, Smart Eavesdropper Accuracy: 0.2785714285714286 7 0
Communication round: 20, Smart Eavesdropper Accuracy: 0.2761904761904762 7 0
Communication round: 21, Smart Eavesdropper Accuracy: 0.2833333333333333 8 1
Communication round: 22, Smart Eavesdropper Accuracy: 0.2357142857142857 9 1
Communication round: 23, Smart Eavesdropper Accuracy: 0.24285714285714285 10 1
Communication round: 24, Smart Eavesdropper Accuracy: 0.20952380952380953 11 1
Communication round: 25, Smart Eavesdropper Accuracy: 0.19523809523809524 11 0
Communication round: 26, Smart Eavesdropper Accuracy: 0.25 11 0
Communication round: 27, Smart Eavesdropper Accuracy: 0.28809523809523807 11 0
Communication round: 28, Aggregated Accuracies: 0.12059523809523809 12
Communication round: 28, Smart Eavesdropper Accuracy: 0.29523809523809524 12 1
Communication round: 29, Aggregated Accuracies: 0.17476190476190467 13
Communication round: 29, Smart Eavesdropper Accuracy: 0.3761904761904762 13 1
Communication round: 30, Aggregated Accuracies: 0.1904761904761904 14
Communication round: 30, Smart Eavesdropper Accuracy: 0.3476190476190476 14 1
Communication round: 31, Smart Eavesdropper Accuracy: 0.36666666666666664 14 0
Communication round: 32, Smart Eavesdropper Accuracy: 0.3547619047619048 14 0
Communication round: 33, Smart Eavesdropper Accuracy: 0.3595238095238095 14 0
Communication round: 34, Smart Eavesdropper Accuracy: 0.3761904761904762 14 0
Communication round: 35, Smart Eavesdropper Accuracy: 0.41904761904761906 14 0
Communication round: 36, Smart Eavesdropper Accuracy: 0.36904761904761907 14 0
Communication round: 37, Smart Eavesdropper Accuracy: 0.3904761904761905 14 0
Communication round: 38, Smart Eavesdropper Accuracy: 0.40476190476190477 15 1
Communication round: 39, Smart Eavesdropper Accuracy: 0.36428571428571427 15 0
Communication round: 40, Smart Eavesdropper Accuracy: 0.36428571428571427 16 1
Communication round: 41, Smart Eavesdropper Accuracy: 0.3547619047619048 17 1
Communication round: 42, Smart Eavesdropper Accuracy: 0.35 17 0
Communication round: 43, Smart Eavesdropper Accuracy: 0.3404761904761905 18 1
Communication round: 44, Smart Eavesdropper Accuracy: 0.3761904761904762 18 0
Communication round: 45, Smart Eavesdropper Accuracy: 0.34523809523809523 19 1
Communication round: 46, Smart Eavesdropper Accuracy: 0.3547619047619048 19 0
Communication round: 47, Aggregated Accuracies: 0.21178571428571424 20
Communication round: 47, Smart Eavesdropper Accuracy: 0.3976190476190476 20 1
Communication round: 48, Aggregated Accuracies: 0.2228571428571427 21
Communication round: 48, Smart Eavesdropper Accuracy: 0.3952380952380952 21 1
Communication round: 49, Smart Eavesdropper Accuracy: 0.3952380952380952 22 1
Communication round: 50, Smart Eavesdropper Accuracy: 0.38571428571428573 22 0
Communication round: 51, Smart Eavesdropper Accuracy: 0.4166666666666667 23 1
Communication round: 52, Smart Eavesdropper Accuracy: 0.4142857142857143 24 1
Communication round: 53, Smart Eavesdropper Accuracy: 0.4023809523809524 24 0
Communication round: 54, Smart Eavesdropper Accuracy: 0.42142857142857143 24 0
Communication round: 55, Smart Eavesdropper Accuracy: 0.4166666666666667 24 0
Communication round: 56, Smart Eavesdropper Accuracy: 0.40714285714285714 25 1
Communication round: 57, Smart Eavesdropper Accuracy: 0.4238095238095238 26 1
Communication round: 58, Smart Eavesdropper Accuracy: 0.44285714285714284 26 0
Communication round: 59, Smart Eavesdropper Accuracy: 0.4523809523809524 26 0
Communication round: 60, Smart Eavesdropper Accuracy: 0.40476190476190477 26 0
Communication round: 61, Aggregated Accuracies: 0.2432142857142857 27
Communication round: 61, Smart Eavesdropper Accuracy: 0.44047619047619047 27 1
Communication round: 62, Smart Eavesdropper Accuracy: 0.34285714285714286 27 0
Communication round: 63, Aggregated Accuracies: 0.25750000000000006 28
Communication round: 63, Smart Eavesdropper Accuracy: 0.4238095238095238 28 1
Communication round: 64, Aggregated Accuracies: 0.28333333333333344 29
Communication round: 64, Smart Eavesdropper Accuracy: 0.41904761904761906 29 1
Communication round: 65, Aggregated Accuracies: 0.29559523809523813 30
Communication round: 65, Smart Eavesdropper Accuracy: 0.44285714285714284 30 1
Communication round: 66, Aggregated Accuracies: 0.30857142857142866 31
Communication round: 66, Smart Eavesdropper Accuracy: 0.4452380952380952 31 1
Communication round: 67, Aggregated Accuracies: 0.3203571428571429 32
Communication round: 67, Smart Eavesdropper Accuracy: 0.44761904761904764 32 1
Communication round: 68, Smart Eavesdropper Accuracy: 0.4 32 0
Communication round: 69, Smart Eavesdropper Accuracy: 0.3976190476190476 32 0
Communication round: 70, Smart Eavesdropper Accuracy: 0.4119047619047619 32 0
Communication round: 71, Smart Eavesdropper Accuracy: 0.43333333333333335 32 0
Communication round: 72, Aggregated Accuracies: 0.33226190476190465 33
Communication round: 72, Smart Eavesdropper Accuracy: 0.44761904761904764 33 1
Communication round: 73, Aggregated Accuracies: 0.3420238095238096 34
Communication round: 73, Smart Eavesdropper Accuracy: 0.4357142857142857 34 1
Communication round: 74, Smart Eavesdropper Accuracy: 0.4523809523809524 35 1
Communication round: 75, Smart Eavesdropper Accuracy: 0.45476190476190476 35 0
Communication round: 76, Smart Eavesdropper Accuracy: 0.4523809523809524 35 0
Communication round: 77, Smart Eavesdropper Accuracy: 0.44761904761904764 36 1
Communication round: 78, Smart Eavesdropper Accuracy: 0.45714285714285713 36 0
Communication round: 79, Smart Eavesdropper Accuracy: 0.430952380952381 36 0
Communication round: 80, Aggregated Accuracies: 0.3470238095238094 37
Communication round: 80, Smart Eavesdropper Accuracy: 0.45714285714285713 37 1
Communication round: 81, Smart Eavesdropper Accuracy: 0.44047619047619047 38 1
Communication round: 82, Smart Eavesdropper Accuracy: 0.44761904761904764 38 0
Communication round: 83, Smart Eavesdropper Accuracy: 0.4452380952380952 38 0
Communication round: 84, Smart Eavesdropper Accuracy: 0.3880952380952381 38 0
Communication round: 85, Smart Eavesdropper Accuracy: 0.4666666666666667 39 1
Communication round: 86, Smart Eavesdropper Accuracy: 0.46190476190476193 39 0
Communication round: 87, Aggregated Accuracies: 0.35940476190476184 40
Communication round: 87, Smart Eavesdropper Accuracy: 0.4595238095238095 40 1
Communication round: 88, Smart Eavesdropper Accuracy: 0.45714285714285713 40 0
Communication round: 89, Smart Eavesdropper Accuracy: 0.4595238095238095 40 0
Communication round: 90, Smart Eavesdropper Accuracy: 0.45714285714285713 41 1
Communication round: 91, Smart Eavesdropper Accuracy: 0.4595238095238095 42 1
Communication round: 92, Smart Eavesdropper Accuracy: 0.4595238095238095 42 0
Communication round: 93, Smart Eavesdropper Accuracy: 0.46190476190476193 43 1
Communication round: 94, Smart Eavesdropper Accuracy: 0.4666666666666667 43 0
Communication round: 95, Smart Eavesdropper Accuracy: 0.4785714285714286 44 1
Communication round: 96, Smart Eavesdropper Accuracy: 0.4785714285714286 44 0
Communication round: 97, Smart Eavesdropper Accuracy: 0.4738095238095238 44 0
Communication round: 98, Smart Eavesdropper Accuracy: 0.4714285714285714 45 1
Communication round: 99, Smart Eavesdropper Accuracy: 0.4666666666666667 46 1
Communication round: 100, Smart Eavesdropper Accuracy: 0.4738095238095238 47 1
Communication round: 101, Smart Eavesdropper Accuracy: 0.4738095238095238 47 0
Communication round: 102, Aggregated Accuracies: 0.36250000000000004 48
Communication round: 102, Smart Eavesdropper Accuracy: 0.4738095238095238 48 1
Communication round: 103, Smart Eavesdropper Accuracy: 0.4785714285714286 49 1
Communication round: 104, Smart Eavesdropper Accuracy: 0.47619047619047616 49 0
Communication round: 105, Smart Eavesdropper Accuracy: 0.4738095238095238 50 1
Communication round: 106, Smart Eavesdropper Accuracy: 0.49047619047619045 50 0
Communication round: 107, Smart Eavesdropper Accuracy: 0.4857142857142857 50 0
Communication round: 108, Smart Eavesdropper Accuracy: 0.4738095238095238 50 0
Communication round: 109, Smart Eavesdropper Accuracy: 0.48095238095238096 51 1
Communication round: 110, Smart Eavesdropper Accuracy: 0.4880952380952381 51 0
Communication round: 111, Aggregated Accuracies: 0.37654761904761913 52
Communication round: 111, Smart Eavesdropper Accuracy: 0.48333333333333334 52 1
Communication round: 112, Smart Eavesdropper Accuracy: 0.45714285714285713 53 1
Communication round: 113, Smart Eavesdropper Accuracy: 0.4523809523809524 54 1
Communication round: 114, Smart Eavesdropper Accuracy: 0.4595238095238095 55 1
Communication round: 115, Smart Eavesdropper Accuracy: 0.45 55 0
Communication round: 116, Aggregated Accuracies: 0.3782142857142858 56
Communication round: 116, Smart Eavesdropper Accuracy: 0.46904761904761905 56 1
Communication round: 117, Smart Eavesdropper Accuracy: 0.4738095238095238 57 1
Communication round: 118, Aggregated Accuracies: 0.3844047619047619 58
Communication round: 118, Smart Eavesdropper Accuracy: 0.2761904761904762 58 1
Communication round: 119, Smart Eavesdropper Accuracy: 0.45476190476190476 59 1
Communication round: 120, Aggregated Accuracies: 0.3951190476190476 60
Communication round: 120, Smart Eavesdropper Accuracy: 0.39285714285714285 60 1
Communication round: 121, Smart Eavesdropper Accuracy: 0.46190476190476193 60 0
Communication round: 122, Smart Eavesdropper Accuracy: 0.4595238095238095 60 0
Communication round: 123, Smart Eavesdropper Accuracy: 0.4714285714285714 60 0
Communication round: 124, Aggregated Accuracies: 0.400595238095238 61
Communication round: 124, Smart Eavesdropper Accuracy: 0.4595238095238095 61 1
Communication round: 125, Aggregated Accuracies: 0.4096428571428571 62
Communication round: 125, Smart Eavesdropper Accuracy: 0.4666666666666667 62 1
Communication round: 126, Smart Eavesdropper Accuracy: 0.4642857142857143 62 0
Communication round: 127, Smart Eavesdropper Accuracy: 0.4714285714285714 62 0
Communication round: 128, Smart Eavesdropper Accuracy: 0.46904761904761905 63 1
Communication round: 129, Aggregated Accuracies: 0.4134523809523809 64
Communication round: 129, Smart Eavesdropper Accuracy: 0.4595238095238095 64 1
Communication round: 130, Aggregated Accuracies: 0.4148809523809521 65
Communication round: 130, Smart Eavesdropper Accuracy: 0.4119047619047619 65 1
Communication round: 131, Smart Eavesdropper Accuracy: 0.5095238095238095 65 0
Communication round: 132, Smart Eavesdropper Accuracy: 0.5523809523809524 65 0
Communication round: 133, Smart Eavesdropper Accuracy: 0.5380952380952381 65 0
Communication round: 134, Aggregated Accuracies: 0.418333333333333 66
Communication round: 134, Smart Eavesdropper Accuracy: 0.5285714285714286 66 1
Communication round: 135, Smart Eavesdropper Accuracy: 0.5238095238095238 66 0
Communication round: 136, Aggregated Accuracies: 0.43238095238095225 67
Communication round: 136, Smart Eavesdropper Accuracy: 0.5261904761904762 67 1
Communication round: 137, Aggregated Accuracies: 0.44035714285714256 68
Communication round: 137, Smart Eavesdropper Accuracy: 0.46904761904761905 68 1
Communication round: 138, Aggregated Accuracies: 0.4439285714285714 69
Communication round: 138, Smart Eavesdropper Accuracy: 0.4857142857142857 69 1
Communication round: 139, Aggregated Accuracies: 0.45202380952380933 70
Communication round: 139, Smart Eavesdropper Accuracy: 0.5380952380952381 70 1
Communication round: 140, Aggregated Accuracies: 0.4564285714285714 71
Communication round: 140, Eavesdropper Accuracy: 0.430952380952381 71 1
Communication round: 141, Aggregated Accuracies: 0.46535714285714264 72
Communication round: 141, Eavesdropper Accuracy: 0.4357142857142857 72 1
Communication round: 142, Eavesdropper Accuracy: 0.4357142857142857 72 0
Communication round: 143, Smart Eavesdropper Accuracy: 0.45714285714285713 72 0
Communication round: 144, Smart Eavesdropper Accuracy: 0.14523809523809525 72 0
Communication round: 145, Smart Eavesdropper Accuracy: 0.3357142857142857 72 0
Communication round: 146, Smart Eavesdropper Accuracy: 0.30952380952380953 72 0
Communication round: 147, Aggregated Accuracies: 0.46892857142857125 73
Communication round: 147, Smart Eavesdropper Accuracy: 0.33095238095238094 73 1
Communication round: 148, Aggregated Accuracies: 0.47535714285714314 74
Communication round: 148, Smart Eavesdropper Accuracy: 0.3333333333333333 74 1
Communication round: 149, Aggregated Accuracies: 0.484642857142857 75
Communication round: 149, Smart Eavesdropper Accuracy: 0.36904761904761907 75 1
Communication round: 150, Aggregated Accuracies: 0.4965476190476191 76
Communication round: 150, Eavesdropper Accuracy: 0.47619047619047616 76 1
Communication round: 151, Aggregated Accuracies: 0.4945238095238095 77
Communication round: 151, Eavesdropper Accuracy: 0.4880952380952381 77 1
Communication round: 152, Eavesdropper Accuracy: 0.4880952380952381 77 0
Communication round: 153, Smart Eavesdropper Accuracy: 0.44047619047619047 77 0
Communication round: 154, Aggregated Accuracies: 0.511547619047619 78
Communication round: 154, Eavesdropper Accuracy: 0.4976190476190476 78 1
Communication round: 155, Smart Eavesdropper Accuracy: 0.48333333333333334 78 0
Communication round: 156, Smart Eavesdropper Accuracy: 0.4142857142857143 78 0
Communication round: 157, Smart Eavesdropper Accuracy: 0.4166666666666667 79 1
Communication round: 158, Smart Eavesdropper Accuracy: 0.4119047619047619 79 0
Communication round: 159, Aggregated Accuracies: 0.5214285714285712 80
Communication round: 159, Smart Eavesdropper Accuracy: 0.43333333333333335 80 1
Communication round: 160, Smart Eavesdropper Accuracy: 0.3738095238095238 80 0
Communication round: 161, Smart Eavesdropper Accuracy: 0.20238095238095238 80 0
Communication round: 162, Smart Eavesdropper Accuracy: 0.36904761904761907 80 0
Communication round: 163, Smart Eavesdropper Accuracy: 0.3261904761904762 80 0
Communication round: 164, Aggregated Accuracies: 0.5326190476190478 81
Communication round: 164, Smart Eavesdropper Accuracy: 0.36428571428571427 81 1
Communication round: 165, Aggregated Accuracies: 0.5355952380952381 82
Communication round: 165, Smart Eavesdropper Accuracy: 0.38333333333333336 82 1
Communication round: 166, Aggregated Accuracies: 0.5498809523809527 83
Communication round: 166, Smart Eavesdropper Accuracy: 0.38333333333333336 83 1
Communication round: 167, Smart Eavesdropper Accuracy: 0.38571428571428573 83 0
Communication round: 168, Aggregated Accuracies: 0.5667857142857143 84
Communication round: 168, Smart Eavesdropper Accuracy: 0.3333333333333333 84 1
Communication round: 169, Aggregated Accuracies: 0.5686904761904763 85
Communication round: 169, Smart Eavesdropper Accuracy: 0.4261904761904762 85 1
Communication round: 170, Smart Eavesdropper Accuracy: 0.36666666666666664 85 0
Communication round: 171, Aggregated Accuracies: 0.5872619047619049 86
Communication round: 171, Smart Eavesdropper Accuracy: 0.4119047619047619 86 1
Communication round: 172, Smart Eavesdropper Accuracy: 0.44285714285714284 86 0
Communication round: 173, Smart Eavesdropper Accuracy: 0.43333333333333335 86 0
Communication round: 174, Smart Eavesdropper Accuracy: 0.38571428571428573 86 0
Communication round: 175, Smart Eavesdropper Accuracy: 0.44047619047619047 86 0
Communication round: 176, Aggregated Accuracies: 0.5980952380952381 87
Communication round: 176, Smart Eavesdropper Accuracy: 0.4 87 1
Communication round: 177, Smart Eavesdropper Accuracy: 0.3619047619047619 87 0
Communication round: 178, Aggregated Accuracies: 0.6080952380952379 88
Communication round: 178, Smart Eavesdropper Accuracy: 0.3952380952380952 88 1
Communication round: 179, Smart Eavesdropper Accuracy: 0.4357142857142857 88 0
Communication round: 180, Smart Eavesdropper Accuracy: 0.45476190476190476 88 0
Communication round: 181, Aggregated Accuracies: 0.6226190476190474 89
Communication round: 181, Smart Eavesdropper Accuracy: 0.430952380952381 89 1
Communication round: 182, Aggregated Accuracies: 0.6271428571428571 90
Communication round: 182, Smart Eavesdropper Accuracy: 0.43333333333333335 90 1
Communication round: 183, Smart Eavesdropper Accuracy: 0.45 91 1
Communication round: 184, Aggregated Accuracies: 0.6375000000000002 92
Communication round: 184, Smart Eavesdropper Accuracy: 0.36666666666666664 92 1
Communication round: 185, Aggregated Accuracies: 0.6420238095238097 93
Communication round: 185, Smart Eavesdropper Accuracy: 0.40476190476190477 93 1
Communication round: 186, Aggregated Accuracies: 0.6561904761904762 94
Communication round: 186, Eavesdropper Accuracy: 0.6666666666666666 94 1
Communication round: 187, Aggregated Accuracies: 0.649404761904762 95
Communication round: 187, Eavesdropper Accuracy: 0.680952380952381 95 1
Communication round: 188, Aggregated Accuracies: 0.6633333333333333 96
Communication round: 188, Eavesdropper Accuracy: 0.6928571428571428 96 1
Communication round: 189, Aggregated Accuracies: 0.6730952380952379 97
Communication round: 189, Eavesdropper Accuracy: 0.6952380952380952 97 1
Communication round: 190, Aggregated Accuracies: 0.6811904761904762 98
Communication round: 190, Eavesdropper Accuracy: 0.6976190476190476 98 1
Communication round: 191, Aggregated Accuracies: 0.6879761904761901 99
Communication round: 191, Eavesdropper Accuracy: 0.7095238095238096 99 1
Communication round: 192, Eavesdropper Accuracy: 0.7095238095238096 100 1
Communication round: 193, Eavesdropper Accuracy: 0.7095238095238096 101 1
Communication round: 194, Eavesdropper Accuracy: 0.7095238095238096 102 1
Communication round: 195, Eavesdropper Accuracy: 0.7095238095238096 103 1
Communication round: 196, Aggregated Accuracies: 0.6873809523809523 104
Communication round: 196, Eavesdropper Accuracy: 0.7119047619047619 104 1
Communication round: 197, Aggregated Accuracies: 0.6994047619047614 105
Communication round: 197, Eavesdropper Accuracy: 0.7214285714285714 105 1
Communication round: 198, Aggregated Accuracies: 0.7017857142857141 106
Communication round: 198, Eavesdropper Accuracy: 0.7261904761904762 106 1
Communication round: 199, Aggregated Accuracies: 0.7084523809523807 107
Communication round: 199, Eavesdropper Accuracy: 0.7333333333333333 107 1
----------------------------------------------------------------------------------------------------
