----------------------------------------------------------------------------------------------------
P0_False_
----------------------------------------------------------------------------------------------------
Communication round: 0, Eavesdropper Accuracy: 0.08863636363636364 1 1
Communication round: 1, Eavesdropper Accuracy: 0.07272727272727272 2 1
Communication round: 2, Eavesdropper Accuracy: 0.08636363636363636 2 0
Communication round: 3, Eavesdropper Accuracy: 0.10227272727272728 3 1
Communication round: 4, Eavesdropper Accuracy: 0.08636363636363636 4 1
Communication round: 5, Eavesdropper Accuracy: 0.07954545454545454 5 1
Communication round: 6, Eavesdropper Accuracy: 0.08863636363636364 6 1
Communication round: 7, Eavesdropper Accuracy: 0.08636363636363636 6 0
Communication round: 8, Eavesdropper Accuracy: 0.075 7 1
Communication round: 9, Eavesdropper Accuracy: 0.11363636363636363 8 1
Communication round: 10, Eavesdropper Accuracy: 0.07727272727272727 8 0
Communication round: 11, Aggregated Accuracies: 0.14666666666666667 9
Communication round: 11, Eavesdropper Accuracy: 0.15227272727272728 9 1
Communication round: 12, Aggregated Accuracies: 0.23404761904761912 10
Communication round: 12, Eavesdropper Accuracy: 0.2318181818181818 10 1
Communication round: 13, Eavesdropper Accuracy: 0.225 10 0
Communication round: 14, Eavesdropper Accuracy: 0.22954545454545455 11 1
Communication round: 15, Eavesdropper Accuracy: 0.2409090909090909 12 1
Communication round: 16, Eavesdropper Accuracy: 0.24545454545454545 13 1
Communication round: 17, Eavesdropper Accuracy: 0.22727272727272727 13 0
Communication round: 18, Eavesdropper Accuracy: 0.2431818181818182 13 0
Communication round: 19, Eavesdropper Accuracy: 0.2431818181818182 13 0
Communication round: 20, Eavesdropper Accuracy: 0.23863636363636365 13 0
Communication round: 21, Eavesdropper Accuracy: 0.2545454545454545 13 0
Communication round: 22, Eavesdropper Accuracy: 0.2340909090909091 14 1
Communication round: 23, Eavesdropper Accuracy: 0.2409090909090909 15 1
Communication round: 24, Eavesdropper Accuracy: 0.2431818181818182 15 0
Communication round: 25, Eavesdropper Accuracy: 0.26136363636363635 16 1
Communication round: 26, Eavesdropper Accuracy: 0.22272727272727272 17 1
Communication round: 27, Eavesdropper Accuracy: 0.21363636363636362 18 1
Communication round: 28, Eavesdropper Accuracy: 0.19772727272727272 19 1
Communication round: 29, Eavesdropper Accuracy: 0.20454545454545456 20 1
Communication round: 30, Aggregated Accuracies: 0.32523809523809527 21
Communication round: 30, Eavesdropper Accuracy: 0.3568181818181818 21 1
Communication round: 31, Eavesdropper Accuracy: 0.3477272727272727 22 1
Communication round: 32, Eavesdropper Accuracy: 0.35454545454545455 23 1
Communication round: 33, Eavesdropper Accuracy: 0.3477272727272727 23 0
Communication round: 34, Eavesdropper Accuracy: 0.3613636363636364 23 0
Communication round: 35, Eavesdropper Accuracy: 0.37272727272727274 23 0
Communication round: 36, Eavesdropper Accuracy: 0.3568181818181818 24 1
Communication round: 37, Eavesdropper Accuracy: 0.3522727272727273 25 1
Communication round: 38, Eavesdropper Accuracy: 0.3931818181818182 26 1
Communication round: 39, Eavesdropper Accuracy: 0.35909090909090907 26 0
Communication round: 40, Eavesdropper Accuracy: 0.36363636363636365 26 0
Communication round: 41, Eavesdropper Accuracy: 0.3568181818181818 26 0
Communication round: 42, Eavesdropper Accuracy: 0.3659090909090909 26 0
Communication round: 43, Aggregated Accuracies: 0.4121428571428572 27
Communication round: 43, Eavesdropper Accuracy: 0.45 27 1
Communication round: 44, Aggregated Accuracies: 0.44678571428571434 28
Communication round: 44, Eavesdropper Accuracy: 0.4863636363636364 28 1
Communication round: 45, Aggregated Accuracies: 0.4979761904761905 29
Communication round: 45, Eavesdropper Accuracy: 0.5318181818181819 29 1
Communication round: 46, Eavesdropper Accuracy: 0.5522727272727272 29 0
Communication round: 47, Eavesdropper Accuracy: 0.5227272727272727 29 0
Communication round: 48, Eavesdropper Accuracy: 0.5386363636363637 30 1
Communication round: 49, Eavesdropper Accuracy: 0.5568181818181818 31 1
Communication round: 50, Eavesdropper Accuracy: 0.5454545454545454 32 1
Communication round: 51, Eavesdropper Accuracy: 0.5363636363636364 33 1
Communication round: 52, Eavesdropper Accuracy: 0.5409090909090909 34 1
Communication round: 53, Eavesdropper Accuracy: 0.5431818181818182 34 0
Communication round: 54, Eavesdropper Accuracy: 0.5545454545454546 35 1
Communication round: 55, Eavesdropper Accuracy: 0.525 36 1
Communication round: 56, Eavesdropper Accuracy: 0.5568181818181818 37 1
Communication round: 57, Eavesdropper Accuracy: 0.509090909090909 37 0
Communication round: 58, Eavesdropper Accuracy: 0.5431818181818182 38 1
Communication round: 59, Eavesdropper Accuracy: 0.509090909090909 39 1
Communication round: 60, Eavesdropper Accuracy: 0.55 40 1
Communication round: 61, Eavesdropper Accuracy: 0.5136363636363637 40 0
Communication round: 62, Eavesdropper Accuracy: 0.5363636363636364 40 0
Communication round: 63, Eavesdropper Accuracy: 0.55 41 1
Communication round: 64, Eavesdropper Accuracy: 0.4954545454545455 42 1
Communication round: 65, Eavesdropper Accuracy: 0.5431818181818182 43 1
Communication round: 66, Eavesdropper Accuracy: 0.5454545454545454 43 0
Communication round: 67, Eavesdropper Accuracy: 0.5568181818181818 43 0
Communication round: 68, Eavesdropper Accuracy: 0.5113636363636364 44 1
Communication round: 69, Eavesdropper Accuracy: 0.5477272727272727 45 1
Communication round: 70, Eavesdropper Accuracy: 0.5318181818181819 45 0
Communication round: 71, Eavesdropper Accuracy: 0.5318181818181819 45 0
Communication round: 72, Eavesdropper Accuracy: 0.5159090909090909 45 0
Communication round: 73, Eavesdropper Accuracy: 0.5295454545454545 45 0
Communication round: 74, Eavesdropper Accuracy: 0.55 46 1
Communication round: 75, Eavesdropper Accuracy: 0.5318181818181819 46 0
Communication round: 76, Eavesdropper Accuracy: 0.5227272727272727 46 0
Communication round: 77, Eavesdropper Accuracy: 0.5613636363636364 46 0
Communication round: 78, Eavesdropper Accuracy: 0.525 46 0
Communication round: 79, Eavesdropper Accuracy: 0.5181818181818182 47 1
Communication round: 80, Eavesdropper Accuracy: 0.5159090909090909 48 1
Communication round: 81, Eavesdropper Accuracy: 0.5477272727272727 48 0
Communication round: 82, Eavesdropper Accuracy: 0.5431818181818182 48 0
Communication round: 83, Eavesdropper Accuracy: 0.5227272727272727 48 0
Communication round: 84, Eavesdropper Accuracy: 0.5227272727272727 48 0
Communication round: 85, Aggregated Accuracies: 0.54 49
Communication round: 85, Eavesdropper Accuracy: 0.5931818181818181 49 1
Communication round: 86, Eavesdropper Accuracy: 0.5977272727272728 49 0
Communication round: 87, Eavesdropper Accuracy: 0.5772727272727273 49 0
Communication round: 88, Eavesdropper Accuracy: 0.6204545454545455 49 0
Communication round: 89, Eavesdropper Accuracy: 0.5977272727272728 49 0
Communication round: 90, Eavesdropper Accuracy: 0.5727272727272728 50 1
Communication round: 91, Eavesdropper Accuracy: 0.5863636363636363 51 1
Communication round: 92, Eavesdropper Accuracy: 0.5590909090909091 51 0
Communication round: 93, Eavesdropper Accuracy: 0.5954545454545455 51 0
Communication round: 94, Eavesdropper Accuracy: 0.615909090909091 51 0
Communication round: 95, Eavesdropper Accuracy: 0.6227272727272727 52 1
Communication round: 96, Eavesdropper Accuracy: 0.5863636363636363 53 1
Communication round: 97, Eavesdropper Accuracy: 0.5795454545454546 53 0
Communication round: 98, Eavesdropper Accuracy: 0.5613636363636364 54 1
Communication round: 99, Eavesdropper Accuracy: 0.5977272727272728 54 0
----------------------------------------------------------------------------------------------------
----------------------------------------------------------------------------------------------------
P0_False_
----------------------------------------------------------------------------------------------------
Communication round: 0, Smart Eavesdropper Accuracy: 0.1318181818181818 0 0
Communication round: 1, Smart Eavesdropper Accuracy: 0.20681818181818182 1 1
Communication round: 2, Smart Eavesdropper Accuracy: 0.23636363636363636 1 0
Communication round: 3, Smart Eavesdropper Accuracy: 0.22727272727272727 2 1
Communication round: 4, Eavesdropper Accuracy: 0.12272727272727273 3 1
Communication round: 5, Smart Eavesdropper Accuracy: 0.2409090909090909 3 0
Communication round: 6, Eavesdropper Accuracy: 0.12954545454545455 4 1
Communication round: 7, Smart Eavesdropper Accuracy: 0.20227272727272727 4 0
Communication round: 8, Eavesdropper Accuracy: 0.12045454545454545 5 1
Communication round: 9, Smart Eavesdropper Accuracy: 0.2 5 0
Communication round: 10, Smart Eavesdropper Accuracy: 0.2 5 0
Communication round: 11, Smart Eavesdropper Accuracy: 0.25681818181818183 6 1
Communication round: 12, Smart Eavesdropper Accuracy: 0.29545454545454547 6 0
Communication round: 13, Smart Eavesdropper Accuracy: 0.3568181818181818 7 1
Communication round: 14, Smart Eavesdropper Accuracy: 0.3 7 0
Communication round: 15, Smart Eavesdropper Accuracy: 0.32954545454545453 7 0
Communication round: 16, Smart Eavesdropper Accuracy: 0.29545454545454547 8 1
Communication round: 17, Aggregated Accuracies: 0.1765476190476191 9
Communication round: 17, Smart Eavesdropper Accuracy: 0.27954545454545454 9 1
Communication round: 18, Aggregated Accuracies: 0.22619047619047614 10
Communication round: 18, Eavesdropper Accuracy: 0.26136363636363635 10 1
Communication round: 19, Smart Eavesdropper Accuracy: 0.22954545454545455 10 0
Communication round: 20, Eavesdropper Accuracy: 0.2681818181818182 11 1
Communication round: 21, Smart Eavesdropper Accuracy: 0.20454545454545456 11 0
Communication round: 22, Smart Eavesdropper Accuracy: 0.29772727272727273 11 0
Communication round: 23, Aggregated Accuracies: 0.29595238095238097 12
Communication round: 23, Smart Eavesdropper Accuracy: 0.2840909090909091 12 1
Communication round: 24, Aggregated Accuracies: 0.3589285714285716 13
Communication round: 24, Eavesdropper Accuracy: 0.4409090909090909 13 1
Communication round: 25, Smart Eavesdropper Accuracy: 0.3522727272727273 13 0
Communication round: 26, Smart Eavesdropper Accuracy: 0.29545454545454547 13 0
Communication round: 27, Smart Eavesdropper Accuracy: 0.325 13 0
Communication round: 28, Aggregated Accuracies: 0.44952380952380955 14
Communication round: 28, Smart Eavesdropper Accuracy: 0.2840909090909091 14 1
Communication round: 29, Smart Eavesdropper Accuracy: 0.3477272727272727 14 0
Communication round: 30, Smart Eavesdropper Accuracy: 0.39090909090909093 15 1
Communication round: 31, Smart Eavesdropper Accuracy: 0.3386363636363636 15 0
Communication round: 32, Smart Eavesdropper Accuracy: 0.3886363636363636 16 1
Communication round: 33, Smart Eavesdropper Accuracy: 0.41363636363636364 17 1
Communication round: 34, Eavesdropper Accuracy: 0.5477272727272727 18 1
Communication round: 35, Smart Eavesdropper Accuracy: 0.4159090909090909 18 0
Communication round: 36, Eavesdropper Accuracy: 0.5295454545454545 19 1
Communication round: 37, Smart Eavesdropper Accuracy: 0.32727272727272727 19 0
Communication round: 38, Smart Eavesdropper Accuracy: 0.3431818181818182 19 0
Communication round: 39, Smart Eavesdropper Accuracy: 0.4068181818181818 19 0
Communication round: 40, Smart Eavesdropper Accuracy: 0.43863636363636366 19 0
Communication round: 41, Aggregated Accuracies: 0.48130952380952385 20
Communication round: 41, Smart Eavesdropper Accuracy: 0.375 20 1
Communication round: 42, Smart Eavesdropper Accuracy: 0.41363636363636364 20 0
Communication round: 43, Smart Eavesdropper Accuracy: 0.4159090909090909 21 1
Communication round: 44, Smart Eavesdropper Accuracy: 0.4159090909090909 21 0
Communication round: 45, Smart Eavesdropper Accuracy: 0.4318181818181818 21 0
Communication round: 46, Smart Eavesdropper Accuracy: 0.4113636363636364 21 0
Communication round: 47, Smart Eavesdropper Accuracy: 0.425 22 1
Communication round: 48, Smart Eavesdropper Accuracy: 0.47045454545454546 22 0
Communication round: 49, Smart Eavesdropper Accuracy: 0.4159090909090909 22 0
Communication round: 50, Smart Eavesdropper Accuracy: 0.5045454545454545 23 1
Communication round: 51, Smart Eavesdropper Accuracy: 0.48863636363636365 23 0
Communication round: 52, Smart Eavesdropper Accuracy: 0.475 23 0
Communication round: 53, Aggregated Accuracies: 0.5267857142857143 24
Communication round: 53, Smart Eavesdropper Accuracy: 0.4818181818181818 24 1
Communication round: 54, Aggregated Accuracies: 0.563452380952381 25
Communication round: 54, Smart Eavesdropper Accuracy: 0.4409090909090909 25 1
Communication round: 55, Smart Eavesdropper Accuracy: 0.4659090909090909 25 0
Communication round: 56, Aggregated Accuracies: 0.6051190476190474 26
Communication round: 56, Smart Eavesdropper Accuracy: 0.4659090909090909 26 1
Communication round: 57, Aggregated Accuracies: 0.635357142857143 27
Communication round: 57, Smart Eavesdropper Accuracy: 0.49318181818181817 27 1
Communication round: 58, Aggregated Accuracies: 0.6669047619047619 28
Communication round: 58, Smart Eavesdropper Accuracy: 0.525 28 1
Communication round: 59, Smart Eavesdropper Accuracy: 0.4636363636363636 29 1
Communication round: 60, Smart Eavesdropper Accuracy: 0.5113636363636364 29 0
Communication round: 61, Smart Eavesdropper Accuracy: 0.4681818181818182 29 0
Communication round: 62, Smart Eavesdropper Accuracy: 0.4431818181818182 29 0
Communication round: 63, Smart Eavesdropper Accuracy: 0.5068181818181818 29 0
Communication round: 64, Smart Eavesdropper Accuracy: 0.49318181818181817 30 1
Communication round: 65, Smart Eavesdropper Accuracy: 0.5022727272727273 30 0
Communication round: 66, Smart Eavesdropper Accuracy: 0.5295454545454545 30 0
Communication round: 67, Smart Eavesdropper Accuracy: 0.5136363636363637 30 0
Communication round: 68, Smart Eavesdropper Accuracy: 0.5590909090909091 31 1
Communication round: 69, Smart Eavesdropper Accuracy: 0.575 31 0
Communication round: 70, Smart Eavesdropper Accuracy: 0.5295454545454545 31 0
Communication round: 71, Smart Eavesdropper Accuracy: 0.5545454545454546 31 0
Communication round: 72, Smart Eavesdropper Accuracy: 0.5136363636363637 32 1
Communication round: 73, Smart Eavesdropper Accuracy: 0.5909090909090909 32 0
Communication round: 74, Smart Eavesdropper Accuracy: 0.525 32 0
Communication round: 75, Smart Eavesdropper Accuracy: 0.5818181818181818 33 1
Communication round: 76, Smart Eavesdropper Accuracy: 0.5613636363636364 34 1
Communication round: 77, Smart Eavesdropper Accuracy: 0.5568181818181818 34 0
Communication round: 78, Smart Eavesdropper Accuracy: 0.509090909090909 35 1
Communication round: 79, Smart Eavesdropper Accuracy: 0.5204545454545455 36 1
Communication round: 80, Smart Eavesdropper Accuracy: 0.5318181818181819 36 0
Communication round: 81, Smart Eavesdropper Accuracy: 0.55 36 0
Communication round: 82, Smart Eavesdropper Accuracy: 0.5613636363636364 36 0
Communication round: 83, Smart Eavesdropper Accuracy: 0.5659090909090909 36 0
Communication round: 84, Smart Eavesdropper Accuracy: 0.5977272727272728 37 1
Communication round: 85, Smart Eavesdropper Accuracy: 0.5840909090909091 37 0
Communication round: 86, Smart Eavesdropper Accuracy: 0.5568181818181818 38 1
Communication round: 87, Smart Eavesdropper Accuracy: 0.6136363636363636 38 0
Communication round: 88, Smart Eavesdropper Accuracy: 0.5954545454545455 39 1
Communication round: 89, Smart Eavesdropper Accuracy: 0.6045454545454545 39 0
Communication round: 90, Smart Eavesdropper Accuracy: 0.6113636363636363 40 1
Communication round: 91, Smart Eavesdropper Accuracy: 0.6386363636363637 41 1
Communication round: 92, Smart Eavesdropper Accuracy: 0.6045454545454545 41 0
Communication round: 93, Smart Eavesdropper Accuracy: 0.5886363636363636 42 1
Communication round: 94, Smart Eavesdropper Accuracy: 0.6068181818181818 42 0
Communication round: 95, Smart Eavesdropper Accuracy: 0.6272727272727273 43 1
Communication round: 96, Smart Eavesdropper Accuracy: 0.5681818181818182 44 1
Communication round: 97, Smart Eavesdropper Accuracy: 0.615909090909091 44 0
Communication round: 98, Smart Eavesdropper Accuracy: 0.5454545454545454 44 0
Communication round: 99, Smart Eavesdropper Accuracy: 0.5909090909090909 45 1
----------------------------------------------------------------------------------------------------
----------------------------------------------------------------------------------------------------
P0_False_
----------------------------------------------------------------------------------------------------
Communication round: 0, Eavesdropper Accuracy: 0.04090909090909091 1 1
Communication round: 1, Eavesdropper Accuracy: 0.03636363636363636 2 1
Communication round: 2, Eavesdropper Accuracy: 0.045454545454545456 3 1
Communication round: 3, Eavesdropper Accuracy: 0.045454545454545456 3 0
Communication round: 4, Eavesdropper Accuracy: 0.031818181818181815 3 0
Communication round: 5, Eavesdropper Accuracy: 0.03636363636363636 4 1
Communication round: 6, Eavesdropper Accuracy: 0.045454545454545456 5 1
Communication round: 7, Eavesdropper Accuracy: 0.045454545454545456 6 1
Communication round: 8, Eavesdropper Accuracy: 0.04772727272727273 7 1
Communication round: 9, Eavesdropper Accuracy: 0.04318181818181818 7 0
Communication round: 10, Eavesdropper Accuracy: 0.056818181818181816 7 0
Communication round: 11, Eavesdropper Accuracy: 0.038636363636363635 7 0
Communication round: 12, Eavesdropper Accuracy: 0.04318181818181818 8 1
Communication round: 13, Eavesdropper Accuracy: 0.04090909090909091 8 0
Communication round: 14, Eavesdropper Accuracy: 0.04772727272727273 9 1
Communication round: 15, Eavesdropper Accuracy: 0.04318181818181818 9 0
Communication round: 16, Eavesdropper Accuracy: 0.05 10 1
Communication round: 17, Eavesdropper Accuracy: 0.038636363636363635 10 0
Communication round: 18, Eavesdropper Accuracy: 0.04090909090909091 10 0
Communication round: 19, Eavesdropper Accuracy: 0.04090909090909091 11 1
Communication round: 20, Eavesdropper Accuracy: 0.031818181818181815 12 1
Communication round: 21, Eavesdropper Accuracy: 0.05 12 0
Communication round: 22, Eavesdropper Accuracy: 0.03636363636363636 12 0
Communication round: 23, Smart Eavesdropper Accuracy: 0.15454545454545454 12 0
Communication round: 24, Eavesdropper Accuracy: 0.05909090909090909 13 1
Communication round: 25, Eavesdropper Accuracy: 0.06136363636363636 14 1
Communication round: 26, Eavesdropper Accuracy: 0.038636363636363635 14 0
Communication round: 27, Smart Eavesdropper Accuracy: 0.1318181818181818 14 0
Communication round: 28, Eavesdropper Accuracy: 0.038636363636363635 15 1
Communication round: 29, Eavesdropper Accuracy: 0.029545454545454545 16 1
Communication round: 30, Eavesdropper Accuracy: 0.05454545454545454 17 1
Communication round: 31, Eavesdropper Accuracy: 0.04090909090909091 17 0
Communication round: 32, Eavesdropper Accuracy: 0.04090909090909091 18 1
Communication round: 33, Eavesdropper Accuracy: 0.04090909090909091 18 0
Communication round: 34, Eavesdropper Accuracy: 0.05227272727272727 19 1
Communication round: 35, Eavesdropper Accuracy: 0.045454545454545456 20 1
Communication round: 36, Eavesdropper Accuracy: 0.045454545454545456 20 0
Communication round: 37, Eavesdropper Accuracy: 0.03409090909090909 20 0
Communication round: 38, Eavesdropper Accuracy: 0.05227272727272727 20 0
Communication round: 39, Eavesdropper Accuracy: 0.04090909090909091 21 1
Communication round: 40, Eavesdropper Accuracy: 0.04318181818181818 22 1
Communication round: 41, Eavesdropper Accuracy: 0.05227272727272727 22 0
Communication round: 42, Eavesdropper Accuracy: 0.04772727272727273 23 1
Communication round: 43, Eavesdropper Accuracy: 0.05 23 0
Communication round: 44, Eavesdropper Accuracy: 0.04090909090909091 23 0
Communication round: 45, Smart Eavesdropper Accuracy: 0.1590909090909091 23 0
Communication round: 46, Eavesdropper Accuracy: 0.045454545454545456 24 1
Communication round: 47, Smart Eavesdropper Accuracy: 0.1318181818181818 24 0
Communication round: 48, Smart Eavesdropper Accuracy: 0.2636363636363636 24 0
Communication round: 49, Smart Eavesdropper Accuracy: 0.22045454545454546 25 1
Communication round: 50, Smart Eavesdropper Accuracy: 0.29318181818181815 25 0
Communication round: 51, Smart Eavesdropper Accuracy: 0.2909090909090909 25 0
Communication round: 52, Smart Eavesdropper Accuracy: 0.31136363636363634 26 1
Communication round: 53, Smart Eavesdropper Accuracy: 0.3159090909090909 27 1
Communication round: 54, Smart Eavesdropper Accuracy: 0.3409090909090909 27 0
Communication round: 55, Smart Eavesdropper Accuracy: 0.3090909090909091 28 1
Communication round: 56, Eavesdropper Accuracy: 0.05227272727272727 29 1
Communication round: 57, Smart Eavesdropper Accuracy: 0.16136363636363638 29 0
Communication round: 58, Eavesdropper Accuracy: 0.05227272727272727 30 1
Communication round: 59, Eavesdropper Accuracy: 0.03636363636363636 31 1
Communication round: 60, Eavesdropper Accuracy: 0.038636363636363635 31 0
Communication round: 61, Smart Eavesdropper Accuracy: 0.15 31 0
Communication round: 62, Eavesdropper Accuracy: 0.05 32 1
Communication round: 63, Smart Eavesdropper Accuracy: 0.14545454545454545 32 0
Communication round: 64, Smart Eavesdropper Accuracy: 0.2431818181818182 32 0
Communication round: 65, Smart Eavesdropper Accuracy: 0.18409090909090908 33 1
Communication round: 66, Smart Eavesdropper Accuracy: 0.31136363636363634 33 0
Communication round: 67, Smart Eavesdropper Accuracy: 0.29318181818181815 34 1
Communication round: 68, Smart Eavesdropper Accuracy: 0.3409090909090909 34 0
Communication round: 69, Smart Eavesdropper Accuracy: 0.31363636363636366 34 0
Communication round: 70, Smart Eavesdropper Accuracy: 0.3386363636363636 34 0
Communication round: 71, Smart Eavesdropper Accuracy: 0.3477272727272727 34 0
Communication round: 72, Smart Eavesdropper Accuracy: 0.3340909090909091 35 1
Communication round: 73, Smart Eavesdropper Accuracy: 0.32045454545454544 35 0
Communication round: 74, Smart Eavesdropper Accuracy: 0.3568181818181818 36 1
Communication round: 75, Smart Eavesdropper Accuracy: 0.41363636363636364 36 0
Communication round: 76, Smart Eavesdropper Accuracy: 0.3704545454545455 37 1
Communication round: 77, Smart Eavesdropper Accuracy: 0.40454545454545454 37 0
Communication round: 78, Aggregated Accuracies: 0.10273809523809523 38
Communication round: 78, Smart Eavesdropper Accuracy: 0.38181818181818183 38 1
Communication round: 79, Smart Eavesdropper Accuracy: 0.43636363636363634 38 0
Communication round: 80, Aggregated Accuracies: 0.16416666666666663 39
Communication round: 80, Smart Eavesdropper Accuracy: 0.3704545454545455 39 1
Communication round: 81, Aggregated Accuracies: 0.22154761904761902 40
Communication round: 81, Smart Eavesdropper Accuracy: 0.42272727272727273 40 1
Communication round: 82, Smart Eavesdropper Accuracy: 0.425 40 0
Communication round: 83, Smart Eavesdropper Accuracy: 0.4772727272727273 41 1
Communication round: 84, Smart Eavesdropper Accuracy: 0.4590909090909091 42 1
Communication round: 85, Smart Eavesdropper Accuracy: 0.45 43 1
Communication round: 86, Eavesdropper Accuracy: 0.24545454545454545 44 1
Communication round: 87, Eavesdropper Accuracy: 0.2636363636363636 45 1
Communication round: 88, Eavesdropper Accuracy: 0.2431818181818182 45 0
Communication round: 89, Eavesdropper Accuracy: 0.22954545454545455 46 1
Communication round: 90, Eavesdropper Accuracy: 0.23636363636363636 46 0
Communication round: 91, Smart Eavesdropper Accuracy: 0.2545454545454545 46 0
Communication round: 92, Eavesdropper Accuracy: 0.2636363636363636 47 1
Communication round: 93, Eavesdropper Accuracy: 0.23863636363636365 48 1
Communication round: 94, Eavesdropper Accuracy: 0.24772727272727274 48 0
Communication round: 95, Eavesdropper Accuracy: 0.25227272727272726 49 1
Communication round: 96, Eavesdropper Accuracy: 0.2409090909090909 50 1
Communication round: 97, Eavesdropper Accuracy: 0.23636363636363636 50 0
Communication round: 98, Aggregated Accuracies: 0.3213095238095238 51
Communication round: 98, Eavesdropper Accuracy: 0.3090909090909091 51 1
Communication round: 99, Aggregated Accuracies: 0.39892857142857163 52
Communication round: 99, Eavesdropper Accuracy: 0.4318181818181818 52 1
----------------------------------------------------------------------------------------------------
----------------------------------------------------------------------------------------------------
P0_False_
----------------------------------------------------------------------------------------------------
Communication round: 0, Smart Eavesdropper Accuracy: 0.1159090909090909 0 0
Communication round: 1, Smart Eavesdropper Accuracy: 0.21818181818181817 0 0
Communication round: 2, Smart Eavesdropper Accuracy: 0.22954545454545455 1 1
Communication round: 3, Smart Eavesdropper Accuracy: 0.32727272727272727 1 0
Communication round: 4, Smart Eavesdropper Accuracy: 0.2909090909090909 2 1
Communication round: 5, Smart Eavesdropper Accuracy: 0.33181818181818185 3 1
Communication round: 6, Smart Eavesdropper Accuracy: 0.31363636363636366 3 0
Communication round: 7, Smart Eavesdropper Accuracy: 0.3090909090909091 4 1
Communication round: 8, Eavesdropper Accuracy: 0.10909090909090909 5 1
Communication round: 9, Eavesdropper Accuracy: 0.1318181818181818 6 1
Communication round: 10, Eavesdropper Accuracy: 0.12954545454545455 6 0
Communication round: 11, Eavesdropper Accuracy: 0.10681818181818181 7 1
Communication round: 12, Eavesdropper Accuracy: 0.10909090909090909 8 1
Communication round: 13, Eavesdropper Accuracy: 0.10681818181818181 8 0
Communication round: 14, Aggregated Accuracies: 0.12333333333333327 9
Communication round: 14, Eavesdropper Accuracy: 0.10909090909090909 9 1
Communication round: 15, Eavesdropper Accuracy: 0.10454545454545454 9 0
Communication round: 16, Aggregated Accuracies: 0.18083333333333335 10
Communication round: 16, Eavesdropper Accuracy: 0.18409090909090908 10 1
Communication round: 17, Eavesdropper Accuracy: 0.17045454545454544 10 0
Communication round: 18, Eavesdropper Accuracy: 0.19318181818181818 10 0
Communication round: 19, Smart Eavesdropper Accuracy: 0.16818181818181818 10 0
Communication round: 20, Smart Eavesdropper Accuracy: 0.29318181818181815 10 0
Communication round: 21, Smart Eavesdropper Accuracy: 0.3181818181818182 10 0
Communication round: 22, Smart Eavesdropper Accuracy: 0.3613636363636364 10 0
Communication round: 23, Smart Eavesdropper Accuracy: 0.3340909090909091 11 1
Communication round: 24, Smart Eavesdropper Accuracy: 0.3840909090909091 11 0
Communication round: 25, Smart Eavesdropper Accuracy: 0.3931818181818182 12 1
Communication round: 26, Smart Eavesdropper Accuracy: 0.4113636363636364 12 0
Communication round: 27, Smart Eavesdropper Accuracy: 0.425 13 1
Communication round: 28, Smart Eavesdropper Accuracy: 0.40454545454545454 14 1
Communication round: 29, Smart Eavesdropper Accuracy: 0.4 15 1
Communication round: 30, Eavesdropper Accuracy: 0.18636363636363637 16 1
Communication round: 31, Eavesdropper Accuracy: 0.15227272727272728 17 1
Communication round: 32, Eavesdropper Accuracy: 0.16590909090909092 18 1
Communication round: 33, Eavesdropper Accuracy: 0.18181818181818182 18 0
Communication round: 34, Eavesdropper Accuracy: 0.18636363636363637 19 1
Communication round: 35, Eavesdropper Accuracy: 0.20681818181818182 19 0
Communication round: 36, Eavesdropper Accuracy: 0.18181818181818182 20 1
Communication round: 37, Eavesdropper Accuracy: 0.20681818181818182 21 1
Communication round: 38, Eavesdropper Accuracy: 0.16818181818181818 21 0
Communication round: 39, Eavesdropper Accuracy: 0.18636363636363637 21 0
Communication round: 40, Eavesdropper Accuracy: 0.17272727272727273 22 1
Communication round: 41, Eavesdropper Accuracy: 0.16363636363636364 22 0
Communication round: 42, Eavesdropper Accuracy: 0.19545454545454546 23 1
Communication round: 43, Eavesdropper Accuracy: 0.17954545454545454 24 1
Communication round: 44, Eavesdropper Accuracy: 0.20454545454545456 24 0
Communication round: 45, Eavesdropper Accuracy: 0.20227272727272727 25 1
Communication round: 46, Eavesdropper Accuracy: 0.19318181818181818 25 0
Communication round: 47, Eavesdropper Accuracy: 0.17954545454545454 26 1
Communication round: 48, Eavesdropper Accuracy: 0.17954545454545454 27 1
Communication round: 49, Eavesdropper Accuracy: 0.18636363636363637 28 1
Communication round: 50, Eavesdropper Accuracy: 0.20227272727272727 28 0
Communication round: 51, Eavesdropper Accuracy: 0.18863636363636363 29 1
Communication round: 52, Eavesdropper Accuracy: 0.18636363636363637 29 0
Communication round: 53, Eavesdropper Accuracy: 0.19090909090909092 29 0
Communication round: 54, Eavesdropper Accuracy: 0.20454545454545456 29 0
Communication round: 55, Eavesdropper Accuracy: 0.17045454545454544 29 0
Communication round: 56, Eavesdropper Accuracy: 0.17045454545454544 29 0
Communication round: 57, Smart Eavesdropper Accuracy: 0.25227272727272726 29 0
Communication round: 58, Eavesdropper Accuracy: 0.19318181818181818 30 1
Communication round: 59, Smart Eavesdropper Accuracy: 0.18409090909090908 30 0
Communication round: 60, Smart Eavesdropper Accuracy: 0.2727272727272727 30 0
Communication round: 61, Smart Eavesdropper Accuracy: 0.28863636363636364 30 0
Communication round: 62, Smart Eavesdropper Accuracy: 0.34545454545454546 31 1
Communication round: 63, Smart Eavesdropper Accuracy: 0.35909090909090907 31 0
Communication round: 64, Smart Eavesdropper Accuracy: 0.38181818181818183 31 0
Communication round: 65, Smart Eavesdropper Accuracy: 0.3977272727272727 31 0
Communication round: 66, Smart Eavesdropper Accuracy: 0.4 31 0
Communication round: 67, Smart Eavesdropper Accuracy: 0.42272727272727273 32 1
Communication round: 68, Smart Eavesdropper Accuracy: 0.42954545454545456 33 1
Communication round: 69, Smart Eavesdropper Accuracy: 0.42272727272727273 33 0
Communication round: 70, Smart Eavesdropper Accuracy: 0.4431818181818182 33 0
Communication round: 71, Smart Eavesdropper Accuracy: 0.4772727272727273 33 0
Communication round: 72, Smart Eavesdropper Accuracy: 0.4318181818181818 34 1
Communication round: 73, Smart Eavesdropper Accuracy: 0.45681818181818185 35 1
Communication round: 74, Aggregated Accuracies: 0.2288095238095238 36
Communication round: 74, Smart Eavesdropper Accuracy: 0.47954545454545455 36 1
Communication round: 75, Aggregated Accuracies: 0.3086904761904763 37
Communication round: 75, Smart Eavesdropper Accuracy: 0.4863636363636364 37 1
Communication round: 76, Smart Eavesdropper Accuracy: 0.4772727272727273 37 0
Communication round: 77, Smart Eavesdropper Accuracy: 0.49318181818181817 37 0
Communication round: 78, Aggregated Accuracies: 0.36511904761904784 38
Communication round: 78, Smart Eavesdropper Accuracy: 0.49318181818181817 38 1
Communication round: 79, Aggregated Accuracies: 0.44059523809523815 39
Communication round: 79, Smart Eavesdropper Accuracy: 0.4659090909090909 39 1
Communication round: 80, Smart Eavesdropper Accuracy: 0.4909090909090909 39 0
Communication round: 81, Smart Eavesdropper Accuracy: 0.5386363636363637 40 1
Communication round: 82, Smart Eavesdropper Accuracy: 0.5136363636363637 40 0
Communication round: 83, Smart Eavesdropper Accuracy: 0.5545454545454546 41 1
Communication round: 84, Smart Eavesdropper Accuracy: 0.5409090909090909 41 0
Communication round: 85, Smart Eavesdropper Accuracy: 0.5659090909090909 42 1
Communication round: 86, Smart Eavesdropper Accuracy: 0.5431818181818182 43 1
Communication round: 87, Smart Eavesdropper Accuracy: 0.5340909090909091 44 1
Communication round: 88, Smart Eavesdropper Accuracy: 0.5068181818181818 44 0
Communication round: 89, Smart Eavesdropper Accuracy: 0.5931818181818181 44 0
Communication round: 90, Smart Eavesdropper Accuracy: 0.5272727272727272 45 1
Communication round: 91, Smart Eavesdropper Accuracy: 0.5340909090909091 46 1
Communication round: 92, Smart Eavesdropper Accuracy: 0.5386363636363637 46 0
Communication round: 93, Smart Eavesdropper Accuracy: 0.5477272727272727 46 0
Communication round: 94, Smart Eavesdropper Accuracy: 0.525 46 0
Communication round: 95, Smart Eavesdropper Accuracy: 0.5613636363636364 47 1
Communication round: 96, Smart Eavesdropper Accuracy: 0.5386363636363637 47 0
Communication round: 97, Smart Eavesdropper Accuracy: 0.575 47 0
Communication round: 98, Smart Eavesdropper Accuracy: 0.5886363636363636 48 1
Communication round: 99, Smart Eavesdropper Accuracy: 0.5977272727272728 49 1
----------------------------------------------------------------------------------------------------
----------------------------------------------------------------------------------------------------
P0_False_
----------------------------------------------------------------------------------------------------
Communication round: 0, Eavesdropper Accuracy: 0.08409090909090909 1 1
Communication round: 1, Smart Eavesdropper Accuracy: 0.125 1 0
Communication round: 2, Eavesdropper Accuracy: 0.07954545454545454 2 1
Communication round: 3, Smart Eavesdropper Accuracy: 0.15 2 0
Communication round: 4, Eavesdropper Accuracy: 0.075 3 1
Communication round: 5, Eavesdropper Accuracy: 0.07954545454545454 4 1
Communication round: 6, Eavesdropper Accuracy: 0.08409090909090909 5 1
Communication round: 7, Eavesdropper Accuracy: 0.08863636363636364 5 0
Communication round: 8, Eavesdropper Accuracy: 0.08181818181818182 5 0
Communication round: 9, Eavesdropper Accuracy: 0.07272727272727272 6 1
Communication round: 10, Eavesdropper Accuracy: 0.08863636363636364 6 0
Communication round: 11, Smart Eavesdropper Accuracy: 0.10454545454545454 6 0
Communication round: 12, Smart Eavesdropper Accuracy: 0.18181818181818182 6 0
Communication round: 13, Smart Eavesdropper Accuracy: 0.15227272727272728 7 1
Communication round: 14, Eavesdropper Accuracy: 0.10227272727272728 8 1
Communication round: 15, Eavesdropper Accuracy: 0.07727272727272727 9 1
Communication round: 16, Eavesdropper Accuracy: 0.07272727272727272 10 1
Communication round: 17, Aggregated Accuracies: 0.10773809523809523 11
Communication round: 17, Eavesdropper Accuracy: 0.10454545454545454 11 1
Communication round: 18, Aggregated Accuracies: 0.14321428571428574 12
Communication round: 18, Eavesdropper Accuracy: 0.1431818181818182 12 1
Communication round: 19, Aggregated Accuracies: 0.22273809523809524 13
Communication round: 19, Eavesdropper Accuracy: 0.22954545454545455 13 1
Communication round: 20, Aggregated Accuracies: 0.2866666666666668 14
Communication round: 20, Eavesdropper Accuracy: 0.3068181818181818 14 1
Communication round: 21, Aggregated Accuracies: 0.38214285714285723 15
Communication round: 21, Eavesdropper Accuracy: 0.4340909090909091 15 1
Communication round: 22, Eavesdropper Accuracy: 0.43636363636363634 15 0
Communication round: 23, Eavesdropper Accuracy: 0.40454545454545454 15 0
Communication round: 24, Eavesdropper Accuracy: 0.4409090909090909 15 0
Communication round: 25, Eavesdropper Accuracy: 0.43863636363636366 16 1
Communication round: 26, Eavesdropper Accuracy: 0.4431818181818182 17 1
Communication round: 27, Eavesdropper Accuracy: 0.41818181818181815 18 1
Communication round: 28, Aggregated Accuracies: 0.4614285714285714 19
Communication round: 28, Eavesdropper Accuracy: 0.47954545454545455 19 1
Communication round: 29, Eavesdropper Accuracy: 0.5204545454545455 19 0
Communication round: 30, Aggregated Accuracies: 0.5261904761904763 20
Communication round: 30, Eavesdropper Accuracy: 0.55 20 1
Communication round: 31, Eavesdropper Accuracy: 0.6022727272727273 20 0
Communication round: 32, Aggregated Accuracies: 0.5705952380952382 21
Communication round: 32, Eavesdropper Accuracy: 0.6318181818181818 21 1
Communication round: 33, Eavesdropper Accuracy: 0.5886363636363636 21 0
Communication round: 34, Eavesdropper Accuracy: 0.6136363636363636 21 0
Communication round: 35, Aggregated Accuracies: 0.6179761904761905 22
Communication round: 35, Eavesdropper Accuracy: 0.6681818181818182 22 1
Communication round: 36, Eavesdropper Accuracy: 0.6363636363636364 22 0
Communication round: 37, Aggregated Accuracies: 0.6536904761904764 23
Communication round: 37, Eavesdropper Accuracy: 0.6863636363636364 23 1
Communication round: 38, Eavesdropper Accuracy: 0.6772727272727272 23 0
Communication round: 39, Aggregated Accuracies: 0.6847619047619047 24
Communication round: 39, Eavesdropper Accuracy: 0.7159090909090909 24 1
Communication round: 40, Aggregated Accuracies: 0.7152380952380951 25
Communication round: 40, Eavesdropper Accuracy: 0.7477272727272727 25 1
Communication round: 41, Aggregated Accuracies: 0.737142857142857 26
Communication round: 41, Eavesdropper Accuracy: 0.7727272727272727 26 1
Communication round: 42, Eavesdropper Accuracy: 0.7613636363636364 26 0
Communication round: 43, Eavesdropper Accuracy: 0.7681818181818182 26 0
Communication round: 44, Eavesdropper Accuracy: 0.7772727272727272 27 1
Communication round: 45, Eavesdropper Accuracy: 0.7477272727272727 27 0
Communication round: 46, Eavesdropper Accuracy: 0.7454545454545455 28 1
Communication round: 47, Eavesdropper Accuracy: 0.775 28 0
Communication round: 48, Eavesdropper Accuracy: 0.7477272727272727 29 1
Communication round: 49, Eavesdropper Accuracy: 0.7659090909090909 29 0
Communication round: 50, Aggregated Accuracies: 0.7654761904761906 30
Communication round: 50, Eavesdropper Accuracy: 0.7840909090909091 30 1
Communication round: 51, Eavesdropper Accuracy: 0.8113636363636364 30 0
Communication round: 52, Eavesdropper Accuracy: 0.8090909090909091 30 0
Communication round: 53, Aggregated Accuracies: 0.7846428571428572 31
Communication round: 53, Eavesdropper Accuracy: 0.7886363636363637 31 1
Communication round: 54, Eavesdropper Accuracy: 0.7977272727272727 31 0
Communication round: 55, Eavesdropper Accuracy: 0.8159090909090909 31 0
Communication round: 56, Eavesdropper Accuracy: 0.7977272727272727 32 1
Communication round: 57, Eavesdropper Accuracy: 0.7772727272727272 33 1
Communication round: 58, Eavesdropper Accuracy: 0.8204545454545454 33 0
Communication round: 59, Eavesdropper Accuracy: 0.8181818181818182 33 0
Communication round: 60, Eavesdropper Accuracy: 0.8136363636363636 34 1
Communication round: 61, Eavesdropper Accuracy: 0.8136363636363636 34 0
Communication round: 62, Eavesdropper Accuracy: 0.7545454545454545 35 1
Communication round: 63, Eavesdropper Accuracy: 0.8022727272727272 36 1
Communication round: 64, Eavesdropper Accuracy: 0.8045454545454546 36 0
Communication round: 65, Eavesdropper Accuracy: 0.7954545454545454 36 0
Communication round: 66, Eavesdropper Accuracy: 0.8090909090909091 36 0
Communication round: 67, Eavesdropper Accuracy: 0.7818181818181819 37 1
Communication round: 68, Eavesdropper Accuracy: 0.8136363636363636 37 0
Communication round: 69, Eavesdropper Accuracy: 0.7977272727272727 38 1
Communication round: 70, Eavesdropper Accuracy: 0.7931818181818182 38 0
Communication round: 71, Eavesdropper Accuracy: 0.8318181818181818 38 0
Communication round: 72, Eavesdropper Accuracy: 0.7931818181818182 39 1
Communication round: 73, Eavesdropper Accuracy: 0.7977272727272727 40 1
Communication round: 74, Eavesdropper Accuracy: 0.8113636363636364 41 1
Communication round: 75, Eavesdropper Accuracy: 0.8045454545454546 42 1
Communication round: 76, Eavesdropper Accuracy: 0.8068181818181818 43 1
Communication round: 77, Eavesdropper Accuracy: 0.7931818181818182 44 1
Communication round: 78, Eavesdropper Accuracy: 0.8 45 1
Communication round: 79, Eavesdropper Accuracy: 0.8090909090909091 45 0
Communication round: 80, Eavesdropper Accuracy: 0.7909090909090909 46 1
Communication round: 81, Eavesdropper Accuracy: 0.8068181818181818 47 1
Communication round: 82, Eavesdropper Accuracy: 0.8022727272727272 48 1
Communication round: 83, Eavesdropper Accuracy: 0.8136363636363636 49 1
Communication round: 84, Eavesdropper Accuracy: 0.8045454545454546 49 0
Communication round: 85, Eavesdropper Accuracy: 0.8136363636363636 49 0
Communication round: 86, Eavesdropper Accuracy: 0.8204545454545454 50 1
Communication round: 87, Eavesdropper Accuracy: 0.8068181818181818 51 1
Communication round: 88, Eavesdropper Accuracy: 0.8204545454545454 51 0
Communication round: 89, Eavesdropper Accuracy: 0.7886363636363637 51 0
Communication round: 90, Eavesdropper Accuracy: 0.7909090909090909 51 0
Communication round: 91, Eavesdropper Accuracy: 0.8045454545454546 52 1
Communication round: 92, Eavesdropper Accuracy: 0.8022727272727272 52 0
Communication round: 93, Eavesdropper Accuracy: 0.7863636363636364 53 1
Communication round: 94, Eavesdropper Accuracy: 0.7681818181818182 53 0
Communication round: 95, Eavesdropper Accuracy: 0.8022727272727272 53 0
Communication round: 96, Eavesdropper Accuracy: 0.7795454545454545 54 1
Communication round: 97, Eavesdropper Accuracy: 0.8181818181818182 55 1
Communication round: 98, Eavesdropper Accuracy: 0.7886363636363637 55 0
Communication round: 99, Eavesdropper Accuracy: 0.7886363636363637 56 1
----------------------------------------------------------------------------------------------------
----------------------------------------------------------------------------------------------------
P0_False_
----------------------------------------------------------------------------------------------------
Communication round: 0, Eavesdropper Accuracy: 0.08409090909090909 1 1
Communication round: 1, Smart Eavesdropper Accuracy: 0.10227272727272728 1 0
Communication round: 2, Smart Eavesdropper Accuracy: 0.08863636363636364 1 0
Communication round: 3, Smart Eavesdropper Accuracy: 0.20454545454545456 2 1
Communication round: 4, Eavesdropper Accuracy: 0.09090909090909091 3 1
Communication round: 5, Eavesdropper Accuracy: 0.08636363636363636 4 1
Communication round: 6, Eavesdropper Accuracy: 0.10454545454545454 4 0
Communication round: 7, Eavesdropper Accuracy: 0.09545454545454546 5 1
Communication round: 8, Eavesdropper Accuracy: 0.08863636363636364 5 0
Communication round: 9, Eavesdropper Accuracy: 0.08181818181818182 6 1
Communication round: 10, Eavesdropper Accuracy: 0.11136363636363636 7 1
Communication round: 11, Eavesdropper Accuracy: 0.08636363636363636 7 0
Communication round: 12, Eavesdropper Accuracy: 0.08863636363636364 7 0
Communication round: 13, Smart Eavesdropper Accuracy: 0.12272727272727273 7 0
Communication round: 14, Eavesdropper Accuracy: 0.07954545454545454 8 1
Communication round: 15, Eavesdropper Accuracy: 0.09318181818181819 9 1
Communication round: 16, Eavesdropper Accuracy: 0.10454545454545454 9 0
Communication round: 17, Smart Eavesdropper Accuracy: 0.09545454545454546 9 0
Communication round: 18, Eavesdropper Accuracy: 0.08863636363636364 10 1
Communication round: 19, Eavesdropper Accuracy: 0.09318181818181819 11 1
Communication round: 20, Eavesdropper Accuracy: 0.06818181818181818 12 1
Communication round: 21, Eavesdropper Accuracy: 0.08409090909090909 13 1
Communication round: 22, Eavesdropper Accuracy: 0.09318181818181819 13 0
Communication round: 23, Eavesdropper Accuracy: 0.07954545454545454 13 0
Communication round: 24, Eavesdropper Accuracy: 0.075 13 0
Communication round: 25, Eavesdropper Accuracy: 0.08863636363636364 14 1
Communication round: 26, Eavesdropper Accuracy: 0.1 14 0
Communication round: 27, Smart Eavesdropper Accuracy: 0.10681818181818181 14 0
Communication round: 28, Smart Eavesdropper Accuracy: 0.1340909090909091 14 0
Communication round: 29, Smart Eavesdropper Accuracy: 0.22727272727272727 15 1
Communication round: 30, Smart Eavesdropper Accuracy: 0.2590909090909091 15 0
Communication round: 31, Smart Eavesdropper Accuracy: 0.3340909090909091 16 1
Communication round: 32, Eavesdropper Accuracy: 0.08181818181818182 17 1
Communication round: 33, Eavesdropper Accuracy: 0.08409090909090909 18 1
Communication round: 34, Eavesdropper Accuracy: 0.1 18 0
Communication round: 35, Smart Eavesdropper Accuracy: 0.10909090909090909 18 0
Communication round: 36, Aggregated Accuracies: 0.14345238095238094 19
Communication round: 36, Eavesdropper Accuracy: 0.12727272727272726 19 1
Communication round: 37, Smart Eavesdropper Accuracy: 0.15681818181818183 19 0
Communication round: 38, Smart Eavesdropper Accuracy: 0.2340909090909091 19 0
Communication round: 39, Smart Eavesdropper Accuracy: 0.225 19 0
Communication round: 40, Aggregated Accuracies: 0.18619047619047627 20
Communication round: 40, Smart Eavesdropper Accuracy: 0.25681818181818183 20 1
Communication round: 41, Smart Eavesdropper Accuracy: 0.32272727272727275 20 0
Communication round: 42, Smart Eavesdropper Accuracy: 0.30454545454545456 21 1
Communication round: 43, Smart Eavesdropper Accuracy: 0.3409090909090909 22 1
Communication round: 44, Eavesdropper Accuracy: 0.19772727272727272 23 1
Communication round: 45, Smart Eavesdropper Accuracy: 0.21363636363636362 23 0
Communication round: 46, Smart Eavesdropper Accuracy: 0.27045454545454545 23 0
Communication round: 47, Smart Eavesdropper Accuracy: 0.35 24 1
Communication round: 48, Eavesdropper Accuracy: 0.17045454545454544 25 1
Communication round: 49, Smart Eavesdropper Accuracy: 0.25 25 0
Communication round: 50, Smart Eavesdropper Accuracy: 0.23636363636363636 25 0
Communication round: 51, Smart Eavesdropper Accuracy: 0.29545454545454547 26 1
Communication round: 52, Eavesdropper Accuracy: 0.16363636363636364 27 1
Communication round: 53, Smart Eavesdropper Accuracy: 0.24772727272727274 27 0
Communication round: 54, Eavesdropper Accuracy: 0.16818181818181818 28 1
Communication round: 55, Eavesdropper Accuracy: 0.2159090909090909 29 1
Communication round: 56, Eavesdropper Accuracy: 0.19545454545454546 30 1
Communication round: 57, Eavesdropper Accuracy: 0.17045454545454544 31 1
Communication round: 58, Eavesdropper Accuracy: 0.19772727272727272 31 0
Communication round: 59, Eavesdropper Accuracy: 0.21136363636363636 31 0
Communication round: 60, Eavesdropper Accuracy: 0.175 31 0
Communication round: 61, Smart Eavesdropper Accuracy: 0.17045454545454544 31 0
Communication round: 62, Eavesdropper Accuracy: 0.18636363636363637 32 1
Communication round: 63, Eavesdropper Accuracy: 0.18863636363636363 33 1
Communication round: 64, Eavesdropper Accuracy: 0.19090909090909092 33 0
Communication round: 65, Smart Eavesdropper Accuracy: 0.24545454545454545 33 0
Communication round: 66, Smart Eavesdropper Accuracy: 0.31363636363636366 33 0
Communication round: 67, Smart Eavesdropper Accuracy: 0.3340909090909091 33 0
Communication round: 68, Smart Eavesdropper Accuracy: 0.32272727272727275 33 0
Communication round: 69, Smart Eavesdropper Accuracy: 0.35454545454545455 33 0
Communication round: 70, Aggregated Accuracies: 0.25357142857142845 34
Communication round: 70, Smart Eavesdropper Accuracy: 0.3568181818181818 34 1
Communication round: 71, Smart Eavesdropper Accuracy: 0.3659090909090909 34 0
Communication round: 72, Smart Eavesdropper Accuracy: 0.4 35 1
Communication round: 73, Smart Eavesdropper Accuracy: 0.3795454545454545 35 0
Communication round: 74, Smart Eavesdropper Accuracy: 0.42954545454545456 35 0
Communication round: 75, Aggregated Accuracies: 0.3078571428571429 36
Communication round: 75, Smart Eavesdropper Accuracy: 0.4090909090909091 36 1
Communication round: 76, Smart Eavesdropper Accuracy: 0.41363636363636364 36 0
Communication round: 77, Smart Eavesdropper Accuracy: 0.4409090909090909 36 0
Communication round: 78, Smart Eavesdropper Accuracy: 0.4090909090909091 36 0
Communication round: 79, Smart Eavesdropper Accuracy: 0.47954545454545455 36 0
Communication round: 80, Aggregated Accuracies: 0.3471428571428573 37
Communication round: 80, Smart Eavesdropper Accuracy: 0.4431818181818182 37 1
Communication round: 81, Smart Eavesdropper Accuracy: 0.4590909090909091 38 1
Communication round: 82, Aggregated Accuracies: 0.44214285714285717 39
Communication round: 82, Smart Eavesdropper Accuracy: 0.4636363636363636 39 1
Communication round: 83, Aggregated Accuracies: 0.4958333333333333 40
Communication round: 83, Smart Eavesdropper Accuracy: 0.4863636363636364 40 1
Communication round: 84, Smart Eavesdropper Accuracy: 0.4636363636363636 41 1
Communication round: 85, Smart Eavesdropper Accuracy: 0.4727272727272727 41 0
Communication round: 86, Smart Eavesdropper Accuracy: 0.4659090909090909 41 0
Communication round: 87, Smart Eavesdropper Accuracy: 0.4818181818181818 41 0
Communication round: 88, Smart Eavesdropper Accuracy: 0.5204545454545455 42 1
Communication round: 89, Smart Eavesdropper Accuracy: 0.44772727272727275 42 0
Communication round: 90, Smart Eavesdropper Accuracy: 0.5022727272727273 43 1
Communication round: 91, Smart Eavesdropper Accuracy: 0.4818181818181818 44 1
Communication round: 92, Smart Eavesdropper Accuracy: 0.48409090909090907 45 1
Communication round: 93, Smart Eavesdropper Accuracy: 0.5227272727272727 45 0
Communication round: 94, Smart Eavesdropper Accuracy: 0.5 45 0
Communication round: 95, Smart Eavesdropper Accuracy: 0.5227272727272727 46 1
Communication round: 96, Smart Eavesdropper Accuracy: 0.5113636363636364 46 0
Communication round: 97, Smart Eavesdropper Accuracy: 0.5181818181818182 47 1
Communication round: 98, Smart Eavesdropper Accuracy: 0.5386363636363637 48 1
Communication round: 99, Smart Eavesdropper Accuracy: 0.55 48 0
----------------------------------------------------------------------------------------------------
----------------------------------------------------------------------------------------------------
P0_False_
----------------------------------------------------------------------------------------------------
Communication round: 0, Smart Eavesdropper Accuracy: 0.05454545454545454 0 0
Communication round: 1, Smart Eavesdropper Accuracy: 0.12045454545454545 0 0
Communication round: 2, Smart Eavesdropper Accuracy: 0.1409090909090909 1 1
Communication round: 3, Smart Eavesdropper Accuracy: 0.16136363636363638 2 1
Communication round: 4, Smart Eavesdropper Accuracy: 0.19318181818181818 2 0
Communication round: 5, Smart Eavesdropper Accuracy: 0.18181818181818182 2 0
Communication round: 6, Smart Eavesdropper Accuracy: 0.2681818181818182 2 0
Communication round: 7, Smart Eavesdropper Accuracy: 0.25681818181818183 3 1
Communication round: 8, Smart Eavesdropper Accuracy: 0.275 4 1
Communication round: 9, Smart Eavesdropper Accuracy: 0.29318181818181815 4 0
Communication round: 10, Smart Eavesdropper Accuracy: 0.30454545454545456 4 0
Communication round: 11, Aggregated Accuracies: 0.09119047619047622 5
Communication round: 11, Smart Eavesdropper Accuracy: 0.31136363636363634 5 1
Communication round: 12, Aggregated Accuracies: 0.14214285714285715 6
Communication round: 12, Smart Eavesdropper Accuracy: 0.3409090909090909 6 1
Communication round: 13, Smart Eavesdropper Accuracy: 0.32727272727272727 6 0
Communication round: 14, Smart Eavesdropper Accuracy: 0.39545454545454545 6 0
Communication round: 15, Smart Eavesdropper Accuracy: 0.30227272727272725 6 0
Communication round: 16, Smart Eavesdropper Accuracy: 0.32727272727272727 6 0
Communication round: 17, Smart Eavesdropper Accuracy: 0.3159090909090909 6 0
Communication round: 18, Smart Eavesdropper Accuracy: 0.33636363636363636 7 1
Communication round: 19, Smart Eavesdropper Accuracy: 0.38181818181818183 7 0
Communication round: 20, Smart Eavesdropper Accuracy: 0.38636363636363635 8 1
Communication round: 21, Smart Eavesdropper Accuracy: 0.3840909090909091 8 0
Communication round: 22, Smart Eavesdropper Accuracy: 0.4113636363636364 8 0
Communication round: 23, Smart Eavesdropper Accuracy: 0.42272727272727273 8 0
Communication round: 24, Smart Eavesdropper Accuracy: 0.45227272727272727 9 1
Communication round: 25, Smart Eavesdropper Accuracy: 0.45454545454545453 9 0
Communication round: 26, Smart Eavesdropper Accuracy: 0.42954545454545456 10 1
Communication round: 27, Smart Eavesdropper Accuracy: 0.49318181818181817 10 0
Communication round: 28, Smart Eavesdropper Accuracy: 0.4159090909090909 10 0
Communication round: 29, Aggregated Accuracies: 0.23428571428571426 11
Communication round: 29, Smart Eavesdropper Accuracy: 0.4681818181818182 11 1
Communication round: 30, Smart Eavesdropper Accuracy: 0.42272727272727273 12 1
Communication round: 31, Smart Eavesdropper Accuracy: 0.42272727272727273 13 1
Communication round: 32, Smart Eavesdropper Accuracy: 0.4727272727272727 14 1
Communication round: 33, Smart Eavesdropper Accuracy: 0.46136363636363636 14 0
Communication round: 34, Smart Eavesdropper Accuracy: 0.49772727272727274 14 0
Communication round: 35, Smart Eavesdropper Accuracy: 0.44545454545454544 14 0
Communication round: 36, Smart Eavesdropper Accuracy: 0.4636363636363636 14 0
Communication round: 37, Smart Eavesdropper Accuracy: 0.4659090909090909 14 0
Communication round: 38, Smart Eavesdropper Accuracy: 0.4681818181818182 14 0
Communication round: 39, Smart Eavesdropper Accuracy: 0.45454545454545453 14 0
Communication round: 40, Smart Eavesdropper Accuracy: 0.5340909090909091 14 0
Communication round: 41, Smart Eavesdropper Accuracy: 0.49772727272727274 15 1
Communication round: 42, Smart Eavesdropper Accuracy: 0.4772727272727273 16 1
Communication round: 43, Smart Eavesdropper Accuracy: 0.5159090909090909 17 1
Communication round: 44, Smart Eavesdropper Accuracy: 0.5636363636363636 18 1
Communication round: 45, Smart Eavesdropper Accuracy: 0.5181818181818182 19 1
Communication round: 46, Smart Eavesdropper Accuracy: 0.5454545454545454 19 0
Communication round: 47, Smart Eavesdropper Accuracy: 0.48409090909090907 19 0
Communication round: 48, Smart Eavesdropper Accuracy: 0.5545454545454546 20 1
Communication round: 49, Smart Eavesdropper Accuracy: 0.4954545454545455 21 1
Communication round: 50, Smart Eavesdropper Accuracy: 0.6 22 1
Communication round: 51, Smart Eavesdropper Accuracy: 0.6022727272727273 22 0
Communication round: 52, Smart Eavesdropper Accuracy: 0.615909090909091 23 1
Communication round: 53, Smart Eavesdropper Accuracy: 0.6 24 1
Communication round: 54, Smart Eavesdropper Accuracy: 0.5795454545454546 25 1
Communication round: 55, Smart Eavesdropper Accuracy: 0.5681818181818182 26 1
Communication round: 56, Smart Eavesdropper Accuracy: 0.5704545454545454 27 1
Communication round: 57, Smart Eavesdropper Accuracy: 0.5545454545454546 28 1
Communication round: 58, Smart Eavesdropper Accuracy: 0.5659090909090909 29 1
Communication round: 59, Smart Eavesdropper Accuracy: 0.55 30 1
Communication round: 60, Eavesdropper Accuracy: 0.21818181818181817 31 1
Communication round: 61, Smart Eavesdropper Accuracy: 0.22045454545454546 31 0
Communication round: 62, Aggregated Accuracies: 0.2967857142857143 32
Communication round: 62, Eavesdropper Accuracy: 0.3 32 1
Communication round: 63, Smart Eavesdropper Accuracy: 0.24545454545454545 32 0
Communication round: 64, Eavesdropper Accuracy: 0.29772727272727273 33 1
Communication round: 65, Eavesdropper Accuracy: 0.31363636363636366 34 1
Communication round: 66, Eavesdropper Accuracy: 0.3159090909090909 34 0
Communication round: 67, Eavesdropper Accuracy: 0.2909090909090909 35 1
Communication round: 68, Eavesdropper Accuracy: 0.27954545454545454 36 1
Communication round: 69, Eavesdropper Accuracy: 0.31136363636363634 36 0
Communication round: 70, Eavesdropper Accuracy: 0.31363636363636366 37 1
Communication round: 71, Eavesdropper Accuracy: 0.30454545454545456 37 0
Communication round: 72, Eavesdropper Accuracy: 0.2863636363636364 37 0
Communication round: 73, Eavesdropper Accuracy: 0.29772727272727273 38 1
Communication round: 74, Eavesdropper Accuracy: 0.31363636363636366 38 0
Communication round: 75, Smart Eavesdropper Accuracy: 0.225 38 0
Communication round: 76, Aggregated Accuracies: 0.3671428571428573 39
Communication round: 76, Eavesdropper Accuracy: 0.3977272727272727 39 1
Communication round: 77, Eavesdropper Accuracy: 0.32045454545454544 40 1
Communication round: 78, Eavesdropper Accuracy: 0.35909090909090907 40 0
Communication round: 79, Eavesdropper Accuracy: 0.32954545454545453 41 1
Communication round: 80, Eavesdropper Accuracy: 0.3886363636363636 42 1
Communication round: 81, Eavesdropper Accuracy: 0.3181818181818182 42 0
Communication round: 82, Eavesdropper Accuracy: 0.3886363636363636 43 1
Communication round: 83, Eavesdropper Accuracy: 0.3522727272727273 44 1
Communication round: 84, Eavesdropper Accuracy: 0.3659090909090909 45 1
Communication round: 85, Eavesdropper Accuracy: 0.37272727272727274 45 0
Communication round: 86, Eavesdropper Accuracy: 0.39545454545454545 46 1
Communication round: 87, Eavesdropper Accuracy: 0.37727272727272726 46 0
Communication round: 88, Eavesdropper Accuracy: 0.36363636363636365 46 0
Communication round: 89, Aggregated Accuracies: 0.414404761904762 47
Communication round: 89, Eavesdropper Accuracy: 0.45227272727272727 47 1
Communication round: 90, Eavesdropper Accuracy: 0.4318181818181818 47 0
Communication round: 91, Eavesdropper Accuracy: 0.45 48 1
Communication round: 92, Eavesdropper Accuracy: 0.42045454545454547 49 1
Communication round: 93, Eavesdropper Accuracy: 0.41363636363636364 49 0
Communication round: 94, Eavesdropper Accuracy: 0.43636363636363634 49 0
Communication round: 95, Eavesdropper Accuracy: 0.42045454545454547 49 0
Communication round: 96, Eavesdropper Accuracy: 0.42954545454545456 50 1
Communication round: 97, Eavesdropper Accuracy: 0.42727272727272725 51 1
Communication round: 98, Eavesdropper Accuracy: 0.45454545454545453 51 0
Communication round: 99, Eavesdropper Accuracy: 0.44772727272727275 51 0
----------------------------------------------------------------------------------------------------
----------------------------------------------------------------------------------------------------
P0_False_
----------------------------------------------------------------------------------------------------
Communication round: 0, Eavesdropper Accuracy: 0.08863636363636364 1 1
Communication round: 1, Eavesdropper Accuracy: 0.08636363636363636 2 1
Communication round: 2, Eavesdropper Accuracy: 0.07954545454545454 2 0
Communication round: 3, Eavesdropper Accuracy: 0.10681818181818181 3 1
Communication round: 4, Eavesdropper Accuracy: 0.09545454545454546 3 0
Communication round: 5, Smart Eavesdropper Accuracy: 0.10454545454545454 3 0
Communication round: 6, Eavesdropper Accuracy: 0.09772727272727273 4 1
Communication round: 7, Smart Eavesdropper Accuracy: 0.10227272727272728 4 0
Communication round: 8, Eavesdropper Accuracy: 0.08863636363636364 5 1
Communication round: 9, Eavesdropper Accuracy: 0.09772727272727273 6 1
Communication round: 10, Eavesdropper Accuracy: 0.07727272727272727 7 1
Communication round: 11, Eavesdropper Accuracy: 0.08863636363636364 7 0
Communication round: 12, Eavesdropper Accuracy: 0.08863636363636364 8 1
Communication round: 13, Eavesdropper Accuracy: 0.08181818181818182 8 0
Communication round: 14, Eavesdropper Accuracy: 0.10681818181818181 8 0
Communication round: 15, Eavesdropper Accuracy: 0.10681818181818181 9 1
Communication round: 16, Eavesdropper Accuracy: 0.07954545454545454 9 0
Communication round: 17, Aggregated Accuracies: 0.12214285714285715 10
Communication round: 17, Eavesdropper Accuracy: 0.1340909090909091 10 1
Communication round: 18, Eavesdropper Accuracy: 0.12045454545454545 11 1
Communication round: 19, Eavesdropper Accuracy: 0.1409090909090909 11 0
Communication round: 20, Eavesdropper Accuracy: 0.125 11 0
Communication round: 21, Smart Eavesdropper Accuracy: 0.11363636363636363 11 0
Communication round: 22, Eavesdropper Accuracy: 0.1318181818181818 12 1
Communication round: 23, Smart Eavesdropper Accuracy: 0.11136363636363636 12 0
Communication round: 24, Smart Eavesdropper Accuracy: 0.16590909090909092 12 0
Communication round: 25, Smart Eavesdropper Accuracy: 0.19090909090909092 13 1
Communication round: 26, Eavesdropper Accuracy: 0.11818181818181818 14 1
Communication round: 27, Smart Eavesdropper Accuracy: 0.12727272727272726 14 0
Communication round: 28, Eavesdropper Accuracy: 0.14545454545454545 15 1
Communication round: 29, Eavesdropper Accuracy: 0.14772727272727273 16 1
Communication round: 30, Eavesdropper Accuracy: 0.12272727272727273 16 0
Communication round: 31, Eavesdropper Accuracy: 0.14772727272727273 17 1
Communication round: 32, Eavesdropper Accuracy: 0.1409090909090909 17 0
Communication round: 33, Aggregated Accuracies: 0.1616666666666667 18
Communication round: 33, Eavesdropper Accuracy: 0.15454545454545454 18 1
Communication round: 34, Aggregated Accuracies: 0.2139285714285714 19
Communication round: 34, Eavesdropper Accuracy: 0.23863636363636365 19 1
Communication round: 35, Eavesdropper Accuracy: 0.20681818181818182 19 0
Communication round: 36, Eavesdropper Accuracy: 0.225 19 0
Communication round: 37, Smart Eavesdropper Accuracy: 0.16590909090909092 19 0
Communication round: 38, Smart Eavesdropper Accuracy: 0.17954545454545454 19 0
Communication round: 39, Smart Eavesdropper Accuracy: 0.19090909090909092 19 0
Communication round: 40, Aggregated Accuracies: 0.28404761904761905 20
Communication round: 40, Smart Eavesdropper Accuracy: 0.2340909090909091 20 1
Communication round: 41, Smart Eavesdropper Accuracy: 0.2840909090909091 20 0
Communication round: 42, Smart Eavesdropper Accuracy: 0.27045454545454545 20 0
Communication round: 43, Smart Eavesdropper Accuracy: 0.3181818181818182 20 0
Communication round: 44, Smart Eavesdropper Accuracy: 0.275 20 0
Communication round: 45, Smart Eavesdropper Accuracy: 0.2681818181818182 20 0
Communication round: 46, Smart Eavesdropper Accuracy: 0.3181818181818182 20 0
Communication round: 47, Smart Eavesdropper Accuracy: 0.2840909090909091 21 1
Communication round: 48, Aggregated Accuracies: 0.34321428571428586 22
Communication round: 48, Smart Eavesdropper Accuracy: 0.32272727272727275 22 1
Communication round: 49, Smart Eavesdropper Accuracy: 0.32045454545454544 22 0
Communication round: 50, Smart Eavesdropper Accuracy: 0.3704545454545455 22 0
Communication round: 51, Smart Eavesdropper Accuracy: 0.3613636363636364 22 0
Communication round: 52, Smart Eavesdropper Accuracy: 0.35909090909090907 23 1
Communication round: 53, Smart Eavesdropper Accuracy: 0.38181818181818183 23 0
Communication round: 54, Smart Eavesdropper Accuracy: 0.38636363636363635 24 1
Communication round: 55, Smart Eavesdropper Accuracy: 0.4113636363636364 25 1
Communication round: 56, Smart Eavesdropper Accuracy: 0.4159090909090909 26 1
Communication round: 57, Smart Eavesdropper Accuracy: 0.4 27 1
Communication round: 58, Smart Eavesdropper Accuracy: 0.41818181818181815 28 1
Communication round: 59, Smart Eavesdropper Accuracy: 0.4340909090909091 29 1
Communication round: 60, Smart Eavesdropper Accuracy: 0.3931818181818182 29 0
Communication round: 61, Smart Eavesdropper Accuracy: 0.425 29 0
Communication round: 62, Smart Eavesdropper Accuracy: 0.4 29 0
Communication round: 63, Smart Eavesdropper Accuracy: 0.49772727272727274 29 0
Communication round: 64, Smart Eavesdropper Accuracy: 0.4727272727272727 29 0
Communication round: 65, Smart Eavesdropper Accuracy: 0.5113636363636364 29 0
Communication round: 66, Aggregated Accuracies: 0.41535714285714304 30
Communication round: 66, Smart Eavesdropper Accuracy: 0.5022727272727273 30 1
Communication round: 67, Smart Eavesdropper Accuracy: 0.475 30 0
Communication round: 68, Smart Eavesdropper Accuracy: 0.49772727272727274 30 0
Communication round: 69, Smart Eavesdropper Accuracy: 0.47045454545454546 30 0
Communication round: 70, Smart Eavesdropper Accuracy: 0.4909090909090909 31 1
Communication round: 71, Smart Eavesdropper Accuracy: 0.5227272727272727 32 1
Communication round: 72, Smart Eavesdropper Accuracy: 0.5204545454545455 33 1
Communication round: 73, Smart Eavesdropper Accuracy: 0.48409090909090907 33 0
Communication round: 74, Smart Eavesdropper Accuracy: 0.5340909090909091 33 0
Communication round: 75, Smart Eavesdropper Accuracy: 0.5159090909090909 34 1
Communication round: 76, Smart Eavesdropper Accuracy: 0.5590909090909091 35 1
Communication round: 77, Smart Eavesdropper Accuracy: 0.5477272727272727 35 0
Communication round: 78, Smart Eavesdropper Accuracy: 0.5545454545454546 35 0
Communication round: 79, Smart Eavesdropper Accuracy: 0.5477272727272727 35 0
Communication round: 80, Smart Eavesdropper Accuracy: 0.5113636363636364 35 0
Communication round: 81, Smart Eavesdropper Accuracy: 0.5386363636363637 36 1
Communication round: 82, Smart Eavesdropper Accuracy: 0.5545454545454546 37 1
Communication round: 83, Smart Eavesdropper Accuracy: 0.5568181818181818 37 0
Communication round: 84, Smart Eavesdropper Accuracy: 0.5272727272727272 37 0
Communication round: 85, Smart Eavesdropper Accuracy: 0.5272727272727272 37 0
Communication round: 86, Smart Eavesdropper Accuracy: 0.5318181818181819 37 0
Communication round: 87, Smart Eavesdropper Accuracy: 0.5272727272727272 37 0
Communication round: 88, Smart Eavesdropper Accuracy: 0.5272727272727272 37 0
Communication round: 89, Smart Eavesdropper Accuracy: 0.55 38 1
Communication round: 90, Smart Eavesdropper Accuracy: 0.5909090909090909 38 0
Communication round: 91, Smart Eavesdropper Accuracy: 0.5704545454545454 38 0
Communication round: 92, Smart Eavesdropper Accuracy: 0.5181818181818182 38 0
Communication round: 93, Aggregated Accuracies: 0.4961904761904762 39
Communication round: 93, Smart Eavesdropper Accuracy: 0.5386363636363637 39 1
Communication round: 94, Aggregated Accuracies: 0.5341666666666667 40
Communication round: 94, Smart Eavesdropper Accuracy: 0.525 40 1
Communication round: 95, Smart Eavesdropper Accuracy: 0.5681818181818182 40 0
Communication round: 96, Aggregated Accuracies: 0.5752380952380951 41
Communication round: 96, Smart Eavesdropper Accuracy: 0.5909090909090909 41 1
Communication round: 97, Smart Eavesdropper Accuracy: 0.5659090909090909 41 0
Communication round: 98, Smart Eavesdropper Accuracy: 0.5545454545454546 41 0
Communication round: 99, Smart Eavesdropper Accuracy: 0.5909090909090909 41 0
----------------------------------------------------------------------------------------------------
----------------------------------------------------------------------------------------------------
P0_False_
----------------------------------------------------------------------------------------------------
Communication round: 0, Smart Eavesdropper Accuracy: 0.1431818181818182 0 0
Communication round: 1, Smart Eavesdropper Accuracy: 0.23863636363636365 0 0
Communication round: 2, Smart Eavesdropper Accuracy: 0.2431818181818182 1 1
Communication round: 3, Smart Eavesdropper Accuracy: 0.2431818181818182 2 1
Communication round: 4, Smart Eavesdropper Accuracy: 0.29772727272727273 2 0
Communication round: 5, Smart Eavesdropper Accuracy: 0.275 2 0
Communication round: 6, Smart Eavesdropper Accuracy: 0.31136363636363634 2 0
Communication round: 7, Smart Eavesdropper Accuracy: 0.3090909090909091 2 0
Communication round: 8, Aggregated Accuracies: 0.09928571428571428 3
Communication round: 8, Smart Eavesdropper Accuracy: 0.3159090909090909 3 1
Communication round: 9, Smart Eavesdropper Accuracy: 0.3159090909090909 4 1
Communication round: 10, Smart Eavesdropper Accuracy: 0.2818181818181818 4 0
Communication round: 11, Smart Eavesdropper Accuracy: 0.28863636363636364 5 1
Communication round: 12, Aggregated Accuracies: 0.15571428571428575 6
Communication round: 12, Smart Eavesdropper Accuracy: 0.34545454545454546 6 1
Communication round: 13, Smart Eavesdropper Accuracy: 0.38181818181818183 7 1
Communication round: 14, Smart Eavesdropper Accuracy: 0.3886363636363636 7 0
Communication round: 15, Smart Eavesdropper Accuracy: 0.3568181818181818 8 1
Communication round: 16, Smart Eavesdropper Accuracy: 0.4159090909090909 8 0
Communication round: 17, Smart Eavesdropper Accuracy: 0.39090909090909093 8 0
Communication round: 18, Smart Eavesdropper Accuracy: 0.3931818181818182 8 0
Communication round: 19, Smart Eavesdropper Accuracy: 0.3659090909090909 9 1
Communication round: 20, Smart Eavesdropper Accuracy: 0.4318181818181818 10 1
Communication round: 21, Smart Eavesdropper Accuracy: 0.3795454545454545 10 0
Communication round: 22, Smart Eavesdropper Accuracy: 0.4022727272727273 11 1
Communication round: 23, Aggregated Accuracies: 0.2022619047619048 12
Communication round: 23, Smart Eavesdropper Accuracy: 0.37272727272727274 12 1
Communication round: 24, Smart Eavesdropper Accuracy: 0.45454545454545453 12 0
Communication round: 25, Smart Eavesdropper Accuracy: 0.45 12 0
Communication round: 26, Smart Eavesdropper Accuracy: 0.4090909090909091 12 0
Communication round: 27, Smart Eavesdropper Accuracy: 0.44772727272727275 12 0
Communication round: 28, Smart Eavesdropper Accuracy: 0.4818181818181818 13 1
Communication round: 29, Smart Eavesdropper Accuracy: 0.4909090909090909 13 0
Communication round: 30, Smart Eavesdropper Accuracy: 0.4636363636363636 13 0
Communication round: 31, Smart Eavesdropper Accuracy: 0.4659090909090909 13 0
Communication round: 32, Smart Eavesdropper Accuracy: 0.49318181818181817 13 0
Communication round: 33, Smart Eavesdropper Accuracy: 0.5113636363636364 14 1
Communication round: 34, Smart Eavesdropper Accuracy: 0.5272727272727272 15 1
Communication round: 35, Smart Eavesdropper Accuracy: 0.5113636363636364 15 0
Communication round: 36, Smart Eavesdropper Accuracy: 0.43863636363636366 16 1
Communication round: 37, Smart Eavesdropper Accuracy: 0.5545454545454546 17 1
Communication round: 38, Smart Eavesdropper Accuracy: 0.5568181818181818 18 1
Communication round: 39, Smart Eavesdropper Accuracy: 0.5272727272727272 18 0
Communication round: 40, Smart Eavesdropper Accuracy: 0.5 19 1
Communication round: 41, Smart Eavesdropper Accuracy: 0.5204545454545455 20 1
Communication round: 42, Smart Eavesdropper Accuracy: 0.48863636363636365 21 1
Communication round: 43, Smart Eavesdropper Accuracy: 0.5409090909090909 22 1
Communication round: 44, Eavesdropper Accuracy: 0.2409090909090909 23 1
Communication round: 45, Aggregated Accuracies: 0.2763095238095239 24
Communication round: 45, Eavesdropper Accuracy: 0.32272727272727275 24 1
Communication round: 46, Eavesdropper Accuracy: 0.2909090909090909 24 0
Communication round: 47, Smart Eavesdropper Accuracy: 0.225 24 0
Communication round: 48, Aggregated Accuracies: 0.34011904761904777 25
Communication round: 48, Eavesdropper Accuracy: 0.3522727272727273 25 1
Communication round: 49, Smart Eavesdropper Accuracy: 0.26590909090909093 25 0
Communication round: 50, Smart Eavesdropper Accuracy: 0.31363636363636366 25 0
Communication round: 51, Smart Eavesdropper Accuracy: 0.3 26 1
Communication round: 52, Smart Eavesdropper Accuracy: 0.2863636363636364 26 0
Communication round: 53, Smart Eavesdropper Accuracy: 0.3431818181818182 27 1
Communication round: 54, Eavesdropper Accuracy: 0.3340909090909091 28 1
Communication round: 55, Eavesdropper Accuracy: 0.3522727272727273 29 1
Communication round: 56, Eavesdropper Accuracy: 0.3704545454545455 30 1
Communication round: 57, Eavesdropper Accuracy: 0.3477272727272727 31 1
Communication round: 58, Eavesdropper Accuracy: 0.3613636363636364 31 0
Communication round: 59, Eavesdropper Accuracy: 0.35 31 0
Communication round: 60, Eavesdropper Accuracy: 0.35 32 1
Communication round: 61, Eavesdropper Accuracy: 0.32954545454545453 32 0
Communication round: 62, Eavesdropper Accuracy: 0.3431818181818182 33 1
Communication round: 63, Eavesdropper Accuracy: 0.36363636363636365 33 0
Communication round: 64, Eavesdropper Accuracy: 0.3795454545454545 34 1
Communication round: 65, Eavesdropper Accuracy: 0.3340909090909091 35 1
Communication round: 66, Eavesdropper Accuracy: 0.3659090909090909 35 0
Communication round: 67, Eavesdropper Accuracy: 0.3568181818181818 35 0
Communication round: 68, Eavesdropper Accuracy: 0.39090909090909093 36 1
Communication round: 69, Eavesdropper Accuracy: 0.35909090909090907 36 0
Communication round: 70, Eavesdropper Accuracy: 0.3522727272727273 36 0
Communication round: 71, Smart Eavesdropper Accuracy: 0.2727272727272727 36 0
Communication round: 72, Eavesdropper Accuracy: 0.35 37 1
Communication round: 73, Smart Eavesdropper Accuracy: 0.3068181818181818 37 0
Communication round: 74, Eavesdropper Accuracy: 0.37272727272727274 38 1
Communication round: 75, Eavesdropper Accuracy: 0.3613636363636364 39 1
Communication round: 76, Eavesdropper Accuracy: 0.3522727272727273 39 0
Communication round: 77, Smart Eavesdropper Accuracy: 0.3181818181818182 39 0
Communication round: 78, Eavesdropper Accuracy: 0.3431818181818182 40 1
Communication round: 79, Eavesdropper Accuracy: 0.3613636363636364 41 1
Communication round: 80, Eavesdropper Accuracy: 0.3340909090909091 41 0
Communication round: 81, Smart Eavesdropper Accuracy: 0.3068181818181818 41 0
Communication round: 82, Smart Eavesdropper Accuracy: 0.27954545454545454 41 0
Communication round: 83, Smart Eavesdropper Accuracy: 0.325 42 1
Communication round: 84, Eavesdropper Accuracy: 0.40454545454545454 43 1
Communication round: 85, Eavesdropper Accuracy: 0.3522727272727273 44 1
Communication round: 86, Eavesdropper Accuracy: 0.375 44 0
Communication round: 87, Eavesdropper Accuracy: 0.37727272727272726 45 1
Communication round: 88, Eavesdropper Accuracy: 0.33181818181818185 45 0
Communication round: 89, Smart Eavesdropper Accuracy: 0.27045454545454545 45 0
Communication round: 90, Smart Eavesdropper Accuracy: 0.2818181818181818 45 0
Communication round: 91, Smart Eavesdropper Accuracy: 0.3068181818181818 46 1
Communication round: 92, Aggregated Accuracies: 0.40809523809523823 47
Communication round: 92, Eavesdropper Accuracy: 0.42954545454545456 47 1
Communication round: 93, Smart Eavesdropper Accuracy: 0.33181818181818185 47 0
Communication round: 94, Aggregated Accuracies: 0.46976190476190477 48
Communication round: 94, Eavesdropper Accuracy: 0.509090909090909 48 1
Communication round: 95, Aggregated Accuracies: 0.5123809523809524 49
Communication round: 95, Eavesdropper Accuracy: 0.5681818181818182 49 1
Communication round: 96, Eavesdropper Accuracy: 0.5613636363636364 49 0
Communication round: 97, Eavesdropper Accuracy: 0.5568181818181818 50 1
Communication round: 98, Eavesdropper Accuracy: 0.5522727272727272 50 0
Communication round: 99, Smart Eavesdropper Accuracy: 0.34545454545454546 50 0
----------------------------------------------------------------------------------------------------
----------------------------------------------------------------------------------------------------
P0_False_
----------------------------------------------------------------------------------------------------
Communication round: 0, Eavesdropper Accuracy: 0.056818181818181816 1 1
Communication round: 1, Smart Eavesdropper Accuracy: 0.06818181818181818 1 0
Communication round: 2, Eavesdropper Accuracy: 0.04772727272727273 2 1
Communication round: 3, Smart Eavesdropper Accuracy: 0.12272727272727273 2 0
Communication round: 4, Eavesdropper Accuracy: 0.05454545454545454 3 1
Communication round: 5, Smart Eavesdropper Accuracy: 0.10227272727272728 3 0
Communication round: 6, Smart Eavesdropper Accuracy: 0.16818181818181818 3 0
Communication round: 7, Smart Eavesdropper Accuracy: 0.16363636363636364 3 0
Communication round: 8, Smart Eavesdropper Accuracy: 0.22272727272727272 3 0
Communication round: 9, Smart Eavesdropper Accuracy: 0.29772727272727273 4 1
Communication round: 10, Smart Eavesdropper Accuracy: 0.3181818181818182 5 1
Communication round: 11, Smart Eavesdropper Accuracy: 0.3159090909090909 5 0
Communication round: 12, Smart Eavesdropper Accuracy: 0.36363636363636365 6 1
Communication round: 13, Smart Eavesdropper Accuracy: 0.4090909090909091 6 0
Communication round: 14, Smart Eavesdropper Accuracy: 0.37272727272727274 6 0
Communication round: 15, Smart Eavesdropper Accuracy: 0.425 6 0
Communication round: 16, Smart Eavesdropper Accuracy: 0.36363636363636365 7 1
Communication round: 17, Smart Eavesdropper Accuracy: 0.38636363636363635 8 1
Communication round: 18, Smart Eavesdropper Accuracy: 0.4113636363636364 9 1
Communication round: 19, Smart Eavesdropper Accuracy: 0.45227272727272727 10 1
Communication round: 20, Smart Eavesdropper Accuracy: 0.44772727272727275 10 0
Communication round: 21, Smart Eavesdropper Accuracy: 0.4340909090909091 10 0
Communication round: 22, Smart Eavesdropper Accuracy: 0.48409090909090907 11 1
Communication round: 23, Smart Eavesdropper Accuracy: 0.41363636363636364 12 1
Communication round: 24, Smart Eavesdropper Accuracy: 0.48409090909090907 12 0
Communication round: 25, Smart Eavesdropper Accuracy: 0.4863636363636364 13 1
Communication round: 26, Smart Eavesdropper Accuracy: 0.48863636363636365 13 0
Communication round: 27, Smart Eavesdropper Accuracy: 0.5227272727272727 14 1
Communication round: 28, Eavesdropper Accuracy: 0.05909090909090909 15 1
Communication round: 29, Smart Eavesdropper Accuracy: 0.125 15 0
Communication round: 30, Smart Eavesdropper Accuracy: 0.16818181818181818 15 0
Communication round: 31, Smart Eavesdropper Accuracy: 0.21363636363636362 15 0
Communication round: 32, Smart Eavesdropper Accuracy: 0.22045454545454546 16 1
Communication round: 33, Smart Eavesdropper Accuracy: 0.3 16 0
Communication round: 34, Smart Eavesdropper Accuracy: 0.25227272727272726 17 1
Communication round: 35, Smart Eavesdropper Accuracy: 0.32272727272727275 18 1
Communication round: 36, Eavesdropper Accuracy: 0.08181818181818182 19 1
Communication round: 37, Smart Eavesdropper Accuracy: 0.10454545454545454 19 0
Communication round: 38, Eavesdropper Accuracy: 0.056818181818181816 20 1
Communication round: 39, Eavesdropper Accuracy: 0.07272727272727272 21 1
Communication round: 40, Eavesdropper Accuracy: 0.06363636363636363 21 0
Communication round: 41, Smart Eavesdropper Accuracy: 0.05909090909090909 21 0
Communication round: 42, Eavesdropper Accuracy: 0.06136363636363636 22 1
Communication round: 43, Eavesdropper Accuracy: 0.07045454545454545 23 1
Communication round: 44, Eavesdropper Accuracy: 0.056818181818181816 23 0
Communication round: 45, Smart Eavesdropper Accuracy: 0.09318181818181819 23 0
Communication round: 46, Eavesdropper Accuracy: 0.07954545454545454 24 1
Communication round: 47, Smart Eavesdropper Accuracy: 0.08409090909090909 24 0
Communication round: 48, Eavesdropper Accuracy: 0.06818181818181818 25 1
Communication round: 49, Smart Eavesdropper Accuracy: 0.11136363636363636 25 0
Communication round: 50, Smart Eavesdropper Accuracy: 0.1590909090909091 25 0
Communication round: 51, Smart Eavesdropper Accuracy: 0.19772727272727272 26 1
Communication round: 52, Eavesdropper Accuracy: 0.05909090909090909 27 1
Communication round: 53, Eavesdropper Accuracy: 0.07045454545454545 28 1
Communication round: 54, Aggregated Accuracies: 0.0930952380952381 29
Communication round: 54, Eavesdropper Accuracy: 0.08636363636363636 29 1
Communication round: 55, Eavesdropper Accuracy: 0.08636363636363636 29 0
Communication round: 56, Eavesdropper Accuracy: 0.09318181818181819 29 0
Communication round: 57, Eavesdropper Accuracy: 0.08636363636363636 30 1
Communication round: 58, Eavesdropper Accuracy: 0.07954545454545454 31 1
Communication round: 59, Eavesdropper Accuracy: 0.09545454545454546 32 1
Communication round: 60, Eavesdropper Accuracy: 0.07954545454545454 32 0
Communication round: 61, Eavesdropper Accuracy: 0.10909090909090909 33 1
Communication round: 62, Eavesdropper Accuracy: 0.09545454545454546 33 0
Communication round: 63, Eavesdropper Accuracy: 0.08181818181818182 34 1
Communication round: 64, Eavesdropper Accuracy: 0.09090909090909091 35 1
Communication round: 65, Eavesdropper Accuracy: 0.09545454545454546 36 1
Communication round: 66, Eavesdropper Accuracy: 0.10909090909090909 36 0
Communication round: 67, Eavesdropper Accuracy: 0.1 37 1
Communication round: 68, Eavesdropper Accuracy: 0.09772727272727273 37 0
Communication round: 69, Eavesdropper Accuracy: 0.09318181818181819 38 1
Communication round: 70, Eavesdropper Accuracy: 0.08636363636363636 38 0
Communication round: 71, Aggregated Accuracies: 0.1573809523809524 39
Communication round: 71, Eavesdropper Accuracy: 0.17045454545454544 39 1
Communication round: 72, Eavesdropper Accuracy: 0.19090909090909092 39 0
Communication round: 73, Eavesdropper Accuracy: 0.15454545454545454 39 0
Communication round: 74, Eavesdropper Accuracy: 0.15227272727272728 39 0
Communication round: 75, Eavesdropper Accuracy: 0.16590909090909092 39 0
Communication round: 76, Eavesdropper Accuracy: 0.15681818181818183 39 0
Communication round: 77, Smart Eavesdropper Accuracy: 0.21363636363636362 39 0
Communication round: 78, Smart Eavesdropper Accuracy: 0.25227272727272726 39 0
Communication round: 79, Smart Eavesdropper Accuracy: 0.2818181818181818 40 1
Communication round: 80, Eavesdropper Accuracy: 0.16818181818181818 41 1
Communication round: 81, Eavesdropper Accuracy: 0.2 42 1
Communication round: 82, Eavesdropper Accuracy: 0.19545454545454546 42 0
Communication round: 83, Smart Eavesdropper Accuracy: 0.16590909090909092 42 0
Communication round: 84, Smart Eavesdropper Accuracy: 0.21363636363636362 42 0
Communication round: 85, Smart Eavesdropper Accuracy: 0.29772727272727273 43 1
Communication round: 86, Eavesdropper Accuracy: 0.18636363636363637 44 1
Communication round: 87, Eavesdropper Accuracy: 0.17045454545454544 45 1
Communication round: 88, Eavesdropper Accuracy: 0.16590909090909092 46 1
Communication round: 89, Eavesdropper Accuracy: 0.17954545454545454 46 0
Communication round: 90, Eavesdropper Accuracy: 0.19090909090909092 46 0
Communication round: 91, Smart Eavesdropper Accuracy: 0.15454545454545454 46 0
Communication round: 92, Eavesdropper Accuracy: 0.16136363636363638 47 1
Communication round: 93, Smart Eavesdropper Accuracy: 0.16818181818181818 47 0
Communication round: 94, Eavesdropper Accuracy: 0.16136363636363638 48 1
Communication round: 95, Smart Eavesdropper Accuracy: 0.19090909090909092 48 0
Communication round: 96, Smart Eavesdropper Accuracy: 0.19090909090909092 48 0
Communication round: 97, Smart Eavesdropper Accuracy: 0.2909090909090909 49 1
Communication round: 98, Eavesdropper Accuracy: 0.16136363636363638 50 1
Communication round: 99, Eavesdropper Accuracy: 0.1590909090909091 51 1
----------------------------------------------------------------------------------------------------
