----------------------------------------------------------------------------------------------------
P0_False_
----------------------------------------------------------------------------------------------------
Communication round: 0, Eavesdropper Accuracy: 0.10227272727272728 1 1
Communication round: 1, Eavesdropper Accuracy: 0.12954545454545455 2 1
Communication round: 2, Eavesdropper Accuracy: 0.09318181818181819 3 1
Communication round: 3, Eavesdropper Accuracy: 0.1 4 1
Communication round: 4, Eavesdropper Accuracy: 0.1 5 1
Communication round: 5, Eavesdropper Accuracy: 0.07727272727272727 5 0
Communication round: 6, Eavesdropper Accuracy: 0.10227272727272728 6 1
Communication round: 7, Aggregated Accuracies: 0.12440476190476188 7
Communication round: 7, Eavesdropper Accuracy: 0.12954545454545455 7 1
Communication round: 8, Aggregated Accuracies: 0.13892857142857137 8
Communication round: 8, Eavesdropper Accuracy: 0.2318181818181818 8 1
Communication round: 9, Aggregated Accuracies: 0.1901190476190477 9
Communication round: 9, Eavesdropper Accuracy: 0.20681818181818182 9 1
Communication round: 10, Aggregated Accuracies: 0.31059523809523815 10
Communication round: 10, Eavesdropper Accuracy: 0.4727272727272727 10 1
Communication round: 11, Eavesdropper Accuracy: 0.5136363636363637 11 1
Communication round: 12, Eavesdropper Accuracy: 0.509090909090909 12 1
Communication round: 13, Eavesdropper Accuracy: 0.4818181818181818 12 0
Communication round: 14, Eavesdropper Accuracy: 0.4863636363636364 12 0
Communication round: 15, Eavesdropper Accuracy: 0.44772727272727275 12 0
Communication round: 16, Eavesdropper Accuracy: 0.5159090909090909 12 0
Communication round: 17, Eavesdropper Accuracy: 0.42272727272727273 12 0
Communication round: 18, Aggregated Accuracies: 0.4121428571428572 13
Communication round: 18, Eavesdropper Accuracy: 0.7022727272727273 13 1
Communication round: 19, Eavesdropper Accuracy: 0.7181818181818181 13 0
Communication round: 20, Eavesdropper Accuracy: 0.7181818181818181 13 0
Communication round: 21, Eavesdropper Accuracy: 0.6795454545454546 14 1
Communication round: 22, Eavesdropper Accuracy: 0.7113636363636363 14 0
Communication round: 23, Eavesdropper Accuracy: 0.7 14 0
Communication round: 24, Eavesdropper Accuracy: 0.6954545454545454 14 0
Communication round: 25, Eavesdropper Accuracy: 0.7318181818181818 14 0
Communication round: 26, Eavesdropper Accuracy: 0.6909090909090909 14 0
Communication round: 27, Eavesdropper Accuracy: 0.7113636363636363 15 1
Communication round: 28, Eavesdropper Accuracy: 0.7 16 1
Communication round: 29, Eavesdropper Accuracy: 0.6977272727272728 16 0
Communication round: 30, Eavesdropper Accuracy: 0.6772727272727272 17 1
Communication round: 31, Eavesdropper Accuracy: 0.6931818181818182 17 0
Communication round: 32, Eavesdropper Accuracy: 0.6909090909090909 17 0
Communication round: 33, Smart Eavesdropper Accuracy: 0.4340909090909091 17 0
Communication round: 34, Eavesdropper Accuracy: 0.7045454545454546 18 1
Communication round: 35, Smart Eavesdropper Accuracy: 0.2863636363636364 18 0
Communication round: 36, Smart Eavesdropper Accuracy: 0.38181818181818183 18 0
Communication round: 37, Aggregated Accuracies: 0.48833333333333345 19
Communication round: 37, Smart Eavesdropper Accuracy: 0.40454545454545454 19 1
Communication round: 38, Smart Eavesdropper Accuracy: 0.45227272727272727 19 0
Communication round: 39, Aggregated Accuracies: 0.5266666666666666 20
Communication round: 39, Smart Eavesdropper Accuracy: 0.43636363636363634 20 1
Communication round: 40, Aggregated Accuracies: 0.5971428571428572 21
Communication round: 40, Eavesdropper Accuracy: 0.8113636363636364 21 1
Communication round: 41, Aggregated Accuracies: 0.6222619047619046 22
Communication round: 41, Eavesdropper Accuracy: 0.8681818181818182 22 1
Communication round: 42, Eavesdropper Accuracy: 0.8227272727272728 22 0
Communication round: 43, Aggregated Accuracies: 0.6860714285714284 23
Communication round: 43, Eavesdropper Accuracy: 0.8545454545454545 23 1
Communication round: 44, Aggregated Accuracies: 0.6523809523809523 24
Communication round: 44, Eavesdropper Accuracy: 0.8159090909090909 24 1
Communication round: 45, Eavesdropper Accuracy: 0.8204545454545454 24 0
Communication round: 46, Eavesdropper Accuracy: 0.8318181818181818 24 0
Communication round: 47, Smart Eavesdropper Accuracy: 0.7863636363636364 24 0
Communication round: 48, Smart Eavesdropper Accuracy: 0.7795454545454545 24 0
Communication round: 49, Smart Eavesdropper Accuracy: 0.7181818181818181 24 0
Communication round: 50, Smart Eavesdropper Accuracy: 0.740909090909091 25 1
Communication round: 51, Smart Eavesdropper Accuracy: 0.8159090909090909 25 0
Communication round: 52, Smart Eavesdropper Accuracy: 0.7022727272727273 25 0
Communication round: 53, Smart Eavesdropper Accuracy: 0.7795454545454545 26 1
Communication round: 54, Smart Eavesdropper Accuracy: 0.7863636363636364 26 0
Communication round: 55, Smart Eavesdropper Accuracy: 0.8227272727272728 26 0
Communication round: 56, Smart Eavesdropper Accuracy: 0.7704545454545455 26 0
Communication round: 57, Aggregated Accuracies: 0.6850000000000002 27
Communication round: 57, Smart Eavesdropper Accuracy: 0.7181818181818181 27 1
Communication round: 58, Aggregated Accuracies: 0.656785714285714 28
Communication round: 58, Smart Eavesdropper Accuracy: 0.759090909090909 28 1
Communication round: 59, Smart Eavesdropper Accuracy: 0.8 28 0
Communication round: 60, Smart Eavesdropper Accuracy: 0.8113636363636364 28 0
Communication round: 61, Aggregated Accuracies: 0.7164285714285716 29
Communication round: 61, Smart Eavesdropper Accuracy: 0.8363636363636363 29 1
Communication round: 62, Aggregated Accuracies: 0.7300000000000003 30
Communication round: 62, Smart Eavesdropper Accuracy: 0.7636363636363637 30 1
Communication round: 63, Aggregated Accuracies: 0.7880952380952383 31
Communication round: 63, Smart Eavesdropper Accuracy: 0.8136363636363636 31 1
Communication round: 64, Smart Eavesdropper Accuracy: 0.8386363636363636 31 0
Communication round: 65, Smart Eavesdropper Accuracy: 0.8204545454545454 31 0
Communication round: 66, Smart Eavesdropper Accuracy: 0.8045454545454546 31 0
Communication round: 67, Smart Eavesdropper Accuracy: 0.8090909090909091 31 0
Communication round: 68, Aggregated Accuracies: 0.7816666666666668 32
Communication round: 68, Smart Eavesdropper Accuracy: 0.8409090909090909 32 1
Communication round: 69, Smart Eavesdropper Accuracy: 0.8090909090909091 32 0
Communication round: 70, Aggregated Accuracies: 0.7935714285714289 33
Communication round: 70, Smart Eavesdropper Accuracy: 0.8136363636363636 33 1
Communication round: 71, Aggregated Accuracies: 0.7984523809523815 34
Communication round: 71, Smart Eavesdropper Accuracy: 0.8 34 1
Communication round: 72, Aggregated Accuracies: 0.8291666666666668 35
Communication round: 72, Smart Eavesdropper Accuracy: 0.8318181818181818 35 1
Communication round: 73, Aggregated Accuracies: 0.8273809523809521 36
Communication round: 73, Smart Eavesdropper Accuracy: 0.825 36 1
Communication round: 74, Aggregated Accuracies: 0.8311904761904765 37
Communication round: 74, Smart Eavesdropper Accuracy: 0.8340909090909091 37 1
Communication round: 75, Aggregated Accuracies: 0.8430952380952382 38
Communication round: 75, Smart Eavesdropper Accuracy: 0.8090909090909091 38 1
Communication round: 76, Smart Eavesdropper Accuracy: 0.8545454545454545 38 0
Communication round: 77, Aggregated Accuracies: 0.8513095238095236 39
Communication round: 77, Smart Eavesdropper Accuracy: 0.8204545454545454 39 1
Communication round: 78, Aggregated Accuracies: 0.8573809523809524 40
Communication round: 78, Eavesdropper Accuracy: 0.9363636363636364 40 1
Communication round: 79, Aggregated Accuracies: 0.857142857142857 41
Communication round: 79, Eavesdropper Accuracy: 0.9227272727272727 41 1
Communication round: 80, Aggregated Accuracies: 0.8571428571428575 42
Communication round: 80, Eavesdropper Accuracy: 0.9409090909090909 42 1
Communication round: 81, Aggregated Accuracies: 0.8648809523809523 43
Communication round: 81, Eavesdropper Accuracy: 0.9386363636363636 43 1
Communication round: 82, Aggregated Accuracies: 0.8735714285714287 44
Communication round: 82, Eavesdropper Accuracy: 0.9454545454545454 44 1
Communication round: 83, Aggregated Accuracies: 0.871190476190476 45
Communication round: 83, Eavesdropper Accuracy: 0.9272727272727272 45 1
Communication round: 84, Eavesdropper Accuracy: 0.9522727272727273 45 0
Communication round: 85, Eavesdropper Accuracy: 0.9409090909090909 45 0
Communication round: 86, Eavesdropper Accuracy: 0.9409090909090909 45 0
Communication round: 87, Eavesdropper Accuracy: 0.9409090909090909 45 0
Communication round: 88, Eavesdropper Accuracy: 0.9727272727272728 45 0
Communication round: 89, Smart Eavesdropper Accuracy: 0.9227272727272727 45 0
Communication round: 90, Smart Eavesdropper Accuracy: 0.9159090909090909 45 0
Communication round: 91, Smart Eavesdropper Accuracy: 0.9272727272727272 45 0
Communication round: 92, Smart Eavesdropper Accuracy: 0.9227272727272727 45 0
Communication round: 93, Smart Eavesdropper Accuracy: 0.9363636363636364 45 0
Communication round: 94, Smart Eavesdropper Accuracy: 0.9272727272727272 45 0
Communication round: 95, Smart Eavesdropper Accuracy: 0.9386363636363636 45 0
Communication round: 96, Smart Eavesdropper Accuracy: 0.9568181818181818 45 0
Communication round: 97, Smart Eavesdropper Accuracy: 0.9363636363636364 45 0
Communication round: 98, Smart Eavesdropper Accuracy: 0.9136363636363637 45 0
Communication round: 99, Smart Eavesdropper Accuracy: 0.9227272727272727 45 0
----------------------------------------------------------------------------------------------------
----------------------------------------------------------------------------------------------------
P0_False_
----------------------------------------------------------------------------------------------------
Communication round: 0, Eavesdropper Accuracy: 0.15 1 1
Communication round: 1, Smart Eavesdropper Accuracy: 0.18863636363636363 1 0
Communication round: 2, Smart Eavesdropper Accuracy: 0.16818181818181818 1 0
Communication round: 3, Smart Eavesdropper Accuracy: 0.17045454545454544 1 0
Communication round: 4, Smart Eavesdropper Accuracy: 0.21818181818181817 1 0
Communication round: 5, Smart Eavesdropper Accuracy: 0.20681818181818182 2 1
Communication round: 6, Smart Eavesdropper Accuracy: 0.20909090909090908 2 0
Communication round: 7, Smart Eavesdropper Accuracy: 0.1590909090909091 3 1
Communication round: 8, Smart Eavesdropper Accuracy: 0.18409090909090908 4 1
Communication round: 9, Smart Eavesdropper Accuracy: 0.1590909090909091 5 1
Communication round: 10, Aggregated Accuracies: 0.14107142857142851 6
Communication round: 10, Eavesdropper Accuracy: 0.2 6 1
Communication round: 11, Aggregated Accuracies: 0.2076190476190476 7
Communication round: 11, Eavesdropper Accuracy: 0.33181818181818185 7 1
Communication round: 12, Aggregated Accuracies: 0.2558333333333334 8
Communication round: 12, Eavesdropper Accuracy: 0.3409090909090909 8 1
Communication round: 13, Eavesdropper Accuracy: 0.35 8 0
Communication round: 14, Aggregated Accuracies: 0.3791666666666666 9
Communication round: 14, Eavesdropper Accuracy: 0.5022727272727273 9 1
Communication round: 15, Eavesdropper Accuracy: 0.5022727272727273 10 1
Communication round: 16, Aggregated Accuracies: 0.4383333333333334 11
Communication round: 16, Eavesdropper Accuracy: 0.5954545454545455 11 1
Communication round: 17, Eavesdropper Accuracy: 0.6545454545454545 12 1
Communication round: 18, Eavesdropper Accuracy: 0.6090909090909091 12 0
Communication round: 19, Aggregated Accuracies: 0.5289285714285715 13
Communication round: 19, Eavesdropper Accuracy: 0.7909090909090909 13 1
Communication round: 20, Aggregated Accuracies: 0.5972619047619047 14
Communication round: 20, Eavesdropper Accuracy: 0.725 14 1
Communication round: 21, Eavesdropper Accuracy: 0.775 14 0
Communication round: 22, Aggregated Accuracies: 0.6161904761904762 15
Communication round: 22, Eavesdropper Accuracy: 0.8136363636363636 15 1
Communication round: 23, Aggregated Accuracies: 0.6483333333333335 16
Communication round: 23, Eavesdropper Accuracy: 0.7886363636363637 16 1
Communication round: 24, Aggregated Accuracies: 0.6794047619047617 17
Communication round: 24, Eavesdropper Accuracy: 0.884090909090909 17 1
Communication round: 25, Aggregated Accuracies: 0.6898809523809527 18
Communication round: 25, Eavesdropper Accuracy: 0.8363636363636363 18 1
Communication round: 26, Aggregated Accuracies: 0.7008333333333334 19
Communication round: 26, Eavesdropper Accuracy: 0.8818181818181818 19 1
Communication round: 27, Eavesdropper Accuracy: 0.884090909090909 19 0
Communication round: 28, Aggregated Accuracies: 0.7140476190476188 20
Communication round: 28, Eavesdropper Accuracy: 0.8318181818181818 20 1
Communication round: 29, Aggregated Accuracies: 0.7392857142857145 21
Communication round: 29, Eavesdropper Accuracy: 0.8590909090909091 21 1
Communication round: 30, Eavesdropper Accuracy: 0.865909090909091 21 0
Communication round: 31, Eavesdropper Accuracy: 0.8818181818181818 21 0
Communication round: 32, Eavesdropper Accuracy: 0.8772727272727273 21 0
Communication round: 33, Aggregated Accuracies: 0.7476190476190477 22
Communication round: 33, Eavesdropper Accuracy: 0.8227272727272728 22 1
Communication round: 34, Aggregated Accuracies: 0.7714285714285717 23
Communication round: 34, Eavesdropper Accuracy: 0.8795454545454545 23 1
Communication round: 35, Eavesdropper Accuracy: 0.8818181818181818 23 0
Communication round: 36, Aggregated Accuracies: 0.7807142857142857 24
Communication round: 36, Eavesdropper Accuracy: 0.8545454545454545 24 1
Communication round: 37, Eavesdropper Accuracy: 0.865909090909091 25 1
Communication round: 38, Aggregated Accuracies: 0.8013095238095237 26
Communication round: 38, Eavesdropper Accuracy: 0.9227272727272727 26 1
Communication round: 39, Aggregated Accuracies: 0.8052380952380952 27
Communication round: 39, Eavesdropper Accuracy: 0.9136363636363637 27 1
Communication round: 40, Aggregated Accuracies: 0.8132142857142861 28
Communication round: 40, Eavesdropper Accuracy: 0.9363636363636364 28 1
Communication round: 41, Aggregated Accuracies: 0.8192857142857143 29
Communication round: 41, Eavesdropper Accuracy: 0.9159090909090909 29 1
Communication round: 42, Aggregated Accuracies: 0.827857142857143 30
Communication round: 42, Eavesdropper Accuracy: 0.9204545454545454 30 1
Communication round: 43, Aggregated Accuracies: 0.8321428571428569 31
Communication round: 43, Eavesdropper Accuracy: 0.9431818181818182 31 1
Communication round: 44, Eavesdropper Accuracy: 0.9431818181818182 31 0
Communication round: 45, Aggregated Accuracies: 0.8425 32
Communication round: 45, Eavesdropper Accuracy: 0.95 32 1
Communication round: 46, Aggregated Accuracies: 0.8428571428571432 33
Communication round: 46, Eavesdropper Accuracy: 0.9113636363636364 33 1
Communication round: 47, Aggregated Accuracies: 0.8569047619047617 34
Communication round: 47, Eavesdropper Accuracy: 0.9409090909090909 34 1
Communication round: 48, Aggregated Accuracies: 0.8428571428571431 35
Communication round: 48, Eavesdropper Accuracy: 0.95 35 1
Communication round: 49, Aggregated Accuracies: 0.8720238095238098 36
Communication round: 49, Eavesdropper Accuracy: 0.9340909090909091 36 1
Communication round: 50, Aggregated Accuracies: 0.8691666666666669 37
Communication round: 50, Eavesdropper Accuracy: 0.925 37 1
Communication round: 51, Aggregated Accuracies: 0.8736904761904764 38
Communication round: 51, Eavesdropper Accuracy: 0.9681818181818181 38 1
Communication round: 52, Eavesdropper Accuracy: 0.9409090909090909 38 0
Communication round: 53, Eavesdropper Accuracy: 0.9522727272727273 38 0
Communication round: 54, Eavesdropper Accuracy: 0.9340909090909091 38 0
Communication round: 55, Eavesdropper Accuracy: 0.9431818181818182 38 0
Communication round: 56, Eavesdropper Accuracy: 0.9522727272727273 38 0
Communication round: 57, Eavesdropper Accuracy: 0.9409090909090909 38 0
Communication round: 58, Eavesdropper Accuracy: 0.9590909090909091 38 0
Communication round: 59, Eavesdropper Accuracy: 0.9568181818181818 38 0
Communication round: 60, Eavesdropper Accuracy: 0.9522727272727273 38 0
Communication round: 61, Eavesdropper Accuracy: 0.9477272727272728 38 0
Communication round: 62, Eavesdropper Accuracy: 0.9386363636363636 38 0
Communication round: 63, Eavesdropper Accuracy: 0.9522727272727273 38 0
Communication round: 64, Eavesdropper Accuracy: 0.9409090909090909 38 0
Communication round: 65, Eavesdropper Accuracy: 0.9568181818181818 38 0
Communication round: 66, Eavesdropper Accuracy: 0.9568181818181818 38 0
Communication round: 67, Eavesdropper Accuracy: 0.925 38 0
Communication round: 68, Eavesdropper Accuracy: 0.9454545454545454 38 0
Communication round: 69, Eavesdropper Accuracy: 0.9545454545454546 38 0
Communication round: 70, Eavesdropper Accuracy: 0.9431818181818182 38 0
Communication round: 71, Eavesdropper Accuracy: 0.9522727272727273 38 0
Communication round: 72, Eavesdropper Accuracy: 0.9522727272727273 38 0
Communication round: 73, Eavesdropper Accuracy: 0.9659090909090909 38 0
Communication round: 74, Eavesdropper Accuracy: 0.9477272727272728 38 0
Communication round: 75, Smart Eavesdropper Accuracy: 0.9477272727272728 38 0
Communication round: 76, Smart Eavesdropper Accuracy: 0.9295454545454546 38 0
Communication round: 77, Smart Eavesdropper Accuracy: 0.9181818181818182 38 0
Communication round: 78, Smart Eavesdropper Accuracy: 0.9454545454545454 38 0
Communication round: 79, Smart Eavesdropper Accuracy: 0.9159090909090909 38 0
Communication round: 80, Smart Eavesdropper Accuracy: 0.8931818181818182 38 0
Communication round: 81, Smart Eavesdropper Accuracy: 0.9272727272727272 38 0
Communication round: 82, Smart Eavesdropper Accuracy: 0.9 38 0
Communication round: 83, Smart Eavesdropper Accuracy: 0.925 38 0
Communication round: 84, Smart Eavesdropper Accuracy: 0.9090909090909091 38 0
Communication round: 85, Smart Eavesdropper Accuracy: 0.9181818181818182 38 0
Communication round: 86, Smart Eavesdropper Accuracy: 0.9318181818181818 38 0
Communication round: 87, Smart Eavesdropper Accuracy: 0.9477272727272728 38 0
Communication round: 88, Smart Eavesdropper Accuracy: 0.9272727272727272 38 0
Communication round: 89, Smart Eavesdropper Accuracy: 0.9113636363636364 38 0
Communication round: 90, Smart Eavesdropper Accuracy: 0.9272727272727272 38 0
Communication round: 91, Smart Eavesdropper Accuracy: 0.9159090909090909 38 0
Communication round: 92, Smart Eavesdropper Accuracy: 0.9181818181818182 38 0
Communication round: 93, Smart Eavesdropper Accuracy: 0.9113636363636364 38 0
Communication round: 94, Smart Eavesdropper Accuracy: 0.9318181818181818 38 0
Communication round: 95, Smart Eavesdropper Accuracy: 0.9409090909090909 38 0
Communication round: 96, Smart Eavesdropper Accuracy: 0.9409090909090909 38 0
Communication round: 97, Smart Eavesdropper Accuracy: 0.9454545454545454 38 0
Communication round: 98, Smart Eavesdropper Accuracy: 0.9136363636363637 38 0
Communication round: 99, Smart Eavesdropper Accuracy: 0.925 38 0
----------------------------------------------------------------------------------------------------
----------------------------------------------------------------------------------------------------
P0_False_
----------------------------------------------------------------------------------------------------
Communication round: 0, Smart Eavesdropper Accuracy: 0.16818181818181818 0 0
Communication round: 1, Smart Eavesdropper Accuracy: 0.22727272727272727 0 0
Communication round: 2, Smart Eavesdropper Accuracy: 0.21136363636363636 0 0
Communication round: 3, Smart Eavesdropper Accuracy: 0.20681818181818182 0 0
Communication round: 4, Smart Eavesdropper Accuracy: 0.20227272727272727 1 1
Communication round: 5, Smart Eavesdropper Accuracy: 0.22045454545454546 2 1
Communication round: 6, Smart Eavesdropper Accuracy: 0.20681818181818182 2 0
Communication round: 7, Smart Eavesdropper Accuracy: 0.2318181818181818 3 1
Communication round: 8, Smart Eavesdropper Accuracy: 0.22727272727272727 4 1
Communication round: 9, Smart Eavesdropper Accuracy: 0.2318181818181818 5 1
Communication round: 10, Eavesdropper Accuracy: 0.05 6 1
Communication round: 11, Smart Eavesdropper Accuracy: 0.17045454545454544 6 0
Communication round: 12, Aggregated Accuracies: 0.15392857142857144 7
Communication round: 12, Eavesdropper Accuracy: 0.325 7 1
Communication round: 13, Smart Eavesdropper Accuracy: 0.19772727272727272 7 0
Communication round: 14, Aggregated Accuracies: 0.14559523809523808 8
Communication round: 14, Eavesdropper Accuracy: 0.14545454545454545 8 1
Communication round: 15, Aggregated Accuracies: 0.22428571428571423 9
Communication round: 15, Eavesdropper Accuracy: 0.4340909090909091 9 1
Communication round: 16, Aggregated Accuracies: 0.27845238095238106 10
Communication round: 16, Eavesdropper Accuracy: 0.5363636363636364 10 1
Communication round: 17, Aggregated Accuracies: 0.34726190476190466 11
Communication round: 17, Eavesdropper Accuracy: 0.6772727272727272 11 1
Communication round: 18, Aggregated Accuracies: 0.4554761904761904 12
Communication round: 18, Eavesdropper Accuracy: 0.7454545454545455 12 1
Communication round: 19, Aggregated Accuracies: 0.5554761904761907 13
Communication round: 19, Eavesdropper Accuracy: 0.8181818181818182 13 1
Communication round: 20, Aggregated Accuracies: 0.6001190476190476 14
Communication round: 20, Eavesdropper Accuracy: 0.8136363636363636 14 1
Communication round: 21, Eavesdropper Accuracy: 0.8181818181818182 14 0
Communication round: 22, Aggregated Accuracies: 0.6278571428571429 15
Communication round: 22, Eavesdropper Accuracy: 0.8477272727272728 15 1
Communication round: 23, Aggregated Accuracies: 0.6882142857142856 16
Communication round: 23, Eavesdropper Accuracy: 0.8272727272727273 16 1
Communication round: 24, Aggregated Accuracies: 0.724642857142857 17
Communication round: 24, Eavesdropper Accuracy: 0.8636363636363636 17 1
Communication round: 25, Eavesdropper Accuracy: 0.8977272727272727 18 1
Communication round: 26, Eavesdropper Accuracy: 0.8931818181818182 18 0
Communication round: 27, Eavesdropper Accuracy: 0.8727272727272727 18 0
Communication round: 28, Eavesdropper Accuracy: 0.8954545454545455 18 0
Communication round: 29, Eavesdropper Accuracy: 0.8590909090909091 18 0
Communication round: 30, Eavesdropper Accuracy: 0.8613636363636363 18 0
Communication round: 31, Eavesdropper Accuracy: 0.8545454545454545 18 0
Communication round: 32, Eavesdropper Accuracy: 0.8795454545454545 19 1
Communication round: 33, Eavesdropper Accuracy: 0.8795454545454545 20 1
Communication round: 34, Eavesdropper Accuracy: 0.8727272727272727 20 0
Communication round: 35, Eavesdropper Accuracy: 0.865909090909091 20 0
Communication round: 36, Eavesdropper Accuracy: 0.8590909090909091 20 0
Communication round: 37, Eavesdropper Accuracy: 0.8613636363636363 20 0
Communication round: 38, Eavesdropper Accuracy: 0.865909090909091 21 1
Communication round: 39, Eavesdropper Accuracy: 0.8613636363636363 21 0
Communication round: 40, Eavesdropper Accuracy: 0.8636363636363636 21 0
Communication round: 41, Smart Eavesdropper Accuracy: 0.7840909090909091 21 0
Communication round: 42, Aggregated Accuracies: 0.7379761904761903 22
Communication round: 42, Eavesdropper Accuracy: 0.8795454545454545 22 1
Communication round: 43, Eavesdropper Accuracy: 0.8727272727272727 23 1
Communication round: 44, Aggregated Accuracies: 0.7265476190476192 24
Communication round: 44, Eavesdropper Accuracy: 0.875 24 1
Communication round: 45, Aggregated Accuracies: 0.7491666666666664 25
Communication round: 45, Eavesdropper Accuracy: 0.8681818181818182 25 1
Communication round: 46, Eavesdropper Accuracy: 0.865909090909091 25 0
Communication round: 47, Eavesdropper Accuracy: 0.875 25 0
Communication round: 48, Eavesdropper Accuracy: 0.8363636363636363 25 0
Communication round: 49, Aggregated Accuracies: 0.7545238095238099 26
Communication round: 49, Eavesdropper Accuracy: 0.8931818181818182 26 1
Communication round: 50, Aggregated Accuracies: 0.7745238095238094 27
Communication round: 50, Eavesdropper Accuracy: 0.85 27 1
Communication round: 51, Aggregated Accuracies: 0.8059523809523812 28
Communication round: 51, Eavesdropper Accuracy: 0.85 28 1
Communication round: 52, Aggregated Accuracies: 0.8152380952380959 29
Communication round: 52, Eavesdropper Accuracy: 0.8931818181818182 29 1
Communication round: 53, Aggregated Accuracies: 0.8163095238095239 30
Communication round: 53, Eavesdropper Accuracy: 0.9113636363636364 30 1
Communication round: 54, Aggregated Accuracies: 0.8440476190476192 31
Communication round: 54, Eavesdropper Accuracy: 0.9090909090909091 31 1
Communication round: 55, Aggregated Accuracies: 0.84047619047619 32
Communication round: 55, Eavesdropper Accuracy: 0.9045454545454545 32 1
Communication round: 56, Aggregated Accuracies: 0.8554761904761904 33
Communication round: 56, Eavesdropper Accuracy: 0.9272727272727272 33 1
Communication round: 57, Aggregated Accuracies: 0.8640476190476192 34
Communication round: 57, Eavesdropper Accuracy: 0.9113636363636364 34 1
Communication round: 58, Eavesdropper Accuracy: 0.9340909090909091 34 0
Communication round: 59, Aggregated Accuracies: 0.8619047619047615 35
Communication round: 59, Eavesdropper Accuracy: 0.9477272727272728 35 1
Communication round: 60, Eavesdropper Accuracy: 0.925 35 0
Communication round: 61, Eavesdropper Accuracy: 0.9363636363636364 35 0
Communication round: 62, Eavesdropper Accuracy: 0.9477272727272728 35 0
Communication round: 63, Eavesdropper Accuracy: 0.9454545454545454 35 0
Communication round: 64, Eavesdropper Accuracy: 0.9454545454545454 35 0
Communication round: 65, Eavesdropper Accuracy: 0.9409090909090909 35 0
Communication round: 66, Eavesdropper Accuracy: 0.9295454545454546 35 0
Communication round: 67, Eavesdropper Accuracy: 0.9636363636363636 35 0
Communication round: 68, Eavesdropper Accuracy: 0.9522727272727273 36 1
Communication round: 69, Eavesdropper Accuracy: 0.9363636363636364 37 1
Communication round: 70, Eavesdropper Accuracy: 0.9409090909090909 38 1
Communication round: 71, Eavesdropper Accuracy: 0.9318181818181818 38 0
Communication round: 72, Eavesdropper Accuracy: 0.9204545454545454 38 0
Communication round: 73, Eavesdropper Accuracy: 0.9386363636363636 38 0
Communication round: 74, Eavesdropper Accuracy: 0.9431818181818182 38 0
Communication round: 75, Eavesdropper Accuracy: 0.9568181818181818 39 1
Communication round: 76, Eavesdropper Accuracy: 0.9295454545454546 40 1
Communication round: 77, Eavesdropper Accuracy: 0.9227272727272727 40 0
Communication round: 78, Eavesdropper Accuracy: 0.9090909090909091 40 0
Communication round: 79, Smart Eavesdropper Accuracy: 0.9 40 0
Communication round: 80, Smart Eavesdropper Accuracy: 0.8909090909090909 40 0
Communication round: 81, Aggregated Accuracies: 0.854642857142857 41
Communication round: 81, Smart Eavesdropper Accuracy: 0.9295454545454546 41 1
Communication round: 82, Smart Eavesdropper Accuracy: 0.9045454545454545 41 0
Communication round: 83, Smart Eavesdropper Accuracy: 0.9068181818181819 41 0
Communication round: 84, Smart Eavesdropper Accuracy: 0.9068181818181819 41 0
Communication round: 85, Smart Eavesdropper Accuracy: 0.8909090909090909 41 0
Communication round: 86, Smart Eavesdropper Accuracy: 0.8727272727272727 41 0
Communication round: 87, Smart Eavesdropper Accuracy: 0.8704545454545455 41 0
Communication round: 88, Smart Eavesdropper Accuracy: 0.8954545454545455 41 0
Communication round: 89, Smart Eavesdropper Accuracy: 0.9022727272727272 41 0
Communication round: 90, Smart Eavesdropper Accuracy: 0.9022727272727272 41 0
Communication round: 91, Smart Eavesdropper Accuracy: 0.8931818181818182 41 0
Communication round: 92, Smart Eavesdropper Accuracy: 0.8909090909090909 41 0
Communication round: 93, Smart Eavesdropper Accuracy: 0.8886363636363637 41 0
Communication round: 94, Smart Eavesdropper Accuracy: 0.8977272727272727 41 0
Communication round: 95, Smart Eavesdropper Accuracy: 0.9113636363636364 41 0
Communication round: 96, Smart Eavesdropper Accuracy: 0.8977272727272727 41 0
Communication round: 97, Smart Eavesdropper Accuracy: 0.8977272727272727 41 0
Communication round: 98, Smart Eavesdropper Accuracy: 0.8772727272727273 41 0
Communication round: 99, Smart Eavesdropper Accuracy: 0.8863636363636364 41 0
----------------------------------------------------------------------------------------------------
----------------------------------------------------------------------------------------------------
P0_False_
----------------------------------------------------------------------------------------------------
Communication round: 0, Eavesdropper Accuracy: 0.11136363636363636 1 1
Communication round: 1, Eavesdropper Accuracy: 0.1 2 1
Communication round: 2, Eavesdropper Accuracy: 0.1 3 1
Communication round: 3, Eavesdropper Accuracy: 0.09318181818181819 4 1
Communication round: 4, Eavesdropper Accuracy: 0.11818181818181818 5 1
Communication round: 5, Eavesdropper Accuracy: 0.08863636363636364 6 1
Communication round: 6, Eavesdropper Accuracy: 0.11818181818181818 6 0
Communication round: 7, Eavesdropper Accuracy: 0.10454545454545454 6 0
Communication round: 8, Eavesdropper Accuracy: 0.08863636363636364 7 1
Communication round: 9, Eavesdropper Accuracy: 0.11363636363636363 8 1
Communication round: 10, Eavesdropper Accuracy: 0.10681818181818181 9 1
Communication round: 11, Eavesdropper Accuracy: 0.09318181818181819 10 1
Communication round: 12, Eavesdropper Accuracy: 0.07727272727272727 10 0
Communication round: 13, Eavesdropper Accuracy: 0.09318181818181819 11 1
Communication round: 14, Eavesdropper Accuracy: 0.12045454545454545 12 1
Communication round: 15, Eavesdropper Accuracy: 0.10227272727272728 12 0
Communication round: 16, Eavesdropper Accuracy: 0.09318181818181819 12 0
Communication round: 17, Eavesdropper Accuracy: 0.11818181818181818 12 0
Communication round: 18, Aggregated Accuracies: 0.14238095238095236 13
Communication round: 18, Eavesdropper Accuracy: 0.20681818181818182 13 1
Communication round: 19, Aggregated Accuracies: 0.2355952380952381 14
Communication round: 19, Eavesdropper Accuracy: 0.375 14 1
Communication round: 20, Eavesdropper Accuracy: 0.4159090909090909 14 0
Communication round: 21, Aggregated Accuracies: 0.29750000000000004 15
Communication round: 21, Eavesdropper Accuracy: 0.44545454545454544 15 1
Communication round: 22, Eavesdropper Accuracy: 0.43636363636363634 15 0
Communication round: 23, Eavesdropper Accuracy: 0.4590909090909091 15 0
