----------------------------------------------------------------------------------------------------
20_30_100_0.1_5_0.99_False_
----------------------------------------------------------------------------------------------------
Communication round: 0, Smart Eavesdropper Accuracy: 0.20681818181818182 0 0
Communication round: 1, Smart Eavesdropper Accuracy: 0.34545454545454546 1 1
Communication round: 2, Smart Eavesdropper Accuracy: 0.37272727272727274 1 0
Communication round: 3, Smart Eavesdropper Accuracy: 0.3659090909090909 1 0
Communication round: 4, Smart Eavesdropper Accuracy: 0.42272727272727273 1 0
Communication round: 5, Smart Eavesdropper Accuracy: 0.39545454545454545 2 1
Communication round: 6, Smart Eavesdropper Accuracy: 0.44772727272727275 2 0
Communication round: 7, Smart Eavesdropper Accuracy: 0.425 3 1
Communication round: 8, Smart Eavesdropper Accuracy: 0.4340909090909091 4 1
Communication round: 9, Smart Eavesdropper Accuracy: 0.4727272727272727 5 1
Communication round: 10, Smart Eavesdropper Accuracy: 0.45681818181818185 5 0
Communication round: 11, Smart Eavesdropper Accuracy: 0.48409090909090907 6 1
Communication round: 12, Smart Eavesdropper Accuracy: 0.475 6 0
Communication round: 13, Smart Eavesdropper Accuracy: 0.4590909090909091 7 1
Communication round: 14, Aggregated Accuracies: 0.18642857142857142 8
Communication round: 14, Eavesdropper Accuracy: 0.20681818181818182 8 1
Communication round: 15, Smart Eavesdropper Accuracy: 0.25 8 0
Communication round: 16, Eavesdropper Accuracy: 0.20454545454545456 9 1
Communication round: 17, Smart Eavesdropper Accuracy: 0.2636363636363636 9 0
Communication round: 18, Eavesdropper Accuracy: 0.22272727272727272 10 1
Communication round: 19, Eavesdropper Accuracy: 0.20909090909090908 11 1
Communication round: 20, Aggregated Accuracies: 0.2425 12
Communication round: 20, Eavesdropper Accuracy: 0.3068181818181818 12 1
Communication round: 21, Eavesdropper Accuracy: 0.3 12 0
Communication round: 22, Aggregated Accuracies: 0.34500000000000003 13
Communication round: 22, Eavesdropper Accuracy: 0.4159090909090909 13 1
Communication round: 23, Aggregated Accuracies: 0.42726190476190473 14
Communication round: 23, Eavesdropper Accuracy: 0.4863636363636364 14 1
Communication round: 24, Eavesdropper Accuracy: 0.4954545454545455 14 0
Communication round: 25, Aggregated Accuracies: 0.5042857142857143 15
Communication round: 25, Eavesdropper Accuracy: 0.5886363636363636 15 1
Communication round: 26, Eavesdropper Accuracy: 0.5886363636363636 16 1
Communication round: 27, Aggregated Accuracies: 0.5519047619047619 17
Communication round: 27, Eavesdropper Accuracy: 0.6204545454545455 17 1
Communication round: 28, Eavesdropper Accuracy: 0.6113636363636363 17 0
Communication round: 29, Eavesdropper Accuracy: 0.6386363636363637 17 0
Communication round: 30, Eavesdropper Accuracy: 0.6386363636363637 17 0
Communication round: 31, Eavesdropper Accuracy: 0.615909090909091 18 1
Communication round: 32, Eavesdropper Accuracy: 0.6545454545454545 19 1
Communication round: 33, Eavesdropper Accuracy: 0.6568181818181819 20 1
Communication round: 34, Aggregated Accuracies: 0.6133333333333334 21
Communication round: 34, Eavesdropper Accuracy: 0.6772727272727272 21 1
Communication round: 35, Aggregated Accuracies: 0.654047619047619 22
Communication round: 35, Eavesdropper Accuracy: 0.7477272727272727 22 1
Communication round: 36, Eavesdropper Accuracy: 0.6931818181818182 23 1
Communication round: 37, Eavesdropper Accuracy: 0.7068181818181818 24 1
Communication round: 38, Aggregated Accuracies: 0.7170238095238095 25
Communication round: 38, Eavesdropper Accuracy: 0.7704545454545455 25 1
Communication round: 39, Aggregated Accuracies: 0.7578571428571429 26
Communication round: 39, Eavesdropper Accuracy: 0.8181818181818182 26 1
Communication round: 40, Aggregated Accuracies: 0.7980952380952381 27
Communication round: 40, Eavesdropper Accuracy: 0.8386363636363636 27 1
Communication round: 41, Aggregated Accuracies: 0.8178571428571431 28
Communication round: 41, Eavesdropper Accuracy: 0.8159090909090909 28 1
Communication round: 42, Aggregated Accuracies: 0.8379761904761904 29
Communication round: 42, Eavesdropper Accuracy: 0.8363636363636363 29 1
Communication round: 43, Eavesdropper Accuracy: 0.8795454545454545 29 0
Communication round: 44, Eavesdropper Accuracy: 0.8363636363636363 30 1
Communication round: 45, Eavesdropper Accuracy: 0.8340909090909091 30 0
Communication round: 46, Eavesdropper Accuracy: 0.8795454545454545 30 0
Communication round: 47, Eavesdropper Accuracy: 0.8409090909090909 30 0
Communication round: 48, Eavesdropper Accuracy: 0.8545454545454545 30 0
Communication round: 49, Eavesdropper Accuracy: 0.8340909090909091 30 0
Communication round: 50, Eavesdropper Accuracy: 0.8568181818181818 30 0
Communication round: 51, Eavesdropper Accuracy: 0.825 30 0
Communication round: 52, Aggregated Accuracies: 0.8455952380952383 31
Communication round: 52, Eavesdropper Accuracy: 0.865909090909091 31 1
Communication round: 53, Eavesdropper Accuracy: 0.8818181818181818 31 0
Communication round: 54, Eavesdropper Accuracy: 0.8704545454545455 31 0
Communication round: 55, Eavesdropper Accuracy: 0.884090909090909 31 0
Communication round: 56, Eavesdropper Accuracy: 0.8818181818181818 31 0
Communication round: 57, Eavesdropper Accuracy: 0.8545454545454545 31 0
Communication round: 58, Eavesdropper Accuracy: 0.8704545454545455 31 0
Communication round: 59, Eavesdropper Accuracy: 0.8613636363636363 31 0
Communication round: 60, Eavesdropper Accuracy: 0.8704545454545455 32 1
Communication round: 61, Eavesdropper Accuracy: 0.8704545454545455 32 0
Communication round: 62, Eavesdropper Accuracy: 0.875 32 0
Communication round: 63, Smart Eavesdropper Accuracy: 0.6704545454545454 32 0
Communication round: 64, Smart Eavesdropper Accuracy: 0.6568181818181819 32 0
Communication round: 65, Smart Eavesdropper Accuracy: 0.6113636363636363 33 1
Communication round: 66, Smart Eavesdropper Accuracy: 0.6477272727272727 33 0
Communication round: 67, Smart Eavesdropper Accuracy: 0.634090909090909 34 1
Communication round: 68, Eavesdropper Accuracy: 0.865909090909091 35 1
Communication round: 69, Smart Eavesdropper Accuracy: 0.7386363636363636 35 0
Communication round: 70, Smart Eavesdropper Accuracy: 0.725 35 0
Communication round: 71, Smart Eavesdropper Accuracy: 0.6386363636363637 35 0
Communication round: 72, Smart Eavesdropper Accuracy: 0.6659090909090909 35 0
Communication round: 73, Smart Eavesdropper Accuracy: 0.6295454545454545 35 0
Communication round: 74, Smart Eavesdropper Accuracy: 0.65 35 0
Communication round: 75, Smart Eavesdropper Accuracy: 0.6295454545454545 35 0
Communication round: 76, Smart Eavesdropper Accuracy: 0.5727272727272728 35 0
Communication round: 77, Aggregated Accuracies: 0.8530952380952381 36
Communication round: 77, Smart Eavesdropper Accuracy: 0.6295454545454545 36 1
Communication round: 78, Smart Eavesdropper Accuracy: 0.5727272727272728 37 1
Communication round: 79, Aggregated Accuracies: 0.8635714285714284 38
Communication round: 79, Smart Eavesdropper Accuracy: 0.6181818181818182 38 1
Communication round: 80, Aggregated Accuracies: 0.8698809523809524 39
Communication round: 80, Smart Eavesdropper Accuracy: 0.5954545454545455 39 1
Communication round: 81, Smart Eavesdropper Accuracy: 0.6545454545454545 39 0
Communication round: 82, Smart Eavesdropper Accuracy: 0.6204545454545455 39 0
Communication round: 83, Smart Eavesdropper Accuracy: 0.5431818181818182 39 0
Communication round: 84, Smart Eavesdropper Accuracy: 0.5863636363636363 39 0
Communication round: 85, Aggregated Accuracies: 0.8794047619047621 40
Communication round: 85, Smart Eavesdropper Accuracy: 0.6068181818181818 40 1
Communication round: 86, Smart Eavesdropper Accuracy: 0.6068181818181818 40 0
Communication round: 87, Aggregated Accuracies: 0.8803571428571431 41
Communication round: 87, Smart Eavesdropper Accuracy: 0.5454545454545454 41 1
Communication round: 88, Aggregated Accuracies: 0.8902380952380954 42
Communication round: 88, Smart Eavesdropper Accuracy: 0.6227272727272727 42 1
Communication round: 89, Aggregated Accuracies: 0.8895238095238094 43
Communication round: 89, Smart Eavesdropper Accuracy: 0.5522727272727272 43 1
Communication round: 90, Aggregated Accuracies: 0.8979761904761906 44
Communication round: 90, Smart Eavesdropper Accuracy: 0.5909090909090909 44 1
Communication round: 91, Aggregated Accuracies: 0.8990476190476192 45
Communication round: 91, Smart Eavesdropper Accuracy: 0.6068181818181818 45 1
Communication round: 92, Smart Eavesdropper Accuracy: 0.6477272727272727 45 0
Communication round: 93, Aggregated Accuracies: 0.9057142857142857 46
Communication round: 93, Smart Eavesdropper Accuracy: 0.6136363636363636 46 1
Communication round: 94, Smart Eavesdropper Accuracy: 0.6318181818181818 46 0
Communication round: 95, Aggregated Accuracies: 0.9105952380952381 47
Communication round: 95, Smart Eavesdropper Accuracy: 0.5909090909090909 47 1
Communication round: 96, Aggregated Accuracies: 0.9079761904761904 48
Communication round: 96, Smart Eavesdropper Accuracy: 0.6068181818181818 48 1
Communication round: 97, Aggregated Accuracies: 0.9151190476190475 49
Communication round: 97, Smart Eavesdropper Accuracy: 0.55 49 1
Communication round: 98, Aggregated Accuracies: 0.9161904761904761 50
Communication round: 98, Eavesdropper Accuracy: 0.9272727272727272 50 1
Communication round: 99, Aggregated Accuracies: 0.9174999999999999 51
Communication round: 99, Eavesdropper Accuracy: 0.9113636363636364 51 1
----------------------------------------------------------------------------------------------------
