----------------------------------------------------------------------------------------------------
20_30_100_0.4_2_0.99_False_
----------------------------------------------------------------------------------------------------
Communication round: 0, Smart Eavesdropper Accuracy: 0.17272727272727273 0 0
Communication round: 1, Smart Eavesdropper Accuracy: 0.20227272727272727 0 0
Communication round: 2, Aggregated Accuracies: 0.1945238095238095 1
Communication round: 2, Smart Eavesdropper Accuracy: 0.19090909090909092 1 1
Communication round: 3, Smart Eavesdropper Accuracy: 0.18863636363636363 2 1
Communication round: 4, Aggregated Accuracies: 0.2655952380952381 3
Communication round: 4, Eavesdropper Accuracy: 0.2909090909090909 3 1
Communication round: 5, Eavesdropper Accuracy: 0.31363636363636366 4 1
Communication round: 6, Eavesdropper Accuracy: 0.29772727272727273 5 1
Communication round: 7, Aggregated Accuracies: 0.3510714285714286 6
Communication round: 7, Eavesdropper Accuracy: 0.4 6 1
Communication round: 8, Aggregated Accuracies: 0.4409523809523809 7
Communication round: 8, Eavesdropper Accuracy: 0.45454545454545453 7 1
Communication round: 9, Aggregated Accuracies: 0.52 8
Communication round: 9, Eavesdropper Accuracy: 0.5590909090909091 8 1
Communication round: 10, Aggregated Accuracies: 0.5810714285714286 9
Communication round: 10, Eavesdropper Accuracy: 0.6045454545454545 9 1
Communication round: 11, Aggregated Accuracies: 0.6370238095238093 10
Communication round: 11, Eavesdropper Accuracy: 0.634090909090909 10 1
Communication round: 12, Eavesdropper Accuracy: 0.6681818181818182 11 1
Communication round: 13, Aggregated Accuracies: 0.6820238095238096 12
Communication round: 13, Eavesdropper Accuracy: 0.7181818181818181 12 1
Communication round: 14, Aggregated Accuracies: 0.7124999999999997 13
Communication round: 14, Eavesdropper Accuracy: 0.7818181818181819 13 1
Communication round: 15, Eavesdropper Accuracy: 0.7386363636363636 14 1
Communication round: 16, Aggregated Accuracies: 0.7520238095238094 15
Communication round: 16, Eavesdropper Accuracy: 0.825 15 1
Communication round: 17, Eavesdropper Accuracy: 0.7977272727272727 15 0
Communication round: 18, Eavesdropper Accuracy: 0.7840909090909091 15 0
Communication round: 19, Aggregated Accuracies: 0.7742857142857142 16
Communication round: 19, Eavesdropper Accuracy: 0.8204545454545454 16 1
Communication round: 20, Aggregated Accuracies: 0.8026190476190479 17
Communication round: 20, Eavesdropper Accuracy: 0.825 17 1
Communication round: 21, Eavesdropper Accuracy: 0.8340909090909091 17 0
Communication round: 22, Aggregated Accuracies: 0.8159523809523812 18
Communication round: 22, Eavesdropper Accuracy: 0.8272727272727273 18 1
Communication round: 23, Aggregated Accuracies: 0.8303571428571427 19
Communication round: 23, Eavesdropper Accuracy: 0.8204545454545454 19 1
Communication round: 24, Eavesdropper Accuracy: 0.8454545454545455 19 0
Communication round: 25, Eavesdropper Accuracy: 0.8409090909090909 19 0
Communication round: 26, Eavesdropper Accuracy: 0.8636363636363636 20 1
Communication round: 27, Aggregated Accuracies: 0.8430952380952382 21
Communication round: 27, Eavesdropper Accuracy: 0.8636363636363636 21 1
Communication round: 28, Aggregated Accuracies: 0.8480952380952382 22
Communication round: 28, Eavesdropper Accuracy: 0.8681818181818182 22 1
Communication round: 29, Eavesdropper Accuracy: 0.875 22 0
Communication round: 30, Eavesdropper Accuracy: 0.8568181818181818 22 0
Communication round: 31, Aggregated Accuracies: 0.8592857142857143 23
Communication round: 31, Eavesdropper Accuracy: 0.8727272727272727 23 1
Communication round: 32, Eavesdropper Accuracy: 0.8909090909090909 23 0
Communication round: 33, Eavesdropper Accuracy: 0.8931818181818182 23 0
Communication round: 34, Eavesdropper Accuracy: 0.8795454545454545 23 0
Communication round: 35, Eavesdropper Accuracy: 0.865909090909091 23 0
Communication round: 36, Eavesdropper Accuracy: 0.8545454545454545 23 0
Communication round: 37, Eavesdropper Accuracy: 0.8772727272727273 23 0
Communication round: 38, Eavesdropper Accuracy: 0.8772727272727273 23 0
Communication round: 39, Eavesdropper Accuracy: 0.8772727272727273 23 0
Communication round: 40, Eavesdropper Accuracy: 0.8772727272727273 23 0
Communication round: 41, Eavesdropper Accuracy: 0.8636363636363636 24 1
Communication round: 42, Aggregated Accuracies: 0.8697619047619047 25
Communication round: 42, Eavesdropper Accuracy: 0.8704545454545455 25 1
Communication round: 43, Eavesdropper Accuracy: 0.8340909090909091 25 0
Communication round: 44, Eavesdropper Accuracy: 0.8772727272727273 25 0
Communication round: 45, Eavesdropper Accuracy: 0.8681818181818182 26 1
Communication round: 46, Aggregated Accuracies: 0.8732142857142857 27
Communication round: 46, Eavesdropper Accuracy: 0.8704545454545455 27 1
Communication round: 47, Aggregated Accuracies: 0.8782142857142856 28
Communication round: 47, Eavesdropper Accuracy: 0.8909090909090909 28 1
Communication round: 48, Aggregated Accuracies: 0.8894047619047617 29
Communication round: 48, Eavesdropper Accuracy: 0.884090909090909 29 1
Communication round: 49, Aggregated Accuracies: 0.8964285714285716 30
Communication round: 49, Eavesdropper Accuracy: 0.8704545454545455 30 1
Communication round: 50, Aggregated Accuracies: 0.8977380952380951 31
Communication round: 50, Eavesdropper Accuracy: 0.9090909090909091 31 1
Communication round: 51, Aggregated Accuracies: 0.904047619047619 32
Communication round: 51, Eavesdropper Accuracy: 0.9159090909090909 32 1
Communication round: 52, Aggregated Accuracies: 0.9127380952380951 33
Communication round: 52, Eavesdropper Accuracy: 0.9090909090909091 33 1
Communication round: 53, Aggregated Accuracies: 0.915 34
Communication round: 53, Eavesdropper Accuracy: 0.9090909090909091 34 1
Communication round: 54, Aggregated Accuracies: 0.9123809523809523 35
Communication round: 54, Eavesdropper Accuracy: 0.9204545454545454 35 1
Communication round: 55, Aggregated Accuracies: 0.9147619047619047 36
Communication round: 55, Eavesdropper Accuracy: 0.9295454545454546 36 1
Communication round: 56, Aggregated Accuracies: 0.9172619047619047 37
Communication round: 56, Eavesdropper Accuracy: 0.9022727272727272 37 1
Communication round: 57, Eavesdropper Accuracy: 0.9227272727272727 38 1
Communication round: 58, Eavesdropper Accuracy: 0.9204545454545454 38 0
Communication round: 59, Eavesdropper Accuracy: 0.9204545454545454 38 0
Communication round: 60, Aggregated Accuracies: 0.920595238095238 39
Communication round: 60, Eavesdropper Accuracy: 0.9068181818181819 39 1
Communication round: 61, Eavesdropper Accuracy: 0.9431818181818182 39 0
Communication round: 62, Eavesdropper Accuracy: 0.9136363636363637 39 0
Communication round: 63, Eavesdropper Accuracy: 0.925 39 0
Communication round: 64, Eavesdropper Accuracy: 0.9113636363636364 39 0
Communication round: 65, Eavesdropper Accuracy: 0.9272727272727272 39 0
Communication round: 66, Eavesdropper Accuracy: 0.9159090909090909 39 0
Communication round: 67, Eavesdropper Accuracy: 0.9227272727272727 39 0
Communication round: 68, Eavesdropper Accuracy: 0.9318181818181818 39 0
Communication round: 69, Eavesdropper Accuracy: 0.9227272727272727 39 0
Communication round: 70, Eavesdropper Accuracy: 0.9340909090909091 39 0
Communication round: 71, Eavesdropper Accuracy: 0.9409090909090909 39 0
Communication round: 72, Eavesdropper Accuracy: 0.9295454545454546 39 0
Communication round: 73, Eavesdropper Accuracy: 0.9386363636363636 39 0
Communication round: 74, Eavesdropper Accuracy: 0.9181818181818182 39 0
Communication round: 75, Eavesdropper Accuracy: 0.9318181818181818 39 0
Communication round: 76, Eavesdropper Accuracy: 0.9068181818181819 39 0
Communication round: 77, Smart Eavesdropper Accuracy: 0.6204545454545455 39 0
Communication round: 78, Smart Eavesdropper Accuracy: 0.7272727272727273 39 0
Communication round: 79, Smart Eavesdropper Accuracy: 0.6409090909090909 39 0
Communication round: 80, Smart Eavesdropper Accuracy: 0.7159090909090909 39 0
Communication round: 81, Smart Eavesdropper Accuracy: 0.6613636363636364 39 0
Communication round: 82, Smart Eavesdropper Accuracy: 0.5772727272727273 39 0
Communication round: 83, Smart Eavesdropper Accuracy: 0.6659090909090909 39 0
Communication round: 84, Smart Eavesdropper Accuracy: 0.6454545454545455 39 0
Communication round: 85, Smart Eavesdropper Accuracy: 0.6863636363636364 39 0
Communication round: 86, Smart Eavesdropper Accuracy: 0.6090909090909091 39 0
Communication round: 87, Smart Eavesdropper Accuracy: 0.5386363636363637 39 0
Communication round: 88, Smart Eavesdropper Accuracy: 0.6477272727272727 39 0
Communication round: 89, Smart Eavesdropper Accuracy: 0.4772727272727273 39 0
Communication round: 90, Smart Eavesdropper Accuracy: 0.5954545454545455 39 0
Communication round: 91, Smart Eavesdropper Accuracy: 0.4954545454545455 39 0
Communication round: 92, Smart Eavesdropper Accuracy: 0.575 39 0
Communication round: 93, Smart Eavesdropper Accuracy: 0.4818181818181818 39 0
Communication round: 94, Smart Eavesdropper Accuracy: 0.5159090909090909 39 0
Communication round: 95, Smart Eavesdropper Accuracy: 0.4409090909090909 39 0
Communication round: 96, Smart Eavesdropper Accuracy: 0.5136363636363637 39 0
Communication round: 97, Smart Eavesdropper Accuracy: 0.49318181818181817 39 0
Communication round: 98, Smart Eavesdropper Accuracy: 0.4318181818181818 39 0
Communication round: 99, Smart Eavesdropper Accuracy: 0.4909090909090909 39 0
----------------------------------------------------------------------------------------------------
----------------------------------------------------------------------------------------------------
20_30_100_0.4_2_0.99_False_
----------------------------------------------------------------------------------------------------
Communication round: 0, Aggregated Accuracies: 0.20285714285714285 1
Communication round: 0, Eavesdropper Accuracy: 0.20681818181818182 1 1
Communication round: 1, Eavesdropper Accuracy: 0.17727272727272728 2 1
Communication round: 2, Eavesdropper Accuracy: 0.22272727272727272 3 1
Communication round: 3, Eavesdropper Accuracy: 0.225 4 1
Communication round: 4, Aggregated Accuracies: 0.28952380952380957 5
Communication round: 4, Eavesdropper Accuracy: 0.32727272727272727 5 1
Communication round: 5, Eavesdropper Accuracy: 0.33181818181818185 5 0
Communication round: 6, Eavesdropper Accuracy: 0.31363636363636366 5 0
Communication round: 7, Eavesdropper Accuracy: 0.28863636363636364 5 0
Communication round: 8, Aggregated Accuracies: 0.3877380952380952 6
Communication round: 8, Eavesdropper Accuracy: 0.4727272727272727 6 1
Communication round: 9, Eavesdropper Accuracy: 0.42727272727272725 6 0
Communication round: 10, Eavesdropper Accuracy: 0.45454545454545453 7 1
Communication round: 11, Eavesdropper Accuracy: 0.425 7 0
Communication round: 12, Aggregated Accuracies: 0.4672619047619048 8
Communication round: 12, Eavesdropper Accuracy: 0.5318181818181819 8 1
Communication round: 13, Aggregated Accuracies: 0.5254761904761904 9
Communication round: 13, Eavesdropper Accuracy: 0.6 9 1
Communication round: 14, Aggregated Accuracies: 0.5958333333333334 10
Communication round: 14, Eavesdropper Accuracy: 0.5977272727272728 10 1
Communication round: 15, Eavesdropper Accuracy: 0.6545454545454545 11 1
Communication round: 16, Eavesdropper Accuracy: 0.6204545454545455 12 1
Communication round: 17, Eavesdropper Accuracy: 0.6136363636363636 13 1
Communication round: 18, Eavesdropper Accuracy: 0.5977272727272728 13 0
Communication round: 19, Eavesdropper Accuracy: 0.6477272727272727 14 1
Communication round: 20, Eavesdropper Accuracy: 0.6386363636363637 15 1
Communication round: 21, Eavesdropper Accuracy: 0.6227272727272727 15 0
Communication round: 22, Eavesdropper Accuracy: 0.6431818181818182 16 1
Communication round: 23, Eavesdropper Accuracy: 0.6409090909090909 16 0
Communication round: 24, Eavesdropper Accuracy: 0.625 16 0
Communication round: 25, Eavesdropper Accuracy: 0.5954545454545455 16 0
Communication round: 26, Eavesdropper Accuracy: 0.6227272727272727 17 1
Communication round: 27, Eavesdropper Accuracy: 0.6136363636363636 18 1
Communication round: 28, Eavesdropper Accuracy: 0.5954545454545455 19 1
Communication round: 29, Eavesdropper Accuracy: 0.6386363636363637 20 1
Communication round: 30, Aggregated Accuracies: 0.6446428571428572 21
Communication round: 30, Eavesdropper Accuracy: 0.6840909090909091 21 1
Communication round: 31, Eavesdropper Accuracy: 0.7 21 0
Communication round: 32, Eavesdropper Accuracy: 0.6568181818181819 21 0
Communication round: 33, Eavesdropper Accuracy: 0.6818181818181818 21 0
Communication round: 34, Aggregated Accuracies: 0.6895238095238094 22
Communication round: 34, Eavesdropper Accuracy: 0.7295454545454545 22 1
Communication round: 35, Eavesdropper Accuracy: 0.725 22 0
Communication round: 36, Aggregated Accuracies: 0.7359523809523809 23
Communication round: 36, Eavesdropper Accuracy: 0.7659090909090909 23 1
Communication round: 37, Aggregated Accuracies: 0.7640476190476192 24
Communication round: 37, Eavesdropper Accuracy: 0.7840909090909091 24 1
Communication round: 38, Aggregated Accuracies: 0.7925 25
Communication round: 38, Eavesdropper Accuracy: 0.7909090909090909 25 1
Communication round: 39, Eavesdropper Accuracy: 0.7795454545454545 25 0
Communication round: 40, Eavesdropper Accuracy: 0.8477272727272728 25 0
Communication round: 41, Aggregated Accuracies: 0.8119047619047619 26
Communication round: 41, Eavesdropper Accuracy: 0.85 26 1
Communication round: 42, Eavesdropper Accuracy: 0.8363636363636363 26 0
Communication round: 43, Eavesdropper Accuracy: 0.8113636363636364 26 0
Communication round: 44, Eavesdropper Accuracy: 0.8454545454545455 27 1
Communication round: 45, Aggregated Accuracies: 0.8317857142857144 28
Communication round: 45, Eavesdropper Accuracy: 0.8477272727272728 28 1
Communication round: 46, Eavesdropper Accuracy: 0.8704545454545455 29 1
Communication round: 47, Eavesdropper Accuracy: 0.85 30 1
Communication round: 48, Aggregated Accuracies: 0.8376190476190475 31
Communication round: 48, Eavesdropper Accuracy: 0.8613636363636363 31 1
Communication round: 49, Eavesdropper Accuracy: 0.8636363636363636 31 0
Communication round: 50, Eavesdropper Accuracy: 0.8409090909090909 31 0
Communication round: 51, Eavesdropper Accuracy: 0.8522727272727273 31 0
Communication round: 52, Eavesdropper Accuracy: 0.8454545454545455 31 0
Communication round: 53, Eavesdropper Accuracy: 0.8545454545454545 31 0
Communication round: 54, Eavesdropper Accuracy: 0.8454545454545455 31 0
Communication round: 55, Eavesdropper Accuracy: 0.8681818181818182 31 0
Communication round: 56, Eavesdropper Accuracy: 0.8545454545454545 31 0
Communication round: 57, Eavesdropper Accuracy: 0.8590909090909091 31 0
Communication round: 58, Aggregated Accuracies: 0.8550000000000001 32
Communication round: 58, Eavesdropper Accuracy: 0.8909090909090909 32 1
Communication round: 59, Eavesdropper Accuracy: 0.8681818181818182 32 0
Communication round: 60, Aggregated Accuracies: 0.8622619047619049 33
Communication round: 60, Eavesdropper Accuracy: 0.8727272727272727 33 1
Communication round: 61, Aggregated Accuracies: 0.8714285714285713 34
Communication round: 61, Eavesdropper Accuracy: 0.8909090909090909 34 1
Communication round: 62, Aggregated Accuracies: 0.8778571428571429 35
Communication round: 62, Eavesdropper Accuracy: 0.9068181818181819 35 1
Communication round: 63, Aggregated Accuracies: 0.8834523809523811 36
Communication round: 63, Eavesdropper Accuracy: 0.9045454545454545 36 1
Communication round: 64, Aggregated Accuracies: 0.8903571428571428 37
Communication round: 64, Eavesdropper Accuracy: 0.9045454545454545 37 1
Communication round: 65, Aggregated Accuracies: 0.8916666666666668 38
Communication round: 65, Eavesdropper Accuracy: 0.9136363636363637 38 1
Communication round: 66, Aggregated Accuracies: 0.9003571428571429 39
Communication round: 66, Eavesdropper Accuracy: 0.8977272727272727 39 1
Communication round: 67, Aggregated Accuracies: 0.9099999999999999 40
Communication round: 67, Eavesdropper Accuracy: 0.9227272727272727 40 1
Communication round: 68, Aggregated Accuracies: 0.909642857142857 41
Communication round: 68, Eavesdropper Accuracy: 0.9045454545454545 41 1
Communication round: 69, Aggregated Accuracies: 0.9114285714285716 42
Communication round: 69, Eavesdropper Accuracy: 0.95 42 1
Communication round: 70, Aggregated Accuracies: 0.9161904761904763 43
Communication round: 70, Eavesdropper Accuracy: 0.9318181818181818 43 1
Communication round: 71, Eavesdropper Accuracy: 0.925 43 0
Communication round: 72, Aggregated Accuracies: 0.9142857142857143 44
Communication round: 72, Eavesdropper Accuracy: 0.9227272727272727 44 1
Communication round: 73, Eavesdropper Accuracy: 0.9318181818181818 44 0
Communication round: 74, Eavesdropper Accuracy: 0.9204545454545454 44 0
Communication round: 75, Eavesdropper Accuracy: 0.9318181818181818 44 0
Communication round: 76, Aggregated Accuracies: 0.9216666666666666 45
Communication round: 76, Eavesdropper Accuracy: 0.9363636363636364 45 1
Communication round: 77, Eavesdropper Accuracy: 0.9181818181818182 45 0
Communication round: 78, Eavesdropper Accuracy: 0.9363636363636364 45 0
Communication round: 79, Aggregated Accuracies: 0.9209523809523809 46
Communication round: 79, Eavesdropper Accuracy: 0.9386363636363636 46 1
Communication round: 80, Aggregated Accuracies: 0.9259523809523807 47
Communication round: 80, Eavesdropper Accuracy: 0.9318181818181818 47 1
Communication round: 81, Eavesdropper Accuracy: 0.9386363636363636 47 0
Communication round: 82, Eavesdropper Accuracy: 0.9409090909090909 47 0
Communication round: 83, Eavesdropper Accuracy: 0.9227272727272727 47 0
Communication round: 84, Eavesdropper Accuracy: 0.9318181818181818 47 0
Communication round: 85, Eavesdropper Accuracy: 0.9272727272727272 47 0
Communication round: 86, Eavesdropper Accuracy: 0.9431818181818182 47 0
Communication round: 87, Eavesdropper Accuracy: 0.9681818181818181 47 0
Communication round: 88, Eavesdropper Accuracy: 0.925 47 0
Communication round: 89, Eavesdropper Accuracy: 0.9363636363636364 47 0
Communication round: 90, Eavesdropper Accuracy: 0.9340909090909091 47 0
Communication round: 91, Eavesdropper Accuracy: 0.9477272727272728 47 0
Communication round: 92, Eavesdropper Accuracy: 0.95 47 0
Communication round: 93, Smart Eavesdropper Accuracy: 0.5681818181818182 47 0
Communication round: 94, Smart Eavesdropper Accuracy: 0.6386363636363637 47 0
Communication round: 95, Smart Eavesdropper Accuracy: 0.634090909090909 47 0
Communication round: 96, Smart Eavesdropper Accuracy: 0.6795454545454546 47 0
Communication round: 97, Smart Eavesdropper Accuracy: 0.6431818181818182 47 0
Communication round: 98, Smart Eavesdropper Accuracy: 0.6068181818181818 47 0
Communication round: 99, Smart Eavesdropper Accuracy: 0.5977272727272728 47 0
----------------------------------------------------------------------------------------------------
----------------------------------------------------------------------------------------------------
20_30_100_0.4_2_0.99_False_
----------------------------------------------------------------------------------------------------
Communication round: 0, Eavesdropper Accuracy: 0.05 1 1
Communication round: 1, Smart Eavesdropper Accuracy: 0.18181818181818182 1 0
Communication round: 2, Eavesdropper Accuracy: 0.06136363636363636 2 1
Communication round: 3, Eavesdropper Accuracy: 0.038636363636363635 3 1
Communication round: 4, Eavesdropper Accuracy: 0.05227272727272727 3 0
Communication round: 5, Aggregated Accuracies: 0.1317857142857143 4
Communication round: 5, Eavesdropper Accuracy: 0.04318181818181818 4 1
Communication round: 6, Eavesdropper Accuracy: 0.06136363636363636 5 1
Communication round: 7, Eavesdropper Accuracy: 0.056818181818181816 6 1
Communication round: 8, Eavesdropper Accuracy: 0.075 6 0
Communication round: 9, Eavesdropper Accuracy: 0.05 6 0
Communication round: 10, Eavesdropper Accuracy: 0.0659090909090909 6 0
Communication round: 11, Eavesdropper Accuracy: 0.07727272727272727 7 1
Communication round: 12, Eavesdropper Accuracy: 0.075 8 1
Communication round: 13, Eavesdropper Accuracy: 0.06136363636363636 9 1
Communication round: 14, Aggregated Accuracies: 0.1789285714285714 10
Communication round: 14, Eavesdropper Accuracy: 0.15681818181818183 10 1
Communication round: 15, Eavesdropper Accuracy: 0.14545454545454545 10 0
Communication round: 16, Eavesdropper Accuracy: 0.15454545454545454 10 0
Communication round: 17, Eavesdropper Accuracy: 0.125 10 0
Communication round: 18, Eavesdropper Accuracy: 0.1340909090909091 11 1
Communication round: 19, Eavesdropper Accuracy: 0.17954545454545454 12 1
Communication round: 20, Eavesdropper Accuracy: 0.14545454545454545 13 1
Communication round: 21, Aggregated Accuracies: 0.3114285714285715 14
Communication round: 21, Eavesdropper Accuracy: 0.3613636363636364 14 1
Communication round: 22, Aggregated Accuracies: 0.41809523809523813 15
Communication round: 22, Eavesdropper Accuracy: 0.475 15 1
Communication round: 23, Aggregated Accuracies: 0.47940476190476194 16
Communication round: 23, Eavesdropper Accuracy: 0.5045454545454545 16 1
Communication round: 24, Eavesdropper Accuracy: 0.5340909090909091 16 0
Communication round: 25, Eavesdropper Accuracy: 0.509090909090909 17 1
Communication round: 26, Eavesdropper Accuracy: 0.4818181818181818 18 1
Communication round: 27, Eavesdropper Accuracy: 0.48409090909090907 18 0
Communication round: 28, Eavesdropper Accuracy: 0.5 18 0
Communication round: 29, Eavesdropper Accuracy: 0.5363636363636364 19 1
Communication round: 30, Eavesdropper Accuracy: 0.5181818181818182 19 0
Communication round: 31, Eavesdropper Accuracy: 0.46136363636363636 20 1
Communication round: 32, Eavesdropper Accuracy: 0.525 20 0
Communication round: 33, Eavesdropper Accuracy: 0.49772727272727274 21 1
Communication round: 34, Aggregated Accuracies: 0.5520238095238094 22
Communication round: 34, Eavesdropper Accuracy: 0.5840909090909091 22 1
Communication round: 35, Eavesdropper Accuracy: 0.6022727272727273 23 1
Communication round: 36, Eavesdropper Accuracy: 0.5681818181818182 23 0
Communication round: 37, Eavesdropper Accuracy: 0.5909090909090909 24 1
Communication round: 38, Aggregated Accuracies: 0.61 25
Communication round: 38, Eavesdropper Accuracy: 0.6272727272727273 25 1
Communication round: 39, Eavesdropper Accuracy: 0.625 26 1
Communication round: 40, Eavesdropper Accuracy: 0.6681818181818182 27 1
Communication round: 41, Eavesdropper Accuracy: 0.6477272727272727 28 1
Communication round: 42, Aggregated Accuracies: 0.6658333333333334 29
Communication round: 42, Eavesdropper Accuracy: 0.65 29 1
Communication round: 43, Eavesdropper Accuracy: 0.6795454545454546 30 1
Communication round: 44, Eavesdropper Accuracy: 0.6954545454545454 31 1
Communication round: 45, Eavesdropper Accuracy: 0.7022727272727273 32 1
Communication round: 46, Aggregated Accuracies: 0.7058333333333333 33
Communication round: 46, Eavesdropper Accuracy: 0.7204545454545455 33 1
Communication round: 47, Aggregated Accuracies: 0.7382142857142857 34
Communication round: 47, Eavesdropper Accuracy: 0.759090909090909 34 1
Communication round: 48, Eavesdropper Accuracy: 0.725 35 1
Communication round: 49, Aggregated Accuracies: 0.7707142857142856 36
Communication round: 49, Eavesdropper Accuracy: 0.7818181818181819 36 1
Communication round: 50, Eavesdropper Accuracy: 0.7909090909090909 36 0
Communication round: 51, Eavesdropper Accuracy: 0.7522727272727273 36 0
Communication round: 52, Eavesdropper Accuracy: 0.7818181818181819 36 0
Communication round: 53, Eavesdropper Accuracy: 0.7795454545454545 36 0
Communication round: 54, Eavesdropper Accuracy: 0.7977272727272727 36 0
Communication round: 55, Eavesdropper Accuracy: 0.7681818181818182 36 0
Communication round: 56, Eavesdropper Accuracy: 0.7977272727272727 37 1
Communication round: 57, Aggregated Accuracies: 0.7841666666666669 38
Communication round: 57, Eavesdropper Accuracy: 0.8227272727272728 38 1
Communication round: 58, Eavesdropper Accuracy: 0.8113636363636364 39 1
Communication round: 59, Eavesdropper Accuracy: 0.7727272727272727 40 1
Communication round: 60, Eavesdropper Accuracy: 0.8022727272727272 41 1
Communication round: 61, Eavesdropper Accuracy: 0.8318181818181818 42 1
Communication round: 62, Eavesdropper Accuracy: 0.7931818181818182 43 1
Communication round: 63, Aggregated Accuracies: 0.8083333333333333 44
Communication round: 63, Eavesdropper Accuracy: 0.8522727272727273 44 1
Communication round: 64, Eavesdropper Accuracy: 0.825 44 0
Communication round: 65, Aggregated Accuracies: 0.829404761904762 45
Communication round: 65, Eavesdropper Accuracy: 0.8477272727272728 45 1
Communication round: 66, Eavesdropper Accuracy: 0.8409090909090909 45 0
Communication round: 67, Aggregated Accuracies: 0.8478571428571428 46
Communication round: 67, Eavesdropper Accuracy: 0.8681818181818182 46 1
Communication round: 68, Aggregated Accuracies: 0.8476190476190476 47
Communication round: 68, Eavesdropper Accuracy: 0.8386363636363636 47 1
Communication round: 69, Aggregated Accuracies: 0.8677380952380952 48
Communication round: 69, Eavesdropper Accuracy: 0.8886363636363637 48 1
Communication round: 70, Aggregated Accuracies: 0.8784523809523808 49
Communication round: 70, Eavesdropper Accuracy: 0.8931818181818182 49 1
Communication round: 71, Eavesdropper Accuracy: 0.8977272727272727 49 0
Communication round: 72, Eavesdropper Accuracy: 0.8704545454545455 49 0
Communication round: 73, Eavesdropper Accuracy: 0.8931818181818182 49 0
Communication round: 74, Eavesdropper Accuracy: 0.8977272727272727 50 1
Communication round: 75, Eavesdropper Accuracy: 0.8818181818181818 50 0
Communication round: 76, Eavesdropper Accuracy: 0.8681818181818182 50 0
Communication round: 77, Eavesdropper Accuracy: 0.8909090909090909 50 0
Communication round: 78, Eavesdropper Accuracy: 0.8977272727272727 50 0
Communication round: 79, Eavesdropper Accuracy: 0.8795454545454545 50 0
Communication round: 80, Eavesdropper Accuracy: 0.8704545454545455 50 0
Communication round: 81, Eavesdropper Accuracy: 0.8886363636363637 50 0
Communication round: 82, Aggregated Accuracies: 0.8804761904761905 51
Communication round: 82, Eavesdropper Accuracy: 0.884090909090909 51 1
Communication round: 83, Eavesdropper Accuracy: 0.8613636363636363 51 0
Communication round: 84, Aggregated Accuracies: 0.8870238095238097 52
Communication round: 84, Eavesdropper Accuracy: 0.9068181818181819 52 1
Communication round: 85, Eavesdropper Accuracy: 0.9113636363636364 53 1
Communication round: 86, Eavesdropper Accuracy: 0.8931818181818182 53 0
Communication round: 87, Eavesdropper Accuracy: 0.884090909090909 53 0
Communication round: 88, Eavesdropper Accuracy: 0.9 53 0
Communication round: 89, Eavesdropper Accuracy: 0.9136363636363637 53 0
Communication round: 90, Eavesdropper Accuracy: 0.8909090909090909 53 0
Communication round: 91, Eavesdropper Accuracy: 0.8977272727272727 53 0
Communication round: 92, Eavesdropper Accuracy: 0.8886363636363637 53 0
Communication round: 93, Eavesdropper Accuracy: 0.8863636363636364 53 0
Communication round: 94, Eavesdropper Accuracy: 0.8977272727272727 53 0
Communication round: 95, Eavesdropper Accuracy: 0.8954545454545455 53 0
Communication round: 96, Eavesdropper Accuracy: 0.884090909090909 54 1
Communication round: 97, Eavesdropper Accuracy: 0.8886363636363637 54 0
Communication round: 98, Aggregated Accuracies: 0.8942857142857141 55
Communication round: 98, Eavesdropper Accuracy: 0.9113636363636364 55 1
Communication round: 99, Eavesdropper Accuracy: 0.8863636363636364 55 0
----------------------------------------------------------------------------------------------------
----------------------------------------------------------------------------------------------------
20_30_100_0.4_2_0.99_False_
----------------------------------------------------------------------------------------------------
Communication round: 0, Smart Eavesdropper Accuracy: 0.19318181818181818 0 0
Communication round: 1, Aggregated Accuracies: 0.1641666666666667 1
Communication round: 1, Smart Eavesdropper Accuracy: 0.19772727272727272 1 1
Communication round: 2, Aggregated Accuracies: 0.24857142857142858 2
Communication round: 2, Eavesdropper Accuracy: 0.24772727272727274 2 1
Communication round: 3, Aggregated Accuracies: 0.34904761904761905 3
Communication round: 3, Eavesdropper Accuracy: 0.4022727272727273 3 1
Communication round: 4, Eavesdropper Accuracy: 0.3840909090909091 3 0
Communication round: 5, Eavesdropper Accuracy: 0.35909090909090907 4 1
Communication round: 6, Eavesdropper Accuracy: 0.3795454545454545 4 0
Communication round: 7, Smart Eavesdropper Accuracy: 0.2 4 0
Communication round: 8, Eavesdropper Accuracy: 0.37272727272727274 5 1
Communication round: 9, Aggregated Accuracies: 0.44452380952380954 6
Communication round: 9, Eavesdropper Accuracy: 0.475 6 1
Communication round: 10, Eavesdropper Accuracy: 0.49318181818181817 7 1
Communication round: 11, Eavesdropper Accuracy: 0.44545454545454544 8 1
Communication round: 12, Aggregated Accuracies: 0.5228571428571429 9
Communication round: 12, Eavesdropper Accuracy: 0.5477272727272727 9 1
Communication round: 13, Aggregated Accuracies: 0.5761904761904761 10
Communication round: 13, Eavesdropper Accuracy: 0.6204545454545455 10 1
Communication round: 14, Eavesdropper Accuracy: 0.5931818181818181 11 1
Communication round: 15, Eavesdropper Accuracy: 0.6136363636363636 12 1
Communication round: 16, Aggregated Accuracies: 0.6202380952380953 13
Communication round: 16, Eavesdropper Accuracy: 0.6363636363636364 13 1
Communication round: 17, Eavesdropper Accuracy: 0.634090909090909 13 0
Communication round: 18, Eavesdropper Accuracy: 0.6363636363636364 13 0
Communication round: 19, Aggregated Accuracies: 0.6652380952380952 14
Communication round: 19, Eavesdropper Accuracy: 0.7045454545454546 14 1
Communication round: 20, Eavesdropper Accuracy: 0.7 15 1
Communication round: 21, Eavesdropper Accuracy: 0.6909090909090909 16 1
Communication round: 22, Aggregated Accuracies: 0.7039285714285713 17
Communication round: 22, Eavesdropper Accuracy: 0.6931818181818182 17 1
Communication round: 23, Aggregated Accuracies: 0.7319047619047618 18
Communication round: 23, Eavesdropper Accuracy: 0.7363636363636363 18 1
Communication round: 24, Aggregated Accuracies: 0.7538095238095239 19
Communication round: 24, Eavesdropper Accuracy: 0.7431818181818182 19 1
Communication round: 25, Eavesdropper Accuracy: 0.7522727272727273 19 0
Communication round: 26, Eavesdropper Accuracy: 0.7363636363636363 20 1
Communication round: 27, Eavesdropper Accuracy: 0.7568181818181818 20 0
Communication round: 28, Eavesdropper Accuracy: 0.7636363636363637 20 0
Communication round: 29, Eavesdropper Accuracy: 0.7454545454545455 20 0
Communication round: 30, Eavesdropper Accuracy: 0.7863636363636364 21 1
Communication round: 31, Eavesdropper Accuracy: 0.759090909090909 22 1
Communication round: 32, Aggregated Accuracies: 0.7682142857142857 23
Communication round: 32, Eavesdropper Accuracy: 0.7863636363636364 23 1
Communication round: 33, Aggregated Accuracies: 0.7858333333333335 24
Communication round: 33, Eavesdropper Accuracy: 0.7636363636363637 24 1
Communication round: 34, Eavesdropper Accuracy: 0.7818181818181819 25 1
Communication round: 35, Aggregated Accuracies: 0.8005952380952381 26
Communication round: 35, Eavesdropper Accuracy: 0.8340909090909091 26 1
Communication round: 36, Aggregated Accuracies: 0.8246428571428572 27
Communication round: 36, Eavesdropper Accuracy: 0.8477272727272728 27 1
Communication round: 37, Aggregated Accuracies: 0.8325000000000001 28
Communication round: 37, Eavesdropper Accuracy: 0.8522727272727273 28 1
Communication round: 38, Eavesdropper Accuracy: 0.85 28 0
Communication round: 39, Aggregated Accuracies: 0.838095238095238 29
Communication round: 39, Eavesdropper Accuracy: 0.8545454545454545 29 1
Communication round: 40, Eavesdropper Accuracy: 0.8477272727272728 30 1
Communication round: 41, Eavesdropper Accuracy: 0.8522727272727273 30 0
Communication round: 42, Eavesdropper Accuracy: 0.8727272727272727 31 1
Communication round: 43, Aggregated Accuracies: 0.8520238095238095 32
Communication round: 43, Eavesdropper Accuracy: 0.8522727272727273 32 1
Communication round: 44, Eavesdropper Accuracy: 0.8704545454545455 32 0
Communication round: 45, Aggregated Accuracies: 0.8530952380952381 33
Communication round: 45, Eavesdropper Accuracy: 0.8613636363636363 33 1
Communication round: 46, Eavesdropper Accuracy: 0.8545454545454545 33 0
Communication round: 47, Eavesdropper Accuracy: 0.8409090909090909 33 0
Communication round: 48, Eavesdropper Accuracy: 0.8568181818181818 33 0
Communication round: 49, Aggregated Accuracies: 0.8644047619047617 34
Communication round: 49, Eavesdropper Accuracy: 0.8772727272727273 34 1
Communication round: 50, Eavesdropper Accuracy: 0.8636363636363636 35 1
Communication round: 51, Aggregated Accuracies: 0.8713095238095239 36
Communication round: 51, Eavesdropper Accuracy: 0.8795454545454545 36 1
Communication round: 52, Aggregated Accuracies: 0.8740476190476189 37
Communication round: 52, Eavesdropper Accuracy: 0.8818181818181818 37 1
Communication round: 53, Eavesdropper Accuracy: 0.8818181818181818 37 0
Communication round: 54, Aggregated Accuracies: 0.8783333333333333 38
Communication round: 54, Eavesdropper Accuracy: 0.8931818181818182 38 1
Communication round: 55, Aggregated Accuracies: 0.8821428571428571 39
Communication round: 55, Eavesdropper Accuracy: 0.8886363636363637 39 1
Communication round: 56, Eavesdropper Accuracy: 0.9 40 1
Communication round: 57, Aggregated Accuracies: 0.8864285714285713 41
Communication round: 57, Eavesdropper Accuracy: 0.8977272727272727 41 1
Communication round: 58, Eavesdropper Accuracy: 0.884090909090909 41 0
Communication round: 59, Eavesdropper Accuracy: 0.9022727272727272 41 0
Communication round: 60, Eavesdropper Accuracy: 0.8954545454545455 42 1
Communication round: 61, Eavesdropper Accuracy: 0.8954545454545455 43 1
Communication round: 62, Eavesdropper Accuracy: 0.884090909090909 44 1
Communication round: 63, Eavesdropper Accuracy: 0.8886363636363637 45 1
Communication round: 64, Eavesdropper Accuracy: 0.9 45 0
Communication round: 65, Eavesdropper Accuracy: 0.8931818181818182 45 0
Communication round: 66, Eavesdropper Accuracy: 0.875 45 0
Communication round: 67, Eavesdropper Accuracy: 0.9 45 0
Communication round: 68, Eavesdropper Accuracy: 0.8931818181818182 46 1
Communication round: 69, Aggregated Accuracies: 0.8905952380952382 47
Communication round: 69, Eavesdropper Accuracy: 0.8863636363636364 47 1
Communication round: 70, Aggregated Accuracies: 0.8975 48
Communication round: 70, Eavesdropper Accuracy: 0.9045454545454545 48 1
Communication round: 71, Aggregated Accuracies: 0.905 49
Communication round: 71, Eavesdropper Accuracy: 0.8954545454545455 49 1
Communication round: 72, Aggregated Accuracies: 0.9098809523809523 50
Communication round: 72, Eavesdropper Accuracy: 0.9386363636363636 50 1
Communication round: 73, Aggregated Accuracies: 0.910952380952381 51
Communication round: 73, Eavesdropper Accuracy: 0.9068181818181819 51 1
Communication round: 74, Eavesdropper Accuracy: 0.9318181818181818 51 0
Communication round: 75, Eavesdropper Accuracy: 0.9136363636363637 51 0
Communication round: 76, Eavesdropper Accuracy: 0.9272727272727272 51 0
Communication round: 77, Eavesdropper Accuracy: 0.9113636363636364 51 0
Communication round: 78, Eavesdropper Accuracy: 0.925 51 0
Communication round: 79, Eavesdropper Accuracy: 0.925 51 0
Communication round: 80, Eavesdropper Accuracy: 0.9159090909090909 51 0
Communication round: 81, Eavesdropper Accuracy: 0.9386363636363636 51 0
Communication round: 82, Eavesdropper Accuracy: 0.9159090909090909 51 0
Communication round: 83, Eavesdropper Accuracy: 0.9295454545454546 51 0
Communication round: 84, Eavesdropper Accuracy: 0.9113636363636364 51 0
Communication round: 85, Eavesdropper Accuracy: 0.9068181818181819 51 0
Communication round: 86, Eavesdropper Accuracy: 0.925 51 0
Communication round: 87, Eavesdropper Accuracy: 0.9227272727272727 51 0
Communication round: 88, Eavesdropper Accuracy: 0.9272727272727272 51 0
Communication round: 89, Eavesdropper Accuracy: 0.9159090909090909 51 0
Communication round: 90, Eavesdropper Accuracy: 0.9318181818181818 51 0
Communication round: 91, Eavesdropper Accuracy: 0.9136363636363637 51 0
Communication round: 92, Eavesdropper Accuracy: 0.9045454545454545 51 0
Communication round: 93, Eavesdropper Accuracy: 0.9363636363636364 51 0
Communication round: 94, Eavesdropper Accuracy: 0.9136363636363637 51 0
Communication round: 95, Eavesdropper Accuracy: 0.9068181818181819 51 0
Communication round: 96, Eavesdropper Accuracy: 0.925 51 0
Communication round: 97, Eavesdropper Accuracy: 0.9295454545454546 51 0
Communication round: 98, Eavesdropper Accuracy: 0.9204545454545454 51 0
Communication round: 99, Eavesdropper Accuracy: 0.9136363636363637 51 0
----------------------------------------------------------------------------------------------------
----------------------------------------------------------------------------------------------------
20_30_100_0.4_2_0.99_False_
----------------------------------------------------------------------------------------------------
Communication round: 0, Smart Eavesdropper Accuracy: 0.19090909090909092 0 0
Communication round: 1, Smart Eavesdropper Accuracy: 0.20909090909090908 1 1
Communication round: 2, Eavesdropper Accuracy: 0.11363636363636363 2 1
Communication round: 3, Eavesdropper Accuracy: 0.09545454545454546 3 1
Communication round: 4, Eavesdropper Accuracy: 0.08409090909090909 3 0
Communication round: 5, Aggregated Accuracies: 0.1336904761904762 4
Communication round: 5, Eavesdropper Accuracy: 0.11363636363636363 4 1
Communication round: 6, Eavesdropper Accuracy: 0.12045454545454545 4 0
Communication round: 7, Eavesdropper Accuracy: 0.10909090909090909 5 1
Communication round: 8, Eavesdropper Accuracy: 0.11818181818181818 6 1
Communication round: 9, Eavesdropper Accuracy: 0.11818181818181818 6 0
Communication round: 10, Eavesdropper Accuracy: 0.11818181818181818 6 0
Communication round: 11, Smart Eavesdropper Accuracy: 0.20681818181818182 6 0
Communication round: 12, Aggregated Accuracies: 0.16345238095238096 7
Communication round: 12, Eavesdropper Accuracy: 0.16818181818181818 7 1
Communication round: 13, Smart Eavesdropper Accuracy: 0.19090909090909092 7 0
Communication round: 14, Smart Eavesdropper Accuracy: 0.18863636363636363 7 0
Communication round: 15, Smart Eavesdropper Accuracy: 0.17272727272727273 8 1
Communication round: 16, Smart Eavesdropper Accuracy: 0.19090909090909092 8 0
Communication round: 17, Smart Eavesdropper Accuracy: 0.21136363636363636 9 1
Communication round: 18, Aggregated Accuracies: 0.24880952380952387 10
Communication round: 18, Eavesdropper Accuracy: 0.2772727272727273 10 1
Communication round: 19, Eavesdropper Accuracy: 0.24545454545454545 11 1
Communication round: 20, Aggregated Accuracies: 0.38166666666666665 12
Communication round: 20, Eavesdropper Accuracy: 0.3795454545454545 12 1
Communication round: 21, Eavesdropper Accuracy: 0.40454545454545454 13 1
Communication round: 22, Eavesdropper Accuracy: 0.4159090909090909 13 0
Communication round: 23, Aggregated Accuracies: 0.47595238095238096 14
Communication round: 23, Eavesdropper Accuracy: 0.5590909090909091 14 1
Communication round: 24, Aggregated Accuracies: 0.5544047619047621 15
Communication round: 24, Eavesdropper Accuracy: 0.6431818181818182 15 1
Communication round: 25, Eavesdropper Accuracy: 0.615909090909091 16 1
Communication round: 26, Eavesdropper Accuracy: 0.5909090909090909 16 0
Communication round: 27, Eavesdropper Accuracy: 0.5909090909090909 17 1
Communication round: 28, Eavesdropper Accuracy: 0.5818181818181818 18 1
Communication round: 29, Eavesdropper Accuracy: 0.5931818181818181 19 1
Communication round: 30, Eavesdropper Accuracy: 0.6136363636363636 19 0
Communication round: 31, Aggregated Accuracies: 0.6135714285714287 20
Communication round: 31, Eavesdropper Accuracy: 0.6659090909090909 20 1
Communication round: 32, Eavesdropper Accuracy: 0.6727272727272727 20 0
Communication round: 33, Aggregated Accuracies: 0.6607142857142857 21
Communication round: 33, Eavesdropper Accuracy: 0.7272727272727273 21 1
Communication round: 34, Aggregated Accuracies: 0.7071428571428571 22
Communication round: 34, Eavesdropper Accuracy: 0.75 22 1
Communication round: 35, Eavesdropper Accuracy: 0.725 23 1
Communication round: 36, Eavesdropper Accuracy: 0.7318181818181818 23 0
Communication round: 37, Eavesdropper Accuracy: 0.7272727272727273 24 1
Communication round: 38, Aggregated Accuracies: 0.7321428571428571 25
Communication round: 38, Eavesdropper Accuracy: 0.7363636363636363 25 1
Communication round: 39, Aggregated Accuracies: 0.7560714285714286 26
Communication round: 39, Eavesdropper Accuracy: 0.7840909090909091 26 1
Communication round: 40, Eavesdropper Accuracy: 0.7431818181818182 27 1
Communication round: 41, Aggregated Accuracies: 0.7791666666666667 28
Communication round: 41, Eavesdropper Accuracy: 0.8295454545454546 28 1
Communication round: 42, Eavesdropper Accuracy: 0.8113636363636364 28 0
Communication round: 43, Eavesdropper Accuracy: 0.7909090909090909 29 1
Communication round: 44, Eavesdropper Accuracy: 0.8113636363636364 30 1
Communication round: 45, Eavesdropper Accuracy: 0.7977272727272727 31 1
Communication round: 46, Aggregated Accuracies: 0.8080952380952381 32
Communication round: 46, Eavesdropper Accuracy: 0.8090909090909091 32 1
Communication round: 47, Eavesdropper Accuracy: 0.8295454545454546 32 0
Communication round: 48, Eavesdropper Accuracy: 0.7954545454545454 32 0
Communication round: 49, Eavesdropper Accuracy: 0.8136363636363636 32 0
Communication round: 50, Eavesdropper Accuracy: 0.8363636363636363 32 0
Communication round: 51, Eavesdropper Accuracy: 0.8477272727272728 32 0
Communication round: 52, Eavesdropper Accuracy: 0.8068181818181818 32 0
Communication round: 53, Eavesdropper Accuracy: 0.8409090909090909 32 0
Communication round: 54, Eavesdropper Accuracy: 0.825 32 0
Communication round: 55, Eavesdropper Accuracy: 0.8181818181818182 32 0
Communication round: 56, Eavesdropper Accuracy: 0.8090909090909091 32 0
Communication round: 57, Eavesdropper Accuracy: 0.8159090909090909 32 0
Communication round: 58, Eavesdropper Accuracy: 0.8136363636363636 33 1
Communication round: 59, Aggregated Accuracies: 0.8133333333333335 34
Communication round: 59, Eavesdropper Accuracy: 0.8204545454545454 34 1
Communication round: 60, Eavesdropper Accuracy: 0.825 34 0
Communication round: 61, Eavesdropper Accuracy: 0.8568181818181818 34 0
Communication round: 62, Aggregated Accuracies: 0.8305952380952382 35
Communication round: 62, Eavesdropper Accuracy: 0.8454545454545455 35 1
Communication round: 63, Eavesdropper Accuracy: 0.8590909090909091 35 0
Communication round: 64, Eavesdropper Accuracy: 0.8363636363636363 35 0
Communication round: 65, Eavesdropper Accuracy: 0.865909090909091 35 0
Communication round: 66, Eavesdropper Accuracy: 0.8545454545454545 36 1
Communication round: 67, Aggregated Accuracies: 0.8401190476190477 37
Communication round: 67, Eavesdropper Accuracy: 0.8363636363636363 37 1
Communication round: 68, Eavesdropper Accuracy: 0.8568181818181818 37 0
Communication round: 69, Eavesdropper Accuracy: 0.8727272727272727 37 0
Communication round: 70, Eavesdropper Accuracy: 0.8727272727272727 38 1
Communication round: 71, Eavesdropper Accuracy: 0.8431818181818181 38 0
Communication round: 72, Eavesdropper Accuracy: 0.8613636363636363 39 1
Communication round: 73, Aggregated Accuracies: 0.8539285714285715 40
Communication round: 73, Eavesdropper Accuracy: 0.8704545454545455 40 1
Communication round: 74, Eavesdropper Accuracy: 0.8704545454545455 40 0
Communication round: 75, Eavesdropper Accuracy: 0.8613636363636363 40 0
Communication round: 76, Eavesdropper Accuracy: 0.865909090909091 40 0
Communication round: 77, Eavesdropper Accuracy: 0.8863636363636364 40 0
Communication round: 78, Eavesdropper Accuracy: 0.875 40 0
Communication round: 79, Smart Eavesdropper Accuracy: 0.32954545454545453 40 0
Communication round: 80, Smart Eavesdropper Accuracy: 0.47954545454545455 40 0
Communication round: 81, Smart Eavesdropper Accuracy: 0.45227272727272727 40 0
Communication round: 82, Smart Eavesdropper Accuracy: 0.41363636363636364 40 0
Communication round: 83, Smart Eavesdropper Accuracy: 0.42272727272727273 40 0
Communication round: 84, Smart Eavesdropper Accuracy: 0.42727272727272725 40 0
Communication round: 85, Smart Eavesdropper Accuracy: 0.45 40 0
Communication round: 86, Smart Eavesdropper Accuracy: 0.46136363636363636 40 0
Communication round: 87, Smart Eavesdropper Accuracy: 0.425 40 0
Communication round: 88, Smart Eavesdropper Accuracy: 0.46136363636363636 40 0
Communication round: 89, Smart Eavesdropper Accuracy: 0.45 40 0
Communication round: 90, Aggregated Accuracies: 0.8665476190476189 41
Communication round: 90, Smart Eavesdropper Accuracy: 0.39545454545454545 41 1
Communication round: 91, Smart Eavesdropper Accuracy: 0.4909090909090909 41 0
Communication round: 92, Smart Eavesdropper Accuracy: 0.4340909090909091 41 0
Communication round: 93, Smart Eavesdropper Accuracy: 0.5227272727272727 41 0
Communication round: 94, Smart Eavesdropper Accuracy: 0.5295454545454545 41 0
Communication round: 95, Smart Eavesdropper Accuracy: 0.42727272727272725 41 0
Communication round: 96, Smart Eavesdropper Accuracy: 0.47954545454545455 41 0
Communication round: 97, Smart Eavesdropper Accuracy: 0.44772727272727275 42 1
Communication round: 98, Aggregated Accuracies: 0.8699999999999999 43
Communication round: 98, Smart Eavesdropper Accuracy: 0.4772727272727273 43 1
Communication round: 99, Aggregated Accuracies: 0.8808333333333334 44
Communication round: 99, Smart Eavesdropper Accuracy: 0.4318181818181818 44 1
----------------------------------------------------------------------------------------------------
----------------------------------------------------------------------------------------------------
20_30_100_0.4_2_0.99_False_
----------------------------------------------------------------------------------------------------
Communication round: 0, Smart Eavesdropper Accuracy: 0.2 0 0
Communication round: 1, Smart Eavesdropper Accuracy: 0.19545454545454546 0 0
Communication round: 2, Smart Eavesdropper Accuracy: 0.22727272727272727 0 0
Communication round: 3, Aggregated Accuracies: 0.1586904761904762 1
Communication round: 3, Smart Eavesdropper Accuracy: 0.2 1 1
Communication round: 4, Smart Eavesdropper Accuracy: 0.20909090909090908 2 1
Communication round: 5, Aggregated Accuracies: 0.2002380952380952 3
Communication round: 5, Smart Eavesdropper Accuracy: 0.21363636363636362 3 1
Communication round: 6, Eavesdropper Accuracy: 0.21363636363636362 4 1
Communication round: 7, Aggregated Accuracies: 0.30845238095238103 5
Communication round: 7, Eavesdropper Accuracy: 0.3568181818181818 5 1
Communication round: 8, Eavesdropper Accuracy: 0.35454545454545455 6 1
Communication round: 9, Aggregated Accuracies: 0.3914285714285714 7
Communication round: 9, Eavesdropper Accuracy: 0.42727272727272725 7 1
Communication round: 10, Eavesdropper Accuracy: 0.42954545454545456 7 0
Communication round: 11, Eavesdropper Accuracy: 0.4409090909090909 7 0
Communication round: 12, Eavesdropper Accuracy: 0.42727272727272725 7 0
Communication round: 13, Aggregated Accuracies: 0.47702380952380946 8
Communication round: 13, Eavesdropper Accuracy: 0.5340909090909091 8 1
Communication round: 14, Eavesdropper Accuracy: 0.4863636363636364 8 0
Communication round: 15, Eavesdropper Accuracy: 0.5409090909090909 9 1
Communication round: 16, Eavesdropper Accuracy: 0.5113636363636364 9 0
Communication round: 17, Eavesdropper Accuracy: 0.5045454545454545 10 1
Communication round: 18, Eavesdropper Accuracy: 0.5363636363636364 11 1
Communication round: 19, Eavesdropper Accuracy: 0.5386363636363637 12 1
Communication round: 20, Aggregated Accuracies: 0.5660714285714286 13
Communication round: 20, Eavesdropper Accuracy: 0.6090909090909091 13 1
Communication round: 21, Eavesdropper Accuracy: 0.5863636363636363 14 1
Communication round: 22, Eavesdropper Accuracy: 0.5545454545454546 15 1
Communication round: 23, Eavesdropper Accuracy: 0.6090909090909091 15 0
Communication round: 24, Aggregated Accuracies: 0.6444047619047619 16
Communication round: 24, Eavesdropper Accuracy: 0.7318181818181818 16 1
Communication round: 25, Aggregated Accuracies: 0.6974999999999999 17
Communication round: 25, Eavesdropper Accuracy: 0.7340909090909091 17 1
Communication round: 26, Eavesdropper Accuracy: 0.7522727272727273 17 0
Communication round: 27, Eavesdropper Accuracy: 0.7227272727272728 17 0
Communication round: 28, Eavesdropper Accuracy: 0.7181818181818181 17 0
Communication round: 29, Eavesdropper Accuracy: 0.7 17 0
Communication round: 30, Eavesdropper Accuracy: 0.7363636363636363 17 0
Communication round: 31, Eavesdropper Accuracy: 0.7386363636363636 17 0
Communication round: 32, Aggregated Accuracies: 0.7372619047619047 18
Communication round: 32, Eavesdropper Accuracy: 0.7886363636363637 18 1
Communication round: 33, Eavesdropper Accuracy: 0.7568181818181818 19 1
Communication round: 34, Eavesdropper Accuracy: 0.7568181818181818 20 1
Communication round: 35, Aggregated Accuracies: 0.7759523809523808 21
Communication round: 35, Eavesdropper Accuracy: 0.8227272727272728 21 1
Communication round: 36, Eavesdropper Accuracy: 0.8136363636363636 22 1
Communication round: 37, Aggregated Accuracies: 0.805 23
Communication round: 37, Eavesdropper Accuracy: 0.8159090909090909 23 1
Communication round: 38, Eavesdropper Accuracy: 0.8068181818181818 24 1
Communication round: 39, Eavesdropper Accuracy: 0.825 25 1
Communication round: 40, Aggregated Accuracies: 0.8233333333333335 26
Communication round: 40, Eavesdropper Accuracy: 0.8522727272727273 26 1
Communication round: 41, Aggregated Accuracies: 0.846904761904762 27
Communication round: 41, Eavesdropper Accuracy: 0.8818181818181818 27 1
Communication round: 42, Aggregated Accuracies: 0.8567857142857142 28
Communication round: 42, Eavesdropper Accuracy: 0.865909090909091 28 1
Communication round: 43, Eavesdropper Accuracy: 0.8772727272727273 28 0
Communication round: 44, Eavesdropper Accuracy: 0.8886363636363637 28 0
Communication round: 45, Eavesdropper Accuracy: 0.8954545454545455 28 0
Communication round: 46, Eavesdropper Accuracy: 0.875 28 0
Communication round: 47, Eavesdropper Accuracy: 0.9045454545454545 28 0
Communication round: 48, Eavesdropper Accuracy: 0.8931818181818182 28 0
Communication round: 49, Eavesdropper Accuracy: 0.8977272727272727 28 0
Communication round: 50, Eavesdropper Accuracy: 0.8795454545454545 28 0
Communication round: 51, Eavesdropper Accuracy: 0.8704545454545455 28 0
Communication round: 52, Eavesdropper Accuracy: 0.8613636363636363 28 0
Communication round: 53, Eavesdropper Accuracy: 0.875 28 0
Communication round: 54, Eavesdropper Accuracy: 0.8931818181818182 28 0
Communication round: 55, Smart Eavesdropper Accuracy: 0.2590909090909091 28 0
Communication round: 56, Smart Eavesdropper Accuracy: 0.37727272727272726 28 0
Communication round: 57, Smart Eavesdropper Accuracy: 0.4863636363636364 28 0
Communication round: 58, Smart Eavesdropper Accuracy: 0.38181818181818183 28 0
Communication round: 59, Smart Eavesdropper Accuracy: 0.43863636363636366 28 0
Communication round: 60, Smart Eavesdropper Accuracy: 0.5 28 0
Communication round: 61, Smart Eavesdropper Accuracy: 0.4863636363636364 28 0
Communication round: 62, Aggregated Accuracies: 0.8750000000000002 29
Communication round: 62, Smart Eavesdropper Accuracy: 0.48409090909090907 29 1
Communication round: 63, Aggregated Accuracies: 0.8857142857142856 30
Communication round: 63, Smart Eavesdropper Accuracy: 0.44772727272727275 30 1
Communication round: 64, Aggregated Accuracies: 0.8933333333333332 31
Communication round: 64, Smart Eavesdropper Accuracy: 0.46136363636363636 31 1
Communication round: 65, Aggregated Accuracies: 0.906904761904762 32
Communication round: 65, Smart Eavesdropper Accuracy: 0.4681818181818182 32 1
Communication round: 66, Aggregated Accuracies: 0.9097619047619048 33
Communication round: 66, Smart Eavesdropper Accuracy: 0.5068181818181818 33 1
Communication round: 67, Aggregated Accuracies: 0.9057142857142857 34
Communication round: 67, Smart Eavesdropper Accuracy: 0.5181818181818182 34 1
Communication round: 68, Aggregated Accuracies: 0.9180952380952382 35
Communication round: 68, Eavesdropper Accuracy: 0.925 35 1
Communication round: 69, Aggregated Accuracies: 0.9179761904761905 36
Communication round: 69, Eavesdropper Accuracy: 0.9181818181818182 36 1
Communication round: 70, Aggregated Accuracies: 0.9176190476190473 37
Communication round: 70, Eavesdropper Accuracy: 0.9386363636363636 37 1
Communication round: 71, Aggregated Accuracies: 0.9245238095238093 38
Communication round: 71, Eavesdropper Accuracy: 0.9409090909090909 38 1
Communication round: 72, Eavesdropper Accuracy: 0.9363636363636364 38 0
Communication round: 73, Eavesdropper Accuracy: 0.9477272727272728 38 0
Communication round: 74, Eavesdropper Accuracy: 0.9363636363636364 38 0
Communication round: 75, Aggregated Accuracies: 0.9247619047619047 39
Communication round: 75, Eavesdropper Accuracy: 0.9409090909090909 39 1
Communication round: 76, Aggregated Accuracies: 0.928809523809524 40
Communication round: 76, Eavesdropper Accuracy: 0.9613636363636363 40 1
Communication round: 77, Aggregated Accuracies: 0.9302380952380952 41
Communication round: 77, Eavesdropper Accuracy: 0.9522727272727273 41 1
Communication round: 78, Aggregated Accuracies: 0.9332142857142856 42
Communication round: 78, Eavesdropper Accuracy: 0.95 42 1
Communication round: 79, Aggregated Accuracies: 0.9379761904761903 43
Communication round: 79, Eavesdropper Accuracy: 0.9636363636363636 43 1
Communication round: 80, Aggregated Accuracies: 0.936785714285714 44
Communication round: 80, Eavesdropper Accuracy: 0.9386363636363636 44 1
Communication round: 81, Eavesdropper Accuracy: 0.9454545454545454 44 0
Communication round: 82, Eavesdropper Accuracy: 0.9568181818181818 44 0
Communication round: 83, Eavesdropper Accuracy: 0.95 44 0
Communication round: 84, Eavesdropper Accuracy: 0.9477272727272728 44 0
Communication round: 85, Eavesdropper Accuracy: 0.9613636363636363 44 0
Communication round: 86, Eavesdropper Accuracy: 0.9477272727272728 44 0
Communication round: 87, Smart Eavesdropper Accuracy: 0.615909090909091 44 0
Communication round: 88, Smart Eavesdropper Accuracy: 0.6659090909090909 44 0
Communication round: 89, Smart Eavesdropper Accuracy: 0.6818181818181818 44 0
Communication round: 90, Smart Eavesdropper Accuracy: 0.6818181818181818 44 0
Communication round: 91, Smart Eavesdropper Accuracy: 0.6431818181818182 44 0
Communication round: 92, Smart Eavesdropper Accuracy: 0.625 44 0
Communication round: 93, Smart Eavesdropper Accuracy: 0.5636363636363636 44 0
Communication round: 94, Smart Eavesdropper Accuracy: 0.6272727272727273 44 0
Communication round: 95, Smart Eavesdropper Accuracy: 0.65 44 0
Communication round: 96, Smart Eavesdropper Accuracy: 0.6681818181818182 44 0
Communication round: 97, Smart Eavesdropper Accuracy: 0.6636363636363637 44 0
Communication round: 98, Smart Eavesdropper Accuracy: 0.6022727272727273 44 0
Communication round: 99, Smart Eavesdropper Accuracy: 0.5931818181818181 44 0
----------------------------------------------------------------------------------------------------
----------------------------------------------------------------------------------------------------
20_30_100_0.4_2_0.99_False_
----------------------------------------------------------------------------------------------------
Communication round: 0, Smart Eavesdropper Accuracy: 0.20227272727272727 0 0
Communication round: 1, Smart Eavesdropper Accuracy: 0.18181818181818182 1 1
Communication round: 2, Eavesdropper Accuracy: 0.05454545454545454 2 1
Communication round: 3, Aggregated Accuracies: 0.11857142857142855 3
Communication round: 3, Eavesdropper Accuracy: 0.10909090909090909 3 1
Communication round: 4, Eavesdropper Accuracy: 0.11818181818181818 3 0
Communication round: 5, Eavesdropper Accuracy: 0.1 4 1
Communication round: 6, Eavesdropper Accuracy: 0.09090909090909091 4 0
Communication round: 7, Eavesdropper Accuracy: 0.09772727272727273 5 1
Communication round: 8, Eavesdropper Accuracy: 0.11363636363636363 5 0
Communication round: 9, Eavesdropper Accuracy: 0.10909090909090909 6 1
Communication round: 10, Eavesdropper Accuracy: 0.13636363636363635 7 1
Communication round: 11, Aggregated Accuracies: 0.16226190476190477 8
Communication round: 11, Eavesdropper Accuracy: 0.14545454545454545 8 1
Communication round: 12, Eavesdropper Accuracy: 0.13636363636363635 8 0
Communication round: 13, Eavesdropper Accuracy: 0.18409090909090908 9 1
Communication round: 14, Eavesdropper Accuracy: 0.14772727272727273 9 0
Communication round: 15, Eavesdropper Accuracy: 0.13636363636363635 10 1
Communication round: 16, Eavesdropper Accuracy: 0.15227272727272728 10 0
Communication round: 17, Eavesdropper Accuracy: 0.16136363636363638 11 1
Communication round: 18, Eavesdropper Accuracy: 0.1590909090909091 11 0
Communication round: 19, Eavesdropper Accuracy: 0.15681818181818183 12 1
Communication round: 20, Eavesdropper Accuracy: 0.17045454545454544 13 1
Communication round: 21, Eavesdropper Accuracy: 0.14545454545454545 14 1
Communication round: 22, Aggregated Accuracies: 0.2552380952380953 15
Communication round: 22, Eavesdropper Accuracy: 0.2681818181818182 15 1
Communication round: 23, Eavesdropper Accuracy: 0.2681818181818182 15 0
Communication round: 24, Eavesdropper Accuracy: 0.27045454545454545 15 0
Communication round: 25, Aggregated Accuracies: 0.39249999999999996 16
Communication round: 25, Eavesdropper Accuracy: 0.45227272727272727 16 1
Communication round: 26, Eavesdropper Accuracy: 0.43863636363636366 16 0
Communication round: 27, Eavesdropper Accuracy: 0.42727272727272725 17 1
Communication round: 28, Eavesdropper Accuracy: 0.4431818181818182 18 1
Communication round: 29, Aggregated Accuracies: 0.5114285714285713 19
Communication round: 29, Eavesdropper Accuracy: 0.5318181818181819 19 1
Communication round: 30, Eavesdropper Accuracy: 0.5431818181818182 19 0
Communication round: 31, Aggregated Accuracies: 0.5942857142857144 20
Communication round: 31, Eavesdropper Accuracy: 0.6613636363636364 20 1
Communication round: 32, Aggregated Accuracies: 0.6597619047619048 21
Communication round: 32, Eavesdropper Accuracy: 0.6318181818181818 21 1
Communication round: 33, Aggregated Accuracies: 0.7095238095238094 22
Communication round: 33, Eavesdropper Accuracy: 0.7545454545454545 22 1
Communication round: 34, Aggregated Accuracies: 0.7391666666666666 23
Communication round: 34, Eavesdropper Accuracy: 0.7613636363636364 23 1
Communication round: 35, Eavesdropper Accuracy: 0.7977272727272727 23 0
Communication round: 36, Eavesdropper Accuracy: 0.7340909090909091 23 0
Communication round: 37, Eavesdropper Accuracy: 0.7568181818181818 23 0
Communication round: 38, Eavesdropper Accuracy: 0.7931818181818182 23 0
Communication round: 39, Aggregated Accuracies: 0.7735714285714288 24
Communication round: 39, Eavesdropper Accuracy: 0.7659090909090909 24 1
Communication round: 40, Eavesdropper Accuracy: 0.7613636363636364 24 0
Communication round: 41, Aggregated Accuracies: 0.7978571428571429 25
Communication round: 41, Eavesdropper Accuracy: 0.7863636363636364 25 1
Communication round: 42, Aggregated Accuracies: 0.8132142857142857 26
Communication round: 42, Eavesdropper Accuracy: 0.8272727272727273 26 1
Communication round: 43, Aggregated Accuracies: 0.8234523809523807 27
Communication round: 43, Eavesdropper Accuracy: 0.8204545454545454 27 1
Communication round: 44, Eavesdropper Accuracy: 0.8340909090909091 28 1
Communication round: 45, Aggregated Accuracies: 0.8372619047619047 29
Communication round: 45, Eavesdropper Accuracy: 0.8272727272727273 29 1
Communication round: 46, Eavesdropper Accuracy: 0.8522727272727273 29 0
Communication round: 47, Eavesdropper Accuracy: 0.8477272727272728 29 0
Communication round: 48, Eavesdropper Accuracy: 0.8386363636363636 29 0
Communication round: 49, Eavesdropper Accuracy: 0.8340909090909091 29 0
Communication round: 50, Eavesdropper Accuracy: 0.8522727272727273 30 1
Communication round: 51, Aggregated Accuracies: 0.8519047619047619 31
Communication round: 51, Eavesdropper Accuracy: 0.8522727272727273 31 1
Communication round: 52, Eavesdropper Accuracy: 0.865909090909091 31 0
Communication round: 53, Eavesdropper Accuracy: 0.8613636363636363 32 1
Communication round: 54, Eavesdropper Accuracy: 0.8727272727272727 32 0
Communication round: 55, Eavesdropper Accuracy: 0.8340909090909091 33 1
Communication round: 56, Eavesdropper Accuracy: 0.8431818181818181 34 1
Communication round: 57, Eavesdropper Accuracy: 0.8568181818181818 34 0
Communication round: 58, Eavesdropper Accuracy: 0.8954545454545455 35 1
Communication round: 59, Eavesdropper Accuracy: 0.865909090909091 36 1
Communication round: 60, Eavesdropper Accuracy: 0.8636363636363636 37 1
Communication round: 61, Eavesdropper Accuracy: 0.8409090909090909 38 1
Communication round: 62, Aggregated Accuracies: 0.8547619047619047 39
Communication round: 62, Eavesdropper Accuracy: 0.8522727272727273 39 1
Communication round: 63, Eavesdropper Accuracy: 0.8454545454545455 39 0
Communication round: 64, Aggregated Accuracies: 0.86 40
Communication round: 64, Eavesdropper Accuracy: 0.9045454545454545 40 1
Communication round: 65, Aggregated Accuracies: 0.8709523809523809 41
Communication round: 65, Eavesdropper Accuracy: 0.8772727272727273 41 1
Communication round: 66, Aggregated Accuracies: 0.8815476190476191 42
Communication round: 66, Eavesdropper Accuracy: 0.8863636363636364 42 1
Communication round: 67, Aggregated Accuracies: 0.8823809523809525 43
Communication round: 67, Eavesdropper Accuracy: 0.8931818181818182 43 1
Communication round: 68, Aggregated Accuracies: 0.8936904761904761 44
Communication round: 68, Eavesdropper Accuracy: 0.8795454545454545 44 1
Communication round: 69, Aggregated Accuracies: 0.8974999999999997 45
Communication round: 69, Eavesdropper Accuracy: 0.9090909090909091 45 1
Communication round: 70, Aggregated Accuracies: 0.9019047619047618 46
Communication round: 70, Eavesdropper Accuracy: 0.8977272727272727 46 1
Communication round: 71, Eavesdropper Accuracy: 0.9045454545454545 47 1
Communication round: 72, Aggregated Accuracies: 0.9107142857142858 48
Communication round: 72, Eavesdropper Accuracy: 0.9045454545454545 48 1
Communication round: 73, Aggregated Accuracies: 0.911904761904762 49
Communication round: 73, Eavesdropper Accuracy: 0.9136363636363637 49 1
Communication round: 74, Aggregated Accuracies: 0.9085714285714286 50
Communication round: 74, Eavesdropper Accuracy: 0.9363636363636364 50 1
Communication round: 75, Aggregated Accuracies: 0.9185714285714287 51
Communication round: 75, Eavesdropper Accuracy: 0.9204545454545454 51 1
Communication round: 76, Aggregated Accuracies: 0.9207142857142857 52
Communication round: 76, Eavesdropper Accuracy: 0.9340909090909091 52 1
Communication round: 77, Aggregated Accuracies: 0.925 53
Communication round: 77, Eavesdropper Accuracy: 0.9318181818181818 53 1
Communication round: 78, Eavesdropper Accuracy: 0.925 53 0
Communication round: 79, Eavesdropper Accuracy: 0.9545454545454546 53 0
Communication round: 80, Eavesdropper Accuracy: 0.9386363636363636 53 0
Communication round: 81, Eavesdropper Accuracy: 0.9318181818181818 53 0
Communication round: 82, Aggregated Accuracies: 0.9283333333333331 54
Communication round: 82, Eavesdropper Accuracy: 0.9386363636363636 54 1
Communication round: 83, Eavesdropper Accuracy: 0.9113636363636364 54 0
Communication round: 84, Eavesdropper Accuracy: 0.9227272727272727 54 0
Communication round: 85, Eavesdropper Accuracy: 0.9159090909090909 54 0
Communication round: 86, Eavesdropper Accuracy: 0.9295454545454546 54 0
Communication round: 87, Eavesdropper Accuracy: 0.9204545454545454 54 0
Communication round: 88, Eavesdropper Accuracy: 0.9386363636363636 54 0
Communication round: 89, Eavesdropper Accuracy: 0.9227272727272727 54 0
Communication round: 90, Eavesdropper Accuracy: 0.9295454545454546 54 0
Communication round: 91, Eavesdropper Accuracy: 0.95 54 0
Communication round: 92, Eavesdropper Accuracy: 0.9204545454545454 54 0
Communication round: 93, Eavesdropper Accuracy: 0.9431818181818182 54 0
Communication round: 94, Eavesdropper Accuracy: 0.9090909090909091 54 0
Communication round: 95, Eavesdropper Accuracy: 0.95 54 0
Communication round: 96, Eavesdropper Accuracy: 0.9340909090909091 54 0
Communication round: 97, Eavesdropper Accuracy: 0.9272727272727272 54 0
Communication round: 98, Eavesdropper Accuracy: 0.9409090909090909 54 0
Communication round: 99, Eavesdropper Accuracy: 0.9431818181818182 54 0
----------------------------------------------------------------------------------------------------
----------------------------------------------------------------------------------------------------
20_30_100_0.4_2_0.99_False_
----------------------------------------------------------------------------------------------------
Communication round: 0, Eavesdropper Accuracy: 0.075 1 1
Communication round: 1, Eavesdropper Accuracy: 0.09090909090909091 2 1
Communication round: 2, Aggregated Accuracies: 0.13071428571428573 3
Communication round: 2, Eavesdropper Accuracy: 0.15454545454545454 3 1
Communication round: 3, Eavesdropper Accuracy: 0.11136363636363636 4 1
Communication round: 4, Eavesdropper Accuracy: 0.16363636363636364 5 1
Communication round: 5, Eavesdropper Accuracy: 0.15681818181818183 5 0
Communication round: 6, Eavesdropper Accuracy: 0.14772727272727273 5 0
Communication round: 7, Eavesdropper Accuracy: 0.15454545454545454 5 0
Communication round: 8, Eavesdropper Accuracy: 0.14545454545454545 6 1
Communication round: 9, Eavesdropper Accuracy: 0.13636363636363635 6 0
Communication round: 10, Aggregated Accuracies: 0.19130952380952382 7
Communication round: 10, Eavesdropper Accuracy: 0.2 7 1
Communication round: 11, Eavesdropper Accuracy: 0.2340909090909091 8 1
Communication round: 12, Aggregated Accuracies: 0.26166666666666666 9
Communication round: 12, Eavesdropper Accuracy: 0.29545454545454547 9 1
Communication round: 13, Eavesdropper Accuracy: 0.23863636363636365 10 1
Communication round: 14, Aggregated Accuracies: 0.42250000000000004 11
Communication round: 14, Eavesdropper Accuracy: 0.47045454545454546 11 1
Communication round: 15, Eavesdropper Accuracy: 0.5045454545454545 12 1
Communication round: 16, Eavesdropper Accuracy: 0.44772727272727275 12 0
Communication round: 17, Eavesdropper Accuracy: 0.45681818181818185 13 1
Communication round: 18, Aggregated Accuracies: 0.5082142857142857 14
Communication round: 18, Eavesdropper Accuracy: 0.5704545454545454 14 1
Communication round: 19, Aggregated Accuracies: 0.5936904761904761 15
Communication round: 19, Eavesdropper Accuracy: 0.6772727272727272 15 1
Communication round: 20, Eavesdropper Accuracy: 0.6886363636363636 15 0
Communication round: 21, Eavesdropper Accuracy: 0.6590909090909091 15 0
Communication round: 22, Aggregated Accuracies: 0.6647619047619049 16
Communication round: 22, Eavesdropper Accuracy: 0.75 16 1
Communication round: 23, Aggregated Accuracies: 0.7113095238095237 17
Communication round: 23, Eavesdropper Accuracy: 0.7931818181818182 17 1
Communication round: 24, Aggregated Accuracies: 0.7577380952380952 18
Communication round: 24, Eavesdropper Accuracy: 0.7909090909090909 18 1
Communication round: 25, Aggregated Accuracies: 0.7877380952380953 19
Communication round: 25, Eavesdropper Accuracy: 0.8681818181818182 19 1
Communication round: 26, Eavesdropper Accuracy: 0.825 19 0
Communication round: 27, Aggregated Accuracies: 0.8109523809523809 20
Communication round: 27, Eavesdropper Accuracy: 0.8318181818181818 20 1
Communication round: 28, Aggregated Accuracies: 0.8316666666666667 21
Communication round: 28, Eavesdropper Accuracy: 0.8340909090909091 21 1
Communication round: 29, Aggregated Accuracies: 0.8457142857142858 22
Communication round: 29, Eavesdropper Accuracy: 0.8795454545454545 22 1
Communication round: 30, Aggregated Accuracies: 0.8485714285714284 23
Communication round: 30, Eavesdropper Accuracy: 0.8704545454545455 23 1
Communication round: 31, Eavesdropper Accuracy: 0.8909090909090909 23 0
Communication round: 32, Eavesdropper Accuracy: 0.8681818181818182 23 0
Communication round: 33, Aggregated Accuracies: 0.8692857142857143 24
Communication round: 33, Eavesdropper Accuracy: 0.9068181818181819 24 1
Communication round: 34, Aggregated Accuracies: 0.8797619047619047 25
Communication round: 34, Eavesdropper Accuracy: 0.9181818181818182 25 1
Communication round: 35, Eavesdropper Accuracy: 0.8931818181818182 25 0
Communication round: 36, Eavesdropper Accuracy: 0.9181818181818182 25 0
Communication round: 37, Eavesdropper Accuracy: 0.8954545454545455 26 1
Communication round: 38, Aggregated Accuracies: 0.884047619047619 27
Communication round: 38, Eavesdropper Accuracy: 0.8818181818181818 27 1
Communication round: 39, Eavesdropper Accuracy: 0.8909090909090909 27 0
Communication round: 40, Aggregated Accuracies: 0.8916666666666666 28
Communication round: 40, Eavesdropper Accuracy: 0.9022727272727272 28 1
Communication round: 41, Aggregated Accuracies: 0.8977380952380951 29
Communication round: 41, Eavesdropper Accuracy: 0.8931818181818182 29 1
Communication round: 42, Aggregated Accuracies: 0.9066666666666665 30
Communication round: 42, Eavesdropper Accuracy: 0.9113636363636364 30 1
Communication round: 43, Aggregated Accuracies: 0.9122619047619047 31
Communication round: 43, Eavesdropper Accuracy: 0.9272727272727272 31 1
Communication round: 44, Aggregated Accuracies: 0.9146428571428572 32
Communication round: 44, Eavesdropper Accuracy: 0.9090909090909091 32 1
Communication round: 45, Aggregated Accuracies: 0.9151190476190475 33
Communication round: 45, Eavesdropper Accuracy: 0.9159090909090909 33 1
Communication round: 46, Aggregated Accuracies: 0.9201190476190476 34
Communication round: 46, Eavesdropper Accuracy: 0.9181818181818182 34 1
Communication round: 47, Aggregated Accuracies: 0.9233333333333332 35
Communication round: 47, Eavesdropper Accuracy: 0.9431818181818182 35 1
Communication round: 48, Aggregated Accuracies: 0.9255952380952379 36
Communication round: 48, Eavesdropper Accuracy: 0.9204545454545454 36 1
Communication round: 49, Aggregated Accuracies: 0.9294047619047616 37
Communication round: 49, Eavesdropper Accuracy: 0.9181818181818182 37 1
Communication round: 50, Aggregated Accuracies: 0.9294047619047617 38
Communication round: 50, Eavesdropper Accuracy: 0.9136363636363637 38 1
Communication round: 51, Aggregated Accuracies: 0.9339285714285712 39
Communication round: 51, Eavesdropper Accuracy: 0.9431818181818182 39 1
Communication round: 52, Eavesdropper Accuracy: 0.9522727272727273 39 0
Communication round: 53, Eavesdropper Accuracy: 0.95 39 0
Communication round: 54, Aggregated Accuracies: 0.9370238095238094 40
Communication round: 54, Eavesdropper Accuracy: 0.9522727272727273 40 1
Communication round: 55, Eavesdropper Accuracy: 0.9272727272727272 40 0
Communication round: 56, Eavesdropper Accuracy: 0.9409090909090909 40 0
Communication round: 57, Eavesdropper Accuracy: 0.9522727272727273 40 0
Communication round: 58, Eavesdropper Accuracy: 0.9386363636363636 40 0
Communication round: 59, Eavesdropper Accuracy: 0.9409090909090909 40 0
Communication round: 60, Eavesdropper Accuracy: 0.9431818181818182 40 0
Communication round: 61, Eavesdropper Accuracy: 0.9522727272727273 40 0
Communication round: 62, Eavesdropper Accuracy: 0.9363636363636364 40 0
Communication round: 63, Eavesdropper Accuracy: 0.9363636363636364 40 0
Communication round: 64, Eavesdropper Accuracy: 0.9477272727272728 40 0
Communication round: 65, Eavesdropper Accuracy: 0.9295454545454546 40 0
Communication round: 66, Eavesdropper Accuracy: 0.9568181818181818 40 0
Communication round: 67, Eavesdropper Accuracy: 0.9568181818181818 40 0
Communication round: 68, Eavesdropper Accuracy: 0.9477272727272728 40 0
Communication round: 69, Eavesdropper Accuracy: 0.95 40 0
Communication round: 70, Eavesdropper Accuracy: 0.9409090909090909 40 0
Communication round: 71, Eavesdropper Accuracy: 0.9363636363636364 40 0
Communication round: 72, Eavesdropper Accuracy: 0.9272727272727272 40 0
Communication round: 73, Eavesdropper Accuracy: 0.9431818181818182 40 0
Communication round: 74, Eavesdropper Accuracy: 0.9295454545454546 40 0
Communication round: 75, Eavesdropper Accuracy: 0.9318181818181818 40 0
Communication round: 76, Eavesdropper Accuracy: 0.9545454545454546 40 0
Communication round: 77, Eavesdropper Accuracy: 0.9363636363636364 40 0
Communication round: 78, Eavesdropper Accuracy: 0.9295454545454546 40 0
Communication round: 79, Smart Eavesdropper Accuracy: 0.6090909090909091 40 0
Communication round: 80, Smart Eavesdropper Accuracy: 0.759090909090909 40 0
Communication round: 81, Smart Eavesdropper Accuracy: 0.759090909090909 40 0
Communication round: 82, Smart Eavesdropper Accuracy: 0.75 40 0
Communication round: 83, Smart Eavesdropper Accuracy: 0.7159090909090909 40 0
Communication round: 84, Smart Eavesdropper Accuracy: 0.7727272727272727 40 0
Communication round: 85, Smart Eavesdropper Accuracy: 0.6068181818181818 40 0
Communication round: 86, Smart Eavesdropper Accuracy: 0.7340909090909091 40 0
Communication round: 87, Smart Eavesdropper Accuracy: 0.6613636363636364 40 0
Communication round: 88, Smart Eavesdropper Accuracy: 0.6795454545454546 40 0
Communication round: 89, Smart Eavesdropper Accuracy: 0.65 40 0
Communication round: 90, Smart Eavesdropper Accuracy: 0.5954545454545455 40 0
Communication round: 91, Smart Eavesdropper Accuracy: 0.6977272727272728 40 0
Communication round: 92, Smart Eavesdropper Accuracy: 0.5840909090909091 40 0
Communication round: 93, Smart Eavesdropper Accuracy: 0.6431818181818182 40 0
Communication round: 94, Smart Eavesdropper Accuracy: 0.5454545454545454 40 0
Communication round: 95, Smart Eavesdropper Accuracy: 0.6113636363636363 40 0
Communication round: 96, Smart Eavesdropper Accuracy: 0.5977272727272728 40 0
Communication round: 97, Smart Eavesdropper Accuracy: 0.5522727272727272 40 0
Communication round: 98, Smart Eavesdropper Accuracy: 0.5840909090909091 40 0
Communication round: 99, Smart Eavesdropper Accuracy: 0.5886363636363636 40 0
----------------------------------------------------------------------------------------------------
----------------------------------------------------------------------------------------------------
20_30_100_0.4_2_0.99_False_
----------------------------------------------------------------------------------------------------
Communication round: 0, Smart Eavesdropper Accuracy: 0.20909090909090908 0 0
Communication round: 1, Aggregated Accuracies: 0.11702380952380953 1
Communication round: 1, Smart Eavesdropper Accuracy: 0.19545454545454546 1 1
Communication round: 2, Smart Eavesdropper Accuracy: 0.18636363636363637 1 0
Communication round: 3, Aggregated Accuracies: 0.18130952380952384 2
Communication round: 3, Smart Eavesdropper Accuracy: 0.22727272727272727 2 1
Communication round: 4, Aggregated Accuracies: 0.275 3
Communication round: 4, Eavesdropper Accuracy: 0.325 3 1
Communication round: 5, Aggregated Accuracies: 0.359047619047619 4
Communication round: 5, Eavesdropper Accuracy: 0.4113636363636364 4 1
Communication round: 6, Eavesdropper Accuracy: 0.39545454545454545 4 0
Communication round: 7, Aggregated Accuracies: 0.43654761904761896 5
Communication round: 7, Eavesdropper Accuracy: 0.5227272727272727 5 1
Communication round: 8, Aggregated Accuracies: 0.5698809523809525 6
Communication round: 8, Eavesdropper Accuracy: 0.634090909090909 6 1
Communication round: 9, Aggregated Accuracies: 0.6538095238095237 7
Communication round: 9, Eavesdropper Accuracy: 0.7204545454545455 7 1
Communication round: 10, Aggregated Accuracies: 0.6951190476190476 8
Communication round: 10, Eavesdropper Accuracy: 0.7363636363636363 8 1
Communication round: 11, Aggregated Accuracies: 0.7389285714285714 9
Communication round: 11, Eavesdropper Accuracy: 0.7454545454545455 9 1
Communication round: 12, Aggregated Accuracies: 0.77 10
Communication round: 12, Eavesdropper Accuracy: 0.7818181818181819 10 1
Communication round: 13, Aggregated Accuracies: 0.7913095238095239 11
Communication round: 13, Eavesdropper Accuracy: 0.825 11 1
Communication round: 14, Eavesdropper Accuracy: 0.8159090909090909 11 0
Communication round: 15, Eavesdropper Accuracy: 0.8068181818181818 11 0
Communication round: 16, Eavesdropper Accuracy: 0.8204545454545454 11 0
Communication round: 17, Eavesdropper Accuracy: 0.8431818181818181 11 0
Communication round: 18, Aggregated Accuracies: 0.8170238095238096 12
Communication round: 18, Eavesdropper Accuracy: 0.8477272727272728 12 1
Communication round: 19, Aggregated Accuracies: 0.8311904761904761 13
Communication round: 19, Eavesdropper Accuracy: 0.8522727272727273 13 1
Communication round: 20, Aggregated Accuracies: 0.8382142857142858 14
Communication round: 20, Eavesdropper Accuracy: 0.8431818181818181 14 1
Communication round: 21, Aggregated Accuracies: 0.8571428571428573 15
Communication round: 21, Eavesdropper Accuracy: 0.8636363636363636 15 1
Communication round: 22, Aggregated Accuracies: 0.8675 16
Communication round: 22, Eavesdropper Accuracy: 0.9045454545454545 16 1
Communication round: 23, Aggregated Accuracies: 0.8765476190476189 17
Communication round: 23, Eavesdropper Accuracy: 0.8886363636363637 17 1
Communication round: 24, Aggregated Accuracies: 0.8865476190476193 18
Communication round: 24, Eavesdropper Accuracy: 0.9068181818181819 18 1
Communication round: 25, Aggregated Accuracies: 0.8847619047619049 19
Communication round: 25, Eavesdropper Accuracy: 0.9 19 1
Communication round: 26, Aggregated Accuracies: 0.8942857142857145 20
Communication round: 26, Eavesdropper Accuracy: 0.9068181818181819 20 1
Communication round: 27, Aggregated Accuracies: 0.8965476190476191 21
Communication round: 27, Eavesdropper Accuracy: 0.9 21 1
Communication round: 28, Aggregated Accuracies: 0.9017857142857142 22
Communication round: 28, Eavesdropper Accuracy: 0.925 22 1
Communication round: 29, Aggregated Accuracies: 0.9040476190476191 23
Communication round: 29, Eavesdropper Accuracy: 0.9 23 1
Communication round: 30, Aggregated Accuracies: 0.910357142857143 24
Communication round: 30, Eavesdropper Accuracy: 0.9159090909090909 24 1
Communication round: 31, Eavesdropper Accuracy: 0.9204545454545454 24 0
Communication round: 32, Eavesdropper Accuracy: 0.9159090909090909 24 0
Communication round: 33, Eavesdropper Accuracy: 0.925 24 0
Communication round: 34, Aggregated Accuracies: 0.909047619047619 25
Communication round: 34, Eavesdropper Accuracy: 0.9181818181818182 25 1
Communication round: 35, Aggregated Accuracies: 0.9129761904761905 26
Communication round: 35, Eavesdropper Accuracy: 0.9318181818181818 26 1
Communication round: 36, Eavesdropper Accuracy: 0.9227272727272727 26 0
Communication round: 37, Eavesdropper Accuracy: 0.9136363636363637 26 0
Communication round: 38, Eavesdropper Accuracy: 0.925 26 0
Communication round: 39, Eavesdropper Accuracy: 0.9227272727272727 26 0
Communication round: 40, Eavesdropper Accuracy: 0.9318181818181818 26 0
Communication round: 41, Aggregated Accuracies: 0.9157142857142857 27
Communication round: 41, Eavesdropper Accuracy: 0.9272727272727272 27 1
Communication round: 42, Eavesdropper Accuracy: 0.9545454545454546 27 0
Communication round: 43, Eavesdropper Accuracy: 0.9545454545454546 27 0
Communication round: 44, Eavesdropper Accuracy: 0.9272727272727272 27 0
Communication round: 45, Eavesdropper Accuracy: 0.9136363636363637 27 0
Communication round: 46, Eavesdropper Accuracy: 0.9477272727272728 27 0
Communication round: 47, Aggregated Accuracies: 0.9175000000000001 28
Communication round: 47, Eavesdropper Accuracy: 0.9409090909090909 28 1
Communication round: 48, Eavesdropper Accuracy: 0.9409090909090909 28 0
Communication round: 49, Eavesdropper Accuracy: 0.9340909090909091 28 0
Communication round: 50, Eavesdropper Accuracy: 0.9409090909090909 28 0
Communication round: 51, Eavesdropper Accuracy: 0.9318181818181818 28 0
Communication round: 52, Eavesdropper Accuracy: 0.9295454545454546 28 0
Communication round: 53, Eavesdropper Accuracy: 0.9318181818181818 28 0
Communication round: 54, Eavesdropper Accuracy: 0.95 28 0
Communication round: 55, Smart Eavesdropper Accuracy: 0.6659090909090909 28 0
Communication round: 56, Aggregated Accuracies: 0.9221428571428572 29
Communication round: 56, Eavesdropper Accuracy: 0.9386363636363636 29 1
Communication round: 57, Smart Eavesdropper Accuracy: 0.6272727272727273 29 0
Communication round: 58, Smart Eavesdropper Accuracy: 0.5863636363636363 29 0
Communication round: 59, Smart Eavesdropper Accuracy: 0.6227272727272727 29 0
Communication round: 60, Aggregated Accuracies: 0.9294047619047617 30
Communication round: 60, Smart Eavesdropper Accuracy: 0.5977272727272728 30 1
Communication round: 61, Smart Eavesdropper Accuracy: 0.6295454545454545 30 0
Communication round: 62, Smart Eavesdropper Accuracy: 0.5727272727272728 30 0
Communication round: 63, Smart Eavesdropper Accuracy: 0.5431818181818182 30 0
Communication round: 64, Smart Eavesdropper Accuracy: 0.47045454545454546 30 0
Communication round: 65, Smart Eavesdropper Accuracy: 0.5454545454545454 30 0
Communication round: 66, Smart Eavesdropper Accuracy: 0.5409090909090909 30 0
Communication round: 67, Smart Eavesdropper Accuracy: 0.42954545454545456 30 0
Communication round: 68, Smart Eavesdropper Accuracy: 0.4954545454545455 30 0
Communication round: 69, Smart Eavesdropper Accuracy: 0.45454545454545453 30 0
Communication round: 70, Smart Eavesdropper Accuracy: 0.4636363636363636 30 0
Communication round: 71, Smart Eavesdropper Accuracy: 0.44772727272727275 30 0
Communication round: 72, Smart Eavesdropper Accuracy: 0.3795454545454545 30 0
Communication round: 73, Smart Eavesdropper Accuracy: 0.3931818181818182 30 0
Communication round: 74, Smart Eavesdropper Accuracy: 0.4068181818181818 30 0
Communication round: 75, Smart Eavesdropper Accuracy: 0.3931818181818182 30 0
Communication round: 76, Smart Eavesdropper Accuracy: 0.41818181818181815 30 0
Communication round: 77, Smart Eavesdropper Accuracy: 0.40454545454545454 30 0
Communication round: 78, Smart Eavesdropper Accuracy: 0.37272727272727274 30 0
Communication round: 79, Smart Eavesdropper Accuracy: 0.425 30 0
Communication round: 80, Smart Eavesdropper Accuracy: 0.42272727272727273 30 0
Communication round: 81, Smart Eavesdropper Accuracy: 0.3840909090909091 30 0
Communication round: 82, Smart Eavesdropper Accuracy: 0.4318181818181818 30 0
Communication round: 83, Smart Eavesdropper Accuracy: 0.3795454545454545 30 0
Communication round: 84, Smart Eavesdropper Accuracy: 0.41363636363636364 30 0
Communication round: 85, Smart Eavesdropper Accuracy: 0.4 30 0
Communication round: 86, Smart Eavesdropper Accuracy: 0.35454545454545455 30 0
Communication round: 87, Smart Eavesdropper Accuracy: 0.4 30 0
Communication round: 88, Smart Eavesdropper Accuracy: 0.3613636363636364 30 0
Communication round: 89, Smart Eavesdropper Accuracy: 0.4068181818181818 30 0
Communication round: 90, Smart Eavesdropper Accuracy: 0.42727272727272725 30 0
Communication round: 91, Smart Eavesdropper Accuracy: 0.42954545454545456 30 0
Communication round: 92, Smart Eavesdropper Accuracy: 0.3704545454545455 30 0
Communication round: 93, Smart Eavesdropper Accuracy: 0.39090909090909093 30 0
Communication round: 94, Smart Eavesdropper Accuracy: 0.4636363636363636 30 0
Communication round: 95, Smart Eavesdropper Accuracy: 0.41818181818181815 30 0
Communication round: 96, Smart Eavesdropper Accuracy: 0.4090909090909091 30 0
Communication round: 97, Smart Eavesdropper Accuracy: 0.4431818181818182 30 0
Communication round: 98, Smart Eavesdropper Accuracy: 0.3795454545454545 30 0
Communication round: 99, Smart Eavesdropper Accuracy: 0.4318181818181818 30 0
----------------------------------------------------------------------------------------------------
----------------------------------------------------------------------------------------------------
20_30_100_0.4_2_0.99_False_
----------------------------------------------------------------------------------------------------
Communication round: 0, Smart Eavesdropper Accuracy: 0.19545454545454546 0 0
Communication round: 1, Smart Eavesdropper Accuracy: 0.22045454545454546 0 0
Communication round: 2, Smart Eavesdropper Accuracy: 0.19772727272727272 0 0
Communication round: 3, Smart Eavesdropper Accuracy: 0.19772727272727272 1 1
Communication round: 4, Smart Eavesdropper Accuracy: 0.2318181818181818 2 1
Communication round: 5, Smart Eavesdropper Accuracy: 0.225 2 0
Communication round: 6, Smart Eavesdropper Accuracy: 0.21363636363636362 2 0
Communication round: 7, Smart Eavesdropper Accuracy: 0.22272727272727272 2 0
Communication round: 8, Smart Eavesdropper Accuracy: 0.20909090909090908 3 1
Communication round: 9, Aggregated Accuracies: 0.1163095238095238 4
Communication round: 9, Smart Eavesdropper Accuracy: 0.22727272727272727 4 1
Communication round: 10, Smart Eavesdropper Accuracy: 0.23636363636363636 4 0
Communication round: 11, Smart Eavesdropper Accuracy: 0.2431818181818182 4 0
Communication round: 12, Smart Eavesdropper Accuracy: 0.19772727272727272 5 1
Communication round: 13, Smart Eavesdropper Accuracy: 0.21818181818181817 5 0
Communication round: 14, Smart Eavesdropper Accuracy: 0.2636363636363636 5 0
Communication round: 15, Aggregated Accuracies: 0.16678571428571426 6
Communication round: 15, Smart Eavesdropper Accuracy: 0.32954545454545453 6 1
Communication round: 16, Smart Eavesdropper Accuracy: 0.25227272727272726 6 0
Communication round: 17, Smart Eavesdropper Accuracy: 0.3340909090909091 7 1
Communication round: 18, Smart Eavesdropper Accuracy: 0.31363636363636366 7 0
Communication round: 19, Smart Eavesdropper Accuracy: 0.3068181818181818 8 1
Communication round: 20, Smart Eavesdropper Accuracy: 0.32045454545454544 9 1
Communication round: 21, Smart Eavesdropper Accuracy: 0.3522727272727273 9 0
Communication round: 22, Aggregated Accuracies: 0.263452380952381 10
Communication round: 22, Smart Eavesdropper Accuracy: 0.3 10 1
Communication round: 23, Smart Eavesdropper Accuracy: 0.34545454545454546 10 0
Communication round: 24, Smart Eavesdropper Accuracy: 0.3409090909090909 10 0
Communication round: 25, Aggregated Accuracies: 0.3805952380952381 11
Communication round: 25, Smart Eavesdropper Accuracy: 0.3568181818181818 11 1
Communication round: 26, Smart Eavesdropper Accuracy: 0.44772727272727275 11 0
Communication round: 27, Aggregated Accuracies: 0.5330952380952381 12
Communication round: 27, Smart Eavesdropper Accuracy: 0.3704545454545455 12 1
Communication round: 28, Aggregated Accuracies: 0.5995238095238095 13
Communication round: 28, Smart Eavesdropper Accuracy: 0.4340909090909091 13 1
Communication round: 29, Aggregated Accuracies: 0.6746428571428572 14
Communication round: 29, Smart Eavesdropper Accuracy: 0.3931818181818182 14 1
Communication round: 30, Aggregated Accuracies: 0.7371428571428571 15
Communication round: 30, Smart Eavesdropper Accuracy: 0.42272727272727273 15 1
Communication round: 31, Aggregated Accuracies: 0.7735714285714287 16
Communication round: 31, Smart Eavesdropper Accuracy: 0.36363636363636365 16 1
Communication round: 32, Smart Eavesdropper Accuracy: 0.40454545454545454 16 0
Communication round: 33, Smart Eavesdropper Accuracy: 0.45454545454545453 16 0
Communication round: 34, Smart Eavesdropper Accuracy: 0.35 16 0
Communication round: 35, Aggregated Accuracies: 0.8007142857142856 17
Communication round: 35, Smart Eavesdropper Accuracy: 0.4431818181818182 17 1
Communication round: 36, Smart Eavesdropper Accuracy: 0.3795454545454545 18 1
Communication round: 37, Aggregated Accuracies: 0.8104761904761906 19
Communication round: 37, Smart Eavesdropper Accuracy: 0.4090909090909091 19 1
Communication round: 38, Aggregated Accuracies: 0.8257142857142856 20
Communication round: 38, Eavesdropper Accuracy: 0.8295454545454546 20 1
Communication round: 39, Aggregated Accuracies: 0.840952380952381 21
Communication round: 39, Eavesdropper Accuracy: 0.8681818181818182 21 1
Communication round: 40, Aggregated Accuracies: 0.8530952380952381 22
Communication round: 40, Eavesdropper Accuracy: 0.8818181818181818 22 1
Communication round: 41, Aggregated Accuracies: 0.8652380952380951 23
Communication round: 41, Eavesdropper Accuracy: 0.9 23 1
Communication round: 42, Eavesdropper Accuracy: 0.9068181818181819 24 1
Communication round: 43, Aggregated Accuracies: 0.8782142857142858 25
Communication round: 43, Eavesdropper Accuracy: 0.8931818181818182 25 1
Communication round: 44, Eavesdropper Accuracy: 0.8931818181818182 25 0
Communication round: 45, Eavesdropper Accuracy: 0.9 25 0
Communication round: 46, Aggregated Accuracies: 0.883095238095238 26
Communication round: 46, Eavesdropper Accuracy: 0.8909090909090909 26 1
Communication round: 47, Aggregated Accuracies: 0.8934523809523809 27
Communication round: 47, Eavesdropper Accuracy: 0.9113636363636364 27 1
Communication round: 48, Eavesdropper Accuracy: 0.9159090909090909 27 0
Communication round: 49, Eavesdropper Accuracy: 0.925 27 0
Communication round: 50, Eavesdropper Accuracy: 0.8977272727272727 27 0
Communication round: 51, Eavesdropper Accuracy: 0.8863636363636364 27 0
Communication round: 52, Eavesdropper Accuracy: 0.8795454545454545 27 0
Communication round: 53, Eavesdropper Accuracy: 0.9136363636363637 28 1
Communication round: 54, Eavesdropper Accuracy: 0.9 28 0
Communication round: 55, Aggregated Accuracies: 0.894047619047619 29
Communication round: 55, Eavesdropper Accuracy: 0.9068181818181819 29 1
Communication round: 56, Aggregated Accuracies: 0.8967857142857143 30
Communication round: 56, Eavesdropper Accuracy: 0.925 30 1
Communication round: 57, Aggregated Accuracies: 0.9013095238095238 31
Communication round: 57, Eavesdropper Accuracy: 0.9113636363636364 31 1
Communication round: 58, Aggregated Accuracies: 0.9063095238095237 32
Communication round: 58, Eavesdropper Accuracy: 0.9113636363636364 32 1
Communication round: 59, Aggregated Accuracies: 0.9088095238095238 33
Communication round: 59, Eavesdropper Accuracy: 0.9227272727272727 33 1
Communication round: 60, Aggregated Accuracies: 0.9132142857142856 34
Communication round: 60, Eavesdropper Accuracy: 0.9068181818181819 34 1
Communication round: 61, Aggregated Accuracies: 0.9160714285714284 35
Communication round: 61, Eavesdropper Accuracy: 0.9090909090909091 35 1
Communication round: 62, Aggregated Accuracies: 0.9166666666666666 36
Communication round: 62, Eavesdropper Accuracy: 0.9136363636363637 36 1
Communication round: 63, Eavesdropper Accuracy: 0.9136363636363637 37 1
Communication round: 64, Eavesdropper Accuracy: 0.9204545454545454 38 1
Communication round: 65, Eavesdropper Accuracy: 0.9431818181818182 39 1
Communication round: 66, Eavesdropper Accuracy: 0.9204545454545454 39 0
Communication round: 67, Eavesdropper Accuracy: 0.9386363636363636 39 0
Communication round: 68, Eavesdropper Accuracy: 0.9477272727272728 39 0
Communication round: 69, Eavesdropper Accuracy: 0.9090909090909091 39 0
Communication round: 70, Eavesdropper Accuracy: 0.9227272727272727 39 0
Communication round: 71, Eavesdropper Accuracy: 0.9295454545454546 39 0
Communication round: 72, Eavesdropper Accuracy: 0.925 39 0
Communication round: 73, Eavesdropper Accuracy: 0.9113636363636364 39 0
Communication round: 74, Eavesdropper Accuracy: 0.9318181818181818 39 0
Communication round: 75, Eavesdropper Accuracy: 0.9181818181818182 39 0
Communication round: 76, Eavesdropper Accuracy: 0.9227272727272727 39 0
Communication round: 77, Smart Eavesdropper Accuracy: 0.509090909090909 39 0
Communication round: 78, Smart Eavesdropper Accuracy: 0.6909090909090909 39 0
Communication round: 79, Smart Eavesdropper Accuracy: 0.6772727272727272 39 0
Communication round: 80, Smart Eavesdropper Accuracy: 0.6568181818181819 39 0
Communication round: 81, Aggregated Accuracies: 0.9225 40
Communication round: 81, Smart Eavesdropper Accuracy: 0.7022727272727273 40 1
Communication round: 82, Aggregated Accuracies: 0.9234523809523809 41
Communication round: 82, Smart Eavesdropper Accuracy: 0.7113636363636363 41 1
Communication round: 83, Aggregated Accuracies: 0.9279761904761905 42
Communication round: 83, Smart Eavesdropper Accuracy: 0.6590909090909091 42 1
Communication round: 84, Smart Eavesdropper Accuracy: 0.6227272727272727 42 0
Communication round: 85, Smart Eavesdropper Accuracy: 0.7227272727272728 42 0
Communication round: 86, Smart Eavesdropper Accuracy: 0.6909090909090909 42 0
Communication round: 87, Smart Eavesdropper Accuracy: 0.6568181818181819 42 0
Communication round: 88, Smart Eavesdropper Accuracy: 0.6613636363636364 42 0
Communication round: 89, Smart Eavesdropper Accuracy: 0.6363636363636364 42 0
Communication round: 90, Aggregated Accuracies: 0.9282142857142854 43
Communication round: 90, Smart Eavesdropper Accuracy: 0.6613636363636364 43 1
Communication round: 91, Smart Eavesdropper Accuracy: 0.6681818181818182 43 0
Communication round: 92, Smart Eavesdropper Accuracy: 0.6681818181818182 43 0
Communication round: 93, Smart Eavesdropper Accuracy: 0.6386363636363637 43 0
Communication round: 94, Smart Eavesdropper Accuracy: 0.6954545454545454 43 0
Communication round: 95, Smart Eavesdropper Accuracy: 0.6113636363636363 43 0
Communication round: 96, Smart Eavesdropper Accuracy: 0.6045454545454545 43 0
Communication round: 97, Smart Eavesdropper Accuracy: 0.5727272727272728 43 0
Communication round: 98, Smart Eavesdropper Accuracy: 0.6272727272727273 43 0
Communication round: 99, Smart Eavesdropper Accuracy: 0.5977272727272728 43 0
----------------------------------------------------------------------------------------------------
