----------------------------------------------------------------------------------------------------
50_30_120_0.4_2_0.9_False_
----------------------------------------------------------------------------------------------------
Communication round: 0, Eavesdropper Accuracy: 0.10454545454545454 1 1
Communication round: 1, Smart Eavesdropper Accuracy: 0.18409090909090908 1 0
Communication round: 2, Smart Eavesdropper Accuracy: 0.18636363636363637 1 0
Communication round: 3, Smart Eavesdropper Accuracy: 0.18409090909090908 1 0
Communication round: 4, Smart Eavesdropper Accuracy: 0.21136363636363636 1 0
Communication round: 5, Smart Eavesdropper Accuracy: 0.20454545454545456 1 0
Communication round: 6, Smart Eavesdropper Accuracy: 0.2340909090909091 2 1
Communication round: 7, Smart Eavesdropper Accuracy: 0.26136363636363635 2 0
Communication round: 8, Smart Eavesdropper Accuracy: 0.2818181818181818 2 0
Communication round: 9, Smart Eavesdropper Accuracy: 0.29772727272727273 2 0
Communication round: 10, Smart Eavesdropper Accuracy: 0.29772727272727273 2 0
Communication round: 11, Smart Eavesdropper Accuracy: 0.3409090909090909 2 0
Communication round: 12, Smart Eavesdropper Accuracy: 0.425 3 1
Communication round: 13, Aggregated Accuracies: 0.13202380952380952 4
Communication round: 13, Smart Eavesdropper Accuracy: 0.4022727272727273 4 1
Communication round: 14, Smart Eavesdropper Accuracy: 0.5545454545454546 4 0
Communication round: 15, Smart Eavesdropper Accuracy: 0.5181818181818182 4 0
Communication round: 16, Aggregated Accuracies: 0.1575 5
Communication round: 16, Smart Eavesdropper Accuracy: 0.5068181818181818 5 1
Communication round: 17, Smart Eavesdropper Accuracy: 0.5636363636363636 5 0
Communication round: 18, Smart Eavesdropper Accuracy: 0.5363636363636364 5 0
Communication round: 19, Aggregated Accuracies: 0.21964285714285714 6
Communication round: 19, Smart Eavesdropper Accuracy: 0.5613636363636364 6 1
Communication round: 20, Aggregated Accuracies: 0.2763095238095237 7
Communication round: 20, Smart Eavesdropper Accuracy: 0.5931818181818181 7 1
Communication round: 21, Aggregated Accuracies: 0.33904761904761904 8
Communication round: 21, Smart Eavesdropper Accuracy: 0.55 8 1
Communication round: 22, Aggregated Accuracies: 0.37571428571428567 9
Communication round: 22, Smart Eavesdropper Accuracy: 0.675 9 1
Communication round: 23, Smart Eavesdropper Accuracy: 0.5818181818181818 9 0
Communication round: 24, Aggregated Accuracies: 0.44642857142857134 10
Communication round: 24, Smart Eavesdropper Accuracy: 0.6272727272727273 10 1
Communication round: 25, Aggregated Accuracies: 0.4759523809523809 11
Communication round: 25, Smart Eavesdropper Accuracy: 0.5931818181818181 11 1
Communication round: 26, Smart Eavesdropper Accuracy: 0.5795454545454546 11 0
Communication round: 27, Smart Eavesdropper Accuracy: 0.6772727272727272 11 0
Communication round: 28, Smart Eavesdropper Accuracy: 0.6545454545454545 11 0
Communication round: 29, Smart Eavesdropper Accuracy: 0.6659090909090909 11 0
Communication round: 30, Smart Eavesdropper Accuracy: 0.6409090909090909 11 0
Communication round: 31, Smart Eavesdropper Accuracy: 0.6931818181818182 11 0
Communication round: 32, Smart Eavesdropper Accuracy: 0.6409090909090909 11 0
Communication round: 33, Smart Eavesdropper Accuracy: 0.6727272727272727 11 0
Communication round: 34, Smart Eavesdropper Accuracy: 0.6704545454545454 12 1
Communication round: 35, Aggregated Accuracies: 0.5241666666666668 13
Communication round: 35, Smart Eavesdropper Accuracy: 0.7090909090909091 13 1
Communication round: 36, Smart Eavesdropper Accuracy: 0.6590909090909091 14 1
Communication round: 37, Smart Eavesdropper Accuracy: 0.6386363636363637 15 1
Communication round: 38, Smart Eavesdropper Accuracy: 0.6795454545454546 16 1
Communication round: 39, Smart Eavesdropper Accuracy: 0.6977272727272728 17 1
Communication round: 40, Smart Eavesdropper Accuracy: 0.6931818181818182 18 1
Communication round: 41, Aggregated Accuracies: 0.5465476190476192 19
Communication round: 41, Smart Eavesdropper Accuracy: 0.7 19 1
Communication round: 42, Smart Eavesdropper Accuracy: 0.6840909090909091 20 1
Communication round: 43, Smart Eavesdropper Accuracy: 0.6704545454545454 21 1
Communication round: 44, Aggregated Accuracies: 0.5814285714285714 22
Communication round: 44, Smart Eavesdropper Accuracy: 0.6727272727272727 22 1
Communication round: 45, Smart Eavesdropper Accuracy: 0.7272727272727273 23 1
Communication round: 46, Eavesdropper Accuracy: 0.6204545454545455 24 1
Communication round: 47, Eavesdropper Accuracy: 0.6113636363636363 25 1
Communication round: 48, Eavesdropper Accuracy: 0.6090909090909091 26 1
Communication round: 49, Eavesdropper Accuracy: 0.6363636363636364 27 1
Communication round: 50, Eavesdropper Accuracy: 0.6227272727272727 28 1
Communication round: 51, Eavesdropper Accuracy: 0.6068181818181818 29 1
Communication round: 52, Eavesdropper Accuracy: 0.6090909090909091 30 1
Communication round: 53, Eavesdropper Accuracy: 0.6386363636363637 31 1
Communication round: 54, Eavesdropper Accuracy: 0.6636363636363637 32 1
Communication round: 55, Eavesdropper Accuracy: 0.5909090909090909 33 1
Communication round: 56, Aggregated Accuracies: 0.5875 34
Communication round: 56, Eavesdropper Accuracy: 0.6272727272727273 34 1
Communication round: 57, Aggregated Accuracies: 0.6221428571428571 35
Communication round: 57, Eavesdropper Accuracy: 0.6795454545454546 35 1
Communication round: 58, Aggregated Accuracies: 0.6440476190476191 36
Communication round: 58, Eavesdropper Accuracy: 0.7090909090909091 36 1
Communication round: 59, Eavesdropper Accuracy: 0.7045454545454546 36 0
Communication round: 60, Eavesdropper Accuracy: 0.6863636363636364 36 0
Communication round: 61, Aggregated Accuracies: 0.6896428571428569 37
Communication round: 61, Eavesdropper Accuracy: 0.6931818181818182 37 1
Communication round: 62, Eavesdropper Accuracy: 0.7113636363636363 37 0
Communication round: 63, Eavesdropper Accuracy: 0.6977272727272728 37 0
Communication round: 64, Aggregated Accuracies: 0.7048809523809522 38
Communication round: 64, Eavesdropper Accuracy: 0.7272727272727273 38 1
Communication round: 65, Aggregated Accuracies: 0.7258333333333333 39
Communication round: 65, Eavesdropper Accuracy: 0.775 39 1
Communication round: 66, Aggregated Accuracies: 0.7414285714285714 40
Communication round: 66, Eavesdropper Accuracy: 0.7931818181818182 40 1
Communication round: 67, Eavesdropper Accuracy: 0.8045454545454546 41 1
Communication round: 68, Eavesdropper Accuracy: 0.7704545454545455 42 1
Communication round: 69, Aggregated Accuracies: 0.7633333333333334 43
Communication round: 69, Eavesdropper Accuracy: 0.7954545454545454 43 1
Communication round: 70, Aggregated Accuracies: 0.7728571428571428 44
Communication round: 70, Eavesdropper Accuracy: 0.7636363636363637 44 1
Communication round: 71, Aggregated Accuracies: 0.7885714285714285 45
Communication round: 71, Eavesdropper Accuracy: 0.8204545454545454 45 1
Communication round: 72, Aggregated Accuracies: 0.8003571428571428 46
Communication round: 72, Eavesdropper Accuracy: 0.8 46 1
Communication round: 73, Eavesdropper Accuracy: 0.8159090909090909 46 0
Communication round: 74, Eavesdropper Accuracy: 0.8409090909090909 46 0
Communication round: 75, Eavesdropper Accuracy: 0.8068181818181818 46 0
Communication round: 76, Eavesdropper Accuracy: 0.8409090909090909 46 0
Communication round: 77, Eavesdropper Accuracy: 0.7954545454545454 46 0
Communication round: 78, Eavesdropper Accuracy: 0.825 46 0
Communication round: 79, Eavesdropper Accuracy: 0.8318181818181818 46 0
Communication round: 80, Eavesdropper Accuracy: 0.8068181818181818 46 0
Communication round: 81, Eavesdropper Accuracy: 0.8295454545454546 46 0
Communication round: 82, Eavesdropper Accuracy: 0.7772727272727272 46 0
Communication round: 83, Eavesdropper Accuracy: 0.8295454545454546 46 0
Communication round: 84, Eavesdropper Accuracy: 0.8022727272727272 46 0
Communication round: 85, Eavesdropper Accuracy: 0.8318181818181818 46 0
Communication round: 86, Eavesdropper Accuracy: 0.7818181818181819 46 0
Communication round: 87, Eavesdropper Accuracy: 0.8272727272727273 46 0
Communication round: 88, Eavesdropper Accuracy: 0.8181818181818182 46 0
Communication round: 89, Eavesdropper Accuracy: 0.8204545454545454 46 0
Communication round: 90, Eavesdropper Accuracy: 0.8022727272727272 46 0
Communication round: 91, Smart Eavesdropper Accuracy: 0.3340909090909091 46 0
Communication round: 92, Smart Eavesdropper Accuracy: 0.6045454545454545 46 0
Communication round: 93, Smart Eavesdropper Accuracy: 0.5045454545454545 46 0
Communication round: 94, Smart Eavesdropper Accuracy: 0.675 46 0
Communication round: 95, Aggregated Accuracies: 0.8104761904761904 47
Communication round: 95, Smart Eavesdropper Accuracy: 0.6772727272727272 47 1
Communication round: 96, Aggregated Accuracies: 0.8128571428571426 48
Communication round: 96, Smart Eavesdropper Accuracy: 0.7159090909090909 48 1
Communication round: 97, Aggregated Accuracies: 0.8273809523809524 49
Communication round: 97, Smart Eavesdropper Accuracy: 0.6681818181818182 49 1
Communication round: 98, Aggregated Accuracies: 0.8346428571428572 50
Communication round: 98, Eavesdropper Accuracy: 0.8477272727272728 50 1
Communication round: 99, Aggregated Accuracies: 0.8436904761904762 51
Communication round: 99, Eavesdropper Accuracy: 0.8318181818181818 51 1
Communication round: 100, Aggregated Accuracies: 0.8491666666666666 52
Communication round: 100, Eavesdropper Accuracy: 0.8636363636363636 52 1
Communication round: 101, Aggregated Accuracies: 0.8509523809523807 53
Communication round: 101, Eavesdropper Accuracy: 0.8772727272727273 53 1
Communication round: 102, Aggregated Accuracies: 0.8616666666666666 54
Communication round: 102, Eavesdropper Accuracy: 0.884090909090909 54 1
Communication round: 103, Eavesdropper Accuracy: 0.8863636363636364 54 0
Communication round: 104, Eavesdropper Accuracy: 0.8613636363636363 54 0
Communication round: 105, Eavesdropper Accuracy: 0.8477272727272728 54 0
Communication round: 106, Eavesdropper Accuracy: 0.8681818181818182 54 0
Communication round: 107, Smart Eavesdropper Accuracy: 0.5568181818181818 54 0
Communication round: 108, Smart Eavesdropper Accuracy: 0.7659090909090909 54 0
Communication round: 109, Smart Eavesdropper Accuracy: 0.6477272727272727 54 0
Communication round: 110, Smart Eavesdropper Accuracy: 0.7681818181818182 54 0
Communication round: 111, Smart Eavesdropper Accuracy: 0.7954545454545454 54 0
Communication round: 112, Smart Eavesdropper Accuracy: 0.7454545454545455 54 0
Communication round: 113, Smart Eavesdropper Accuracy: 0.7204545454545455 54 0
Communication round: 114, Smart Eavesdropper Accuracy: 0.7931818181818182 54 0
Communication round: 115, Smart Eavesdropper Accuracy: 0.775 54 0
Communication round: 116, Smart Eavesdropper Accuracy: 0.7068181818181818 54 0
Communication round: 117, Smart Eavesdropper Accuracy: 0.7522727272727273 54 0
Communication round: 118, Smart Eavesdropper Accuracy: 0.7477272727272727 54 0
Communication round: 119, Smart Eavesdropper Accuracy: 0.7340909090909091 54 0
----------------------------------------------------------------------------------------------------
