----------------------------------------------------------------------------------------------------
20_30_120_0.4_2_0.9_True_
----------------------------------------------------------------------------------------------------
Communication round: 0, Eavesdropper Accuracy: 0.09318181818181819 1 1
Communication round: 1, Aggregated Accuracies: 0.12142857142857144 2
Communication round: 1, Eavesdropper Accuracy: 0.17727272727272728 2 1
Communication round: 2, Eavesdropper Accuracy: 0.18636363636363637 3 1
Communication round: 3, Eavesdropper Accuracy: 0.1590909090909091 4 1
Communication round: 4, Aggregated Accuracies: 0.14642857142857144 5
Communication round: 4, Eavesdropper Accuracy: 0.16136363636363638 5 1
Communication round: 5, Aggregated Accuracies: 0.1952380952380952 6
Communication round: 5, Eavesdropper Accuracy: 0.24772727272727274 6 1
Communication round: 6, Eavesdropper Accuracy: 0.2159090909090909 7 1
Communication round: 7, Eavesdropper Accuracy: 0.22272727272727272 8 1
Communication round: 8, Eavesdropper Accuracy: 0.19772727272727272 9 1
Communication round: 9, Aggregated Accuracies: 0.22916666666666669 10
Communication round: 9, Eavesdropper Accuracy: 0.2590909090909091 10 1
Communication round: 10, Eavesdropper Accuracy: 0.2409090909090909 11 1
Communication round: 11, Aggregated Accuracies: 0.27440476190476193 12
Communication round: 11, Eavesdropper Accuracy: 0.30454545454545456 12 1
Communication round: 12, Aggregated Accuracies: 0.31488095238095243 13
Communication round: 12, Eavesdropper Accuracy: 0.3886363636363636 13 1
Communication round: 13, Aggregated Accuracies: 0.3571428571428571 14
Communication round: 13, Eavesdropper Accuracy: 0.4113636363636364 14 1
Communication round: 14, Eavesdropper Accuracy: 0.42954545454545456 15 1
Communication round: 15, Eavesdropper Accuracy: 0.42272727272727273 16 1
Communication round: 16, Eavesdropper Accuracy: 0.3977272727272727 17 1
Communication round: 17, Eavesdropper Accuracy: 0.425 18 1
Communication round: 18, Aggregated Accuracies: 0.4261904761904762 19
Communication round: 18, Eavesdropper Accuracy: 0.4159090909090909 19 1
Communication round: 19, Eavesdropper Accuracy: 0.4431818181818182 20 1
Communication round: 20, Eavesdropper Accuracy: 0.3931818181818182 21 1
Communication round: 21, Aggregated Accuracies: 0.45059523809523816 22
Communication round: 21, Eavesdropper Accuracy: 0.4954545454545455 22 1
Communication round: 22, Eavesdropper Accuracy: 0.44772727272727275 23 1
Communication round: 23, Aggregated Accuracies: 0.4654761904761905 24
Communication round: 23, Eavesdropper Accuracy: 0.5363636363636364 24 1
Communication round: 24, Eavesdropper Accuracy: 0.5 25 1
Communication round: 25, Eavesdropper Accuracy: 0.5204545454545455 26 1
Communication round: 26, Aggregated Accuracies: 0.49642857142857144 27
Communication round: 26, Eavesdropper Accuracy: 0.5613636363636364 27 1
Communication round: 27, Aggregated Accuracies: 0.536904761904762 28
Communication round: 27, Eavesdropper Accuracy: 0.5818181818181818 28 1
Communication round: 28, Aggregated Accuracies: 0.5625 29
Communication round: 28, Eavesdropper Accuracy: 0.6090909090909091 29 1
Communication round: 29, Eavesdropper Accuracy: 0.5727272727272728 30 1
Communication round: 30, Eavesdropper Accuracy: 0.6068181818181818 31 1
Communication round: 31, Eavesdropper Accuracy: 0.6 32 1
Communication round: 32, Aggregated Accuracies: 0.5845238095238094 33
Communication round: 32, Eavesdropper Accuracy: 0.6386363636363637 33 1
Communication round: 33, Aggregated Accuracies: 0.6172619047619048 34
Communication round: 33, Eavesdropper Accuracy: 0.6295454545454545 34 1
Communication round: 34, Eavesdropper Accuracy: 0.6136363636363636 35 1
Communication round: 35, Eavesdropper Accuracy: 0.6613636363636364 36 1
Communication round: 36, Eavesdropper Accuracy: 0.6522727272727272 37 1
Communication round: 37, Eavesdropper Accuracy: 0.6568181818181819 38 1
Communication round: 38, Aggregated Accuracies: 0.6309523809523809 39
Communication round: 38, Eavesdropper Accuracy: 0.6409090909090909 39 1
Communication round: 39, Eavesdropper Accuracy: 0.6931818181818182 40 1
Communication round: 40, Eavesdropper Accuracy: 0.6704545454545454 41 1
Communication round: 41, Aggregated Accuracies: 0.6309523809523809 42
Communication round: 41, Eavesdropper Accuracy: 0.7181818181818181 42 1
Communication round: 42, Eavesdropper Accuracy: 0.6886363636363636 43 1
Communication round: 43, Eavesdropper Accuracy: 0.7159090909090909 44 1
Communication round: 44, Eavesdropper Accuracy: 0.7045454545454546 45 1
Communication round: 45, Eavesdropper Accuracy: 0.6931818181818182 46 1
Communication round: 46, Eavesdropper Accuracy: 0.6659090909090909 47 1
Communication round: 47, Aggregated Accuracies: 0.6565476190476192 48
Communication round: 47, Eavesdropper Accuracy: 0.6704545454545454 48 1
Communication round: 48, Aggregated Accuracies: 0.6678571428571429 49
Communication round: 48, Eavesdropper Accuracy: 0.7295454545454545 49 1
Communication round: 49, Aggregated Accuracies: 0.6910714285714286 50
Communication round: 49, Eavesdropper Accuracy: 0.7454545454545455 50 1
Communication round: 50, Aggregated Accuracies: 0.7089285714285715 51
Communication round: 50, Eavesdropper Accuracy: 0.75 51 1
Communication round: 51, Aggregated Accuracies: 0.7226190476190476 52
Communication round: 51, Eavesdropper Accuracy: 0.7659090909090909 52 1
Communication round: 52, Aggregated Accuracies: 0.7357142857142857 53
Communication round: 52, Eavesdropper Accuracy: 0.775 53 1
Communication round: 53, Aggregated Accuracies: 0.756547619047619 54
Communication round: 53, Eavesdropper Accuracy: 0.7977272727272727 54 1
Communication round: 54, Aggregated Accuracies: 0.7708333333333334 55
Communication round: 54, Eavesdropper Accuracy: 0.8022727272727272 55 1
Communication round: 55, Aggregated Accuracies: 0.7875 56
Communication round: 55, Eavesdropper Accuracy: 0.8181818181818182 56 1
Communication round: 56, Aggregated Accuracies: 0.799404761904762 57
Communication round: 56, Eavesdropper Accuracy: 0.8181818181818182 57 1
Communication round: 57, Aggregated Accuracies: 0.8041666666666668 58
Communication round: 57, Eavesdropper Accuracy: 0.8613636363636363 58 1
Communication round: 58, Aggregated Accuracies: 0.8148809523809524 59
Communication round: 58, Eavesdropper Accuracy: 0.8409090909090909 59 1
Communication round: 59, Aggregated Accuracies: 0.8154761904761907 60
Communication round: 59, Eavesdropper Accuracy: 0.8340909090909091 60 1
Communication round: 60, Eavesdropper Accuracy: 0.8340909090909091 60 0
Communication round: 61, Eavesdropper Accuracy: 0.8545454545454545 60 0
Communication round: 62, Eavesdropper Accuracy: 0.8795454545454545 60 0
Communication round: 63, Eavesdropper Accuracy: 0.8795454545454545 60 0
Communication round: 64, Eavesdropper Accuracy: 0.8318181818181818 60 0
Communication round: 65, Eavesdropper Accuracy: 0.865909090909091 60 0
Communication round: 66, Eavesdropper Accuracy: 0.8613636363636363 60 0
Communication round: 67, Eavesdropper Accuracy: 0.8681818181818182 60 0
Communication round: 68, Eavesdropper Accuracy: 0.8409090909090909 60 0
Communication round: 69, Eavesdropper Accuracy: 0.8727272727272727 60 0
Communication round: 70, Eavesdropper Accuracy: 0.8590909090909091 60 0
Communication round: 71, Eavesdropper Accuracy: 0.8386363636363636 60 0
Communication round: 72, Eavesdropper Accuracy: 0.8363636363636363 60 0
Communication round: 73, Eavesdropper Accuracy: 0.8454545454545455 60 0
Communication round: 74, Eavesdropper Accuracy: 0.8409090909090909 60 0
Communication round: 75, Eavesdropper Accuracy: 0.865909090909091 60 0
Communication round: 76, Eavesdropper Accuracy: 0.8318181818181818 60 0
Communication round: 77, Eavesdropper Accuracy: 0.8863636363636364 60 0
Communication round: 78, Eavesdropper Accuracy: 0.8340909090909091 60 0
Communication round: 79, Eavesdropper Accuracy: 0.85 60 0
Communication round: 80, Eavesdropper Accuracy: 0.8772727272727273 60 0
Communication round: 81, Eavesdropper Accuracy: 0.865909090909091 60 0
Communication round: 82, Eavesdropper Accuracy: 0.865909090909091 60 0
Communication round: 83, Eavesdropper Accuracy: 0.8795454545454545 60 0
Communication round: 84, Eavesdropper Accuracy: 0.8272727272727273 60 0
Communication round: 85, Eavesdropper Accuracy: 0.85 60 0
Communication round: 86, Eavesdropper Accuracy: 0.875 60 0
Communication round: 87, Eavesdropper Accuracy: 0.8636363636363636 60 0
Communication round: 88, Eavesdropper Accuracy: 0.8681818181818182 60 0
Communication round: 89, Eavesdropper Accuracy: 0.8454545454545455 60 0
Communication round: 90, Eavesdropper Accuracy: 0.8409090909090909 60 0
Communication round: 91, Eavesdropper Accuracy: 0.8590909090909091 60 0
Communication round: 92, Eavesdropper Accuracy: 0.85 60 0
Communication round: 93, Eavesdropper Accuracy: 0.8522727272727273 60 0
Communication round: 94, Eavesdropper Accuracy: 0.8590909090909091 60 0
Communication round: 95, Eavesdropper Accuracy: 0.8522727272727273 60 0
Communication round: 96, Eavesdropper Accuracy: 0.8477272727272728 60 0
Communication round: 97, Eavesdropper Accuracy: 0.8431818181818181 60 0
Communication round: 98, Eavesdropper Accuracy: 0.9 60 0
Communication round: 99, Eavesdropper Accuracy: 0.8568181818181818 60 0
Communication round: 100, Eavesdropper Accuracy: 0.8386363636363636 60 0
Communication round: 101, Eavesdropper Accuracy: 0.8636363636363636 60 0
Communication round: 102, Eavesdropper Accuracy: 0.8818181818181818 60 0
Communication round: 103, Eavesdropper Accuracy: 0.8318181818181818 60 0
Communication round: 104, Eavesdropper Accuracy: 0.8454545454545455 60 0
Communication round: 105, Eavesdropper Accuracy: 0.8477272727272728 60 0
Communication round: 106, Eavesdropper Accuracy: 0.8272727272727273 60 0
Communication round: 107, Eavesdropper Accuracy: 0.8522727272727273 60 0
Communication round: 108, Eavesdropper Accuracy: 0.8295454545454546 60 0
Communication round: 109, Eavesdropper Accuracy: 0.8568181818181818 60 0
Communication round: 110, Eavesdropper Accuracy: 0.8545454545454545 60 0
Communication round: 111, Eavesdropper Accuracy: 0.8681818181818182 60 0
Communication round: 112, Eavesdropper Accuracy: 0.8431818181818181 60 0
Communication round: 113, Eavesdropper Accuracy: 0.8522727272727273 60 0
Communication round: 114, Eavesdropper Accuracy: 0.8704545454545455 60 0
Communication round: 115, Eavesdropper Accuracy: 0.884090909090909 60 0
Communication round: 116, Eavesdropper Accuracy: 0.8409090909090909 60 0
Communication round: 117, Eavesdropper Accuracy: 0.8545454545454545 60 0
Communication round: 118, Eavesdropper Accuracy: 0.8590909090909091 60 0
Communication round: 119, Smart Eavesdropper Accuracy: 0.21136363636363636 60 0
----------------------------------------------------------------------------------------------------
