----------------------------------------------------------------------------------------------------
50_30_120_0.4_8_0.8_False_
----------------------------------------------------------------------------------------------------
Communication round: 0, Eavesdropper Accuracy: 0.10681818181818181 1 1
Communication round: 1, Smart Eavesdropper Accuracy: 0.12272727272727273 1 0
Communication round: 2, Aggregated Accuracies: 0.1272619047619048 2
Communication round: 2, Eavesdropper Accuracy: 0.12045454545454545 2 1
Communication round: 3, Eavesdropper Accuracy: 0.10454545454545454 3 1
Communication round: 4, Eavesdropper Accuracy: 0.11136363636363636 3 0
Communication round: 5, Eavesdropper Accuracy: 0.09545454545454546 4 1
Communication round: 6, Eavesdropper Accuracy: 0.12727272727272726 5 1
Communication round: 7, Eavesdropper Accuracy: 0.1318181818181818 5 0
Communication round: 8, Eavesdropper Accuracy: 0.12954545454545455 6 1
Communication round: 9, Eavesdropper Accuracy: 0.11818181818181818 7 1
Communication round: 10, Eavesdropper Accuracy: 0.10909090909090909 7 0
Communication round: 11, Eavesdropper Accuracy: 0.11136363636363636 7 0
Communication round: 12, Eavesdropper Accuracy: 0.1159090909090909 7 0
Communication round: 13, Aggregated Accuracies: 0.17416666666666672 8
Communication round: 13, Eavesdropper Accuracy: 0.14772727272727273 8 1
Communication round: 14, Aggregated Accuracies: 0.2345238095238096 9
Communication round: 14, Eavesdropper Accuracy: 0.24772727272727274 9 1
Communication round: 15, Eavesdropper Accuracy: 0.2840909090909091 10 1
Communication round: 16, Eavesdropper Accuracy: 0.2 11 1
Communication round: 17, Eavesdropper Accuracy: 0.2545454545454545 12 1
Communication round: 18, Eavesdropper Accuracy: 0.20909090909090908 12 0
Communication round: 19, Aggregated Accuracies: 0.2858333333333334 13
Communication round: 19, Eavesdropper Accuracy: 0.3 13 1
Communication round: 20, Aggregated Accuracies: 0.3299999999999999 14
Communication round: 20, Eavesdropper Accuracy: 0.3568181818181818 14 1
Communication round: 21, Aggregated Accuracies: 0.38654761904761903 15
Communication round: 21, Eavesdropper Accuracy: 0.38636363636363635 15 1
Communication round: 22, Aggregated Accuracies: 0.4257142857142857 16
Communication round: 22, Eavesdropper Accuracy: 0.4318181818181818 16 1
Communication round: 23, Eavesdropper Accuracy: 0.48409090909090907 17 1
Communication round: 24, Aggregated Accuracies: 0.4830952380952379 18
Communication round: 24, Eavesdropper Accuracy: 0.5136363636363637 18 1
Communication round: 25, Eavesdropper Accuracy: 0.4954545454545455 18 0
Communication round: 26, Aggregated Accuracies: 0.5305952380952381 19
Communication round: 26, Eavesdropper Accuracy: 0.5886363636363636 19 1
Communication round: 27, Aggregated Accuracies: 0.5527380952380956 20
Communication round: 27, Eavesdropper Accuracy: 0.5977272727272728 20 1
Communication round: 28, Aggregated Accuracies: 0.5909523809523809 21
Communication round: 28, Eavesdropper Accuracy: 0.6204545454545455 21 1
Communication round: 29, Aggregated Accuracies: 0.6222619047619046 22
Communication round: 29, Eavesdropper Accuracy: 0.6545454545454545 22 1
Communication round: 30, Eavesdropper Accuracy: 0.6636363636363637 23 1
Communication round: 31, Eavesdropper Accuracy: 0.6795454545454546 24 1
Communication round: 32, Eavesdropper Accuracy: 0.6477272727272727 25 1
Communication round: 33, Aggregated Accuracies: 0.6504761904761903 26
Communication round: 33, Eavesdropper Accuracy: 0.7068181818181818 26 1
Communication round: 34, Aggregated Accuracies: 0.6694047619047617 27
Communication round: 34, Eavesdropper Accuracy: 0.7022727272727273 27 1
Communication round: 35, Aggregated Accuracies: 0.6997619047619047 28
Communication round: 35, Eavesdropper Accuracy: 0.7659090909090909 28 1
Communication round: 36, Eavesdropper Accuracy: 0.7613636363636364 29 1
Communication round: 37, Eavesdropper Accuracy: 0.7340909090909091 30 1
Communication round: 38, Aggregated Accuracies: 0.7188095238095239 31
Communication round: 38, Eavesdropper Accuracy: 0.7613636363636364 31 1
Communication round: 39, Eavesdropper Accuracy: 0.7363636363636363 32 1
Communication round: 40, Eavesdropper Accuracy: 0.7818181818181819 32 0
Communication round: 41, Aggregated Accuracies: 0.7392857142857143 33
Communication round: 41, Eavesdropper Accuracy: 0.8068181818181818 33 1
Communication round: 42, Eavesdropper Accuracy: 0.7840909090909091 33 0
Communication round: 43, Eavesdropper Accuracy: 0.7727272727272727 33 0
Communication round: 44, Eavesdropper Accuracy: 0.7704545454545455 33 0
Communication round: 45, Eavesdropper Accuracy: 0.7772727272727272 33 0
Communication round: 46, Eavesdropper Accuracy: 0.7772727272727272 33 0
Communication round: 47, Eavesdropper Accuracy: 0.7704545454545455 33 0
Communication round: 48, Eavesdropper Accuracy: 0.7977272727272727 33 0
Communication round: 49, Eavesdropper Accuracy: 0.775 33 0
Communication round: 50, Eavesdropper Accuracy: 0.7795454545454545 33 0
Communication round: 51, Eavesdropper Accuracy: 0.8022727272727272 33 0
Communication round: 52, Eavesdropper Accuracy: 0.759090909090909 33 0
Communication round: 53, Eavesdropper Accuracy: 0.7886363636363637 33 0
Communication round: 54, Eavesdropper Accuracy: 0.7545454545454545 33 0
Communication round: 55, Eavesdropper Accuracy: 0.775 33 0
Communication round: 56, Eavesdropper Accuracy: 0.7704545454545455 33 0
Communication round: 57, Eavesdropper Accuracy: 0.7522727272727273 33 0
Communication round: 58, Aggregated Accuracies: 0.7605952380952385 34
Communication round: 58, Eavesdropper Accuracy: 0.7886363636363637 34 1
Communication round: 59, Aggregated Accuracies: 0.7711904761904762 35
Communication round: 59, Eavesdropper Accuracy: 0.8090909090909091 35 1
Communication round: 60, Aggregated Accuracies: 0.7848809523809525 36
Communication round: 60, Eavesdropper Accuracy: 0.8204545454545454 36 1
Communication round: 61, Aggregated Accuracies: 0.8007142857142857 37
Communication round: 61, Eavesdropper Accuracy: 0.8090909090909091 37 1
Communication round: 62, Aggregated Accuracies: 0.8055952380952379 38
Communication round: 62, Eavesdropper Accuracy: 0.8568181818181818 38 1
Communication round: 63, Aggregated Accuracies: 0.8179761904761907 39
Communication round: 63, Eavesdropper Accuracy: 0.8318181818181818 39 1
Communication round: 64, Aggregated Accuracies: 0.8204761904761908 40
Communication round: 64, Eavesdropper Accuracy: 0.8522727272727273 40 1
Communication round: 65, Aggregated Accuracies: 0.8298809523809523 41
Communication round: 65, Eavesdropper Accuracy: 0.8477272727272728 41 1
Communication round: 66, Aggregated Accuracies: 0.8380952380952381 42
Communication round: 66, Eavesdropper Accuracy: 0.8272727272727273 42 1
Communication round: 67, Eavesdropper Accuracy: 0.8681818181818182 43 1
Communication round: 68, Eavesdropper Accuracy: 0.8590909090909091 44 1
Communication round: 69, Eavesdropper Accuracy: 0.865909090909091 44 0
Communication round: 70, Aggregated Accuracies: 0.8439285714285713 45
Communication round: 70, Eavesdropper Accuracy: 0.8727272727272727 45 1
Communication round: 71, Aggregated Accuracies: 0.8528571428571428 46
Communication round: 71, Eavesdropper Accuracy: 0.8909090909090909 46 1
Communication round: 72, Aggregated Accuracies: 0.856190476190476 47
Communication round: 72, Eavesdropper Accuracy: 0.8704545454545455 47 1
Communication round: 73, Eavesdropper Accuracy: 0.9090909090909091 47 0
Communication round: 74, Eavesdropper Accuracy: 0.8931818181818182 47 0
Communication round: 75, Eavesdropper Accuracy: 0.8863636363636364 47 0
Communication round: 76, Eavesdropper Accuracy: 0.8568181818181818 47 0
Communication round: 77, Eavesdropper Accuracy: 0.8818181818181818 47 0
Communication round: 78, Eavesdropper Accuracy: 0.8909090909090909 47 0
Communication round: 79, Eavesdropper Accuracy: 0.8636363636363636 47 0
Communication round: 80, Eavesdropper Accuracy: 0.8727272727272727 47 0
Communication round: 81, Eavesdropper Accuracy: 0.8772727272727273 47 0
Communication round: 82, Eavesdropper Accuracy: 0.8863636363636364 47 0
Communication round: 83, Eavesdropper Accuracy: 0.8886363636363637 47 0
Communication round: 84, Eavesdropper Accuracy: 0.884090909090909 47 0
Communication round: 85, Eavesdropper Accuracy: 0.8522727272727273 47 0
Communication round: 86, Eavesdropper Accuracy: 0.8886363636363637 47 0
Communication round: 87, Eavesdropper Accuracy: 0.875 47 0
Communication round: 88, Eavesdropper Accuracy: 0.8772727272727273 47 0
Communication round: 89, Eavesdropper Accuracy: 0.8863636363636364 47 0
Communication round: 90, Eavesdropper Accuracy: 0.865909090909091 47 0
Communication round: 91, Eavesdropper Accuracy: 0.8772727272727273 47 0
Communication round: 92, Eavesdropper Accuracy: 0.8795454545454545 47 0
Communication round: 93, Smart Eavesdropper Accuracy: 0.8613636363636363 47 0
Communication round: 94, Smart Eavesdropper Accuracy: 0.8590909090909091 47 0
Communication round: 95, Aggregated Accuracies: 0.8615476190476186 48
Communication round: 95, Smart Eavesdropper Accuracy: 0.8636363636363636 48 1
Communication round: 96, Smart Eavesdropper Accuracy: 0.9090909090909091 48 0
Communication round: 97, Smart Eavesdropper Accuracy: 0.8977272727272727 48 0
Communication round: 98, Smart Eavesdropper Accuracy: 0.884090909090909 48 0
Communication round: 99, Smart Eavesdropper Accuracy: 0.9068181818181819 48 0
Communication round: 100, Smart Eavesdropper Accuracy: 0.9022727272727272 48 0
Communication round: 101, Smart Eavesdropper Accuracy: 0.8909090909090909 48 0
Communication round: 102, Smart Eavesdropper Accuracy: 0.9181818181818182 48 0
Communication round: 103, Smart Eavesdropper Accuracy: 0.8977272727272727 48 0
Communication round: 104, Smart Eavesdropper Accuracy: 0.9090909090909091 48 0
Communication round: 105, Smart Eavesdropper Accuracy: 0.9 48 0
Communication round: 106, Smart Eavesdropper Accuracy: 0.9090909090909091 48 0
Communication round: 107, Smart Eavesdropper Accuracy: 0.9 48 0
Communication round: 108, Smart Eavesdropper Accuracy: 0.9159090909090909 48 0
Communication round: 109, Smart Eavesdropper Accuracy: 0.9159090909090909 48 0
Communication round: 110, Smart Eavesdropper Accuracy: 0.8977272727272727 48 0
Communication round: 111, Smart Eavesdropper Accuracy: 0.9227272727272727 48 0
Communication round: 112, Smart Eavesdropper Accuracy: 0.925 48 0
Communication round: 113, Smart Eavesdropper Accuracy: 0.9227272727272727 48 0
Communication round: 114, Smart Eavesdropper Accuracy: 0.9295454545454546 48 0
Communication round: 115, Smart Eavesdropper Accuracy: 0.9363636363636364 48 0
Communication round: 116, Smart Eavesdropper Accuracy: 0.9181818181818182 48 0
Communication round: 117, Smart Eavesdropper Accuracy: 0.9272727272727272 48 0
Communication round: 118, Smart Eavesdropper Accuracy: 0.9272727272727272 48 0
Communication round: 119, Smart Eavesdropper Accuracy: 0.9136363636363637 48 0
----------------------------------------------------------------------------------------------------
