----------------------------------------------------------------------------------------------------
50_30_100_1_2_0.99_False_
----------------------------------------------------------------------------------------------------
Communication round: 0, Smart Eavesdropper Accuracy: 0.20454545454545456 0 0
Communication round: 1, Smart Eavesdropper Accuracy: 0.20227272727272727 1 1
Communication round: 2, Smart Eavesdropper Accuracy: 0.17272727272727273 1 0
Communication round: 3, Smart Eavesdropper Accuracy: 0.18636363636363637 1 0
Communication round: 4, Smart Eavesdropper Accuracy: 0.20454545454545456 1 0
Communication round: 5, Aggregated Accuracies: 0.13130952380952382 2
Communication round: 5, Smart Eavesdropper Accuracy: 0.20681818181818182 2 1
Communication round: 6, Smart Eavesdropper Accuracy: 0.23636363636363636 2 0
Communication round: 7, Aggregated Accuracies: 0.176547619047619 3
Communication round: 7, Smart Eavesdropper Accuracy: 0.21818181818181817 3 1
Communication round: 8, Smart Eavesdropper Accuracy: 0.2636363636363636 3 0
Communication round: 9, Aggregated Accuracies: 0.23416666666666672 4
Communication round: 9, Smart Eavesdropper Accuracy: 0.23863636363636365 4 1
Communication round: 10, Aggregated Accuracies: 0.2763095238095239 5
Communication round: 10, Smart Eavesdropper Accuracy: 0.2727272727272727 5 1
Communication round: 11, Aggregated Accuracies: 0.325 6
Communication round: 11, Smart Eavesdropper Accuracy: 0.2545454545454545 6 1
Communication round: 12, Aggregated Accuracies: 0.3895238095238095 7
Communication round: 12, Eavesdropper Accuracy: 0.42954545454545456 7 1
Communication round: 13, Aggregated Accuracies: 0.4252380952380953 8
Communication round: 13, Eavesdropper Accuracy: 0.475 8 1
Communication round: 14, Aggregated Accuracies: 0.4761904761904761 9
Communication round: 14, Eavesdropper Accuracy: 0.5113636363636364 9 1
Communication round: 15, Aggregated Accuracies: 0.5270238095238095 10
Communication round: 15, Eavesdropper Accuracy: 0.5181818181818182 10 1
Communication round: 16, Eavesdropper Accuracy: 0.5522727272727272 11 1
Communication round: 17, Eavesdropper Accuracy: 0.5227272727272727 12 1
Communication round: 18, Eavesdropper Accuracy: 0.5522727272727272 13 1
Communication round: 19, Aggregated Accuracies: 0.5517857142857143 14
Communication round: 19, Eavesdropper Accuracy: 0.5954545454545455 14 1
Communication round: 20, Eavesdropper Accuracy: 0.5886363636363636 14 0
Communication round: 21, Eavesdropper Accuracy: 0.5704545454545454 14 0
Communication round: 22, Eavesdropper Accuracy: 0.5886363636363636 14 0
Communication round: 23, Aggregated Accuracies: 0.5989285714285715 15
Communication round: 23, Eavesdropper Accuracy: 0.6431818181818182 15 1
Communication round: 24, Eavesdropper Accuracy: 0.6477272727272727 16 1
Communication round: 25, Aggregated Accuracies: 0.6123809523809524 17
Communication round: 25, Eavesdropper Accuracy: 0.625 17 1
Communication round: 26, Aggregated Accuracies: 0.6427380952380954 18
Communication round: 26, Eavesdropper Accuracy: 0.6840909090909091 18 1
Communication round: 27, Aggregated Accuracies: 0.6766666666666665 19
Communication round: 27, Eavesdropper Accuracy: 0.7159090909090909 19 1
Communication round: 28, Eavesdropper Accuracy: 0.7386363636363636 19 0
Communication round: 29, Aggregated Accuracies: 0.6935714285714285 20
Communication round: 29, Eavesdropper Accuracy: 0.7477272727272727 20 1
Communication round: 30, Aggregated Accuracies: 0.7163095238095238 21
Communication round: 30, Eavesdropper Accuracy: 0.7931818181818182 21 1
Communication round: 31, Eavesdropper Accuracy: 0.7863636363636364 22 1
Communication round: 32, Eavesdropper Accuracy: 0.7613636363636364 23 1
Communication round: 33, Eavesdropper Accuracy: 0.75 24 1
Communication round: 34, Aggregated Accuracies: 0.7417857142857145 25
Communication round: 34, Eavesdropper Accuracy: 0.7840909090909091 25 1
Communication round: 35, Aggregated Accuracies: 0.759166666666667 26
Communication round: 35, Eavesdropper Accuracy: 0.8022727272727272 26 1
Communication round: 36, Aggregated Accuracies: 0.7757142857142856 27
Communication round: 36, Eavesdropper Accuracy: 0.7886363636363637 27 1
Communication round: 37, Eavesdropper Accuracy: 0.8272727272727273 28 1
Communication round: 38, Eavesdropper Accuracy: 0.8136363636363636 28 0
Communication round: 39, Aggregated Accuracies: 0.7807142857142857 29
Communication round: 39, Eavesdropper Accuracy: 0.8181818181818182 29 1
Communication round: 40, Eavesdropper Accuracy: 0.7909090909090909 30 1
Communication round: 41, Eavesdropper Accuracy: 0.7977272727272727 31 1
Communication round: 42, Eavesdropper Accuracy: 0.8022727272727272 31 0
Communication round: 43, Eavesdropper Accuracy: 0.8204545454545454 31 0
Communication round: 44, Eavesdropper Accuracy: 0.8136363636363636 31 0
Communication round: 45, Eavesdropper Accuracy: 0.825 31 0
Communication round: 46, Eavesdropper Accuracy: 0.8136363636363636 31 0
Communication round: 47, Eavesdropper Accuracy: 0.8045454545454546 31 0
Communication round: 48, Eavesdropper Accuracy: 0.8227272727272728 31 0
Communication round: 49, Eavesdropper Accuracy: 0.7977272727272727 31 0
Communication round: 50, Eavesdropper Accuracy: 0.8227272727272728 31 0
Communication round: 51, Eavesdropper Accuracy: 0.7954545454545454 31 0
Communication round: 52, Eavesdropper Accuracy: 0.7886363636363637 31 0
Communication round: 53, Eavesdropper Accuracy: 0.8204545454545454 31 0
Communication round: 54, Eavesdropper Accuracy: 0.7863636363636364 31 0
Communication round: 55, Eavesdropper Accuracy: 0.8022727272727272 31 0
Communication round: 56, Eavesdropper Accuracy: 0.8136363636363636 31 0
Communication round: 57, Aggregated Accuracies: 0.7966666666666667 32
Communication round: 57, Eavesdropper Accuracy: 0.8386363636363636 32 1
Communication round: 58, Eavesdropper Accuracy: 0.8272727272727273 32 0
Communication round: 59, Aggregated Accuracies: 0.8082142857142856 33
Communication round: 59, Eavesdropper Accuracy: 0.8454545454545455 33 1
Communication round: 60, Aggregated Accuracies: 0.8163095238095243 34
Communication round: 60, Eavesdropper Accuracy: 0.825 34 1
Communication round: 61, Aggregated Accuracies: 0.8258333333333333 35
Communication round: 61, Eavesdropper Accuracy: 0.8363636363636363 35 1
Communication round: 62, Aggregated Accuracies: 0.8347619047619048 36
Communication round: 62, Eavesdropper Accuracy: 0.8545454545454545 36 1
Communication round: 63, Aggregated Accuracies: 0.8357142857142859 37
Communication round: 63, Eavesdropper Accuracy: 0.8386363636363636 37 1
Communication round: 64, Aggregated Accuracies: 0.8495238095238095 38
Communication round: 64, Eavesdropper Accuracy: 0.8636363636363636 38 1
Communication round: 65, Aggregated Accuracies: 0.8508333333333333 39
Communication round: 65, Eavesdropper Accuracy: 0.8704545454545455 39 1
Communication round: 66, Aggregated Accuracies: 0.8546428571428569 40
Communication round: 66, Eavesdropper Accuracy: 0.8613636363636363 40 1
Communication round: 67, Eavesdropper Accuracy: 0.8681818181818182 40 0
Communication round: 68, Eavesdropper Accuracy: 0.8681818181818182 40 0
Communication round: 69, Eavesdropper Accuracy: 0.8613636363636363 40 0
Communication round: 70, Eavesdropper Accuracy: 0.8636363636363636 40 0
Communication round: 71, Eavesdropper Accuracy: 0.8704545454545455 40 0
Communication round: 72, Eavesdropper Accuracy: 0.875 40 0
Communication round: 73, Eavesdropper Accuracy: 0.884090909090909 40 0
Communication round: 74, Eavesdropper Accuracy: 0.8568181818181818 40 0
Communication round: 75, Eavesdropper Accuracy: 0.8545454545454545 40 0
Communication round: 76, Eavesdropper Accuracy: 0.875 40 0
Communication round: 77, Eavesdropper Accuracy: 0.8795454545454545 40 0
Communication round: 78, Eavesdropper Accuracy: 0.8477272727272728 40 0
Communication round: 79, Smart Eavesdropper Accuracy: 0.3340909090909091 40 0
Communication round: 80, Smart Eavesdropper Accuracy: 0.5318181818181819 40 0
Communication round: 81, Smart Eavesdropper Accuracy: 0.4659090909090909 40 0
Communication round: 82, Smart Eavesdropper Accuracy: 0.5227272727272727 40 0
Communication round: 83, Smart Eavesdropper Accuracy: 0.4954545454545455 40 0
Communication round: 84, Smart Eavesdropper Accuracy: 0.4818181818181818 40 0
Communication round: 85, Smart Eavesdropper Accuracy: 0.5227272727272727 40 0
Communication round: 86, Smart Eavesdropper Accuracy: 0.45681818181818185 40 0
Communication round: 87, Smart Eavesdropper Accuracy: 0.43636363636363634 40 0
Communication round: 88, Smart Eavesdropper Accuracy: 0.5272727272727272 40 0
Communication round: 89, Smart Eavesdropper Accuracy: 0.5136363636363637 40 0
Communication round: 90, Smart Eavesdropper Accuracy: 0.4954545454545455 40 0
Communication round: 91, Smart Eavesdropper Accuracy: 0.509090909090909 40 0
Communication round: 92, Smart Eavesdropper Accuracy: 0.5409090909090909 40 0
Communication round: 93, Smart Eavesdropper Accuracy: 0.5409090909090909 40 0
Communication round: 94, Smart Eavesdropper Accuracy: 0.5136363636363637 40 0
Communication round: 95, Smart Eavesdropper Accuracy: 0.5227272727272727 40 0
Communication round: 96, Smart Eavesdropper Accuracy: 0.48863636363636365 40 0
Communication round: 97, Smart Eavesdropper Accuracy: 0.4590909090909091 40 0
Communication round: 98, Smart Eavesdropper Accuracy: 0.49772727272727274 40 0
Communication round: 99, Smart Eavesdropper Accuracy: 0.43636363636363634 40 0
----------------------------------------------------------------------------------------------------
----------------------------------------------------------------------------------------------------
50_30_100_1_2_0.99_False_
----------------------------------------------------------------------------------------------------
Communication round: 0, Eavesdropper Accuracy: 0.14545454545454545 1 1
Communication round: 1, Smart Eavesdropper Accuracy: 0.20227272727272727 1 0
Communication round: 2, Eavesdropper Accuracy: 0.16136363636363638 2 1
Communication round: 3, Smart Eavesdropper Accuracy: 0.18409090909090908 2 0
Communication round: 4, Smart Eavesdropper Accuracy: 0.17727272727272728 2 0
Communication round: 5, Smart Eavesdropper Accuracy: 0.175 2 0
Communication round: 6, Smart Eavesdropper Accuracy: 0.20909090909090908 2 0
Communication round: 7, Smart Eavesdropper Accuracy: 0.21363636363636362 3 1
Communication round: 8, Smart Eavesdropper Accuracy: 0.18863636363636363 4 1
Communication round: 9, Smart Eavesdropper Accuracy: 0.18409090909090908 5 1
Communication round: 10, Smart Eavesdropper Accuracy: 0.20454545454545456 5 0
Communication round: 11, Smart Eavesdropper Accuracy: 0.2159090909090909 5 0
Communication round: 12, Smart Eavesdropper Accuracy: 0.2431818181818182 6 1
Communication round: 13, Smart Eavesdropper Accuracy: 0.2727272727272727 6 0
Communication round: 14, Smart Eavesdropper Accuracy: 0.2818181818181818 7 1
Communication round: 15, Smart Eavesdropper Accuracy: 0.2909090909090909 7 0
Communication round: 16, Aggregated Accuracies: 0.14547619047619054 8
Communication round: 16, Smart Eavesdropper Accuracy: 0.30454545454545456 8 1
Communication round: 17, Smart Eavesdropper Accuracy: 0.2681818181818182 8 0
Communication round: 18, Smart Eavesdropper Accuracy: 0.35909090909090907 9 1
Communication round: 19, Smart Eavesdropper Accuracy: 0.29545454545454547 10 1
Communication round: 20, Smart Eavesdropper Accuracy: 0.32954545454545453 10 0
Communication round: 21, Aggregated Accuracies: 0.1857142857142857 11
Communication round: 21, Smart Eavesdropper Accuracy: 0.3886363636363636 11 1
Communication round: 22, Eavesdropper Accuracy: 0.20454545454545456 12 1
Communication round: 23, Smart Eavesdropper Accuracy: 0.17045454545454544 12 0
Communication round: 24, Eavesdropper Accuracy: 0.20227272727272727 13 1
Communication round: 25, Eavesdropper Accuracy: 0.22727272727272727 14 1
Communication round: 26, Aggregated Accuracies: 0.23511904761904762 15
Communication round: 26, Eavesdropper Accuracy: 0.22727272727272727 15 1
Communication round: 27, Aggregated Accuracies: 0.27821428571428564 16
Communication round: 27, Eavesdropper Accuracy: 0.275 16 1
Communication round: 28, Aggregated Accuracies: 0.31619047619047624 17
Communication round: 28, Eavesdropper Accuracy: 0.3431818181818182 17 1
Communication round: 29, Eavesdropper Accuracy: 0.3659090909090909 18 1
Communication round: 30, Aggregated Accuracies: 0.36583333333333323 19
Communication round: 30, Eavesdropper Accuracy: 0.3704545454545455 19 1
Communication round: 31, Aggregated Accuracies: 0.41702380952380946 20
Communication round: 31, Eavesdropper Accuracy: 0.425 20 1
Communication round: 32, Eavesdropper Accuracy: 0.4159090909090909 21 1
Communication round: 33, Eavesdropper Accuracy: 0.39545454545454545 22 1
Communication round: 34, Eavesdropper Accuracy: 0.425 23 1
Communication round: 35, Eavesdropper Accuracy: 0.38636363636363635 24 1
Communication round: 36, Eavesdropper Accuracy: 0.425 25 1
Communication round: 37, Eavesdropper Accuracy: 0.42954545454545456 26 1
Communication round: 38, Aggregated Accuracies: 0.44345238095238093 27
Communication round: 38, Eavesdropper Accuracy: 0.4636363636363636 27 1
Communication round: 39, Eavesdropper Accuracy: 0.475 28 1
Communication round: 40, Eavesdropper Accuracy: 0.4659090909090909 29 1
Communication round: 41, Aggregated Accuracies: 0.48738095238095225 30
Communication round: 41, Eavesdropper Accuracy: 0.4909090909090909 30 1
Communication round: 42, Aggregated Accuracies: 0.5284523809523809 31
Communication round: 42, Eavesdropper Accuracy: 0.5545454545454546 31 1
Communication round: 43, Eavesdropper Accuracy: 0.5295454545454545 32 1
Communication round: 44, Eavesdropper Accuracy: 0.5613636363636364 32 0
Communication round: 45, Eavesdropper Accuracy: 0.5181818181818182 33 1
Communication round: 46, Aggregated Accuracies: 0.5576190476190478 34
Communication round: 46, Eavesdropper Accuracy: 0.5954545454545455 34 1
Communication round: 47, Eavesdropper Accuracy: 0.5909090909090909 35 1
Communication round: 48, Aggregated Accuracies: 0.580952380952381 36
Communication round: 48, Eavesdropper Accuracy: 0.5886363636363636 36 1
Communication round: 49, Aggregated Accuracies: 0.6028571428571428 37
Communication round: 49, Eavesdropper Accuracy: 0.6477272727272727 37 1
Communication round: 50, Aggregated Accuracies: 0.6375 38
Communication round: 50, Eavesdropper Accuracy: 0.65 38 1
Communication round: 51, Aggregated Accuracies: 0.6601190476190476 39
Communication round: 51, Eavesdropper Accuracy: 0.6954545454545454 39 1
Communication round: 52, Aggregated Accuracies: 0.6825000000000001 40
Communication round: 52, Eavesdropper Accuracy: 0.7 40 1
Communication round: 53, Eavesdropper Accuracy: 0.6818181818181818 40 0
Communication round: 54, Eavesdropper Accuracy: 0.7 41 1
Communication round: 55, Eavesdropper Accuracy: 0.6954545454545454 41 0
Communication round: 56, Eavesdropper Accuracy: 0.6954545454545454 41 0
Communication round: 57, Eavesdropper Accuracy: 0.7045454545454546 41 0
Communication round: 58, Eavesdropper Accuracy: 0.6954545454545454 41 0
Communication round: 59, Eavesdropper Accuracy: 0.7068181818181818 41 0
Communication round: 60, Eavesdropper Accuracy: 0.7159090909090909 42 1
Communication round: 61, Aggregated Accuracies: 0.7030952380952382 43
Communication round: 61, Eavesdropper Accuracy: 0.725 43 1
Communication round: 62, Aggregated Accuracies: 0.7126190476190479 44
Communication round: 62, Eavesdropper Accuracy: 0.7477272727272727 44 1
Communication round: 63, Eavesdropper Accuracy: 0.7431818181818182 44 0
Communication round: 64, Eavesdropper Accuracy: 0.7522727272727273 44 0
Communication round: 65, Aggregated Accuracies: 0.7216666666666667 45
Communication round: 65, Eavesdropper Accuracy: 0.7545454545454545 45 1
Communication round: 66, Aggregated Accuracies: 0.7358333333333331 46
Communication round: 66, Eavesdropper Accuracy: 0.7795454545454545 46 1
Communication round: 67, Eavesdropper Accuracy: 0.7522727272727273 46 0
Communication round: 68, Eavesdropper Accuracy: 0.7568181818181818 46 0
Communication round: 69, Aggregated Accuracies: 0.7554761904761902 47
Communication round: 69, Eavesdropper Accuracy: 0.7977272727272727 47 1
Communication round: 70, Aggregated Accuracies: 0.7748809523809522 48
Communication round: 70, Eavesdropper Accuracy: 0.7977272727272727 48 1
Communication round: 71, Eavesdropper Accuracy: 0.7977272727272727 48 0
Communication round: 72, Eavesdropper Accuracy: 0.7909090909090909 48 0
Communication round: 73, Aggregated Accuracies: 0.7761904761904763 49
Communication round: 73, Eavesdropper Accuracy: 0.8022727272727272 49 1
Communication round: 74, Aggregated Accuracies: 0.7838095238095238 50
Communication round: 74, Eavesdropper Accuracy: 0.8204545454545454 50 1
Communication round: 75, Aggregated Accuracies: 0.8064285714285713 51
Communication round: 75, Eavesdropper Accuracy: 0.8409090909090909 51 1
Communication round: 76, Aggregated Accuracies: 0.8127380952380954 52
Communication round: 76, Eavesdropper Accuracy: 0.85 52 1
Communication round: 77, Aggregated Accuracies: 0.8153571428571429 53
Communication round: 77, Eavesdropper Accuracy: 0.8454545454545455 53 1
Communication round: 78, Aggregated Accuracies: 0.8307142857142858 54
Communication round: 78, Eavesdropper Accuracy: 0.8545454545454545 54 1
Communication round: 79, Aggregated Accuracies: 0.8342857142857142 55
Communication round: 79, Eavesdropper Accuracy: 0.8636363636363636 55 1
Communication round: 80, Eavesdropper Accuracy: 0.8568181818181818 55 0
Communication round: 81, Eavesdropper Accuracy: 0.8681818181818182 55 0
Communication round: 82, Eavesdropper Accuracy: 0.8636363636363636 55 0
Communication round: 83, Eavesdropper Accuracy: 0.8477272727272728 55 0
Communication round: 84, Eavesdropper Accuracy: 0.8522727272727273 55 0
Communication round: 85, Eavesdropper Accuracy: 0.8386363636363636 55 0
Communication round: 86, Eavesdropper Accuracy: 0.8704545454545455 55 0
Communication round: 87, Eavesdropper Accuracy: 0.8409090909090909 55 0
Communication round: 88, Eavesdropper Accuracy: 0.8454545454545455 55 0
Communication round: 89, Eavesdropper Accuracy: 0.8431818181818181 55 0
Communication round: 90, Eavesdropper Accuracy: 0.8477272727272728 55 0
Communication round: 91, Eavesdropper Accuracy: 0.8545454545454545 55 0
Communication round: 92, Eavesdropper Accuracy: 0.85 55 0
Communication round: 93, Eavesdropper Accuracy: 0.8477272727272728 55 0
Communication round: 94, Eavesdropper Accuracy: 0.8613636363636363 55 0
Communication round: 95, Eavesdropper Accuracy: 0.8409090909090909 55 0
Communication round: 96, Eavesdropper Accuracy: 0.85 55 0
Communication round: 97, Eavesdropper Accuracy: 0.865909090909091 55 0
Communication round: 98, Eavesdropper Accuracy: 0.8477272727272728 55 0
Communication round: 99, Eavesdropper Accuracy: 0.85 55 0
----------------------------------------------------------------------------------------------------
----------------------------------------------------------------------------------------------------
50_30_100_1_2_0.99_False_
----------------------------------------------------------------------------------------------------
Communication round: 0, Eavesdropper Accuracy: 0.05227272727272727 1 1
Communication round: 1, Eavesdropper Accuracy: 0.056818181818181816 2 1
Communication round: 2, Aggregated Accuracies: 0.08928571428571423 3
Communication round: 2, Eavesdropper Accuracy: 0.05 3 1
Communication round: 3, Eavesdropper Accuracy: 0.04090909090909091 4 1
Communication round: 4, Eavesdropper Accuracy: 0.04090909090909091 5 1
Communication round: 5, Eavesdropper Accuracy: 0.04318181818181818 5 0
Communication round: 6, Eavesdropper Accuracy: 0.06136363636363636 5 0
Communication round: 7, Eavesdropper Accuracy: 0.038636363636363635 5 0
Communication round: 8, Eavesdropper Accuracy: 0.05227272727272727 5 0
Communication round: 9, Eavesdropper Accuracy: 0.05227272727272727 6 1
Communication round: 10, Aggregated Accuracies: 0.11142857142857142 7
Communication round: 10, Eavesdropper Accuracy: 0.07727272727272727 7 1
Communication round: 11, Eavesdropper Accuracy: 0.07272727272727272 7 0
Communication round: 12, Aggregated Accuracies: 0.1570238095238095 8
Communication round: 12, Eavesdropper Accuracy: 0.1318181818181818 8 1
Communication round: 13, Eavesdropper Accuracy: 0.15 9 1
Communication round: 14, Eavesdropper Accuracy: 0.13636363636363635 10 1
Communication round: 15, Eavesdropper Accuracy: 0.14772727272727273 11 1
Communication round: 16, Eavesdropper Accuracy: 0.1340909090909091 11 0
Communication round: 17, Eavesdropper Accuracy: 0.15681818181818183 12 1
Communication round: 18, Eavesdropper Accuracy: 0.13636363636363635 12 0
Communication round: 19, Eavesdropper Accuracy: 0.12727272727272726 12 0
Communication round: 20, Aggregated Accuracies: 0.1973809523809524 13
Communication round: 20, Eavesdropper Accuracy: 0.17727272727272728 13 1
Communication round: 21, Eavesdropper Accuracy: 0.2159090909090909 14 1
Communication round: 22, Eavesdropper Accuracy: 0.19772727272727272 15 1
Communication round: 23, Eavesdropper Accuracy: 0.19090909090909092 16 1
Communication round: 24, Eavesdropper Accuracy: 0.19772727272727272 17 1
Communication round: 25, Eavesdropper Accuracy: 0.18636363636363637 18 1
Communication round: 26, Eavesdropper Accuracy: 0.20681818181818182 19 1
Communication round: 27, Aggregated Accuracies: 0.2375 20
Communication round: 27, Eavesdropper Accuracy: 0.2590909090909091 20 1
Communication round: 28, Eavesdropper Accuracy: 0.22727272727272727 21 1
Communication round: 29, Eavesdropper Accuracy: 0.22954545454545455 22 1
Communication round: 30, Eavesdropper Accuracy: 0.2340909090909091 23 1
Communication round: 31, Eavesdropper Accuracy: 0.22727272727272727 23 0
Communication round: 32, Eavesdropper Accuracy: 0.21818181818181817 23 0
Communication round: 33, Eavesdropper Accuracy: 0.25227272727272726 24 1
Communication round: 34, Aggregated Accuracies: 0.2873809523809523 25
Communication round: 34, Eavesdropper Accuracy: 0.33181818181818185 25 1
Communication round: 35, Aggregated Accuracies: 0.34488095238095245 26
Communication round: 35, Eavesdropper Accuracy: 0.4 26 1
Communication round: 36, Aggregated Accuracies: 0.4063095238095238 27
Communication round: 36, Eavesdropper Accuracy: 0.41818181818181815 27 1
Communication round: 37, Eavesdropper Accuracy: 0.43863636363636366 27 0
Communication round: 38, Aggregated Accuracies: 0.4528571428571429 28
Communication round: 38, Eavesdropper Accuracy: 0.44772727272727275 28 1
Communication round: 39, Eavesdropper Accuracy: 0.4954545454545455 28 0
Communication round: 40, Eavesdropper Accuracy: 0.4590909090909091 28 0
Communication round: 41, Aggregated Accuracies: 0.49202380952380936 29
Communication round: 41, Eavesdropper Accuracy: 0.5272727272727272 29 1
Communication round: 42, Eavesdropper Accuracy: 0.5204545454545455 29 0
Communication round: 43, Eavesdropper Accuracy: 0.5409090909090909 30 1
Communication round: 44, Eavesdropper Accuracy: 0.5363636363636364 31 1
Communication round: 45, Eavesdropper Accuracy: 0.5295454545454545 31 0
Communication round: 46, Eavesdropper Accuracy: 0.525 31 0
Communication round: 47, Aggregated Accuracies: 0.5295238095238095 32
Communication round: 47, Eavesdropper Accuracy: 0.5840909090909091 32 1
Communication round: 48, Eavesdropper Accuracy: 0.5522727272727272 32 0
Communication round: 49, Eavesdropper Accuracy: 0.5340909090909091 33 1
Communication round: 50, Eavesdropper Accuracy: 0.5704545454545454 34 1
Communication round: 51, Eavesdropper Accuracy: 0.5727272727272728 34 0
Communication round: 52, Eavesdropper Accuracy: 0.5409090909090909 35 1
Communication round: 53, Eavesdropper Accuracy: 0.5386363636363637 35 0
Communication round: 54, Eavesdropper Accuracy: 0.5795454545454546 35 0
Communication round: 55, Eavesdropper Accuracy: 0.5409090909090909 36 1
Communication round: 56, Eavesdropper Accuracy: 0.55 37 1
Communication round: 57, Eavesdropper Accuracy: 0.5477272727272727 38 1
Communication round: 58, Eavesdropper Accuracy: 0.5681818181818182 39 1
Communication round: 59, Aggregated Accuracies: 0.5633333333333332 40
Communication round: 59, Eavesdropper Accuracy: 0.5704545454545454 40 1
Communication round: 60, Aggregated Accuracies: 0.6010714285714284 41
Communication round: 60, Eavesdropper Accuracy: 0.6227272727272727 41 1
Communication round: 61, Aggregated Accuracies: 0.6316666666666668 42
Communication round: 61, Eavesdropper Accuracy: 0.6954545454545454 42 1
Communication round: 62, Aggregated Accuracies: 0.6559523809523811 43
Communication round: 62, Eavesdropper Accuracy: 0.6568181818181819 43 1
Communication round: 63, Eavesdropper Accuracy: 0.6386363636363637 43 0
Communication round: 64, Eavesdropper Accuracy: 0.6613636363636364 43 0
Communication round: 65, Eavesdropper Accuracy: 0.6522727272727272 43 0
Communication round: 66, Eavesdropper Accuracy: 0.6772727272727272 43 0
Communication round: 67, Eavesdropper Accuracy: 0.6818181818181818 43 0
Communication round: 68, Eavesdropper Accuracy: 0.7022727272727273 43 0
Communication round: 69, Eavesdropper Accuracy: 0.6863636363636364 44 1
Communication round: 70, Eavesdropper Accuracy: 0.6659090909090909 44 0
Communication round: 71, Eavesdropper Accuracy: 0.6659090909090909 44 0
Communication round: 72, Eavesdropper Accuracy: 0.6795454545454546 44 0
Communication round: 73, Eavesdropper Accuracy: 0.6795454545454546 44 0
Communication round: 74, Eavesdropper Accuracy: 0.6863636363636364 44 0
Communication round: 75, Eavesdropper Accuracy: 0.6409090909090909 44 0
Communication round: 76, Eavesdropper Accuracy: 0.6931818181818182 44 0
Communication round: 77, Eavesdropper Accuracy: 0.65 44 0
Communication round: 78, Eavesdropper Accuracy: 0.6409090909090909 44 0
Communication round: 79, Eavesdropper Accuracy: 0.6704545454545454 44 0
Communication round: 80, Eavesdropper Accuracy: 0.675 45 1
Communication round: 81, Eavesdropper Accuracy: 0.6795454545454546 46 1
Communication round: 82, Eavesdropper Accuracy: 0.6795454545454546 46 0
Communication round: 83, Eavesdropper Accuracy: 0.6681818181818182 46 0
Communication round: 84, Eavesdropper Accuracy: 0.6795454545454546 46 0
Communication round: 85, Eavesdropper Accuracy: 0.6590909090909091 46 0
Communication round: 86, Eavesdropper Accuracy: 0.6727272727272727 46 0
Communication round: 87, Eavesdropper Accuracy: 0.6704545454545454 47 1
Communication round: 88, Eavesdropper Accuracy: 0.6886363636363636 48 1
Communication round: 89, Aggregated Accuracies: 0.6736904761904761 49
Communication round: 89, Eavesdropper Accuracy: 0.6863636363636364 49 1
Communication round: 90, Eavesdropper Accuracy: 0.6863636363636364 49 0
Communication round: 91, Eavesdropper Accuracy: 0.6931818181818182 49 0
Communication round: 92, Eavesdropper Accuracy: 0.6590909090909091 49 0
Communication round: 93, Aggregated Accuracies: 0.6889285714285711 50
Communication round: 93, Eavesdropper Accuracy: 0.7045454545454546 50 1
Communication round: 94, Aggregated Accuracies: 0.7027380952380953 51
Communication round: 94, Eavesdropper Accuracy: 0.7272727272727273 51 1
Communication round: 95, Aggregated Accuracies: 0.7313095238095236 52
Communication round: 95, Eavesdropper Accuracy: 0.7477272727272727 52 1
Communication round: 96, Aggregated Accuracies: 0.7425000000000003 53
Communication round: 96, Eavesdropper Accuracy: 0.7568181818181818 53 1
Communication round: 97, Aggregated Accuracies: 0.7572619047619047 54
Communication round: 97, Eavesdropper Accuracy: 0.7727272727272727 54 1
Communication round: 98, Aggregated Accuracies: 0.7705952380952381 55
Communication round: 98, Eavesdropper Accuracy: 0.7909090909090909 55 1
Communication round: 99, Aggregated Accuracies: 0.7857142857142856 56
Communication round: 99, Eavesdropper Accuracy: 0.8159090909090909 56 1
----------------------------------------------------------------------------------------------------
----------------------------------------------------------------------------------------------------
50_30_100_1_2_0.99_False_
----------------------------------------------------------------------------------------------------
Communication round: 0, Smart Eavesdropper Accuracy: 0.18181818181818182 0 0
Communication round: 1, Smart Eavesdropper Accuracy: 0.20681818181818182 0 0
Communication round: 2, Smart Eavesdropper Accuracy: 0.2 0 0
Communication round: 3, Smart Eavesdropper Accuracy: 0.22727272727272727 0 0
Communication round: 4, Smart Eavesdropper Accuracy: 0.22272727272727272 1 1
Communication round: 5, Smart Eavesdropper Accuracy: 0.21818181818181817 2 1
Communication round: 6, Smart Eavesdropper Accuracy: 0.2 3 1
Communication round: 7, Smart Eavesdropper Accuracy: 0.2159090909090909 4 1
Communication round: 8, Aggregated Accuracies: 0.10880952380952383 5
Communication round: 8, Eavesdropper Accuracy: 0.10454545454545454 5 1
Communication round: 9, Aggregated Accuracies: 0.1635714285714286 6
Communication round: 9, Eavesdropper Accuracy: 0.15454545454545454 6 1
Communication round: 10, Aggregated Accuracies: 0.2097619047619048 7
Communication round: 10, Eavesdropper Accuracy: 0.22045454545454546 7 1
Communication round: 11, Aggregated Accuracies: 0.2558333333333333 8
Communication round: 11, Eavesdropper Accuracy: 0.26136363636363635 8 1
Communication round: 12, Aggregated Accuracies: 0.3095238095238095 9
Communication round: 12, Eavesdropper Accuracy: 0.3386363636363636 9 1
Communication round: 13, Aggregated Accuracies: 0.3583333333333332 10
Communication round: 13, Eavesdropper Accuracy: 0.3886363636363636 10 1
Communication round: 14, Aggregated Accuracies: 0.40285714285714297 11
Communication round: 14, Eavesdropper Accuracy: 0.4431818181818182 11 1
Communication round: 15, Aggregated Accuracies: 0.4678571428571429 12
Communication round: 15, Eavesdropper Accuracy: 0.5022727272727273 12 1
Communication round: 16, Aggregated Accuracies: 0.4952380952380953 13
Communication round: 16, Eavesdropper Accuracy: 0.5 13 1
Communication round: 17, Aggregated Accuracies: 0.5539285714285713 14
Communication round: 17, Eavesdropper Accuracy: 0.5386363636363637 14 1
Communication round: 18, Aggregated Accuracies: 0.5804761904761905 15
Communication round: 18, Eavesdropper Accuracy: 0.5772727272727273 15 1
Communication round: 19, Aggregated Accuracies: 0.6014285714285714 16
Communication round: 19, Eavesdropper Accuracy: 0.6 16 1
Communication round: 20, Eavesdropper Accuracy: 0.6272727272727273 16 0
Communication round: 21, Eavesdropper Accuracy: 0.6204545454545455 16 0
Communication round: 22, Eavesdropper Accuracy: 0.6113636363636363 16 0
Communication round: 23, Eavesdropper Accuracy: 0.5954545454545455 16 0
Communication round: 24, Aggregated Accuracies: 0.6348809523809522 17
Communication round: 24, Eavesdropper Accuracy: 0.6590909090909091 17 1
Communication round: 25, Eavesdropper Accuracy: 0.65 17 0
Communication round: 26, Eavesdropper Accuracy: 0.6181818181818182 18 1
Communication round: 27, Aggregated Accuracies: 0.6467857142857142 19
Communication round: 27, Eavesdropper Accuracy: 0.6636363636363637 19 1
Communication round: 28, Eavesdropper Accuracy: 0.6613636363636364 19 0
Communication round: 29, Eavesdropper Accuracy: 0.6522727272727272 19 0
Communication round: 30, Eavesdropper Accuracy: 0.6636363636363637 19 0
Communication round: 31, Eavesdropper Accuracy: 0.6659090909090909 19 0
Communication round: 32, Eavesdropper Accuracy: 0.6545454545454545 19 0
Communication round: 33, Eavesdropper Accuracy: 0.6863636363636364 19 0
Communication round: 34, Eavesdropper Accuracy: 0.6840909090909091 19 0
Communication round: 35, Eavesdropper Accuracy: 0.6909090909090909 19 0
Communication round: 36, Eavesdropper Accuracy: 0.6454545454545455 19 0
Communication round: 37, Smart Eavesdropper Accuracy: 0.21818181818181817 19 0
Communication round: 38, Aggregated Accuracies: 0.6579761904761905 20
Communication round: 38, Eavesdropper Accuracy: 0.6772727272727272 20 1
Communication round: 39, Aggregated Accuracies: 0.6823809523809521 21
Communication round: 39, Eavesdropper Accuracy: 0.6818181818181818 21 1
Communication round: 40, Aggregated Accuracies: 0.6907142857142858 22
Communication round: 40, Eavesdropper Accuracy: 0.7363636363636363 22 1
Communication round: 41, Aggregated Accuracies: 0.71 23
Communication round: 41, Eavesdropper Accuracy: 0.75 23 1
Communication round: 42, Aggregated Accuracies: 0.7185714285714284 24
Communication round: 42, Eavesdropper Accuracy: 0.7295454545454545 24 1
Communication round: 43, Aggregated Accuracies: 0.7398809523809524 25
Communication round: 43, Eavesdropper Accuracy: 0.7318181818181818 25 1
Communication round: 44, Aggregated Accuracies: 0.7542857142857143 26
Communication round: 44, Eavesdropper Accuracy: 0.7477272727272727 26 1
Communication round: 45, Aggregated Accuracies: 0.7673809523809524 27
Communication round: 45, Eavesdropper Accuracy: 0.7863636363636364 27 1
Communication round: 46, Aggregated Accuracies: 0.7688095238095238 28
Communication round: 46, Eavesdropper Accuracy: 0.740909090909091 28 1
Communication round: 47, Aggregated Accuracies: 0.7867857142857143 29
Communication round: 47, Eavesdropper Accuracy: 0.7886363636363637 29 1
Communication round: 48, Aggregated Accuracies: 0.7925000000000001 30
Communication round: 48, Eavesdropper Accuracy: 0.8068181818181818 30 1
Communication round: 49, Eavesdropper Accuracy: 0.7818181818181819 30 0
Communication round: 50, Eavesdropper Accuracy: 0.8068181818181818 30 0
Communication round: 51, Eavesdropper Accuracy: 0.7659090909090909 30 0
Communication round: 52, Eavesdropper Accuracy: 0.7772727272727272 30 0
Communication round: 53, Eavesdropper Accuracy: 0.759090909090909 30 0
Communication round: 54, Eavesdropper Accuracy: 0.8022727272727272 30 0
Communication round: 55, Eavesdropper Accuracy: 0.7772727272727272 30 0
Communication round: 56, Eavesdropper Accuracy: 0.7795454545454545 30 0
Communication round: 57, Eavesdropper Accuracy: 0.8022727272727272 30 0
Communication round: 58, Aggregated Accuracies: 0.7991666666666667 31
Communication round: 58, Eavesdropper Accuracy: 0.7954545454545454 31 1
Communication round: 59, Aggregated Accuracies: 0.8066666666666665 32
Communication round: 59, Eavesdropper Accuracy: 0.8340909090909091 32 1
Communication round: 60, Aggregated Accuracies: 0.8160714285714288 33
Communication round: 60, Eavesdropper Accuracy: 0.7909090909090909 33 1
Communication round: 61, Aggregated Accuracies: 0.815714285714286 34
Communication round: 61, Eavesdropper Accuracy: 0.7840909090909091 34 1
Communication round: 62, Eavesdropper Accuracy: 0.8136363636363636 34 0
Communication round: 63, Eavesdropper Accuracy: 0.775 34 0
Communication round: 64, Eavesdropper Accuracy: 0.8159090909090909 34 0
Communication round: 65, Eavesdropper Accuracy: 0.7795454545454545 34 0
Communication round: 66, Eavesdropper Accuracy: 0.8113636363636364 34 0
Communication round: 67, Smart Eavesdropper Accuracy: 0.2818181818181818 34 0
Communication round: 68, Smart Eavesdropper Accuracy: 0.4159090909090909 34 0
Communication round: 69, Smart Eavesdropper Accuracy: 0.42272727272727273 34 0
Communication round: 70, Smart Eavesdropper Accuracy: 0.33181818181818185 34 0
Communication round: 71, Smart Eavesdropper Accuracy: 0.37272727272727274 34 0
Communication round: 72, Smart Eavesdropper Accuracy: 0.35 34 0
Communication round: 73, Smart Eavesdropper Accuracy: 0.35909090909090907 34 0
Communication round: 74, Smart Eavesdropper Accuracy: 0.38636363636363635 34 0
Communication round: 75, Smart Eavesdropper Accuracy: 0.32727272727272727 34 0
Communication round: 76, Smart Eavesdropper Accuracy: 0.3522727272727273 34 0
Communication round: 77, Smart Eavesdropper Accuracy: 0.3477272727272727 34 0
Communication round: 78, Smart Eavesdropper Accuracy: 0.35 34 0
Communication round: 79, Smart Eavesdropper Accuracy: 0.42272727272727273 34 0
Communication round: 80, Smart Eavesdropper Accuracy: 0.42045454545454547 34 0
Communication round: 81, Smart Eavesdropper Accuracy: 0.3886363636363636 34 0
Communication round: 82, Smart Eavesdropper Accuracy: 0.375 34 0
Communication round: 83, Smart Eavesdropper Accuracy: 0.44545454545454544 34 0
Communication round: 84, Smart Eavesdropper Accuracy: 0.4318181818181818 34 0
Communication round: 85, Smart Eavesdropper Accuracy: 0.43636363636363634 35 1
Communication round: 86, Smart Eavesdropper Accuracy: 0.41818181818181815 35 0
Communication round: 87, Smart Eavesdropper Accuracy: 0.43863636363636366 35 0
Communication round: 88, Smart Eavesdropper Accuracy: 0.42272727272727273 35 0
Communication round: 89, Smart Eavesdropper Accuracy: 0.4681818181818182 35 0
Communication round: 90, Smart Eavesdropper Accuracy: 0.44545454545454544 35 0
Communication round: 91, Smart Eavesdropper Accuracy: 0.42272727272727273 35 0
Communication round: 92, Smart Eavesdropper Accuracy: 0.45227272727272727 35 0
Communication round: 93, Smart Eavesdropper Accuracy: 0.4590909090909091 35 0
Communication round: 94, Smart Eavesdropper Accuracy: 0.42954545454545456 35 0
Communication round: 95, Smart Eavesdropper Accuracy: 0.40454545454545454 35 0
Communication round: 96, Smart Eavesdropper Accuracy: 0.4431818181818182 35 0
Communication round: 97, Smart Eavesdropper Accuracy: 0.4659090909090909 35 0
Communication round: 98, Smart Eavesdropper Accuracy: 0.4340909090909091 35 0
Communication round: 99, Smart Eavesdropper Accuracy: 0.42954545454545456 35 0
----------------------------------------------------------------------------------------------------
----------------------------------------------------------------------------------------------------
50_30_100_1_2_0.99_False_
----------------------------------------------------------------------------------------------------
Communication round: 0, Smart Eavesdropper Accuracy: 0.18409090909090908 0 0
Communication round: 1, Smart Eavesdropper Accuracy: 0.18181818181818182 0 0
Communication round: 2, Aggregated Accuracies: 0.11238095238095239 1
Communication round: 2, Smart Eavesdropper Accuracy: 0.19545454545454546 1 1
Communication round: 3, Smart Eavesdropper Accuracy: 0.22045454545454546 2 1
Communication round: 4, Aggregated Accuracies: 0.12023809523809526 3
Communication round: 4, Eavesdropper Accuracy: 0.10909090909090909 3 1
Communication round: 5, Aggregated Accuracies: 0.13559523809523813 4
Communication round: 5, Eavesdropper Accuracy: 0.125 4 1
Communication round: 6, Aggregated Accuracies: 0.19785714285714281 5
Communication round: 6, Eavesdropper Accuracy: 0.17045454545454544 5 1
Communication round: 7, Eavesdropper Accuracy: 0.15227272727272728 6 1
Communication round: 8, Eavesdropper Accuracy: 0.18181818181818182 7 1
Communication round: 9, Eavesdropper Accuracy: 0.2 8 1
Communication round: 10, Eavesdropper Accuracy: 0.20681818181818182 9 1
Communication round: 11, Eavesdropper Accuracy: 0.18181818181818182 10 1
Communication round: 12, Eavesdropper Accuracy: 0.18636363636363637 11 1
Communication round: 13, Eavesdropper Accuracy: 0.19545454545454546 12 1
Communication round: 14, Eavesdropper Accuracy: 0.2 13 1
Communication round: 15, Eavesdropper Accuracy: 0.18409090909090908 14 1
Communication round: 16, Eavesdropper Accuracy: 0.22045454545454546 15 1
Communication round: 17, Aggregated Accuracies: 0.2467857142857143 16
Communication round: 17, Eavesdropper Accuracy: 0.28863636363636364 16 1
Communication round: 18, Eavesdropper Accuracy: 0.275 17 1
Communication round: 19, Eavesdropper Accuracy: 0.2863636363636364 17 0
Communication round: 20, Eavesdropper Accuracy: 0.2590909090909091 17 0
Communication round: 21, Eavesdropper Accuracy: 0.2840909090909091 18 1
Communication round: 22, Eavesdropper Accuracy: 0.25227272727272726 19 1
Communication round: 23, Aggregated Accuracies: 0.305952380952381 20
Communication round: 23, Eavesdropper Accuracy: 0.29772727272727273 20 1
Communication round: 24, Eavesdropper Accuracy: 0.3522727272727273 21 1
Communication round: 25, Eavesdropper Accuracy: 0.3340909090909091 21 0
Communication round: 26, Eavesdropper Accuracy: 0.30454545454545456 21 0
Communication round: 27, Eavesdropper Accuracy: 0.3090909090909091 21 0
Communication round: 28, Eavesdropper Accuracy: 0.31363636363636366 21 0
Communication round: 29, Eavesdropper Accuracy: 0.3068181818181818 21 0
Communication round: 30, Eavesdropper Accuracy: 0.32954545454545453 21 0
Communication round: 31, Eavesdropper Accuracy: 0.325 21 0
Communication round: 32, Eavesdropper Accuracy: 0.34545454545454546 21 0
Communication round: 33, Eavesdropper Accuracy: 0.33636363636363636 21 0
Communication round: 34, Eavesdropper Accuracy: 0.3181818181818182 22 1
Communication round: 35, Eavesdropper Accuracy: 0.3477272727272727 23 1
Communication round: 36, Aggregated Accuracies: 0.3614285714285714 24
Communication round: 36, Eavesdropper Accuracy: 0.425 24 1
Communication round: 37, Eavesdropper Accuracy: 0.42954545454545456 25 1
Communication round: 38, Eavesdropper Accuracy: 0.4431818181818182 26 1
Communication round: 39, Eavesdropper Accuracy: 0.4090909090909091 26 0
Communication round: 40, Eavesdropper Accuracy: 0.4159090909090909 26 0
Communication round: 41, Eavesdropper Accuracy: 0.4090909090909091 26 0
Communication round: 42, Eavesdropper Accuracy: 0.4318181818181818 26 0
Communication round: 43, Eavesdropper Accuracy: 0.4113636363636364 26 0
Communication round: 44, Eavesdropper Accuracy: 0.42954545454545456 27 1
Communication round: 45, Eavesdropper Accuracy: 0.44545454545454544 27 0
Communication round: 46, Eavesdropper Accuracy: 0.4113636363636364 27 0
Communication round: 47, Eavesdropper Accuracy: 0.46136363636363636 27 0
Communication round: 48, Eavesdropper Accuracy: 0.4409090909090909 27 0
Communication round: 49, Eavesdropper Accuracy: 0.40454545454545454 27 0
Communication round: 50, Eavesdropper Accuracy: 0.41818181818181815 27 0
Communication round: 51, Eavesdropper Accuracy: 0.4318181818181818 27 0
Communication round: 52, Eavesdropper Accuracy: 0.47045454545454546 27 0
Communication round: 53, Smart Eavesdropper Accuracy: 0.18863636363636363 27 0
Communication round: 54, Smart Eavesdropper Accuracy: 0.21363636363636362 27 0
Communication round: 55, Smart Eavesdropper Accuracy: 0.21818181818181817 27 0
Communication round: 56, Smart Eavesdropper Accuracy: 0.2431818181818182 27 0
Communication round: 57, Smart Eavesdropper Accuracy: 0.20227272727272727 28 1
Communication round: 58, Smart Eavesdropper Accuracy: 0.25 29 1
Communication round: 59, Aggregated Accuracies: 0.41880952380952363 30
Communication round: 59, Smart Eavesdropper Accuracy: 0.2636363636363636 30 1
Communication round: 60, Aggregated Accuracies: 0.46559523809523823 31
Communication round: 60, Eavesdropper Accuracy: 0.5159090909090909 31 1
Communication round: 61, Aggregated Accuracies: 0.5154761904761905 32
Communication round: 61, Eavesdropper Accuracy: 0.5340909090909091 32 1
Communication round: 62, Eavesdropper Accuracy: 0.5409090909090909 33 1
Communication round: 63, Eavesdropper Accuracy: 0.5522727272727272 33 0
Communication round: 64, Eavesdropper Accuracy: 0.5727272727272728 33 0
Communication round: 65, Smart Eavesdropper Accuracy: 0.18409090909090908 33 0
Communication round: 66, Smart Eavesdropper Accuracy: 0.21363636363636362 33 0
Communication round: 67, Smart Eavesdropper Accuracy: 0.21136363636363636 33 0
Communication round: 68, Smart Eavesdropper Accuracy: 0.19090909090909092 33 0
Communication round: 69, Smart Eavesdropper Accuracy: 0.24772727272727274 34 1
Communication round: 70, Aggregated Accuracies: 0.5526190476190477 35
Communication round: 70, Smart Eavesdropper Accuracy: 0.3068181818181818 35 1
Communication round: 71, Aggregated Accuracies: 0.5647619047619047 36
Communication round: 71, Smart Eavesdropper Accuracy: 0.27954545454545454 36 1
Communication round: 72, Eavesdropper Accuracy: 0.6590909090909091 37 1
Communication round: 73, Aggregated Accuracies: 0.6028571428571428 38
Communication round: 73, Eavesdropper Accuracy: 0.6522727272727272 38 1
Communication round: 74, Aggregated Accuracies: 0.6217857142857143 39
Communication round: 74, Eavesdropper Accuracy: 0.6977272727272728 39 1
Communication round: 75, Aggregated Accuracies: 0.6594047619047617 40
Communication round: 75, Eavesdropper Accuracy: 0.7227272727272728 40 1
Communication round: 76, Aggregated Accuracies: 0.6820238095238094 41
Communication round: 76, Eavesdropper Accuracy: 0.7113636363636363 41 1
Communication round: 77, Aggregated Accuracies: 0.7008333333333333 42
Communication round: 77, Eavesdropper Accuracy: 0.75 42 1
Communication round: 78, Aggregated Accuracies: 0.7228571428571431 43
Communication round: 78, Eavesdropper Accuracy: 0.775 43 1
Communication round: 79, Aggregated Accuracies: 0.7363095238095237 44
Communication round: 79, Eavesdropper Accuracy: 0.7613636363636364 44 1
Communication round: 80, Aggregated Accuracies: 0.7523809523809527 45
Communication round: 80, Eavesdropper Accuracy: 0.7931818181818182 45 1
Communication round: 81, Aggregated Accuracies: 0.7722619047619048 46
Communication round: 81, Eavesdropper Accuracy: 0.8272727272727273 46 1
Communication round: 82, Aggregated Accuracies: 0.785714285714286 47
Communication round: 82, Eavesdropper Accuracy: 0.8045454545454546 47 1
Communication round: 83, Aggregated Accuracies: 0.7946428571428572 48
Communication round: 83, Eavesdropper Accuracy: 0.8454545454545455 48 1
Communication round: 84, Aggregated Accuracies: 0.8054761904761905 49
Communication round: 84, Eavesdropper Accuracy: 0.8181818181818182 49 1
Communication round: 85, Aggregated Accuracies: 0.8129761904761904 50
Communication round: 85, Eavesdropper Accuracy: 0.8318181818181818 50 1
Communication round: 86, Aggregated Accuracies: 0.8147619047619047 51
Communication round: 86, Eavesdropper Accuracy: 0.8409090909090909 51 1
Communication round: 87, Aggregated Accuracies: 0.821190476190476 52
Communication round: 87, Eavesdropper Accuracy: 0.8363636363636363 52 1
Communication round: 88, Aggregated Accuracies: 0.84047619047619 53
Communication round: 88, Eavesdropper Accuracy: 0.8545454545454545 53 1
Communication round: 89, Eavesdropper Accuracy: 0.8477272727272728 53 0
Communication round: 90, Aggregated Accuracies: 0.8410714285714286 54
Communication round: 90, Eavesdropper Accuracy: 0.8568181818181818 54 1
Communication round: 91, Eavesdropper Accuracy: 0.8727272727272727 54 0
Communication round: 92, Eavesdropper Accuracy: 0.875 54 0
Communication round: 93, Eavesdropper Accuracy: 0.8954545454545455 54 0
Communication round: 94, Eavesdropper Accuracy: 0.8636363636363636 54 0
Communication round: 95, Eavesdropper Accuracy: 0.875 54 0
Communication round: 96, Eavesdropper Accuracy: 0.8522727272727273 54 0
Communication round: 97, Eavesdropper Accuracy: 0.8727272727272727 54 0
Communication round: 98, Eavesdropper Accuracy: 0.8954545454545455 54 0
Communication round: 99, Eavesdropper Accuracy: 0.865909090909091 54 0
----------------------------------------------------------------------------------------------------
----------------------------------------------------------------------------------------------------
50_30_100_1_2_0.99_False_
----------------------------------------------------------------------------------------------------
Communication round: 0, Smart Eavesdropper Accuracy: 0.20227272727272727 0 0
Communication round: 1, Smart Eavesdropper Accuracy: 0.24772727272727274 0 0
Communication round: 2, Smart Eavesdropper Accuracy: 0.2159090909090909 0 0
Communication round: 3, Smart Eavesdropper Accuracy: 0.2318181818181818 1 1
Communication round: 4, Smart Eavesdropper Accuracy: 0.2318181818181818 1 0
Communication round: 5, Smart Eavesdropper Accuracy: 0.2590909090909091 1 0
Communication round: 6, Smart Eavesdropper Accuracy: 0.2727272727272727 2 1
Communication round: 7, Smart Eavesdropper Accuracy: 0.27045454545454545 2 0
Communication round: 8, Aggregated Accuracies: 0.120952380952381 3
Communication round: 8, Smart Eavesdropper Accuracy: 0.30227272727272725 3 1
Communication round: 9, Smart Eavesdropper Accuracy: 0.3340909090909091 4 1
Communication round: 10, Aggregated Accuracies: 0.13833333333333336 5
Communication round: 10, Smart Eavesdropper Accuracy: 0.37727272727272726 5 1
Communication round: 11, Smart Eavesdropper Accuracy: 0.36818181818181817 6 1
Communication round: 12, Eavesdropper Accuracy: 0.12954545454545455 7 1
Communication round: 13, Smart Eavesdropper Accuracy: 0.2340909090909091 7 0
Communication round: 14, Eavesdropper Accuracy: 0.14545454545454545 8 1
Communication round: 15, Smart Eavesdropper Accuracy: 0.22045454545454546 8 0
Communication round: 16, Eavesdropper Accuracy: 0.1318181818181818 9 1
Communication round: 17, Smart Eavesdropper Accuracy: 0.20454545454545456 9 0
Communication round: 18, Eavesdropper Accuracy: 0.15227272727272728 10 1
Communication round: 19, Smart Eavesdropper Accuracy: 0.225 10 0
Communication round: 20, Eavesdropper Accuracy: 0.1318181818181818 11 1
Communication round: 21, Eavesdropper Accuracy: 0.1318181818181818 12 1
Communication round: 22, Eavesdropper Accuracy: 0.15 12 0
Communication round: 23, Eavesdropper Accuracy: 0.1159090909090909 13 1
Communication round: 24, Eavesdropper Accuracy: 0.1431818181818182 13 0
Communication round: 25, Aggregated Accuracies: 0.15964285714285714 14
Communication round: 25, Eavesdropper Accuracy: 0.1431818181818182 14 1
Communication round: 26, Aggregated Accuracies: 0.21095238095238092 15
Communication round: 26, Eavesdropper Accuracy: 0.2318181818181818 15 1
Communication round: 27, Eavesdropper Accuracy: 0.2340909090909091 15 0
Communication round: 28, Aggregated Accuracies: 0.2664285714285715 16
Communication round: 28, Eavesdropper Accuracy: 0.2840909090909091 16 1
Communication round: 29, Eavesdropper Accuracy: 0.28863636363636364 16 0
Communication round: 30, Aggregated Accuracies: 0.3278571428571429 17
Communication round: 30, Eavesdropper Accuracy: 0.35454545454545455 17 1
Communication round: 31, Eavesdropper Accuracy: 0.3795454545454545 18 1
Communication round: 32, Eavesdropper Accuracy: 0.3522727272727273 19 1
Communication round: 33, Eavesdropper Accuracy: 0.3613636363636364 19 0
Communication round: 34, Aggregated Accuracies: 0.3895238095238095 20
Communication round: 34, Eavesdropper Accuracy: 0.4340909090909091 20 1
Communication round: 35, Aggregated Accuracies: 0.44357142857142867 21
Communication round: 35, Eavesdropper Accuracy: 0.4409090909090909 21 1
Communication round: 36, Aggregated Accuracies: 0.4921428571428571 22
Communication round: 36, Eavesdropper Accuracy: 0.5204545454545455 22 1
Communication round: 37, Aggregated Accuracies: 0.5480952380952382 23
Communication round: 37, Eavesdropper Accuracy: 0.5636363636363636 23 1
Communication round: 38, Eavesdropper Accuracy: 0.5568181818181818 23 0
Communication round: 39, Eavesdropper Accuracy: 0.5886363636363636 23 0
Communication round: 40, Aggregated Accuracies: 0.5720238095238096 24
Communication round: 40, Eavesdropper Accuracy: 0.65 24 1
Communication round: 41, Aggregated Accuracies: 0.6173809523809524 25
Communication round: 41, Eavesdropper Accuracy: 0.6431818181818182 25 1
Communication round: 42, Eavesdropper Accuracy: 0.6681818181818182 26 1
Communication round: 43, Eavesdropper Accuracy: 0.7 27 1
Communication round: 44, Eavesdropper Accuracy: 0.675 28 1
Communication round: 45, Eavesdropper Accuracy: 0.6659090909090909 29 1
Communication round: 46, Eavesdropper Accuracy: 0.6590909090909091 30 1
Communication round: 47, Eavesdropper Accuracy: 0.6590909090909091 31 1
Communication round: 48, Eavesdropper Accuracy: 0.6886363636363636 31 0
Communication round: 49, Eavesdropper Accuracy: 0.6659090909090909 31 0
Communication round: 50, Eavesdropper Accuracy: 0.6431818181818182 31 0
Communication round: 51, Eavesdropper Accuracy: 0.6568181818181819 32 1
Communication round: 52, Eavesdropper Accuracy: 0.6363636363636364 33 1
Communication round: 53, Eavesdropper Accuracy: 0.6772727272727272 34 1
Communication round: 54, Eavesdropper Accuracy: 0.6431818181818182 34 0
Communication round: 55, Eavesdropper Accuracy: 0.6863636363636364 35 1
Communication round: 56, Eavesdropper Accuracy: 0.6840909090909091 35 0
Communication round: 57, Eavesdropper Accuracy: 0.6886363636363636 35 0
Communication round: 58, Eavesdropper Accuracy: 0.6568181818181819 36 1
Communication round: 59, Eavesdropper Accuracy: 0.6886363636363636 36 0
Communication round: 60, Eavesdropper Accuracy: 0.6590909090909091 37 1
Communication round: 61, Aggregated Accuracies: 0.6498809523809524 38
Communication round: 61, Eavesdropper Accuracy: 0.7113636363636363 38 1
Communication round: 62, Eavesdropper Accuracy: 0.7045454545454546 39 1
Communication round: 63, Eavesdropper Accuracy: 0.7181818181818181 39 0
Communication round: 64, Eavesdropper Accuracy: 0.6977272727272728 40 1
Communication round: 65, Eavesdropper Accuracy: 0.6977272727272728 41 1
Communication round: 66, Eavesdropper Accuracy: 0.7068181818181818 41 0
Communication round: 67, Eavesdropper Accuracy: 0.7045454545454546 41 0
Communication round: 68, Eavesdropper Accuracy: 0.675 42 1
Communication round: 69, Eavesdropper Accuracy: 0.6931818181818182 43 1
Communication round: 70, Eavesdropper Accuracy: 0.7136363636363636 44 1
Communication round: 71, Eavesdropper Accuracy: 0.6818181818181818 44 0
Communication round: 72, Eavesdropper Accuracy: 0.7159090909090909 45 1
Communication round: 73, Eavesdropper Accuracy: 0.7022727272727273 45 0
Communication round: 74, Eavesdropper Accuracy: 0.6613636363636364 45 0
Communication round: 75, Eavesdropper Accuracy: 0.6863636363636364 45 0
Communication round: 76, Eavesdropper Accuracy: 0.6909090909090909 45 0
Communication round: 77, Eavesdropper Accuracy: 0.6863636363636364 45 0
Communication round: 78, Eavesdropper Accuracy: 0.7113636363636363 45 0
Communication round: 79, Eavesdropper Accuracy: 0.6863636363636364 45 0
Communication round: 80, Eavesdropper Accuracy: 0.6954545454545454 45 0
Communication round: 81, Eavesdropper Accuracy: 0.6818181818181818 45 0
Communication round: 82, Eavesdropper Accuracy: 0.7022727272727273 45 0
Communication round: 83, Eavesdropper Accuracy: 0.6886363636363636 45 0
Communication round: 84, Aggregated Accuracies: 0.6717857142857142 46
Communication round: 84, Eavesdropper Accuracy: 0.7159090909090909 46 1
Communication round: 85, Eavesdropper Accuracy: 0.7181818181818181 46 0
Communication round: 86, Eavesdropper Accuracy: 0.7 46 0
Communication round: 87, Eavesdropper Accuracy: 0.7 46 0
Communication round: 88, Aggregated Accuracies: 0.6860714285714288 47
Communication round: 88, Eavesdropper Accuracy: 0.7363636363636363 47 1
Communication round: 89, Eavesdropper Accuracy: 0.7363636363636363 47 0
Communication round: 90, Aggregated Accuracies: 0.7195238095238093 48
Communication round: 90, Eavesdropper Accuracy: 0.7613636363636364 48 1
Communication round: 91, Aggregated Accuracies: 0.7329761904761907 49
Communication round: 91, Eavesdropper Accuracy: 0.7840909090909091 49 1
Communication round: 92, Aggregated Accuracies: 0.7554761904761905 50
Communication round: 92, Eavesdropper Accuracy: 0.8022727272727272 50 1
Communication round: 93, Eavesdropper Accuracy: 0.8022727272727272 50 0
Communication round: 94, Eavesdropper Accuracy: 0.8136363636363636 51 1
Communication round: 95, Eavesdropper Accuracy: 0.8045454545454546 52 1
Communication round: 96, Eavesdropper Accuracy: 0.7886363636363637 52 0
Communication round: 97, Eavesdropper Accuracy: 0.8113636363636364 52 0
Communication round: 98, Eavesdropper Accuracy: 0.7909090909090909 52 0
Communication round: 99, Aggregated Accuracies: 0.7755952380952382 53
Communication round: 99, Eavesdropper Accuracy: 0.8386363636363636 53 1
----------------------------------------------------------------------------------------------------
----------------------------------------------------------------------------------------------------
50_30_100_1_2_0.99_False_
----------------------------------------------------------------------------------------------------
Communication round: 0, Smart Eavesdropper Accuracy: 0.13863636363636364 0 0
Communication round: 1, Smart Eavesdropper Accuracy: 0.20909090909090908 1 1
Communication round: 2, Eavesdropper Accuracy: 0.045454545454545456 2 1
Communication round: 3, Eavesdropper Accuracy: 0.04772727272727273 3 1
Communication round: 4, Eavesdropper Accuracy: 0.0659090909090909 3 0
Communication round: 5, Eavesdropper Accuracy: 0.05 4 1
Communication round: 6, Eavesdropper Accuracy: 0.04772727272727273 4 0
Communication round: 7, Aggregated Accuracies: 0.08345238095238097 5
Communication round: 7, Eavesdropper Accuracy: 0.08181818181818182 5 1
Communication round: 8, Eavesdropper Accuracy: 0.075 5 0
Communication round: 9, Smart Eavesdropper Accuracy: 0.1590909090909091 5 0
Communication round: 10, Smart Eavesdropper Accuracy: 0.16363636363636364 5 0
Communication round: 11, Smart Eavesdropper Accuracy: 0.19090909090909092 5 0
Communication round: 12, Smart Eavesdropper Accuracy: 0.18181818181818182 5 0
Communication round: 13, Smart Eavesdropper Accuracy: 0.175 6 1
Communication round: 14, Smart Eavesdropper Accuracy: 0.19318181818181818 7 1
Communication round: 15, Aggregated Accuracies: 0.1086904761904762 8
Communication round: 15, Smart Eavesdropper Accuracy: 0.18181818181818182 8 1
Communication round: 16, Aggregated Accuracies: 0.14988095238095236 9
Communication round: 16, Eavesdropper Accuracy: 0.16136363636363638 9 1
Communication round: 17, Eavesdropper Accuracy: 0.16818181818181818 10 1
Communication round: 18, Aggregated Accuracies: 0.21071428571428563 11
Communication round: 18, Eavesdropper Accuracy: 0.22727272727272727 11 1
Communication round: 19, Aggregated Accuracies: 0.2739285714285714 12
Communication round: 19, Eavesdropper Accuracy: 0.29772727272727273 12 1
Communication round: 20, Eavesdropper Accuracy: 0.29772727272727273 13 1
Communication round: 21, Eavesdropper Accuracy: 0.3068181818181818 14 1
Communication round: 22, Eavesdropper Accuracy: 0.2863636363636364 14 0
Communication round: 23, Eavesdropper Accuracy: 0.2840909090909091 14 0
Communication round: 24, Eavesdropper Accuracy: 0.3 14 0
Communication round: 25, Eavesdropper Accuracy: 0.2909090909090909 14 0
Communication round: 26, Aggregated Accuracies: 0.34380952380952384 15
Communication round: 26, Eavesdropper Accuracy: 0.37272727272727274 15 1
Communication round: 27, Eavesdropper Accuracy: 0.4022727272727273 15 0
Communication round: 28, Eavesdropper Accuracy: 0.3840909090909091 16 1
Communication round: 29, Aggregated Accuracies: 0.39285714285714285 17
Communication round: 29, Eavesdropper Accuracy: 0.46136363636363636 17 1
Communication round: 30, Eavesdropper Accuracy: 0.42045454545454547 18 1
Communication round: 31, Eavesdropper Accuracy: 0.42954545454545456 19 1
Communication round: 32, Eavesdropper Accuracy: 0.42045454545454547 20 1
Communication round: 33, Eavesdropper Accuracy: 0.41818181818181815 20 0
Communication round: 34, Eavesdropper Accuracy: 0.4340909090909091 21 1
Communication round: 35, Aggregated Accuracies: 0.4464285714285715 22
Communication round: 35, Eavesdropper Accuracy: 0.49318181818181817 22 1
Communication round: 36, Eavesdropper Accuracy: 0.475 23 1
Communication round: 37, Eavesdropper Accuracy: 0.4954545454545455 24 1
Communication round: 38, Eavesdropper Accuracy: 0.4909090909090909 24 0
Communication round: 39, Eavesdropper Accuracy: 0.48863636363636365 24 0
Communication round: 40, Aggregated Accuracies: 0.493095238095238 25
Communication round: 40, Eavesdropper Accuracy: 0.5522727272727272 25 1
Communication round: 41, Eavesdropper Accuracy: 0.5477272727272727 25 0
Communication round: 42, Aggregated Accuracies: 0.5290476190476191 26
Communication round: 42, Eavesdropper Accuracy: 0.5340909090909091 26 1
Communication round: 43, Eavesdropper Accuracy: 0.5363636363636364 27 1
Communication round: 44, Eavesdropper Accuracy: 0.5613636363636364 28 1
Communication round: 45, Eavesdropper Accuracy: 0.5636363636363636 29 1
Communication round: 46, Eavesdropper Accuracy: 0.5545454545454546 30 1
Communication round: 47, Eavesdropper Accuracy: 0.5636363636363636 31 1
Communication round: 48, Eavesdropper Accuracy: 0.5886363636363636 32 1
Communication round: 49, Eavesdropper Accuracy: 0.5681818181818182 33 1
Communication round: 50, Aggregated Accuracies: 0.571309523809524 34
Communication round: 50, Eavesdropper Accuracy: 0.5840909090909091 34 1
Communication round: 51, Aggregated Accuracies: 0.5948809523809524 35
Communication round: 51, Eavesdropper Accuracy: 0.6386363636363637 35 1
Communication round: 52, Aggregated Accuracies: 0.6289285714285715 36
Communication round: 52, Eavesdropper Accuracy: 0.6590909090909091 36 1
Communication round: 53, Eavesdropper Accuracy: 0.6636363636363637 37 1
Communication round: 54, Eavesdropper Accuracy: 0.6613636363636364 38 1
Communication round: 55, Eavesdropper Accuracy: 0.6477272727272727 39 1
Communication round: 56, Eavesdropper Accuracy: 0.6272727272727273 40 1
Communication round: 57, Eavesdropper Accuracy: 0.65 40 0
Communication round: 58, Eavesdropper Accuracy: 0.6545454545454545 40 0
Communication round: 59, Eavesdropper Accuracy: 0.6659090909090909 40 0
Communication round: 60, Eavesdropper Accuracy: 0.6613636363636364 41 1
Communication round: 61, Eavesdropper Accuracy: 0.6363636363636364 42 1
Communication round: 62, Eavesdropper Accuracy: 0.6659090909090909 43 1
Communication round: 63, Eavesdropper Accuracy: 0.6568181818181819 44 1
Communication round: 64, Eavesdropper Accuracy: 0.634090909090909 45 1
Communication round: 65, Eavesdropper Accuracy: 0.6636363636363637 46 1
Communication round: 66, Eavesdropper Accuracy: 0.6772727272727272 46 0
Communication round: 67, Eavesdropper Accuracy: 0.6863636363636364 46 0
Communication round: 68, Aggregated Accuracies: 0.649404761904762 47
Communication round: 68, Eavesdropper Accuracy: 0.6659090909090909 47 1
Communication round: 69, Eavesdropper Accuracy: 0.6863636363636364 47 0
Communication round: 70, Aggregated Accuracies: 0.6710714285714287 48
Communication round: 70, Eavesdropper Accuracy: 0.7090909090909091 48 1
Communication round: 71, Aggregated Accuracies: 0.7000000000000003 49
Communication round: 71, Eavesdropper Accuracy: 0.7272727272727273 49 1
Communication round: 72, Aggregated Accuracies: 0.7203571428571426 50
Communication round: 72, Eavesdropper Accuracy: 0.7340909090909091 50 1
Communication round: 73, Aggregated Accuracies: 0.7375 51
Communication round: 73, Eavesdropper Accuracy: 0.75 51 1
Communication round: 74, Aggregated Accuracies: 0.7580952380952383 52
Communication round: 74, Eavesdropper Accuracy: 0.7545454545454545 52 1
Communication round: 75, Aggregated Accuracies: 0.764761904761905 53
Communication round: 75, Eavesdropper Accuracy: 0.7840909090909091 53 1
Communication round: 76, Aggregated Accuracies: 0.7758333333333334 54
Communication round: 76, Eavesdropper Accuracy: 0.7909090909090909 54 1
Communication round: 77, Aggregated Accuracies: 0.7848809523809525 55
Communication round: 77, Eavesdropper Accuracy: 0.8045454545454546 55 1
Communication round: 78, Aggregated Accuracies: 0.7978571428571434 56
Communication round: 78, Eavesdropper Accuracy: 0.7954545454545454 56 1
Communication round: 79, Aggregated Accuracies: 0.8058333333333332 57
Communication round: 79, Eavesdropper Accuracy: 0.8136363636363636 57 1
Communication round: 80, Eavesdropper Accuracy: 0.8159090909090909 57 0
Communication round: 81, Eavesdropper Accuracy: 0.8113636363636364 57 0
Communication round: 82, Eavesdropper Accuracy: 0.8090909090909091 57 0
Communication round: 83, Eavesdropper Accuracy: 0.8204545454545454 58 1
Communication round: 84, Aggregated Accuracies: 0.8096428571428571 59
Communication round: 84, Eavesdropper Accuracy: 0.825 59 1
Communication round: 85, Aggregated Accuracies: 0.8172619047619049 60
Communication round: 85, Eavesdropper Accuracy: 0.8181818181818182 60 1
Communication round: 86, Eavesdropper Accuracy: 0.8454545454545455 60 0
Communication round: 87, Eavesdropper Accuracy: 0.8113636363636364 60 0
Communication round: 88, Eavesdropper Accuracy: 0.8340909090909091 60 0
Communication round: 89, Eavesdropper Accuracy: 0.8295454545454546 60 0
Communication round: 90, Eavesdropper Accuracy: 0.8340909090909091 60 0
Communication round: 91, Eavesdropper Accuracy: 0.825 61 1
Communication round: 92, Eavesdropper Accuracy: 0.8590909090909091 62 1
Communication round: 93, Aggregated Accuracies: 0.8208333333333334 63
Communication round: 93, Eavesdropper Accuracy: 0.8454545454545455 63 1
Communication round: 94, Aggregated Accuracies: 0.8234523809523812 64
Communication round: 94, Eavesdropper Accuracy: 0.8227272727272728 64 1
Communication round: 95, Aggregated Accuracies: 0.832857142857143 65
Communication round: 95, Eavesdropper Accuracy: 0.8522727272727273 65 1
Communication round: 96, Eavesdropper Accuracy: 0.8409090909090909 65 0
Communication round: 97, Eavesdropper Accuracy: 0.8431818181818181 65 0
Communication round: 98, Eavesdropper Accuracy: 0.8363636363636363 65 0
Communication round: 99, Eavesdropper Accuracy: 0.8295454545454546 65 0
----------------------------------------------------------------------------------------------------
----------------------------------------------------------------------------------------------------
50_30_100_1_2_0.99_False_
----------------------------------------------------------------------------------------------------
Communication round: 0, Eavesdropper Accuracy: 0.07045454545454545 1 1
Communication round: 1, Eavesdropper Accuracy: 0.056818181818181816 2 1
Communication round: 2, Eavesdropper Accuracy: 0.07727272727272727 2 0
Communication round: 3, Smart Eavesdropper Accuracy: 0.1431818181818182 2 0
Communication round: 4, Eavesdropper Accuracy: 0.07272727272727272 3 1
Communication round: 5, Smart Eavesdropper Accuracy: 0.1431818181818182 3 0
Communication round: 6, Smart Eavesdropper Accuracy: 0.15681818181818183 3 0
Communication round: 7, Aggregated Accuracies: 0.1148809523809524 4
Communication round: 7, Smart Eavesdropper Accuracy: 0.15227272727272728 4 1
Communication round: 8, Eavesdropper Accuracy: 0.125 5 1
Communication round: 9, Smart Eavesdropper Accuracy: 0.1409090909090909 5 0
Communication round: 10, Eavesdropper Accuracy: 0.125 6 1
Communication round: 11, Smart Eavesdropper Accuracy: 0.1409090909090909 6 0
Communication round: 12, Smart Eavesdropper Accuracy: 0.16818181818181818 6 0
Communication round: 13, Smart Eavesdropper Accuracy: 0.17954545454545454 7 1
Communication round: 14, Aggregated Accuracies: 0.1442857142857143 8
Communication round: 14, Eavesdropper Accuracy: 0.16136363636363638 8 1
Communication round: 15, Smart Eavesdropper Accuracy: 0.15681818181818183 8 0
Communication round: 16, Aggregated Accuracies: 0.16119047619047613 9
Communication round: 16, Eavesdropper Accuracy: 0.18181818181818182 9 1
Communication round: 17, Aggregated Accuracies: 0.2180952380952381 10
Communication round: 17, Eavesdropper Accuracy: 0.24545454545454545 10 1
Communication round: 18, Eavesdropper Accuracy: 0.2431818181818182 10 0
Communication round: 19, Smart Eavesdropper Accuracy: 0.1590909090909091 10 0
Communication round: 20, Smart Eavesdropper Accuracy: 0.1431818181818182 10 0
Communication round: 21, Aggregated Accuracies: 0.25892857142857134 11
Communication round: 21, Smart Eavesdropper Accuracy: 0.16818181818181818 11 1
Communication round: 22, Smart Eavesdropper Accuracy: 0.16818181818181818 11 0
Communication round: 23, Smart Eavesdropper Accuracy: 0.17045454545454544 11 0
Communication round: 24, Aggregated Accuracies: 0.3245238095238095 12
Communication round: 24, Smart Eavesdropper Accuracy: 0.16363636363636364 12 1
Communication round: 25, Aggregated Accuracies: 0.3689285714285714 13
Communication round: 25, Smart Eavesdropper Accuracy: 0.18181818181818182 13 1
Communication round: 26, Aggregated Accuracies: 0.4191666666666667 14
Communication round: 26, Eavesdropper Accuracy: 0.475 14 1
Communication round: 27, Aggregated Accuracies: 0.4710714285714286 15
Communication round: 27, Eavesdropper Accuracy: 0.49318181818181817 15 1
Communication round: 28, Eavesdropper Accuracy: 0.5272727272727272 16 1
Communication round: 29, Eavesdropper Accuracy: 0.5431818181818182 17 1
Communication round: 30, Eavesdropper Accuracy: 0.5477272727272727 18 1
Communication round: 31, Eavesdropper Accuracy: 0.5113636363636364 19 1
Communication round: 32, Eavesdropper Accuracy: 0.5272727272727272 19 0
Communication round: 33, Eavesdropper Accuracy: 0.525 19 0
Communication round: 34, Eavesdropper Accuracy: 0.525 20 1
Communication round: 35, Eavesdropper Accuracy: 0.4909090909090909 20 0
Communication round: 36, Eavesdropper Accuracy: 0.5477272727272727 21 1
Communication round: 37, Eavesdropper Accuracy: 0.5363636363636364 21 0
Communication round: 38, Eavesdropper Accuracy: 0.5022727272727273 21 0
Communication round: 39, Eavesdropper Accuracy: 0.525 21 0
Communication round: 40, Eavesdropper Accuracy: 0.5386363636363637 22 1
Communication round: 41, Eavesdropper Accuracy: 0.5272727272727272 23 1
Communication round: 42, Eavesdropper Accuracy: 0.5113636363636364 24 1
Communication round: 43, Eavesdropper Accuracy: 0.4909090909090909 25 1
Communication round: 44, Eavesdropper Accuracy: 0.5477272727272727 26 1
Communication round: 45, Aggregated Accuracies: 0.5114285714285715 27
Communication round: 45, Eavesdropper Accuracy: 0.55 27 1
Communication round: 46, Eavesdropper Accuracy: 0.5590909090909091 28 1
Communication round: 47, Eavesdropper Accuracy: 0.5568181818181818 29 1
Communication round: 48, Eavesdropper Accuracy: 0.5522727272727272 30 1
Communication round: 49, Eavesdropper Accuracy: 0.5477272727272727 30 0
Communication round: 50, Eavesdropper Accuracy: 0.5545454545454546 31 1
Communication round: 51, Eavesdropper Accuracy: 0.575 32 1
Communication round: 52, Eavesdropper Accuracy: 0.5772727272727273 32 0
Communication round: 53, Eavesdropper Accuracy: 0.5704545454545454 33 1
Communication round: 54, Eavesdropper Accuracy: 0.5545454545454546 33 0
Communication round: 55, Eavesdropper Accuracy: 0.5704545454545454 34 1
Communication round: 56, Eavesdropper Accuracy: 0.5522727272727272 35 1
Communication round: 57, Eavesdropper Accuracy: 0.6 36 1
Communication round: 58, Aggregated Accuracies: 0.5360714285714285 37
Communication round: 58, Eavesdropper Accuracy: 0.6068181818181818 37 1
Communication round: 59, Aggregated Accuracies: 0.5704761904761904 38
Communication round: 59, Eavesdropper Accuracy: 0.6454545454545455 38 1
Communication round: 60, Aggregated Accuracies: 0.6119047619047621 39
Communication round: 60, Eavesdropper Accuracy: 0.6909090909090909 39 1
Communication round: 61, Eavesdropper Accuracy: 0.7090909090909091 39 0
Communication round: 62, Eavesdropper Accuracy: 0.725 39 0
Communication round: 63, Eavesdropper Accuracy: 0.7227272727272728 39 0
Communication round: 64, Eavesdropper Accuracy: 0.7090909090909091 40 1
Communication round: 65, Eavesdropper Accuracy: 0.7045454545454546 41 1
Communication round: 66, Eavesdropper Accuracy: 0.7 41 0
Communication round: 67, Eavesdropper Accuracy: 0.7045454545454546 42 1
Communication round: 68, Eavesdropper Accuracy: 0.7090909090909091 43 1
Communication round: 69, Eavesdropper Accuracy: 0.6931818181818182 44 1
Communication round: 70, Eavesdropper Accuracy: 0.7045454545454546 44 0
Communication round: 71, Eavesdropper Accuracy: 0.6909090909090909 44 0
Communication round: 72, Eavesdropper Accuracy: 0.7068181818181818 45 1
Communication round: 73, Eavesdropper Accuracy: 0.7318181818181818 45 0
Communication round: 74, Eavesdropper Accuracy: 0.7159090909090909 46 1
Communication round: 75, Eavesdropper Accuracy: 0.6954545454545454 46 0
Communication round: 76, Eavesdropper Accuracy: 0.7295454545454545 46 0
Communication round: 77, Eavesdropper Accuracy: 0.725 46 0
Communication round: 78, Eavesdropper Accuracy: 0.6977272727272728 46 0
Communication round: 79, Eavesdropper Accuracy: 0.7022727272727273 47 1
Communication round: 80, Eavesdropper Accuracy: 0.7159090909090909 48 1
Communication round: 81, Eavesdropper Accuracy: 0.725 49 1
Communication round: 82, Eavesdropper Accuracy: 0.7159090909090909 50 1
Communication round: 83, Eavesdropper Accuracy: 0.6886363636363636 51 1
Communication round: 84, Eavesdropper Accuracy: 0.6727272727272727 52 1
Communication round: 85, Eavesdropper Accuracy: 0.7068181818181818 52 0
Communication round: 86, Eavesdropper Accuracy: 0.7045454545454546 53 1
Communication round: 87, Eavesdropper Accuracy: 0.6977272727272728 54 1
Communication round: 88, Eavesdropper Accuracy: 0.7045454545454546 54 0
Communication round: 89, Eavesdropper Accuracy: 0.7068181818181818 54 0
Communication round: 90, Eavesdropper Accuracy: 0.7068181818181818 55 1
Communication round: 91, Eavesdropper Accuracy: 0.6909090909090909 56 1
Communication round: 92, Eavesdropper Accuracy: 0.6863636363636364 57 1
Communication round: 93, Aggregated Accuracies: 0.6476190476190474 58
Communication round: 93, Eavesdropper Accuracy: 0.7568181818181818 58 1
Communication round: 94, Eavesdropper Accuracy: 0.725 59 1
Communication round: 95, Eavesdropper Accuracy: 0.7181818181818181 60 1
Communication round: 96, Eavesdropper Accuracy: 0.7159090909090909 60 0
Communication round: 97, Eavesdropper Accuracy: 0.7363636363636363 61 1
Communication round: 98, Eavesdropper Accuracy: 0.725 62 1
Communication round: 99, Eavesdropper Accuracy: 0.7340909090909091 62 0
----------------------------------------------------------------------------------------------------
----------------------------------------------------------------------------------------------------
50_30_100_1_2_0.99_False_
----------------------------------------------------------------------------------------------------
Communication round: 0, Eavesdropper Accuracy: 0.02727272727272727 1 1
Communication round: 1, Eavesdropper Accuracy: 0.04090909090909091 2 1
Communication round: 2, Eavesdropper Accuracy: 0.025 3 1
Communication round: 3, Eavesdropper Accuracy: 0.031818181818181815 4 1
Communication round: 4, Eavesdropper Accuracy: 0.02727272727272727 5 1
Communication round: 5, Aggregated Accuracies: 0.09190476190476192 6
Communication round: 5, Eavesdropper Accuracy: 0.11818181818181818 6 1
Communication round: 6, Aggregated Accuracies: 0.12083333333333336 7
Communication round: 6, Eavesdropper Accuracy: 0.1409090909090909 7 1
Communication round: 7, Aggregated Accuracies: 0.1720238095238095 8
Communication round: 7, Eavesdropper Accuracy: 0.1590909090909091 8 1
Communication round: 8, Aggregated Accuracies: 0.1991666666666667 9
Communication round: 8, Eavesdropper Accuracy: 0.22727272727272727 9 1
Communication round: 9, Aggregated Accuracies: 0.2723809523809524 10
Communication round: 9, Eavesdropper Accuracy: 0.30227272727272725 10 1
Communication round: 10, Eavesdropper Accuracy: 0.31363636363636366 11 1
Communication round: 11, Eavesdropper Accuracy: 0.27954545454545454 12 1
Communication round: 12, Eavesdropper Accuracy: 0.31136363636363634 13 1
Communication round: 13, Aggregated Accuracies: 0.336547619047619 14
Communication round: 13, Eavesdropper Accuracy: 0.4340909090909091 14 1
Communication round: 14, Aggregated Accuracies: 0.39190476190476176 15
Communication round: 14, Eavesdropper Accuracy: 0.46136363636363636 15 1
Communication round: 15, Aggregated Accuracies: 0.4507142857142857 16
Communication round: 15, Eavesdropper Accuracy: 0.5204545454545455 16 1
Communication round: 16, Aggregated Accuracies: 0.48583333333333345 17
Communication round: 16, Eavesdropper Accuracy: 0.5818181818181818 17 1
Communication round: 17, Eavesdropper Accuracy: 0.5477272727272727 18 1
Communication round: 18, Eavesdropper Accuracy: 0.5681818181818182 19 1
Communication round: 19, Eavesdropper Accuracy: 0.5613636363636364 20 1
Communication round: 20, Eavesdropper Accuracy: 0.5818181818181818 21 1
Communication round: 21, Aggregated Accuracies: 0.5276190476190474 22
Communication round: 21, Eavesdropper Accuracy: 0.5840909090909091 22 1
Communication round: 22, Aggregated Accuracies: 0.5498809523809525 23
Communication round: 22, Eavesdropper Accuracy: 0.6204545454545455 23 1
Communication round: 23, Aggregated Accuracies: 0.586190476190476 24
Communication round: 23, Eavesdropper Accuracy: 0.6590909090909091 24 1
Communication round: 24, Eavesdropper Accuracy: 0.6545454545454545 24 0
Communication round: 25, Eavesdropper Accuracy: 0.6636363636363637 24 0
Communication round: 26, Aggregated Accuracies: 0.6298809523809524 25
Communication round: 26, Eavesdropper Accuracy: 0.675 25 1
Communication round: 27, Aggregated Accuracies: 0.6552380952380952 26
Communication round: 27, Eavesdropper Accuracy: 0.7068181818181818 26 1
Communication round: 28, Aggregated Accuracies: 0.6713095238095238 27
Communication round: 28, Eavesdropper Accuracy: 0.6954545454545454 27 1
Communication round: 29, Aggregated Accuracies: 0.6871428571428573 28
Communication round: 29, Eavesdropper Accuracy: 0.725 28 1
Communication round: 30, Aggregated Accuracies: 0.7019047619047618 29
Communication round: 30, Eavesdropper Accuracy: 0.7340909090909091 29 1
Communication round: 31, Aggregated Accuracies: 0.7141666666666666 30
Communication round: 31, Eavesdropper Accuracy: 0.7863636363636364 30 1
Communication round: 32, Aggregated Accuracies: 0.7353571428571425 31
Communication round: 32, Eavesdropper Accuracy: 0.7727272727272727 31 1
Communication round: 33, Aggregated Accuracies: 0.750238095238095 32
Communication round: 33, Eavesdropper Accuracy: 0.7818181818181819 32 1
Communication round: 34, Aggregated Accuracies: 0.7620238095238093 33
Communication round: 34, Eavesdropper Accuracy: 0.7909090909090909 33 1
Communication round: 35, Aggregated Accuracies: 0.7795238095238095 34
Communication round: 35, Eavesdropper Accuracy: 0.7909090909090909 34 1
Communication round: 36, Aggregated Accuracies: 0.7891666666666667 35
Communication round: 36, Eavesdropper Accuracy: 0.8136363636363636 35 1
Communication round: 37, Aggregated Accuracies: 0.8032142857142855 36
Communication round: 37, Eavesdropper Accuracy: 0.8204545454545454 36 1
Communication round: 38, Aggregated Accuracies: 0.8073809523809526 37
Communication round: 38, Eavesdropper Accuracy: 0.8363636363636363 37 1
Communication round: 39, Aggregated Accuracies: 0.8132142857142859 38
Communication round: 39, Eavesdropper Accuracy: 0.8295454545454546 38 1
Communication round: 40, Aggregated Accuracies: 0.8238095238095235 39
Communication round: 40, Eavesdropper Accuracy: 0.8522727272727273 39 1
Communication round: 41, Aggregated Accuracies: 0.828095238095238 40
Communication round: 41, Eavesdropper Accuracy: 0.85 40 1
Communication round: 42, Eavesdropper Accuracy: 0.8613636363636363 40 0
Communication round: 43, Aggregated Accuracies: 0.8391666666666667 41
Communication round: 43, Eavesdropper Accuracy: 0.8727272727272727 41 1
Communication round: 44, Eavesdropper Accuracy: 0.865909090909091 41 0
Communication round: 45, Eavesdropper Accuracy: 0.8704545454545455 41 0
Communication round: 46, Eavesdropper Accuracy: 0.8568181818181818 41 0
Communication round: 47, Eavesdropper Accuracy: 0.8522727272727273 41 0
Communication round: 48, Eavesdropper Accuracy: 0.85 41 0
Communication round: 49, Aggregated Accuracies: 0.8445238095238095 42
Communication round: 49, Eavesdropper Accuracy: 0.8636363636363636 42 1
Communication round: 50, Eavesdropper Accuracy: 0.8613636363636363 42 0
Communication round: 51, Eavesdropper Accuracy: 0.8727272727272727 42 0
Communication round: 52, Eavesdropper Accuracy: 0.8613636363636363 42 0
Communication round: 53, Eavesdropper Accuracy: 0.8772727272727273 42 0
Communication round: 54, Eavesdropper Accuracy: 0.8590909090909091 42 0
Communication round: 55, Eavesdropper Accuracy: 0.865909090909091 42 0
Communication round: 56, Eavesdropper Accuracy: 0.8681818181818182 42 0
Communication round: 57, Eavesdropper Accuracy: 0.8636363636363636 42 0
Communication round: 58, Eavesdropper Accuracy: 0.8795454545454545 42 0
Communication round: 59, Eavesdropper Accuracy: 0.8568181818181818 42 0
Communication round: 60, Eavesdropper Accuracy: 0.8681818181818182 42 0
Communication round: 61, Eavesdropper Accuracy: 0.8727272727272727 42 0
Communication round: 62, Eavesdropper Accuracy: 0.8772727272727273 42 0
Communication round: 63, Eavesdropper Accuracy: 0.8818181818181818 42 0
Communication round: 64, Eavesdropper Accuracy: 0.8545454545454545 42 0
Communication round: 65, Eavesdropper Accuracy: 0.8590909090909091 42 0
Communication round: 66, Eavesdropper Accuracy: 0.8454545454545455 42 0
Communication round: 67, Eavesdropper Accuracy: 0.8636363636363636 42 0
Communication round: 68, Eavesdropper Accuracy: 0.8613636363636363 42 0
Communication round: 69, Eavesdropper Accuracy: 0.85 42 0
Communication round: 70, Eavesdropper Accuracy: 0.8613636363636363 42 0
Communication round: 71, Eavesdropper Accuracy: 0.8636363636363636 42 0
Communication round: 72, Eavesdropper Accuracy: 0.8681818181818182 42 0
Communication round: 73, Eavesdropper Accuracy: 0.8681818181818182 42 0
Communication round: 74, Eavesdropper Accuracy: 0.865909090909091 42 0
Communication round: 75, Eavesdropper Accuracy: 0.8590909090909091 42 0
Communication round: 76, Eavesdropper Accuracy: 0.8636363636363636 42 0
Communication round: 77, Eavesdropper Accuracy: 0.8431818181818181 42 0
Communication round: 78, Eavesdropper Accuracy: 0.8704545454545455 42 0
Communication round: 79, Eavesdropper Accuracy: 0.865909090909091 42 0
Communication round: 80, Eavesdropper Accuracy: 0.8772727272727273 42 0
Communication round: 81, Eavesdropper Accuracy: 0.8727272727272727 42 0
Communication round: 82, Eavesdropper Accuracy: 0.8613636363636363 42 0
Communication round: 83, Smart Eavesdropper Accuracy: 0.2636363636363636 42 0
Communication round: 84, Smart Eavesdropper Accuracy: 0.37727272727272726 42 0
Communication round: 85, Smart Eavesdropper Accuracy: 0.28863636363636364 42 0
Communication round: 86, Smart Eavesdropper Accuracy: 0.44545454545454544 42 0
Communication round: 87, Smart Eavesdropper Accuracy: 0.32954545454545453 42 0
Communication round: 88, Smart Eavesdropper Accuracy: 0.39090909090909093 42 0
Communication round: 89, Smart Eavesdropper Accuracy: 0.375 42 0
Communication round: 90, Smart Eavesdropper Accuracy: 0.3340909090909091 42 0
Communication round: 91, Smart Eavesdropper Accuracy: 0.38636363636363635 42 0
Communication round: 92, Smart Eavesdropper Accuracy: 0.35909090909090907 42 0
Communication round: 93, Smart Eavesdropper Accuracy: 0.3931818181818182 42 0
Communication round: 94, Smart Eavesdropper Accuracy: 0.32272727272727275 42 0
Communication round: 95, Smart Eavesdropper Accuracy: 0.34545454545454546 42 0
Communication round: 96, Smart Eavesdropper Accuracy: 0.32727272727272727 42 0
Communication round: 97, Smart Eavesdropper Accuracy: 0.3159090909090909 42 0
Communication round: 98, Smart Eavesdropper Accuracy: 0.3613636363636364 42 0
Communication round: 99, Smart Eavesdropper Accuracy: 0.3477272727272727 42 0
----------------------------------------------------------------------------------------------------
----------------------------------------------------------------------------------------------------
50_30_100_1_2_0.99_False_
----------------------------------------------------------------------------------------------------
Communication round: 0, Smart Eavesdropper Accuracy: 0.18863636363636363 0 0
Communication round: 1, Smart Eavesdropper Accuracy: 0.21136363636363636 1 1
Communication round: 2, Smart Eavesdropper Accuracy: 0.225 1 0
Communication round: 3, Smart Eavesdropper Accuracy: 0.21363636363636362 1 0
Communication round: 4, Smart Eavesdropper Accuracy: 0.2159090909090909 1 0
Communication round: 5, Smart Eavesdropper Accuracy: 0.20909090909090908 2 1
Communication round: 6, Smart Eavesdropper Accuracy: 0.21818181818181817 3 1
Communication round: 7, Smart Eavesdropper Accuracy: 0.22954545454545455 3 0
Communication round: 8, Smart Eavesdropper Accuracy: 0.23636363636363636 3 0
Communication round: 9, Smart Eavesdropper Accuracy: 0.22954545454545455 3 0
Communication round: 10, Smart Eavesdropper Accuracy: 0.23636363636363636 3 0
Communication round: 11, Smart Eavesdropper Accuracy: 0.275 3 0
Communication round: 12, Smart Eavesdropper Accuracy: 0.22727272727272727 3 0
Communication round: 13, Smart Eavesdropper Accuracy: 0.2340909090909091 4 1
Communication round: 14, Smart Eavesdropper Accuracy: 0.2636363636363636 4 0
Communication round: 15, Smart Eavesdropper Accuracy: 0.27045454545454545 4 0
Communication round: 16, Smart Eavesdropper Accuracy: 0.31136363636363634 5 1
Communication round: 17, Smart Eavesdropper Accuracy: 0.29318181818181815 5 0
Communication round: 18, Smart Eavesdropper Accuracy: 0.2681818181818182 6 1
Communication round: 19, Smart Eavesdropper Accuracy: 0.30454545454545456 7 1
Communication round: 20, Smart Eavesdropper Accuracy: 0.2863636363636364 8 1
Communication round: 21, Aggregated Accuracies: 0.07833333333333332 9
Communication round: 21, Smart Eavesdropper Accuracy: 0.2840909090909091 9 1
Communication round: 22, Smart Eavesdropper Accuracy: 0.32954545454545453 10 1
Communication round: 23, Smart Eavesdropper Accuracy: 0.3 11 1
Communication round: 24, Aggregated Accuracies: 0.13714285714285712 12
Communication round: 24, Smart Eavesdropper Accuracy: 0.3659090909090909 12 1
Communication round: 25, Aggregated Accuracies: 0.15523809523809523 13
Communication round: 25, Smart Eavesdropper Accuracy: 0.37272727272727274 13 1
Communication round: 26, Aggregated Accuracies: 0.2136904761904762 14
Communication round: 26, Eavesdropper Accuracy: 0.2159090909090909 14 1
Communication round: 27, Aggregated Accuracies: 0.2644047619047619 15
Communication round: 27, Eavesdropper Accuracy: 0.2772727272727273 15 1
Communication round: 28, Eavesdropper Accuracy: 0.2772727272727273 16 1
Communication round: 29, Eavesdropper Accuracy: 0.25227272727272726 16 0
Communication round: 30, Eavesdropper Accuracy: 0.27954545454545454 16 0
Communication round: 31, Smart Eavesdropper Accuracy: 0.20909090909090908 16 0
Communication round: 32, Eavesdropper Accuracy: 0.28863636363636364 17 1
Communication round: 33, Smart Eavesdropper Accuracy: 0.2159090909090909 17 0
Communication round: 34, Smart Eavesdropper Accuracy: 0.20681818181818182 17 0
Communication round: 35, Smart Eavesdropper Accuracy: 0.2 17 0
Communication round: 36, Smart Eavesdropper Accuracy: 0.2159090909090909 17 0
Communication round: 37, Smart Eavesdropper Accuracy: 0.21136363636363636 17 0
Communication round: 38, Smart Eavesdropper Accuracy: 0.2409090909090909 17 0
Communication round: 39, Smart Eavesdropper Accuracy: 0.22272727272727272 17 0
Communication round: 40, Smart Eavesdropper Accuracy: 0.24772727272727274 18 1
Communication round: 41, Aggregated Accuracies: 0.3221428571428572 19
Communication round: 41, Smart Eavesdropper Accuracy: 0.22954545454545455 19 1
Communication round: 42, Aggregated Accuracies: 0.36440476190476184 20
Communication round: 42, Smart Eavesdropper Accuracy: 0.22727272727272727 20 1
Communication round: 43, Aggregated Accuracies: 0.4297619047619048 21
Communication round: 43, Smart Eavesdropper Accuracy: 0.22727272727272727 21 1
Communication round: 44, Aggregated Accuracies: 0.4763095238095238 22
Communication round: 44, Smart Eavesdropper Accuracy: 0.2318181818181818 22 1
Communication round: 45, Aggregated Accuracies: 0.5159523809523808 23
Communication round: 45, Smart Eavesdropper Accuracy: 0.23636363636363636 23 1
Communication round: 46, Aggregated Accuracies: 0.556904761904762 24
Communication round: 46, Eavesdropper Accuracy: 0.5681818181818182 24 1
Communication round: 47, Aggregated Accuracies: 0.5807142857142856 25
Communication round: 47, Eavesdropper Accuracy: 0.6181818181818182 25 1
Communication round: 48, Aggregated Accuracies: 0.6094047619047618 26
Communication round: 48, Eavesdropper Accuracy: 0.6204545454545455 26 1
Communication round: 49, Eavesdropper Accuracy: 0.625 26 0
Communication round: 50, Eavesdropper Accuracy: 0.6568181818181819 27 1
Communication round: 51, Eavesdropper Accuracy: 0.6613636363636364 28 1
Communication round: 52, Eavesdropper Accuracy: 0.65 29 1
Communication round: 53, Aggregated Accuracies: 0.6321428571428571 30
Communication round: 53, Eavesdropper Accuracy: 0.6727272727272727 30 1
Communication round: 54, Aggregated Accuracies: 0.6736904761904762 31
Communication round: 54, Eavesdropper Accuracy: 0.7090909090909091 31 1
Communication round: 55, Aggregated Accuracies: 0.689166666666667 32
Communication round: 55, Eavesdropper Accuracy: 0.7090909090909091 32 1
Communication round: 56, Aggregated Accuracies: 0.7132142857142857 33
Communication round: 56, Eavesdropper Accuracy: 0.7454545454545455 33 1
Communication round: 57, Aggregated Accuracies: 0.7283333333333332 34
Communication round: 57, Eavesdropper Accuracy: 0.7636363636363637 34 1
Communication round: 58, Aggregated Accuracies: 0.7461904761904762 35
Communication round: 58, Eavesdropper Accuracy: 0.7477272727272727 35 1
Communication round: 59, Aggregated Accuracies: 0.7610714285714283 36
Communication round: 59, Eavesdropper Accuracy: 0.7795454545454545 36 1
Communication round: 60, Aggregated Accuracies: 0.781904761904762 37
Communication round: 60, Eavesdropper Accuracy: 0.7681818181818182 37 1
Communication round: 61, Aggregated Accuracies: 0.7882142857142859 38
Communication round: 61, Eavesdropper Accuracy: 0.7818181818181819 38 1
Communication round: 62, Aggregated Accuracies: 0.7926190476190478 39
Communication round: 62, Eavesdropper Accuracy: 0.8045454545454546 39 1
Communication round: 63, Aggregated Accuracies: 0.8041666666666666 40
Communication round: 63, Eavesdropper Accuracy: 0.8227272727272728 40 1
Communication round: 64, Aggregated Accuracies: 0.8127380952380954 41
Communication round: 64, Eavesdropper Accuracy: 0.8386363636363636 41 1
Communication round: 65, Aggregated Accuracies: 0.8279761904761904 42
Communication round: 65, Eavesdropper Accuracy: 0.8318181818181818 42 1
Communication round: 66, Aggregated Accuracies: 0.8285714285714285 43
Communication round: 66, Eavesdropper Accuracy: 0.8204545454545454 43 1
Communication round: 67, Aggregated Accuracies: 0.8290476190476191 44
Communication round: 67, Eavesdropper Accuracy: 0.8272727272727273 44 1
Communication round: 68, Aggregated Accuracies: 0.8394047619047618 45
Communication round: 68, Eavesdropper Accuracy: 0.8454545454545455 45 1
Communication round: 69, Eavesdropper Accuracy: 0.8454545454545455 45 0
Communication round: 70, Eavesdropper Accuracy: 0.8454545454545455 45 0
Communication round: 71, Eavesdropper Accuracy: 0.8477272727272728 45 0
Communication round: 72, Eavesdropper Accuracy: 0.8227272727272728 45 0
Communication round: 73, Eavesdropper Accuracy: 0.8340909090909091 45 0
Communication round: 74, Eavesdropper Accuracy: 0.8386363636363636 45 0
Communication round: 75, Eavesdropper Accuracy: 0.8545454545454545 45 0
Communication round: 76, Eavesdropper Accuracy: 0.8363636363636363 45 0
Communication round: 77, Eavesdropper Accuracy: 0.8272727272727273 45 0
Communication round: 78, Eavesdropper Accuracy: 0.8363636363636363 45 0
Communication round: 79, Eavesdropper Accuracy: 0.8295454545454546 45 0
Communication round: 80, Eavesdropper Accuracy: 0.8318181818181818 45 0
Communication round: 81, Eavesdropper Accuracy: 0.8727272727272727 45 0
Communication round: 82, Eavesdropper Accuracy: 0.8340909090909091 45 0
Communication round: 83, Eavesdropper Accuracy: 0.8409090909090909 45 0
Communication round: 84, Eavesdropper Accuracy: 0.8568181818181818 45 0
Communication round: 85, Eavesdropper Accuracy: 0.8363636363636363 45 0
Communication round: 86, Eavesdropper Accuracy: 0.8409090909090909 45 0
Communication round: 87, Eavesdropper Accuracy: 0.8227272727272728 45 0
Communication round: 88, Eavesdropper Accuracy: 0.825 45 0
Communication round: 89, Smart Eavesdropper Accuracy: 0.2590909090909091 45 0
Communication round: 90, Smart Eavesdropper Accuracy: 0.37727272727272726 45 0
Communication round: 91, Smart Eavesdropper Accuracy: 0.42727272727272725 45 0
Communication round: 92, Smart Eavesdropper Accuracy: 0.35909090909090907 45 0
Communication round: 93, Smart Eavesdropper Accuracy: 0.42727272727272725 45 0
Communication round: 94, Smart Eavesdropper Accuracy: 0.4022727272727273 45 0
Communication round: 95, Smart Eavesdropper Accuracy: 0.4068181818181818 45 0
Communication round: 96, Smart Eavesdropper Accuracy: 0.3795454545454545 45 0
Communication round: 97, Smart Eavesdropper Accuracy: 0.5 45 0
Communication round: 98, Smart Eavesdropper Accuracy: 0.3659090909090909 45 0
Communication round: 99, Smart Eavesdropper Accuracy: 0.4340909090909091 45 0
----------------------------------------------------------------------------------------------------
