----------------------------------------------------------------------------------------------------
20_30_120_0.1_8_0.99_True_
----------------------------------------------------------------------------------------------------
Communication round: 0, Eavesdropper Accuracy: 0.08181818181818182 1 1
Communication round: 1, Aggregated Accuracies: 0.1333333333333333 2
Communication round: 1, Eavesdropper Accuracy: 0.1590909090909091 2 1
Communication round: 2, Aggregated Accuracies: 0.15416666666666665 3
Communication round: 2, Eavesdropper Accuracy: 0.16363636363636364 3 1
Communication round: 3, Eavesdropper Accuracy: 0.1318181818181818 4 1
Communication round: 4, Aggregated Accuracies: 0.16190476190476188 5
Communication round: 4, Eavesdropper Accuracy: 0.19318181818181818 5 1
Communication round: 5, Eavesdropper Accuracy: 0.17727272727272728 6 1
Communication round: 6, Eavesdropper Accuracy: 0.18181818181818182 7 1
Communication round: 7, Aggregated Accuracies: 0.21428571428571427 8
Communication round: 7, Eavesdropper Accuracy: 0.2636363636363636 8 1
Communication round: 8, Aggregated Accuracies: 0.2869047619047619 9
Communication round: 8, Eavesdropper Accuracy: 0.375 9 1
Communication round: 9, Aggregated Accuracies: 0.3386904761904762 10
Communication round: 9, Eavesdropper Accuracy: 0.41363636363636364 10 1
Communication round: 10, Aggregated Accuracies: 0.38690476190476186 11
Communication round: 10, Eavesdropper Accuracy: 0.43636363636363634 11 1
Communication round: 11, Aggregated Accuracies: 0.41785714285714287 12
Communication round: 11, Eavesdropper Accuracy: 0.43636363636363634 12 1
Communication round: 12, Aggregated Accuracies: 0.45892857142857146 13
Communication round: 12, Eavesdropper Accuracy: 0.4659090909090909 13 1
Communication round: 13, Eavesdropper Accuracy: 0.4954545454545455 14 1
Communication round: 14, Eavesdropper Accuracy: 0.5159090909090909 15 1
Communication round: 15, Eavesdropper Accuracy: 0.4636363636363636 16 1
Communication round: 16, Eavesdropper Accuracy: 0.475 17 1
Communication round: 17, Aggregated Accuracies: 0.5011904761904763 18
Communication round: 17, Eavesdropper Accuracy: 0.5272727272727272 18 1
Communication round: 18, Aggregated Accuracies: 0.5202380952380954 19
Communication round: 18, Eavesdropper Accuracy: 0.5840909090909091 19 1
Communication round: 19, Aggregated Accuracies: 0.5321428571428571 20
Communication round: 19, Eavesdropper Accuracy: 0.5863636363636363 20 1
Communication round: 20, Aggregated Accuracies: 0.5815476190476191 21
Communication round: 20, Eavesdropper Accuracy: 0.6545454545454545 21 1
Communication round: 21, Aggregated Accuracies: 0.6083333333333333 22
Communication round: 21, Eavesdropper Accuracy: 0.6181818181818182 22 1
Communication round: 22, Aggregated Accuracies: 0.6261904761904761 23
Communication round: 22, Eavesdropper Accuracy: 0.6545454545454545 23 1
Communication round: 23, Eavesdropper Accuracy: 0.6863636363636364 24 1
Communication round: 24, Aggregated Accuracies: 0.6601190476190476 25
Communication round: 24, Eavesdropper Accuracy: 0.7159090909090909 25 1
Communication round: 25, Aggregated Accuracies: 0.6779761904761904 26
Communication round: 25, Eavesdropper Accuracy: 0.7227272727272728 26 1
Communication round: 26, Eavesdropper Accuracy: 0.7090909090909091 27 1
Communication round: 27, Aggregated Accuracies: 0.7035714285714285 28
Communication round: 27, Eavesdropper Accuracy: 0.775 28 1
Communication round: 28, Aggregated Accuracies: 0.7291666666666665 29
Communication round: 28, Eavesdropper Accuracy: 0.7431818181818182 29 1
Communication round: 29, Aggregated Accuracies: 0.7380952380952381 30
Communication round: 29, Eavesdropper Accuracy: 0.7613636363636364 30 1
Communication round: 30, Aggregated Accuracies: 0.7333333333333333 31
Communication round: 30, Eavesdropper Accuracy: 0.7795454545454545 31 1
Communication round: 31, Aggregated Accuracies: 0.7535714285714286 32
Communication round: 31, Eavesdropper Accuracy: 0.7681818181818182 32 1
Communication round: 32, Aggregated Accuracies: 0.7630952380952382 33
Communication round: 32, Eavesdropper Accuracy: 0.8272727272727273 33 1
Communication round: 33, Eavesdropper Accuracy: 0.8022727272727272 34 1
Communication round: 34, Eavesdropper Accuracy: 0.775 35 1
Communication round: 35, Aggregated Accuracies: 0.7744047619047619 36
Communication round: 35, Eavesdropper Accuracy: 0.8113636363636364 36 1
Communication round: 36, Aggregated Accuracies: 0.7916666666666666 37
Communication round: 36, Eavesdropper Accuracy: 0.8181818181818182 37 1
Communication round: 37, Eavesdropper Accuracy: 0.8068181818181818 38 1
Communication round: 38, Eavesdropper Accuracy: 0.8022727272727272 39 1
Communication round: 39, Eavesdropper Accuracy: 0.7977272727272727 40 1
Communication round: 40, Eavesdropper Accuracy: 0.7886363636363637 41 1
Communication round: 41, Aggregated Accuracies: 0.7976190476190477 42
Communication round: 41, Eavesdropper Accuracy: 0.8204545454545454 42 1
Communication round: 42, Aggregated Accuracies: 0.794047619047619 43
Communication round: 42, Eavesdropper Accuracy: 0.8136363636363636 43 1
Communication round: 43, Eavesdropper Accuracy: 0.8363636363636363 44 1
Communication round: 44, Aggregated Accuracies: 0.8059523809523809 45
Communication round: 44, Eavesdropper Accuracy: 0.8386363636363636 45 1
Communication round: 45, Eavesdropper Accuracy: 0.8431818181818181 46 1
Communication round: 46, Aggregated Accuracies: 0.8166666666666668 47
Communication round: 46, Eavesdropper Accuracy: 0.8704545454545455 47 1
Communication round: 47, Eavesdropper Accuracy: 0.8272727272727273 48 1
Communication round: 48, Aggregated Accuracies: 0.8190476190476191 49
Communication round: 48, Eavesdropper Accuracy: 0.8772727272727273 49 1
Communication round: 49, Eavesdropper Accuracy: 0.8340909090909091 49 0
Communication round: 50, Eavesdropper Accuracy: 0.8227272727272728 49 0
Communication round: 51, Eavesdropper Accuracy: 0.8454545454545455 49 0
Communication round: 52, Eavesdropper Accuracy: 0.8681818181818182 49 0
Communication round: 53, Eavesdropper Accuracy: 0.875 49 0
Communication round: 54, Eavesdropper Accuracy: 0.8272727272727273 49 0
Communication round: 55, Eavesdropper Accuracy: 0.85 49 0
Communication round: 56, Eavesdropper Accuracy: 0.8636363636363636 49 0
Communication round: 57, Eavesdropper Accuracy: 0.8681818181818182 49 0
Communication round: 58, Eavesdropper Accuracy: 0.8431818181818181 49 0
Communication round: 59, Eavesdropper Accuracy: 0.875 49 0
Communication round: 60, Eavesdropper Accuracy: 0.8636363636363636 49 0
Communication round: 61, Eavesdropper Accuracy: 0.8340909090909091 49 0
Communication round: 62, Eavesdropper Accuracy: 0.8454545454545455 49 0
Communication round: 63, Eavesdropper Accuracy: 0.8386363636363636 49 0
Communication round: 64, Eavesdropper Accuracy: 0.8295454545454546 49 0
Communication round: 65, Eavesdropper Accuracy: 0.8636363636363636 49 0
Communication round: 66, Eavesdropper Accuracy: 0.825 49 0
Communication round: 67, Eavesdropper Accuracy: 0.8886363636363637 49 0
Communication round: 68, Eavesdropper Accuracy: 0.8204545454545454 49 0
Communication round: 69, Eavesdropper Accuracy: 0.85 49 0
Communication round: 70, Eavesdropper Accuracy: 0.8704545454545455 49 0
Communication round: 71, Eavesdropper Accuracy: 0.8545454545454545 49 0
Communication round: 72, Eavesdropper Accuracy: 0.8681818181818182 49 0
Communication round: 73, Eavesdropper Accuracy: 0.8704545454545455 49 0
Communication round: 74, Eavesdropper Accuracy: 0.8318181818181818 49 0
Communication round: 75, Eavesdropper Accuracy: 0.8545454545454545 49 0
Communication round: 76, Eavesdropper Accuracy: 0.8681818181818182 49 0
Communication round: 77, Eavesdropper Accuracy: 0.8681818181818182 49 0
Communication round: 78, Eavesdropper Accuracy: 0.8681818181818182 49 0
Communication round: 79, Eavesdropper Accuracy: 0.8431818181818181 49 0
Communication round: 80, Eavesdropper Accuracy: 0.8454545454545455 49 0
Communication round: 81, Eavesdropper Accuracy: 0.8590909090909091 49 0
Communication round: 82, Eavesdropper Accuracy: 0.85 49 0
Communication round: 83, Eavesdropper Accuracy: 0.8545454545454545 49 0
Communication round: 84, Eavesdropper Accuracy: 0.8636363636363636 49 0
Communication round: 85, Eavesdropper Accuracy: 0.8409090909090909 49 0
Communication round: 86, Eavesdropper Accuracy: 0.8454545454545455 49 0
Communication round: 87, Eavesdropper Accuracy: 0.8545454545454545 49 0
Communication round: 88, Eavesdropper Accuracy: 0.8818181818181818 49 0
Communication round: 89, Eavesdropper Accuracy: 0.85 49 0
Communication round: 90, Eavesdropper Accuracy: 0.8363636363636363 49 0
Communication round: 91, Eavesdropper Accuracy: 0.8681818181818182 49 0
Communication round: 92, Eavesdropper Accuracy: 0.8818181818181818 49 0
Communication round: 93, Eavesdropper Accuracy: 0.8386363636363636 49 0
Communication round: 94, Eavesdropper Accuracy: 0.8409090909090909 49 0
Communication round: 95, Eavesdropper Accuracy: 0.8454545454545455 49 0
Communication round: 96, Eavesdropper Accuracy: 0.8295454545454546 49 0
Communication round: 97, Smart Eavesdropper Accuracy: 0.2431818181818182 49 0
Communication round: 98, Smart Eavesdropper Accuracy: 0.22954545454545455 49 0
Communication round: 99, Smart Eavesdropper Accuracy: 0.31363636363636366 49 0
Communication round: 100, Smart Eavesdropper Accuracy: 0.41818181818181815 49 0
Communication round: 101, Smart Eavesdropper Accuracy: 0.2340909090909091 49 0
Communication round: 102, Smart Eavesdropper Accuracy: 0.35909090909090907 49 0
Communication round: 103, Smart Eavesdropper Accuracy: 0.24772727272727274 49 0
Communication round: 104, Smart Eavesdropper Accuracy: 0.22954545454545455 49 0
Communication round: 105, Smart Eavesdropper Accuracy: 0.2545454545454545 49 0
Communication round: 106, Smart Eavesdropper Accuracy: 0.3181818181818182 49 0
Communication round: 107, Smart Eavesdropper Accuracy: 0.27954545454545454 49 0
Communication round: 108, Smart Eavesdropper Accuracy: 0.3568181818181818 49 0
Communication round: 109, Smart Eavesdropper Accuracy: 0.3522727272727273 49 0
Communication round: 110, Smart Eavesdropper Accuracy: 0.2772727272727273 49 0
Communication round: 111, Smart Eavesdropper Accuracy: 0.3068181818181818 49 0
Communication round: 112, Smart Eavesdropper Accuracy: 0.33181818181818185 49 0
Communication round: 113, Smart Eavesdropper Accuracy: 0.31363636363636366 49 0
Communication round: 114, Smart Eavesdropper Accuracy: 0.375 49 0
Communication round: 115, Smart Eavesdropper Accuracy: 0.32727272727272727 49 0
Communication round: 116, Smart Eavesdropper Accuracy: 0.37272727272727274 49 0
Communication round: 117, Smart Eavesdropper Accuracy: 0.3386363636363636 49 0
Communication round: 118, Smart Eavesdropper Accuracy: 0.32045454545454544 49 0
Communication round: 119, Smart Eavesdropper Accuracy: 0.3795454545454545 49 0
----------------------------------------------------------------------------------------------------
