----------------------------------------------------------------------------------------------------
20_30_120_0.1_5_0.9_False_
----------------------------------------------------------------------------------------------------
Communication round: 0, Smart Eavesdropper Accuracy: 0.19772727272727272 0 0
Communication round: 1, Smart Eavesdropper Accuracy: 0.31136363636363634 1 1
Communication round: 2, Smart Eavesdropper Accuracy: 0.3477272727272727 1 0
Communication round: 3, Smart Eavesdropper Accuracy: 0.35 1 0
Communication round: 4, Smart Eavesdropper Accuracy: 0.3886363636363636 1 0
Communication round: 5, Smart Eavesdropper Accuracy: 0.3795454545454545 2 1
Communication round: 6, Smart Eavesdropper Accuracy: 0.45454545454545453 2 0
Communication round: 7, Smart Eavesdropper Accuracy: 0.43863636363636366 3 1
Communication round: 8, Smart Eavesdropper Accuracy: 0.4318181818181818 4 1
Communication round: 9, Smart Eavesdropper Accuracy: 0.4636363636363636 5 1
Communication round: 10, Smart Eavesdropper Accuracy: 0.4727272727272727 5 0
Communication round: 11, Smart Eavesdropper Accuracy: 0.5272727272727272 6 1
Communication round: 12, Smart Eavesdropper Accuracy: 0.5159090909090909 6 0
Communication round: 13, Smart Eavesdropper Accuracy: 0.5136363636363637 7 1
Communication round: 14, Aggregated Accuracies: 0.18642857142857142 8
Communication round: 14, Eavesdropper Accuracy: 0.20909090909090908 8 1
Communication round: 15, Smart Eavesdropper Accuracy: 0.26136363636363635 8 0
Communication round: 16, Eavesdropper Accuracy: 0.17045454545454544 9 1
Communication round: 17, Smart Eavesdropper Accuracy: 0.2340909090909091 9 0
Communication round: 18, Eavesdropper Accuracy: 0.21363636363636362 10 1
Communication round: 19, Eavesdropper Accuracy: 0.19545454545454546 11 1
Communication round: 20, Aggregated Accuracies: 0.2425 12
Communication round: 20, Eavesdropper Accuracy: 0.3068181818181818 12 1
Communication round: 21, Eavesdropper Accuracy: 0.29772727272727273 13 1
Communication round: 22, Aggregated Accuracies: 0.34500000000000003 14
Communication round: 22, Eavesdropper Accuracy: 0.4318181818181818 14 1
Communication round: 23, Aggregated Accuracies: 0.42726190476190473 15
Communication round: 23, Eavesdropper Accuracy: 0.4954545454545455 15 1
Communication round: 24, Eavesdropper Accuracy: 0.47045454545454546 16 1
Communication round: 25, Aggregated Accuracies: 0.5042857142857143 17
Communication round: 25, Eavesdropper Accuracy: 0.5318181818181819 17 1
Communication round: 26, Eavesdropper Accuracy: 0.5659090909090909 18 1
Communication round: 27, Aggregated Accuracies: 0.5519047619047619 19
Communication round: 27, Eavesdropper Accuracy: 0.6113636363636363 19 1
Communication round: 28, Eavesdropper Accuracy: 0.625 19 0
Communication round: 29, Eavesdropper Accuracy: 0.6022727272727273 19 0
Communication round: 30, Eavesdropper Accuracy: 0.5886363636363636 19 0
Communication round: 31, Eavesdropper Accuracy: 0.5795454545454546 20 1
Communication round: 32, Eavesdropper Accuracy: 0.575 21 1
Communication round: 33, Eavesdropper Accuracy: 0.634090909090909 22 1
Communication round: 34, Aggregated Accuracies: 0.6133333333333334 23
Communication round: 34, Eavesdropper Accuracy: 0.6522727272727272 23 1
Communication round: 35, Aggregated Accuracies: 0.654047619047619 24
Communication round: 35, Eavesdropper Accuracy: 0.6886363636363636 24 1
Communication round: 36, Eavesdropper Accuracy: 0.6931818181818182 25 1
Communication round: 37, Eavesdropper Accuracy: 0.7136363636363636 26 1
Communication round: 38, Aggregated Accuracies: 0.7170238095238095 27
Communication round: 38, Eavesdropper Accuracy: 0.7840909090909091 27 1
Communication round: 39, Aggregated Accuracies: 0.7578571428571429 28
Communication round: 39, Eavesdropper Accuracy: 0.7931818181818182 28 1
Communication round: 40, Aggregated Accuracies: 0.7980952380952381 29
Communication round: 40, Eavesdropper Accuracy: 0.825 29 1
Communication round: 41, Aggregated Accuracies: 0.8178571428571431 30
Communication round: 41, Eavesdropper Accuracy: 0.8227272727272728 30 1
Communication round: 42, Aggregated Accuracies: 0.8379761904761904 31
Communication round: 42, Eavesdropper Accuracy: 0.8159090909090909 31 1
Communication round: 43, Aggregated Accuracies: 0.8446428571428571 32
Communication round: 43, Eavesdropper Accuracy: 0.8568181818181818 32 1
Communication round: 44, Eavesdropper Accuracy: 0.8568181818181818 32 0
Communication round: 45, Eavesdropper Accuracy: 0.8613636363636363 32 0
Communication round: 46, Eavesdropper Accuracy: 0.8818181818181818 32 0
Communication round: 47, Eavesdropper Accuracy: 0.8727272727272727 32 0
Communication round: 48, Eavesdropper Accuracy: 0.8818181818181818 32 0
Communication round: 49, Eavesdropper Accuracy: 0.8704545454545455 32 0
Communication round: 50, Eavesdropper Accuracy: 0.8590909090909091 32 0
Communication round: 51, Eavesdropper Accuracy: 0.8568181818181818 32 0
Communication round: 52, Aggregated Accuracies: 0.8576190476190476 33
Communication round: 52, Eavesdropper Accuracy: 0.8795454545454545 33 1
Communication round: 53, Eavesdropper Accuracy: 0.8818181818181818 34 1
Communication round: 54, Aggregated Accuracies: 0.8700000000000001 35
Communication round: 54, Eavesdropper Accuracy: 0.8795454545454545 35 1
Communication round: 55, Aggregated Accuracies: 0.8801190476190476 36
Communication round: 55, Eavesdropper Accuracy: 0.9090909090909091 36 1
Communication round: 56, Eavesdropper Accuracy: 0.8886363636363637 36 0
Communication round: 57, Eavesdropper Accuracy: 0.8954545454545455 36 0
Communication round: 58, Eavesdropper Accuracy: 0.8954545454545455 37 1
Communication round: 59, Eavesdropper Accuracy: 0.9181818181818182 37 0
Communication round: 60, Eavesdropper Accuracy: 0.8795454545454545 37 0
Communication round: 61, Eavesdropper Accuracy: 0.8795454545454545 37 0
Communication round: 62, Eavesdropper Accuracy: 0.8795454545454545 37 0
Communication round: 63, Eavesdropper Accuracy: 0.8931818181818182 37 0
Communication round: 64, Eavesdropper Accuracy: 0.9045454545454545 37 0
Communication round: 65, Eavesdropper Accuracy: 0.8977272727272727 37 0
Communication round: 66, Eavesdropper Accuracy: 0.8772727272727273 37 0
Communication round: 67, Eavesdropper Accuracy: 0.8772727272727273 37 0
Communication round: 68, Eavesdropper Accuracy: 0.8954545454545455 37 0
Communication round: 69, Eavesdropper Accuracy: 0.884090909090909 37 0
Communication round: 70, Eavesdropper Accuracy: 0.8886363636363637 37 0
Communication round: 71, Eavesdropper Accuracy: 0.9068181818181819 37 0
Communication round: 72, Eavesdropper Accuracy: 0.8818181818181818 38 1
Communication round: 73, Eavesdropper Accuracy: 0.9068181818181819 39 1
Communication round: 74, Eavesdropper Accuracy: 0.8931818181818182 39 0
Communication round: 75, Eavesdropper Accuracy: 0.8886363636363637 39 0
Communication round: 76, Eavesdropper Accuracy: 0.8818181818181818 39 0
Communication round: 77, Aggregated Accuracies: 0.879642857142857 40
Communication round: 77, Eavesdropper Accuracy: 0.9022727272727272 40 1
Communication round: 78, Eavesdropper Accuracy: 0.8886363636363637 40 0
Communication round: 79, Aggregated Accuracies: 0.8841666666666667 41
Communication round: 79, Eavesdropper Accuracy: 0.8977272727272727 41 1
Communication round: 80, Aggregated Accuracies: 0.8910714285714285 42
Communication round: 80, Eavesdropper Accuracy: 0.9045454545454545 42 1
Communication round: 81, Eavesdropper Accuracy: 0.9068181818181819 42 0
Communication round: 82, Eavesdropper Accuracy: 0.9136363636363637 42 0
Communication round: 83, Smart Eavesdropper Accuracy: 0.8409090909090909 42 0
Communication round: 84, Smart Eavesdropper Accuracy: 0.8409090909090909 42 0
Communication round: 85, Aggregated Accuracies: 0.8933333333333333 43
Communication round: 85, Smart Eavesdropper Accuracy: 0.8613636363636363 43 1
Communication round: 86, Aggregated Accuracies: 0.8986904761904763 44
Communication round: 86, Eavesdropper Accuracy: 0.9 44 1
Communication round: 87, Aggregated Accuracies: 0.9052380952380952 45
Communication round: 87, Eavesdropper Accuracy: 0.9545454545454546 45 1
Communication round: 88, Aggregated Accuracies: 0.9070238095238095 46
Communication round: 88, Eavesdropper Accuracy: 0.9295454545454546 46 1
Communication round: 89, Aggregated Accuracies: 0.9084523809523807 47
Communication round: 89, Eavesdropper Accuracy: 0.9113636363636364 47 1
Communication round: 90, Aggregated Accuracies: 0.9145238095238094 48
Communication round: 90, Eavesdropper Accuracy: 0.9 48 1
Communication round: 91, Eavesdropper Accuracy: 0.9113636363636364 48 0
Communication round: 92, Eavesdropper Accuracy: 0.9136363636363637 48 0
Communication round: 93, Eavesdropper Accuracy: 0.9227272727272727 48 0
Communication round: 94, Eavesdropper Accuracy: 0.9068181818181819 48 0
Communication round: 95, Smart Eavesdropper Accuracy: 0.8863636363636364 48 0
Communication round: 96, Aggregated Accuracies: 0.9123809523809525 49
Communication round: 96, Eavesdropper Accuracy: 0.9113636363636364 49 1
Communication round: 97, Aggregated Accuracies: 0.9182142857142856 50
Communication round: 97, Eavesdropper Accuracy: 0.9136363636363637 50 1
Communication round: 98, Aggregated Accuracies: 0.920595238095238 51
Communication round: 98, Eavesdropper Accuracy: 0.95 51 1
Communication round: 99, Aggregated Accuracies: 0.9239285714285714 52
Communication round: 99, Eavesdropper Accuracy: 0.9363636363636364 52 1
Communication round: 100, Eavesdropper Accuracy: 0.9136363636363637 52 0
Communication round: 101, Eavesdropper Accuracy: 0.9409090909090909 52 0
Communication round: 102, Eavesdropper Accuracy: 0.9181818181818182 52 0
Communication round: 103, Smart Eavesdropper Accuracy: 0.9045454545454545 52 0
Communication round: 104, Smart Eavesdropper Accuracy: 0.8795454545454545 52 0
Communication round: 105, Smart Eavesdropper Accuracy: 0.8636363636363636 52 0
Communication round: 106, Smart Eavesdropper Accuracy: 0.8818181818181818 52 0
Communication round: 107, Smart Eavesdropper Accuracy: 0.8568181818181818 52 0
Communication round: 108, Smart Eavesdropper Accuracy: 0.8818181818181818 52 0
Communication round: 109, Smart Eavesdropper Accuracy: 0.8977272727272727 52 0
Communication round: 110, Smart Eavesdropper Accuracy: 0.9090909090909091 52 0
Communication round: 111, Smart Eavesdropper Accuracy: 0.8795454545454545 52 0
Communication round: 112, Smart Eavesdropper Accuracy: 0.9090909090909091 52 0
Communication round: 113, Smart Eavesdropper Accuracy: 0.8590909090909091 52 0
Communication round: 114, Smart Eavesdropper Accuracy: 0.8931818181818182 52 0
Communication round: 115, Smart Eavesdropper Accuracy: 0.875 52 0
Communication round: 116, Smart Eavesdropper Accuracy: 0.8909090909090909 52 0
Communication round: 117, Smart Eavesdropper Accuracy: 0.8886363636363637 52 0
Communication round: 118, Smart Eavesdropper Accuracy: 0.8681818181818182 52 0
Communication round: 119, Smart Eavesdropper Accuracy: 0.9 52 0
----------------------------------------------------------------------------------------------------
