----------------------------------------------------------------------------------------------------
20_30_120_0.4_5_0.99_False_
----------------------------------------------------------------------------------------------------
Communication round: 0, Eavesdropper Accuracy: 0.09318181818181819 1 1
Communication round: 1, Eavesdropper Accuracy: 0.1 2 1
Communication round: 2, Aggregated Accuracies: 0.2113095238095238 3
Communication round: 2, Eavesdropper Accuracy: 0.22954545454545455 3 1
Communication round: 3, Eavesdropper Accuracy: 0.24772727272727274 3 0
Communication round: 4, Eavesdropper Accuracy: 0.24772727272727274 3 0
Communication round: 5, Smart Eavesdropper Accuracy: 0.40454545454545454 3 0
Communication round: 6, Eavesdropper Accuracy: 0.20681818181818182 4 1
Communication round: 7, Smart Eavesdropper Accuracy: 0.3886363636363636 4 0
Communication round: 8, Eavesdropper Accuracy: 0.27954545454545454 5 1
Communication round: 9, Aggregated Accuracies: 0.2765476190476191 6
Communication round: 9, Eavesdropper Accuracy: 0.29772727272727273 6 1
Communication round: 10, Eavesdropper Accuracy: 0.30454545454545456 7 1
Communication round: 11, Eavesdropper Accuracy: 0.2818181818181818 7 0
Communication round: 12, Eavesdropper Accuracy: 0.33181818181818185 8 1
Communication round: 13, Aggregated Accuracies: 0.3695238095238095 9
Communication round: 13, Eavesdropper Accuracy: 0.4340909090909091 9 1
Communication round: 14, Eavesdropper Accuracy: 0.44545454545454544 10 1
Communication round: 15, Aggregated Accuracies: 0.45619047619047615 11
Communication round: 15, Eavesdropper Accuracy: 0.5318181818181819 11 1
Communication round: 16, Eavesdropper Accuracy: 0.5613636363636364 12 1
Communication round: 17, Eavesdropper Accuracy: 0.5522727272727272 13 1
Communication round: 18, Eavesdropper Accuracy: 0.4659090909090909 14 1
Communication round: 19, Eavesdropper Accuracy: 0.5477272727272727 14 0
Communication round: 20, Eavesdropper Accuracy: 0.5204545454545455 14 0
Communication round: 21, Eavesdropper Accuracy: 0.5636363636363636 14 0
Communication round: 22, Eavesdropper Accuracy: 0.5772727272727273 14 0
Communication round: 23, Eavesdropper Accuracy: 0.5568181818181818 15 1
Communication round: 24, Eavesdropper Accuracy: 0.525 16 1
Communication round: 25, Aggregated Accuracies: 0.5595238095238095 17
Communication round: 25, Eavesdropper Accuracy: 0.6318181818181818 17 1
Communication round: 26, Eavesdropper Accuracy: 0.5954545454545455 18 1
Communication round: 27, Aggregated Accuracies: 0.6182142857142857 19
Communication round: 27, Eavesdropper Accuracy: 0.6636363636363637 19 1
Communication round: 28, Aggregated Accuracies: 0.6859523809523809 20
Communication round: 28, Eavesdropper Accuracy: 0.7522727272727273 20 1
Communication round: 29, Eavesdropper Accuracy: 0.7022727272727273 21 1
Communication round: 30, Eavesdropper Accuracy: 0.6954545454545454 22 1
Communication round: 31, Eavesdropper Accuracy: 0.7340909090909091 22 0
Communication round: 32, Eavesdropper Accuracy: 0.7431818181818182 22 0
Communication round: 33, Aggregated Accuracies: 0.7204761904761905 23
Communication round: 33, Eavesdropper Accuracy: 0.7727272727272727 23 1
Communication round: 34, Eavesdropper Accuracy: 0.7568181818181818 24 1
Communication round: 35, Eavesdropper Accuracy: 0.7613636363636364 24 0
Communication round: 36, Eavesdropper Accuracy: 0.7840909090909091 25 1
Communication round: 37, Eavesdropper Accuracy: 0.7795454545454545 26 1
Communication round: 38, Aggregated Accuracies: 0.749642857142857 27
Communication round: 38, Eavesdropper Accuracy: 0.7886363636363637 27 1
Communication round: 39, Eavesdropper Accuracy: 0.7613636363636364 28 1
Communication round: 40, Aggregated Accuracies: 0.7726190476190478 29
Communication round: 40, Eavesdropper Accuracy: 0.8204545454545454 29 1
Communication round: 41, Aggregated Accuracies: 0.7966666666666666 30
Communication round: 41, Eavesdropper Accuracy: 0.8045454545454546 30 1
Communication round: 42, Eavesdropper Accuracy: 0.8181818181818182 31 1
Communication round: 43, Aggregated Accuracies: 0.8182142857142859 32
Communication round: 43, Eavesdropper Accuracy: 0.8068181818181818 32 1
Communication round: 44, Eavesdropper Accuracy: 0.8636363636363636 33 1
Communication round: 45, Aggregated Accuracies: 0.8345238095238094 34
Communication round: 45, Eavesdropper Accuracy: 0.8636363636363636 34 1
Communication round: 46, Eavesdropper Accuracy: 0.8522727272727273 35 1
Communication round: 47, Eavesdropper Accuracy: 0.825 35 0
Communication round: 48, Aggregated Accuracies: 0.8405952380952382 36
Communication round: 48, Eavesdropper Accuracy: 0.8522727272727273 36 1
Communication round: 49, Eavesdropper Accuracy: 0.8431818181818181 36 0
Communication round: 50, Eavesdropper Accuracy: 0.8590909090909091 36 0
Communication round: 51, Eavesdropper Accuracy: 0.8636363636363636 36 0
Communication round: 52, Eavesdropper Accuracy: 0.8681818181818182 36 0
Communication round: 53, Eavesdropper Accuracy: 0.8636363636363636 36 0
Communication round: 54, Eavesdropper Accuracy: 0.8863636363636364 36 0
Communication round: 55, Eavesdropper Accuracy: 0.8363636363636363 36 0
Communication round: 56, Aggregated Accuracies: 0.8536904761904763 37
Communication round: 56, Eavesdropper Accuracy: 0.8977272727272727 37 1
Communication round: 57, Aggregated Accuracies: 0.865595238095238 38
Communication round: 57, Eavesdropper Accuracy: 0.865909090909091 38 1
Communication round: 58, Aggregated Accuracies: 0.8784523809523808 39
Communication round: 58, Eavesdropper Accuracy: 0.8704545454545455 39 1
Communication round: 59, Aggregated Accuracies: 0.884404761904762 40
Communication round: 59, Eavesdropper Accuracy: 0.9090909090909091 40 1
Communication round: 60, Eavesdropper Accuracy: 0.8863636363636364 40 0
Communication round: 61, Aggregated Accuracies: 0.8872619047619047 41
Communication round: 61, Eavesdropper Accuracy: 0.8977272727272727 41 1
Communication round: 62, Eavesdropper Accuracy: 0.8636363636363636 41 0
Communication round: 63, Eavesdropper Accuracy: 0.8613636363636363 41 0
Communication round: 64, Aggregated Accuracies: 0.8910714285714285 42
Communication round: 64, Eavesdropper Accuracy: 0.9045454545454545 42 1
Communication round: 65, Eavesdropper Accuracy: 0.9045454545454545 42 0
Communication round: 66, Eavesdropper Accuracy: 0.9227272727272727 42 0
Communication round: 67, Eavesdropper Accuracy: 0.9318181818181818 43 1
Communication round: 68, Aggregated Accuracies: 0.8933333333333335 44
Communication round: 68, Eavesdropper Accuracy: 0.9068181818181819 44 1
Communication round: 69, Eavesdropper Accuracy: 0.9045454545454545 44 0
Communication round: 70, Aggregated Accuracies: 0.8978571428571428 45
Communication round: 70, Eavesdropper Accuracy: 0.9022727272727272 45 1
Communication round: 71, Eavesdropper Accuracy: 0.9136363636363637 45 0
Communication round: 72, Aggregated Accuracies: 0.9001190476190475 46
Communication round: 72, Eavesdropper Accuracy: 0.8886363636363637 46 1
Communication round: 73, Aggregated Accuracies: 0.906904761904762 47
Communication round: 73, Eavesdropper Accuracy: 0.9477272727272728 47 1
Communication round: 74, Eavesdropper Accuracy: 0.9295454545454546 47 0
Communication round: 75, Eavesdropper Accuracy: 0.9386363636363636 47 0
Communication round: 76, Eavesdropper Accuracy: 0.9045454545454545 47 0
Communication round: 77, Eavesdropper Accuracy: 0.9090909090909091 47 0
Communication round: 78, Eavesdropper Accuracy: 0.9090909090909091 47 0
Communication round: 79, Eavesdropper Accuracy: 0.9295454545454546 47 0
Communication round: 80, Eavesdropper Accuracy: 0.8954545454545455 47 0
Communication round: 81, Eavesdropper Accuracy: 0.8931818181818182 47 0
Communication round: 82, Eavesdropper Accuracy: 0.925 47 0
Communication round: 83, Eavesdropper Accuracy: 0.9272727272727272 47 0
Communication round: 84, Eavesdropper Accuracy: 0.925 47 0
Communication round: 85, Eavesdropper Accuracy: 0.9136363636363637 47 0
Communication round: 86, Eavesdropper Accuracy: 0.9045454545454545 47 0
Communication round: 87, Eavesdropper Accuracy: 0.9295454545454546 47 0
Communication round: 88, Eavesdropper Accuracy: 0.9 47 0
Communication round: 89, Eavesdropper Accuracy: 0.9204545454545454 47 0
Communication round: 90, Eavesdropper Accuracy: 0.9136363636363637 48 1
Communication round: 91, Eavesdropper Accuracy: 0.9045454545454545 48 0
Communication round: 92, Eavesdropper Accuracy: 0.9045454545454545 49 1
Communication round: 93, Eavesdropper Accuracy: 0.9 49 0
Communication round: 94, Eavesdropper Accuracy: 0.9136363636363637 49 0
Communication round: 95, Aggregated Accuracies: 0.9099999999999999 50
Communication round: 95, Eavesdropper Accuracy: 0.9295454545454546 50 1
Communication round: 96, Eavesdropper Accuracy: 0.925 50 0
Communication round: 97, Eavesdropper Accuracy: 0.9136363636363637 50 0
Communication round: 98, Eavesdropper Accuracy: 0.9022727272727272 50 0
Communication round: 99, Smart Eavesdropper Accuracy: 0.7977272727272727 50 0
Communication round: 100, Smart Eavesdropper Accuracy: 0.7818181818181819 50 0
Communication round: 101, Smart Eavesdropper Accuracy: 0.775 50 0
Communication round: 102, Smart Eavesdropper Accuracy: 0.7340909090909091 50 0
Communication round: 103, Smart Eavesdropper Accuracy: 0.7795454545454545 50 0
Communication round: 104, Aggregated Accuracies: 0.9161904761904761 51
Communication round: 104, Smart Eavesdropper Accuracy: 0.7886363636363637 51 1
Communication round: 105, Aggregated Accuracies: 0.9145238095238094 52
Communication round: 105, Smart Eavesdropper Accuracy: 0.7318181818181818 52 1
Communication round: 106, Aggregated Accuracies: 0.9179761904761904 53
Communication round: 106, Smart Eavesdropper Accuracy: 0.8 53 1
Communication round: 107, Aggregated Accuracies: 0.9213095238095237 54
Communication round: 107, Smart Eavesdropper Accuracy: 0.7045454545454546 54 1
Communication round: 108, Smart Eavesdropper Accuracy: 0.7545454545454545 54 0
Communication round: 109, Aggregated Accuracies: 0.9215476190476191 55
Communication round: 109, Smart Eavesdropper Accuracy: 0.6977272727272728 55 1
Communication round: 110, Smart Eavesdropper Accuracy: 0.6977272727272728 55 0
Communication round: 111, Smart Eavesdropper Accuracy: 0.7295454545454545 55 0
Communication round: 112, Smart Eavesdropper Accuracy: 0.6863636363636364 55 0
Communication round: 113, Smart Eavesdropper Accuracy: 0.7818181818181819 55 0
Communication round: 114, Smart Eavesdropper Accuracy: 0.7681818181818182 55 0
Communication round: 115, Smart Eavesdropper Accuracy: 0.7636363636363637 55 0
Communication round: 116, Smart Eavesdropper Accuracy: 0.7181818181818181 55 0
Communication round: 117, Smart Eavesdropper Accuracy: 0.7136363636363636 55 0
Communication round: 118, Smart Eavesdropper Accuracy: 0.7090909090909091 55 0
Communication round: 119, Smart Eavesdropper Accuracy: 0.7068181818181818 55 0
----------------------------------------------------------------------------------------------------
