----------------------------------------------------------------------------------------------------
20_30_120_1_2_0.99_False_
----------------------------------------------------------------------------------------------------
Communication round: 0, Smart Eavesdropper Accuracy: 0.24772727272727274 0 0
Communication round: 1, Smart Eavesdropper Accuracy: 0.23863636363636365 1 1
Communication round: 2, Aggregated Accuracies: 0.1532142857142857 2
Communication round: 2, Eavesdropper Accuracy: 0.19318181818181818 2 1
Communication round: 3, Smart Eavesdropper Accuracy: 0.21136363636363636 2 0
Communication round: 4, Smart Eavesdropper Accuracy: 0.20909090909090908 2 0
Communication round: 5, Aggregated Accuracies: 0.2588095238095238 3
Communication round: 5, Smart Eavesdropper Accuracy: 0.19318181818181818 3 1
Communication round: 6, Aggregated Accuracies: 0.4113095238095238 4
Communication round: 6, Eavesdropper Accuracy: 0.45454545454545453 4 1
Communication round: 7, Smart Eavesdropper Accuracy: 0.22727272727272727 4 0
Communication round: 8, Aggregated Accuracies: 0.47464285714285703 5
Communication round: 8, Eavesdropper Accuracy: 0.5454545454545454 5 1
Communication round: 9, Aggregated Accuracies: 0.5710714285714286 6
Communication round: 9, Eavesdropper Accuracy: 0.6636363636363637 6 1
Communication round: 10, Eavesdropper Accuracy: 0.6454545454545455 6 0
Communication round: 11, Aggregated Accuracies: 0.6178571428571431 7
Communication round: 11, Eavesdropper Accuracy: 0.6863636363636364 7 1
Communication round: 12, Aggregated Accuracies: 0.6920238095238096 8
Communication round: 12, Eavesdropper Accuracy: 0.7431818181818182 8 1
Communication round: 13, Eavesdropper Accuracy: 0.7386363636363636 8 0
Communication round: 14, Aggregated Accuracies: 0.7442857142857143 9
Communication round: 14, Eavesdropper Accuracy: 0.8113636363636364 9 1
Communication round: 15, Aggregated Accuracies: 0.7748809523809524 10
Communication round: 15, Eavesdropper Accuracy: 0.8068181818181818 10 1
Communication round: 16, Aggregated Accuracies: 0.8075000000000001 11
Communication round: 16, Eavesdropper Accuracy: 0.8340909090909091 11 1
Communication round: 17, Aggregated Accuracies: 0.830952380952381 12
Communication round: 17, Eavesdropper Accuracy: 0.8681818181818182 12 1
Communication round: 18, Eavesdropper Accuracy: 0.8568181818181818 13 1
Communication round: 19, Eavesdropper Accuracy: 0.8590909090909091 13 0
Communication round: 20, Eavesdropper Accuracy: 0.8522727272727273 13 0
Communication round: 21, Eavesdropper Accuracy: 0.8181818181818182 13 0
Communication round: 22, Eavesdropper Accuracy: 0.8590909090909091 13 0
Communication round: 23, Eavesdropper Accuracy: 0.8340909090909091 13 0
Communication round: 24, Eavesdropper Accuracy: 0.8568181818181818 13 0
Communication round: 25, Smart Eavesdropper Accuracy: 0.4113636363636364 13 0
Communication round: 26, Smart Eavesdropper Accuracy: 0.5295454545454545 13 0
Communication round: 27, Smart Eavesdropper Accuracy: 0.5113636363636364 13 0
Communication round: 28, Smart Eavesdropper Accuracy: 0.55 13 0
Communication round: 29, Smart Eavesdropper Accuracy: 0.5727272727272728 13 0
Communication round: 30, Smart Eavesdropper Accuracy: 0.6 13 0
Communication round: 31, Smart Eavesdropper Accuracy: 0.6068181818181818 13 0
Communication round: 32, Smart Eavesdropper Accuracy: 0.6068181818181818 13 0
Communication round: 33, Smart Eavesdropper Accuracy: 0.6818181818181818 13 0
Communication round: 34, Smart Eavesdropper Accuracy: 0.5772727272727273 13 0
Communication round: 35, Smart Eavesdropper Accuracy: 0.6272727272727273 13 0
Communication round: 36, Smart Eavesdropper Accuracy: 0.6431818181818182 13 0
Communication round: 37, Aggregated Accuracies: 0.8420238095238096 14
Communication round: 37, Smart Eavesdropper Accuracy: 0.6454545454545455 14 1
Communication round: 38, Aggregated Accuracies: 0.8480952380952381 15
Communication round: 38, Smart Eavesdropper Accuracy: 0.634090909090909 15 1
Communication round: 39, Aggregated Accuracies: 0.8584523809523809 16
Communication round: 39, Smart Eavesdropper Accuracy: 0.6045454545454545 16 1
Communication round: 40, Aggregated Accuracies: 0.8667857142857145 17
Communication round: 40, Smart Eavesdropper Accuracy: 0.5727272727272728 17 1
Communication round: 41, Aggregated Accuracies: 0.8760714285714286 18
Communication round: 41, Smart Eavesdropper Accuracy: 0.6477272727272727 18 1
Communication round: 42, Aggregated Accuracies: 0.8817857142857142 19
Communication round: 42, Smart Eavesdropper Accuracy: 0.6704545454545454 19 1
Communication round: 43, Aggregated Accuracies: 0.8901190476190477 20
Communication round: 43, Smart Eavesdropper Accuracy: 0.6522727272727272 20 1
Communication round: 44, Aggregated Accuracies: 0.891904761904762 21
Communication round: 44, Smart Eavesdropper Accuracy: 0.6795454545454546 21 1
Communication round: 45, Aggregated Accuracies: 0.895357142857143 22
Communication round: 45, Smart Eavesdropper Accuracy: 0.6318181818181818 22 1
Communication round: 46, Smart Eavesdropper Accuracy: 0.6772727272727272 23 1
Communication round: 47, Smart Eavesdropper Accuracy: 0.5977272727272728 23 0
Communication round: 48, Smart Eavesdropper Accuracy: 0.6136363636363636 23 0
Communication round: 49, Smart Eavesdropper Accuracy: 0.5886363636363636 23 0
Communication round: 50, Smart Eavesdropper Accuracy: 0.6863636363636364 23 0
Communication round: 51, Smart Eavesdropper Accuracy: 0.6409090909090909 23 0
Communication round: 52, Smart Eavesdropper Accuracy: 0.65 23 0
Communication round: 53, Smart Eavesdropper Accuracy: 0.6068181818181818 23 0
Communication round: 54, Smart Eavesdropper Accuracy: 0.6318181818181818 23 0
Communication round: 55, Smart Eavesdropper Accuracy: 0.6477272727272727 23 0
Communication round: 56, Smart Eavesdropper Accuracy: 0.6636363636363637 23 0
Communication round: 57, Smart Eavesdropper Accuracy: 0.6681818181818182 23 0
Communication round: 58, Smart Eavesdropper Accuracy: 0.6954545454545454 23 0
Communication round: 59, Smart Eavesdropper Accuracy: 0.6090909090909091 23 0
Communication round: 60, Smart Eavesdropper Accuracy: 0.6136363636363636 23 0
Communication round: 61, Smart Eavesdropper Accuracy: 0.5909090909090909 23 0
Communication round: 62, Smart Eavesdropper Accuracy: 0.5840909090909091 23 0
Communication round: 63, Smart Eavesdropper Accuracy: 0.6227272727272727 23 0
Communication round: 64, Smart Eavesdropper Accuracy: 0.6818181818181818 23 0
Communication round: 65, Smart Eavesdropper Accuracy: 0.615909090909091 23 0
Communication round: 66, Smart Eavesdropper Accuracy: 0.6045454545454545 23 0
Communication round: 67, Smart Eavesdropper Accuracy: 0.6318181818181818 23 0
Communication round: 68, Smart Eavesdropper Accuracy: 0.625 23 0
Communication round: 69, Smart Eavesdropper Accuracy: 0.5545454545454546 23 0
Communication round: 70, Smart Eavesdropper Accuracy: 0.6613636363636364 23 0
Communication round: 71, Smart Eavesdropper Accuracy: 0.6204545454545455 23 0
Communication round: 72, Smart Eavesdropper Accuracy: 0.6022727272727273 23 0
Communication round: 73, Smart Eavesdropper Accuracy: 0.6386363636363637 23 0
Communication round: 74, Smart Eavesdropper Accuracy: 0.6590909090909091 23 0
Communication round: 75, Smart Eavesdropper Accuracy: 0.6818181818181818 23 0
Communication round: 76, Smart Eavesdropper Accuracy: 0.5954545454545455 23 0
Communication round: 77, Smart Eavesdropper Accuracy: 0.615909090909091 23 0
Communication round: 78, Smart Eavesdropper Accuracy: 0.6386363636363637 23 0
Communication round: 79, Smart Eavesdropper Accuracy: 0.6613636363636364 23 0
Communication round: 80, Smart Eavesdropper Accuracy: 0.6545454545454545 23 0
Communication round: 81, Smart Eavesdropper Accuracy: 0.6613636363636364 23 0
Communication round: 82, Smart Eavesdropper Accuracy: 0.6090909090909091 23 0
Communication round: 83, Aggregated Accuracies: 0.905 24
Communication round: 83, Smart Eavesdropper Accuracy: 0.65 24 1
Communication round: 84, Aggregated Accuracies: 0.9005952380952381 25
Communication round: 84, Smart Eavesdropper Accuracy: 0.6386363636363637 25 1
Communication round: 85, Aggregated Accuracies: 0.9133333333333333 26
Communication round: 85, Smart Eavesdropper Accuracy: 0.6863636363636364 26 1
Communication round: 86, Aggregated Accuracies: 0.9163095238095238 27
Communication round: 86, Smart Eavesdropper Accuracy: 0.6272727272727273 27 1
Communication round: 87, Aggregated Accuracies: 0.9207142857142857 28
Communication round: 87, Smart Eavesdropper Accuracy: 0.6227272727272727 28 1
Communication round: 88, Aggregated Accuracies: 0.9201190476190476 29
Communication round: 88, Smart Eavesdropper Accuracy: 0.6363636363636364 29 1
Communication round: 89, Smart Eavesdropper Accuracy: 0.5590909090909091 29 0
Communication round: 90, Aggregated Accuracies: 0.9235714285714286 30
Communication round: 90, Smart Eavesdropper Accuracy: 0.634090909090909 30 1
Communication round: 91, Aggregated Accuracies: 0.9220238095238095 31
Communication round: 91, Smart Eavesdropper Accuracy: 0.5681818181818182 31 1
Communication round: 92, Smart Eavesdropper Accuracy: 0.6659090909090909 31 0
Communication round: 93, Smart Eavesdropper Accuracy: 0.6590909090909091 31 0
Communication round: 94, Aggregated Accuracies: 0.928095238095238 32
Communication round: 94, Smart Eavesdropper Accuracy: 0.6227272727272727 32 1
Communication round: 95, Aggregated Accuracies: 0.9304761904761906 33
Communication round: 95, Smart Eavesdropper Accuracy: 0.6363636363636364 33 1
Communication round: 96, Smart Eavesdropper Accuracy: 0.7136363636363636 33 0
Communication round: 97, Smart Eavesdropper Accuracy: 0.6 33 0
Communication round: 98, Smart Eavesdropper Accuracy: 0.6659090909090909 33 0
Communication round: 99, Smart Eavesdropper Accuracy: 0.6295454545454545 33 0
Communication round: 100, Smart Eavesdropper Accuracy: 0.6818181818181818 33 0
Communication round: 101, Smart Eavesdropper Accuracy: 0.6363636363636364 33 0
Communication round: 102, Smart Eavesdropper Accuracy: 0.6545454545454545 33 0
Communication round: 103, Smart Eavesdropper Accuracy: 0.6863636363636364 33 0
Communication round: 104, Smart Eavesdropper Accuracy: 0.5977272727272728 33 0
Communication round: 105, Smart Eavesdropper Accuracy: 0.5386363636363637 33 0
Communication round: 106, Smart Eavesdropper Accuracy: 0.6659090909090909 33 0
Communication round: 107, Smart Eavesdropper Accuracy: 0.6704545454545454 33 0
Communication round: 108, Smart Eavesdropper Accuracy: 0.6045454545454545 33 0
Communication round: 109, Smart Eavesdropper Accuracy: 0.6386363636363637 33 0
Communication round: 110, Smart Eavesdropper Accuracy: 0.615909090909091 33 0
Communication round: 111, Smart Eavesdropper Accuracy: 0.6727272727272727 33 0
Communication round: 112, Smart Eavesdropper Accuracy: 0.6045454545454545 33 0
Communication round: 113, Smart Eavesdropper Accuracy: 0.5863636363636363 33 0
Communication round: 114, Smart Eavesdropper Accuracy: 0.6681818181818182 33 0
Communication round: 115, Smart Eavesdropper Accuracy: 0.6181818181818182 33 0
Communication round: 116, Smart Eavesdropper Accuracy: 0.5704545454545454 33 0
Communication round: 117, Smart Eavesdropper Accuracy: 0.6 33 0
Communication round: 118, Smart Eavesdropper Accuracy: 0.55 33 0
Communication round: 119, Smart Eavesdropper Accuracy: 0.6318181818181818 33 0
----------------------------------------------------------------------------------------------------
