----------------------------------------------------------------------------------------------------
50_30_100_1_2_0.9_False_
----------------------------------------------------------------------------------------------------
Communication round: 0, Smart Eavesdropper Accuracy: 0.19772727272727272 0 0
Communication round: 1, Smart Eavesdropper Accuracy: 0.20227272727272727 1 1
Communication round: 2, Smart Eavesdropper Accuracy: 0.17045454545454544 1 0
Communication round: 3, Smart Eavesdropper Accuracy: 0.18636363636363637 1 0
Communication round: 4, Smart Eavesdropper Accuracy: 0.19772727272727272 1 0
Communication round: 5, Aggregated Accuracies: 0.13202380952380952 2
Communication round: 5, Smart Eavesdropper Accuracy: 0.19318181818181818 2 1
Communication round: 6, Smart Eavesdropper Accuracy: 0.21363636363636362 2 0
Communication round: 7, Aggregated Accuracies: 0.14309523809523805 3
Communication round: 7, Smart Eavesdropper Accuracy: 0.19772727272727272 3 1
Communication round: 8, Smart Eavesdropper Accuracy: 0.21818181818181817 3 0
Communication round: 9, Aggregated Accuracies: 0.169047619047619 4
Communication round: 9, Smart Eavesdropper Accuracy: 0.2 4 1
Communication round: 10, Aggregated Accuracies: 0.1817857142857143 5
Communication round: 10, Smart Eavesdropper Accuracy: 0.18863636363636363 5 1
Communication round: 11, Aggregated Accuracies: 0.19785714285714284 6
Communication round: 11, Smart Eavesdropper Accuracy: 0.2 6 1
Communication round: 12, Aggregated Accuracies: 0.22119047619047616 7
Communication round: 12, Eavesdropper Accuracy: 0.22727272727272727 7 1
Communication round: 13, Aggregated Accuracies: 0.22928571428571431 8
Communication round: 13, Eavesdropper Accuracy: 0.2818181818181818 8 1
Communication round: 14, Aggregated Accuracies: 0.2401190476190476 9
Communication round: 14, Eavesdropper Accuracy: 0.26136363636363635 9 1
Communication round: 15, Aggregated Accuracies: 0.2475 10
Communication round: 15, Eavesdropper Accuracy: 0.2431818181818182 10 1
Communication round: 16, Eavesdropper Accuracy: 0.2545454545454545 11 1
Communication round: 17, Eavesdropper Accuracy: 0.2681818181818182 12 1
Communication round: 18, Eavesdropper Accuracy: 0.2590909090909091 13 1
Communication round: 19, Aggregated Accuracies: 0.259047619047619 14
Communication round: 19, Eavesdropper Accuracy: 0.2818181818181818 14 1
Communication round: 20, Eavesdropper Accuracy: 0.27045454545454545 14 0
Communication round: 21, Eavesdropper Accuracy: 0.2681818181818182 14 0
Communication round: 22, Eavesdropper Accuracy: 0.2340909090909091 14 0
Communication round: 23, Aggregated Accuracies: 0.259404761904762 15
Communication round: 23, Eavesdropper Accuracy: 0.30454545454545456 15 1
Communication round: 24, Eavesdropper Accuracy: 0.2818181818181818 16 1
Communication round: 25, Aggregated Accuracies: 0.2677380952380953 17
Communication round: 25, Eavesdropper Accuracy: 0.25681818181818183 17 1
Communication round: 26, Aggregated Accuracies: 0.27357142857142863 18
Communication round: 26, Eavesdropper Accuracy: 0.275 18 1
Communication round: 27, Aggregated Accuracies: 0.2795238095238095 19
Communication round: 27, Eavesdropper Accuracy: 0.29545454545454547 19 1
Communication round: 28, Eavesdropper Accuracy: 0.31136363636363634 19 0
Communication round: 29, Aggregated Accuracies: 0.2827380952380953 20
Communication round: 29, Eavesdropper Accuracy: 0.2909090909090909 20 1
Communication round: 30, Aggregated Accuracies: 0.2872619047619048 21
Communication round: 30, Eavesdropper Accuracy: 0.275 21 1
Communication round: 31, Eavesdropper Accuracy: 0.31136363636363634 21 0
Communication round: 32, Eavesdropper Accuracy: 0.27954545454545454 21 0
Communication round: 33, Eavesdropper Accuracy: 0.275 22 1
Communication round: 34, Aggregated Accuracies: 0.29261904761904767 23
Communication round: 34, Eavesdropper Accuracy: 0.31136363636363634 23 1
Communication round: 35, Aggregated Accuracies: 0.2961904761904762 24
Communication round: 35, Eavesdropper Accuracy: 0.32954545454545453 24 1
Communication round: 36, Aggregated Accuracies: 0.3055952380952381 25
Communication round: 36, Eavesdropper Accuracy: 0.28863636363636364 25 1
Communication round: 37, Eavesdropper Accuracy: 0.3431818181818182 26 1
Communication round: 38, Eavesdropper Accuracy: 0.32954545454545453 26 0
Communication round: 39, Aggregated Accuracies: 0.30654761904761896 27
Communication round: 39, Eavesdropper Accuracy: 0.3386363636363636 27 1
Communication round: 40, Eavesdropper Accuracy: 0.30227272727272725 28 1
Communication round: 41, Eavesdropper Accuracy: 0.325 29 1
Communication round: 42, Eavesdropper Accuracy: 0.3068181818181818 29 0
Communication round: 43, Eavesdropper Accuracy: 0.33181818181818185 29 0
Communication round: 44, Eavesdropper Accuracy: 0.3090909090909091 29 0
Communication round: 45, Eavesdropper Accuracy: 0.31136363636363634 29 0
Communication round: 46, Eavesdropper Accuracy: 0.32727272727272727 29 0
Communication round: 47, Eavesdropper Accuracy: 0.3068181818181818 29 0
Communication round: 48, Eavesdropper Accuracy: 0.29772727272727273 29 0
Communication round: 49, Eavesdropper Accuracy: 0.325 29 0
Communication round: 50, Eavesdropper Accuracy: 0.30454545454545456 29 0
Communication round: 51, Eavesdropper Accuracy: 0.32045454545454544 29 0
Communication round: 52, Eavesdropper Accuracy: 0.33181818181818185 29 0
Communication round: 53, Eavesdropper Accuracy: 0.3181818181818182 29 0
Communication round: 54, Eavesdropper Accuracy: 0.3159090909090909 29 0
Communication round: 55, Eavesdropper Accuracy: 0.31363636363636366 29 0
Communication round: 56, Eavesdropper Accuracy: 0.30454545454545456 29 0
Communication round: 57, Aggregated Accuracies: 0.3108333333333334 30
Communication round: 57, Eavesdropper Accuracy: 0.30454545454545456 30 1
Communication round: 58, Eavesdropper Accuracy: 0.3 30 0
Communication round: 59, Aggregated Accuracies: 0.3144047619047619 31
Communication round: 59, Eavesdropper Accuracy: 0.31363636363636366 31 1
Communication round: 60, Aggregated Accuracies: 0.3223809523809525 32
Communication round: 60, Eavesdropper Accuracy: 0.33636363636363636 32 1
Communication round: 61, Aggregated Accuracies: 0.32452380952380955 33
Communication round: 61, Eavesdropper Accuracy: 0.32045454545454544 33 1
Communication round: 62, Aggregated Accuracies: 0.32892857142857146 34
Communication round: 62, Eavesdropper Accuracy: 0.3409090909090909 34 1
Communication round: 63, Aggregated Accuracies: 0.3358333333333332 35
Communication round: 63, Eavesdropper Accuracy: 0.31363636363636366 35 1
Communication round: 64, Aggregated Accuracies: 0.3420238095238094 36
Communication round: 64, Eavesdropper Accuracy: 0.3613636363636364 36 1
Communication round: 65, Aggregated Accuracies: 0.3441666666666666 37
Communication round: 65, Eavesdropper Accuracy: 0.35 37 1
Communication round: 66, Aggregated Accuracies: 0.34666666666666673 38
Communication round: 66, Eavesdropper Accuracy: 0.36818181818181817 38 1
Communication round: 67, Aggregated Accuracies: 0.35440476190476183 39
Communication round: 67, Eavesdropper Accuracy: 0.37272727272727274 39 1
Communication round: 68, Eavesdropper Accuracy: 0.35454545454545455 39 0
Communication round: 69, Eavesdropper Accuracy: 0.36818181818181817 39 0
Communication round: 70, Eavesdropper Accuracy: 0.3568181818181818 39 0
Communication round: 71, Eavesdropper Accuracy: 0.35454545454545455 39 0
Communication round: 72, Eavesdropper Accuracy: 0.36363636363636365 39 0
Communication round: 73, Eavesdropper Accuracy: 0.32954545454545453 39 0
Communication round: 74, Eavesdropper Accuracy: 0.37272727272727274 39 0
Communication round: 75, Eavesdropper Accuracy: 0.38636363636363635 39 0
Communication round: 76, Eavesdropper Accuracy: 0.3795454545454545 39 0
Communication round: 77, Smart Eavesdropper Accuracy: 0.22045454545454546 39 0
Communication round: 78, Smart Eavesdropper Accuracy: 0.19772727272727272 39 0
Communication round: 79, Smart Eavesdropper Accuracy: 0.20681818181818182 39 0
Communication round: 80, Smart Eavesdropper Accuracy: 0.19772727272727272 39 0
Communication round: 81, Smart Eavesdropper Accuracy: 0.17045454545454544 39 0
Communication round: 82, Smart Eavesdropper Accuracy: 0.19545454545454546 39 0
Communication round: 83, Smart Eavesdropper Accuracy: 0.17954545454545454 39 0
Communication round: 84, Smart Eavesdropper Accuracy: 0.18181818181818182 39 0
Communication round: 85, Smart Eavesdropper Accuracy: 0.18863636363636363 39 0
Communication round: 86, Smart Eavesdropper Accuracy: 0.20681818181818182 39 0
Communication round: 87, Smart Eavesdropper Accuracy: 0.21136363636363636 39 0
Communication round: 88, Smart Eavesdropper Accuracy: 0.18636363636363637 39 0
Communication round: 89, Smart Eavesdropper Accuracy: 0.21363636363636362 39 0
Communication round: 90, Smart Eavesdropper Accuracy: 0.18409090909090908 39 0
Communication round: 91, Smart Eavesdropper Accuracy: 0.2 39 0
Communication round: 92, Smart Eavesdropper Accuracy: 0.18409090909090908 39 0
Communication round: 93, Smart Eavesdropper Accuracy: 0.2 39 0
Communication round: 94, Smart Eavesdropper Accuracy: 0.19545454545454546 39 0
Communication round: 95, Smart Eavesdropper Accuracy: 0.20227272727272727 39 0
Communication round: 96, Smart Eavesdropper Accuracy: 0.18636363636363637 39 0
Communication round: 97, Smart Eavesdropper Accuracy: 0.19090909090909092 39 0
Communication round: 98, Smart Eavesdropper Accuracy: 0.19090909090909092 39 0
Communication round: 99, Smart Eavesdropper Accuracy: 0.18409090909090908 39 0
----------------------------------------------------------------------------------------------------
----------------------------------------------------------------------------------------------------
50_30_100_1_2_0.9_False_
----------------------------------------------------------------------------------------------------
Communication round: 0, Eavesdropper Accuracy: 0.14545454545454545 1 1
Communication round: 1, Smart Eavesdropper Accuracy: 0.19772727272727272 1 0
Communication round: 2, Eavesdropper Accuracy: 0.16136363636363638 2 1
Communication round: 3, Smart Eavesdropper Accuracy: 0.18863636363636363 2 0
Communication round: 4, Smart Eavesdropper Accuracy: 0.16590909090909092 2 0
Communication round: 5, Smart Eavesdropper Accuracy: 0.17045454545454544 2 0
Communication round: 6, Smart Eavesdropper Accuracy: 0.19772727272727272 2 0
Communication round: 7, Smart Eavesdropper Accuracy: 0.20909090909090908 3 1
Communication round: 8, Smart Eavesdropper Accuracy: 0.18409090909090908 4 1
Communication round: 9, Smart Eavesdropper Accuracy: 0.175 5 1
Communication round: 10, Smart Eavesdropper Accuracy: 0.2 5 0
Communication round: 11, Smart Eavesdropper Accuracy: 0.17727272727272728 5 0
Communication round: 12, Smart Eavesdropper Accuracy: 0.18409090909090908 6 1
Communication round: 13, Smart Eavesdropper Accuracy: 0.20681818181818182 6 0
Communication round: 14, Smart Eavesdropper Accuracy: 0.20227272727272727 7 1
Communication round: 15, Smart Eavesdropper Accuracy: 0.19545454545454546 8 1
Communication round: 16, Aggregated Accuracies: 0.15523809523809529 9
Communication round: 16, Eavesdropper Accuracy: 0.16818181818181818 9 1
Communication round: 17, Smart Eavesdropper Accuracy: 0.19545454545454546 9 0
Communication round: 18, Eavesdropper Accuracy: 0.17954545454545454 10 1
Communication round: 19, Eavesdropper Accuracy: 0.1590909090909091 11 1
Communication round: 20, Eavesdropper Accuracy: 0.16818181818181818 11 0
Communication round: 21, Aggregated Accuracies: 0.1836904761904762 12
Communication round: 21, Eavesdropper Accuracy: 0.20227272727272727 12 1
Communication round: 22, Eavesdropper Accuracy: 0.2 13 1
Communication round: 23, Eavesdropper Accuracy: 0.17727272727272728 13 0
Communication round: 24, Eavesdropper Accuracy: 0.17727272727272728 14 1
Communication round: 25, Eavesdropper Accuracy: 0.2159090909090909 15 1
Communication round: 26, Aggregated Accuracies: 0.2160714285714285 16
Communication round: 26, Eavesdropper Accuracy: 0.21818181818181817 16 1
Communication round: 27, Aggregated Accuracies: 0.24059523809523803 17
Communication round: 27, Eavesdropper Accuracy: 0.2409090909090909 17 1
Communication round: 28, Aggregated Accuracies: 0.2573809523809524 18
Communication round: 28, Eavesdropper Accuracy: 0.24545454545454545 18 1
Communication round: 29, Eavesdropper Accuracy: 0.23863636363636365 19 1
Communication round: 30, Aggregated Accuracies: 0.27619047619047615 20
Communication round: 30, Eavesdropper Accuracy: 0.28863636363636364 20 1
Communication round: 31, Aggregated Accuracies: 0.28916666666666674 21
Communication round: 31, Eavesdropper Accuracy: 0.275 21 1
Communication round: 32, Eavesdropper Accuracy: 0.27954545454545454 22 1
Communication round: 33, Eavesdropper Accuracy: 0.2863636363636364 23 1
Communication round: 34, Eavesdropper Accuracy: 0.26136363636363635 24 1
Communication round: 35, Eavesdropper Accuracy: 0.2818181818181818 25 1
Communication round: 36, Eavesdropper Accuracy: 0.30454545454545456 26 1
Communication round: 37, Eavesdropper Accuracy: 0.28863636363636364 27 1
Communication round: 38, Aggregated Accuracies: 0.2996428571428571 28
Communication round: 38, Eavesdropper Accuracy: 0.3090909090909091 28 1
Communication round: 39, Eavesdropper Accuracy: 0.29545454545454547 29 1
Communication round: 40, Eavesdropper Accuracy: 0.32954545454545453 30 1
Communication round: 41, Aggregated Accuracies: 0.3083333333333334 31
Communication round: 41, Eavesdropper Accuracy: 0.3159090909090909 31 1
Communication round: 42, Aggregated Accuracies: 0.31190476190476196 32
Communication round: 42, Eavesdropper Accuracy: 0.29318181818181815 32 1
Communication round: 43, Eavesdropper Accuracy: 0.29318181818181815 33 1
Communication round: 44, Eavesdropper Accuracy: 0.2863636363636364 33 0
Communication round: 45, Eavesdropper Accuracy: 0.3 34 1
Communication round: 46, Aggregated Accuracies: 0.31452380952380943 35
Communication round: 46, Eavesdropper Accuracy: 0.2818181818181818 35 1
Communication round: 47, Eavesdropper Accuracy: 0.29772727272727273 36 1
Communication round: 48, Aggregated Accuracies: 0.3191666666666666 37
Communication round: 48, Eavesdropper Accuracy: 0.3159090909090909 37 1
Communication round: 49, Aggregated Accuracies: 0.3232142857142856 38
Communication round: 49, Eavesdropper Accuracy: 0.2909090909090909 38 1
Communication round: 50, Aggregated Accuracies: 0.32380952380952377 39
Communication round: 50, Eavesdropper Accuracy: 0.3159090909090909 39 1
Communication round: 51, Aggregated Accuracies: 0.32654761904761903 40
Communication round: 51, Eavesdropper Accuracy: 0.32954545454545453 40 1
Communication round: 52, Aggregated Accuracies: 0.3310714285714285 41
Communication round: 52, Eavesdropper Accuracy: 0.31363636363636366 41 1
Communication round: 53, Eavesdropper Accuracy: 0.3159090909090909 41 0
Communication round: 54, Eavesdropper Accuracy: 0.31363636363636366 41 0
Communication round: 55, Eavesdropper Accuracy: 0.31136363636363634 41 0
Communication round: 56, Eavesdropper Accuracy: 0.34545454545454546 41 0
Communication round: 57, Eavesdropper Accuracy: 0.3409090909090909 41 0
Communication round: 58, Eavesdropper Accuracy: 0.32272727272727275 41 0
Communication round: 59, Eavesdropper Accuracy: 0.3409090909090909 41 0
Communication round: 60, Eavesdropper Accuracy: 0.3068181818181818 41 0
Communication round: 61, Eavesdropper Accuracy: 0.31363636363636366 41 0
Communication round: 62, Aggregated Accuracies: 0.32904761904761903 42
Communication round: 62, Eavesdropper Accuracy: 0.32272727272727275 42 1
Communication round: 63, Eavesdropper Accuracy: 0.32954545454545453 43 1
Communication round: 64, Eavesdropper Accuracy: 0.32045454545454544 44 1
Communication round: 65, Aggregated Accuracies: 0.32619047619047614 45
Communication round: 65, Eavesdropper Accuracy: 0.3181818181818182 45 1
Communication round: 66, Aggregated Accuracies: 0.32714285714285707 46
Communication round: 66, Eavesdropper Accuracy: 0.3159090909090909 46 1
Communication round: 67, Eavesdropper Accuracy: 0.3409090909090909 46 0
Communication round: 68, Eavesdropper Accuracy: 0.3340909090909091 46 0
Communication round: 69, Aggregated Accuracies: 0.32702380952380944 47
Communication round: 69, Eavesdropper Accuracy: 0.3522727272727273 47 1
Communication round: 70, Aggregated Accuracies: 0.3301190476190476 48
Communication round: 70, Eavesdropper Accuracy: 0.32954545454545453 48 1
Communication round: 71, Eavesdropper Accuracy: 0.3181818181818182 48 0
Communication round: 72, Eavesdropper Accuracy: 0.31136363636363634 48 0
Communication round: 73, Aggregated Accuracies: 0.33035714285714285 49
Communication round: 73, Eavesdropper Accuracy: 0.33181818181818185 49 1
Communication round: 74, Aggregated Accuracies: 0.3334523809523809 50
Communication round: 74, Eavesdropper Accuracy: 0.3386363636363636 50 1
Communication round: 75, Aggregated Accuracies: 0.33309523809523806 51
Communication round: 75, Eavesdropper Accuracy: 0.34545454545454546 51 1
Communication round: 76, Aggregated Accuracies: 0.3367857142857143 52
Communication round: 76, Eavesdropper Accuracy: 0.3522727272727273 52 1
Communication round: 77, Aggregated Accuracies: 0.3341666666666667 53
Communication round: 77, Eavesdropper Accuracy: 0.3522727272727273 53 1
Communication round: 78, Aggregated Accuracies: 0.33892857142857147 54
Communication round: 78, Eavesdropper Accuracy: 0.3522727272727273 54 1
Communication round: 79, Aggregated Accuracies: 0.34095238095238095 55
Communication round: 79, Eavesdropper Accuracy: 0.3409090909090909 55 1
Communication round: 80, Aggregated Accuracies: 0.33607142857142863 56
Communication round: 80, Eavesdropper Accuracy: 0.35 56 1
Communication round: 81, Aggregated Accuracies: 0.34392857142857136 57
Communication round: 81, Eavesdropper Accuracy: 0.36818181818181817 57 1
Communication round: 82, Eavesdropper Accuracy: 0.3159090909090909 57 0
Communication round: 83, Eavesdropper Accuracy: 0.35 57 0
Communication round: 84, Eavesdropper Accuracy: 0.3181818181818182 57 0
Communication round: 85, Eavesdropper Accuracy: 0.35 57 0
Communication round: 86, Eavesdropper Accuracy: 0.3522727272727273 57 0
Communication round: 87, Eavesdropper Accuracy: 0.33636363636363636 57 0
Communication round: 88, Eavesdropper Accuracy: 0.3477272727272727 57 0
Communication round: 89, Eavesdropper Accuracy: 0.32954545454545453 57 0
Communication round: 90, Eavesdropper Accuracy: 0.35909090909090907 57 0
Communication round: 91, Eavesdropper Accuracy: 0.35 57 0
Communication round: 92, Eavesdropper Accuracy: 0.33636363636363636 57 0
Communication round: 93, Eavesdropper Accuracy: 0.35 57 0
Communication round: 94, Eavesdropper Accuracy: 0.3431818181818182 57 0
Communication round: 95, Eavesdropper Accuracy: 0.3340909090909091 57 0
Communication round: 96, Eavesdropper Accuracy: 0.35 57 0
Communication round: 97, Eavesdropper Accuracy: 0.3522727272727273 57 0
Communication round: 98, Eavesdropper Accuracy: 0.36363636363636365 57 0
Communication round: 99, Eavesdropper Accuracy: 0.325 57 0
----------------------------------------------------------------------------------------------------
----------------------------------------------------------------------------------------------------
50_30_100_1_2_0.9_False_
----------------------------------------------------------------------------------------------------
Communication round: 0, Eavesdropper Accuracy: 0.05227272727272727 1 1
Communication round: 1, Eavesdropper Accuracy: 0.056818181818181816 2 1
Communication round: 2, Aggregated Accuracies: 0.0588095238095238 3
Communication round: 2, Eavesdropper Accuracy: 0.05909090909090909 3 1
Communication round: 3, Eavesdropper Accuracy: 0.05 4 1
Communication round: 4, Eavesdropper Accuracy: 0.056818181818181816 5 1
Communication round: 5, Eavesdropper Accuracy: 0.05 5 0
Communication round: 6, Eavesdropper Accuracy: 0.06136363636363636 5 0
Communication round: 7, Eavesdropper Accuracy: 0.06136363636363636 5 0
Communication round: 8, Eavesdropper Accuracy: 0.05909090909090909 5 0
Communication round: 9, Eavesdropper Accuracy: 0.06818181818181818 6 1
Communication round: 10, Aggregated Accuracies: 0.06273809523809523 7
Communication round: 10, Eavesdropper Accuracy: 0.05 7 1
Communication round: 11, Eavesdropper Accuracy: 0.045454545454545456 7 0
Communication round: 12, Aggregated Accuracies: 0.08321428571428571 8
Communication round: 12, Eavesdropper Accuracy: 0.06136363636363636 8 1
Communication round: 13, Eavesdropper Accuracy: 0.0659090909090909 9 1
Communication round: 14, Eavesdropper Accuracy: 0.06136363636363636 10 1
Communication round: 15, Eavesdropper Accuracy: 0.06363636363636363 11 1
Communication round: 16, Eavesdropper Accuracy: 0.0659090909090909 11 0
Communication round: 17, Eavesdropper Accuracy: 0.06818181818181818 12 1
Communication round: 18, Eavesdropper Accuracy: 0.05909090909090909 12 0
Communication round: 19, Eavesdropper Accuracy: 0.06136363636363636 12 0
Communication round: 20, Aggregated Accuracies: 0.09988095238095239 13
Communication round: 20, Eavesdropper Accuracy: 0.07272727272727272 13 1
Communication round: 21, Eavesdropper Accuracy: 0.08863636363636364 14 1
Communication round: 22, Eavesdropper Accuracy: 0.08636363636363636 15 1
Communication round: 23, Eavesdropper Accuracy: 0.06363636363636363 16 1
Communication round: 24, Eavesdropper Accuracy: 0.08181818181818182 17 1
Communication round: 25, Eavesdropper Accuracy: 0.07045454545454545 18 1
Communication round: 26, Eavesdropper Accuracy: 0.08636363636363636 19 1
Communication round: 27, Aggregated Accuracies: 0.11595238095238097 20
Communication round: 27, Eavesdropper Accuracy: 0.10909090909090909 20 1
Communication round: 28, Eavesdropper Accuracy: 0.10227272727272728 21 1
Communication round: 29, Eavesdropper Accuracy: 0.08863636363636364 22 1
Communication round: 30, Eavesdropper Accuracy: 0.09772727272727273 23 1
Communication round: 31, Eavesdropper Accuracy: 0.11136363636363636 23 0
Communication round: 32, Eavesdropper Accuracy: 0.09545454545454546 23 0
Communication round: 33, Eavesdropper Accuracy: 0.10909090909090909 24 1
Communication round: 34, Aggregated Accuracies: 0.14988095238095236 25
Communication round: 34, Eavesdropper Accuracy: 0.14772727272727273 25 1
Communication round: 35, Aggregated Accuracies: 0.18095238095238095 26
Communication round: 35, Eavesdropper Accuracy: 0.16363636363636364 26 1
Communication round: 36, Aggregated Accuracies: 0.20202380952380955 27
Communication round: 36, Eavesdropper Accuracy: 0.18863636363636363 27 1
Communication round: 37, Eavesdropper Accuracy: 0.21136363636363636 27 0
Communication round: 38, Aggregated Accuracies: 0.22392857142857142 28
Communication round: 38, Eavesdropper Accuracy: 0.19772727272727272 28 1
Communication round: 39, Eavesdropper Accuracy: 0.2431818181818182 28 0
Communication round: 40, Eavesdropper Accuracy: 0.21136363636363636 28 0
Communication round: 41, Aggregated Accuracies: 0.23785714285714285 29
Communication round: 41, Eavesdropper Accuracy: 0.22272727272727272 29 1
Communication round: 42, Eavesdropper Accuracy: 0.2545454545454545 29 0
Communication round: 43, Eavesdropper Accuracy: 0.24772727272727274 30 1
Communication round: 44, Eavesdropper Accuracy: 0.22272727272727272 31 1
Communication round: 45, Eavesdropper Accuracy: 0.26136363636363635 31 0
Communication round: 46, Eavesdropper Accuracy: 0.22954545454545455 31 0
Communication round: 47, Aggregated Accuracies: 0.24726190476190468 32
Communication round: 47, Eavesdropper Accuracy: 0.2409090909090909 32 1
Communication round: 48, Eavesdropper Accuracy: 0.2318181818181818 32 0
Communication round: 49, Eavesdropper Accuracy: 0.23863636363636365 33 1
Communication round: 50, Eavesdropper Accuracy: 0.2590909090909091 34 1
Communication round: 51, Eavesdropper Accuracy: 0.2681818181818182 34 0
Communication round: 52, Eavesdropper Accuracy: 0.2340909090909091 35 1
Communication round: 53, Eavesdropper Accuracy: 0.25681818181818183 35 0
Communication round: 54, Eavesdropper Accuracy: 0.24772727272727274 35 0
Communication round: 55, Eavesdropper Accuracy: 0.2340909090909091 36 1
Communication round: 56, Eavesdropper Accuracy: 0.24772727272727274 37 1
Communication round: 57, Eavesdropper Accuracy: 0.24772727272727274 38 1
Communication round: 58, Eavesdropper Accuracy: 0.26136363636363635 39 1
Communication round: 59, Aggregated Accuracies: 0.25261904761904763 40
Communication round: 59, Eavesdropper Accuracy: 0.26136363636363635 40 1
Communication round: 60, Eavesdropper Accuracy: 0.27954545454545454 40 0
Communication round: 61, Eavesdropper Accuracy: 0.2681818181818182 40 0
Communication round: 62, Eavesdropper Accuracy: 0.2545454545454545 40 0
Communication round: 63, Eavesdropper Accuracy: 0.25227272727272726 40 0
Communication round: 64, Eavesdropper Accuracy: 0.2681818181818182 40 0
Communication round: 65, Eavesdropper Accuracy: 0.22272727272727272 40 0
Communication round: 66, Eavesdropper Accuracy: 0.2545454545454545 40 0
Communication round: 67, Eavesdropper Accuracy: 0.26590909090909093 40 0
Communication round: 68, Eavesdropper Accuracy: 0.27045454545454545 40 0
Communication round: 69, Eavesdropper Accuracy: 0.25 41 1
Communication round: 70, Eavesdropper Accuracy: 0.25681818181818183 41 0
Communication round: 71, Eavesdropper Accuracy: 0.2727272727272727 41 0
Communication round: 72, Eavesdropper Accuracy: 0.2681818181818182 41 0
Communication round: 73, Eavesdropper Accuracy: 0.2590909090909091 41 0
Communication round: 74, Eavesdropper Accuracy: 0.275 41 0
Communication round: 75, Eavesdropper Accuracy: 0.27045454545454545 41 0
Communication round: 76, Eavesdropper Accuracy: 0.2590909090909091 41 0
Communication round: 77, Eavesdropper Accuracy: 0.2681818181818182 41 0
Communication round: 78, Eavesdropper Accuracy: 0.2727272727272727 41 0
Communication round: 79, Eavesdropper Accuracy: 0.2818181818181818 41 0
Communication round: 80, Eavesdropper Accuracy: 0.25 42 1
Communication round: 81, Eavesdropper Accuracy: 0.26590909090909093 43 1
Communication round: 82, Eavesdropper Accuracy: 0.26136363636363635 44 1
Communication round: 83, Eavesdropper Accuracy: 0.2772727272727273 45 1
Communication round: 84, Eavesdropper Accuracy: 0.2681818181818182 45 0
Communication round: 85, Eavesdropper Accuracy: 0.27954545454545454 45 0
Communication round: 86, Eavesdropper Accuracy: 0.2590909090909091 46 1
Communication round: 87, Eavesdropper Accuracy: 0.2636363636363636 47 1
Communication round: 88, Eavesdropper Accuracy: 0.24545454545454545 48 1
Communication round: 89, Aggregated Accuracies: 0.26166666666666666 49
Communication round: 89, Eavesdropper Accuracy: 0.24545454545454545 49 1
Communication round: 90, Eavesdropper Accuracy: 0.27045454545454545 50 1
Communication round: 91, Aggregated Accuracies: 0.2655952380952381 51
Communication round: 91, Eavesdropper Accuracy: 0.27045454545454545 51 1
Communication round: 92, Eavesdropper Accuracy: 0.2681818181818182 51 0
Communication round: 93, Eavesdropper Accuracy: 0.25 51 0
Communication round: 94, Aggregated Accuracies: 0.2740476190476191 52
Communication round: 94, Eavesdropper Accuracy: 0.2727272727272727 52 1
Communication round: 95, Eavesdropper Accuracy: 0.2772727272727273 52 0
Communication round: 96, Aggregated Accuracies: 0.27452380952380956 53
Communication round: 96, Eavesdropper Accuracy: 0.27954545454545454 53 1
Communication round: 97, Aggregated Accuracies: 0.2752380952380953 54
Communication round: 97, Eavesdropper Accuracy: 0.27954545454545454 54 1
Communication round: 98, Aggregated Accuracies: 0.2795238095238095 55
Communication round: 98, Eavesdropper Accuracy: 0.27954545454545454 55 1
Communication round: 99, Aggregated Accuracies: 0.28166666666666673 56
Communication round: 99, Eavesdropper Accuracy: 0.26590909090909093 56 1
----------------------------------------------------------------------------------------------------
----------------------------------------------------------------------------------------------------
50_30_100_1_2_0.9_False_
----------------------------------------------------------------------------------------------------
Communication round: 0, Smart Eavesdropper Accuracy: 0.15 0 0
Communication round: 1, Smart Eavesdropper Accuracy: 0.17954545454545454 0 0
Communication round: 2, Smart Eavesdropper Accuracy: 0.18409090909090908 0 0
Communication round: 3, Smart Eavesdropper Accuracy: 0.22272727272727272 0 0
Communication round: 4, Smart Eavesdropper Accuracy: 0.21363636363636362 1 1
Communication round: 5, Smart Eavesdropper Accuracy: 0.2159090909090909 2 1
Communication round: 6, Smart Eavesdropper Accuracy: 0.18636363636363637 3 1
Communication round: 7, Smart Eavesdropper Accuracy: 0.20454545454545456 4 1
Communication round: 8, Aggregated Accuracies: 0.10773809523809527 5
Communication round: 8, Eavesdropper Accuracy: 0.11136363636363636 5 1
Communication round: 9, Aggregated Accuracies: 0.1344047619047619 6
Communication round: 9, Eavesdropper Accuracy: 0.12727272727272726 6 1
Communication round: 10, Aggregated Accuracies: 0.15238095238095237 7
Communication round: 10, Eavesdropper Accuracy: 0.15227272727272728 7 1
Communication round: 11, Aggregated Accuracies: 0.1688095238095238 8
Communication round: 11, Eavesdropper Accuracy: 0.17045454545454544 8 1
Communication round: 12, Aggregated Accuracies: 0.17928571428571424 9
Communication round: 12, Eavesdropper Accuracy: 0.18181818181818182 9 1
Communication round: 13, Aggregated Accuracies: 0.1963095238095237 10
Communication round: 13, Eavesdropper Accuracy: 0.19090909090909092 10 1
Communication round: 14, Aggregated Accuracies: 0.20321428571428576 11
Communication round: 14, Eavesdropper Accuracy: 0.2159090909090909 11 1
Communication round: 15, Aggregated Accuracies: 0.2210714285714285 12
Communication round: 15, Eavesdropper Accuracy: 0.2340909090909091 12 1
Communication round: 16, Aggregated Accuracies: 0.2269047619047619 13
Communication round: 16, Eavesdropper Accuracy: 0.21363636363636362 13 1
Communication round: 17, Aggregated Accuracies: 0.2407142857142857 14
Communication round: 17, Eavesdropper Accuracy: 0.21818181818181817 14 1
Communication round: 18, Aggregated Accuracies: 0.24345238095238098 15
Communication round: 18, Eavesdropper Accuracy: 0.2409090909090909 15 1
Communication round: 19, Aggregated Accuracies: 0.24976190476190482 16
Communication round: 19, Eavesdropper Accuracy: 0.25681818181818183 16 1
Communication round: 20, Aggregated Accuracies: 0.25809523809523804 17
Communication round: 20, Eavesdropper Accuracy: 0.24772727272727274 17 1
Communication round: 21, Aggregated Accuracies: 0.26261904761904764 18
Communication round: 21, Eavesdropper Accuracy: 0.25681818181818183 18 1
Communication round: 22, Aggregated Accuracies: 0.26809523809523805 19
Communication round: 22, Eavesdropper Accuracy: 0.275 19 1
Communication round: 23, Aggregated Accuracies: 0.27452380952380956 20
Communication round: 23, Eavesdropper Accuracy: 0.2636363636363636 20 1
Communication round: 24, Eavesdropper Accuracy: 0.25681818181818183 20 0
Communication round: 25, Eavesdropper Accuracy: 0.2772727272727273 20 0
Communication round: 26, Eavesdropper Accuracy: 0.23636363636363636 20 0
Communication round: 27, Eavesdropper Accuracy: 0.26590909090909093 20 0
Communication round: 28, Eavesdropper Accuracy: 0.29545454545454547 20 0
Communication round: 29, Eavesdropper Accuracy: 0.27045454545454545 20 0
Communication round: 30, Eavesdropper Accuracy: 0.2840909090909091 20 0
Communication round: 31, Eavesdropper Accuracy: 0.2772727272727273 20 0
Communication round: 32, Eavesdropper Accuracy: 0.27954545454545454 20 0
Communication round: 33, Eavesdropper Accuracy: 0.2818181818181818 20 0
Communication round: 34, Eavesdropper Accuracy: 0.29545454545454547 20 0
Communication round: 35, Eavesdropper Accuracy: 0.26590909090909093 20 0
Communication round: 36, Eavesdropper Accuracy: 0.24545454545454545 20 0
Communication round: 37, Eavesdropper Accuracy: 0.2681818181818182 20 0
Communication round: 38, Aggregated Accuracies: 0.2773809523809524 21
Communication round: 38, Eavesdropper Accuracy: 0.2590909090909091 21 1
Communication round: 39, Aggregated Accuracies: 0.28797619047619055 22
Communication round: 39, Eavesdropper Accuracy: 0.26590909090909093 22 1
Communication round: 40, Aggregated Accuracies: 0.2926190476190477 23
Communication round: 40, Eavesdropper Accuracy: 0.2772727272727273 23 1
Communication round: 41, Aggregated Accuracies: 0.2982142857142858 24
Communication round: 41, Eavesdropper Accuracy: 0.30227272727272725 24 1
Communication round: 42, Aggregated Accuracies: 0.29773809523809514 25
Communication round: 42, Eavesdropper Accuracy: 0.275 25 1
Communication round: 43, Aggregated Accuracies: 0.30607142857142866 26
Communication round: 43, Eavesdropper Accuracy: 0.2636363636363636 26 1
Communication round: 44, Aggregated Accuracies: 0.3046428571428572 27
Communication round: 44, Eavesdropper Accuracy: 0.3159090909090909 27 1
Communication round: 45, Aggregated Accuracies: 0.3135714285714285 28
Communication round: 45, Eavesdropper Accuracy: 0.30227272727272725 28 1
Communication round: 46, Aggregated Accuracies: 0.3165476190476191 29
Communication round: 46, Eavesdropper Accuracy: 0.29772727272727273 29 1
Communication round: 47, Aggregated Accuracies: 0.31833333333333336 30
Communication round: 47, Eavesdropper Accuracy: 0.30227272727272725 30 1
Communication round: 48, Aggregated Accuracies: 0.3221428571428572 31
Communication round: 48, Eavesdropper Accuracy: 0.32727272727272727 31 1
Communication round: 49, Eavesdropper Accuracy: 0.3431818181818182 31 0
Communication round: 50, Eavesdropper Accuracy: 0.31363636363636366 31 0
Communication round: 51, Eavesdropper Accuracy: 0.30454545454545456 31 0
Communication round: 52, Eavesdropper Accuracy: 0.3159090909090909 31 0
Communication round: 53, Eavesdropper Accuracy: 0.3386363636363636 31 0
Communication round: 54, Eavesdropper Accuracy: 0.29772727272727273 31 0
Communication round: 55, Eavesdropper Accuracy: 0.3409090909090909 31 0
Communication round: 56, Eavesdropper Accuracy: 0.29318181818181815 31 0
Communication round: 57, Eavesdropper Accuracy: 0.29772727272727273 31 0
Communication round: 58, Aggregated Accuracies: 0.3277380952380953 32
Communication round: 58, Eavesdropper Accuracy: 0.31136363636363634 32 1
Communication round: 59, Aggregated Accuracies: 0.3327380952380951 33
Communication round: 59, Eavesdropper Accuracy: 0.3431818181818182 33 1
Communication round: 60, Eavesdropper Accuracy: 0.32045454545454544 33 0
Communication round: 61, Aggregated Accuracies: 0.33797619047619043 34
Communication round: 61, Eavesdropper Accuracy: 0.3522727272727273 34 1
Communication round: 62, Eavesdropper Accuracy: 0.3409090909090909 34 0
Communication round: 63, Eavesdropper Accuracy: 0.3477272727272727 34 0
Communication round: 64, Eavesdropper Accuracy: 0.34545454545454546 34 0
Communication round: 65, Eavesdropper Accuracy: 0.3613636363636364 34 0
Communication round: 66, Eavesdropper Accuracy: 0.3409090909090909 34 0
Communication round: 67, Smart Eavesdropper Accuracy: 0.18636363636363637 34 0
Communication round: 68, Smart Eavesdropper Accuracy: 0.18181818181818182 34 0
Communication round: 69, Smart Eavesdropper Accuracy: 0.21136363636363636 34 0
Communication round: 70, Smart Eavesdropper Accuracy: 0.18863636363636363 34 0
Communication round: 71, Smart Eavesdropper Accuracy: 0.2 34 0
Communication round: 72, Smart Eavesdropper Accuracy: 0.19090909090909092 34 0
Communication round: 73, Smart Eavesdropper Accuracy: 0.21363636363636362 34 0
Communication round: 74, Smart Eavesdropper Accuracy: 0.20909090909090908 34 0
Communication round: 75, Smart Eavesdropper Accuracy: 0.18636363636363637 34 0
Communication round: 76, Smart Eavesdropper Accuracy: 0.21363636363636362 34 0
Communication round: 77, Smart Eavesdropper Accuracy: 0.21363636363636362 34 0
Communication round: 78, Smart Eavesdropper Accuracy: 0.18409090909090908 34 0
Communication round: 79, Smart Eavesdropper Accuracy: 0.20227272727272727 34 0
Communication round: 80, Smart Eavesdropper Accuracy: 0.19090909090909092 34 0
Communication round: 81, Smart Eavesdropper Accuracy: 0.16818181818181818 34 0
Communication round: 82, Smart Eavesdropper Accuracy: 0.21136363636363636 34 0
Communication round: 83, Smart Eavesdropper Accuracy: 0.19772727272727272 34 0
Communication round: 84, Smart Eavesdropper Accuracy: 0.22272727272727272 34 0
Communication round: 85, Smart Eavesdropper Accuracy: 0.21818181818181817 34 0
Communication round: 86, Smart Eavesdropper Accuracy: 0.225 34 0
Communication round: 87, Smart Eavesdropper Accuracy: 0.22045454545454546 34 0
Communication round: 88, Smart Eavesdropper Accuracy: 0.25 34 0
Communication round: 89, Smart Eavesdropper Accuracy: 0.25227272727272726 34 0
Communication round: 90, Smart Eavesdropper Accuracy: 0.20454545454545456 34 0
Communication round: 91, Smart Eavesdropper Accuracy: 0.2340909090909091 34 0
Communication round: 92, Smart Eavesdropper Accuracy: 0.2340909090909091 34 0
Communication round: 93, Smart Eavesdropper Accuracy: 0.2159090909090909 34 0
Communication round: 94, Smart Eavesdropper Accuracy: 0.2340909090909091 34 0
Communication round: 95, Smart Eavesdropper Accuracy: 0.24772727272727274 34 0
Communication round: 96, Smart Eavesdropper Accuracy: 0.2409090909090909 34 0
Communication round: 97, Smart Eavesdropper Accuracy: 0.23863636363636365 34 0
Communication round: 98, Smart Eavesdropper Accuracy: 0.2636363636363636 34 0
Communication round: 99, Smart Eavesdropper Accuracy: 0.23636363636363636 34 0
----------------------------------------------------------------------------------------------------
----------------------------------------------------------------------------------------------------
50_30_100_1_2_0.9_False_
----------------------------------------------------------------------------------------------------
Communication round: 0, Smart Eavesdropper Accuracy: 0.17272727272727273 0 0
Communication round: 1, Smart Eavesdropper Accuracy: 0.17727272727272728 0 0
Communication round: 2, Aggregated Accuracies: 0.1057142857142857 1
Communication round: 2, Smart Eavesdropper Accuracy: 0.19545454545454546 1 1
Communication round: 3, Smart Eavesdropper Accuracy: 0.2159090909090909 2 1
Communication round: 4, Aggregated Accuracies: 0.10464285714285713 3
Communication round: 4, Eavesdropper Accuracy: 0.09090909090909091 3 1
Communication round: 5, Aggregated Accuracies: 0.09833333333333334 4
Communication round: 5, Eavesdropper Accuracy: 0.09545454545454546 4 1
Communication round: 6, Aggregated Accuracies: 0.1141666666666667 5
Communication round: 6, Eavesdropper Accuracy: 0.09090909090909091 5 1
Communication round: 7, Eavesdropper Accuracy: 0.08181818181818182 6 1
Communication round: 8, Eavesdropper Accuracy: 0.08863636363636364 7 1
Communication round: 9, Eavesdropper Accuracy: 0.10909090909090909 8 1
Communication round: 10, Eavesdropper Accuracy: 0.11363636363636363 9 1
Communication round: 11, Eavesdropper Accuracy: 0.11136363636363636 10 1
Communication round: 12, Eavesdropper Accuracy: 0.09772727272727273 11 1
Communication round: 13, Eavesdropper Accuracy: 0.11363636363636363 12 1
Communication round: 14, Eavesdropper Accuracy: 0.10681818181818181 13 1
Communication round: 15, Eavesdropper Accuracy: 0.09545454545454546 14 1
Communication round: 16, Eavesdropper Accuracy: 0.12727272727272726 15 1
Communication round: 17, Aggregated Accuracies: 0.12095238095238095 16
Communication round: 17, Eavesdropper Accuracy: 0.13863636363636364 16 1
Communication round: 18, Eavesdropper Accuracy: 0.125 17 1
Communication round: 19, Eavesdropper Accuracy: 0.12045454545454545 17 0
Communication round: 20, Eavesdropper Accuracy: 0.12954545454545455 18 1
Communication round: 21, Eavesdropper Accuracy: 0.1409090909090909 19 1
Communication round: 22, Eavesdropper Accuracy: 0.1318181818181818 20 1
Communication round: 23, Aggregated Accuracies: 0.13369047619047622 21
Communication round: 23, Eavesdropper Accuracy: 0.12272727272727273 21 1
Communication round: 24, Eavesdropper Accuracy: 0.16136363636363638 22 1
Communication round: 25, Eavesdropper Accuracy: 0.15 23 1
Communication round: 26, Eavesdropper Accuracy: 0.14772727272727273 24 1
Communication round: 27, Eavesdropper Accuracy: 0.14545454545454545 25 1
Communication round: 28, Eavesdropper Accuracy: 0.12727272727272726 26 1
Communication round: 29, Eavesdropper Accuracy: 0.12954545454545455 27 1
Communication round: 30, Eavesdropper Accuracy: 0.12045454545454545 28 1
Communication round: 31, Eavesdropper Accuracy: 0.12954545454545455 29 1
Communication round: 32, Eavesdropper Accuracy: 0.14772727272727273 30 1
Communication round: 33, Eavesdropper Accuracy: 0.15 31 1
Communication round: 34, Eavesdropper Accuracy: 0.12272727272727273 32 1
Communication round: 35, Eavesdropper Accuracy: 0.1318181818181818 33 1
Communication round: 36, Aggregated Accuracies: 0.1394047619047619 34
Communication round: 36, Eavesdropper Accuracy: 0.15227272727272728 34 1
Communication round: 37, Eavesdropper Accuracy: 0.15 35 1
Communication round: 38, Eavesdropper Accuracy: 0.16818181818181818 36 1
Communication round: 39, Eavesdropper Accuracy: 0.1431818181818182 37 1
Communication round: 40, Eavesdropper Accuracy: 0.14545454545454545 38 1
Communication round: 41, Eavesdropper Accuracy: 0.17272727272727273 39 1
Communication round: 42, Eavesdropper Accuracy: 0.15681818181818183 40 1
Communication round: 43, Eavesdropper Accuracy: 0.15454545454545454 41 1
Communication round: 44, Eavesdropper Accuracy: 0.16818181818181818 42 1
Communication round: 45, Eavesdropper Accuracy: 0.15454545454545454 43 1
Communication round: 46, Aggregated Accuracies: 0.14845238095238097 44
Communication round: 46, Eavesdropper Accuracy: 0.15454545454545454 44 1
Communication round: 47, Eavesdropper Accuracy: 0.1590909090909091 45 1
Communication round: 48, Eavesdropper Accuracy: 0.17954545454545454 46 1
Communication round: 49, Eavesdropper Accuracy: 0.17954545454545454 47 1
Communication round: 50, Eavesdropper Accuracy: 0.16590909090909092 48 1
Communication round: 51, Eavesdropper Accuracy: 0.19090909090909092 49 1
Communication round: 52, Eavesdropper Accuracy: 0.19318181818181818 50 1
Communication round: 53, Eavesdropper Accuracy: 0.1590909090909091 51 1
Communication round: 54, Eavesdropper Accuracy: 0.16818181818181818 52 1
Communication round: 55, Eavesdropper Accuracy: 0.17272727272727273 53 1
Communication round: 56, Eavesdropper Accuracy: 0.17272727272727273 54 1
Communication round: 57, Eavesdropper Accuracy: 0.18409090909090908 55 1
Communication round: 58, Eavesdropper Accuracy: 0.16590909090909092 56 1
Communication round: 59, Aggregated Accuracies: 0.15178571428571436 57
Communication round: 59, Eavesdropper Accuracy: 0.17272727272727273 57 1
Communication round: 60, Eavesdropper Accuracy: 0.1590909090909091 57 0
Communication round: 61, Aggregated Accuracies: 0.15892857142857145 58
Communication round: 61, Eavesdropper Accuracy: 0.18181818181818182 58 1
Communication round: 62, Eavesdropper Accuracy: 0.17727272727272728 59 1
Communication round: 63, Eavesdropper Accuracy: 0.19318181818181818 59 0
Communication round: 64, Eavesdropper Accuracy: 0.2 59 0
Communication round: 65, Eavesdropper Accuracy: 0.18409090909090908 59 0
Communication round: 66, Eavesdropper Accuracy: 0.17727272727272728 59 0
Communication round: 67, Eavesdropper Accuracy: 0.16136363636363638 59 0
Communication round: 68, Eavesdropper Accuracy: 0.15227272727272728 59 0
Communication round: 69, Eavesdropper Accuracy: 0.17727272727272728 60 1
Communication round: 70, Aggregated Accuracies: 0.16880952380952383 61
Communication round: 70, Eavesdropper Accuracy: 0.17727272727272728 61 1
Communication round: 71, Aggregated Accuracies: 0.17571428571428568 62
Communication round: 71, Eavesdropper Accuracy: 0.19318181818181818 62 1
Communication round: 72, Eavesdropper Accuracy: 0.20227272727272727 63 1
Communication round: 73, Aggregated Accuracies: 0.18035714285714288 64
Communication round: 73, Eavesdropper Accuracy: 0.20909090909090908 64 1
Communication round: 74, Aggregated Accuracies: 0.18773809523809518 65
Communication round: 74, Eavesdropper Accuracy: 0.21818181818181817 65 1
Communication round: 75, Aggregated Accuracies: 0.1939285714285714 66
Communication round: 75, Eavesdropper Accuracy: 0.2 66 1
Communication round: 76, Aggregated Accuracies: 0.20035714285714284 67
Communication round: 76, Eavesdropper Accuracy: 0.20681818181818182 67 1
Communication round: 77, Aggregated Accuracies: 0.20535714285714285 68
Communication round: 77, Eavesdropper Accuracy: 0.18181818181818182 68 1
Communication round: 78, Aggregated Accuracies: 0.20809523809523806 69
Communication round: 78, Eavesdropper Accuracy: 0.20909090909090908 69 1
Communication round: 79, Aggregated Accuracies: 0.21273809523809517 70
Communication round: 79, Eavesdropper Accuracy: 0.23863636363636365 70 1
Communication round: 80, Aggregated Accuracies: 0.22273809523809515 71
Communication round: 80, Eavesdropper Accuracy: 0.22954545454545455 71 1
Communication round: 81, Aggregated Accuracies: 0.2309523809523809 72
Communication round: 81, Eavesdropper Accuracy: 0.2431818181818182 72 1
Communication round: 82, Aggregated Accuracies: 0.23785714285714285 73
Communication round: 82, Eavesdropper Accuracy: 0.26136363636363635 73 1
Communication round: 83, Aggregated Accuracies: 0.2438095238095238 74
Communication round: 83, Eavesdropper Accuracy: 0.2636363636363636 74 1
Communication round: 84, Aggregated Accuracies: 0.25035714285714294 75
Communication round: 84, Eavesdropper Accuracy: 0.2909090909090909 75 1
Communication round: 85, Aggregated Accuracies: 0.2563095238095238 76
Communication round: 85, Eavesdropper Accuracy: 0.275 76 1
Communication round: 86, Aggregated Accuracies: 0.259047619047619 77
Communication round: 86, Eavesdropper Accuracy: 0.2863636363636364 77 1
Communication round: 87, Aggregated Accuracies: 0.2677380952380952 78
Communication round: 87, Eavesdropper Accuracy: 0.30454545454545456 78 1
Communication round: 88, Aggregated Accuracies: 0.27130952380952383 79
Communication round: 88, Eavesdropper Accuracy: 0.2818181818181818 79 1
Communication round: 89, Aggregated Accuracies: 0.2765476190476191 80
Communication round: 89, Eavesdropper Accuracy: 0.32727272727272727 80 1
Communication round: 90, Aggregated Accuracies: 0.29000000000000004 81
Communication round: 90, Eavesdropper Accuracy: 0.32727272727272727 81 1
Communication round: 91, Eavesdropper Accuracy: 0.2863636363636364 81 0
Communication round: 92, Eavesdropper Accuracy: 0.30454545454545456 81 0
Communication round: 93, Eavesdropper Accuracy: 0.3068181818181818 81 0
Communication round: 94, Eavesdropper Accuracy: 0.33181818181818185 81 0
Communication round: 95, Eavesdropper Accuracy: 0.29545454545454547 81 0
Communication round: 96, Eavesdropper Accuracy: 0.32045454545454544 81 0
Communication round: 97, Eavesdropper Accuracy: 0.30454545454545456 81 0
Communication round: 98, Eavesdropper Accuracy: 0.27045454545454545 81 0
Communication round: 99, Eavesdropper Accuracy: 0.2863636363636364 81 0
----------------------------------------------------------------------------------------------------
