----------------------------------------------------------------------------------------------------
P0_False_
----------------------------------------------------------------------------------------------------
Communication round: 0, Eavesdropper Accuracy: 0.10714285714285714 1 1
Communication round: 1, Eavesdropper Accuracy: 0.10714285714285714 2 1
Communication round: 2, Eavesdropper Accuracy: 0.10714285714285714 2 0
Communication round: 3, Eavesdropper Accuracy: 0.10714285714285714 3 1
Communication round: 4, Eavesdropper Accuracy: 0.10714285714285714 3 0
Communication round: 5, Smart Eavesdropper Accuracy: 0.10476190476190476 3 0
Communication round: 6, Smart Eavesdropper Accuracy: 0.12142857142857143 3 0
Communication round: 7, Smart Eavesdropper Accuracy: 0.1 3 0
Communication round: 8, Smart Eavesdropper Accuracy: 0.15 3 0
Communication round: 9, Smart Eavesdropper Accuracy: 0.16666666666666666 3 0
Communication round: 10, Smart Eavesdropper Accuracy: 0.1357142857142857 3 0
Communication round: 11, Smart Eavesdropper Accuracy: 0.12857142857142856 4 1
Communication round: 12, Smart Eavesdropper Accuracy: 0.19285714285714287 5 1
Communication round: 13, Smart Eavesdropper Accuracy: 0.15714285714285714 6 1
Communication round: 14, Smart Eavesdropper Accuracy: 0.18333333333333332 6 0
Communication round: 15, Smart Eavesdropper Accuracy: 0.16904761904761906 7 1
Communication round: 16, Smart Eavesdropper Accuracy: 0.16428571428571428 7 0
Communication round: 17, Smart Eavesdropper Accuracy: 0.18571428571428572 7 0
Communication round: 18, Smart Eavesdropper Accuracy: 0.16428571428571428 7 0
Communication round: 19, Smart Eavesdropper Accuracy: 0.1761904761904762 7 0
Communication round: 20, Smart Eavesdropper Accuracy: 0.17857142857142858 7 0
Communication round: 21, Smart Eavesdropper Accuracy: 0.18333333333333332 7 0
Communication round: 22, Smart Eavesdropper Accuracy: 0.17142857142857143 7 0
Communication round: 23, Smart Eavesdropper Accuracy: 0.18333333333333332 8 1
Communication round: 24, Smart Eavesdropper Accuracy: 0.18333333333333332 9 1
Communication round: 25, Aggregated Accuracies: 0.12761904761904763 10
Communication round: 25, Smart Eavesdropper Accuracy: 0.18333333333333332 10 1
Communication round: 26, Smart Eavesdropper Accuracy: 0.18095238095238095 10 0
Communication round: 27, Smart Eavesdropper Accuracy: 0.18571428571428572 10 0
Communication round: 28, Smart Eavesdropper Accuracy: 0.1880952380952381 10 0
Communication round: 29, Aggregated Accuracies: 0.159047619047619 11
Communication round: 29, Smart Eavesdropper Accuracy: 0.1880952380952381 11 1
Communication round: 30, Smart Eavesdropper Accuracy: 0.18571428571428572 11 0
Communication round: 31, Aggregated Accuracies: 0.15630952380952384 12
Communication round: 31, Smart Eavesdropper Accuracy: 0.1880952380952381 12 1
Communication round: 32, Aggregated Accuracies: 0.28357142857142853 13
Communication round: 32, Smart Eavesdropper Accuracy: 0.1880952380952381 13 1
Communication round: 33, Aggregated Accuracies: 0.3938095238095237 14
Communication round: 33, Smart Eavesdropper Accuracy: 0.18333333333333332 14 1
Communication round: 34, Aggregated Accuracies: 0.4801190476190475 15
Communication round: 34, Smart Eavesdropper Accuracy: 0.18571428571428572 15 1
Communication round: 35, Smart Eavesdropper Accuracy: 0.19047619047619047 15 0
Communication round: 36, Smart Eavesdropper Accuracy: 0.19285714285714287 15 0
Communication round: 37, Aggregated Accuracies: 0.5561904761904762 16
Communication round: 37, Smart Eavesdropper Accuracy: 0.1880952380952381 16 1
Communication round: 38, Aggregated Accuracies: 0.6110714285714285 17
Communication round: 38, Smart Eavesdropper Accuracy: 0.18333333333333332 17 1
Communication round: 39, Smart Eavesdropper Accuracy: 0.1880952380952381 17 0
Communication round: 40, Aggregated Accuracies: 0.6207142857142854 18
Communication round: 40, Smart Eavesdropper Accuracy: 0.19047619047619047 18 1
Communication round: 41, Aggregated Accuracies: 0.6776190476190479 19
Communication round: 41, Smart Eavesdropper Accuracy: 0.1880952380952381 19 1
Communication round: 42, Smart Eavesdropper Accuracy: 0.1880952380952381 19 0
Communication round: 43, Aggregated Accuracies: 0.7120238095238095 20
Communication round: 43, Smart Eavesdropper Accuracy: 0.1880952380952381 20 1
Communication round: 44, Smart Eavesdropper Accuracy: 0.19285714285714287 20 0
Communication round: 45, Aggregated Accuracies: 0.7244047619047618 21
Communication round: 45, Smart Eavesdropper Accuracy: 0.1880952380952381 21 1
Communication round: 46, Aggregated Accuracies: 0.7572619047619048 22
Communication round: 46, Smart Eavesdropper Accuracy: 0.19285714285714287 22 1
Communication round: 47, Aggregated Accuracies: 0.7289285714285713 23
Communication round: 47, Smart Eavesdropper Accuracy: 0.19285714285714287 23 1
Communication round: 48, Smart Eavesdropper Accuracy: 0.19285714285714287 23 0
Communication round: 49, Smart Eavesdropper Accuracy: 0.19523809523809524 23 0
Communication round: 50, Aggregated Accuracies: 0.7692857142857145 24
Communication round: 50, Smart Eavesdropper Accuracy: 0.1976190476190476 24 1
Communication round: 51, Aggregated Accuracies: 0.7807142857142858 25
Communication round: 51, Smart Eavesdropper Accuracy: 0.19523809523809524 25 1
Communication round: 52, Smart Eavesdropper Accuracy: 0.20238095238095238 26 1
Communication round: 53, Aggregated Accuracies: 0.7797619047619051 27
Communication round: 53, Smart Eavesdropper Accuracy: 0.2 27 1
Communication round: 54, Aggregated Accuracies: 0.7889285714285719 28
Communication round: 54, Eavesdropper Accuracy: 0.8738095238095238 28 1
Communication round: 55, Smart Eavesdropper Accuracy: 0.8809523809523809 28 0
Communication round: 56, Aggregated Accuracies: 0.809285714285714 29
Communication round: 56, Eavesdropper Accuracy: 0.9 29 1
Communication round: 57, Smart Eavesdropper Accuracy: 0.8952380952380953 29 0
Communication round: 58, Aggregated Accuracies: 0.8130952380952384 30
Communication round: 58, Eavesdropper Accuracy: 0.9 30 1
Communication round: 59, Smart Eavesdropper Accuracy: 0.9047619047619048 30 0
Communication round: 60, Smart Eavesdropper Accuracy: 0.9095238095238095 30 0
Communication round: 61, Aggregated Accuracies: 0.8183333333333335 31
Communication round: 61, Smart Eavesdropper Accuracy: 0.9095238095238095 31 1
Communication round: 62, Aggregated Accuracies: 0.8285714285714287 32
Communication round: 62, Eavesdropper Accuracy: 0.919047619047619 32 1
Communication round: 63, Smart Eavesdropper Accuracy: 0.9214285714285714 32 0
Communication round: 64, Smart Eavesdropper Accuracy: 0.8761904761904762 32 0
Communication round: 65, Aggregated Accuracies: 0.8361904761904765 33
Communication round: 65, Smart Eavesdropper Accuracy: 0.75 33 1
Communication round: 66, Aggregated Accuracies: 0.8403571428571428 34
Communication round: 66, Eavesdropper Accuracy: 0.9214285714285714 34 1
Communication round: 67, Smart Eavesdropper Accuracy: 0.9285714285714286 34 0
Communication round: 68, Aggregated Accuracies: 0.8680952380952384 35
Communication round: 68, Eavesdropper Accuracy: 0.9238095238095239 35 1
Communication round: 69, Aggregated Accuracies: 0.8670238095238091 36
Communication round: 69, Eavesdropper Accuracy: 0.9404761904761905 36 1
Communication round: 70, Eavesdropper Accuracy: 0.9404761904761905 37 1
Communication round: 71, Eavesdropper Accuracy: 0.9404761904761905 37 0
Communication round: 72, Eavesdropper Accuracy: 0.9404761904761905 38 1
Communication round: 73, Eavesdropper Accuracy: 0.9404761904761905 38 0
Communication round: 74, Eavesdropper Accuracy: 0.9404761904761905 38 0
Communication round: 75, Smart Eavesdropper Accuracy: 0.9333333333333333 38 0
Communication round: 76, Smart Eavesdropper Accuracy: 0.9333333333333333 38 0
Communication round: 77, Smart Eavesdropper Accuracy: 0.9333333333333333 39 1
Communication round: 78, Smart Eavesdropper Accuracy: 0.9333333333333333 39 0
Communication round: 79, Smart Eavesdropper Accuracy: 0.930952380952381 39 0
Communication round: 80, Smart Eavesdropper Accuracy: 0.9285714285714286 39 0
Communication round: 81, Aggregated Accuracies: 0.8739285714285713 40
Communication round: 81, Smart Eavesdropper Accuracy: 0.930952380952381 40 1
Communication round: 82, Aggregated Accuracies: 0.8665476190476191 41
Communication round: 82, Smart Eavesdropper Accuracy: 0.888095238095238 41 1
Communication round: 83, Aggregated Accuracies: 0.8792857142857143 42
Communication round: 83, Smart Eavesdropper Accuracy: 0.8738095238095238 42 1
Communication round: 84, Aggregated Accuracies: 0.8721428571428571 43
Communication round: 84, Eavesdropper Accuracy: 0.9428571428571428 43 1
Communication round: 85, Smart Eavesdropper Accuracy: 0.9476190476190476 43 0
Communication round: 86, Smart Eavesdropper Accuracy: 0.9452380952380952 43 0
Communication round: 87, Smart Eavesdropper Accuracy: 0.9452380952380952 43 0
Communication round: 88, Smart Eavesdropper Accuracy: 0.9452380952380952 43 0
Communication round: 89, Smart Eavesdropper Accuracy: 0.9452380952380952 43 0
Communication round: 90, Smart Eavesdropper Accuracy: 0.9452380952380952 43 0
Communication round: 91, Smart Eavesdropper Accuracy: 0.9523809523809523 43 0
Communication round: 92, Smart Eavesdropper Accuracy: 0.9452380952380952 43 0
Communication round: 93, Smart Eavesdropper Accuracy: 0.9404761904761905 43 0
Communication round: 94, Smart Eavesdropper Accuracy: 0.9428571428571428 43 0
Communication round: 95, Smart Eavesdropper Accuracy: 0.8952380952380953 43 0
Communication round: 96, Smart Eavesdropper Accuracy: 0.9071428571428571 43 0
Communication round: 97, Smart Eavesdropper Accuracy: 0.9071428571428571 43 0
Communication round: 98, Smart Eavesdropper Accuracy: 0.9071428571428571 43 0
Communication round: 99, Smart Eavesdropper Accuracy: 0.9119047619047619 43 0
----------------------------------------------------------------------------------------------------
----------------------------------------------------------------------------------------------------
P0_False_
----------------------------------------------------------------------------------------------------
Communication round: 0, Eavesdropper Accuracy: 0.1380952380952381 1 1
Communication round: 1, Smart Eavesdropper Accuracy: 0.0880952380952381 1 0
Communication round: 2, Eavesdropper Accuracy: 0.1380952380952381 2 1
Communication round: 3, Eavesdropper Accuracy: 0.1380952380952381 3 1
Communication round: 4, Eavesdropper Accuracy: 0.1380952380952381 3 0
Communication round: 5, Eavesdropper Accuracy: 0.1380952380952381 4 1
Communication round: 6, Eavesdropper Accuracy: 0.1380952380952381 5 1
Communication round: 7, Eavesdropper Accuracy: 0.1380952380952381 5 0
Communication round: 8, Eavesdropper Accuracy: 0.1380952380952381 6 1
Communication round: 9, Eavesdropper Accuracy: 0.1380952380952381 7 1
Communication round: 10, Aggregated Accuracies: 0.1360714285714285 8
Communication round: 10, Eavesdropper Accuracy: 0.1738095238095238 8 1
Communication round: 11, Eavesdropper Accuracy: 0.1738095238095238 8 0
Communication round: 12, Eavesdropper Accuracy: 0.1738095238095238 8 0
Communication round: 13, Eavesdropper Accuracy: 0.1738095238095238 8 0
Communication round: 14, Eavesdropper Accuracy: 0.1738095238095238 9 1
Communication round: 15, Eavesdropper Accuracy: 0.1738095238095238 10 1
Communication round: 16, Eavesdropper Accuracy: 0.1738095238095238 11 1
Communication round: 17, Eavesdropper Accuracy: 0.1738095238095238 11 0
Communication round: 18, Eavesdropper Accuracy: 0.1738095238095238 11 0
Communication round: 19, Eavesdropper Accuracy: 0.1738095238095238 12 1
Communication round: 20, Eavesdropper Accuracy: 0.1738095238095238 12 0
Communication round: 21, Eavesdropper Accuracy: 0.1738095238095238 13 1
Communication round: 22, Eavesdropper Accuracy: 0.1738095238095238 14 1
Communication round: 23, Eavesdropper Accuracy: 0.1738095238095238 14 0
Communication round: 24, Aggregated Accuracies: 0.1948809523809524 15
Communication round: 24, Eavesdropper Accuracy: 0.30238095238095236 15 1
Communication round: 25, Eavesdropper Accuracy: 0.30238095238095236 16 1
Communication round: 26, Aggregated Accuracies: 0.22130952380952376 17
Communication round: 26, Eavesdropper Accuracy: 0.30238095238095236 17 1
Communication round: 27, Aggregated Accuracies: 0.22988095238095238 18
Communication round: 27, Eavesdropper Accuracy: 0.3976190476190476 18 1
Communication round: 28, Aggregated Accuracies: 0.3546428571428571 19
Communication round: 28, Eavesdropper Accuracy: 0.5428571428571428 19 1
Communication round: 29, Aggregated Accuracies: 0.4363095238095239 20
Communication round: 29, Eavesdropper Accuracy: 0.6880952380952381 20 1
Communication round: 30, Aggregated Accuracies: 0.5402380952380954 21
Communication round: 30, Eavesdropper Accuracy: 0.7119047619047619 21 1
Communication round: 31, Aggregated Accuracies: 0.5589285714285713 22
Communication round: 31, Eavesdropper Accuracy: 0.819047619047619 22 1
Communication round: 32, Aggregated Accuracies: 0.6251190476190476 23
Communication round: 32, Eavesdropper Accuracy: 0.7309523809523809 23 1
Communication round: 33, Aggregated Accuracies: 0.5951190476190474 24
Communication round: 33, Eavesdropper Accuracy: 0.8333333333333334 24 1
Communication round: 34, Eavesdropper Accuracy: 0.8333333333333334 25 1
Communication round: 35, Eavesdropper Accuracy: 0.8333333333333334 25 0
Communication round: 36, Eavesdropper Accuracy: 0.8333333333333334 26 1
Communication round: 37, Eavesdropper Accuracy: 0.8333333333333334 26 0
Communication round: 38, Eavesdropper Accuracy: 0.8333333333333334 26 0
Communication round: 39, Aggregated Accuracies: 0.6620238095238093 27
Communication round: 39, Eavesdropper Accuracy: 0.7476190476190476 27 1
Communication round: 40, Aggregated Accuracies: 0.6808333333333332 28
Communication round: 40, Eavesdropper Accuracy: 0.8380952380952381 28 1
Communication round: 41, Aggregated Accuracies: 0.7096428571428572 29
Communication round: 41, Eavesdropper Accuracy: 0.8071428571428572 29 1
Communication round: 42, Aggregated Accuracies: 0.7371428571428572 30
Communication round: 42, Eavesdropper Accuracy: 0.8738095238095238 30 1
Communication round: 43, Eavesdropper Accuracy: 0.8738095238095238 30 0
Communication round: 44, Eavesdropper Accuracy: 0.8738095238095238 30 0
Communication round: 45, Aggregated Accuracies: 0.7382142857142856 31
Communication round: 45, Eavesdropper Accuracy: 0.8666666666666667 31 1
Communication round: 46, Eavesdropper Accuracy: 0.8666666666666667 31 0
Communication round: 47, Eavesdropper Accuracy: 0.8666666666666667 31 0
Communication round: 48, Eavesdropper Accuracy: 0.8666666666666667 31 0
Communication round: 49, Eavesdropper Accuracy: 0.8666666666666667 32 1
Communication round: 50, Aggregated Accuracies: 0.7630952380952378 33
Communication round: 50, Eavesdropper Accuracy: 0.8761904761904762 33 1
Communication round: 51, Aggregated Accuracies: 0.7863095238095233 34
Communication round: 51, Eavesdropper Accuracy: 0.8666666666666667 34 1
Communication round: 52, Aggregated Accuracies: 0.7726190476190478 35
Communication round: 52, Eavesdropper Accuracy: 0.8714285714285714 35 1
Communication round: 53, Aggregated Accuracies: 0.7801190476190477 36
Communication round: 53, Eavesdropper Accuracy: 0.8785714285714286 36 1
Communication round: 54, Eavesdropper Accuracy: 0.8785714285714286 36 0
Communication round: 55, Aggregated Accuracies: 0.796904761904762 37
Communication round: 55, Eavesdropper Accuracy: 0.8928571428571429 37 1
Communication round: 56, Eavesdropper Accuracy: 0.8928571428571429 37 0
Communication round: 57, Eavesdropper Accuracy: 0.8928571428571429 38 1
Communication round: 58, Eavesdropper Accuracy: 0.8928571428571429 38 0
Communication round: 59, Eavesdropper Accuracy: 0.8928571428571429 38 0
Communication round: 60, Eavesdropper Accuracy: 0.8928571428571429 38 0
Communication round: 61, Eavesdropper Accuracy: 0.8928571428571429 38 0
Communication round: 62, Eavesdropper Accuracy: 0.8928571428571429 38 0
Communication round: 63, Eavesdropper Accuracy: 0.8928571428571429 38 0
Communication round: 64, Eavesdropper Accuracy: 0.8928571428571429 38 0
Communication round: 65, Eavesdropper Accuracy: 0.8928571428571429 38 0
Communication round: 66, Eavesdropper Accuracy: 0.8928571428571429 38 0
Communication round: 67, Eavesdropper Accuracy: 0.8928571428571429 38 0
Communication round: 68, Eavesdropper Accuracy: 0.8928571428571429 38 0
Communication round: 69, Eavesdropper Accuracy: 0.8928571428571429 38 0
Communication round: 70, Eavesdropper Accuracy: 0.8928571428571429 38 0
Communication round: 71, Eavesdropper Accuracy: 0.8928571428571429 38 0
Communication round: 72, Eavesdropper Accuracy: 0.8928571428571429 38 0
Communication round: 73, Eavesdropper Accuracy: 0.8928571428571429 38 0
Communication round: 74, Eavesdropper Accuracy: 0.8928571428571429 38 0
Communication round: 75, Smart Eavesdropper Accuracy: 0.9 38 0
Communication round: 76, Eavesdropper Accuracy: 0.8928571428571429 39 1
Communication round: 77, Smart Eavesdropper Accuracy: 0.9023809523809524 39 0
Communication round: 78, Aggregated Accuracies: 0.815 40
Communication round: 78, Eavesdropper Accuracy: 0.9023809523809524 40 1
Communication round: 79, Smart Eavesdropper Accuracy: 0.9119047619047619 40 0
Communication round: 80, Aggregated Accuracies: 0.8057142857142859 41
Communication round: 80, Eavesdropper Accuracy: 0.888095238095238 41 1
Communication round: 81, Eavesdropper Accuracy: 0.888095238095238 42 1
Communication round: 82, Eavesdropper Accuracy: 0.888095238095238 43 1
Communication round: 83, Eavesdropper Accuracy: 0.888095238095238 43 0
Communication round: 84, Eavesdropper Accuracy: 0.888095238095238 43 0
Communication round: 85, Smart Eavesdropper Accuracy: 0.9142857142857143 43 0
Communication round: 86, Smart Eavesdropper Accuracy: 0.9119047619047619 43 0
Communication round: 87, Smart Eavesdropper Accuracy: 0.8238095238095238 44 1
Communication round: 88, Smart Eavesdropper Accuracy: 0.8857142857142857 44 0
Communication round: 89, Smart Eavesdropper Accuracy: 0.4857142857142857 44 0
Communication round: 90, Smart Eavesdropper Accuracy: 0.8285714285714286 44 0
Communication round: 91, Smart Eavesdropper Accuracy: 0.8452380952380952 44 0
Communication round: 92, Smart Eavesdropper Accuracy: 0.8642857142857143 44 0
Communication round: 93, Smart Eavesdropper Accuracy: 0.8380952380952381 45 1
Communication round: 94, Smart Eavesdropper Accuracy: 0.8452380952380952 45 0
Communication round: 95, Smart Eavesdropper Accuracy: 0.8357142857142857 45 0
Communication round: 96, Smart Eavesdropper Accuracy: 0.8428571428571429 45 0
Communication round: 97, Smart Eavesdropper Accuracy: 0.8428571428571429 46 1
Communication round: 98, Aggregated Accuracies: 0.8170238095238096 47
Communication round: 98, Smart Eavesdropper Accuracy: 0.7880952380952381 47 1
Communication round: 99, Aggregated Accuracies: 0.8233333333333336 48
Communication round: 99, Smart Eavesdropper Accuracy: 0.8142857142857143 48 1
----------------------------------------------------------------------------------------------------
----------------------------------------------------------------------------------------------------
P0_False_
----------------------------------------------------------------------------------------------------
Communication round: 0, Eavesdropper Accuracy: 0.05238095238095238 1 1
Communication round: 1, Eavesdropper Accuracy: 0.05238095238095238 2 1
Communication round: 2, Eavesdropper Accuracy: 0.05238095238095238 2 0
Communication round: 3, Smart Eavesdropper Accuracy: 0.13333333333333333 2 0
Communication round: 4, Eavesdropper Accuracy: 0.05238095238095238 3 1
Communication round: 5, Eavesdropper Accuracy: 0.05238095238095238 4 1
Communication round: 6, Eavesdropper Accuracy: 0.05238095238095238 4 0
Communication round: 7, Smart Eavesdropper Accuracy: 0.13333333333333333 4 0
Communication round: 8, Smart Eavesdropper Accuracy: 0.14523809523809525 4 0
Communication round: 9, Smart Eavesdropper Accuracy: 0.2785714285714286 4 0
Communication round: 10, Smart Eavesdropper Accuracy: 0.21904761904761905 5 1
Communication round: 11, Smart Eavesdropper Accuracy: 0.26666666666666666 5 0
Communication round: 12, Smart Eavesdropper Accuracy: 0.2761904761904762 5 0
Communication round: 13, Aggregated Accuracies: 0.15011904761904765 6
Communication round: 13, Smart Eavesdropper Accuracy: 0.34285714285714286 6 1
Communication round: 14, Smart Eavesdropper Accuracy: 0.33095238095238094 7 1
Communication round: 15, Smart Eavesdropper Accuracy: 0.2523809523809524 7 0
Communication round: 16, Aggregated Accuracies: 0.12619047619047621 8
Communication round: 16, Smart Eavesdropper Accuracy: 0.26904761904761904 8 1
Communication round: 17, Aggregated Accuracies: 0.16404761904761903 9
Communication round: 17, Smart Eavesdropper Accuracy: 0.2904761904761905 9 1
Communication round: 18, Eavesdropper Accuracy: 0.20476190476190476 10 1
Communication round: 19, Eavesdropper Accuracy: 0.20476190476190476 11 1
Communication round: 20, Aggregated Accuracies: 0.1963095238095238 12
Communication round: 20, Eavesdropper Accuracy: 0.3119047619047619 12 1
Communication round: 21, Eavesdropper Accuracy: 0.3119047619047619 13 1
Communication round: 22, Eavesdropper Accuracy: 0.3119047619047619 13 0
Communication round: 23, Eavesdropper Accuracy: 0.3119047619047619 13 0
Communication round: 24, Eavesdropper Accuracy: 0.3119047619047619 13 0
Communication round: 25, Smart Eavesdropper Accuracy: 0.3476190476190476 13 0
Communication round: 26, Smart Eavesdropper Accuracy: 0.21666666666666667 13 0
Communication round: 27, Smart Eavesdropper Accuracy: 0.1380952380952381 13 0
Communication round: 28, Smart Eavesdropper Accuracy: 0.24761904761904763 13 0
Communication round: 29, Smart Eavesdropper Accuracy: 0.26904761904761904 13 0
Communication round: 30, Smart Eavesdropper Accuracy: 0.22380952380952382 13 0
Communication round: 31, Smart Eavesdropper Accuracy: 0.23809523809523808 13 0
Communication round: 32, Smart Eavesdropper Accuracy: 0.2571428571428571 13 0
Communication round: 33, Smart Eavesdropper Accuracy: 0.26666666666666666 13 0
Communication round: 34, Smart Eavesdropper Accuracy: 0.26904761904761904 13 0
Communication round: 35, Smart Eavesdropper Accuracy: 0.25 13 0
Communication round: 36, Smart Eavesdropper Accuracy: 0.29285714285714287 13 0
Communication round: 37, Smart Eavesdropper Accuracy: 0.3047619047619048 13 0
Communication round: 38, Smart Eavesdropper Accuracy: 0.319047619047619 13 0
Communication round: 39, Smart Eavesdropper Accuracy: 0.30952380952380953 13 0
Communication round: 40, Smart Eavesdropper Accuracy: 0.3476190476190476 13 0
Communication round: 41, Smart Eavesdropper Accuracy: 0.34285714285714286 13 0
Communication round: 42, Aggregated Accuracies: 0.3040476190476191 14
Communication round: 42, Smart Eavesdropper Accuracy: 0.36428571428571427 14 1
Communication round: 43, Aggregated Accuracies: 0.40404761904761877 15
Communication round: 43, Smart Eavesdropper Accuracy: 0.36428571428571427 15 1
Communication round: 44, Aggregated Accuracies: 0.4441666666666667 16
Communication round: 44, Smart Eavesdropper Accuracy: 0.3738095238095238 16 1
Communication round: 45, Aggregated Accuracies: 0.5566666666666666 17
Communication round: 45, Smart Eavesdropper Accuracy: 0.36666666666666664 17 1
Communication round: 46, Smart Eavesdropper Accuracy: 0.37142857142857144 18 1
Communication round: 47, Smart Eavesdropper Accuracy: 0.3738095238095238 18 0
Communication round: 48, Smart Eavesdropper Accuracy: 0.3761904761904762 18 0
Communication round: 49, Smart Eavesdropper Accuracy: 0.36428571428571427 18 0
Communication round: 50, Smart Eavesdropper Accuracy: 0.38095238095238093 18 0
Communication round: 51, Smart Eavesdropper Accuracy: 0.36428571428571427 19 1
Communication round: 52, Smart Eavesdropper Accuracy: 0.36666666666666664 20 1
Communication round: 53, Smart Eavesdropper Accuracy: 0.39285714285714285 20 0
Communication round: 54, Smart Eavesdropper Accuracy: 0.3880952380952381 21 1
Communication round: 55, Smart Eavesdropper Accuracy: 0.38333333333333336 22 1
Communication round: 56, Aggregated Accuracies: 0.594761904761905 23
Communication round: 56, Smart Eavesdropper Accuracy: 0.3952380952380952 23 1
Communication round: 57, Aggregated Accuracies: 0.626904761904762 24
Communication round: 57, Smart Eavesdropper Accuracy: 0.4 24 1
Communication round: 58, Smart Eavesdropper Accuracy: 0.3761904761904762 24 0
Communication round: 59, Smart Eavesdropper Accuracy: 0.3904761904761905 25 1
Communication round: 60, Smart Eavesdropper Accuracy: 0.3952380952380952 26 1
Communication round: 61, Smart Eavesdropper Accuracy: 0.3976190476190476 27 1
Communication round: 62, Smart Eavesdropper Accuracy: 0.40476190476190477 28 1
Communication round: 63, Smart Eavesdropper Accuracy: 0.4023809523809524 29 1
Communication round: 64, Smart Eavesdropper Accuracy: 0.4095238095238095 30 1
Communication round: 65, Smart Eavesdropper Accuracy: 0.4142857142857143 31 1
Communication round: 66, Smart Eavesdropper Accuracy: 0.4142857142857143 32 1
Communication round: 67, Smart Eavesdropper Accuracy: 0.4119047619047619 33 1
Communication round: 68, Smart Eavesdropper Accuracy: 0.4142857142857143 34 1
Communication round: 69, Smart Eavesdropper Accuracy: 0.4095238095238095 35 1
Communication round: 70, Eavesdropper Accuracy: 0.8357142857142857 36 1
Communication round: 71, Aggregated Accuracies: 0.6423809523809523 37
Communication round: 71, Eavesdropper Accuracy: 0.8261904761904761 37 1
Communication round: 72, Eavesdropper Accuracy: 0.8261904761904761 38 1
Communication round: 73, Aggregated Accuracies: 0.6925 39
Communication round: 73, Eavesdropper Accuracy: 0.8333333333333334 39 1
Communication round: 74, Aggregated Accuracies: 0.7226190476190473 40
Communication round: 74, Eavesdropper Accuracy: 0.830952380952381 40 1
Communication round: 75, Aggregated Accuracies: 0.772857142857143 41
Communication round: 75, Eavesdropper Accuracy: 0.8690476190476191 41 1
Communication round: 76, Aggregated Accuracies: 0.7551190476190477 42
Communication round: 76, Eavesdropper Accuracy: 0.8571428571428571 42 1
Communication round: 77, Aggregated Accuracies: 0.792380952380952 43
Communication round: 77, Eavesdropper Accuracy: 0.8809523809523809 43 1
Communication round: 78, Aggregated Accuracies: 0.8036904761904764 44
Communication round: 78, Eavesdropper Accuracy: 0.861904761904762 44 1
Communication round: 79, Aggregated Accuracies: 0.8003571428571433 45
Communication round: 79, Eavesdropper Accuracy: 0.8857142857142857 45 1
Communication round: 80, Aggregated Accuracies: 0.8152380952380954 46
Communication round: 80, Eavesdropper Accuracy: 0.8761904761904762 46 1
Communication round: 81, Aggregated Accuracies: 0.8333333333333335 47
Communication round: 81, Eavesdropper Accuracy: 0.8952380952380953 47 1
Communication round: 82, Aggregated Accuracies: 0.8384523809523806 48
Communication round: 82, Eavesdropper Accuracy: 0.8833333333333333 48 1
Communication round: 83, Aggregated Accuracies: 0.8449999999999999 49
Communication round: 83, Eavesdropper Accuracy: 0.9047619047619048 49 1
Communication round: 84, Aggregated Accuracies: 0.8473809523809526 50
Communication round: 84, Eavesdropper Accuracy: 0.8857142857142857 50 1
Communication round: 85, Aggregated Accuracies: 0.8564285714285715 51
Communication round: 85, Eavesdropper Accuracy: 0.9119047619047619 51 1
Communication round: 86, Aggregated Accuracies: 0.8589285714285717 52
Communication round: 86, Eavesdropper Accuracy: 0.9119047619047619 52 1
Communication round: 87, Eavesdropper Accuracy: 0.9119047619047619 52 0
Communication round: 88, Aggregated Accuracies: 0.8640476190476193 53
Communication round: 88, Eavesdropper Accuracy: 0.9047619047619048 53 1
Communication round: 89, Aggregated Accuracies: 0.8623809523809524 54
Communication round: 89, Eavesdropper Accuracy: 0.919047619047619 54 1
Communication round: 90, Aggregated Accuracies: 0.874404761904762 55
Communication round: 90, Eavesdropper Accuracy: 0.9071428571428571 55 1
