----------------------------------------------------------------------------------------------------
P0_False_
----------------------------------------------------------------------------------------------------
Communication round: 0, Eavesdropper Accuracy: 0.08863636363636364 1 1
Communication round: 1, Eavesdropper Accuracy: 0.07272727272727272 2 1
Communication round: 2, Eavesdropper Accuracy: 0.08636363636363636 2 0
Communication round: 3, Eavesdropper Accuracy: 0.10227272727272728 3 1
Communication round: 4, Eavesdropper Accuracy: 0.08636363636363636 4 1
Communication round: 5, Eavesdropper Accuracy: 0.07954545454545454 5 1
Communication round: 6, Eavesdropper Accuracy: 0.08863636363636364 6 1
Communication round: 7, Eavesdropper Accuracy: 0.08636363636363636 6 0
Communication round: 8, Eavesdropper Accuracy: 0.075 7 1
Communication round: 9, Eavesdropper Accuracy: 0.11363636363636363 8 1
Communication round: 10, Eavesdropper Accuracy: 0.07727272727272727 8 0
Communication round: 11, Aggregated Accuracies: 0.13857142857142857 9
Communication round: 11, Eavesdropper Accuracy: 0.1590909090909091 9 1
Communication round: 12, Aggregated Accuracies: 0.1680952380952382 10
Communication round: 12, Eavesdropper Accuracy: 0.1431818181818182 10 1
Communication round: 13, Eavesdropper Accuracy: 0.14772727272727273 10 0
Communication round: 14, Eavesdropper Accuracy: 0.16818181818181818 11 1
Communication round: 15, Eavesdropper Accuracy: 0.1590909090909091 12 1
Communication round: 16, Eavesdropper Accuracy: 0.15681818181818183 13 1
Communication round: 17, Eavesdropper Accuracy: 0.14772727272727273 13 0
Communication round: 18, Eavesdropper Accuracy: 0.17045454545454544 13 0
Communication round: 19, Eavesdropper Accuracy: 0.16363636363636364 13 0
Communication round: 20, Eavesdropper Accuracy: 0.16590909090909092 13 0
Communication round: 21, Eavesdropper Accuracy: 0.1340909090909091 13 0
Communication round: 22, Eavesdropper Accuracy: 0.16363636363636364 14 1
Communication round: 23, Eavesdropper Accuracy: 0.175 15 1
Communication round: 24, Eavesdropper Accuracy: 0.1409090909090909 15 0
Communication round: 25, Eavesdropper Accuracy: 0.16136363636363638 16 1
Communication round: 26, Eavesdropper Accuracy: 0.16590909090909092 17 1
Communication round: 27, Eavesdropper Accuracy: 0.14772727272727273 18 1
Communication round: 28, Eavesdropper Accuracy: 0.15 19 1
Communication round: 29, Eavesdropper Accuracy: 0.16363636363636364 20 1
Communication round: 30, Aggregated Accuracies: 0.19654761904761914 21
Communication round: 30, Eavesdropper Accuracy: 0.18181818181818182 21 1
Communication round: 31, Eavesdropper Accuracy: 0.17045454545454544 22 1
Communication round: 32, Eavesdropper Accuracy: 0.19318181818181818 23 1
Communication round: 33, Eavesdropper Accuracy: 0.19545454545454546 23 0
Communication round: 34, Eavesdropper Accuracy: 0.17954545454545454 23 0
Communication round: 35, Eavesdropper Accuracy: 0.18636363636363637 23 0
Communication round: 36, Aggregated Accuracies: 0.20464285714285718 24
Communication round: 36, Eavesdropper Accuracy: 0.17727272727272728 24 1
Communication round: 37, Eavesdropper Accuracy: 0.18181818181818182 25 1
Communication round: 38, Eavesdropper Accuracy: 0.18863636363636363 26 1
Communication round: 39, Eavesdropper Accuracy: 0.21818181818181817 26 0
Communication round: 40, Eavesdropper Accuracy: 0.16818181818181818 26 0
Communication round: 41, Eavesdropper Accuracy: 0.20909090909090908 26 0
Communication round: 42, Eavesdropper Accuracy: 0.18863636363636363 26 0
Communication round: 43, Aggregated Accuracies: 0.22928571428571423 27
Communication round: 43, Eavesdropper Accuracy: 0.2159090909090909 27 1
Communication round: 44, Aggregated Accuracies: 0.24107142857142855 28
Communication round: 44, Eavesdropper Accuracy: 0.22727272727272727 28 1
Communication round: 45, Aggregated Accuracies: 0.25499999999999995 29
Communication round: 45, Eavesdropper Accuracy: 0.26590909090909093 29 1
Communication round: 46, Eavesdropper Accuracy: 0.25681818181818183 29 0
Communication round: 47, Eavesdropper Accuracy: 0.2545454545454545 29 0
Communication round: 48, Eavesdropper Accuracy: 0.22272727272727272 30 1
Communication round: 49, Eavesdropper Accuracy: 0.2681818181818182 31 1
Communication round: 50, Eavesdropper Accuracy: 0.23636363636363636 32 1
Communication round: 51, Eavesdropper Accuracy: 0.23863636363636365 33 1
Communication round: 52, Eavesdropper Accuracy: 0.24545454545454545 33 0
Communication round: 53, Eavesdropper Accuracy: 0.23636363636363636 33 0
Communication round: 54, Eavesdropper Accuracy: 0.25 34 1
Communication round: 55, Eavesdropper Accuracy: 0.25 35 1
Communication round: 56, Eavesdropper Accuracy: 0.28863636363636364 36 1
Communication round: 57, Eavesdropper Accuracy: 0.25 36 0
Communication round: 58, Eavesdropper Accuracy: 0.23636363636363636 37 1
Communication round: 59, Eavesdropper Accuracy: 0.25681818181818183 38 1
Communication round: 60, Eavesdropper Accuracy: 0.2318181818181818 39 1
Communication round: 61, Eavesdropper Accuracy: 0.2545454545454545 39 0
Communication round: 62, Eavesdropper Accuracy: 0.23636363636363636 39 0
Communication round: 63, Eavesdropper Accuracy: 0.21363636363636362 40 1
Communication round: 64, Eavesdropper Accuracy: 0.24545454545454545 41 1
Communication round: 65, Eavesdropper Accuracy: 0.25227272727272726 42 1
Communication round: 66, Eavesdropper Accuracy: 0.24545454545454545 42 0
Communication round: 67, Eavesdropper Accuracy: 0.2409090909090909 42 0
Communication round: 68, Eavesdropper Accuracy: 0.25227272727272726 43 1
Communication round: 69, Eavesdropper Accuracy: 0.2409090909090909 44 1
Communication round: 70, Eavesdropper Accuracy: 0.22954545454545455 44 0
Communication round: 71, Eavesdropper Accuracy: 0.24545454545454545 44 0
Communication round: 72, Eavesdropper Accuracy: 0.26136363636363635 44 0
Communication round: 73, Eavesdropper Accuracy: 0.2318181818181818 44 0
Communication round: 74, Eavesdropper Accuracy: 0.19772727272727272 45 1
Communication round: 75, Eavesdropper Accuracy: 0.2590909090909091 45 0
Communication round: 76, Eavesdropper Accuracy: 0.23636363636363636 45 0
Communication round: 77, Eavesdropper Accuracy: 0.26136363636363635 45 0
Communication round: 78, Eavesdropper Accuracy: 0.26590909090909093 45 0
Communication round: 79, Eavesdropper Accuracy: 0.2318181818181818 46 1
Communication round: 80, Eavesdropper Accuracy: 0.2431818181818182 47 1
Communication round: 81, Eavesdropper Accuracy: 0.25681818181818183 47 0
Communication round: 82, Eavesdropper Accuracy: 0.2545454545454545 47 0
Communication round: 83, Eavesdropper Accuracy: 0.21363636363636362 47 0
Communication round: 84, Eavesdropper Accuracy: 0.2727272727272727 47 0
Communication round: 85, Aggregated Accuracies: 0.2654761904761904 48
Communication round: 85, Eavesdropper Accuracy: 0.25 48 1
Communication round: 86, Eavesdropper Accuracy: 0.2840909090909091 48 0
Communication round: 87, Eavesdropper Accuracy: 0.25681818181818183 48 0
Communication round: 88, Eavesdropper Accuracy: 0.2772727272727273 48 0
Communication round: 89, Eavesdropper Accuracy: 0.26136363636363635 48 0
Communication round: 90, Eavesdropper Accuracy: 0.26136363636363635 49 1
Communication round: 91, Eavesdropper Accuracy: 0.2818181818181818 50 1
Communication round: 92, Eavesdropper Accuracy: 0.2545454545454545 50 0
Communication round: 93, Eavesdropper Accuracy: 0.27954545454545454 50 0
Communication round: 94, Eavesdropper Accuracy: 0.275 50 0
Communication round: 95, Eavesdropper Accuracy: 0.27954545454545454 51 1
Communication round: 96, Eavesdropper Accuracy: 0.2727272727272727 52 1
Communication round: 97, Eavesdropper Accuracy: 0.26136363636363635 52 0
Communication round: 98, Eavesdropper Accuracy: 0.24772727272727274 53 1
Communication round: 99, Eavesdropper Accuracy: 0.24545454545454545 53 0
----------------------------------------------------------------------------------------------------
----------------------------------------------------------------------------------------------------
P0_False_
----------------------------------------------------------------------------------------------------
Communication round: 0, Smart Eavesdropper Accuracy: 0.14545454545454545 0 0
Communication round: 1, Smart Eavesdropper Accuracy: 0.19090909090909092 1 1
Communication round: 2, Smart Eavesdropper Accuracy: 0.1590909090909091 1 0
Communication round: 3, Smart Eavesdropper Accuracy: 0.17045454545454544 2 1
Communication round: 4, Smart Eavesdropper Accuracy: 0.2159090909090909 2 0
Communication round: 5, Smart Eavesdropper Accuracy: 0.23636363636363636 2 0
Communication round: 6, Smart Eavesdropper Accuracy: 0.22272727272727272 3 1
Communication round: 7, Smart Eavesdropper Accuracy: 0.24545454545454545 3 0
Communication round: 8, Smart Eavesdropper Accuracy: 0.25227272727272726 4 1
Communication round: 9, Smart Eavesdropper Accuracy: 0.22727272727272727 4 0
Communication round: 10, Smart Eavesdropper Accuracy: 0.2636363636363636 4 0
Communication round: 11, Smart Eavesdropper Accuracy: 0.23863636363636365 4 0
Communication round: 12, Smart Eavesdropper Accuracy: 0.2409090909090909 4 0
Communication round: 13, Smart Eavesdropper Accuracy: 0.2545454545454545 4 0
Communication round: 14, Smart Eavesdropper Accuracy: 0.2590909090909091 4 0
Communication round: 15, Smart Eavesdropper Accuracy: 0.25681818181818183 4 0
Communication round: 16, Aggregated Accuracies: 0.15440476190476188 5
Communication round: 16, Smart Eavesdropper Accuracy: 0.29545454545454547 5 1
Communication round: 17, Aggregated Accuracies: 0.19654761904761914 6
Communication round: 17, Smart Eavesdropper Accuracy: 0.23636363636363636 6 1
Communication round: 18, Aggregated Accuracies: 0.23404761904761912 7
Communication round: 18, Smart Eavesdropper Accuracy: 0.2772727272727273 7 1
Communication round: 19, Smart Eavesdropper Accuracy: 0.2545454545454545 7 0
Communication round: 20, Smart Eavesdropper Accuracy: 0.3068181818181818 8 1
Communication round: 21, Smart Eavesdropper Accuracy: 0.2681818181818182 8 0
Communication round: 22, Smart Eavesdropper Accuracy: 0.2772727272727273 8 0
Communication round: 23, Aggregated Accuracies: 0.26499999999999996 9
Communication round: 23, Smart Eavesdropper Accuracy: 0.2590909090909091 9 1
Communication round: 24, Aggregated Accuracies: 0.28130952380952384 10
Communication round: 24, Smart Eavesdropper Accuracy: 0.2636363636363636 10 1
Communication round: 25, Smart Eavesdropper Accuracy: 0.2681818181818182 10 0
Communication round: 26, Smart Eavesdropper Accuracy: 0.25681818181818183 10 0
Communication round: 27, Smart Eavesdropper Accuracy: 0.325 10 0
Communication round: 28, Aggregated Accuracies: 0.2991666666666668 11
Communication round: 28, Smart Eavesdropper Accuracy: 0.29545454545454547 11 1
Communication round: 29, Smart Eavesdropper Accuracy: 0.29545454545454547 11 0
Communication round: 30, Smart Eavesdropper Accuracy: 0.32045454545454544 12 1
Communication round: 31, Smart Eavesdropper Accuracy: 0.2840909090909091 12 0
Communication round: 32, Smart Eavesdropper Accuracy: 0.29545454545454547 13 1
Communication round: 33, Smart Eavesdropper Accuracy: 0.3409090909090909 14 1
Communication round: 34, Smart Eavesdropper Accuracy: 0.31136363636363634 15 1
Communication round: 35, Smart Eavesdropper Accuracy: 0.2909090909090909 15 0
Communication round: 36, Smart Eavesdropper Accuracy: 0.31363636363636366 16 1
Communication round: 37, Smart Eavesdropper Accuracy: 0.3409090909090909 16 0
Communication round: 38, Smart Eavesdropper Accuracy: 0.3181818181818182 16 0
Communication round: 39, Smart Eavesdropper Accuracy: 0.30227272727272725 16 0
Communication round: 40, Smart Eavesdropper Accuracy: 0.325 16 0
Communication round: 41, Aggregated Accuracies: 0.3073809523809526 17
Communication round: 41, Smart Eavesdropper Accuracy: 0.3409090909090909 17 1
Communication round: 42, Smart Eavesdropper Accuracy: 0.3068181818181818 17 0
Communication round: 43, Smart Eavesdropper Accuracy: 0.3090909090909091 18 1
Communication round: 44, Smart Eavesdropper Accuracy: 0.30454545454545456 19 1
Communication round: 45, Smart Eavesdropper Accuracy: 0.2772727272727273 19 0
Communication round: 46, Smart Eavesdropper Accuracy: 0.32727272727272727 19 0
Communication round: 47, Smart Eavesdropper Accuracy: 0.31363636363636366 20 1
Communication round: 48, Smart Eavesdropper Accuracy: 0.3159090909090909 20 0
Communication round: 49, Smart Eavesdropper Accuracy: 0.3340909090909091 20 0
Communication round: 50, Smart Eavesdropper Accuracy: 0.31363636363636366 21 1
Communication round: 51, Smart Eavesdropper Accuracy: 0.30454545454545456 21 0
Communication round: 52, Smart Eavesdropper Accuracy: 0.32045454545454544 21 0
Communication round: 53, Aggregated Accuracies: 0.3088095238095239 22
Communication round: 53, Smart Eavesdropper Accuracy: 0.32727272727272727 22 1
Communication round: 54, Aggregated Accuracies: 0.31047619047619057 23
Communication round: 54, Smart Eavesdropper Accuracy: 0.35 23 1
Communication round: 55, Smart Eavesdropper Accuracy: 0.3159090909090909 23 0
Communication round: 56, Aggregated Accuracies: 0.3147619047619049 24
Communication round: 56, Smart Eavesdropper Accuracy: 0.325 24 1
Communication round: 57, Aggregated Accuracies: 0.3177380952380954 25
Communication round: 57, Smart Eavesdropper Accuracy: 0.3386363636363636 25 1
Communication round: 58, Aggregated Accuracies: 0.315357142857143 26
Communication round: 58, Smart Eavesdropper Accuracy: 0.35454545454545455 26 1
Communication round: 59, Smart Eavesdropper Accuracy: 0.3386363636363636 27 1
Communication round: 60, Smart Eavesdropper Accuracy: 0.35 27 0
Communication round: 61, Smart Eavesdropper Accuracy: 0.3409090909090909 27 0
Communication round: 62, Smart Eavesdropper Accuracy: 0.35 27 0
Communication round: 63, Smart Eavesdropper Accuracy: 0.34545454545454546 27 0
Communication round: 64, Smart Eavesdropper Accuracy: 0.34545454545454546 28 1
Communication round: 65, Smart Eavesdropper Accuracy: 0.3181818181818182 28 0
Communication round: 66, Smart Eavesdropper Accuracy: 0.3409090909090909 28 0
Communication round: 67, Smart Eavesdropper Accuracy: 0.36818181818181817 28 0
Communication round: 68, Smart Eavesdropper Accuracy: 0.3409090909090909 29 1
Communication round: 69, Smart Eavesdropper Accuracy: 0.31136363636363634 30 1
Communication round: 70, Smart Eavesdropper Accuracy: 0.31136363636363634 30 0
Communication round: 71, Smart Eavesdropper Accuracy: 0.3431818181818182 30 0
Communication round: 72, Smart Eavesdropper Accuracy: 0.32272727272727275 31 1
Communication round: 73, Smart Eavesdropper Accuracy: 0.35454545454545455 31 0
Communication round: 74, Smart Eavesdropper Accuracy: 0.32727272727272727 31 0
Communication round: 75, Smart Eavesdropper Accuracy: 0.3522727272727273 32 1
Communication round: 76, Smart Eavesdropper Accuracy: 0.32045454545454544 33 1
Communication round: 77, Smart Eavesdropper Accuracy: 0.3568181818181818 33 0
Communication round: 78, Smart Eavesdropper Accuracy: 0.3522727272727273 34 1
Communication round: 79, Smart Eavesdropper Accuracy: 0.37727272727272726 35 1
Communication round: 80, Smart Eavesdropper Accuracy: 0.3522727272727273 35 0
Communication round: 81, Aggregated Accuracies: 0.32071428571428584 36
Communication round: 81, Smart Eavesdropper Accuracy: 0.35909090909090907 36 1
Communication round: 82, Smart Eavesdropper Accuracy: 0.33636363636363636 36 0
Communication round: 83, Smart Eavesdropper Accuracy: 0.3659090909090909 36 0
Communication round: 84, Smart Eavesdropper Accuracy: 0.3386363636363636 37 1
Communication round: 85, Smart Eavesdropper Accuracy: 0.34545454545454546 37 0
Communication round: 86, Smart Eavesdropper Accuracy: 0.375 38 1
Communication round: 87, Smart Eavesdropper Accuracy: 0.34545454545454546 38 0
Communication round: 88, Smart Eavesdropper Accuracy: 0.35909090909090907 39 1
Communication round: 89, Smart Eavesdropper Accuracy: 0.3568181818181818 39 0
Communication round: 90, Smart Eavesdropper Accuracy: 0.3409090909090909 40 1
Communication round: 91, Smart Eavesdropper Accuracy: 0.36363636363636365 41 1
Communication round: 92, Smart Eavesdropper Accuracy: 0.3795454545454545 41 0
Communication round: 93, Smart Eavesdropper Accuracy: 0.3613636363636364 42 1
Communication round: 94, Smart Eavesdropper Accuracy: 0.37272727272727274 42 0
Communication round: 95, Smart Eavesdropper Accuracy: 0.3795454545454545 43 1
Communication round: 96, Smart Eavesdropper Accuracy: 0.3886363636363636 44 1
Communication round: 97, Smart Eavesdropper Accuracy: 0.375 44 0
Communication round: 98, Smart Eavesdropper Accuracy: 0.3409090909090909 44 0
Communication round: 99, Smart Eavesdropper Accuracy: 0.3704545454545455 45 1
----------------------------------------------------------------------------------------------------
----------------------------------------------------------------------------------------------------
P0_False_
----------------------------------------------------------------------------------------------------
Communication round: 0, Eavesdropper Accuracy: 0.04090909090909091 1 1
Communication round: 1, Eavesdropper Accuracy: 0.03636363636363636 2 1
Communication round: 2, Eavesdropper Accuracy: 0.045454545454545456 3 1
Communication round: 3, Eavesdropper Accuracy: 0.045454545454545456 3 0
Communication round: 4, Eavesdropper Accuracy: 0.031818181818181815 3 0
Communication round: 5, Eavesdropper Accuracy: 0.03636363636363636 4 1
Communication round: 6, Eavesdropper Accuracy: 0.045454545454545456 5 1
Communication round: 7, Eavesdropper Accuracy: 0.045454545454545456 6 1
Communication round: 8, Eavesdropper Accuracy: 0.04772727272727273 7 1
Communication round: 9, Eavesdropper Accuracy: 0.04318181818181818 7 0
Communication round: 10, Eavesdropper Accuracy: 0.056818181818181816 7 0
Communication round: 11, Eavesdropper Accuracy: 0.038636363636363635 7 0
Communication round: 12, Eavesdropper Accuracy: 0.04318181818181818 8 1
Communication round: 13, Eavesdropper Accuracy: 0.04090909090909091 8 0
Communication round: 14, Eavesdropper Accuracy: 0.04772727272727273 9 1
Communication round: 15, Eavesdropper Accuracy: 0.04318181818181818 9 0
Communication round: 16, Eavesdropper Accuracy: 0.05 10 1
Communication round: 17, Eavesdropper Accuracy: 0.038636363636363635 10 0
Communication round: 18, Eavesdropper Accuracy: 0.04090909090909091 10 0
Communication round: 19, Eavesdropper Accuracy: 0.04090909090909091 11 1
Communication round: 20, Eavesdropper Accuracy: 0.031818181818181815 12 1
Communication round: 21, Eavesdropper Accuracy: 0.05 12 0
Communication round: 22, Eavesdropper Accuracy: 0.03636363636363636 12 0
Communication round: 23, Smart Eavesdropper Accuracy: 0.10454545454545454 12 0
Communication round: 24, Eavesdropper Accuracy: 0.05909090909090909 13 1
Communication round: 25, Eavesdropper Accuracy: 0.06136363636363636 14 1
Communication round: 26, Eavesdropper Accuracy: 0.038636363636363635 14 0
Communication round: 27, Smart Eavesdropper Accuracy: 0.1 14 0
Communication round: 28, Eavesdropper Accuracy: 0.038636363636363635 15 1
Communication round: 29, Eavesdropper Accuracy: 0.029545454545454545 16 1
Communication round: 30, Eavesdropper Accuracy: 0.05454545454545454 17 1
Communication round: 31, Eavesdropper Accuracy: 0.04090909090909091 17 0
Communication round: 32, Eavesdropper Accuracy: 0.04090909090909091 18 1
Communication round: 33, Eavesdropper Accuracy: 0.04090909090909091 18 0
Communication round: 34, Eavesdropper Accuracy: 0.05227272727272727 19 1
Communication round: 35, Eavesdropper Accuracy: 0.045454545454545456 20 1
Communication round: 36, Eavesdropper Accuracy: 0.045454545454545456 20 0
Communication round: 37, Eavesdropper Accuracy: 0.03409090909090909 20 0
Communication round: 38, Eavesdropper Accuracy: 0.05227272727272727 20 0
Communication round: 39, Eavesdropper Accuracy: 0.04090909090909091 21 1
Communication round: 40, Eavesdropper Accuracy: 0.04318181818181818 22 1
Communication round: 41, Eavesdropper Accuracy: 0.05227272727272727 22 0
Communication round: 42, Eavesdropper Accuracy: 0.04772727272727273 23 1
Communication round: 43, Eavesdropper Accuracy: 0.05 23 0
Communication round: 44, Eavesdropper Accuracy: 0.04090909090909091 23 0
Communication round: 45, Smart Eavesdropper Accuracy: 0.13636363636363635 23 0
Communication round: 46, Eavesdropper Accuracy: 0.045454545454545456 24 1
Communication round: 47, Smart Eavesdropper Accuracy: 0.11818181818181818 24 0
Communication round: 48, Smart Eavesdropper Accuracy: 0.13636363636363635 24 0
Communication round: 49, Smart Eavesdropper Accuracy: 0.16136363636363638 25 1
Communication round: 50, Smart Eavesdropper Accuracy: 0.2159090909090909 25 0
Communication round: 51, Smart Eavesdropper Accuracy: 0.2545454545454545 25 0
Communication round: 52, Smart Eavesdropper Accuracy: 0.2636363636363636 26 1
Communication round: 53, Smart Eavesdropper Accuracy: 0.2590909090909091 27 1
Communication round: 54, Smart Eavesdropper Accuracy: 0.28863636363636364 27 0
Communication round: 55, Smart Eavesdropper Accuracy: 0.24545454545454545 28 1
Communication round: 56, Eavesdropper Accuracy: 0.05227272727272727 29 1
Communication round: 57, Smart Eavesdropper Accuracy: 0.13863636363636364 29 0
Communication round: 58, Eavesdropper Accuracy: 0.05227272727272727 30 1
Communication round: 59, Eavesdropper Accuracy: 0.03636363636363636 31 1
Communication round: 60, Eavesdropper Accuracy: 0.038636363636363635 31 0
Communication round: 61, Smart Eavesdropper Accuracy: 0.08863636363636364 31 0
Communication round: 62, Eavesdropper Accuracy: 0.05 32 1
Communication round: 63, Smart Eavesdropper Accuracy: 0.09318181818181819 32 0
Communication round: 64, Smart Eavesdropper Accuracy: 0.15681818181818183 32 0
Communication round: 65, Smart Eavesdropper Accuracy: 0.175 33 1
Communication round: 66, Smart Eavesdropper Accuracy: 0.25681818181818183 33 0
Communication round: 67, Smart Eavesdropper Accuracy: 0.24772727272727274 34 1
Communication round: 68, Smart Eavesdropper Accuracy: 0.25681818181818183 34 0
Communication round: 69, Smart Eavesdropper Accuracy: 0.25681818181818183 34 0
Communication round: 70, Smart Eavesdropper Accuracy: 0.2772727272727273 34 0
Communication round: 71, Smart Eavesdropper Accuracy: 0.2727272727272727 34 0
Communication round: 72, Smart Eavesdropper Accuracy: 0.2818181818181818 35 1
Communication round: 73, Smart Eavesdropper Accuracy: 0.2727272727272727 35 0
Communication round: 74, Smart Eavesdropper Accuracy: 0.2909090909090909 36 1
Communication round: 75, Smart Eavesdropper Accuracy: 0.32954545454545453 36 0
Communication round: 76, Smart Eavesdropper Accuracy: 0.2818181818181818 37 1
Communication round: 77, Smart Eavesdropper Accuracy: 0.3159090909090909 37 0
Communication round: 78, Aggregated Accuracies: 0.0551190476190476 38
Communication round: 78, Smart Eavesdropper Accuracy: 0.3068181818181818 38 1
Communication round: 79, Smart Eavesdropper Accuracy: 0.3431818181818182 38 0
Communication round: 80, Aggregated Accuracies: 0.08083333333333334 39
Communication round: 80, Smart Eavesdropper Accuracy: 0.27954545454545454 39 1
Communication round: 81, Aggregated Accuracies: 0.11928571428571429 40
Communication round: 81, Smart Eavesdropper Accuracy: 0.32954545454545453 40 1
Communication round: 82, Smart Eavesdropper Accuracy: 0.3068181818181818 40 0
Communication round: 83, Smart Eavesdropper Accuracy: 0.32954545454545453 41 1
Communication round: 84, Smart Eavesdropper Accuracy: 0.30454545454545456 42 1
Communication round: 85, Smart Eavesdropper Accuracy: 0.32727272727272727 43 1
Communication round: 86, Eavesdropper Accuracy: 0.11363636363636363 44 1
Communication round: 87, Eavesdropper Accuracy: 0.13863636363636364 45 1
Communication round: 88, Eavesdropper Accuracy: 0.12045454545454545 45 0
Communication round: 89, Eavesdropper Accuracy: 0.11363636363636363 46 1
Communication round: 90, Eavesdropper Accuracy: 0.11363636363636363 46 0
Communication round: 91, Smart Eavesdropper Accuracy: 0.15227272727272728 46 0
Communication round: 92, Eavesdropper Accuracy: 0.125 47 1
Communication round: 93, Eavesdropper Accuracy: 0.12045454545454545 48 1
Communication round: 94, Eavesdropper Accuracy: 0.12272727272727273 48 0
Communication round: 95, Eavesdropper Accuracy: 0.1159090909090909 49 1
Communication round: 96, Eavesdropper Accuracy: 0.12727272727272726 50 1
Communication round: 97, Eavesdropper Accuracy: 0.12045454545454545 50 0
Communication round: 98, Aggregated Accuracies: 0.1638095238095238 51
Communication round: 98, Eavesdropper Accuracy: 0.15454545454545454 51 1
Communication round: 99, Aggregated Accuracies: 0.2005952380952382 52
Communication round: 99, Eavesdropper Accuracy: 0.2318181818181818 52 1
----------------------------------------------------------------------------------------------------
----------------------------------------------------------------------------------------------------
P0_False_
----------------------------------------------------------------------------------------------------
Communication round: 0, Smart Eavesdropper Accuracy: 0.11136363636363636 0 0
Communication round: 1, Smart Eavesdropper Accuracy: 0.22727272727272727 0 0
Communication round: 2, Smart Eavesdropper Accuracy: 0.19772727272727272 1 1
Communication round: 3, Smart Eavesdropper Accuracy: 0.2636363636363636 1 0
Communication round: 4, Smart Eavesdropper Accuracy: 0.23863636363636365 2 1
Communication round: 5, Smart Eavesdropper Accuracy: 0.2818181818181818 3 1
Communication round: 6, Smart Eavesdropper Accuracy: 0.275 3 0
Communication round: 7, Smart Eavesdropper Accuracy: 0.27045454545454545 4 1
Communication round: 8, Eavesdropper Accuracy: 0.10909090909090909 5 1
Communication round: 9, Eavesdropper Accuracy: 0.1318181818181818 6 1
Communication round: 10, Eavesdropper Accuracy: 0.12954545454545455 6 0
Communication round: 11, Eavesdropper Accuracy: 0.10681818181818181 7 1
Communication round: 12, Eavesdropper Accuracy: 0.10909090909090909 8 1
Communication round: 13, Eavesdropper Accuracy: 0.10681818181818181 8 0
Communication round: 14, Aggregated Accuracies: 0.11583333333333334 9
Communication round: 14, Eavesdropper Accuracy: 0.10909090909090909 9 1
Communication round: 15, Eavesdropper Accuracy: 0.11363636363636363 9 0
Communication round: 16, Aggregated Accuracies: 0.13642857142857148 10
Communication round: 16, Eavesdropper Accuracy: 0.1431818181818182 10 1
Communication round: 17, Eavesdropper Accuracy: 0.125 10 0
Communication round: 18, Eavesdropper Accuracy: 0.1318181818181818 10 0
Communication round: 19, Smart Eavesdropper Accuracy: 0.13636363636363635 10 0
Communication round: 20, Smart Eavesdropper Accuracy: 0.16363636363636364 10 0
Communication round: 21, Smart Eavesdropper Accuracy: 0.17045454545454544 10 0
Communication round: 22, Smart Eavesdropper Accuracy: 0.21136363636363636 10 0
Communication round: 23, Smart Eavesdropper Accuracy: 0.21818181818181817 11 1
Communication round: 24, Smart Eavesdropper Accuracy: 0.2159090909090909 11 0
Communication round: 25, Smart Eavesdropper Accuracy: 0.225 12 1
Communication round: 26, Smart Eavesdropper Accuracy: 0.26590909090909093 12 0
Communication round: 27, Smart Eavesdropper Accuracy: 0.27954545454545454 13 1
Communication round: 28, Smart Eavesdropper Accuracy: 0.26590909090909093 14 1
Communication round: 29, Smart Eavesdropper Accuracy: 0.29545454545454547 15 1
Communication round: 30, Eavesdropper Accuracy: 0.12954545454545455 16 1
Communication round: 31, Eavesdropper Accuracy: 0.11818181818181818 17 1
Communication round: 32, Eavesdropper Accuracy: 0.11818181818181818 18 1
Communication round: 33, Eavesdropper Accuracy: 0.13863636363636364 18 0
Communication round: 34, Eavesdropper Accuracy: 0.12727272727272726 19 1
Communication round: 35, Eavesdropper Accuracy: 0.13863636363636364 19 0
Communication round: 36, Eavesdropper Accuracy: 0.11818181818181818 20 1
Communication round: 37, Eavesdropper Accuracy: 0.13863636363636364 21 1
Communication round: 38, Eavesdropper Accuracy: 0.1318181818181818 21 0
Communication round: 39, Eavesdropper Accuracy: 0.13863636363636364 21 0
Communication round: 40, Eavesdropper Accuracy: 0.10909090909090909 22 1
Communication round: 41, Eavesdropper Accuracy: 0.10909090909090909 22 0
Communication round: 42, Eavesdropper Accuracy: 0.1318181818181818 23 1
Communication round: 43, Eavesdropper Accuracy: 0.12727272727272726 24 1
Communication round: 44, Eavesdropper Accuracy: 0.1409090909090909 24 0
Communication round: 45, Eavesdropper Accuracy: 0.1409090909090909 25 1
Communication round: 46, Eavesdropper Accuracy: 0.1318181818181818 25 0
Communication round: 47, Eavesdropper Accuracy: 0.1318181818181818 26 1
Communication round: 48, Eavesdropper Accuracy: 0.1159090909090909 27 1
Communication round: 49, Eavesdropper Accuracy: 0.1431818181818182 28 1
Communication round: 50, Eavesdropper Accuracy: 0.14772727272727273 28 0
Communication round: 51, Eavesdropper Accuracy: 0.13636363636363635 29 1
Communication round: 52, Eavesdropper Accuracy: 0.1409090909090909 29 0
Communication round: 53, Eavesdropper Accuracy: 0.12045454545454545 29 0
Communication round: 54, Eavesdropper Accuracy: 0.13636363636363635 29 0
Communication round: 55, Eavesdropper Accuracy: 0.10454545454545454 29 0
Communication round: 56, Eavesdropper Accuracy: 0.12272727272727273 29 0
Communication round: 57, Smart Eavesdropper Accuracy: 0.175 29 0
Communication round: 58, Eavesdropper Accuracy: 0.12954545454545455 30 1
Communication round: 59, Smart Eavesdropper Accuracy: 0.1159090909090909 30 0
Communication round: 60, Smart Eavesdropper Accuracy: 0.175 30 0
Communication round: 61, Smart Eavesdropper Accuracy: 0.21136363636363636 30 0
Communication round: 62, Smart Eavesdropper Accuracy: 0.22045454545454546 31 1
Communication round: 63, Smart Eavesdropper Accuracy: 0.2340909090909091 31 0
Communication round: 64, Smart Eavesdropper Accuracy: 0.2340909090909091 31 0
Communication round: 65, Smart Eavesdropper Accuracy: 0.24545454545454545 31 0
Communication round: 66, Smart Eavesdropper Accuracy: 0.22272727272727272 31 0
Communication round: 67, Smart Eavesdropper Accuracy: 0.23636363636363636 32 1
Communication round: 68, Smart Eavesdropper Accuracy: 0.23863636363636365 33 1
Communication round: 69, Smart Eavesdropper Accuracy: 0.2431818181818182 33 0
Communication round: 70, Smart Eavesdropper Accuracy: 0.24545454545454545 33 0
Communication round: 71, Smart Eavesdropper Accuracy: 0.2590909090909091 33 0
Communication round: 72, Smart Eavesdropper Accuracy: 0.2590909090909091 34 1
Communication round: 73, Smart Eavesdropper Accuracy: 0.2840909090909091 35 1
Communication round: 74, Aggregated Accuracies: 0.14988095238095242 36
Communication round: 74, Smart Eavesdropper Accuracy: 0.30227272727272725 36 1
Communication round: 75, Aggregated Accuracies: 0.17154761904761912 37
Communication round: 75, Smart Eavesdropper Accuracy: 0.3 37 1
Communication round: 76, Smart Eavesdropper Accuracy: 0.29545454545454547 37 0
Communication round: 77, Smart Eavesdropper Accuracy: 0.29772727272727273 37 0
Communication round: 78, Aggregated Accuracies: 0.1875000000000001 38
Communication round: 78, Smart Eavesdropper Accuracy: 0.29318181818181815 38 1
Communication round: 79, Aggregated Accuracies: 0.20119047619047628 39
Communication round: 79, Smart Eavesdropper Accuracy: 0.30227272727272725 39 1
Communication round: 80, Smart Eavesdropper Accuracy: 0.32045454545454544 39 0
Communication round: 81, Smart Eavesdropper Accuracy: 0.32045454545454544 40 1
Communication round: 82, Smart Eavesdropper Accuracy: 0.29318181818181815 40 0
Communication round: 83, Smart Eavesdropper Accuracy: 0.33636363636363636 41 1
Communication round: 84, Smart Eavesdropper Accuracy: 0.36363636363636365 41 0
Communication round: 85, Smart Eavesdropper Accuracy: 0.3340909090909091 42 1
Communication round: 86, Smart Eavesdropper Accuracy: 0.3159090909090909 43 1
Communication round: 87, Smart Eavesdropper Accuracy: 0.3386363636363636 44 1
Communication round: 88, Smart Eavesdropper Accuracy: 0.31363636363636366 44 0
Communication round: 89, Smart Eavesdropper Accuracy: 0.3886363636363636 44 0
Communication round: 90, Smart Eavesdropper Accuracy: 0.35454545454545455 45 1
Communication round: 91, Smart Eavesdropper Accuracy: 0.31136363636363634 46 1
Communication round: 92, Smart Eavesdropper Accuracy: 0.32045454545454544 46 0
Communication round: 93, Smart Eavesdropper Accuracy: 0.3477272727272727 47 1
Communication round: 94, Smart Eavesdropper Accuracy: 0.31363636363636366 47 0
Communication round: 95, Smart Eavesdropper Accuracy: 0.3386363636363636 48 1
Communication round: 96, Smart Eavesdropper Accuracy: 0.3477272727272727 48 0
Communication round: 97, Smart Eavesdropper Accuracy: 0.325 49 1
Communication round: 98, Eavesdropper Accuracy: 0.17045454545454544 50 1
Communication round: 99, Eavesdropper Accuracy: 0.20454545454545456 51 1
----------------------------------------------------------------------------------------------------
----------------------------------------------------------------------------------------------------
P0_False_
----------------------------------------------------------------------------------------------------
Communication round: 0, Eavesdropper Accuracy: 0.08409090909090909 1 1
Communication round: 1, Smart Eavesdropper Accuracy: 0.11818181818181818 1 0
Communication round: 2, Eavesdropper Accuracy: 0.07954545454545454 2 1
Communication round: 3, Smart Eavesdropper Accuracy: 0.10909090909090909 2 0
Communication round: 4, Eavesdropper Accuracy: 0.075 3 1
Communication round: 5, Eavesdropper Accuracy: 0.07954545454545454 4 1
Communication round: 6, Eavesdropper Accuracy: 0.08409090909090909 5 1
Communication round: 7, Eavesdropper Accuracy: 0.08863636363636364 5 0
Communication round: 8, Eavesdropper Accuracy: 0.08181818181818182 5 0
Communication round: 9, Eavesdropper Accuracy: 0.07272727272727272 6 1
Communication round: 10, Eavesdropper Accuracy: 0.08863636363636364 6 0
Communication round: 11, Smart Eavesdropper Accuracy: 0.10227272727272728 6 0
Communication round: 12, Smart Eavesdropper Accuracy: 0.14772727272727273 6 0
Communication round: 13, Smart Eavesdropper Accuracy: 0.12954545454545455 7 1
Communication round: 14, Eavesdropper Accuracy: 0.10227272727272728 8 1
Communication round: 15, Eavesdropper Accuracy: 0.07727272727272727 9 1
Communication round: 16, Eavesdropper Accuracy: 0.07272727272727272 10 1
Communication round: 17, Aggregated Accuracies: 0.1011904761904762 11
Communication round: 17, Eavesdropper Accuracy: 0.09772727272727273 11 1
Communication round: 18, Aggregated Accuracies: 0.10809523809523809 12
Communication round: 18, Eavesdropper Accuracy: 0.09772727272727273 12 1
Communication round: 19, Aggregated Accuracies: 0.12238095238095237 13
Communication round: 19, Eavesdropper Accuracy: 0.12727272727272726 13 1
Communication round: 20, Aggregated Accuracies: 0.13059523809523813 14
Communication round: 20, Eavesdropper Accuracy: 0.14545454545454545 14 1
Communication round: 21, Aggregated Accuracies: 0.14380952380952383 15
Communication round: 21, Eavesdropper Accuracy: 0.1340909090909091 15 1
Communication round: 22, Eavesdropper Accuracy: 0.1409090909090909 15 0
Communication round: 23, Eavesdropper Accuracy: 0.12045454545454545 15 0
Communication round: 24, Eavesdropper Accuracy: 0.13863636363636364 15 0
Communication round: 25, Eavesdropper Accuracy: 0.13636363636363635 16 1
Communication round: 26, Aggregated Accuracies: 0.15130952380952384 17
Communication round: 26, Eavesdropper Accuracy: 0.14545454545454545 17 1
Communication round: 27, Eavesdropper Accuracy: 0.12727272727272726 17 0
Communication round: 28, Aggregated Accuracies: 0.1601190476190477 18
Communication round: 28, Eavesdropper Accuracy: 0.13863636363636364 18 1
Communication round: 29, Eavesdropper Accuracy: 0.1409090909090909 18 0
Communication round: 30, Aggregated Accuracies: 0.1738095238095239 19
Communication round: 30, Eavesdropper Accuracy: 0.175 19 1
Communication round: 31, Eavesdropper Accuracy: 0.14545454545454545 19 0
Communication round: 32, Aggregated Accuracies: 0.18083333333333346 20
Communication round: 32, Eavesdropper Accuracy: 0.15681818181818183 20 1
Communication round: 33, Eavesdropper Accuracy: 0.15454545454545454 20 0
Communication round: 34, Eavesdropper Accuracy: 0.16136363636363638 20 0
Communication round: 35, Aggregated Accuracies: 0.1976190476190477 21
Communication round: 35, Eavesdropper Accuracy: 0.16590909090909092 21 1
Communication round: 36, Eavesdropper Accuracy: 0.2 21 0
Communication round: 37, Aggregated Accuracies: 0.20559523809523816 22
Communication round: 37, Eavesdropper Accuracy: 0.19090909090909092 22 1
Communication round: 38, Eavesdropper Accuracy: 0.2 22 0
Communication round: 39, Aggregated Accuracies: 0.2144047619047619 23
Communication round: 39, Eavesdropper Accuracy: 0.20227272727272727 23 1
Communication round: 40, Aggregated Accuracies: 0.22249999999999998 24
Communication round: 40, Eavesdropper Accuracy: 0.225 24 1
Communication round: 41, Aggregated Accuracies: 0.22499999999999995 25
Communication round: 41, Eavesdropper Accuracy: 0.19545454545454546 25 1
Communication round: 42, Eavesdropper Accuracy: 0.21136363636363636 25 0
Communication round: 43, Eavesdropper Accuracy: 0.21136363636363636 25 0
Communication round: 44, Eavesdropper Accuracy: 0.25 26 1
Communication round: 45, Eavesdropper Accuracy: 0.24545454545454545 26 0
Communication round: 46, Eavesdropper Accuracy: 0.2409090909090909 27 1
Communication round: 47, Eavesdropper Accuracy: 0.22727272727272727 27 0
Communication round: 48, Eavesdropper Accuracy: 0.22045454545454546 28 1
Communication round: 49, Eavesdropper Accuracy: 0.225 28 0
Communication round: 50, Aggregated Accuracies: 0.23845238095238086 29
Communication round: 50, Eavesdropper Accuracy: 0.21363636363636362 29 1
Communication round: 51, Eavesdropper Accuracy: 0.26590909090909093 29 0
Communication round: 52, Eavesdropper Accuracy: 0.2318181818181818 30 1
Communication round: 53, Aggregated Accuracies: 0.24214285714285708 31
Communication round: 53, Eavesdropper Accuracy: 0.25681818181818183 31 1
Communication round: 54, Eavesdropper Accuracy: 0.21818181818181817 31 0
Communication round: 55, Eavesdropper Accuracy: 0.26136363636363635 31 0
Communication round: 56, Eavesdropper Accuracy: 0.2409090909090909 32 1
Communication round: 57, Eavesdropper Accuracy: 0.26136363636363635 33 1
Communication round: 58, Eavesdropper Accuracy: 0.2409090909090909 33 0
Communication round: 59, Eavesdropper Accuracy: 0.29318181818181815 33 0
Communication round: 60, Eavesdropper Accuracy: 0.2318181818181818 34 1
Communication round: 61, Eavesdropper Accuracy: 0.21136363636363636 34 0
Communication round: 62, Eavesdropper Accuracy: 0.25681818181818183 35 1
Communication round: 63, Eavesdropper Accuracy: 0.25 36 1
Communication round: 64, Eavesdropper Accuracy: 0.21136363636363636 36 0
Communication round: 65, Eavesdropper Accuracy: 0.2431818181818182 36 0
Communication round: 66, Eavesdropper Accuracy: 0.2545454545454545 36 0
Communication round: 67, Eavesdropper Accuracy: 0.26590909090909093 37 1
Communication round: 68, Eavesdropper Accuracy: 0.2590909090909091 37 0
Communication round: 69, Eavesdropper Accuracy: 0.27045454545454545 38 1
Communication round: 70, Eavesdropper Accuracy: 0.25227272727272726 38 0
Communication round: 71, Eavesdropper Accuracy: 0.2318181818181818 38 0
Communication round: 72, Eavesdropper Accuracy: 0.2590909090909091 39 1
Communication round: 73, Eavesdropper Accuracy: 0.22954545454545455 40 1
Communication round: 74, Eavesdropper Accuracy: 0.2431818181818182 40 0
Communication round: 75, Eavesdropper Accuracy: 0.25 41 1
Communication round: 76, Eavesdropper Accuracy: 0.26590909090909093 42 1
Communication round: 77, Eavesdropper Accuracy: 0.2545454545454545 43 1
Communication round: 78, Eavesdropper Accuracy: 0.24545454545454545 44 1
Communication round: 79, Eavesdropper Accuracy: 0.2318181818181818 44 0
Communication round: 80, Eavesdropper Accuracy: 0.23863636363636365 45 1
Communication round: 81, Eavesdropper Accuracy: 0.25227272727272726 46 1
Communication round: 82, Eavesdropper Accuracy: 0.24772727272727274 47 1
Communication round: 83, Eavesdropper Accuracy: 0.25 48 1
Communication round: 84, Eavesdropper Accuracy: 0.23863636363636365 48 0
Communication round: 85, Eavesdropper Accuracy: 0.26136363636363635 48 0
Communication round: 86, Eavesdropper Accuracy: 0.22045454545454546 48 0
Communication round: 87, Eavesdropper Accuracy: 0.25 48 0
Communication round: 88, Eavesdropper Accuracy: 0.26590909090909093 48 0
Communication round: 89, Eavesdropper Accuracy: 0.25 48 0
Communication round: 90, Eavesdropper Accuracy: 0.26590909090909093 48 0
Communication round: 91, Eavesdropper Accuracy: 0.25227272727272726 49 1
Communication round: 92, Eavesdropper Accuracy: 0.2590909090909091 49 0
Communication round: 93, Eavesdropper Accuracy: 0.23636363636363636 50 1
Communication round: 94, Eavesdropper Accuracy: 0.2409090909090909 50 0
Communication round: 95, Eavesdropper Accuracy: 0.2772727272727273 50 0
Communication round: 96, Eavesdropper Accuracy: 0.2340909090909091 51 1
Communication round: 97, Eavesdropper Accuracy: 0.2636363636363636 52 1
Communication round: 98, Eavesdropper Accuracy: 0.2727272727272727 52 0
Communication round: 99, Eavesdropper Accuracy: 0.2545454545454545 53 1
----------------------------------------------------------------------------------------------------
----------------------------------------------------------------------------------------------------
P0_False_
----------------------------------------------------------------------------------------------------
Communication round: 0, Eavesdropper Accuracy: 0.08409090909090909 1 1
Communication round: 1, Smart Eavesdropper Accuracy: 0.1 1 0
Communication round: 2, Smart Eavesdropper Accuracy: 0.12045454545454545 1 0
Communication round: 3, Smart Eavesdropper Accuracy: 0.16363636363636364 2 1
Communication round: 4, Eavesdropper Accuracy: 0.09090909090909091 3 1
Communication round: 5, Eavesdropper Accuracy: 0.08636363636363636 4 1
Communication round: 6, Eavesdropper Accuracy: 0.10454545454545454 4 0
Communication round: 7, Eavesdropper Accuracy: 0.09545454545454546 5 1
Communication round: 8, Eavesdropper Accuracy: 0.08863636363636364 5 0
Communication round: 9, Eavesdropper Accuracy: 0.08181818181818182 6 1
Communication round: 10, Eavesdropper Accuracy: 0.11136363636363636 7 1
Communication round: 11, Eavesdropper Accuracy: 0.08636363636363636 7 0
Communication round: 12, Eavesdropper Accuracy: 0.08863636363636364 7 0
Communication round: 13, Smart Eavesdropper Accuracy: 0.0659090909090909 7 0
Communication round: 14, Eavesdropper Accuracy: 0.07954545454545454 8 1
Communication round: 15, Eavesdropper Accuracy: 0.09318181818181819 9 1
Communication round: 16, Eavesdropper Accuracy: 0.10454545454545454 9 0
Communication round: 17, Smart Eavesdropper Accuracy: 0.07045454545454545 9 0
Communication round: 18, Eavesdropper Accuracy: 0.08863636363636364 10 1
Communication round: 19, Eavesdropper Accuracy: 0.09318181818181819 11 1
Communication round: 20, Aggregated Accuracies: 0.11523809523809522 12
Communication round: 20, Eavesdropper Accuracy: 0.10909090909090909 12 1
Communication round: 21, Eavesdropper Accuracy: 0.10227272727272728 13 1
Communication round: 22, Eavesdropper Accuracy: 0.09318181818181819 13 0
Communication round: 23, Eavesdropper Accuracy: 0.1 13 0
Communication round: 24, Eavesdropper Accuracy: 0.1159090909090909 13 0
Communication round: 25, Eavesdropper Accuracy: 0.10681818181818181 14 1
Communication round: 26, Eavesdropper Accuracy: 0.11363636363636363 14 0
Communication round: 27, Smart Eavesdropper Accuracy: 0.07954545454545454 14 0
Communication round: 28, Smart Eavesdropper Accuracy: 0.13863636363636364 14 0
Communication round: 29, Smart Eavesdropper Accuracy: 0.16363636363636364 15 1
Communication round: 30, Smart Eavesdropper Accuracy: 0.17954545454545454 15 0
Communication round: 31, Smart Eavesdropper Accuracy: 0.22954545454545455 16 1
Communication round: 32, Eavesdropper Accuracy: 0.11136363636363636 17 1
Communication round: 33, Eavesdropper Accuracy: 0.09318181818181819 18 1
Communication round: 34, Eavesdropper Accuracy: 0.09090909090909091 18 0
Communication round: 35, Smart Eavesdropper Accuracy: 0.09090909090909091 18 0
Communication round: 36, Aggregated Accuracies: 0.12035714285714283 19
Communication round: 36, Eavesdropper Accuracy: 0.09545454545454546 19 1
Communication round: 37, Smart Eavesdropper Accuracy: 0.09545454545454546 19 0
Communication round: 38, Smart Eavesdropper Accuracy: 0.13863636363636364 19 0
Communication round: 39, Smart Eavesdropper Accuracy: 0.16363636363636364 19 0
Communication round: 40, Aggregated Accuracies: 0.1467857142857143 20
Communication round: 40, Smart Eavesdropper Accuracy: 0.19318181818181818 20 1
Communication round: 41, Smart Eavesdropper Accuracy: 0.21818181818181817 20 0
Communication round: 42, Smart Eavesdropper Accuracy: 0.22045454545454546 21 1
Communication round: 43, Smart Eavesdropper Accuracy: 0.22727272727272727 22 1
Communication round: 44, Eavesdropper Accuracy: 0.14545454545454545 23 1
Communication round: 45, Smart Eavesdropper Accuracy: 0.15227272727272728 23 0
Communication round: 46, Smart Eavesdropper Accuracy: 0.175 23 0
Communication round: 47, Smart Eavesdropper Accuracy: 0.19545454545454546 24 1
Communication round: 48, Eavesdropper Accuracy: 0.12954545454545455 25 1
Communication round: 49, Smart Eavesdropper Accuracy: 0.12954545454545455 25 0
Communication round: 50, Smart Eavesdropper Accuracy: 0.12045454545454545 25 0
Communication round: 51, Smart Eavesdropper Accuracy: 0.2 26 1
Communication round: 52, Eavesdropper Accuracy: 0.1318181818181818 27 1
Communication round: 53, Smart Eavesdropper Accuracy: 0.13636363636363635 27 0
Communication round: 54, Eavesdropper Accuracy: 0.13636363636363635 28 1
Communication round: 55, Eavesdropper Accuracy: 0.1318181818181818 29 1
Communication round: 56, Eavesdropper Accuracy: 0.1340909090909091 30 1
Communication round: 57, Eavesdropper Accuracy: 0.15454545454545454 31 1
Communication round: 58, Eavesdropper Accuracy: 0.125 31 0
Communication round: 59, Eavesdropper Accuracy: 0.14545454545454545 31 0
Communication round: 60, Eavesdropper Accuracy: 0.15 31 0
Communication round: 61, Smart Eavesdropper Accuracy: 0.12045454545454545 31 0
Communication round: 62, Eavesdropper Accuracy: 0.1340909090909091 32 1
Communication round: 63, Eavesdropper Accuracy: 0.12045454545454545 33 1
Communication round: 64, Eavesdropper Accuracy: 0.1340909090909091 33 0
Communication round: 65, Smart Eavesdropper Accuracy: 0.12272727272727273 33 0
Communication round: 66, Smart Eavesdropper Accuracy: 0.16136363636363638 33 0
Communication round: 67, Smart Eavesdropper Accuracy: 0.175 33 0
Communication round: 68, Smart Eavesdropper Accuracy: 0.22045454545454546 33 0
Communication round: 69, Smart Eavesdropper Accuracy: 0.23636363636363636 33 0
Communication round: 70, Aggregated Accuracies: 0.16297619047619055 34
Communication round: 70, Smart Eavesdropper Accuracy: 0.2636363636363636 34 1
Communication round: 71, Smart Eavesdropper Accuracy: 0.2431818181818182 34 0
Communication round: 72, Smart Eavesdropper Accuracy: 0.2318181818181818 34 0
Communication round: 73, Smart Eavesdropper Accuracy: 0.2681818181818182 34 0
Communication round: 74, Smart Eavesdropper Accuracy: 0.2818181818181818 34 0
Communication round: 75, Aggregated Accuracies: 0.18226190476190485 35
Communication round: 75, Smart Eavesdropper Accuracy: 0.29545454545454547 35 1
Communication round: 76, Smart Eavesdropper Accuracy: 0.2863636363636364 35 0
Communication round: 77, Smart Eavesdropper Accuracy: 0.2727272727272727 35 0
Communication round: 78, Smart Eavesdropper Accuracy: 0.2863636363636364 36 1
Communication round: 79, Smart Eavesdropper Accuracy: 0.27045454545454545 36 0
Communication round: 80, Aggregated Accuracies: 0.20333333333333342 37
Communication round: 80, Smart Eavesdropper Accuracy: 0.26136363636363635 37 1
Communication round: 81, Smart Eavesdropper Accuracy: 0.2840909090909091 38 1
Communication round: 82, Aggregated Accuracies: 0.22809523809523813 39
Communication round: 82, Smart Eavesdropper Accuracy: 0.3181818181818182 39 1
Communication round: 83, Aggregated Accuracies: 0.23702380952380944 40
Communication round: 83, Smart Eavesdropper Accuracy: 0.3 40 1
Communication round: 84, Smart Eavesdropper Accuracy: 0.3068181818181818 41 1
Communication round: 85, Smart Eavesdropper Accuracy: 0.29318181818181815 42 1
Communication round: 86, Smart Eavesdropper Accuracy: 0.3181818181818182 42 0
Communication round: 87, Smart Eavesdropper Accuracy: 0.33181818181818185 43 1
Communication round: 88, Smart Eavesdropper Accuracy: 0.32727272727272727 44 1
Communication round: 89, Smart Eavesdropper Accuracy: 0.3477272727272727 45 1
Communication round: 90, Eavesdropper Accuracy: 0.25227272727272726 46 1
Communication round: 91, Eavesdropper Accuracy: 0.25227272727272726 47 1
Communication round: 92, Eavesdropper Accuracy: 0.2545454545454545 48 1
Communication round: 93, Eavesdropper Accuracy: 0.2318181818181818 48 0
Communication round: 94, Eavesdropper Accuracy: 0.25 49 1
Communication round: 95, Eavesdropper Accuracy: 0.25 50 1
Communication round: 96, Eavesdropper Accuracy: 0.23636363636363636 50 0
Communication round: 97, Eavesdropper Accuracy: 0.22954545454545455 51 1
Communication round: 98, Eavesdropper Accuracy: 0.25 52 1
Communication round: 99, Eavesdropper Accuracy: 0.2431818181818182 52 0
----------------------------------------------------------------------------------------------------
----------------------------------------------------------------------------------------------------
P0_False_
----------------------------------------------------------------------------------------------------
Communication round: 0, Smart Eavesdropper Accuracy: 0.05227272727272727 0 0
Communication round: 1, Smart Eavesdropper Accuracy: 0.11818181818181818 0 0
Communication round: 2, Smart Eavesdropper Accuracy: 0.1590909090909091 1 1
Communication round: 3, Smart Eavesdropper Accuracy: 0.15227272727272728 2 1
Communication round: 4, Smart Eavesdropper Accuracy: 0.18636363636363637 2 0
Communication round: 5, Smart Eavesdropper Accuracy: 0.21136363636363636 2 0
Communication round: 6, Smart Eavesdropper Accuracy: 0.225 2 0
Communication round: 7, Aggregated Accuracies: 0.08214285714285717 3
Communication round: 7, Smart Eavesdropper Accuracy: 0.2340909090909091 3 1
Communication round: 8, Smart Eavesdropper Accuracy: 0.22727272727272727 4 1
Communication round: 9, Smart Eavesdropper Accuracy: 0.19318181818181818 4 0
Communication round: 10, Smart Eavesdropper Accuracy: 0.22272727272727272 4 0
Communication round: 11, Aggregated Accuracies: 0.10940476190476194 5
Communication round: 11, Smart Eavesdropper Accuracy: 0.25227272727272726 5 1
Communication round: 12, Aggregated Accuracies: 0.15238095238095248 6
Communication round: 12, Smart Eavesdropper Accuracy: 0.2409090909090909 6 1
Communication round: 13, Smart Eavesdropper Accuracy: 0.22954545454545455 6 0
Communication round: 14, Smart Eavesdropper Accuracy: 0.2636363636363636 6 0
Communication round: 15, Smart Eavesdropper Accuracy: 0.21818181818181817 6 0
Communication round: 16, Smart Eavesdropper Accuracy: 0.2545454545454545 6 0
Communication round: 17, Smart Eavesdropper Accuracy: 0.2545454545454545 6 0
Communication round: 18, Smart Eavesdropper Accuracy: 0.26590909090909093 7 1
Communication round: 19, Smart Eavesdropper Accuracy: 0.22727272727272727 7 0
Communication round: 20, Smart Eavesdropper Accuracy: 0.2431818181818182 8 1
Communication round: 21, Smart Eavesdropper Accuracy: 0.2772727272727273 8 0
Communication round: 22, Smart Eavesdropper Accuracy: 0.29318181818181815 8 0
Communication round: 23, Smart Eavesdropper Accuracy: 0.2409090909090909 8 0
Communication round: 24, Smart Eavesdropper Accuracy: 0.2909090909090909 9 1
Communication round: 25, Smart Eavesdropper Accuracy: 0.2727272727272727 9 0
Communication round: 26, Smart Eavesdropper Accuracy: 0.29318181818181815 10 1
Communication round: 27, Smart Eavesdropper Accuracy: 0.31136363636363634 10 0
Communication round: 28, Smart Eavesdropper Accuracy: 0.29318181818181815 10 0
Communication round: 29, Aggregated Accuracies: 0.18166666666666673 11
Communication round: 29, Smart Eavesdropper Accuracy: 0.2909090909090909 11 1
Communication round: 30, Smart Eavesdropper Accuracy: 0.25227272727272726 12 1
Communication round: 31, Smart Eavesdropper Accuracy: 0.2772727272727273 13 1
Communication round: 32, Smart Eavesdropper Accuracy: 0.3068181818181818 13 0
Communication round: 33, Smart Eavesdropper Accuracy: 0.30454545454545456 13 0
Communication round: 34, Smart Eavesdropper Accuracy: 0.30454545454545456 13 0
Communication round: 35, Smart Eavesdropper Accuracy: 0.32954545454545453 13 0
Communication round: 36, Smart Eavesdropper Accuracy: 0.2590909090909091 13 0
Communication round: 37, Smart Eavesdropper Accuracy: 0.3 13 0
Communication round: 38, Smart Eavesdropper Accuracy: 0.2772727272727273 13 0
Communication round: 39, Smart Eavesdropper Accuracy: 0.3 13 0
Communication round: 40, Smart Eavesdropper Accuracy: 0.2772727272727273 13 0
Communication round: 41, Smart Eavesdropper Accuracy: 0.29545454545454547 14 1
Communication round: 42, Smart Eavesdropper Accuracy: 0.30227272727272725 15 1
Communication round: 43, Smart Eavesdropper Accuracy: 0.30454545454545456 16 1
Communication round: 44, Smart Eavesdropper Accuracy: 0.2840909090909091 16 0
Communication round: 45, Smart Eavesdropper Accuracy: 0.32727272727272727 17 1
Communication round: 46, Smart Eavesdropper Accuracy: 0.3068181818181818 17 0
Communication round: 47, Smart Eavesdropper Accuracy: 0.30454545454545456 17 0
Communication round: 48, Smart Eavesdropper Accuracy: 0.30454545454545456 18 1
Communication round: 49, Smart Eavesdropper Accuracy: 0.32045454545454544 19 1
Communication round: 50, Smart Eavesdropper Accuracy: 0.29318181818181815 20 1
Communication round: 51, Smart Eavesdropper Accuracy: 0.32272727272727275 20 0
Communication round: 52, Smart Eavesdropper Accuracy: 0.34545454545454546 21 1
Communication round: 53, Smart Eavesdropper Accuracy: 0.33636363636363636 22 1
Communication round: 54, Smart Eavesdropper Accuracy: 0.30227272727272725 23 1
Communication round: 55, Smart Eavesdropper Accuracy: 0.32272727272727275 24 1
Communication round: 56, Smart Eavesdropper Accuracy: 0.30454545454545456 25 1
Communication round: 57, Smart Eavesdropper Accuracy: 0.32727272727272727 26 1
Communication round: 58, Smart Eavesdropper Accuracy: 0.30227272727272725 27 1
Communication round: 59, Smart Eavesdropper Accuracy: 0.33636363636363636 28 1
Communication round: 60, Aggregated Accuracies: 0.20333333333333342 29
Communication round: 60, Smart Eavesdropper Accuracy: 0.3068181818181818 29 1
Communication round: 61, Smart Eavesdropper Accuracy: 0.3159090909090909 29 0
Communication round: 62, Aggregated Accuracies: 0.22142857142857145 30
Communication round: 62, Smart Eavesdropper Accuracy: 0.3 30 1
Communication round: 63, Smart Eavesdropper Accuracy: 0.29772727272727273 30 0
Communication round: 64, Smart Eavesdropper Accuracy: 0.3090909090909091 31 1
Communication round: 65, Smart Eavesdropper Accuracy: 0.32272727272727275 32 1
Communication round: 66, Smart Eavesdropper Accuracy: 0.3068181818181818 32 0
Communication round: 67, Smart Eavesdropper Accuracy: 0.3159090909090909 33 1
Communication round: 68, Smart Eavesdropper Accuracy: 0.325 33 0
Communication round: 69, Smart Eavesdropper Accuracy: 0.33181818181818185 33 0
Communication round: 70, Smart Eavesdropper Accuracy: 0.32727272727272727 34 1
Communication round: 71, Smart Eavesdropper Accuracy: 0.325 34 0
Communication round: 72, Smart Eavesdropper Accuracy: 0.3431818181818182 34 0
Communication round: 73, Aggregated Accuracies: 0.23440476190476187 35
Communication round: 73, Smart Eavesdropper Accuracy: 0.31136363636363634 35 1
Communication round: 74, Smart Eavesdropper Accuracy: 0.3090909090909091 35 0
Communication round: 75, Smart Eavesdropper Accuracy: 0.31136363636363634 35 0
Communication round: 76, Aggregated Accuracies: 0.2458333333333333 36
Communication round: 76, Smart Eavesdropper Accuracy: 0.35454545454545455 36 1
Communication round: 77, Smart Eavesdropper Accuracy: 0.32954545454545453 37 1
Communication round: 78, Smart Eavesdropper Accuracy: 0.32954545454545453 37 0
Communication round: 79, Smart Eavesdropper Accuracy: 0.30454545454545456 38 1
Communication round: 80, Smart Eavesdropper Accuracy: 0.3181818181818182 39 1
Communication round: 81, Smart Eavesdropper Accuracy: 0.3068181818181818 39 0
Communication round: 82, Smart Eavesdropper Accuracy: 0.35 40 1
Communication round: 83, Smart Eavesdropper Accuracy: 0.35454545454545455 41 1
Communication round: 84, Smart Eavesdropper Accuracy: 0.32045454545454544 42 1
Communication round: 85, Smart Eavesdropper Accuracy: 0.325 42 0
Communication round: 86, Aggregated Accuracies: 0.2517857142857142 43
Communication round: 86, Smart Eavesdropper Accuracy: 0.32727272727272727 43 1
Communication round: 87, Smart Eavesdropper Accuracy: 0.3522727272727273 43 0
Communication round: 88, Smart Eavesdropper Accuracy: 0.3409090909090909 43 0
Communication round: 89, Aggregated Accuracies: 0.25916666666666677 44
Communication round: 89, Smart Eavesdropper Accuracy: 0.32954545454545453 44 1
Communication round: 90, Smart Eavesdropper Accuracy: 0.32954545454545453 44 0
Communication round: 91, Smart Eavesdropper Accuracy: 0.33636363636363636 45 1
Communication round: 92, Smart Eavesdropper Accuracy: 0.3090909090909091 46 1
Communication round: 93, Smart Eavesdropper Accuracy: 0.3431818181818182 46 0
Communication round: 94, Smart Eavesdropper Accuracy: 0.32727272727272727 46 0
Communication round: 95, Smart Eavesdropper Accuracy: 0.33636363636363636 46 0
Communication round: 96, Smart Eavesdropper Accuracy: 0.33181818181818185 47 1
Communication round: 97, Smart Eavesdropper Accuracy: 0.33636363636363636 48 1
Communication round: 98, Smart Eavesdropper Accuracy: 0.3431818181818182 48 0
Communication round: 99, Smart Eavesdropper Accuracy: 0.3477272727272727 48 0
----------------------------------------------------------------------------------------------------
----------------------------------------------------------------------------------------------------
P0_False_
----------------------------------------------------------------------------------------------------
Communication round: 0, Eavesdropper Accuracy: 0.08863636363636364 1 1
Communication round: 1, Eavesdropper Accuracy: 0.08636363636363636 2 1
Communication round: 2, Eavesdropper Accuracy: 0.07954545454545454 2 0
Communication round: 3, Eavesdropper Accuracy: 0.10681818181818181 3 1
Communication round: 4, Eavesdropper Accuracy: 0.09545454545454546 3 0
Communication round: 5, Smart Eavesdropper Accuracy: 0.10454545454545454 3 0
Communication round: 6, Eavesdropper Accuracy: 0.09772727272727273 4 1
Communication round: 7, Smart Eavesdropper Accuracy: 0.10681818181818181 4 0
Communication round: 8, Eavesdropper Accuracy: 0.08863636363636364 5 1
Communication round: 9, Eavesdropper Accuracy: 0.09772727272727273 6 1
Communication round: 10, Eavesdropper Accuracy: 0.07727272727272727 7 1
Communication round: 11, Eavesdropper Accuracy: 0.08863636363636364 7 0
Communication round: 12, Eavesdropper Accuracy: 0.08863636363636364 8 1
Communication round: 13, Eavesdropper Accuracy: 0.08181818181818182 8 0
Communication round: 14, Eavesdropper Accuracy: 0.10681818181818181 8 0
Communication round: 15, Eavesdropper Accuracy: 0.10681818181818181 9 1
Communication round: 16, Eavesdropper Accuracy: 0.07954545454545454 9 0
Communication round: 17, Aggregated Accuracies: 0.10976190476190477 10
Communication round: 17, Eavesdropper Accuracy: 0.11363636363636363 10 1
Communication round: 18, Eavesdropper Accuracy: 0.10454545454545454 11 1
Communication round: 19, Eavesdropper Accuracy: 0.12727272727272726 11 0
Communication round: 20, Eavesdropper Accuracy: 0.09545454545454546 11 0
Communication round: 21, Smart Eavesdropper Accuracy: 0.10227272727272728 11 0
Communication round: 22, Eavesdropper Accuracy: 0.11363636363636363 12 1
Communication round: 23, Smart Eavesdropper Accuracy: 0.09772727272727273 12 0
Communication round: 24, Smart Eavesdropper Accuracy: 0.11363636363636363 12 0
Communication round: 25, Smart Eavesdropper Accuracy: 0.10909090909090909 13 1
Communication round: 26, Eavesdropper Accuracy: 0.09772727272727273 14 1
Communication round: 27, Smart Eavesdropper Accuracy: 0.08636363636363636 14 0
Communication round: 28, Eavesdropper Accuracy: 0.125 15 1
Communication round: 29, Eavesdropper Accuracy: 0.11818181818181818 16 1
Communication round: 30, Eavesdropper Accuracy: 0.09772727272727273 16 0
Communication round: 31, Eavesdropper Accuracy: 0.1340909090909091 17 1
Communication round: 32, Eavesdropper Accuracy: 0.11818181818181818 17 0
Communication round: 33, Aggregated Accuracies: 0.12678571428571428 18
Communication round: 33, Eavesdropper Accuracy: 0.12727272727272726 18 1
Communication round: 34, Aggregated Accuracies: 0.14047619047619048 19
Communication round: 34, Eavesdropper Accuracy: 0.15 19 1
Communication round: 35, Eavesdropper Accuracy: 0.13636363636363635 19 0
Communication round: 36, Eavesdropper Accuracy: 0.1318181818181818 19 0
Communication round: 37, Smart Eavesdropper Accuracy: 0.11363636363636363 19 0
Communication round: 38, Smart Eavesdropper Accuracy: 0.125 19 0
Communication round: 39, Smart Eavesdropper Accuracy: 0.1159090909090909 19 0
Communication round: 40, Aggregated Accuracies: 0.16035714285714292 20
Communication round: 40, Smart Eavesdropper Accuracy: 0.1340909090909091 20 1
Communication round: 41, Smart Eavesdropper Accuracy: 0.1409090909090909 20 0
Communication round: 42, Smart Eavesdropper Accuracy: 0.16590909090909092 20 0
Communication round: 43, Smart Eavesdropper Accuracy: 0.1590909090909091 20 0
Communication round: 44, Smart Eavesdropper Accuracy: 0.15 20 0
Communication round: 45, Smart Eavesdropper Accuracy: 0.13863636363636364 20 0
Communication round: 46, Smart Eavesdropper Accuracy: 0.15454545454545454 20 0
Communication round: 47, Smart Eavesdropper Accuracy: 0.15227272727272728 21 1
Communication round: 48, Aggregated Accuracies: 0.17654761904761912 22
Communication round: 48, Smart Eavesdropper Accuracy: 0.17954545454545454 22 1
Communication round: 49, Smart Eavesdropper Accuracy: 0.17727272727272728 22 0
Communication round: 50, Smart Eavesdropper Accuracy: 0.17272727272727273 22 0
Communication round: 51, Smart Eavesdropper Accuracy: 0.16136363636363638 22 0
Communication round: 52, Smart Eavesdropper Accuracy: 0.18636363636363637 23 1
Communication round: 53, Smart Eavesdropper Accuracy: 0.19318181818181818 23 0
Communication round: 54, Smart Eavesdropper Accuracy: 0.18409090909090908 24 1
Communication round: 55, Smart Eavesdropper Accuracy: 0.20681818181818182 25 1
Communication round: 56, Smart Eavesdropper Accuracy: 0.17727272727272728 26 1
Communication round: 57, Smart Eavesdropper Accuracy: 0.18863636363636363 27 1
Communication round: 58, Smart Eavesdropper Accuracy: 0.2 28 1
Communication round: 59, Smart Eavesdropper Accuracy: 0.19318181818181818 29 1
Communication round: 60, Smart Eavesdropper Accuracy: 0.19318181818181818 29 0
Communication round: 61, Smart Eavesdropper Accuracy: 0.175 29 0
Communication round: 62, Smart Eavesdropper Accuracy: 0.19090909090909092 29 0
Communication round: 63, Smart Eavesdropper Accuracy: 0.17954545454545454 29 0
Communication round: 64, Smart Eavesdropper Accuracy: 0.20227272727272727 29 0
Communication round: 65, Smart Eavesdropper Accuracy: 0.21363636363636362 29 0
Communication round: 66, Aggregated Accuracies: 0.18964285714285725 30
Communication round: 66, Smart Eavesdropper Accuracy: 0.18863636363636363 30 1
Communication round: 67, Smart Eavesdropper Accuracy: 0.20909090909090908 30 0
Communication round: 68, Smart Eavesdropper Accuracy: 0.20681818181818182 30 0
Communication round: 69, Smart Eavesdropper Accuracy: 0.19318181818181818 30 0
Communication round: 70, Smart Eavesdropper Accuracy: 0.2340909090909091 31 1
Communication round: 71, Smart Eavesdropper Accuracy: 0.20909090909090908 32 1
Communication round: 72, Smart Eavesdropper Accuracy: 0.2318181818181818 33 1
Communication round: 73, Smart Eavesdropper Accuracy: 0.22727272727272727 33 0
Communication round: 74, Smart Eavesdropper Accuracy: 0.22954545454545455 33 0
Communication round: 75, Smart Eavesdropper Accuracy: 0.22272727272727272 34 1
Communication round: 76, Smart Eavesdropper Accuracy: 0.2545454545454545 35 1
Communication round: 77, Smart Eavesdropper Accuracy: 0.22045454545454546 35 0
Communication round: 78, Smart Eavesdropper Accuracy: 0.2431818181818182 35 0
Communication round: 79, Smart Eavesdropper Accuracy: 0.22954545454545455 35 0
Communication round: 80, Smart Eavesdropper Accuracy: 0.23636363636363636 35 0
Communication round: 81, Smart Eavesdropper Accuracy: 0.225 36 1
Communication round: 82, Smart Eavesdropper Accuracy: 0.2318181818181818 37 1
Communication round: 83, Smart Eavesdropper Accuracy: 0.2340909090909091 37 0
Communication round: 84, Smart Eavesdropper Accuracy: 0.22727272727272727 37 0
Communication round: 85, Smart Eavesdropper Accuracy: 0.22954545454545455 37 0
Communication round: 86, Smart Eavesdropper Accuracy: 0.225 37 0
Communication round: 87, Smart Eavesdropper Accuracy: 0.2431818181818182 38 1
Communication round: 88, Smart Eavesdropper Accuracy: 0.25681818181818183 39 1
Communication round: 89, Smart Eavesdropper Accuracy: 0.2681818181818182 40 1
Communication round: 90, Smart Eavesdropper Accuracy: 0.2772727272727273 40 0
Communication round: 91, Smart Eavesdropper Accuracy: 0.25681818181818183 40 0
Communication round: 92, Smart Eavesdropper Accuracy: 0.2727272727272727 41 1
Communication round: 93, Aggregated Accuracies: 0.20392857142857151 42
Communication round: 93, Smart Eavesdropper Accuracy: 0.24772727272727274 42 1
Communication round: 94, Aggregated Accuracies: 0.21273809523809528 43
Communication round: 94, Smart Eavesdropper Accuracy: 0.2340909090909091 43 1
Communication round: 95, Smart Eavesdropper Accuracy: 0.2590909090909091 43 0
Communication round: 96, Aggregated Accuracies: 0.22000000000000003 44
Communication round: 96, Smart Eavesdropper Accuracy: 0.29545454545454547 44 1
Communication round: 97, Smart Eavesdropper Accuracy: 0.2681818181818182 44 0
Communication round: 98, Smart Eavesdropper Accuracy: 0.2636363636363636 44 0
Communication round: 99, Smart Eavesdropper Accuracy: 0.2681818181818182 44 0
----------------------------------------------------------------------------------------------------
----------------------------------------------------------------------------------------------------
P0_False_
----------------------------------------------------------------------------------------------------
Communication round: 0, Smart Eavesdropper Accuracy: 0.19772727272727272 0 0
Communication round: 1, Smart Eavesdropper Accuracy: 0.22954545454545455 0 0
Communication round: 2, Smart Eavesdropper Accuracy: 0.22727272727272727 1 1
Communication round: 3, Smart Eavesdropper Accuracy: 0.22954545454545455 2 1
Communication round: 4, Smart Eavesdropper Accuracy: 0.24545454545454545 2 0
Communication round: 5, Smart Eavesdropper Accuracy: 0.24545454545454545 2 0
Communication round: 6, Smart Eavesdropper Accuracy: 0.2409090909090909 2 0
Communication round: 7, Smart Eavesdropper Accuracy: 0.22954545454545455 2 0
Communication round: 8, Aggregated Accuracies: 0.0788095238095238 3
Communication round: 8, Smart Eavesdropper Accuracy: 0.2545454545454545 3 1
Communication round: 9, Aggregated Accuracies: 0.09273809523809527 4
Communication round: 9, Smart Eavesdropper Accuracy: 0.2545454545454545 4 1
Communication round: 10, Smart Eavesdropper Accuracy: 0.26136363636363635 4 0
Communication round: 11, Aggregated Accuracies: 0.10250000000000001 5
Communication round: 11, Smart Eavesdropper Accuracy: 0.2772727272727273 5 1
Communication round: 12, Aggregated Accuracies: 0.12404761904761905 6
Communication round: 12, Smart Eavesdropper Accuracy: 0.2590909090909091 6 1
Communication round: 13, Smart Eavesdropper Accuracy: 0.31363636363636366 7 1
Communication round: 14, Smart Eavesdropper Accuracy: 0.23636363636363636 7 0
Communication round: 15, Smart Eavesdropper Accuracy: 0.30227272727272725 8 1
Communication round: 16, Smart Eavesdropper Accuracy: 0.25681818181818183 8 0
Communication round: 17, Smart Eavesdropper Accuracy: 0.2636363636363636 8 0
Communication round: 18, Smart Eavesdropper Accuracy: 0.24545454545454545 8 0
Communication round: 19, Smart Eavesdropper Accuracy: 0.28863636363636364 8 0
Communication round: 20, Smart Eavesdropper Accuracy: 0.2409090909090909 8 0
Communication round: 21, Smart Eavesdropper Accuracy: 0.29772727272727273 8 0
Communication round: 22, Smart Eavesdropper Accuracy: 0.275 9 1
Communication round: 23, Aggregated Accuracies: 0.138452380952381 10
Communication round: 23, Smart Eavesdropper Accuracy: 0.2590909090909091 10 1
Communication round: 24, Smart Eavesdropper Accuracy: 0.2772727272727273 10 0
Communication round: 25, Smart Eavesdropper Accuracy: 0.27954545454545454 10 0
Communication round: 26, Smart Eavesdropper Accuracy: 0.29772727272727273 10 0
Communication round: 27, Smart Eavesdropper Accuracy: 0.27045454545454545 10 0
Communication round: 28, Smart Eavesdropper Accuracy: 0.2818181818181818 11 1
Communication round: 29, Smart Eavesdropper Accuracy: 0.2727272727272727 11 0
Communication round: 30, Smart Eavesdropper Accuracy: 0.29772727272727273 11 0
Communication round: 31, Smart Eavesdropper Accuracy: 0.2818181818181818 11 0
Communication round: 32, Smart Eavesdropper Accuracy: 0.2909090909090909 11 0
Communication round: 33, Smart Eavesdropper Accuracy: 0.25227272727272726 11 0
Communication round: 34, Smart Eavesdropper Accuracy: 0.275 12 1
Communication round: 35, Smart Eavesdropper Accuracy: 0.28863636363636364 12 0
Communication round: 36, Smart Eavesdropper Accuracy: 0.30227272727272725 13 1
Communication round: 37, Smart Eavesdropper Accuracy: 0.27045454545454545 14 1
Communication round: 38, Smart Eavesdropper Accuracy: 0.27045454545454545 15 1
Communication round: 39, Smart Eavesdropper Accuracy: 0.29318181818181815 15 0
Communication round: 40, Smart Eavesdropper Accuracy: 0.3 16 1
Communication round: 41, Smart Eavesdropper Accuracy: 0.31363636363636366 17 1
Communication round: 42, Smart Eavesdropper Accuracy: 0.29318181818181815 18 1
Communication round: 43, Smart Eavesdropper Accuracy: 0.31136363636363634 19 1
Communication round: 44, Smart Eavesdropper Accuracy: 0.3159090909090909 19 0
Communication round: 45, Aggregated Accuracies: 0.1539285714285715 20
Communication round: 45, Smart Eavesdropper Accuracy: 0.3 20 1
Communication round: 46, Smart Eavesdropper Accuracy: 0.33636363636363636 21 1
Communication round: 47, Smart Eavesdropper Accuracy: 0.31136363636363634 21 0
Communication round: 48, Aggregated Accuracies: 0.1621428571428572 22
Communication round: 48, Smart Eavesdropper Accuracy: 0.29772727272727273 22 1
Communication round: 49, Smart Eavesdropper Accuracy: 0.31136363636363634 22 0
Communication round: 50, Smart Eavesdropper Accuracy: 0.3090909090909091 23 1
Communication round: 51, Smart Eavesdropper Accuracy: 0.30227272727272725 24 1
Communication round: 52, Smart Eavesdropper Accuracy: 0.31136363636363634 24 0
Communication round: 53, Smart Eavesdropper Accuracy: 0.28863636363636364 25 1
Communication round: 54, Smart Eavesdropper Accuracy: 0.29545454545454547 26 1
Communication round: 55, Smart Eavesdropper Accuracy: 0.32045454545454544 27 1
Communication round: 56, Smart Eavesdropper Accuracy: 0.3 28 1
Communication round: 57, Smart Eavesdropper Accuracy: 0.3068181818181818 29 1
Communication round: 58, Smart Eavesdropper Accuracy: 0.32727272727272727 29 0
Communication round: 59, Smart Eavesdropper Accuracy: 0.3159090909090909 29 0
Communication round: 60, Smart Eavesdropper Accuracy: 0.29772727272727273 30 1
Communication round: 61, Smart Eavesdropper Accuracy: 0.29772727272727273 30 0
Communication round: 62, Smart Eavesdropper Accuracy: 0.31363636363636366 31 1
Communication round: 63, Smart Eavesdropper Accuracy: 0.3340909090909091 31 0
Communication round: 64, Smart Eavesdropper Accuracy: 0.2909090909090909 32 1
Communication round: 65, Smart Eavesdropper Accuracy: 0.325 33 1
Communication round: 66, Eavesdropper Accuracy: 0.19772727272727272 34 1
Communication round: 67, Smart Eavesdropper Accuracy: 0.19318181818181818 34 0
Communication round: 68, Smart Eavesdropper Accuracy: 0.18409090909090908 34 0
Communication round: 69, Smart Eavesdropper Accuracy: 0.1340909090909091 34 0
Communication round: 70, Smart Eavesdropper Accuracy: 0.16590909090909092 34 0
Communication round: 71, Smart Eavesdropper Accuracy: 0.17272727272727273 34 0
Communication round: 72, Smart Eavesdropper Accuracy: 0.16590909090909092 35 1
Communication round: 73, Smart Eavesdropper Accuracy: 0.12954545454545455 35 0
Communication round: 74, Smart Eavesdropper Accuracy: 0.19772727272727272 36 1
Communication round: 75, Smart Eavesdropper Accuracy: 0.17954545454545454 37 1
Communication round: 76, Smart Eavesdropper Accuracy: 0.16363636363636364 37 0
Communication round: 77, Smart Eavesdropper Accuracy: 0.19090909090909092 37 0
Communication round: 78, Aggregated Accuracies: 0.16500000000000004 38
Communication round: 78, Smart Eavesdropper Accuracy: 0.2 38 1
Communication round: 79, Smart Eavesdropper Accuracy: 0.17727272727272728 39 1
Communication round: 80, Smart Eavesdropper Accuracy: 0.17954545454545454 39 0
Communication round: 81, Smart Eavesdropper Accuracy: 0.20681818181818182 39 0
Communication round: 82, Smart Eavesdropper Accuracy: 0.18409090909090908 39 0
Communication round: 83, Smart Eavesdropper Accuracy: 0.19318181818181818 40 1
Communication round: 84, Smart Eavesdropper Accuracy: 0.2159090909090909 41 1
Communication round: 85, Smart Eavesdropper Accuracy: 0.20454545454545456 42 1
Communication round: 86, Smart Eavesdropper Accuracy: 0.20909090909090908 42 0
Communication round: 87, Smart Eavesdropper Accuracy: 0.2340909090909091 43 1
Communication round: 88, Smart Eavesdropper Accuracy: 0.20227272727272727 43 0
Communication round: 89, Smart Eavesdropper Accuracy: 0.2 43 0
Communication round: 90, Smart Eavesdropper Accuracy: 0.22272727272727272 43 0
Communication round: 91, Aggregated Accuracies: 0.17035714285714293 44
Communication round: 91, Smart Eavesdropper Accuracy: 0.21818181818181817 44 1
Communication round: 92, Aggregated Accuracies: 0.17773809523809536 45
Communication round: 92, Smart Eavesdropper Accuracy: 0.2318181818181818 45 1
Communication round: 93, Smart Eavesdropper Accuracy: 0.2 45 0
Communication round: 94, Aggregated Accuracies: 0.1800000000000001 46
Communication round: 94, Smart Eavesdropper Accuracy: 0.26136363636363635 46 1
Communication round: 95, Aggregated Accuracies: 0.1830952380952382 47
Communication round: 95, Smart Eavesdropper Accuracy: 0.25 47 1
Communication round: 96, Smart Eavesdropper Accuracy: 0.23636363636363636 47 0
Communication round: 97, Smart Eavesdropper Accuracy: 0.25681818181818183 48 1
Communication round: 98, Smart Eavesdropper Accuracy: 0.26590909090909093 48 0
Communication round: 99, Smart Eavesdropper Accuracy: 0.225 48 0
----------------------------------------------------------------------------------------------------
----------------------------------------------------------------------------------------------------
P0_False_
----------------------------------------------------------------------------------------------------
Communication round: 0, Eavesdropper Accuracy: 0.056818181818181816 1 1
Communication round: 1, Smart Eavesdropper Accuracy: 0.0659090909090909 1 0
Communication round: 2, Eavesdropper Accuracy: 0.04772727272727273 2 1
Communication round: 3, Smart Eavesdropper Accuracy: 0.10454545454545454 2 0
Communication round: 4, Eavesdropper Accuracy: 0.05454545454545454 3 1
Communication round: 5, Smart Eavesdropper Accuracy: 0.08863636363636364 3 0
Communication round: 6, Smart Eavesdropper Accuracy: 0.1409090909090909 3 0
Communication round: 7, Smart Eavesdropper Accuracy: 0.12727272727272726 3 0
Communication round: 8, Smart Eavesdropper Accuracy: 0.18863636363636363 3 0
Communication round: 9, Aggregated Accuracies: 0.06880952380952383 4
Communication round: 9, Smart Eavesdropper Accuracy: 0.20454545454545456 4 1
Communication round: 10, Smart Eavesdropper Accuracy: 0.19318181818181818 5 1
Communication round: 11, Smart Eavesdropper Accuracy: 0.22954545454545455 5 0
Communication round: 12, Smart Eavesdropper Accuracy: 0.25681818181818183 6 1
Communication round: 13, Smart Eavesdropper Accuracy: 0.26590909090909093 6 0
Communication round: 14, Smart Eavesdropper Accuracy: 0.27045454545454545 6 0
Communication round: 15, Smart Eavesdropper Accuracy: 0.2636363636363636 6 0
Communication round: 16, Smart Eavesdropper Accuracy: 0.2636363636363636 7 1
Communication round: 17, Smart Eavesdropper Accuracy: 0.27045454545454545 8 1
Communication round: 18, Smart Eavesdropper Accuracy: 0.2681818181818182 9 1
Communication round: 19, Smart Eavesdropper Accuracy: 0.29545454545454547 10 1
Communication round: 20, Smart Eavesdropper Accuracy: 0.32727272727272727 10 0
Communication round: 21, Smart Eavesdropper Accuracy: 0.29772727272727273 10 0
Communication round: 22, Smart Eavesdropper Accuracy: 0.30454545454545456 11 1
Communication round: 23, Smart Eavesdropper Accuracy: 0.32272727272727275 12 1
Communication round: 24, Smart Eavesdropper Accuracy: 0.30454545454545456 12 0
Communication round: 25, Smart Eavesdropper Accuracy: 0.3181818181818182 13 1
Communication round: 26, Smart Eavesdropper Accuracy: 0.31136363636363634 13 0
Communication round: 27, Smart Eavesdropper Accuracy: 0.32045454545454544 14 1
Communication round: 28, Eavesdropper Accuracy: 0.07954545454545454 15 1
Communication round: 29, Smart Eavesdropper Accuracy: 0.09318181818181819 15 0
Communication round: 30, Smart Eavesdropper Accuracy: 0.18409090909090908 15 0
Communication round: 31, Smart Eavesdropper Accuracy: 0.14772727272727273 15 0
Communication round: 32, Smart Eavesdropper Accuracy: 0.17272727272727273 16 1
Communication round: 33, Smart Eavesdropper Accuracy: 0.19545454545454546 16 0
Communication round: 34, Aggregated Accuracies: 0.07119047619047619 17
Communication round: 34, Smart Eavesdropper Accuracy: 0.20909090909090908 17 1
Communication round: 35, Smart Eavesdropper Accuracy: 0.20681818181818182 18 1
Communication round: 36, Eavesdropper Accuracy: 0.06818181818181818 19 1
Communication round: 37, Smart Eavesdropper Accuracy: 0.10227272727272728 19 0
Communication round: 38, Eavesdropper Accuracy: 0.05909090909090909 20 1
Communication round: 39, Eavesdropper Accuracy: 0.07954545454545454 21 1
Communication round: 40, Eavesdropper Accuracy: 0.05909090909090909 21 0
Communication round: 41, Smart Eavesdropper Accuracy: 0.1 21 0
Communication round: 42, Eavesdropper Accuracy: 0.07272727272727272 22 1
Communication round: 43, Eavesdropper Accuracy: 0.07272727272727272 23 1
Communication round: 44, Eavesdropper Accuracy: 0.04772727272727273 23 0
Communication round: 45, Smart Eavesdropper Accuracy: 0.09545454545454546 23 0
Communication round: 46, Eavesdropper Accuracy: 0.06136363636363636 24 1
Communication round: 47, Smart Eavesdropper Accuracy: 0.10454545454545454 24 0
Communication round: 48, Aggregated Accuracies: 0.09 25
Communication round: 48, Eavesdropper Accuracy: 0.075 25 1
Communication round: 49, Smart Eavesdropper Accuracy: 0.13863636363636364 25 0
Communication round: 50, Smart Eavesdropper Accuracy: 0.12045454545454545 25 0
Communication round: 51, Smart Eavesdropper Accuracy: 0.15 26 1
Communication round: 52, Eavesdropper Accuracy: 0.06818181818181818 27 1
Communication round: 53, Aggregated Accuracies: 0.10083333333333337 28
Communication round: 53, Eavesdropper Accuracy: 0.09545454545454546 28 1
Communication round: 54, Aggregated Accuracies: 0.1361904761904762 29
Communication round: 54, Eavesdropper Accuracy: 0.13636363636363635 29 1
Communication round: 55, Eavesdropper Accuracy: 0.1431818181818182 29 0
Communication round: 56, Eavesdropper Accuracy: 0.15227272727272728 29 0
Communication round: 57, Eavesdropper Accuracy: 0.11363636363636363 30 1
Communication round: 58, Eavesdropper Accuracy: 0.1318181818181818 31 1
Communication round: 59, Eavesdropper Accuracy: 0.11363636363636363 32 1
Communication round: 60, Eavesdropper Accuracy: 0.13636363636363635 32 0
Communication round: 61, Eavesdropper Accuracy: 0.125 33 1
Communication round: 62, Eavesdropper Accuracy: 0.13636363636363635 33 0
Communication round: 63, Eavesdropper Accuracy: 0.09772727272727273 34 1
Communication round: 64, Eavesdropper Accuracy: 0.13636363636363635 35 1
Communication round: 65, Eavesdropper Accuracy: 0.1409090909090909 36 1
Communication round: 66, Eavesdropper Accuracy: 0.1431818181818182 36 0
Communication round: 67, Eavesdropper Accuracy: 0.10909090909090909 37 1
Communication round: 68, Eavesdropper Accuracy: 0.125 37 0
Communication round: 69, Eavesdropper Accuracy: 0.12272727272727273 38 1
Communication round: 70, Eavesdropper Accuracy: 0.12045454545454545 38 0
Communication round: 71, Aggregated Accuracies: 0.16226190476190483 39
Communication round: 71, Eavesdropper Accuracy: 0.21363636363636362 39 1
Communication round: 72, Eavesdropper Accuracy: 0.14545454545454545 39 0
Communication round: 73, Eavesdropper Accuracy: 0.17727272727272728 40 1
Communication round: 74, Eavesdropper Accuracy: 0.18409090909090908 40 0
Communication round: 75, Eavesdropper Accuracy: 0.17954545454545454 41 1
Communication round: 76, Eavesdropper Accuracy: 0.14772727272727273 42 1
Communication round: 77, Eavesdropper Accuracy: 0.17045454545454544 43 1
Communication round: 78, Eavesdropper Accuracy: 0.1590909090909091 44 1
Communication round: 79, Eavesdropper Accuracy: 0.17045454545454544 45 1
Communication round: 80, Eavesdropper Accuracy: 0.18181818181818182 46 1
Communication round: 81, Eavesdropper Accuracy: 0.16136363636363638 47 1
Communication round: 82, Eavesdropper Accuracy: 0.15227272727272728 47 0
Communication round: 83, Eavesdropper Accuracy: 0.16363636363636364 47 0
Communication round: 84, Eavesdropper Accuracy: 0.16136363636363638 47 0
Communication round: 85, Eavesdropper Accuracy: 0.16136363636363638 48 1
Communication round: 86, Eavesdropper Accuracy: 0.16818181818181818 49 1
Communication round: 87, Eavesdropper Accuracy: 0.16818181818181818 50 1
Communication round: 88, Eavesdropper Accuracy: 0.1590909090909091 51 1
Communication round: 89, Eavesdropper Accuracy: 0.1590909090909091 51 0
Communication round: 90, Eavesdropper Accuracy: 0.18181818181818182 51 0
Communication round: 91, Eavesdropper Accuracy: 0.1590909090909091 51 0
Communication round: 92, Eavesdropper Accuracy: 0.17045454545454544 52 1
Communication round: 93, Eavesdropper Accuracy: 0.15227272727272728 52 0
Communication round: 94, Eavesdropper Accuracy: 0.14545454545454545 53 1
Communication round: 95, Eavesdropper Accuracy: 0.15227272727272728 54 1
Communication round: 96, Eavesdropper Accuracy: 0.19318181818181818 54 0
Communication round: 97, Eavesdropper Accuracy: 0.15454545454545454 55 1
Communication round: 98, Eavesdropper Accuracy: 0.175 56 1
Communication round: 99, Eavesdropper Accuracy: 0.15681818181818183 57 1
----------------------------------------------------------------------------------------------------
----------------------------------------------------------------------------------------------------
P0_False_
----------------------------------------------------------------------------------------------------
Communication round: 0, Eavesdropper Accuracy: 0.06136363636363636 1 1
Communication round: 1, Smart Eavesdropper Accuracy: 0.12045454545454545 1 0
Communication round: 2, Eavesdropper Accuracy: 0.05909090909090909 2 1
Communication round: 3, Smart Eavesdropper Accuracy: 0.1159090909090909 2 0
Communication round: 4, Eavesdropper Accuracy: 0.08181818181818182 3 1
Communication round: 5, Eavesdropper Accuracy: 0.075 4 1
Communication round: 6, Eavesdropper Accuracy: 0.09090909090909091 4 0
Communication round: 7, Eavesdropper Accuracy: 0.05909090909090909 5 1
Communication round: 8, Eavesdropper Accuracy: 0.08409090909090909 5 0
Communication round: 9, Eavesdropper Accuracy: 0.0659090909090909 6 1
Communication round: 10, Eavesdropper Accuracy: 0.07954545454545454 6 0
Communication round: 11, Smart Eavesdropper Accuracy: 0.1340909090909091 6 0
Communication round: 12, Eavesdropper Accuracy: 0.07954545454545454 7 1
Communication round: 13, Smart Eavesdropper Accuracy: 0.08863636363636364 7 0
Communication round: 14, Smart Eavesdropper Accuracy: 0.15227272727272728 7 0
Communication round: 15, Smart Eavesdropper Accuracy: 0.18863636363636363 7 0
Communication round: 16, Smart Eavesdropper Accuracy: 0.20227272727272727 7 0
Communication round: 17, Smart Eavesdropper Accuracy: 0.2159090909090909 7 0
Communication round: 18, Smart Eavesdropper Accuracy: 0.23636363636363636 7 0
Communication round: 19, Smart Eavesdropper Accuracy: 0.2159090909090909 8 1
Communication round: 20, Smart Eavesdropper Accuracy: 0.22954545454545455 8 0
Communication round: 21, Smart Eavesdropper Accuracy: 0.25 8 0
Communication round: 22, Smart Eavesdropper Accuracy: 0.26136363636363635 8 0
Communication round: 23, Smart Eavesdropper Accuracy: 0.2909090909090909 8 0
Communication round: 24, Smart Eavesdropper Accuracy: 0.2818181818181818 8 0
Communication round: 25, Smart Eavesdropper Accuracy: 0.29545454545454547 8 0
Communication round: 26, Smart Eavesdropper Accuracy: 0.2545454545454545 9 1
Communication round: 27, Smart Eavesdropper Accuracy: 0.2909090909090909 10 1
Communication round: 28, Smart Eavesdropper Accuracy: 0.2818181818181818 11 1
Communication round: 29, Smart Eavesdropper Accuracy: 0.325 11 0
Communication round: 30, Smart Eavesdropper Accuracy: 0.2772727272727273 12 1
Communication round: 31, Smart Eavesdropper Accuracy: 0.325 13 1
Communication round: 32, Smart Eavesdropper Accuracy: 0.32954545454545453 13 0
Communication round: 33, Smart Eavesdropper Accuracy: 0.30227272727272725 13 0
Communication round: 34, Smart Eavesdropper Accuracy: 0.33181818181818185 13 0
Communication round: 35, Smart Eavesdropper Accuracy: 0.3409090909090909 14 1
Communication round: 36, Smart Eavesdropper Accuracy: 0.34545454545454546 15 1
Communication round: 37, Smart Eavesdropper Accuracy: 0.3409090909090909 15 0
Communication round: 38, Smart Eavesdropper Accuracy: 0.3409090909090909 15 0
Communication round: 39, Smart Eavesdropper Accuracy: 0.3431818181818182 15 0
Communication round: 40, Smart Eavesdropper Accuracy: 0.3431818181818182 15 0
Communication round: 41, Smart Eavesdropper Accuracy: 0.29545454545454547 15 0
Communication round: 42, Smart Eavesdropper Accuracy: 0.33636363636363636 16 1
Communication round: 43, Smart Eavesdropper Accuracy: 0.3431818181818182 17 1
Communication round: 44, Smart Eavesdropper Accuracy: 0.3340909090909091 18 1
Communication round: 45, Smart Eavesdropper Accuracy: 0.3181818181818182 18 0
Communication round: 46, Smart Eavesdropper Accuracy: 0.3522727272727273 18 0
Communication round: 47, Smart Eavesdropper Accuracy: 0.3431818181818182 18 0
Communication round: 48, Smart Eavesdropper Accuracy: 0.37727272727272726 18 0
Communication round: 49, Smart Eavesdropper Accuracy: 0.36363636363636365 18 0
Communication round: 50, Smart Eavesdropper Accuracy: 0.3568181818181818 18 0
Communication round: 51, Smart Eavesdropper Accuracy: 0.32272727272727275 19 1
Communication round: 52, Smart Eavesdropper Accuracy: 0.33636363636363636 19 0
Communication round: 53, Smart Eavesdropper Accuracy: 0.34545454545454546 19 0
Communication round: 54, Smart Eavesdropper Accuracy: 0.3568181818181818 20 1
Communication round: 55, Smart Eavesdropper Accuracy: 0.3659090909090909 20 0
Communication round: 56, Smart Eavesdropper Accuracy: 0.33181818181818185 20 0
Communication round: 57, Smart Eavesdropper Accuracy: 0.35909090909090907 20 0
Communication round: 58, Smart Eavesdropper Accuracy: 0.34545454545454546 20 0
Communication round: 59, Smart Eavesdropper Accuracy: 0.3409090909090909 20 0
Communication round: 60, Smart Eavesdropper Accuracy: 0.37272727272727274 21 1
Communication round: 61, Smart Eavesdropper Accuracy: 0.32954545454545453 21 0
Communication round: 62, Smart Eavesdropper Accuracy: 0.35454545454545455 21 0
Communication round: 63, Smart Eavesdropper Accuracy: 0.3568181818181818 21 0
Communication round: 64, Smart Eavesdropper Accuracy: 0.3704545454545455 22 1
Communication round: 65, Smart Eavesdropper Accuracy: 0.33181818181818185 22 0
Communication round: 66, Smart Eavesdropper Accuracy: 0.3704545454545455 22 0
Communication round: 67, Smart Eavesdropper Accuracy: 0.3613636363636364 22 0
Communication round: 68, Smart Eavesdropper Accuracy: 0.3704545454545455 22 0
Communication round: 69, Smart Eavesdropper Accuracy: 0.3340909090909091 23 1
Communication round: 70, Smart Eavesdropper Accuracy: 0.325 24 1
Communication round: 71, Smart Eavesdropper Accuracy: 0.32954545454545453 24 0
Communication round: 72, Smart Eavesdropper Accuracy: 0.35454545454545455 25 1
Communication round: 73, Smart Eavesdropper Accuracy: 0.36818181818181817 25 0
Communication round: 74, Smart Eavesdropper Accuracy: 0.3386363636363636 26 1
Communication round: 75, Smart Eavesdropper Accuracy: 0.3477272727272727 26 0
Communication round: 76, Smart Eavesdropper Accuracy: 0.4 27 1
Communication round: 77, Smart Eavesdropper Accuracy: 0.375 28 1
Communication round: 78, Smart Eavesdropper Accuracy: 0.3931818181818182 29 1
Communication round: 79, Smart Eavesdropper Accuracy: 0.41363636363636364 30 1
Communication round: 80, Smart Eavesdropper Accuracy: 0.37272727272727274 30 0
Communication round: 81, Smart Eavesdropper Accuracy: 0.37272727272727274 30 0
Communication round: 82, Smart Eavesdropper Accuracy: 0.375 31 1
Communication round: 83, Smart Eavesdropper Accuracy: 0.3795454545454545 31 0
Communication round: 84, Smart Eavesdropper Accuracy: 0.35454545454545455 32 1
Communication round: 85, Smart Eavesdropper Accuracy: 0.3795454545454545 33 1
Communication round: 86, Smart Eavesdropper Accuracy: 0.4 34 1
Communication round: 87, Smart Eavesdropper Accuracy: 0.39545454545454545 34 0
Communication round: 88, Smart Eavesdropper Accuracy: 0.34545454545454546 35 1
Communication round: 89, Smart Eavesdropper Accuracy: 0.35909090909090907 35 0
Communication round: 90, Aggregated Accuracies: 0.08797619047619049 36
Communication round: 90, Smart Eavesdropper Accuracy: 0.38636363636363635 36 1
Communication round: 91, Smart Eavesdropper Accuracy: 0.3886363636363636 37 1
Communication round: 92, Smart Eavesdropper Accuracy: 0.37272727272727274 38 1
Communication round: 93, Smart Eavesdropper Accuracy: 0.40454545454545454 39 1
Communication round: 94, Smart Eavesdropper Accuracy: 0.3431818181818182 39 0
Communication round: 95, Smart Eavesdropper Accuracy: 0.35 39 0
Communication round: 96, Aggregated Accuracies: 0.12238095238095237 40
Communication round: 96, Smart Eavesdropper Accuracy: 0.39090909090909093 40 1
Communication round: 97, Smart Eavesdropper Accuracy: 0.4022727272727273 40 0
Communication round: 98, Smart Eavesdropper Accuracy: 0.3568181818181818 40 0
Communication round: 99, Aggregated Accuracies: 0.1547619047619048 41
Communication round: 99, Smart Eavesdropper Accuracy: 0.3840909090909091 41 1
----------------------------------------------------------------------------------------------------
