----------------------------------------------------------------------------------------------------
P0_False_
----------------------------------------------------------------------------------------------------
Communication round: 0, Smart Eavesdropper Accuracy: 0.0880952380952381 0 0
Communication round: 1, Smart Eavesdropper Accuracy: 0.11190476190476191 0 0
Communication round: 2, Smart Eavesdropper Accuracy: 0.11666666666666667 1 1
Communication round: 3, Smart Eavesdropper Accuracy: 0.12142857142857143 2 1
Communication round: 4, Eavesdropper Accuracy: 0.08571428571428572 3 1
Communication round: 5, Eavesdropper Accuracy: 0.08571428571428572 4 1
Communication round: 6, Eavesdropper Accuracy: 0.08571428571428572 5 1
Communication round: 7, Eavesdropper Accuracy: 0.08571428571428572 6 1
Communication round: 8, Aggregated Accuracies: 0.11761904761904761 7
Communication round: 8, Eavesdropper Accuracy: 0.13333333333333333 7 1
Communication round: 9, Eavesdropper Accuracy: 0.13333333333333333 7 0
Communication round: 10, Eavesdropper Accuracy: 0.13333333333333333 7 0
Communication round: 11, Eavesdropper Accuracy: 0.13333333333333333 7 0
Communication round: 12, Eavesdropper Accuracy: 0.13333333333333333 7 0
Communication round: 13, Smart Eavesdropper Accuracy: 0.09523809523809523 7 0
Communication round: 14, Eavesdropper Accuracy: 0.13333333333333333 8 1
Communication round: 15, Eavesdropper Accuracy: 0.13333333333333333 9 1
Communication round: 16, Eavesdropper Accuracy: 0.13333333333333333 10 1
Communication round: 17, Eavesdropper Accuracy: 0.13333333333333333 10 0
Communication round: 18, Eavesdropper Accuracy: 0.13333333333333333 10 0
Communication round: 19, Smart Eavesdropper Accuracy: 0.14285714285714285 10 0
Communication round: 20, Smart Eavesdropper Accuracy: 0.11666666666666667 10 0
Communication round: 21, Smart Eavesdropper Accuracy: 0.1 10 0
Communication round: 22, Smart Eavesdropper Accuracy: 0.21904761904761905 11 1
Communication round: 23, Smart Eavesdropper Accuracy: 0.23809523809523808 11 0
Communication round: 24, Smart Eavesdropper Accuracy: 0.22142857142857142 11 0
Communication round: 25, Smart Eavesdropper Accuracy: 0.2 11 0
Communication round: 26, Smart Eavesdropper Accuracy: 0.20952380952380953 12 1
Communication round: 27, Aggregated Accuracies: 0.1475 13
Communication round: 27, Smart Eavesdropper Accuracy: 0.24523809523809523 13 1
Communication round: 28, Aggregated Accuracies: 0.16821428571428573 14
Communication round: 28, Smart Eavesdropper Accuracy: 0.21428571428571427 14 1
Communication round: 29, Smart Eavesdropper Accuracy: 0.22380952380952382 14 0
Communication round: 30, Aggregated Accuracies: 0.3388095238095237 15
Communication round: 30, Smart Eavesdropper Accuracy: 0.21666666666666667 15 1
Communication round: 31, Smart Eavesdropper Accuracy: 0.2261904761904762 15 0
Communication round: 32, Smart Eavesdropper Accuracy: 0.2785714285714286 15 0
Communication round: 33, Aggregated Accuracies: 0.4463095238095238 16
Communication round: 33, Smart Eavesdropper Accuracy: 0.3 16 1
Communication round: 34, Aggregated Accuracies: 0.5139285714285715 17
Communication round: 34, Smart Eavesdropper Accuracy: 0.28095238095238095 17 1
Communication round: 35, Smart Eavesdropper Accuracy: 0.30714285714285716 18 1
Communication round: 36, Aggregated Accuracies: 0.5492857142857143 19
Communication round: 36, Eavesdropper Accuracy: 0.8261904761904761 19 1
Communication round: 37, Eavesdropper Accuracy: 0.8261904761904761 20 1
Communication round: 38, Eavesdropper Accuracy: 0.8261904761904761 21 1
Communication round: 39, Eavesdropper Accuracy: 0.8261904761904761 22 1
Communication round: 40, Eavesdropper Accuracy: 0.8261904761904761 22 0
Communication round: 41, Eavesdropper Accuracy: 0.8261904761904761 23 1
Communication round: 42, Eavesdropper Accuracy: 0.8261904761904761 24 1
Communication round: 43, Eavesdropper Accuracy: 0.8261904761904761 25 1
Communication round: 44, Eavesdropper Accuracy: 0.8261904761904761 26 1
Communication round: 45, Eavesdropper Accuracy: 0.8261904761904761 27 1
Communication round: 46, Eavesdropper Accuracy: 0.8261904761904761 28 1
Communication round: 47, Aggregated Accuracies: 0.61 29
Communication round: 47, Eavesdropper Accuracy: 0.7952380952380952 29 1
Communication round: 48, Aggregated Accuracies: 0.5755952380952379 30
Communication round: 48, Eavesdropper Accuracy: 0.8285714285714286 30 1
Communication round: 49, Aggregated Accuracies: 0.6129761904761901 31
Communication round: 49, Eavesdropper Accuracy: 0.7357142857142858 31 1
Communication round: 50, Aggregated Accuracies: 0.6841666666666666 32
Communication round: 50, Eavesdropper Accuracy: 0.8047619047619048 32 1
Communication round: 51, Aggregated Accuracies: 0.7076190476190475 33
Communication round: 51, Eavesdropper Accuracy: 0.8119047619047619 33 1
Communication round: 52, Aggregated Accuracies: 0.7627380952380953 34
Communication round: 52, Eavesdropper Accuracy: 0.8761904761904762 34 1
Communication round: 53, Aggregated Accuracies: 0.7404761904761906 35
Communication round: 53, Eavesdropper Accuracy: 0.8857142857142857 35 1
Communication round: 54, Aggregated Accuracies: 0.7890476190476191 36
Communication round: 54, Eavesdropper Accuracy: 0.9071428571428571 36 1
Communication round: 55, Aggregated Accuracies: 0.783690476190476 37
Communication round: 55, Eavesdropper Accuracy: 0.9119047619047619 37 1
Communication round: 56, Aggregated Accuracies: 0.8028571428571434 38
Communication round: 56, Eavesdropper Accuracy: 0.9285714285714286 38 1
Communication round: 57, Aggregated Accuracies: 0.8135714285714287 39
Communication round: 57, Eavesdropper Accuracy: 0.9166666666666666 39 1
Communication round: 58, Aggregated Accuracies: 0.8123809523809529 40
Communication round: 58, Eavesdropper Accuracy: 0.9285714285714286 40 1
Communication round: 59, Aggregated Accuracies: 0.8260714285714289 41
Communication round: 59, Eavesdropper Accuracy: 0.930952380952381 41 1
Communication round: 60, Aggregated Accuracies: 0.833214285714286 42
Communication round: 60, Eavesdropper Accuracy: 0.930952380952381 42 1
Communication round: 61, Aggregated Accuracies: 0.8408333333333333 43
Communication round: 61, Eavesdropper Accuracy: 0.9333333333333333 43 1
Communication round: 62, Aggregated Accuracies: 0.8415476190476192 44
Communication round: 62, Eavesdropper Accuracy: 0.9404761904761905 44 1
Communication round: 63, Aggregated Accuracies: 0.8485714285714282 45
Communication round: 63, Eavesdropper Accuracy: 0.9404761904761905 45 1
Communication round: 64, Aggregated Accuracies: 0.8535714285714284 46
Communication round: 64, Eavesdropper Accuracy: 0.9452380952380952 46 1
Communication round: 65, Aggregated Accuracies: 0.8584523809523806 47
Communication round: 65, Eavesdropper Accuracy: 0.9357142857142857 47 1
Communication round: 66, Aggregated Accuracies: 0.8527380952380951 48
Communication round: 66, Eavesdropper Accuracy: 0.9428571428571428 48 1
Communication round: 67, Aggregated Accuracies: 0.8554761904761906 49
Communication round: 67, Eavesdropper Accuracy: 0.9428571428571428 49 1
Communication round: 68, Aggregated Accuracies: 0.8689285714285717 50
Communication round: 68, Eavesdropper Accuracy: 0.9476190476190476 50 1
Communication round: 69, Aggregated Accuracies: 0.8727380952380948 51
Communication round: 69, Eavesdropper Accuracy: 0.9452380952380952 51 1
Communication round: 70, Eavesdropper Accuracy: 0.9452380952380952 51 0
Communication round: 71, Eavesdropper Accuracy: 0.9452380952380952 51 0
Communication round: 72, Eavesdropper Accuracy: 0.9452380952380952 51 0
Communication round: 73, Eavesdropper Accuracy: 0.9452380952380952 51 0
Communication round: 74, Eavesdropper Accuracy: 0.9452380952380952 51 0
Communication round: 75, Eavesdropper Accuracy: 0.9452380952380952 51 0
Communication round: 76, Eavesdropper Accuracy: 0.9452380952380952 51 0
Communication round: 77, Eavesdropper Accuracy: 0.9452380952380952 51 0
Communication round: 78, Eavesdropper Accuracy: 0.9452380952380952 51 0
Communication round: 79, Eavesdropper Accuracy: 0.9452380952380952 51 0
Communication round: 80, Eavesdropper Accuracy: 0.9452380952380952 51 0
Communication round: 81, Eavesdropper Accuracy: 0.9452380952380952 51 0
Communication round: 82, Eavesdropper Accuracy: 0.9452380952380952 51 0
Communication round: 83, Eavesdropper Accuracy: 0.9452380952380952 51 0
Communication round: 84, Eavesdropper Accuracy: 0.9452380952380952 51 0
Communication round: 85, Eavesdropper Accuracy: 0.9452380952380952 51 0
Communication round: 86, Eavesdropper Accuracy: 0.9452380952380952 51 0
Communication round: 87, Eavesdropper Accuracy: 0.9452380952380952 51 0
Communication round: 88, Eavesdropper Accuracy: 0.9452380952380952 51 0
Communication round: 89, Eavesdropper Accuracy: 0.9452380952380952 51 0
Communication round: 90, Eavesdropper Accuracy: 0.9452380952380952 51 0
Communication round: 91, Eavesdropper Accuracy: 0.9452380952380952 51 0
Communication round: 92, Eavesdropper Accuracy: 0.9452380952380952 51 0
Communication round: 93, Eavesdropper Accuracy: 0.9452380952380952 51 0
Communication round: 94, Eavesdropper Accuracy: 0.9452380952380952 51 0
Communication round: 95, Eavesdropper Accuracy: 0.9452380952380952 51 0
Communication round: 96, Eavesdropper Accuracy: 0.9452380952380952 51 0
Communication round: 97, Eavesdropper Accuracy: 0.9452380952380952 51 0
Communication round: 98, Eavesdropper Accuracy: 0.9452380952380952 51 0
Communication round: 99, Eavesdropper Accuracy: 0.9452380952380952 51 0
----------------------------------------------------------------------------------------------------
