----------------------------------------------------------------------------------------------------
20_30_100_1_8_0.9_True_
----------------------------------------------------------------------------------------------------
Communication round: 0, Eavesdropper Accuracy: 0.09318181818181819 1 1
Communication round: 1, Eavesdropper Accuracy: 0.10909090909090909 2 1
Communication round: 2, Eavesdropper Accuracy: 0.10681818181818181 3 1
Communication round: 3, Eavesdropper Accuracy: 0.10227272727272728 4 1
Communication round: 4, Aggregated Accuracies: 0.19178571428571428 5
Communication round: 4, Eavesdropper Accuracy: 0.18863636363636363 5 1
Communication round: 5, Eavesdropper Accuracy: 0.21818181818181817 6 1
Communication round: 6, Eavesdropper Accuracy: 0.19772727272727272 7 1
Communication round: 7, Eavesdropper Accuracy: 0.2 8 1
Communication round: 8, Eavesdropper Accuracy: 0.19090909090909092 9 1
Communication round: 9, Eavesdropper Accuracy: 0.20227272727272727 10 1
Communication round: 10, Aggregated Accuracies: 0.29178571428571437 11
Communication round: 10, Eavesdropper Accuracy: 0.3795454545454545 11 1
Communication round: 11, Eavesdropper Accuracy: 0.3 12 1
Communication round: 12, Aggregated Accuracies: 0.39499999999999996 13
Communication round: 12, Eavesdropper Accuracy: 0.45681818181818185 13 1
Communication round: 13, Aggregated Accuracies: 0.5013095238095238 14
Communication round: 13, Eavesdropper Accuracy: 0.5409090909090909 14 1
Communication round: 14, Aggregated Accuracies: 0.5880952380952381 15
Communication round: 14, Eavesdropper Accuracy: 0.6545454545454545 15 1
Communication round: 15, Aggregated Accuracies: 0.6421428571428573 16
Communication round: 15, Eavesdropper Accuracy: 0.7113636363636363 16 1
Communication round: 16, Aggregated Accuracies: 0.7053571428571429 17
Communication round: 16, Eavesdropper Accuracy: 0.775 17 1
Communication round: 17, Aggregated Accuracies: 0.748095238095238 18
Communication round: 17, Eavesdropper Accuracy: 0.8022727272727272 18 1
Communication round: 18, Aggregated Accuracies: 0.7835714285714286 19
Communication round: 18, Eavesdropper Accuracy: 0.8159090909090909 19 1
Communication round: 19, Aggregated Accuracies: 0.8160714285714287 20
Communication round: 19, Eavesdropper Accuracy: 0.8272727272727273 20 1
Communication round: 20, Aggregated Accuracies: 0.8284523809523809 21
Communication round: 20, Eavesdropper Accuracy: 0.8568181818181818 21 1
Communication round: 21, Aggregated Accuracies: 0.8474999999999999 22
Communication round: 21, Eavesdropper Accuracy: 0.8431818181818181 22 1
Communication round: 22, Aggregated Accuracies: 0.8505952380952382 23
Communication round: 22, Eavesdropper Accuracy: 0.8909090909090909 23 1
Communication round: 23, Aggregated Accuracies: 0.8686904761904761 24
Communication round: 23, Eavesdropper Accuracy: 0.8795454545454545 24 1
Communication round: 24, Aggregated Accuracies: 0.8805952380952382 25
Communication round: 24, Eavesdropper Accuracy: 0.8795454545454545 25 1
Communication round: 25, Aggregated Accuracies: 0.8809523809523808 26
Communication round: 25, Eavesdropper Accuracy: 0.9113636363636364 26 1
Communication round: 26, Eavesdropper Accuracy: 0.8818181818181818 27 1
Communication round: 27, Eavesdropper Accuracy: 0.8727272727272727 28 1
Communication round: 28, Aggregated Accuracies: 0.8866666666666667 29
Communication round: 28, Eavesdropper Accuracy: 0.9113636363636364 29 1
Communication round: 29, Aggregated Accuracies: 0.8960714285714285 30
Communication round: 29, Eavesdropper Accuracy: 0.9181818181818182 30 1
Communication round: 30, Aggregated Accuracies: 0.8983333333333334 31
Communication round: 30, Eavesdropper Accuracy: 0.9090909090909091 31 1
Communication round: 31, Aggregated Accuracies: 0.9010714285714286 32
Communication round: 31, Eavesdropper Accuracy: 0.9204545454545454 32 1
Communication round: 32, Aggregated Accuracies: 0.9063095238095238 33
Communication round: 32, Eavesdropper Accuracy: 0.9181818181818182 33 1
Communication round: 33, Aggregated Accuracies: 0.9116666666666667 34
Communication round: 33, Eavesdropper Accuracy: 0.9159090909090909 34 1
Communication round: 34, Eavesdropper Accuracy: 0.9227272727272727 35 1
Communication round: 35, Aggregated Accuracies: 0.9135714285714285 36
Communication round: 35, Eavesdropper Accuracy: 0.9159090909090909 36 1
Communication round: 36, Aggregated Accuracies: 0.9146428571428572 37
Communication round: 36, Eavesdropper Accuracy: 0.9227272727272727 37 1
Communication round: 37, Eavesdropper Accuracy: 0.9272727272727272 38 1
Communication round: 38, Aggregated Accuracies: 0.9188095238095239 39
Communication round: 38, Eavesdropper Accuracy: 0.9340909090909091 39 1
Communication round: 39, Eavesdropper Accuracy: 0.9045454545454545 40 1
Communication round: 40, Eavesdropper Accuracy: 0.9090909090909091 41 1
Communication round: 41, Aggregated Accuracies: 0.9202380952380951 42
Communication round: 41, Eavesdropper Accuracy: 0.9204545454545454 42 1
Communication round: 42, Eavesdropper Accuracy: 0.9068181818181819 43 1
Communication round: 43, Eavesdropper Accuracy: 0.9090909090909091 44 1
Communication round: 44, Eavesdropper Accuracy: 0.9272727272727272 45 1
Communication round: 45, Aggregated Accuracies: 0.9201190476190476 46
Communication round: 45, Eavesdropper Accuracy: 0.9295454545454546 46 1
Communication round: 46, Aggregated Accuracies: 0.9235714285714284 47
Communication round: 46, Eavesdropper Accuracy: 0.9295454545454546 47 1
Communication round: 47, Aggregated Accuracies: 0.9235714285714286 48
Communication round: 47, Eavesdropper Accuracy: 0.9272727272727272 48 1
Communication round: 48, Aggregated Accuracies: 0.9245238095238093 49
Communication round: 48, Eavesdropper Accuracy: 0.9295454545454546 49 1
Communication round: 49, Eavesdropper Accuracy: 0.925 49 0
Communication round: 50, Eavesdropper Accuracy: 0.9204545454545454 49 0
Communication round: 51, Eavesdropper Accuracy: 0.9454545454545454 49 0
Communication round: 52, Eavesdropper Accuracy: 0.9363636363636364 49 0
Communication round: 53, Eavesdropper Accuracy: 0.9363636363636364 49 0
Communication round: 54, Eavesdropper Accuracy: 0.9272727272727272 49 0
Communication round: 55, Eavesdropper Accuracy: 0.9431818181818182 49 0
Communication round: 56, Eavesdropper Accuracy: 0.9431818181818182 49 0
Communication round: 57, Eavesdropper Accuracy: 0.9454545454545454 49 0
Communication round: 58, Eavesdropper Accuracy: 0.9204545454545454 49 0
Communication round: 59, Eavesdropper Accuracy: 0.9295454545454546 49 0
Communication round: 60, Eavesdropper Accuracy: 0.9181818181818182 49 0
Communication round: 61, Eavesdropper Accuracy: 0.9318181818181818 49 0
Communication round: 62, Eavesdropper Accuracy: 0.9136363636363637 49 0
Communication round: 63, Eavesdropper Accuracy: 0.9340909090909091 49 0
Communication round: 64, Eavesdropper Accuracy: 0.9409090909090909 49 0
Communication round: 65, Eavesdropper Accuracy: 0.9318181818181818 49 0
Communication round: 66, Eavesdropper Accuracy: 0.9386363636363636 49 0
Communication round: 67, Eavesdropper Accuracy: 0.9181818181818182 49 0
Communication round: 68, Eavesdropper Accuracy: 0.9181818181818182 49 0
Communication round: 69, Eavesdropper Accuracy: 0.9363636363636364 49 0
Communication round: 70, Eavesdropper Accuracy: 0.9113636363636364 49 0
Communication round: 71, Eavesdropper Accuracy: 0.9340909090909091 49 0
Communication round: 72, Eavesdropper Accuracy: 0.9272727272727272 49 0
Communication round: 73, Eavesdropper Accuracy: 0.9318181818181818 49 0
Communication round: 74, Eavesdropper Accuracy: 0.9431818181818182 49 0
Communication round: 75, Eavesdropper Accuracy: 0.9295454545454546 49 0
Communication round: 76, Eavesdropper Accuracy: 0.925 49 0
Communication round: 77, Eavesdropper Accuracy: 0.9477272727272728 49 0
Communication round: 78, Eavesdropper Accuracy: 0.9113636363636364 49 0
Communication round: 79, Eavesdropper Accuracy: 0.9522727272727273 49 0
Communication round: 80, Eavesdropper Accuracy: 0.95 49 0
Communication round: 81, Eavesdropper Accuracy: 0.9454545454545454 49 0
Communication round: 82, Eavesdropper Accuracy: 0.9227272727272727 49 0
Communication round: 83, Eavesdropper Accuracy: 0.9295454545454546 49 0
Communication round: 84, Eavesdropper Accuracy: 0.9295454545454546 49 0
Communication round: 85, Eavesdropper Accuracy: 0.9409090909090909 49 0
Communication round: 86, Eavesdropper Accuracy: 0.9340909090909091 49 0
Communication round: 87, Eavesdropper Accuracy: 0.9227272727272727 49 0
Communication round: 88, Eavesdropper Accuracy: 0.9227272727272727 49 0
Communication round: 89, Eavesdropper Accuracy: 0.9409090909090909 49 0
Communication round: 90, Eavesdropper Accuracy: 0.9477272727272728 49 0
Communication round: 91, Eavesdropper Accuracy: 0.9227272727272727 49 0
Communication round: 92, Eavesdropper Accuracy: 0.9318181818181818 49 0
Communication round: 93, Eavesdropper Accuracy: 0.9431818181818182 49 0
Communication round: 94, Eavesdropper Accuracy: 0.9204545454545454 49 0
Communication round: 95, Eavesdropper Accuracy: 0.9227272727272727 49 0
Communication round: 96, Eavesdropper Accuracy: 0.9363636363636364 49 0
Communication round: 97, Smart Eavesdropper Accuracy: 0.9340909090909091 49 0
Communication round: 98, Smart Eavesdropper Accuracy: 0.9545454545454546 49 0
Communication round: 99, Smart Eavesdropper Accuracy: 0.9477272727272728 49 0
----------------------------------------------------------------------------------------------------
----------------------------------------------------------------------------------------------------
20_30_100_1_8_0.9_True_
----------------------------------------------------------------------------------------------------
Communication round: 0, Eavesdropper Accuracy: 0.12954545454545455 1 1
Communication round: 1, Eavesdropper Accuracy: 0.14772727272727273 2 1
Communication round: 2, Eavesdropper Accuracy: 0.13636363636363635 3 1
Communication round: 3, Eavesdropper Accuracy: 0.1318181818181818 4 1
Communication round: 4, Eavesdropper Accuracy: 0.12954545454545455 5 1
Communication round: 5, Eavesdropper Accuracy: 0.14772727272727273 6 1
Communication round: 6, Eavesdropper Accuracy: 0.1318181818181818 7 1
Communication round: 7, Aggregated Accuracies: 0.19154761904761902 8
Communication round: 7, Eavesdropper Accuracy: 0.17954545454545454 8 1
Communication round: 8, Eavesdropper Accuracy: 0.2 9 1
Communication round: 9, Eavesdropper Accuracy: 0.17954545454545454 10 1
Communication round: 10, Eavesdropper Accuracy: 0.19090909090909092 11 1
Communication round: 11, Aggregated Accuracies: 0.323452380952381 12
Communication round: 11, Eavesdropper Accuracy: 0.3613636363636364 12 1
Communication round: 12, Aggregated Accuracies: 0.45166666666666677 13
Communication round: 12, Eavesdropper Accuracy: 0.475 13 1
Communication round: 13, Aggregated Accuracies: 0.5192857142857144 14
Communication round: 13, Eavesdropper Accuracy: 0.5204545454545455 14 1
Communication round: 14, Aggregated Accuracies: 0.6019047619047619 15
Communication round: 14, Eavesdropper Accuracy: 0.6227272727272727 15 1
Communication round: 15, Aggregated Accuracies: 0.6661904761904763 16
Communication round: 15, Eavesdropper Accuracy: 0.6886363636363636 16 1
Communication round: 16, Aggregated Accuracies: 0.7103571428571429 17
Communication round: 16, Eavesdropper Accuracy: 0.740909090909091 17 1
Communication round: 17, Aggregated Accuracies: 0.7476190476190476 18
Communication round: 17, Eavesdropper Accuracy: 0.7477272727272727 18 1
Communication round: 18, Aggregated Accuracies: 0.7798809523809525 19
Communication round: 18, Eavesdropper Accuracy: 0.8022727272727272 19 1
Communication round: 19, Aggregated Accuracies: 0.8025 20
Communication round: 19, Eavesdropper Accuracy: 0.8181818181818182 20 1
Communication round: 20, Aggregated Accuracies: 0.825 21
Communication round: 20, Eavesdropper Accuracy: 0.8295454545454546 21 1
Communication round: 21, Aggregated Accuracies: 0.8358333333333334 22
Communication round: 21, Eavesdropper Accuracy: 0.8227272727272728 22 1
Communication round: 22, Aggregated Accuracies: 0.856309523809524 23
Communication round: 22, Eavesdropper Accuracy: 0.8772727272727273 23 1
Communication round: 23, Aggregated Accuracies: 0.8603571428571429 24
Communication round: 23, Eavesdropper Accuracy: 0.884090909090909 24 1
Communication round: 24, Aggregated Accuracies: 0.8713095238095239 25
Communication round: 24, Eavesdropper Accuracy: 0.8772727272727273 25 1
Communication round: 25, Aggregated Accuracies: 0.8736904761904762 26
Communication round: 25, Eavesdropper Accuracy: 0.8772727272727273 26 1
Communication round: 26, Aggregated Accuracies: 0.8853571428571427 27
Communication round: 26, Eavesdropper Accuracy: 0.884090909090909 27 1
Communication round: 27, Aggregated Accuracies: 0.8914285714285715 28
Communication round: 27, Eavesdropper Accuracy: 0.9136363636363637 28 1
Communication round: 28, Aggregated Accuracies: 0.8950000000000001 29
Communication round: 28, Eavesdropper Accuracy: 0.9022727272727272 29 1
Communication round: 29, Aggregated Accuracies: 0.8997619047619049 30
Communication round: 29, Eavesdropper Accuracy: 0.9181818181818182 30 1
Communication round: 30, Aggregated Accuracies: 0.904047619047619 31
Communication round: 30, Eavesdropper Accuracy: 0.9204545454545454 31 1
Communication round: 31, Aggregated Accuracies: 0.9098809523809523 32
Communication round: 31, Eavesdropper Accuracy: 0.9045454545454545 32 1
Communication round: 32, Aggregated Accuracies: 0.9089285714285712 33
Communication round: 32, Eavesdropper Accuracy: 0.9295454545454546 33 1
Communication round: 33, Aggregated Accuracies: 0.915595238095238 34
Communication round: 33, Eavesdropper Accuracy: 0.9340909090909091 34 1
Communication round: 34, Aggregated Accuracies: 0.9144047619047619 35
Communication round: 34, Eavesdropper Accuracy: 0.9227272727272727 35 1
Communication round: 35, Aggregated Accuracies: 0.9202380952380951 36
Communication round: 35, Eavesdropper Accuracy: 0.9295454545454546 36 1
Communication round: 36, Aggregated Accuracies: 0.9220238095238095 37
Communication round: 36, Eavesdropper Accuracy: 0.9272727272727272 37 1
Communication round: 37, Aggregated Accuracies: 0.9263095238095238 38
Communication round: 37, Eavesdropper Accuracy: 0.925 38 1
Communication round: 38, Aggregated Accuracies: 0.9266666666666665 39
Communication round: 38, Eavesdropper Accuracy: 0.9386363636363636 39 1
Communication round: 39, Eavesdropper Accuracy: 0.9340909090909091 40 1
Communication round: 40, Aggregated Accuracies: 0.9320238095238095 41
Communication round: 40, Eavesdropper Accuracy: 0.9295454545454546 41 1
Communication round: 41, Eavesdropper Accuracy: 0.925 41 0
Communication round: 42, Eavesdropper Accuracy: 0.9477272727272728 41 0
Communication round: 43, Eavesdropper Accuracy: 0.9295454545454546 41 0
Communication round: 44, Eavesdropper Accuracy: 0.9340909090909091 41 0
Communication round: 45, Eavesdropper Accuracy: 0.9409090909090909 41 0
Communication round: 46, Eavesdropper Accuracy: 0.9386363636363636 41 0
Communication round: 47, Eavesdropper Accuracy: 0.9363636363636364 41 0
Communication round: 48, Eavesdropper Accuracy: 0.9340909090909091 41 0
Communication round: 49, Eavesdropper Accuracy: 0.9363636363636364 41 0
Communication round: 50, Eavesdropper Accuracy: 0.9227272727272727 41 0
Communication round: 51, Eavesdropper Accuracy: 0.9363636363636364 41 0
Communication round: 52, Eavesdropper Accuracy: 0.9477272727272728 41 0
Communication round: 53, Eavesdropper Accuracy: 0.9386363636363636 41 0
Communication round: 54, Eavesdropper Accuracy: 0.9295454545454546 41 0
Communication round: 55, Eavesdropper Accuracy: 0.9181818181818182 41 0
Communication round: 56, Eavesdropper Accuracy: 0.9340909090909091 41 0
Communication round: 57, Eavesdropper Accuracy: 0.9363636363636364 41 0
Communication round: 58, Eavesdropper Accuracy: 0.9454545454545454 41 0
Communication round: 59, Eavesdropper Accuracy: 0.9409090909090909 41 0
Communication round: 60, Eavesdropper Accuracy: 0.9431818181818182 41 0
Communication round: 61, Eavesdropper Accuracy: 0.9227272727272727 41 0
Communication round: 62, Eavesdropper Accuracy: 0.9318181818181818 41 0
Communication round: 63, Eavesdropper Accuracy: 0.9340909090909091 41 0
Communication round: 64, Eavesdropper Accuracy: 0.9159090909090909 41 0
Communication round: 65, Eavesdropper Accuracy: 0.9409090909090909 41 0
Communication round: 66, Eavesdropper Accuracy: 0.9318181818181818 41 0
Communication round: 67, Eavesdropper Accuracy: 0.9272727272727272 41 0
Communication round: 68, Eavesdropper Accuracy: 0.9454545454545454 41 0
Communication round: 69, Eavesdropper Accuracy: 0.9318181818181818 41 0
Communication round: 70, Eavesdropper Accuracy: 0.9477272727272728 41 0
Communication round: 71, Eavesdropper Accuracy: 0.9340909090909091 41 0
Communication round: 72, Eavesdropper Accuracy: 0.9181818181818182 41 0
Communication round: 73, Eavesdropper Accuracy: 0.925 41 0
Communication round: 74, Eavesdropper Accuracy: 0.9386363636363636 41 0
Communication round: 75, Eavesdropper Accuracy: 0.9204545454545454 41 0
Communication round: 76, Eavesdropper Accuracy: 0.925 41 0
Communication round: 77, Eavesdropper Accuracy: 0.9227272727272727 41 0
Communication round: 78, Eavesdropper Accuracy: 0.9386363636363636 41 0
Communication round: 79, Eavesdropper Accuracy: 0.9272727272727272 41 0
Communication round: 80, Eavesdropper Accuracy: 0.9136363636363637 41 0
Communication round: 81, Smart Eavesdropper Accuracy: 0.9340909090909091 41 0
Communication round: 82, Smart Eavesdropper Accuracy: 0.9545454545454546 41 0
Communication round: 83, Smart Eavesdropper Accuracy: 0.9409090909090909 41 0
Communication round: 84, Smart Eavesdropper Accuracy: 0.9545454545454546 41 0
Communication round: 85, Smart Eavesdropper Accuracy: 0.9477272727272728 41 0
Communication round: 86, Smart Eavesdropper Accuracy: 0.9522727272727273 41 0
Communication round: 87, Smart Eavesdropper Accuracy: 0.9522727272727273 41 0
Communication round: 88, Smart Eavesdropper Accuracy: 0.9477272727272728 41 0
Communication round: 89, Smart Eavesdropper Accuracy: 0.9636363636363636 41 0
Communication round: 90, Smart Eavesdropper Accuracy: 0.9522727272727273 41 0
Communication round: 91, Smart Eavesdropper Accuracy: 0.9318181818181818 41 0
Communication round: 92, Smart Eavesdropper Accuracy: 0.9477272727272728 41 0
Communication round: 93, Smart Eavesdropper Accuracy: 0.9522727272727273 41 0
Communication round: 94, Smart Eavesdropper Accuracy: 0.9568181818181818 41 0
Communication round: 95, Smart Eavesdropper Accuracy: 0.9568181818181818 41 0
Communication round: 96, Smart Eavesdropper Accuracy: 0.9613636363636363 41 0
Communication round: 97, Smart Eavesdropper Accuracy: 0.9522727272727273 41 0
Communication round: 98, Smart Eavesdropper Accuracy: 0.9727272727272728 41 0
Communication round: 99, Smart Eavesdropper Accuracy: 0.9636363636363636 41 0
----------------------------------------------------------------------------------------------------
----------------------------------------------------------------------------------------------------
20_30_100_1_8_0.9_True_
----------------------------------------------------------------------------------------------------
Communication round: 0, Aggregated Accuracies: 0.13202380952380952 1
Communication round: 0, Eavesdropper Accuracy: 0.045454545454545456 1 1
Communication round: 1, Aggregated Accuracies: 0.2007142857142857 2
Communication round: 1, Eavesdropper Accuracy: 0.16363636363636364 2 1
Communication round: 2, Eavesdropper Accuracy: 0.19545454545454546 3 1
Communication round: 3, Eavesdropper Accuracy: 0.19545454545454546 4 1
Communication round: 4, Eavesdropper Accuracy: 0.20454545454545456 5 1
Communication round: 5, Aggregated Accuracies: 0.31059523809523804 6
Communication round: 5, Eavesdropper Accuracy: 0.375 6 1
Communication round: 6, Aggregated Accuracies: 0.4172619047619047 7
Communication round: 6, Eavesdropper Accuracy: 0.47045454545454546 7 1
Communication round: 7, Aggregated Accuracies: 0.5078571428571429 8
Communication round: 7, Eavesdropper Accuracy: 0.5295454545454545 8 1
Communication round: 8, Eavesdropper Accuracy: 0.5522727272727272 9 1
Communication round: 9, Aggregated Accuracies: 0.5644047619047621 10
Communication round: 9, Eavesdropper Accuracy: 0.6136363636363636 10 1
Communication round: 10, Aggregated Accuracies: 0.6388095238095239 11
Communication round: 10, Eavesdropper Accuracy: 0.6704545454545454 11 1
Communication round: 11, Aggregated Accuracies: 0.7104761904761905 12
Communication round: 11, Eavesdropper Accuracy: 0.7477272727272727 12 1
Communication round: 12, Aggregated Accuracies: 0.7570238095238097 13
Communication round: 12, Eavesdropper Accuracy: 0.825 13 1
Communication round: 13, Aggregated Accuracies: 0.7907142857142858 14
Communication round: 13, Eavesdropper Accuracy: 0.8568181818181818 14 1
Communication round: 14, Aggregated Accuracies: 0.8252380952380955 15
Communication round: 14, Eavesdropper Accuracy: 0.8613636363636363 15 1
Communication round: 15, Aggregated Accuracies: 0.8342857142857145 16
Communication round: 15, Eavesdropper Accuracy: 0.8568181818181818 16 1
Communication round: 16, Aggregated Accuracies: 0.8480952380952382 17
Communication round: 16, Eavesdropper Accuracy: 0.865909090909091 17 1
Communication round: 17, Aggregated Accuracies: 0.8597619047619046 18
Communication round: 17, Eavesdropper Accuracy: 0.9090909090909091 18 1
Communication round: 18, Aggregated Accuracies: 0.8720238095238095 19
Communication round: 18, Eavesdropper Accuracy: 0.8886363636363637 19 1
Communication round: 19, Aggregated Accuracies: 0.876190476190476 20
Communication round: 19, Eavesdropper Accuracy: 0.9068181818181819 20 1
Communication round: 20, Aggregated Accuracies: 0.8855952380952381 21
Communication round: 20, Eavesdropper Accuracy: 0.9068181818181819 21 1
Communication round: 21, Aggregated Accuracies: 0.8882142857142856 22
Communication round: 21, Eavesdropper Accuracy: 0.9113636363636364 22 1
Communication round: 22, Aggregated Accuracies: 0.9009523809523807 23
Communication round: 22, Eavesdropper Accuracy: 0.9090909090909091 23 1
Communication round: 23, Aggregated Accuracies: 0.8979761904761905 24
Communication round: 23, Eavesdropper Accuracy: 0.925 24 1
Communication round: 24, Aggregated Accuracies: 0.9052380952380951 25
Communication round: 24, Eavesdropper Accuracy: 0.9090909090909091 25 1
Communication round: 25, Aggregated Accuracies: 0.9114285714285714 26
Communication round: 25, Eavesdropper Accuracy: 0.9363636363636364 26 1
Communication round: 26, Aggregated Accuracies: 0.9129761904761903 27
Communication round: 26, Eavesdropper Accuracy: 0.9386363636363636 27 1
Communication round: 27, Aggregated Accuracies: 0.9170238095238098 28
Communication round: 27, Eavesdropper Accuracy: 0.9090909090909091 28 1
Communication round: 28, Aggregated Accuracies: 0.9165476190476189 29
Communication round: 28, Eavesdropper Accuracy: 0.9636363636363636 29 1
Communication round: 29, Aggregated Accuracies: 0.9179761904761904 30
Communication round: 29, Eavesdropper Accuracy: 0.9590909090909091 30 1
Communication round: 30, Aggregated Accuracies: 0.9229761904761904 31
Communication round: 30, Eavesdropper Accuracy: 0.9477272727272728 31 1
Communication round: 31, Aggregated Accuracies: 0.9241666666666664 32
Communication round: 31, Eavesdropper Accuracy: 0.9431818181818182 32 1
Communication round: 32, Eavesdropper Accuracy: 0.9431818181818182 33 1
Communication round: 33, Eavesdropper Accuracy: 0.9409090909090909 34 1
Communication round: 34, Aggregated Accuracies: 0.9296428571428571 35
Communication round: 34, Eavesdropper Accuracy: 0.9613636363636363 35 1
Communication round: 35, Aggregated Accuracies: 0.9253571428571427 36
Communication round: 35, Eavesdropper Accuracy: 0.9454545454545454 36 1
Communication round: 36, Eavesdropper Accuracy: 0.9295454545454546 36 0
Communication round: 37, Eavesdropper Accuracy: 0.9522727272727273 36 0
Communication round: 38, Eavesdropper Accuracy: 0.9636363636363636 36 0
Communication round: 39, Eavesdropper Accuracy: 0.9545454545454546 36 0
Communication round: 40, Eavesdropper Accuracy: 0.9431818181818182 36 0
Communication round: 41, Eavesdropper Accuracy: 0.9386363636363636 36 0
Communication round: 42, Eavesdropper Accuracy: 0.9613636363636363 36 0
Communication round: 43, Eavesdropper Accuracy: 0.95 36 0
Communication round: 44, Eavesdropper Accuracy: 0.9522727272727273 36 0
Communication round: 45, Eavesdropper Accuracy: 0.9613636363636363 36 0
Communication round: 46, Eavesdropper Accuracy: 0.9477272727272728 36 0
Communication round: 47, Eavesdropper Accuracy: 0.95 36 0
Communication round: 48, Eavesdropper Accuracy: 0.9454545454545454 36 0
Communication round: 49, Eavesdropper Accuracy: 0.9522727272727273 36 0
Communication round: 50, Eavesdropper Accuracy: 0.9477272727272728 36 0
Communication round: 51, Eavesdropper Accuracy: 0.9477272727272728 36 0
Communication round: 52, Eavesdropper Accuracy: 0.9477272727272728 36 0
Communication round: 53, Eavesdropper Accuracy: 0.9386363636363636 36 0
Communication round: 54, Eavesdropper Accuracy: 0.9340909090909091 36 0
Communication round: 55, Eavesdropper Accuracy: 0.95 36 0
Communication round: 56, Eavesdropper Accuracy: 0.9431818181818182 36 0
Communication round: 57, Eavesdropper Accuracy: 0.9386363636363636 36 0
Communication round: 58, Eavesdropper Accuracy: 0.9409090909090909 36 0
Communication round: 59, Eavesdropper Accuracy: 0.9340909090909091 36 0
Communication round: 60, Eavesdropper Accuracy: 0.9636363636363636 36 0
Communication round: 61, Eavesdropper Accuracy: 0.9340909090909091 36 0
Communication round: 62, Eavesdropper Accuracy: 0.9363636363636364 36 0
Communication round: 63, Eavesdropper Accuracy: 0.9477272727272728 36 0
Communication round: 64, Eavesdropper Accuracy: 0.9318181818181818 36 0
Communication round: 65, Eavesdropper Accuracy: 0.9590909090909091 36 0
Communication round: 66, Eavesdropper Accuracy: 0.9272727272727272 36 0
Communication round: 67, Eavesdropper Accuracy: 0.9454545454545454 36 0
Communication round: 68, Eavesdropper Accuracy: 0.95 36 0
Communication round: 69, Eavesdropper Accuracy: 0.9522727272727273 36 0
Communication round: 70, Eavesdropper Accuracy: 0.9431818181818182 36 0
Communication round: 71, Smart Eavesdropper Accuracy: 0.9477272727272728 36 0
Communication round: 72, Smart Eavesdropper Accuracy: 0.9204545454545454 36 0
Communication round: 73, Smart Eavesdropper Accuracy: 0.95 36 0
Communication round: 74, Smart Eavesdropper Accuracy: 0.9545454545454546 36 0
Communication round: 75, Smart Eavesdropper Accuracy: 0.9590909090909091 36 0
Communication round: 76, Smart Eavesdropper Accuracy: 0.9613636363636363 36 0
Communication round: 77, Smart Eavesdropper Accuracy: 0.9659090909090909 36 0
Communication round: 78, Smart Eavesdropper Accuracy: 0.9636363636363636 36 0
Communication round: 79, Smart Eavesdropper Accuracy: 0.9613636363636363 36 0
Communication round: 80, Smart Eavesdropper Accuracy: 0.9704545454545455 36 0
Communication round: 81, Smart Eavesdropper Accuracy: 0.9636363636363636 36 0
Communication round: 82, Smart Eavesdropper Accuracy: 0.9613636363636363 36 0
Communication round: 83, Smart Eavesdropper Accuracy: 0.9704545454545455 36 0
Communication round: 84, Smart Eavesdropper Accuracy: 0.9840909090909091 36 0
Communication round: 85, Smart Eavesdropper Accuracy: 0.9659090909090909 36 0
Communication round: 86, Smart Eavesdropper Accuracy: 0.9772727272727273 36 0
Communication round: 87, Smart Eavesdropper Accuracy: 0.9681818181818181 36 0
Communication round: 88, Smart Eavesdropper Accuracy: 0.9795454545454545 36 0
Communication round: 89, Smart Eavesdropper Accuracy: 0.9818181818181818 36 0
Communication round: 90, Smart Eavesdropper Accuracy: 0.9704545454545455 36 0
Communication round: 91, Smart Eavesdropper Accuracy: 0.9636363636363636 36 0
Communication round: 92, Smart Eavesdropper Accuracy: 0.9840909090909091 36 0
Communication round: 93, Smart Eavesdropper Accuracy: 0.9840909090909091 36 0
Communication round: 94, Smart Eavesdropper Accuracy: 0.9727272727272728 36 0
Communication round: 95, Smart Eavesdropper Accuracy: 0.9840909090909091 36 0
Communication round: 96, Smart Eavesdropper Accuracy: 0.9795454545454545 36 0
Communication round: 97, Smart Eavesdropper Accuracy: 0.975 36 0
Communication round: 98, Smart Eavesdropper Accuracy: 0.9840909090909091 36 0
Communication round: 99, Smart Eavesdropper Accuracy: 0.9636363636363636 36 0
----------------------------------------------------------------------------------------------------
----------------------------------------------------------------------------------------------------
20_30_100_1_8_0.9_True_
----------------------------------------------------------------------------------------------------
Communication round: 0, Eavesdropper Accuracy: 0.07727272727272727 1 1
Communication round: 1, Eavesdropper Accuracy: 0.125 2 1
Communication round: 2, Aggregated Accuracies: 0.12880952380952382 3
Communication round: 2, Eavesdropper Accuracy: 0.12272727272727273 3 1
Communication round: 3, Eavesdropper Accuracy: 0.11363636363636363 4 1
Communication round: 4, Eavesdropper Accuracy: 0.12045454545454545 5 1
Communication round: 5, Aggregated Accuracies: 0.20249999999999996 6
Communication round: 5, Eavesdropper Accuracy: 0.20909090909090908 6 1
Communication round: 6, Eavesdropper Accuracy: 0.18636363636363637 7 1
Communication round: 7, Aggregated Accuracies: 0.2861904761904762 8
Communication round: 7, Eavesdropper Accuracy: 0.32272727272727275 8 1
Communication round: 8, Eavesdropper Accuracy: 0.3181818181818182 9 1
Communication round: 9, Eavesdropper Accuracy: 0.2840909090909091 10 1
Communication round: 10, Aggregated Accuracies: 0.3886904761904762 11
Communication round: 10, Eavesdropper Accuracy: 0.4636363636363636 11 1
Communication round: 11, Eavesdropper Accuracy: 0.44545454545454544 12 1
Communication round: 12, Eavesdropper Accuracy: 0.4 13 1
Communication round: 13, Aggregated Accuracies: 0.47059523809523807 14
Communication round: 13, Eavesdropper Accuracy: 0.5272727272727272 14 1
Communication round: 14, Eavesdropper Accuracy: 0.5318181818181819 15 1
Communication round: 15, Aggregated Accuracies: 0.5526190476190476 16
Communication round: 15, Eavesdropper Accuracy: 0.5954545454545455 16 1
Communication round: 16, Eavesdropper Accuracy: 0.6022727272727273 17 1
Communication round: 17, Eavesdropper Accuracy: 0.5818181818181818 18 1
Communication round: 18, Eavesdropper Accuracy: 0.5659090909090909 19 1
Communication round: 19, Eavesdropper Accuracy: 0.5818181818181818 20 1
Communication round: 20, Eavesdropper Accuracy: 0.5477272727272727 21 1
Communication round: 21, Eavesdropper Accuracy: 0.5681818181818182 22 1
Communication round: 22, Aggregated Accuracies: 0.6015476190476192 23
Communication round: 22, Eavesdropper Accuracy: 0.615909090909091 23 1
Communication round: 23, Eavesdropper Accuracy: 0.615909090909091 24 1
Communication round: 24, Eavesdropper Accuracy: 0.5954545454545455 25 1
Communication round: 25, Aggregated Accuracies: 0.6402380952380953 26
Communication round: 25, Eavesdropper Accuracy: 0.6409090909090909 26 1
Communication round: 26, Aggregated Accuracies: 0.6680952380952381 27
Communication round: 26, Eavesdropper Accuracy: 0.7113636363636363 27 1
Communication round: 27, Eavesdropper Accuracy: 0.7295454545454545 28 1
Communication round: 28, Eavesdropper Accuracy: 0.6727272727272727 29 1
Communication round: 29, Eavesdropper Accuracy: 0.675 30 1
Communication round: 30, Eavesdropper Accuracy: 0.6818181818181818 31 1
Communication round: 31, Aggregated Accuracies: 0.7085714285714286 32
Communication round: 31, Eavesdropper Accuracy: 0.7113636363636363 32 1
Communication round: 32, Eavesdropper Accuracy: 0.7068181818181818 33 1
Communication round: 33, Aggregated Accuracies: 0.7371428571428572 34
Communication round: 33, Eavesdropper Accuracy: 0.7636363636363637 34 1
Communication round: 34, Eavesdropper Accuracy: 0.7181818181818181 35 1
Communication round: 35, Eavesdropper Accuracy: 0.7681818181818182 36 1
Communication round: 36, Eavesdropper Accuracy: 0.7863636363636364 37 1
Communication round: 37, Eavesdropper Accuracy: 0.7431818181818182 38 1
Communication round: 38, Aggregated Accuracies: 0.7629761904761905 39
Communication round: 38, Eavesdropper Accuracy: 0.7863636363636364 39 1
Communication round: 39, Aggregated Accuracies: 0.7789285714285714 40
Communication round: 39, Eavesdropper Accuracy: 0.7931818181818182 40 1
Communication round: 40, Eavesdropper Accuracy: 0.7909090909090909 41 1
Communication round: 41, Aggregated Accuracies: 0.7964285714285715 42
Communication round: 41, Eavesdropper Accuracy: 0.8136363636363636 42 1
Communication round: 42, Eavesdropper Accuracy: 0.8295454545454546 43 1
Communication round: 43, Eavesdropper Accuracy: 0.7772727272727272 44 1
Communication round: 44, Eavesdropper Accuracy: 0.8181818181818182 45 1
Communication round: 45, Aggregated Accuracies: 0.811904761904762 46
Communication round: 45, Eavesdropper Accuracy: 0.7909090909090909 46 1
Communication round: 46, Eavesdropper Accuracy: 0.8522727272727273 47 1
Communication round: 47, Aggregated Accuracies: 0.8186904761904762 48
Communication round: 47, Eavesdropper Accuracy: 0.85 48 1
Communication round: 48, Aggregated Accuracies: 0.8292857142857143 49
Communication round: 48, Eavesdropper Accuracy: 0.865909090909091 49 1
Communication round: 49, Eavesdropper Accuracy: 0.8522727272727273 50 1
Communication round: 50, Aggregated Accuracies: 0.8369047619047618 51
Communication round: 50, Eavesdropper Accuracy: 0.8818181818181818 51 1
Communication round: 51, Aggregated Accuracies: 0.8394047619047621 52
Communication round: 51, Eavesdropper Accuracy: 0.8477272727272728 52 1
Communication round: 52, Eavesdropper Accuracy: 0.8613636363636363 53 1
Communication round: 53, Eavesdropper Accuracy: 0.8113636363636364 54 1
Communication round: 54, Aggregated Accuracies: 0.8476190476190476 55
Communication round: 54, Eavesdropper Accuracy: 0.8454545454545455 55 1
Communication round: 55, Aggregated Accuracies: 0.8558333333333332 56
Communication round: 55, Eavesdropper Accuracy: 0.8772727272727273 56 1
Communication round: 56, Eavesdropper Accuracy: 0.8568181818181818 57 1
Communication round: 57, Aggregated Accuracies: 0.8639285714285714 58
Communication round: 57, Eavesdropper Accuracy: 0.8909090909090909 58 1
Communication round: 58, Aggregated Accuracies: 0.8740476190476189 59
Communication round: 58, Eavesdropper Accuracy: 0.8909090909090909 59 1
Communication round: 59, Aggregated Accuracies: 0.8794047619047619 60
Communication round: 59, Eavesdropper Accuracy: 0.8931818181818182 60 1
Communication round: 60, Aggregated Accuracies: 0.8870238095238093 61
Communication round: 60, Eavesdropper Accuracy: 0.8681818181818182 61 1
Communication round: 61, Aggregated Accuracies: 0.8953571428571427 62
Communication round: 61, Eavesdropper Accuracy: 0.8909090909090909 62 1
Communication round: 62, Aggregated Accuracies: 0.8958333333333334 63
Communication round: 62, Eavesdropper Accuracy: 0.8886363636363637 63 1
Communication round: 63, Aggregated Accuracies: 0.9023809523809524 64
Communication round: 63, Eavesdropper Accuracy: 0.9181818181818182 64 1
Communication round: 64, Aggregated Accuracies: 0.9029761904761904 65
Communication round: 64, Eavesdropper Accuracy: 0.9090909090909091 65 1
Communication round: 65, Aggregated Accuracies: 0.9091666666666667 66
Communication round: 65, Eavesdropper Accuracy: 0.9113636363636364 66 1
Communication round: 66, Eavesdropper Accuracy: 0.9159090909090909 66 0
Communication round: 67, Eavesdropper Accuracy: 0.9227272727272727 66 0
Communication round: 68, Eavesdropper Accuracy: 0.9113636363636364 66 0
Communication round: 69, Eavesdropper Accuracy: 0.9113636363636364 66 0
Communication round: 70, Eavesdropper Accuracy: 0.9136363636363637 66 0
Communication round: 71, Eavesdropper Accuracy: 0.9272727272727272 66 0
Communication round: 72, Eavesdropper Accuracy: 0.925 66 0
Communication round: 73, Eavesdropper Accuracy: 0.9136363636363637 66 0
Communication round: 74, Eavesdropper Accuracy: 0.9159090909090909 66 0
Communication round: 75, Eavesdropper Accuracy: 0.9045454545454545 66 0
Communication round: 76, Eavesdropper Accuracy: 0.9113636363636364 66 0
Communication round: 77, Eavesdropper Accuracy: 0.9090909090909091 66 0
Communication round: 78, Eavesdropper Accuracy: 0.9181818181818182 66 0
Communication round: 79, Eavesdropper Accuracy: 0.9068181818181819 66 0
Communication round: 80, Eavesdropper Accuracy: 0.9227272727272727 66 0
Communication round: 81, Eavesdropper Accuracy: 0.9318181818181818 66 0
Communication round: 82, Eavesdropper Accuracy: 0.9204545454545454 66 0
Communication round: 83, Eavesdropper Accuracy: 0.9227272727272727 66 0
Communication round: 84, Eavesdropper Accuracy: 0.925 66 0
Communication round: 85, Eavesdropper Accuracy: 0.9181818181818182 66 0
Communication round: 86, Eavesdropper Accuracy: 0.9318181818181818 66 0
Communication round: 87, Eavesdropper Accuracy: 0.9204545454545454 66 0
Communication round: 88, Eavesdropper Accuracy: 0.9113636363636364 66 0
Communication round: 89, Eavesdropper Accuracy: 0.9136363636363637 66 0
Communication round: 90, Eavesdropper Accuracy: 0.9068181818181819 66 0
Communication round: 91, Eavesdropper Accuracy: 0.9204545454545454 66 0
Communication round: 92, Eavesdropper Accuracy: 0.9 66 0
Communication round: 93, Eavesdropper Accuracy: 0.925 66 0
Communication round: 94, Eavesdropper Accuracy: 0.925 66 0
Communication round: 95, Eavesdropper Accuracy: 0.9204545454545454 66 0
Communication round: 96, Eavesdropper Accuracy: 0.9272727272727272 66 0
Communication round: 97, Eavesdropper Accuracy: 0.9159090909090909 66 0
Communication round: 98, Eavesdropper Accuracy: 0.9272727272727272 66 0
Communication round: 99, Eavesdropper Accuracy: 0.9113636363636364 66 0
----------------------------------------------------------------------------------------------------
----------------------------------------------------------------------------------------------------
20_30_100_1_8_0.9_True_
----------------------------------------------------------------------------------------------------
Communication round: 0, Eavesdropper Accuracy: 0.11136363636363636 1 1
Communication round: 1, Aggregated Accuracies: 0.14845238095238097 2
Communication round: 1, Eavesdropper Accuracy: 0.11818181818181818 2 1
Communication round: 2, Aggregated Accuracies: 0.19738095238095238 3
Communication round: 2, Eavesdropper Accuracy: 0.17727272727272728 3 1
Communication round: 3, Eavesdropper Accuracy: 0.16363636363636364 4 1
Communication round: 4, Eavesdropper Accuracy: 0.19318181818181818 5 1
Communication round: 5, Aggregated Accuracies: 0.27523809523809534 6
Communication round: 5, Eavesdropper Accuracy: 0.32727272727272727 6 1
Communication round: 6, Eavesdropper Accuracy: 0.3386363636363636 7 1
Communication round: 7, Aggregated Accuracies: 0.4025 8
Communication round: 7, Eavesdropper Accuracy: 0.475 8 1
Communication round: 8, Aggregated Accuracies: 0.49535714285714294 9
Communication round: 8, Eavesdropper Accuracy: 0.5613636363636364 9 1
Communication round: 9, Aggregated Accuracies: 0.5658333333333334 10
Communication round: 9, Eavesdropper Accuracy: 0.5636363636363636 10 1
Communication round: 10, Eavesdropper Accuracy: 0.6068181818181818 11 1
Communication round: 11, Aggregated Accuracies: 0.6196428571428572 12
Communication round: 11, Eavesdropper Accuracy: 0.6318181818181818 12 1
Communication round: 12, Aggregated Accuracies: 0.6638095238095236 13
Communication round: 12, Eavesdropper Accuracy: 0.6909090909090909 13 1
Communication round: 13, Aggregated Accuracies: 0.7182142857142857 14
Communication round: 13, Eavesdropper Accuracy: 0.7340909090909091 14 1
Communication round: 14, Eavesdropper Accuracy: 0.6977272727272728 15 1
Communication round: 15, Eavesdropper Accuracy: 0.7522727272727273 16 1
Communication round: 16, Aggregated Accuracies: 0.7536904761904762 17
Communication round: 16, Eavesdropper Accuracy: 0.7681818181818182 17 1
Communication round: 17, Aggregated Accuracies: 0.7877380952380953 18
Communication round: 17, Eavesdropper Accuracy: 0.8227272727272728 18 1
Communication round: 18, Aggregated Accuracies: 0.7979761904761905 19
Communication round: 18, Eavesdropper Accuracy: 0.7931818181818182 19 1
Communication round: 19, Aggregated Accuracies: 0.8198809523809526 20
Communication round: 19, Eavesdropper Accuracy: 0.8477272727272728 20 1
Communication round: 20, Aggregated Accuracies: 0.8342857142857142 21
Communication round: 20, Eavesdropper Accuracy: 0.8431818181818181 21 1
Communication round: 21, Aggregated Accuracies: 0.8529761904761903 22
Communication round: 21, Eavesdropper Accuracy: 0.8522727272727273 22 1
Communication round: 22, Aggregated Accuracies: 0.8623809523809524 23
Communication round: 22, Eavesdropper Accuracy: 0.875 23 1
Communication round: 23, Aggregated Accuracies: 0.8720238095238093 24
Communication round: 23, Eavesdropper Accuracy: 0.8772727272727273 24 1
Communication round: 24, Aggregated Accuracies: 0.8785714285714287 25
Communication round: 24, Eavesdropper Accuracy: 0.884090909090909 25 1
Communication round: 25, Aggregated Accuracies: 0.8841666666666667 26
Communication round: 25, Eavesdropper Accuracy: 0.9022727272727272 26 1
Communication round: 26, Aggregated Accuracies: 0.8903571428571426 27
Communication round: 26, Eavesdropper Accuracy: 0.9 27 1
Communication round: 27, Aggregated Accuracies: 0.8977380952380953 28
Communication round: 27, Eavesdropper Accuracy: 0.8909090909090909 28 1
Communication round: 28, Aggregated Accuracies: 0.898214285714286 29
Communication round: 28, Eavesdropper Accuracy: 0.875 29 1
Communication round: 29, Aggregated Accuracies: 0.9015476190476189 30
Communication round: 29, Eavesdropper Accuracy: 0.9113636363636364 30 1
Communication round: 30, Aggregated Accuracies: 0.9094047619047618 31
Communication round: 30, Eavesdropper Accuracy: 0.9159090909090909 31 1
Communication round: 31, Aggregated Accuracies: 0.9130952380952382 32
Communication round: 31, Eavesdropper Accuracy: 0.9022727272727272 32 1
Communication round: 32, Aggregated Accuracies: 0.9152380952380952 33
Communication round: 32, Eavesdropper Accuracy: 0.9409090909090909 33 1
Communication round: 33, Eavesdropper Accuracy: 0.9159090909090909 34 1
Communication round: 34, Aggregated Accuracies: 0.9208333333333332 35
Communication round: 34, Eavesdropper Accuracy: 0.9340909090909091 35 1
Communication round: 35, Eavesdropper Accuracy: 0.9159090909090909 36 1
Communication round: 36, Aggregated Accuracies: 0.9238095238095237 37
Communication round: 36, Eavesdropper Accuracy: 0.9340909090909091 37 1
Communication round: 37, Eavesdropper Accuracy: 0.925 38 1
Communication round: 38, Aggregated Accuracies: 0.9236904761904763 39
Communication round: 38, Eavesdropper Accuracy: 0.9159090909090909 39 1
Communication round: 39, Eavesdropper Accuracy: 0.925 40 1
Communication round: 40, Eavesdropper Accuracy: 0.925 41 1
Communication round: 41, Aggregated Accuracies: 0.9273809523809522 42
Communication round: 41, Eavesdropper Accuracy: 0.9409090909090909 42 1
Communication round: 42, Eavesdropper Accuracy: 0.95 42 0
Communication round: 43, Eavesdropper Accuracy: 0.9409090909090909 42 0
Communication round: 44, Eavesdropper Accuracy: 0.9386363636363636 42 0
Communication round: 45, Eavesdropper Accuracy: 0.9272727272727272 42 0
Communication round: 46, Eavesdropper Accuracy: 0.9386363636363636 42 0
Communication round: 47, Eavesdropper Accuracy: 0.925 42 0
Communication round: 48, Eavesdropper Accuracy: 0.9454545454545454 42 0
Communication round: 49, Eavesdropper Accuracy: 0.9318181818181818 42 0
Communication round: 50, Eavesdropper Accuracy: 0.9431818181818182 42 0
Communication round: 51, Eavesdropper Accuracy: 0.9409090909090909 42 0
Communication round: 52, Eavesdropper Accuracy: 0.9318181818181818 42 0
Communication round: 53, Eavesdropper Accuracy: 0.9204545454545454 42 0
Communication round: 54, Eavesdropper Accuracy: 0.9272727272727272 42 0
Communication round: 55, Eavesdropper Accuracy: 0.925 42 0
Communication round: 56, Eavesdropper Accuracy: 0.9431818181818182 42 0
Communication round: 57, Eavesdropper Accuracy: 0.925 42 0
Communication round: 58, Eavesdropper Accuracy: 0.9340909090909091 42 0
Communication round: 59, Eavesdropper Accuracy: 0.9318181818181818 42 0
Communication round: 60, Eavesdropper Accuracy: 0.9272727272727272 42 0
Communication round: 61, Eavesdropper Accuracy: 0.9363636363636364 42 0
Communication round: 62, Eavesdropper Accuracy: 0.9340909090909091 42 0
Communication round: 63, Eavesdropper Accuracy: 0.9159090909090909 42 0
Communication round: 64, Eavesdropper Accuracy: 0.9136363636363637 42 0
Communication round: 65, Eavesdropper Accuracy: 0.9454545454545454 42 0
Communication round: 66, Eavesdropper Accuracy: 0.9181818181818182 42 0
Communication round: 67, Eavesdropper Accuracy: 0.9363636363636364 42 0
Communication round: 68, Eavesdropper Accuracy: 0.9181818181818182 42 0
Communication round: 69, Eavesdropper Accuracy: 0.9522727272727273 42 0
Communication round: 70, Eavesdropper Accuracy: 0.9318181818181818 42 0
Communication round: 71, Eavesdropper Accuracy: 0.9386363636363636 42 0
Communication round: 72, Eavesdropper Accuracy: 0.9454545454545454 42 0
Communication round: 73, Eavesdropper Accuracy: 0.925 42 0
Communication round: 74, Eavesdropper Accuracy: 0.9431818181818182 42 0
Communication round: 75, Eavesdropper Accuracy: 0.9272727272727272 42 0
Communication round: 76, Eavesdropper Accuracy: 0.925 42 0
Communication round: 77, Eavesdropper Accuracy: 0.9295454545454546 42 0
Communication round: 78, Eavesdropper Accuracy: 0.9340909090909091 42 0
Communication round: 79, Eavesdropper Accuracy: 0.9272727272727272 42 0
Communication round: 80, Eavesdropper Accuracy: 0.9431818181818182 42 0
Communication round: 81, Eavesdropper Accuracy: 0.9363636363636364 42 0
Communication round: 82, Eavesdropper Accuracy: 0.9386363636363636 42 0
Communication round: 83, Smart Eavesdropper Accuracy: 0.9272727272727272 42 0
Communication round: 84, Smart Eavesdropper Accuracy: 0.9522727272727273 42 0
Communication round: 85, Smart Eavesdropper Accuracy: 0.9295454545454546 42 0
Communication round: 86, Smart Eavesdropper Accuracy: 0.95 42 0
Communication round: 87, Smart Eavesdropper Accuracy: 0.9568181818181818 42 0
Communication round: 88, Smart Eavesdropper Accuracy: 0.9613636363636363 42 0
Communication round: 89, Smart Eavesdropper Accuracy: 0.9568181818181818 42 0
Communication round: 90, Smart Eavesdropper Accuracy: 0.9636363636363636 42 0
Communication round: 91, Smart Eavesdropper Accuracy: 0.9727272727272728 42 0
Communication round: 92, Smart Eavesdropper Accuracy: 0.9636363636363636 42 0
Communication round: 93, Smart Eavesdropper Accuracy: 0.9613636363636363 42 0
Communication round: 94, Smart Eavesdropper Accuracy: 0.9772727272727273 42 0
Communication round: 95, Smart Eavesdropper Accuracy: 0.9795454545454545 42 0
Communication round: 96, Smart Eavesdropper Accuracy: 0.9568181818181818 42 0
Communication round: 97, Smart Eavesdropper Accuracy: 0.9818181818181818 42 0
Communication round: 98, Smart Eavesdropper Accuracy: 0.9681818181818181 42 0
Communication round: 99, Smart Eavesdropper Accuracy: 0.975 42 0
----------------------------------------------------------------------------------------------------
----------------------------------------------------------------------------------------------------
20_30_100_1_8_0.9_True_
----------------------------------------------------------------------------------------------------
Communication round: 0, Eavesdropper Accuracy: 0.10227272727272728 1 1
Communication round: 1, Aggregated Accuracies: 0.16190476190476194 2
Communication round: 1, Eavesdropper Accuracy: 0.1590909090909091 2 1
Communication round: 2, Eavesdropper Accuracy: 0.1318181818181818 3 1
Communication round: 3, Aggregated Accuracies: 0.20583333333333326 4
Communication round: 3, Eavesdropper Accuracy: 0.21363636363636362 4 1
Communication round: 4, Eavesdropper Accuracy: 0.19090909090909092 5 1
Communication round: 5, Eavesdropper Accuracy: 0.16136363636363638 6 1
Communication round: 6, Eavesdropper Accuracy: 0.21136363636363636 7 1
Communication round: 7, Eavesdropper Accuracy: 0.18863636363636363 8 1
Communication round: 8, Aggregated Accuracies: 0.27464285714285713 9
Communication round: 8, Eavesdropper Accuracy: 0.275 9 1
Communication round: 9, Eavesdropper Accuracy: 0.30454545454545456 10 1
Communication round: 10, Eavesdropper Accuracy: 0.28863636363636364 11 1
Communication round: 11, Aggregated Accuracies: 0.35607142857142854 12
Communication round: 11, Eavesdropper Accuracy: 0.3795454545454545 12 1
Communication round: 12, Aggregated Accuracies: 0.45773809523809517 13
Communication round: 12, Eavesdropper Accuracy: 0.4954545454545455 13 1
Communication round: 13, Eavesdropper Accuracy: 0.4681818181818182 14 1
Communication round: 14, Eavesdropper Accuracy: 0.509090909090909 15 1
Communication round: 15, Aggregated Accuracies: 0.5451190476190477 16
Communication round: 15, Eavesdropper Accuracy: 0.5977272727272728 16 1
Communication round: 16, Eavesdropper Accuracy: 0.6045454545454545 17 1
Communication round: 17, Aggregated Accuracies: 0.615 18
Communication round: 17, Eavesdropper Accuracy: 0.6840909090909091 18 1
Communication round: 18, Aggregated Accuracies: 0.6663095238095238 19
Communication round: 18, Eavesdropper Accuracy: 0.7045454545454546 19 1
Communication round: 19, Eavesdropper Accuracy: 0.7181818181818181 20 1
Communication round: 20, Eavesdropper Accuracy: 0.7181818181818181 21 1
Communication round: 21, Eavesdropper Accuracy: 0.6863636363636364 22 1
Communication round: 22, Eavesdropper Accuracy: 0.7068181818181818 23 1
Communication round: 23, Eavesdropper Accuracy: 0.6795454545454546 24 1
Communication round: 24, Aggregated Accuracies: 0.7123809523809524 25
Communication round: 24, Eavesdropper Accuracy: 0.7340909090909091 25 1
Communication round: 25, Aggregated Accuracies: 0.7508333333333332 26
Communication round: 25, Eavesdropper Accuracy: 0.7522727272727273 26 1
Communication round: 26, Aggregated Accuracies: 0.7716666666666667 27
Communication round: 26, Eavesdropper Accuracy: 0.7909090909090909 27 1
Communication round: 27, Aggregated Accuracies: 0.7910714285714285 28
Communication round: 27, Eavesdropper Accuracy: 0.8363636363636363 28 1
Communication round: 28, Aggregated Accuracies: 0.8305952380952382 29
Communication round: 28, Eavesdropper Accuracy: 0.8568181818181818 29 1
Communication round: 29, Aggregated Accuracies: 0.8424999999999999 30
Communication round: 29, Eavesdropper Accuracy: 0.8795454545454545 30 1
Communication round: 30, Aggregated Accuracies: 0.8698809523809524 31
Communication round: 30, Eavesdropper Accuracy: 0.8636363636363636 31 1
Communication round: 31, Aggregated Accuracies: 0.883095238095238 32
Communication round: 31, Eavesdropper Accuracy: 0.8931818181818182 32 1
Communication round: 32, Aggregated Accuracies: 0.8867857142857144 33
Communication round: 32, Eavesdropper Accuracy: 0.8818181818181818 33 1
Communication round: 33, Eavesdropper Accuracy: 0.8977272727272727 34 1
Communication round: 34, Aggregated Accuracies: 0.8889285714285714 35
Communication round: 34, Eavesdropper Accuracy: 0.925 35 1
Communication round: 35, Aggregated Accuracies: 0.8992857142857142 36
Communication round: 35, Eavesdropper Accuracy: 0.9295454545454546 36 1
Communication round: 36, Eavesdropper Accuracy: 0.8886363636363637 37 1
Communication round: 37, Aggregated Accuracies: 0.9029761904761904 38
Communication round: 37, Eavesdropper Accuracy: 0.9159090909090909 38 1
Communication round: 38, Aggregated Accuracies: 0.9070238095238095 39
Communication round: 38, Eavesdropper Accuracy: 0.9227272727272727 39 1
Communication round: 39, Aggregated Accuracies: 0.9141666666666666 40
Communication round: 39, Eavesdropper Accuracy: 0.8954545454545455 40 1
Communication round: 40, Aggregated Accuracies: 0.9146428571428571 41
Communication round: 40, Eavesdropper Accuracy: 0.9204545454545454 41 1
Communication round: 41, Aggregated Accuracies: 0.921190476190476 42
Communication round: 41, Eavesdropper Accuracy: 0.9181818181818182 42 1
Communication round: 42, Eavesdropper Accuracy: 0.925 43 1
Communication round: 43, Eavesdropper Accuracy: 0.9363636363636364 44 1
Communication round: 44, Eavesdropper Accuracy: 0.9113636363636364 45 1
Communication round: 45, Aggregated Accuracies: 0.9255952380952384 46
Communication round: 45, Eavesdropper Accuracy: 0.9386363636363636 46 1
Communication round: 46, Eavesdropper Accuracy: 0.9295454545454546 47 1
Communication round: 47, Eavesdropper Accuracy: 0.9204545454545454 48 1
Communication round: 48, Aggregated Accuracies: 0.9239285714285714 49
Communication round: 48, Eavesdropper Accuracy: 0.9409090909090909 49 1
Communication round: 49, Aggregated Accuracies: 0.9292857142857143 50
Communication round: 49, Eavesdropper Accuracy: 0.9545454545454546 50 1
Communication round: 50, Aggregated Accuracies: 0.9276190476190476 51
Communication round: 50, Eavesdropper Accuracy: 0.9454545454545454 51 1
Communication round: 51, Aggregated Accuracies: 0.9305952380952378 52
Communication round: 51, Eavesdropper Accuracy: 0.9431818181818182 52 1
Communication round: 52, Aggregated Accuracies: 0.9330952380952379 53
Communication round: 52, Eavesdropper Accuracy: 0.9136363636363637 53 1
Communication round: 53, Eavesdropper Accuracy: 0.9409090909090909 53 0
Communication round: 54, Eavesdropper Accuracy: 0.9477272727272728 53 0
Communication round: 55, Eavesdropper Accuracy: 0.9477272727272728 53 0
Communication round: 56, Eavesdropper Accuracy: 0.9431818181818182 53 0
Communication round: 57, Eavesdropper Accuracy: 0.9272727272727272 53 0
Communication round: 58, Eavesdropper Accuracy: 0.9204545454545454 53 0
Communication round: 59, Eavesdropper Accuracy: 0.9340909090909091 53 0
Communication round: 60, Eavesdropper Accuracy: 0.9409090909090909 53 0
Communication round: 61, Eavesdropper Accuracy: 0.95 53 0
Communication round: 62, Eavesdropper Accuracy: 0.9568181818181818 53 0
Communication round: 63, Eavesdropper Accuracy: 0.95 53 0
Communication round: 64, Eavesdropper Accuracy: 0.9295454545454546 53 0
Communication round: 65, Eavesdropper Accuracy: 0.9340909090909091 53 0
Communication round: 66, Eavesdropper Accuracy: 0.9522727272727273 53 0
Communication round: 67, Eavesdropper Accuracy: 0.9318181818181818 53 0
Communication round: 68, Eavesdropper Accuracy: 0.9340909090909091 53 0
Communication round: 69, Eavesdropper Accuracy: 0.9454545454545454 53 0
Communication round: 70, Eavesdropper Accuracy: 0.9522727272727273 53 0
Communication round: 71, Eavesdropper Accuracy: 0.9386363636363636 53 0
Communication round: 72, Eavesdropper Accuracy: 0.9454545454545454 53 0
Communication round: 73, Eavesdropper Accuracy: 0.9454545454545454 53 0
Communication round: 74, Eavesdropper Accuracy: 0.9295454545454546 53 0
Communication round: 75, Eavesdropper Accuracy: 0.9272727272727272 53 0
Communication round: 76, Eavesdropper Accuracy: 0.9454545454545454 53 0
Communication round: 77, Eavesdropper Accuracy: 0.9204545454545454 53 0
Communication round: 78, Eavesdropper Accuracy: 0.9227272727272727 53 0
Communication round: 79, Eavesdropper Accuracy: 0.9340909090909091 53 0
Communication round: 80, Eavesdropper Accuracy: 0.9340909090909091 53 0
Communication round: 81, Eavesdropper Accuracy: 0.9204545454545454 53 0
Communication round: 82, Eavesdropper Accuracy: 0.9386363636363636 53 0
Communication round: 83, Eavesdropper Accuracy: 0.9363636363636364 53 0
Communication round: 84, Eavesdropper Accuracy: 0.9545454545454546 53 0
Communication round: 85, Eavesdropper Accuracy: 0.9272727272727272 53 0
Communication round: 86, Eavesdropper Accuracy: 0.9386363636363636 53 0
Communication round: 87, Eavesdropper Accuracy: 0.95 53 0
Communication round: 88, Eavesdropper Accuracy: 0.9409090909090909 53 0
Communication round: 89, Eavesdropper Accuracy: 0.9454545454545454 53 0
Communication round: 90, Eavesdropper Accuracy: 0.9363636363636364 53 0
Communication round: 91, Eavesdropper Accuracy: 0.9181818181818182 53 0
Communication round: 92, Eavesdropper Accuracy: 0.9477272727272728 53 0
Communication round: 93, Eavesdropper Accuracy: 0.9431818181818182 53 0
Communication round: 94, Eavesdropper Accuracy: 0.9045454545454545 53 0
Communication round: 95, Eavesdropper Accuracy: 0.9454545454545454 53 0
Communication round: 96, Eavesdropper Accuracy: 0.9340909090909091 53 0
Communication round: 97, Eavesdropper Accuracy: 0.9454545454545454 53 0
Communication round: 98, Eavesdropper Accuracy: 0.9181818181818182 53 0
Communication round: 99, Eavesdropper Accuracy: 0.9340909090909091 53 0
----------------------------------------------------------------------------------------------------
----------------------------------------------------------------------------------------------------
20_30_100_1_8_0.9_True_
----------------------------------------------------------------------------------------------------
Communication round: 0, Eavesdropper Accuracy: 0.05227272727272727 1 1
Communication round: 1, Aggregated Accuracies: 0.13714285714285715 2
Communication round: 1, Eavesdropper Accuracy: 0.09090909090909091 2 1
Communication round: 2, Aggregated Accuracies: 0.1892857142857143 3
Communication round: 2, Eavesdropper Accuracy: 0.18409090909090908 3 1
Communication round: 3, Eavesdropper Accuracy: 0.19545454545454546 4 1
Communication round: 4, Eavesdropper Accuracy: 0.18636363636363637 5 1
Communication round: 5, Eavesdropper Accuracy: 0.17954545454545454 6 1
Communication round: 6, Aggregated Accuracies: 0.2952380952380953 7
Communication round: 6, Eavesdropper Accuracy: 0.32272727272727275 7 1
Communication round: 7, Eavesdropper Accuracy: 0.3409090909090909 8 1
Communication round: 8, Aggregated Accuracies: 0.38535714285714284 9
Communication round: 8, Eavesdropper Accuracy: 0.42045454545454547 9 1
Communication round: 9, Eavesdropper Accuracy: 0.42045454545454547 10 1
Communication round: 10, Aggregated Accuracies: 0.5073809523809523 11
Communication round: 10, Eavesdropper Accuracy: 0.5840909090909091 11 1
Communication round: 11, Aggregated Accuracies: 0.6086904761904761 12
Communication round: 11, Eavesdropper Accuracy: 0.6613636363636364 12 1
Communication round: 12, Aggregated Accuracies: 0.6613095238095239 13
Communication round: 12, Eavesdropper Accuracy: 0.6886363636363636 13 1
Communication round: 13, Aggregated Accuracies: 0.7147619047619047 14
Communication round: 13, Eavesdropper Accuracy: 0.7659090909090909 14 1
Communication round: 14, Aggregated Accuracies: 0.7627380952380953 15
Communication round: 14, Eavesdropper Accuracy: 0.7545454545454545 15 1
Communication round: 15, Aggregated Accuracies: 0.7910714285714286 16
Communication round: 15, Eavesdropper Accuracy: 0.7977272727272727 16 1
Communication round: 16, Aggregated Accuracies: 0.808452380952381 17
Communication round: 16, Eavesdropper Accuracy: 0.8045454545454546 17 1
Communication round: 17, Aggregated Accuracies: 0.8207142857142857 18
Communication round: 17, Eavesdropper Accuracy: 0.8295454545454546 18 1
Communication round: 18, Aggregated Accuracies: 0.8389285714285716 19
Communication round: 18, Eavesdropper Accuracy: 0.8454545454545455 19 1
Communication round: 19, Aggregated Accuracies: 0.8547619047619047 20
Communication round: 19, Eavesdropper Accuracy: 0.8545454545454545 20 1
Communication round: 20, Eavesdropper Accuracy: 0.8909090909090909 21 1
Communication round: 21, Aggregated Accuracies: 0.8576190476190476 22
Communication round: 21, Eavesdropper Accuracy: 0.8613636363636363 22 1
Communication round: 22, Eavesdropper Accuracy: 0.8568181818181818 23 1
Communication round: 23, Eavesdropper Accuracy: 0.8954545454545455 24 1
Communication round: 24, Eavesdropper Accuracy: 0.8886363636363637 25 1
Communication round: 25, Aggregated Accuracies: 0.8688095238095238 26
Communication round: 25, Eavesdropper Accuracy: 0.8636363636363636 26 1
Communication round: 26, Aggregated Accuracies: 0.8730952380952381 27
Communication round: 26, Eavesdropper Accuracy: 0.8954545454545455 27 1
Communication round: 27, Eavesdropper Accuracy: 0.9227272727272727 28 1
Communication round: 28, Eavesdropper Accuracy: 0.9022727272727272 29 1
Communication round: 29, Aggregated Accuracies: 0.8773809523809524 30
Communication round: 29, Eavesdropper Accuracy: 0.8886363636363637 30 1
Communication round: 30, Eavesdropper Accuracy: 0.9 31 1
Communication round: 31, Aggregated Accuracies: 0.8832142857142857 32
Communication round: 31, Eavesdropper Accuracy: 0.8977272727272727 32 1
Communication round: 32, Eavesdropper Accuracy: 0.8909090909090909 33 1
Communication round: 33, Aggregated Accuracies: 0.8925000000000001 34
Communication round: 33, Eavesdropper Accuracy: 0.8931818181818182 34 1
Communication round: 34, Eavesdropper Accuracy: 0.8954545454545455 35 1
Communication round: 35, Eavesdropper Accuracy: 0.8818181818181818 36 1
Communication round: 36, Eavesdropper Accuracy: 0.9045454545454545 37 1
Communication round: 37, Aggregated Accuracies: 0.8888095238095239 38
Communication round: 37, Eavesdropper Accuracy: 0.8954545454545455 38 1
Communication round: 38, Aggregated Accuracies: 0.8996428571428572 39
Communication round: 38, Eavesdropper Accuracy: 0.8931818181818182 39 1
Communication round: 39, Eavesdropper Accuracy: 0.9227272727272727 40 1
Communication round: 40, Aggregated Accuracies: 0.8991666666666667 41
Communication round: 40, Eavesdropper Accuracy: 0.9181818181818182 41 1
Communication round: 41, Aggregated Accuracies: 0.9039285714285714 42
Communication round: 41, Eavesdropper Accuracy: 0.9227272727272727 42 1
Communication round: 42, Aggregated Accuracies: 0.9089285714285715 43
Communication round: 42, Eavesdropper Accuracy: 0.9113636363636364 43 1
Communication round: 43, Aggregated Accuracies: 0.9114285714285714 44
Communication round: 43, Eavesdropper Accuracy: 0.9340909090909091 44 1
Communication round: 44, Eavesdropper Accuracy: 0.9136363636363637 45 1
Communication round: 45, Eavesdropper Accuracy: 0.9204545454545454 46 1
Communication round: 46, Eavesdropper Accuracy: 0.9295454545454546 47 1
Communication round: 47, Eavesdropper Accuracy: 0.9295454545454546 48 1
Communication round: 48, Eavesdropper Accuracy: 0.9386363636363636 49 1
Communication round: 49, Aggregated Accuracies: 0.9141666666666666 50
Communication round: 49, Eavesdropper Accuracy: 0.9318181818181818 50 1
Communication round: 50, Eavesdropper Accuracy: 0.9431818181818182 51 1
Communication round: 51, Eavesdropper Accuracy: 0.9295454545454546 52 1
Communication round: 52, Eavesdropper Accuracy: 0.9272727272727272 53 1
Communication round: 53, Eavesdropper Accuracy: 0.9159090909090909 54 1
Communication round: 54, Eavesdropper Accuracy: 0.9386363636363636 55 1
Communication round: 55, Aggregated Accuracies: 0.9146428571428571 56
Communication round: 55, Eavesdropper Accuracy: 0.9409090909090909 56 1
Communication round: 56, Aggregated Accuracies: 0.9169047619047619 57
Communication round: 56, Eavesdropper Accuracy: 0.9340909090909091 57 1
Communication round: 57, Aggregated Accuracies: 0.9205952380952377 58
Communication round: 57, Eavesdropper Accuracy: 0.9477272727272728 58 1
Communication round: 58, Eavesdropper Accuracy: 0.9477272727272728 58 0
Communication round: 59, Eavesdropper Accuracy: 0.9477272727272728 58 0
Communication round: 60, Eavesdropper Accuracy: 0.925 58 0
Communication round: 61, Eavesdropper Accuracy: 0.9318181818181818 58 0
Communication round: 62, Eavesdropper Accuracy: 0.9227272727272727 58 0
Communication round: 63, Eavesdropper Accuracy: 0.9340909090909091 58 0
Communication round: 64, Eavesdropper Accuracy: 0.9431818181818182 58 0
Communication round: 65, Eavesdropper Accuracy: 0.95 58 0
Communication round: 66, Eavesdropper Accuracy: 0.9363636363636364 58 0
Communication round: 67, Eavesdropper Accuracy: 0.9340909090909091 58 0
Communication round: 68, Eavesdropper Accuracy: 0.9477272727272728 58 0
Communication round: 69, Eavesdropper Accuracy: 0.9409090909090909 58 0
Communication round: 70, Eavesdropper Accuracy: 0.9318181818181818 58 0
Communication round: 71, Eavesdropper Accuracy: 0.9340909090909091 58 0
Communication round: 72, Eavesdropper Accuracy: 0.9363636363636364 58 0
Communication round: 73, Eavesdropper Accuracy: 0.9477272727272728 58 0
Communication round: 74, Eavesdropper Accuracy: 0.9431818181818182 58 0
Communication round: 75, Eavesdropper Accuracy: 0.9318181818181818 58 0
Communication round: 76, Eavesdropper Accuracy: 0.9340909090909091 58 0
Communication round: 77, Eavesdropper Accuracy: 0.9318181818181818 58 0
Communication round: 78, Eavesdropper Accuracy: 0.9227272727272727 58 0
Communication round: 79, Eavesdropper Accuracy: 0.9386363636363636 58 0
Communication round: 80, Eavesdropper Accuracy: 0.9568181818181818 58 0
Communication round: 81, Eavesdropper Accuracy: 0.9363636363636364 58 0
Communication round: 82, Eavesdropper Accuracy: 0.9522727272727273 58 0
Communication round: 83, Eavesdropper Accuracy: 0.9340909090909091 58 0
Communication round: 84, Eavesdropper Accuracy: 0.9136363636363637 58 0
Communication round: 85, Eavesdropper Accuracy: 0.9340909090909091 58 0
Communication round: 86, Eavesdropper Accuracy: 0.9454545454545454 58 0
Communication round: 87, Eavesdropper Accuracy: 0.9340909090909091 58 0
Communication round: 88, Eavesdropper Accuracy: 0.9522727272727273 58 0
Communication round: 89, Eavesdropper Accuracy: 0.9522727272727273 58 0
Communication round: 90, Eavesdropper Accuracy: 0.9227272727272727 58 0
Communication round: 91, Eavesdropper Accuracy: 0.9454545454545454 58 0
Communication round: 92, Eavesdropper Accuracy: 0.9272727272727272 58 0
Communication round: 93, Eavesdropper Accuracy: 0.9409090909090909 58 0
Communication round: 94, Eavesdropper Accuracy: 0.9454545454545454 58 0
Communication round: 95, Eavesdropper Accuracy: 0.9454545454545454 58 0
Communication round: 96, Eavesdropper Accuracy: 0.9295454545454546 58 0
Communication round: 97, Eavesdropper Accuracy: 0.9477272727272728 58 0
Communication round: 98, Eavesdropper Accuracy: 0.9272727272727272 58 0
Communication round: 99, Eavesdropper Accuracy: 0.9431818181818182 58 0
----------------------------------------------------------------------------------------------------
----------------------------------------------------------------------------------------------------
20_30_100_1_8_0.9_True_
----------------------------------------------------------------------------------------------------
Communication round: 0, Eavesdropper Accuracy: 0.09772727272727273 1 1
Communication round: 1, Eavesdropper Accuracy: 0.08863636363636364 2 1
Communication round: 2, Eavesdropper Accuracy: 0.09772727272727273 3 1
Communication round: 3, Eavesdropper Accuracy: 0.07954545454545454 4 1
Communication round: 4, Aggregated Accuracies: 0.13440476190476192 5
Communication round: 4, Eavesdropper Accuracy: 0.1340909090909091 5 1
Communication round: 5, Aggregated Accuracies: 0.19583333333333333 6
Communication round: 5, Eavesdropper Accuracy: 0.17954545454545454 6 1
Communication round: 6, Eavesdropper Accuracy: 0.18409090909090908 7 1
Communication round: 7, Eavesdropper Accuracy: 0.2 8 1
Communication round: 8, Eavesdropper Accuracy: 0.18863636363636363 9 1
Communication round: 9, Eavesdropper Accuracy: 0.20454545454545456 10 1
Communication round: 10, Eavesdropper Accuracy: 0.2 11 1
Communication round: 11, Eavesdropper Accuracy: 0.2 12 1
Communication round: 12, Aggregated Accuracies: 0.26797619047619053 13
Communication round: 12, Eavesdropper Accuracy: 0.275 13 1
Communication round: 13, Aggregated Accuracies: 0.36476190476190473 14
Communication round: 13, Eavesdropper Accuracy: 0.4090909090909091 14 1
Communication round: 14, Eavesdropper Accuracy: 0.38181818181818183 15 1
Communication round: 15, Eavesdropper Accuracy: 0.37727272727272726 16 1
Communication round: 16, Aggregated Accuracies: 0.4219047619047619 17
Communication round: 16, Eavesdropper Accuracy: 0.42727272727272725 17 1
Communication round: 17, Eavesdropper Accuracy: 0.4954545454545455 18 1
Communication round: 18, Eavesdropper Accuracy: 0.4818181818181818 19 1
Communication round: 19, Aggregated Accuracies: 0.5083333333333334 20
Communication round: 19, Eavesdropper Accuracy: 0.5477272727272727 20 1
Communication round: 20, Eavesdropper Accuracy: 0.5227272727272727 21 1
Communication round: 21, Eavesdropper Accuracy: 0.55 22 1
Communication round: 22, Eavesdropper Accuracy: 0.5727272727272728 23 1
Communication round: 23, Eavesdropper Accuracy: 0.5568181818181818 24 1
Communication round: 24, Eavesdropper Accuracy: 0.5522727272727272 25 1
Communication round: 25, Eavesdropper Accuracy: 0.5386363636363637 26 1
Communication round: 26, Eavesdropper Accuracy: 0.5727272727272728 27 1
Communication round: 27, Eavesdropper Accuracy: 0.5840909090909091 28 1
Communication round: 28, Eavesdropper Accuracy: 0.5704545454545454 29 1
Communication round: 29, Aggregated Accuracies: 0.5751190476190475 30
Communication round: 29, Eavesdropper Accuracy: 0.615909090909091 30 1
Communication round: 30, Eavesdropper Accuracy: 0.6295454545454545 31 1
Communication round: 31, Eavesdropper Accuracy: 0.5909090909090909 32 1
Communication round: 32, Eavesdropper Accuracy: 0.6590909090909091 33 1
Communication round: 33, Aggregated Accuracies: 0.628095238095238 34
Communication round: 33, Eavesdropper Accuracy: 0.6909090909090909 34 1
Communication round: 34, Eavesdropper Accuracy: 0.6522727272727272 35 1
Communication round: 35, Eavesdropper Accuracy: 0.6704545454545454 36 1
Communication round: 36, Aggregated Accuracies: 0.6623809523809524 37
Communication round: 36, Eavesdropper Accuracy: 0.7204545454545455 37 1
Communication round: 37, Aggregated Accuracies: 0.7120238095238097 38
Communication round: 37, Eavesdropper Accuracy: 0.725 38 1
Communication round: 38, Aggregated Accuracies: 0.7432142857142858 39
Communication round: 38, Eavesdropper Accuracy: 0.7568181818181818 39 1
Communication round: 39, Eavesdropper Accuracy: 0.7909090909090909 40 1
Communication round: 40, Eavesdropper Accuracy: 0.759090909090909 41 1
Communication round: 41, Eavesdropper Accuracy: 0.7681818181818182 42 1
Communication round: 42, Eavesdropper Accuracy: 0.7909090909090909 43 1
Communication round: 43, Eavesdropper Accuracy: 0.7840909090909091 44 1
Communication round: 44, Aggregated Accuracies: 0.7636904761904761 45
Communication round: 44, Eavesdropper Accuracy: 0.8045454545454546 45 1
Communication round: 45, Aggregated Accuracies: 0.7945238095238096 46
Communication round: 45, Eavesdropper Accuracy: 0.8045454545454546 46 1
Communication round: 46, Aggregated Accuracies: 0.8105952380952383 47
Communication round: 46, Eavesdropper Accuracy: 0.8454545454545455 47 1
Communication round: 47, Aggregated Accuracies: 0.836190476190476 48
Communication round: 47, Eavesdropper Accuracy: 0.8522727272727273 48 1
Communication round: 48, Aggregated Accuracies: 0.8488095238095237 49
Communication round: 48, Eavesdropper Accuracy: 0.865909090909091 49 1
Communication round: 49, Aggregated Accuracies: 0.8673809523809523 50
Communication round: 49, Eavesdropper Accuracy: 0.8681818181818182 50 1
Communication round: 50, Aggregated Accuracies: 0.8694047619047618 51
Communication round: 50, Eavesdropper Accuracy: 0.8909090909090909 51 1
Communication round: 51, Eavesdropper Accuracy: 0.8818181818181818 52 1
Communication round: 52, Aggregated Accuracies: 0.8788095238095239 53
Communication round: 52, Eavesdropper Accuracy: 0.8795454545454545 53 1
Communication round: 53, Eavesdropper Accuracy: 0.8977272727272727 54 1
Communication round: 54, Eavesdropper Accuracy: 0.8954545454545455 55 1
Communication round: 55, Aggregated Accuracies: 0.8861904761904762 56
Communication round: 55, Eavesdropper Accuracy: 0.9045454545454545 56 1
Communication round: 56, Eavesdropper Accuracy: 0.8795454545454545 57 1
Communication round: 57, Eavesdropper Accuracy: 0.9113636363636364 58 1
Communication round: 58, Aggregated Accuracies: 0.8878571428571428 59
Communication round: 58, Eavesdropper Accuracy: 0.9022727272727272 59 1
Communication round: 59, Aggregated Accuracies: 0.8974999999999997 60
Communication round: 59, Eavesdropper Accuracy: 0.9045454545454545 60 1
Communication round: 60, Aggregated Accuracies: 0.9013095238095238 61
Communication round: 60, Eavesdropper Accuracy: 0.9318181818181818 61 1
Communication round: 61, Aggregated Accuracies: 0.906190476190476 62
Communication round: 61, Eavesdropper Accuracy: 0.9022727272727272 62 1
Communication round: 62, Aggregated Accuracies: 0.9075 63
Communication round: 62, Eavesdropper Accuracy: 0.9272727272727272 63 1
Communication round: 63, Aggregated Accuracies: 0.9144047619047619 64
Communication round: 63, Eavesdropper Accuracy: 0.9136363636363637 64 1
Communication round: 64, Aggregated Accuracies: 0.9154761904761903 65
Communication round: 64, Eavesdropper Accuracy: 0.9136363636363637 65 1
Communication round: 65, Aggregated Accuracies: 0.9198809523809522 66
Communication round: 65, Eavesdropper Accuracy: 0.9204545454545454 66 1
Communication round: 66, Aggregated Accuracies: 0.924642857142857 67
Communication round: 66, Eavesdropper Accuracy: 0.9227272727272727 67 1
Communication round: 67, Aggregated Accuracies: 0.9251190476190473 68
Communication round: 67, Eavesdropper Accuracy: 0.9318181818181818 68 1
Communication round: 68, Eavesdropper Accuracy: 0.9136363636363637 68 0
Communication round: 69, Eavesdropper Accuracy: 0.9431818181818182 68 0
Communication round: 70, Eavesdropper Accuracy: 0.9409090909090909 68 0
Communication round: 71, Eavesdropper Accuracy: 0.9227272727272727 68 0
Communication round: 72, Eavesdropper Accuracy: 0.9386363636363636 68 0
Communication round: 73, Eavesdropper Accuracy: 0.9113636363636364 68 0
Communication round: 74, Eavesdropper Accuracy: 0.9386363636363636 68 0
Communication round: 75, Eavesdropper Accuracy: 0.9204545454545454 68 0
Communication round: 76, Eavesdropper Accuracy: 0.9272727272727272 68 0
Communication round: 77, Eavesdropper Accuracy: 0.9159090909090909 68 0
Communication round: 78, Eavesdropper Accuracy: 0.9340909090909091 68 0
Communication round: 79, Eavesdropper Accuracy: 0.925 68 0
Communication round: 80, Eavesdropper Accuracy: 0.9454545454545454 68 0
Communication round: 81, Eavesdropper Accuracy: 0.9318181818181818 68 0
Communication round: 82, Eavesdropper Accuracy: 0.9090909090909091 68 0
Communication round: 83, Eavesdropper Accuracy: 0.9386363636363636 68 0
Communication round: 84, Eavesdropper Accuracy: 0.925 68 0
Communication round: 85, Eavesdropper Accuracy: 0.9272727272727272 68 0
Communication round: 86, Eavesdropper Accuracy: 0.9204545454545454 68 0
Communication round: 87, Eavesdropper Accuracy: 0.9340909090909091 68 0
Communication round: 88, Eavesdropper Accuracy: 0.9272727272727272 68 0
Communication round: 89, Eavesdropper Accuracy: 0.9045454545454545 68 0
Communication round: 90, Eavesdropper Accuracy: 0.9272727272727272 68 0
Communication round: 91, Eavesdropper Accuracy: 0.9295454545454546 68 0
Communication round: 92, Eavesdropper Accuracy: 0.9272727272727272 68 0
Communication round: 93, Eavesdropper Accuracy: 0.9409090909090909 68 0
Communication round: 94, Eavesdropper Accuracy: 0.9295454545454546 68 0
Communication round: 95, Eavesdropper Accuracy: 0.9113636363636364 68 0
Communication round: 96, Eavesdropper Accuracy: 0.9318181818181818 68 0
Communication round: 97, Eavesdropper Accuracy: 0.9409090909090909 68 0
Communication round: 98, Eavesdropper Accuracy: 0.9272727272727272 68 0
Communication round: 99, Eavesdropper Accuracy: 0.9159090909090909 68 0
----------------------------------------------------------------------------------------------------
----------------------------------------------------------------------------------------------------
20_30_100_1_8_0.9_True_
----------------------------------------------------------------------------------------------------
Communication round: 0, Eavesdropper Accuracy: 0.029545454545454545 1 1
Communication round: 1, Eavesdropper Accuracy: 0.031818181818181815 2 1
Communication round: 2, Eavesdropper Accuracy: 0.031818181818181815 3 1
Communication round: 3, Eavesdropper Accuracy: 0.04090909090909091 4 1
Communication round: 4, Eavesdropper Accuracy: 0.03409090909090909 5 1
Communication round: 5, Eavesdropper Accuracy: 0.03636363636363636 6 1
Communication round: 6, Aggregated Accuracies: 0.13119047619047616 7
Communication round: 6, Eavesdropper Accuracy: 0.11818181818181818 7 1
Communication round: 7, Aggregated Accuracies: 0.21130952380952386 8
Communication round: 7, Eavesdropper Accuracy: 0.2340909090909091 8 1
Communication round: 8, Aggregated Accuracies: 0.34273809523809523 9
Communication round: 8, Eavesdropper Accuracy: 0.35454545454545455 9 1
Communication round: 9, Aggregated Accuracies: 0.45500000000000007 10
Communication round: 9, Eavesdropper Accuracy: 0.4954545454545455 10 1
Communication round: 10, Aggregated Accuracies: 0.5401190476190475 11
Communication round: 10, Eavesdropper Accuracy: 0.615909090909091 11 1
Communication round: 11, Aggregated Accuracies: 0.6303571428571428 12
Communication round: 11, Eavesdropper Accuracy: 0.675 12 1
Communication round: 12, Aggregated Accuracies: 0.6822619047619047 13
Communication round: 12, Eavesdropper Accuracy: 0.7568181818181818 13 1
Communication round: 13, Aggregated Accuracies: 0.7321428571428571 14
Communication round: 13, Eavesdropper Accuracy: 0.7954545454545454 14 1
Communication round: 14, Aggregated Accuracies: 0.7694047619047619 15
Communication round: 14, Eavesdropper Accuracy: 0.7977272727272727 15 1
Communication round: 15, Aggregated Accuracies: 0.7807142857142858 16
Communication round: 15, Eavesdropper Accuracy: 0.8272727272727273 16 1
Communication round: 16, Aggregated Accuracies: 0.809404761904762 17
Communication round: 16, Eavesdropper Accuracy: 0.85 17 1
Communication round: 17, Aggregated Accuracies: 0.8335714285714285 18
Communication round: 17, Eavesdropper Accuracy: 0.8613636363636363 18 1
Communication round: 18, Aggregated Accuracies: 0.8461904761904762 19
Communication round: 18, Eavesdropper Accuracy: 0.875 19 1
Communication round: 19, Aggregated Accuracies: 0.8489285714285717 20
Communication round: 19, Eavesdropper Accuracy: 0.8909090909090909 20 1
Communication round: 20, Aggregated Accuracies: 0.8648809523809524 21
Communication round: 20, Eavesdropper Accuracy: 0.8977272727272727 21 1
Communication round: 21, Eavesdropper Accuracy: 0.8909090909090909 22 1
Communication round: 22, Eavesdropper Accuracy: 0.8863636363636364 23 1
Communication round: 23, Aggregated Accuracies: 0.875595238095238 24
Communication round: 23, Eavesdropper Accuracy: 0.9136363636363637 24 1
Communication round: 24, Eavesdropper Accuracy: 0.9 25 1
Communication round: 25, Eavesdropper Accuracy: 0.8954545454545455 26 1
Communication round: 26, Aggregated Accuracies: 0.8817857142857142 27
Communication round: 26, Eavesdropper Accuracy: 0.8909090909090909 27 1
Communication round: 27, Eavesdropper Accuracy: 0.8954545454545455 28 1
Communication round: 28, Aggregated Accuracies: 0.8852380952380953 29
Communication round: 28, Eavesdropper Accuracy: 0.9113636363636364 29 1
Communication round: 29, Eavesdropper Accuracy: 0.9090909090909091 30 1
Communication round: 30, Aggregated Accuracies: 0.8883333333333334 31
Communication round: 30, Eavesdropper Accuracy: 0.9090909090909091 31 1
Communication round: 31, Aggregated Accuracies: 0.8911904761904761 32
Communication round: 31, Eavesdropper Accuracy: 0.8931818181818182 32 1
Communication round: 32, Eavesdropper Accuracy: 0.9318181818181818 33 1
Communication round: 33, Eavesdropper Accuracy: 0.9181818181818182 34 1
Communication round: 34, Eavesdropper Accuracy: 0.9045454545454545 35 1
Communication round: 35, Eavesdropper Accuracy: 0.8977272727272727 36 1
Communication round: 36, Aggregated Accuracies: 0.8978571428571429 37
Communication round: 36, Eavesdropper Accuracy: 0.9272727272727272 37 1
Communication round: 37, Aggregated Accuracies: 0.8985714285714286 38
Communication round: 37, Eavesdropper Accuracy: 0.9272727272727272 38 1
Communication round: 38, Eavesdropper Accuracy: 0.9204545454545454 39 1
Communication round: 39, Aggregated Accuracies: 0.9052380952380952 40
Communication round: 39, Eavesdropper Accuracy: 0.9227272727272727 40 1
Communication round: 40, Eavesdropper Accuracy: 0.9295454545454546 41 1
Communication round: 41, Eavesdropper Accuracy: 0.9340909090909091 42 1
Communication round: 42, Aggregated Accuracies: 0.9070238095238097 43
Communication round: 42, Eavesdropper Accuracy: 0.9136363636363637 43 1
Communication round: 43, Eavesdropper Accuracy: 0.9136363636363637 44 1
Communication round: 44, Aggregated Accuracies: 0.9084523809523809 45
Communication round: 44, Eavesdropper Accuracy: 0.925 45 1
Communication round: 45, Aggregated Accuracies: 0.9136904761904763 46
Communication round: 45, Eavesdropper Accuracy: 0.9181818181818182 46 1
Communication round: 46, Eavesdropper Accuracy: 0.9409090909090909 47 1
Communication round: 47, Aggregated Accuracies: 0.9154761904761906 48
Communication round: 47, Eavesdropper Accuracy: 0.9363636363636364 48 1
Communication round: 48, Eavesdropper Accuracy: 0.9318181818181818 49 1
Communication round: 49, Eavesdropper Accuracy: 0.9295454545454546 50 1
Communication round: 50, Aggregated Accuracies: 0.9170238095238095 51
Communication round: 50, Eavesdropper Accuracy: 0.9318181818181818 51 1
Communication round: 51, Eavesdropper Accuracy: 0.925 52 1
Communication round: 52, Aggregated Accuracies: 0.9189285714285715 53
Communication round: 52, Eavesdropper Accuracy: 0.9409090909090909 53 1
Communication round: 53, Eavesdropper Accuracy: 0.9363636363636364 54 1
Communication round: 54, Eavesdropper Accuracy: 0.9204545454545454 55 1
Communication round: 55, Eavesdropper Accuracy: 0.9477272727272728 56 1
Communication round: 56, Eavesdropper Accuracy: 0.9318181818181818 57 1
Communication round: 57, Eavesdropper Accuracy: 0.9272727272727272 58 1
Communication round: 58, Aggregated Accuracies: 0.919047619047619 59
Communication round: 58, Eavesdropper Accuracy: 0.9409090909090909 59 1
Communication round: 59, Eavesdropper Accuracy: 0.9386363636363636 59 0
Communication round: 60, Eavesdropper Accuracy: 0.9431818181818182 59 0
Communication round: 61, Eavesdropper Accuracy: 0.9318181818181818 59 0
Communication round: 62, Eavesdropper Accuracy: 0.9340909090909091 59 0
Communication round: 63, Eavesdropper Accuracy: 0.9454545454545454 59 0
Communication round: 64, Eavesdropper Accuracy: 0.9545454545454546 59 0
Communication round: 65, Eavesdropper Accuracy: 0.9386363636363636 59 0
Communication round: 66, Eavesdropper Accuracy: 0.9454545454545454 59 0
Communication round: 67, Eavesdropper Accuracy: 0.9477272727272728 59 0
Communication round: 68, Eavesdropper Accuracy: 0.9386363636363636 59 0
Communication round: 69, Eavesdropper Accuracy: 0.9454545454545454 59 0
Communication round: 70, Eavesdropper Accuracy: 0.9386363636363636 59 0
Communication round: 71, Eavesdropper Accuracy: 0.9431818181818182 59 0
Communication round: 72, Eavesdropper Accuracy: 0.9409090909090909 59 0
Communication round: 73, Eavesdropper Accuracy: 0.9318181818181818 59 0
Communication round: 74, Eavesdropper Accuracy: 0.9340909090909091 59 0
Communication round: 75, Eavesdropper Accuracy: 0.9477272727272728 59 0
Communication round: 76, Eavesdropper Accuracy: 0.9340909090909091 59 0
Communication round: 77, Eavesdropper Accuracy: 0.9318181818181818 59 0
Communication round: 78, Eavesdropper Accuracy: 0.9295454545454546 59 0
Communication round: 79, Eavesdropper Accuracy: 0.9477272727272728 59 0
Communication round: 80, Eavesdropper Accuracy: 0.95 59 0
Communication round: 81, Eavesdropper Accuracy: 0.95 59 0
Communication round: 82, Eavesdropper Accuracy: 0.9272727272727272 59 0
Communication round: 83, Eavesdropper Accuracy: 0.9454545454545454 59 0
Communication round: 84, Eavesdropper Accuracy: 0.9568181818181818 59 0
Communication round: 85, Eavesdropper Accuracy: 0.9454545454545454 59 0
Communication round: 86, Eavesdropper Accuracy: 0.9340909090909091 59 0
Communication round: 87, Eavesdropper Accuracy: 0.9522727272727273 59 0
Communication round: 88, Eavesdropper Accuracy: 0.9363636363636364 59 0
Communication round: 89, Eavesdropper Accuracy: 0.9318181818181818 59 0
Communication round: 90, Eavesdropper Accuracy: 0.9272727272727272 59 0
Communication round: 91, Eavesdropper Accuracy: 0.9318181818181818 59 0
Communication round: 92, Eavesdropper Accuracy: 0.9431818181818182 59 0
Communication round: 93, Eavesdropper Accuracy: 0.9340909090909091 59 0
Communication round: 94, Eavesdropper Accuracy: 0.9272727272727272 59 0
Communication round: 95, Eavesdropper Accuracy: 0.9454545454545454 59 0
Communication round: 96, Eavesdropper Accuracy: 0.9386363636363636 59 0
Communication round: 97, Eavesdropper Accuracy: 0.9431818181818182 59 0
Communication round: 98, Eavesdropper Accuracy: 0.95 59 0
Communication round: 99, Eavesdropper Accuracy: 0.9409090909090909 59 0
----------------------------------------------------------------------------------------------------
----------------------------------------------------------------------------------------------------
20_30_100_1_8_0.9_True_
----------------------------------------------------------------------------------------------------
Communication round: 0, Eavesdropper Accuracy: 0.07272727272727272 1 1
Communication round: 1, Aggregated Accuracies: 0.11523809523809525 2
Communication round: 1, Eavesdropper Accuracy: 0.10681818181818181 2 1
Communication round: 2, Eavesdropper Accuracy: 0.09772727272727273 3 1
Communication round: 3, Aggregated Accuracies: 0.19523809523809524 4
Communication round: 3, Eavesdropper Accuracy: 0.20454545454545456 4 1
Communication round: 4, Eavesdropper Accuracy: 0.18409090909090908 5 1
Communication round: 5, Eavesdropper Accuracy: 0.21136363636363636 6 1
Communication round: 6, Eavesdropper Accuracy: 0.175 7 1
Communication round: 7, Eavesdropper Accuracy: 0.18181818181818182 8 1
Communication round: 8, Aggregated Accuracies: 0.26928571428571435 9
Communication round: 8, Eavesdropper Accuracy: 0.2681818181818182 9 1
Communication round: 9, Aggregated Accuracies: 0.3678571428571428 10
Communication round: 9, Eavesdropper Accuracy: 0.41818181818181815 10 1
Communication round: 10, Eavesdropper Accuracy: 0.39090909090909093 11 1
Communication round: 11, Eavesdropper Accuracy: 0.4068181818181818 12 1
Communication round: 12, Eavesdropper Accuracy: 0.43863636363636366 13 1
Communication round: 13, Aggregated Accuracies: 0.4647619047619048 14
Communication round: 13, Eavesdropper Accuracy: 0.5068181818181818 14 1
Communication round: 14, Aggregated Accuracies: 0.5548809523809524 15
Communication round: 14, Eavesdropper Accuracy: 0.615909090909091 15 1
Communication round: 15, Aggregated Accuracies: 0.6189285714285714 16
Communication round: 15, Eavesdropper Accuracy: 0.675 16 1
Communication round: 16, Aggregated Accuracies: 0.6583333333333333 17
Communication round: 16, Eavesdropper Accuracy: 0.7113636363636363 17 1
Communication round: 17, Eavesdropper Accuracy: 0.6613636363636364 18 1
Communication round: 18, Eavesdropper Accuracy: 0.7022727272727273 19 1
Communication round: 19, Eavesdropper Accuracy: 0.6818181818181818 20 1
Communication round: 20, Eavesdropper Accuracy: 0.7340909090909091 21 1
Communication round: 21, Eavesdropper Accuracy: 0.675 22 1
Communication round: 22, Aggregated Accuracies: 0.6998809523809523 23
Communication round: 22, Eavesdropper Accuracy: 0.7431818181818182 23 1
Communication round: 23, Aggregated Accuracies: 0.7420238095238098 24
Communication round: 23, Eavesdropper Accuracy: 0.7613636363636364 24 1
Communication round: 24, Eavesdropper Accuracy: 0.7840909090909091 25 1
Communication round: 25, Aggregated Accuracies: 0.7664285714285716 26
Communication round: 25, Eavesdropper Accuracy: 0.7954545454545454 26 1
Communication round: 26, Eavesdropper Accuracy: 0.7931818181818182 27 1
Communication round: 27, Aggregated Accuracies: 0.8014285714285714 28
Communication round: 27, Eavesdropper Accuracy: 0.8204545454545454 28 1
Communication round: 28, Aggregated Accuracies: 0.8167857142857142 29
Communication round: 28, Eavesdropper Accuracy: 0.8318181818181818 29 1
Communication round: 29, Aggregated Accuracies: 0.8352380952380953 30
Communication round: 29, Eavesdropper Accuracy: 0.8590909090909091 30 1
Communication round: 30, Aggregated Accuracies: 0.8495238095238093 31
Communication round: 30, Eavesdropper Accuracy: 0.8613636363636363 31 1
Communication round: 31, Eavesdropper Accuracy: 0.865909090909091 32 1
Communication round: 32, Aggregated Accuracies: 0.8629761904761907 33
Communication round: 32, Eavesdropper Accuracy: 0.8727272727272727 33 1
Communication round: 33, Aggregated Accuracies: 0.8702380952380953 34
Communication round: 33, Eavesdropper Accuracy: 0.8636363636363636 34 1
Communication round: 34, Aggregated Accuracies: 0.8757142857142858 35
Communication round: 34, Eavesdropper Accuracy: 0.8909090909090909 35 1
Communication round: 35, Aggregated Accuracies: 0.8860714285714284 36
Communication round: 35, Eavesdropper Accuracy: 0.8954545454545455 36 1
Communication round: 36, Eavesdropper Accuracy: 0.8954545454545455 37 1
Communication round: 37, Aggregated Accuracies: 0.8885714285714285 38
Communication round: 37, Eavesdropper Accuracy: 0.9 38 1
Communication round: 38, Aggregated Accuracies: 0.8975 39
Communication round: 38, Eavesdropper Accuracy: 0.8909090909090909 39 1
Communication round: 39, Eavesdropper Accuracy: 0.8886363636363637 40 1
Communication round: 40, Aggregated Accuracies: 0.8995238095238094 41
Communication round: 40, Eavesdropper Accuracy: 0.9204545454545454 41 1
Communication round: 41, Aggregated Accuracies: 0.9036904761904762 42
Communication round: 41, Eavesdropper Accuracy: 0.8886363636363637 42 1
Communication round: 42, Aggregated Accuracies: 0.9072619047619048 43
Communication round: 42, Eavesdropper Accuracy: 0.9022727272727272 43 1
Communication round: 43, Aggregated Accuracies: 0.9145238095238095 44
Communication round: 43, Eavesdropper Accuracy: 0.9227272727272727 44 1
Communication round: 44, Aggregated Accuracies: 0.9126190476190477 45
Communication round: 44, Eavesdropper Accuracy: 0.9113636363636364 45 1
Communication round: 45, Aggregated Accuracies: 0.9171428571428573 46
Communication round: 45, Eavesdropper Accuracy: 0.9113636363636364 46 1
Communication round: 46, Aggregated Accuracies: 0.9211904761904759 47
Communication round: 46, Eavesdropper Accuracy: 0.9204545454545454 47 1
Communication round: 47, Eavesdropper Accuracy: 0.9386363636363636 48 1
Communication round: 48, Eavesdropper Accuracy: 0.9295454545454546 49 1
Communication round: 49, Aggregated Accuracies: 0.923095238095238 50
Communication round: 49, Eavesdropper Accuracy: 0.9340909090909091 50 1
Communication round: 50, Aggregated Accuracies: 0.9286904761904763 51
Communication round: 50, Eavesdropper Accuracy: 0.9340909090909091 51 1
Communication round: 51, Eavesdropper Accuracy: 0.925 51 0
Communication round: 52, Eavesdropper Accuracy: 0.9272727272727272 51 0
Communication round: 53, Eavesdropper Accuracy: 0.9318181818181818 51 0
Communication round: 54, Eavesdropper Accuracy: 0.9363636363636364 51 0
Communication round: 55, Eavesdropper Accuracy: 0.9204545454545454 51 0
Communication round: 56, Eavesdropper Accuracy: 0.9227272727272727 51 0
Communication round: 57, Eavesdropper Accuracy: 0.9272727272727272 51 0
Communication round: 58, Eavesdropper Accuracy: 0.9204545454545454 51 0
Communication round: 59, Eavesdropper Accuracy: 0.9386363636363636 51 0
Communication round: 60, Eavesdropper Accuracy: 0.9227272727272727 51 0
Communication round: 61, Eavesdropper Accuracy: 0.9363636363636364 51 0
Communication round: 62, Eavesdropper Accuracy: 0.9159090909090909 51 0
Communication round: 63, Eavesdropper Accuracy: 0.9181818181818182 51 0
Communication round: 64, Eavesdropper Accuracy: 0.9318181818181818 51 0
Communication round: 65, Eavesdropper Accuracy: 0.9295454545454546 51 0
Communication round: 66, Eavesdropper Accuracy: 0.9409090909090909 51 0
Communication round: 67, Eavesdropper Accuracy: 0.9204545454545454 51 0
Communication round: 68, Eavesdropper Accuracy: 0.9181818181818182 51 0
Communication round: 69, Eavesdropper Accuracy: 0.9295454545454546 51 0
Communication round: 70, Eavesdropper Accuracy: 0.9409090909090909 51 0
Communication round: 71, Eavesdropper Accuracy: 0.9318181818181818 51 0
Communication round: 72, Eavesdropper Accuracy: 0.9159090909090909 51 0
Communication round: 73, Eavesdropper Accuracy: 0.9431818181818182 51 0
Communication round: 74, Eavesdropper Accuracy: 0.9363636363636364 51 0
Communication round: 75, Eavesdropper Accuracy: 0.9363636363636364 51 0
Communication round: 76, Eavesdropper Accuracy: 0.925 51 0
Communication round: 77, Eavesdropper Accuracy: 0.9431818181818182 51 0
Communication round: 78, Eavesdropper Accuracy: 0.9386363636363636 51 0
Communication round: 79, Eavesdropper Accuracy: 0.9431818181818182 51 0
Communication round: 80, Eavesdropper Accuracy: 0.9318181818181818 51 0
Communication round: 81, Eavesdropper Accuracy: 0.9204545454545454 51 0
Communication round: 82, Eavesdropper Accuracy: 0.9318181818181818 51 0
Communication round: 83, Eavesdropper Accuracy: 0.9227272727272727 51 0
Communication round: 84, Eavesdropper Accuracy: 0.9454545454545454 51 0
Communication round: 85, Eavesdropper Accuracy: 0.9204545454545454 51 0
Communication round: 86, Eavesdropper Accuracy: 0.9386363636363636 51 0
Communication round: 87, Eavesdropper Accuracy: 0.9272727272727272 51 0
Communication round: 88, Eavesdropper Accuracy: 0.9318181818181818 51 0
Communication round: 89, Eavesdropper Accuracy: 0.9386363636363636 51 0
Communication round: 90, Eavesdropper Accuracy: 0.9113636363636364 51 0
Communication round: 91, Eavesdropper Accuracy: 0.9454545454545454 51 0
Communication round: 92, Eavesdropper Accuracy: 0.9386363636363636 51 0
Communication round: 93, Eavesdropper Accuracy: 0.9318181818181818 51 0
Communication round: 94, Eavesdropper Accuracy: 0.9295454545454546 51 0
Communication round: 95, Eavesdropper Accuracy: 0.9340909090909091 51 0
Communication round: 96, Eavesdropper Accuracy: 0.9272727272727272 51 0
Communication round: 97, Eavesdropper Accuracy: 0.9136363636363637 51 0
Communication round: 98, Eavesdropper Accuracy: 0.925 51 0
Communication round: 99, Eavesdropper Accuracy: 0.9272727272727272 51 0
----------------------------------------------------------------------------------------------------
