----------------------------------------------------------------------------------------------------
20_30_100_1_2_0.99_False_
----------------------------------------------------------------------------------------------------
Communication round: 0, Smart Eavesdropper Accuracy: 0.17727272727272728 0 0
Communication round: 1, Smart Eavesdropper Accuracy: 0.22272727272727272 1 1
Communication round: 2, Aggregated Accuracies: 0.1532142857142857 2
Communication round: 2, Eavesdropper Accuracy: 0.1340909090909091 2 1
Communication round: 3, Smart Eavesdropper Accuracy: 0.19545454545454546 2 0
Communication round: 4, Smart Eavesdropper Accuracy: 0.21136363636363636 2 0
Communication round: 5, Aggregated Accuracies: 0.2588095238095238 3
Communication round: 5, Smart Eavesdropper Accuracy: 0.25227272727272726 3 1
Communication round: 6, Aggregated Accuracies: 0.4113095238095238 4
Communication round: 6, Eavesdropper Accuracy: 0.47045454545454546 4 1
Communication round: 7, Smart Eavesdropper Accuracy: 0.21136363636363636 4 0
Communication round: 8, Aggregated Accuracies: 0.47464285714285703 5
Communication round: 8, Eavesdropper Accuracy: 0.5022727272727273 5 1
Communication round: 9, Aggregated Accuracies: 0.5710714285714286 6
Communication round: 9, Eavesdropper Accuracy: 0.625 6 1
Communication round: 10, Eavesdropper Accuracy: 0.65 6 0
Communication round: 11, Aggregated Accuracies: 0.6178571428571431 7
Communication round: 11, Eavesdropper Accuracy: 0.6840909090909091 7 1
Communication round: 12, Aggregated Accuracies: 0.6920238095238096 8
Communication round: 12, Eavesdropper Accuracy: 0.7659090909090909 8 1
Communication round: 13, Eavesdropper Accuracy: 0.7613636363636364 8 0
Communication round: 14, Eavesdropper Accuracy: 0.7113636363636363 8 0
Communication round: 15, Aggregated Accuracies: 0.7320238095238094 9
Communication round: 15, Eavesdropper Accuracy: 0.7636363636363637 9 1
Communication round: 16, Eavesdropper Accuracy: 0.8136363636363636 9 0
Communication round: 17, Aggregated Accuracies: 0.7626190476190478 10
Communication round: 17, Eavesdropper Accuracy: 0.8 10 1
Communication round: 18, Eavesdropper Accuracy: 0.7909090909090909 11 1
Communication round: 19, Eavesdropper Accuracy: 0.7977272727272727 12 1
Communication round: 20, Eavesdropper Accuracy: 0.7931818181818182 13 1
Communication round: 21, Eavesdropper Accuracy: 0.8090909090909091 14 1
Communication round: 22, Eavesdropper Accuracy: 0.7772727272727272 14 0
Communication round: 23, Eavesdropper Accuracy: 0.8113636363636364 15 1
Communication round: 24, Eavesdropper Accuracy: 0.7931818181818182 15 0
Communication round: 25, Eavesdropper Accuracy: 0.7954545454545454 15 0
Communication round: 26, Eavesdropper Accuracy: 0.8295454545454546 16 1
Communication round: 27, Eavesdropper Accuracy: 0.7818181818181819 16 0
Communication round: 28, Eavesdropper Accuracy: 0.8068181818181818 17 1
Communication round: 29, Eavesdropper Accuracy: 0.775 18 1
Communication round: 30, Eavesdropper Accuracy: 0.8022727272727272 19 1
Communication round: 31, Eavesdropper Accuracy: 0.7659090909090909 19 0
Communication round: 32, Eavesdropper Accuracy: 0.8227272727272728 20 1
Communication round: 33, Eavesdropper Accuracy: 0.7931818181818182 20 0
Communication round: 34, Eavesdropper Accuracy: 0.7931818181818182 20 0
Communication round: 35, Eavesdropper Accuracy: 0.8045454545454546 20 0
Communication round: 36, Eavesdropper Accuracy: 0.8113636363636364 21 1
Communication round: 37, Aggregated Accuracies: 0.7870238095238097 22
Communication round: 37, Eavesdropper Accuracy: 0.8272727272727273 22 1
Communication round: 38, Aggregated Accuracies: 0.8121428571428572 23
Communication round: 38, Eavesdropper Accuracy: 0.8590909090909091 23 1
Communication round: 39, Aggregated Accuracies: 0.8273809523809523 24
Communication round: 39, Eavesdropper Accuracy: 0.8681818181818182 24 1
Communication round: 40, Aggregated Accuracies: 0.8383333333333333 25
Communication round: 40, Eavesdropper Accuracy: 0.8636363636363636 25 1
Communication round: 41, Aggregated Accuracies: 0.849642857142857 26
Communication round: 41, Eavesdropper Accuracy: 0.8386363636363636 26 1
Communication round: 42, Aggregated Accuracies: 0.862857142857143 27
Communication round: 42, Eavesdropper Accuracy: 0.865909090909091 27 1
Communication round: 43, Aggregated Accuracies: 0.8727380952380953 28
Communication round: 43, Eavesdropper Accuracy: 0.8545454545454545 28 1
Communication round: 44, Aggregated Accuracies: 0.8758333333333335 29
Communication round: 44, Eavesdropper Accuracy: 0.8954545454545455 29 1
Communication round: 45, Aggregated Accuracies: 0.8854761904761906 30
Communication round: 45, Eavesdropper Accuracy: 0.9090909090909091 30 1
Communication round: 46, Eavesdropper Accuracy: 0.8590909090909091 31 1
Communication round: 47, Eavesdropper Accuracy: 0.8977272727272727 31 0
Communication round: 48, Eavesdropper Accuracy: 0.9022727272727272 31 0
Communication round: 49, Eavesdropper Accuracy: 0.9136363636363637 31 0
Communication round: 50, Eavesdropper Accuracy: 0.8954545454545455 31 0
Communication round: 51, Eavesdropper Accuracy: 0.884090909090909 31 0
Communication round: 52, Eavesdropper Accuracy: 0.865909090909091 31 0
Communication round: 53, Eavesdropper Accuracy: 0.8613636363636363 31 0
Communication round: 54, Eavesdropper Accuracy: 0.8931818181818182 31 0
Communication round: 55, Eavesdropper Accuracy: 0.8863636363636364 31 0
Communication round: 56, Eavesdropper Accuracy: 0.9113636363636364 31 0
Communication round: 57, Eavesdropper Accuracy: 0.8727272727272727 31 0
Communication round: 58, Eavesdropper Accuracy: 0.9090909090909091 31 0
Communication round: 59, Eavesdropper Accuracy: 0.8886363636363637 31 0
Communication round: 60, Eavesdropper Accuracy: 0.884090909090909 31 0
Communication round: 61, Smart Eavesdropper Accuracy: 0.6113636363636363 31 0
Communication round: 62, Smart Eavesdropper Accuracy: 0.5363636363636364 31 0
Communication round: 63, Smart Eavesdropper Accuracy: 0.6886363636363636 31 0
Communication round: 64, Smart Eavesdropper Accuracy: 0.625 31 0
Communication round: 65, Smart Eavesdropper Accuracy: 0.6454545454545455 31 0
Communication round: 66, Smart Eavesdropper Accuracy: 0.6818181818181818 31 0
Communication round: 67, Smart Eavesdropper Accuracy: 0.675 31 0
Communication round: 68, Smart Eavesdropper Accuracy: 0.6727272727272727 31 0
Communication round: 69, Smart Eavesdropper Accuracy: 0.5659090909090909 31 0
Communication round: 70, Smart Eavesdropper Accuracy: 0.6272727272727273 31 0
Communication round: 71, Smart Eavesdropper Accuracy: 0.6931818181818182 31 0
Communication round: 72, Smart Eavesdropper Accuracy: 0.6659090909090909 31 0
Communication round: 73, Smart Eavesdropper Accuracy: 0.6181818181818182 31 0
Communication round: 74, Smart Eavesdropper Accuracy: 0.675 31 0
Communication round: 75, Smart Eavesdropper Accuracy: 0.675 31 0
Communication round: 76, Smart Eavesdropper Accuracy: 0.6568181818181819 31 0
Communication round: 77, Smart Eavesdropper Accuracy: 0.6113636363636363 31 0
Communication round: 78, Smart Eavesdropper Accuracy: 0.7022727272727273 31 0
Communication round: 79, Smart Eavesdropper Accuracy: 0.634090909090909 31 0
Communication round: 80, Smart Eavesdropper Accuracy: 0.6522727272727272 31 0
Communication round: 81, Smart Eavesdropper Accuracy: 0.5909090909090909 31 0
Communication round: 82, Smart Eavesdropper Accuracy: 0.6795454545454546 31 0
Communication round: 83, Aggregated Accuracies: 0.8895238095238094 32
Communication round: 83, Smart Eavesdropper Accuracy: 0.6954545454545454 32 1
Communication round: 84, Aggregated Accuracies: 0.8941666666666667 33
Communication round: 84, Smart Eavesdropper Accuracy: 0.675 33 1
Communication round: 85, Aggregated Accuracies: 0.8983333333333332 34
Communication round: 85, Smart Eavesdropper Accuracy: 0.6590909090909091 34 1
Communication round: 86, Aggregated Accuracies: 0.9054761904761903 35
Communication round: 86, Smart Eavesdropper Accuracy: 0.6204545454545455 35 1
