----------------------------------------------------------------------------------------------------
50_30_100_0.1_2_0.99_False_
----------------------------------------------------------------------------------------------------
Communication round: 0, Eavesdropper Accuracy: 0.11363636363636363 1 1
Communication round: 1, Smart Eavesdropper Accuracy: 0.07045454545454545 1 0
Communication round: 2, Smart Eavesdropper Accuracy: 0.12727272727272726 1 0
Communication round: 3, Smart Eavesdropper Accuracy: 0.07727272727272727 1 0
Communication round: 4, Smart Eavesdropper Accuracy: 0.15681818181818183 1 0
Communication round: 5, Smart Eavesdropper Accuracy: 0.10227272727272728 1 0
Communication round: 6, Smart Eavesdropper Accuracy: 0.16590909090909092 1 0
Communication round: 7, Smart Eavesdropper Accuracy: 0.17727272727272728 1 0
Communication round: 8, Smart Eavesdropper Accuracy: 0.19090909090909092 2 1
Communication round: 9, Aggregated Accuracies: 0.13416666666666668 3
Communication round: 9, Smart Eavesdropper Accuracy: 0.14545454545454545 3 1
Communication round: 10, Smart Eavesdropper Accuracy: 0.17045454545454544 3 0
Communication round: 11, Smart Eavesdropper Accuracy: 0.17272727272727273 4 1
Communication round: 12, Aggregated Accuracies: 0.17702380952380953 5
Communication round: 12, Smart Eavesdropper Accuracy: 0.19090909090909092 5 1
Communication round: 13, Smart Eavesdropper Accuracy: 0.18409090909090908 5 0
Communication round: 14, Aggregated Accuracies: 0.21333333333333335 6
Communication round: 14, Smart Eavesdropper Accuracy: 0.16590909090909092 6 1
Communication round: 15, Aggregated Accuracies: 0.29095238095238096 7
Communication round: 15, Smart Eavesdropper Accuracy: 0.18181818181818182 7 1
Communication round: 16, Aggregated Accuracies: 0.344047619047619 8
Communication round: 16, Smart Eavesdropper Accuracy: 0.18636363636363637 8 1
Communication round: 17, Aggregated Accuracies: 0.3952380952380954 9
Communication round: 17, Smart Eavesdropper Accuracy: 0.2 9 1
Communication round: 18, Smart Eavesdropper Accuracy: 0.175 9 0
Communication round: 19, Aggregated Accuracies: 0.4438095238095238 10
Communication round: 19, Smart Eavesdropper Accuracy: 0.19090909090909092 10 1
Communication round: 20, Smart Eavesdropper Accuracy: 0.19090909090909092 10 0
Communication round: 21, Aggregated Accuracies: 0.48928571428571416 11
Communication round: 21, Smart Eavesdropper Accuracy: 0.20454545454545456 11 1
Communication round: 22, Smart Eavesdropper Accuracy: 0.17045454545454544 11 0
Communication round: 23, Smart Eavesdropper Accuracy: 0.20227272727272727 11 0
Communication round: 24, Smart Eavesdropper Accuracy: 0.175 11 0
Communication round: 25, Smart Eavesdropper Accuracy: 0.175 11 0
Communication round: 26, Smart Eavesdropper Accuracy: 0.17045454545454544 11 0
Communication round: 27, Smart Eavesdropper Accuracy: 0.17954545454545454 11 0
Communication round: 28, Smart Eavesdropper Accuracy: 0.16818181818181818 11 0
Communication round: 29, Smart Eavesdropper Accuracy: 0.20681818181818182 11 0
Communication round: 30, Smart Eavesdropper Accuracy: 0.19090909090909092 12 1
Communication round: 31, Aggregated Accuracies: 0.5069047619047619 13
Communication round: 31, Smart Eavesdropper Accuracy: 0.22954545454545455 13 1
Communication round: 32, Smart Eavesdropper Accuracy: 0.17045454545454544 14 1
Communication round: 33, Smart Eavesdropper Accuracy: 0.19090909090909092 15 1
Communication round: 34, Smart Eavesdropper Accuracy: 0.175 16 1
Communication round: 35, Smart Eavesdropper Accuracy: 0.175 17 1
Communication round: 36, Smart Eavesdropper Accuracy: 0.20227272727272727 18 1
Communication round: 37, Aggregated Accuracies: 0.5336904761904762 19
Communication round: 37, Smart Eavesdropper Accuracy: 0.19772727272727272 19 1
Communication round: 38, Eavesdropper Accuracy: 0.5431818181818182 20 1
Communication round: 39, Eavesdropper Accuracy: 0.5886363636363636 21 1
Communication round: 40, Aggregated Accuracies: 0.5675 22
Communication round: 40, Eavesdropper Accuracy: 0.5977272727272728 22 1
Communication round: 41, Eavesdropper Accuracy: 0.6227272727272727 22 0
Communication round: 42, Eavesdropper Accuracy: 0.6113636363636363 22 0
Communication round: 43, Smart Eavesdropper Accuracy: 0.2159090909090909 22 0
Communication round: 44, Smart Eavesdropper Accuracy: 0.19090909090909092 22 0
Communication round: 45, Smart Eavesdropper Accuracy: 0.18409090909090908 22 0
Communication round: 46, Smart Eavesdropper Accuracy: 0.17727272727272728 22 0
Communication round: 47, Smart Eavesdropper Accuracy: 0.17727272727272728 22 0
Communication round: 48, Smart Eavesdropper Accuracy: 0.18863636363636363 22 0
Communication round: 49, Smart Eavesdropper Accuracy: 0.175 22 0
Communication round: 50, Smart Eavesdropper Accuracy: 0.17272727272727273 22 0
Communication round: 51, Smart Eavesdropper Accuracy: 0.16818181818181818 23 1
Communication round: 52, Aggregated Accuracies: 0.5847619047619047 24
Communication round: 52, Smart Eavesdropper Accuracy: 0.16590909090909092 24 1
Communication round: 53, Aggregated Accuracies: 0.618452380952381 25
Communication round: 53, Smart Eavesdropper Accuracy: 0.17045454545454544 25 1
Communication round: 54, Smart Eavesdropper Accuracy: 0.2409090909090909 25 0
Communication round: 55, Smart Eavesdropper Accuracy: 0.18636363636363637 25 0
Communication round: 56, Smart Eavesdropper Accuracy: 0.19772727272727272 25 0
Communication round: 57, Smart Eavesdropper Accuracy: 0.19318181818181818 25 0
Communication round: 58, Smart Eavesdropper Accuracy: 0.17954545454545454 25 0
Communication round: 59, Smart Eavesdropper Accuracy: 0.21136363636363636 25 0
Communication round: 60, Smart Eavesdropper Accuracy: 0.19772727272727272 25 0
Communication round: 61, Smart Eavesdropper Accuracy: 0.19318181818181818 25 0
Communication round: 62, Smart Eavesdropper Accuracy: 0.20227272727272727 25 0
Communication round: 63, Smart Eavesdropper Accuracy: 0.21363636363636362 25 0
Communication round: 64, Smart Eavesdropper Accuracy: 0.17954545454545454 25 0
Communication round: 65, Aggregated Accuracies: 0.637142857142857 26
Communication round: 65, Smart Eavesdropper Accuracy: 0.2 26 1
Communication round: 66, Smart Eavesdropper Accuracy: 0.25 26 0
Communication round: 67, Smart Eavesdropper Accuracy: 0.18863636363636363 26 0
Communication round: 68, Smart Eavesdropper Accuracy: 0.21363636363636362 26 0
Communication round: 69, Smart Eavesdropper Accuracy: 0.2159090909090909 26 0
Communication round: 70, Smart Eavesdropper Accuracy: 0.22272727272727272 26 0
Communication round: 71, Smart Eavesdropper Accuracy: 0.24772727272727274 26 0
Communication round: 72, Smart Eavesdropper Accuracy: 0.23636363636363636 26 0
Communication round: 73, Smart Eavesdropper Accuracy: 0.21363636363636362 26 0
Communication round: 74, Smart Eavesdropper Accuracy: 0.18863636363636363 26 0
Communication round: 75, Smart Eavesdropper Accuracy: 0.19772727272727272 26 0
Communication round: 76, Smart Eavesdropper Accuracy: 0.2318181818181818 26 0
Communication round: 77, Smart Eavesdropper Accuracy: 0.22727272727272727 26 0
Communication round: 78, Smart Eavesdropper Accuracy: 0.2159090909090909 26 0
Communication round: 79, Smart Eavesdropper Accuracy: 0.22045454545454546 26 0
Communication round: 80, Smart Eavesdropper Accuracy: 0.2409090909090909 26 0
Communication round: 81, Smart Eavesdropper Accuracy: 0.20909090909090908 26 0
Communication round: 82, Smart Eavesdropper Accuracy: 0.23636363636363636 26 0
Communication round: 83, Smart Eavesdropper Accuracy: 0.20454545454545456 26 0
Communication round: 84, Smart Eavesdropper Accuracy: 0.24772727272727274 26 0
Communication round: 85, Smart Eavesdropper Accuracy: 0.2159090909090909 26 0
Communication round: 86, Smart Eavesdropper Accuracy: 0.20681818181818182 26 0
Communication round: 87, Smart Eavesdropper Accuracy: 0.23863636363636365 26 0
Communication round: 88, Smart Eavesdropper Accuracy: 0.22727272727272727 26 0
Communication round: 89, Smart Eavesdropper Accuracy: 0.23863636363636365 26 0
Communication round: 90, Smart Eavesdropper Accuracy: 0.225 26 0
Communication round: 91, Smart Eavesdropper Accuracy: 0.2409090909090909 26 0
Communication round: 92, Smart Eavesdropper Accuracy: 0.20454545454545456 26 0
Communication round: 93, Smart Eavesdropper Accuracy: 0.24545454545454545 26 0
Communication round: 94, Smart Eavesdropper Accuracy: 0.22727272727272727 26 0
Communication round: 95, Smart Eavesdropper Accuracy: 0.2340909090909091 26 0
Communication round: 96, Smart Eavesdropper Accuracy: 0.23636363636363636 26 0
Communication round: 97, Smart Eavesdropper Accuracy: 0.20227272727272727 26 0
Communication round: 98, Smart Eavesdropper Accuracy: 0.17954545454545454 26 0
Communication round: 99, Smart Eavesdropper Accuracy: 0.23636363636363636 26 0
----------------------------------------------------------------------------------------------------
----------------------------------------------------------------------------------------------------
50_30_100_0.1_2_0.99_False_
----------------------------------------------------------------------------------------------------
Communication round: 0, Smart Eavesdropper Accuracy: 0.07954545454545454 0 0
Communication round: 1, Smart Eavesdropper Accuracy: 0.1590909090909091 1 1
Communication round: 2, Eavesdropper Accuracy: 0.13863636363636364 2 1
Communication round: 3, Aggregated Accuracies: 0.14714285714285721 3
Communication round: 3, Eavesdropper Accuracy: 0.16818181818181818 3 1
Communication round: 4, Eavesdropper Accuracy: 0.18636363636363637 4 1
Communication round: 5, Eavesdropper Accuracy: 0.16590909090909092 5 1
Communication round: 6, Eavesdropper Accuracy: 0.18409090909090908 6 1
Communication round: 7, Aggregated Accuracies: 0.21047619047619043 7
Communication round: 7, Eavesdropper Accuracy: 0.20909090909090908 7 1
Communication round: 8, Aggregated Accuracies: 0.2532142857142858 8
Communication round: 8, Eavesdropper Accuracy: 0.25 8 1
Communication round: 9, Aggregated Accuracies: 0.3080952380952382 9
Communication round: 9, Eavesdropper Accuracy: 0.3522727272727273 9 1
Communication round: 10, Aggregated Accuracies: 0.35571428571428576 10
Communication round: 10, Eavesdropper Accuracy: 0.3795454545454545 10 1
Communication round: 11, Aggregated Accuracies: 0.40011904761904765 11
Communication round: 11, Eavesdropper Accuracy: 0.42954545454545456 11 1
Communication round: 12, Aggregated Accuracies: 0.4497619047619048 12
Communication round: 12, Eavesdropper Accuracy: 0.48863636363636365 12 1
Communication round: 13, Aggregated Accuracies: 0.5008333333333331 13
Communication round: 13, Eavesdropper Accuracy: 0.55 13 1
Communication round: 14, Aggregated Accuracies: 0.5383333333333333 14
Communication round: 14, Eavesdropper Accuracy: 0.5568181818181818 14 1
Communication round: 15, Aggregated Accuracies: 0.5734523809523809 15
Communication round: 15, Eavesdropper Accuracy: 0.5704545454545454 15 1
Communication round: 16, Aggregated Accuracies: 0.5884523809523808 16
Communication round: 16, Eavesdropper Accuracy: 0.6318181818181818 16 1
Communication round: 17, Aggregated Accuracies: 0.6166666666666667 17
Communication round: 17, Eavesdropper Accuracy: 0.65 17 1
Communication round: 18, Aggregated Accuracies: 0.6414285714285712 18
Communication round: 18, Eavesdropper Accuracy: 0.6840909090909091 18 1
Communication round: 19, Aggregated Accuracies: 0.6802380952380953 19
Communication round: 19, Eavesdropper Accuracy: 0.7068181818181818 19 1
Communication round: 20, Aggregated Accuracies: 0.686904761904762 20
Communication round: 20, Eavesdropper Accuracy: 0.7363636363636363 20 1
Communication round: 21, Aggregated Accuracies: 0.7129761904761903 21
Communication round: 21, Eavesdropper Accuracy: 0.7568181818181818 21 1
Communication round: 22, Aggregated Accuracies: 0.7278571428571429 22
Communication round: 22, Eavesdropper Accuracy: 0.7727272727272727 22 1
Communication round: 23, Aggregated Accuracies: 0.7388095238095237 23
Communication round: 23, Eavesdropper Accuracy: 0.7818181818181819 23 1
Communication round: 24, Aggregated Accuracies: 0.757857142857143 24
Communication round: 24, Eavesdropper Accuracy: 0.775 24 1
Communication round: 25, Aggregated Accuracies: 0.7722619047619049 25
Communication round: 25, Eavesdropper Accuracy: 0.7818181818181819 25 1
Communication round: 26, Aggregated Accuracies: 0.7759523809523811 26
Communication round: 26, Eavesdropper Accuracy: 0.7795454545454545 26 1
Communication round: 27, Aggregated Accuracies: 0.7944047619047617 27
Communication round: 27, Eavesdropper Accuracy: 0.8090909090909091 27 1
Communication round: 28, Aggregated Accuracies: 0.797738095238095 28
Communication round: 28, Eavesdropper Accuracy: 0.825 28 1
Communication round: 29, Aggregated Accuracies: 0.8114285714285717 29
Communication round: 29, Eavesdropper Accuracy: 0.8181818181818182 29 1
Communication round: 30, Aggregated Accuracies: 0.8201190476190477 30
Communication round: 30, Eavesdropper Accuracy: 0.8340909090909091 30 1
Communication round: 31, Aggregated Accuracies: 0.8221428571428574 31
Communication round: 31, Eavesdropper Accuracy: 0.8363636363636363 31 1
Communication round: 32, Aggregated Accuracies: 0.8316666666666669 32
Communication round: 32, Eavesdropper Accuracy: 0.8386363636363636 32 1
Communication round: 33, Aggregated Accuracies: 0.8329761904761902 33
Communication round: 33, Eavesdropper Accuracy: 0.8181818181818182 33 1
Communication round: 34, Aggregated Accuracies: 0.843333333333333 34
Communication round: 34, Eavesdropper Accuracy: 0.8636363636363636 34 1
Communication round: 35, Eavesdropper Accuracy: 0.8613636363636363 34 0
Communication round: 36, Eavesdropper Accuracy: 0.8340909090909091 34 0
Communication round: 37, Eavesdropper Accuracy: 0.8477272727272728 34 0
Communication round: 38, Eavesdropper Accuracy: 0.8454545454545455 34 0
Communication round: 39, Eavesdropper Accuracy: 0.8386363636363636 34 0
Communication round: 40, Eavesdropper Accuracy: 0.85 34 0
Communication round: 41, Eavesdropper Accuracy: 0.8431818181818181 34 0
Communication round: 42, Eavesdropper Accuracy: 0.85 34 0
Communication round: 43, Eavesdropper Accuracy: 0.8545454545454545 34 0
Communication round: 44, Eavesdropper Accuracy: 0.8590909090909091 34 0
Communication round: 45, Eavesdropper Accuracy: 0.8409090909090909 34 0
Communication round: 46, Eavesdropper Accuracy: 0.8204545454545454 34 0
Communication round: 47, Eavesdropper Accuracy: 0.8431818181818181 34 0
Communication round: 48, Eavesdropper Accuracy: 0.8318181818181818 34 0
Communication round: 49, Eavesdropper Accuracy: 0.8431818181818181 34 0
Communication round: 50, Eavesdropper Accuracy: 0.8522727272727273 34 0
Communication round: 51, Eavesdropper Accuracy: 0.8568181818181818 34 0
Communication round: 52, Eavesdropper Accuracy: 0.8545454545454545 34 0
Communication round: 53, Eavesdropper Accuracy: 0.8613636363636363 34 0
Communication round: 54, Eavesdropper Accuracy: 0.865909090909091 34 0
Communication round: 55, Eavesdropper Accuracy: 0.8295454545454546 34 0
Communication round: 56, Eavesdropper Accuracy: 0.8545454545454545 34 0
Communication round: 57, Eavesdropper Accuracy: 0.8681818181818182 34 0
Communication round: 58, Eavesdropper Accuracy: 0.8454545454545455 34 0
Communication round: 59, Eavesdropper Accuracy: 0.8568181818181818 34 0
Communication round: 60, Eavesdropper Accuracy: 0.8272727272727273 34 0
Communication round: 61, Eavesdropper Accuracy: 0.8522727272727273 34 0
Communication round: 62, Eavesdropper Accuracy: 0.8340909090909091 34 0
Communication round: 63, Eavesdropper Accuracy: 0.8545454545454545 34 0
Communication round: 64, Eavesdropper Accuracy: 0.8295454545454546 34 0
Communication round: 65, Eavesdropper Accuracy: 0.8545454545454545 34 0
Communication round: 66, Eavesdropper Accuracy: 0.8454545454545455 34 0
Communication round: 67, Smart Eavesdropper Accuracy: 0.5704545454545454 34 0
Communication round: 68, Smart Eavesdropper Accuracy: 0.5045454545454545 34 0
Communication round: 69, Smart Eavesdropper Accuracy: 0.3795454545454545 34 0
Communication round: 70, Smart Eavesdropper Accuracy: 0.4 34 0
Communication round: 71, Smart Eavesdropper Accuracy: 0.3613636363636364 34 0
Communication round: 72, Smart Eavesdropper Accuracy: 0.425 34 0
Communication round: 73, Smart Eavesdropper Accuracy: 0.3409090909090909 34 0
Communication round: 74, Smart Eavesdropper Accuracy: 0.4022727272727273 34 0
Communication round: 75, Smart Eavesdropper Accuracy: 0.38636363636363635 34 0
Communication round: 76, Smart Eavesdropper Accuracy: 0.33181818181818185 34 0
Communication round: 77, Smart Eavesdropper Accuracy: 0.3 34 0
Communication round: 78, Smart Eavesdropper Accuracy: 0.29545454545454547 34 0
Communication round: 79, Smart Eavesdropper Accuracy: 0.3386363636363636 34 0
Communication round: 80, Smart Eavesdropper Accuracy: 0.35 34 0
Communication round: 81, Smart Eavesdropper Accuracy: 0.3 34 0
Communication round: 82, Smart Eavesdropper Accuracy: 0.3159090909090909 34 0
Communication round: 83, Smart Eavesdropper Accuracy: 0.2909090909090909 34 0
Communication round: 84, Smart Eavesdropper Accuracy: 0.3 34 0
Communication round: 85, Smart Eavesdropper Accuracy: 0.23863636363636365 34 0
Communication round: 86, Smart Eavesdropper Accuracy: 0.31363636363636366 34 0
Communication round: 87, Smart Eavesdropper Accuracy: 0.2590909090909091 34 0
Communication round: 88, Smart Eavesdropper Accuracy: 0.2909090909090909 34 0
Communication round: 89, Smart Eavesdropper Accuracy: 0.23863636363636365 34 0
Communication round: 90, Smart Eavesdropper Accuracy: 0.27954545454545454 34 0
Communication round: 91, Smart Eavesdropper Accuracy: 0.23636363636363636 34 0
Communication round: 92, Smart Eavesdropper Accuracy: 0.27045454545454545 34 0
Communication round: 93, Smart Eavesdropper Accuracy: 0.20681818181818182 34 0
Communication round: 94, Smart Eavesdropper Accuracy: 0.27045454545454545 34 0
Communication round: 95, Smart Eavesdropper Accuracy: 0.25681818181818183 34 0
Communication round: 96, Smart Eavesdropper Accuracy: 0.2409090909090909 34 0
Communication round: 97, Smart Eavesdropper Accuracy: 0.23863636363636365 34 0
Communication round: 98, Smart Eavesdropper Accuracy: 0.21136363636363636 34 0
Communication round: 99, Smart Eavesdropper Accuracy: 0.2159090909090909 34 0
----------------------------------------------------------------------------------------------------
----------------------------------------------------------------------------------------------------
50_30_100_0.1_2_0.99_False_
----------------------------------------------------------------------------------------------------
Communication round: 0, Eavesdropper Accuracy: 0.05227272727272727 1 1
Communication round: 1, Eavesdropper Accuracy: 0.05 2 1
Communication round: 2, Eavesdropper Accuracy: 0.04090909090909091 2 0
Communication round: 3, Eavesdropper Accuracy: 0.045454545454545456 3 1
Communication round: 4, Eavesdropper Accuracy: 0.05909090909090909 3 0
Communication round: 5, Aggregated Accuracies: 0.09464285714285714 4
Communication round: 5, Eavesdropper Accuracy: 0.04772727272727273 4 1
Communication round: 6, Eavesdropper Accuracy: 0.05227272727272727 4 0
Communication round: 7, Smart Eavesdropper Accuracy: 0.19090909090909092 4 0
Communication round: 8, Aggregated Accuracies: 0.1282142857142857 5
Communication round: 8, Eavesdropper Accuracy: 0.10909090909090909 5 1
Communication round: 9, Aggregated Accuracies: 0.17392857142857143 6
Communication round: 9, Eavesdropper Accuracy: 0.15227272727272728 6 1
Communication round: 10, Aggregated Accuracies: 0.2298809523809525 7
Communication round: 10, Eavesdropper Accuracy: 0.24772727272727274 7 1
Communication round: 11, Aggregated Accuracies: 0.2755952380952381 8
Communication round: 11, Eavesdropper Accuracy: 0.27045454545454545 8 1
Communication round: 12, Eavesdropper Accuracy: 0.28863636363636364 8 0
Communication round: 13, Aggregated Accuracies: 0.3427380952380952 9
Communication round: 13, Eavesdropper Accuracy: 0.375 9 1
Communication round: 14, Aggregated Accuracies: 0.3822619047619047 10
Communication round: 14, Eavesdropper Accuracy: 0.41363636363636364 10 1
Communication round: 15, Eavesdropper Accuracy: 0.3931818181818182 10 0
Communication round: 16, Eavesdropper Accuracy: 0.4159090909090909 10 0
Communication round: 17, Eavesdropper Accuracy: 0.41818181818181815 10 0
Communication round: 18, Eavesdropper Accuracy: 0.40454545454545454 10 0
Communication round: 19, Aggregated Accuracies: 0.4179761904761905 11
Communication round: 19, Eavesdropper Accuracy: 0.4727272727272727 11 1
Communication round: 20, Eavesdropper Accuracy: 0.42045454545454547 11 0
Communication round: 21, Eavesdropper Accuracy: 0.4340909090909091 12 1
Communication round: 22, Aggregated Accuracies: 0.45678571428571424 13
Communication round: 22, Eavesdropper Accuracy: 0.475 13 1
Communication round: 23, Aggregated Accuracies: 0.4938095238095238 14
Communication round: 23, Eavesdropper Accuracy: 0.5227272727272727 14 1
Communication round: 24, Eavesdropper Accuracy: 0.49772727272727274 14 0
Communication round: 25, Eavesdropper Accuracy: 0.525 14 0
Communication round: 26, Eavesdropper Accuracy: 0.4954545454545455 14 0
Communication round: 27, Eavesdropper Accuracy: 0.5022727272727273 15 1
Communication round: 28, Eavesdropper Accuracy: 0.5045454545454545 16 1
Communication round: 29, Eavesdropper Accuracy: 0.5386363636363637 16 0
Communication round: 30, Eavesdropper Accuracy: 0.4954545454545455 17 1
Communication round: 31, Eavesdropper Accuracy: 0.49772727272727274 17 0
Communication round: 32, Eavesdropper Accuracy: 0.5295454545454545 18 1
Communication round: 33, Aggregated Accuracies: 0.5228571428571428 19
Communication round: 33, Eavesdropper Accuracy: 0.5522727272727272 19 1
Communication round: 34, Eavesdropper Accuracy: 0.55 20 1
Communication round: 35, Eavesdropper Accuracy: 0.5568181818181818 21 1
Communication round: 36, Eavesdropper Accuracy: 0.5454545454545454 22 1
Communication round: 37, Eavesdropper Accuracy: 0.5704545454545454 23 1
Communication round: 38, Eavesdropper Accuracy: 0.5522727272727272 23 0
Communication round: 39, Eavesdropper Accuracy: 0.5318181818181819 23 0
Communication round: 40, Eavesdropper Accuracy: 0.5772727272727273 23 0
Communication round: 41, Eavesdropper Accuracy: 0.5636363636363636 24 1
Communication round: 42, Eavesdropper Accuracy: 0.5613636363636364 25 1
Communication round: 43, Eavesdropper Accuracy: 0.5318181818181819 26 1
Communication round: 44, Eavesdropper Accuracy: 0.5727272727272728 27 1
Communication round: 45, Eavesdropper Accuracy: 0.5909090909090909 28 1
Communication round: 46, Eavesdropper Accuracy: 0.5613636363636364 29 1
Communication round: 47, Eavesdropper Accuracy: 0.5409090909090909 30 1
Communication round: 48, Aggregated Accuracies: 0.5514285714285715 31
Communication round: 48, Eavesdropper Accuracy: 0.5477272727272727 31 1
Communication round: 49, Eavesdropper Accuracy: 0.55 32 1
Communication round: 50, Eavesdropper Accuracy: 0.5659090909090909 33 1
Communication round: 51, Eavesdropper Accuracy: 0.5454545454545454 34 1
Communication round: 52, Eavesdropper Accuracy: 0.5636363636363636 35 1
Communication round: 53, Eavesdropper Accuracy: 0.5636363636363636 36 1
Communication round: 54, Eavesdropper Accuracy: 0.5363636363636364 37 1
Communication round: 55, Eavesdropper Accuracy: 0.5704545454545454 38 1
Communication round: 56, Eavesdropper Accuracy: 0.5409090909090909 39 1
Communication round: 57, Eavesdropper Accuracy: 0.5795454545454546 40 1
Communication round: 58, Eavesdropper Accuracy: 0.5454545454545454 41 1
Communication round: 59, Eavesdropper Accuracy: 0.55 42 1
Communication round: 60, Eavesdropper Accuracy: 0.5636363636363636 43 1
Communication round: 61, Eavesdropper Accuracy: 0.5818181818181818 44 1
Communication round: 62, Eavesdropper Accuracy: 0.5659090909090909 45 1
Communication round: 63, Eavesdropper Accuracy: 0.5318181818181819 46 1
Communication round: 64, Eavesdropper Accuracy: 0.5409090909090909 47 1
Communication round: 65, Eavesdropper Accuracy: 0.5545454545454546 48 1
Communication round: 66, Eavesdropper Accuracy: 0.5363636363636364 49 1
Communication round: 67, Eavesdropper Accuracy: 0.5590909090909091 50 1
Communication round: 68, Eavesdropper Accuracy: 0.5431818181818182 51 1
Communication round: 69, Aggregated Accuracies: 0.5835714285714285 52
Communication round: 69, Eavesdropper Accuracy: 0.5840909090909091 52 1
Communication round: 70, Eavesdropper Accuracy: 0.6 53 1
Communication round: 71, Eavesdropper Accuracy: 0.5727272727272728 54 1
Communication round: 72, Eavesdropper Accuracy: 0.6 55 1
Communication round: 73, Eavesdropper Accuracy: 0.5772727272727273 55 0
Communication round: 74, Eavesdropper Accuracy: 0.5840909090909091 56 1
Communication round: 75, Eavesdropper Accuracy: 0.5636363636363636 56 0
Communication round: 76, Eavesdropper Accuracy: 0.5909090909090909 56 0
Communication round: 77, Eavesdropper Accuracy: 0.5704545454545454 56 0
Communication round: 78, Aggregated Accuracies: 0.6045238095238095 57
Communication round: 78, Eavesdropper Accuracy: 0.5931818181818181 57 1
Communication round: 79, Aggregated Accuracies: 0.6260714285714285 58
Communication round: 79, Eavesdropper Accuracy: 0.65 58 1
Communication round: 80, Aggregated Accuracies: 0.6586904761904764 59
Communication round: 80, Eavesdropper Accuracy: 0.6704545454545454 59 1
Communication round: 81, Aggregated Accuracies: 0.678452380952381 60
Communication round: 81, Eavesdropper Accuracy: 0.6886363636363636 60 1
Communication round: 82, Eavesdropper Accuracy: 0.6818181818181818 60 0
Communication round: 83, Eavesdropper Accuracy: 0.7045454545454546 61 1
Communication round: 84, Eavesdropper Accuracy: 0.7159090909090909 62 1
Communication round: 85, Eavesdropper Accuracy: 0.6977272727272728 62 0
Communication round: 86, Eavesdropper Accuracy: 0.7181818181818181 63 1
Communication round: 87, Eavesdropper Accuracy: 0.6454545454545455 63 0
Communication round: 88, Eavesdropper Accuracy: 0.7136363636363636 63 0
Communication round: 89, Eavesdropper Accuracy: 0.7045454545454546 64 1
Communication round: 90, Eavesdropper Accuracy: 0.6931818181818182 65 1
Communication round: 91, Eavesdropper Accuracy: 0.7204545454545455 65 0
Communication round: 92, Aggregated Accuracies: 0.7052380952380952 66
Communication round: 92, Eavesdropper Accuracy: 0.7363636363636363 66 1
Communication round: 93, Aggregated Accuracies: 0.7203571428571428 67
Communication round: 93, Eavesdropper Accuracy: 0.7318181818181818 67 1
Communication round: 94, Aggregated Accuracies: 0.7367857142857142 68
Communication round: 94, Eavesdropper Accuracy: 0.7818181818181819 68 1
Communication round: 95, Aggregated Accuracies: 0.7619047619047616 69
Communication round: 95, Eavesdropper Accuracy: 0.75 69 1
Communication round: 96, Aggregated Accuracies: 0.7678571428571429 70
Communication round: 96, Eavesdropper Accuracy: 0.7886363636363637 70 1
Communication round: 97, Aggregated Accuracies: 0.7754761904761907 71
Communication round: 97, Eavesdropper Accuracy: 0.8068181818181818 71 1
Communication round: 98, Aggregated Accuracies: 0.7869047619047618 72
Communication round: 98, Eavesdropper Accuracy: 0.8227272727272728 72 1
Communication round: 99, Aggregated Accuracies: 0.8066666666666668 73
Communication round: 99, Eavesdropper Accuracy: 0.825 73 1
----------------------------------------------------------------------------------------------------
----------------------------------------------------------------------------------------------------
50_30_100_0.1_2_0.99_False_
----------------------------------------------------------------------------------------------------
Communication round: 0, Smart Eavesdropper Accuracy: 0.09772727272727273 0 0
Communication round: 1, Smart Eavesdropper Accuracy: 0.11363636363636363 0 0
Communication round: 2, Smart Eavesdropper Accuracy: 0.12954545454545455 0 0
Communication round: 3, Smart Eavesdropper Accuracy: 0.17272727272727273 0 0
Communication round: 4, Smart Eavesdropper Accuracy: 0.13636363636363635 0 0
Communication round: 5, Smart Eavesdropper Accuracy: 0.1318181818181818 0 0
Communication round: 6, Smart Eavesdropper Accuracy: 0.14545454545454545 0 0
Communication round: 7, Smart Eavesdropper Accuracy: 0.1590909090909091 0 0
Communication round: 8, Smart Eavesdropper Accuracy: 0.20227272727272727 0 0
Communication round: 9, Smart Eavesdropper Accuracy: 0.17045454545454544 0 0
Communication round: 10, Smart Eavesdropper Accuracy: 0.17045454545454544 1 1
Communication round: 11, Smart Eavesdropper Accuracy: 0.19318181818181818 2 1
Communication round: 12, Smart Eavesdropper Accuracy: 0.17045454545454544 2 0
Communication round: 13, Smart Eavesdropper Accuracy: 0.14545454545454545 2 0
Communication round: 14, Smart Eavesdropper Accuracy: 0.17954545454545454 2 0
Communication round: 15, Smart Eavesdropper Accuracy: 0.16818181818181818 2 0
Communication round: 16, Smart Eavesdropper Accuracy: 0.20909090909090908 2 0
Communication round: 17, Smart Eavesdropper Accuracy: 0.17045454545454544 2 0
Communication round: 18, Smart Eavesdropper Accuracy: 0.17272727272727273 2 0
Communication round: 19, Smart Eavesdropper Accuracy: 0.18181818181818182 2 0
Communication round: 20, Smart Eavesdropper Accuracy: 0.19318181818181818 2 0
Communication round: 21, Smart Eavesdropper Accuracy: 0.16818181818181818 2 0
Communication round: 22, Smart Eavesdropper Accuracy: 0.175 2 0
Communication round: 23, Smart Eavesdropper Accuracy: 0.175 2 0
Communication round: 24, Smart Eavesdropper Accuracy: 0.17954545454545454 2 0
Communication round: 25, Smart Eavesdropper Accuracy: 0.19318181818181818 2 0
Communication round: 26, Smart Eavesdropper Accuracy: 0.225 2 0
Communication round: 27, Smart Eavesdropper Accuracy: 0.15681818181818183 2 0
Communication round: 28, Smart Eavesdropper Accuracy: 0.17954545454545454 3 1
Communication round: 29, Smart Eavesdropper Accuracy: 0.19090909090909092 4 1
Communication round: 30, Smart Eavesdropper Accuracy: 0.15681818181818183 5 1
Communication round: 31, Smart Eavesdropper Accuracy: 0.17954545454545454 6 1
Communication round: 32, Aggregated Accuracies: 0.13595238095238094 7
Communication round: 32, Smart Eavesdropper Accuracy: 0.19772727272727272 7 1
Communication round: 33, Smart Eavesdropper Accuracy: 0.16590909090909092 8 1
Communication round: 34, Smart Eavesdropper Accuracy: 0.18636363636363637 9 1
Communication round: 35, Aggregated Accuracies: 0.1785714285714287 10
Communication round: 35, Smart Eavesdropper Accuracy: 0.19545454545454546 10 1
Communication round: 36, Aggregated Accuracies: 0.22380952380952376 11
Communication round: 36, Smart Eavesdropper Accuracy: 0.2 11 1
Communication round: 37, Aggregated Accuracies: 0.2889285714285714 12
Communication round: 37, Smart Eavesdropper Accuracy: 0.19090909090909092 12 1
Communication round: 38, Aggregated Accuracies: 0.3376190476190476 13
Communication round: 38, Smart Eavesdropper Accuracy: 0.20227272727272727 13 1
Communication round: 39, Aggregated Accuracies: 0.39547619047619037 14
Communication round: 39, Smart Eavesdropper Accuracy: 0.19090909090909092 14 1
Communication round: 40, Smart Eavesdropper Accuracy: 0.17272727272727273 15 1
Communication round: 41, Aggregated Accuracies: 0.4441666666666667 16
Communication round: 41, Smart Eavesdropper Accuracy: 0.175 16 1
Communication round: 42, Aggregated Accuracies: 0.4810714285714285 17
Communication round: 42, Smart Eavesdropper Accuracy: 0.18636363636363637 17 1
Communication round: 43, Smart Eavesdropper Accuracy: 0.18181818181818182 17 0
Communication round: 44, Smart Eavesdropper Accuracy: 0.16590909090909092 18 1
Communication round: 45, Smart Eavesdropper Accuracy: 0.17272727272727273 19 1
Communication round: 46, Smart Eavesdropper Accuracy: 0.16363636363636364 20 1
Communication round: 47, Smart Eavesdropper Accuracy: 0.19545454545454546 21 1
Communication round: 48, Aggregated Accuracies: 0.49845238095238115 22
Communication round: 48, Smart Eavesdropper Accuracy: 0.19318181818181818 22 1
Communication round: 49, Smart Eavesdropper Accuracy: 0.19318181818181818 23 1
Communication round: 50, Aggregated Accuracies: 0.5335714285714285 24
Communication round: 50, Smart Eavesdropper Accuracy: 0.19090909090909092 24 1
Communication round: 51, Aggregated Accuracies: 0.5607142857142857 25
Communication round: 51, Smart Eavesdropper Accuracy: 0.20227272727272727 25 1
Communication round: 52, Aggregated Accuracies: 0.5986904761904762 26
Communication round: 52, Smart Eavesdropper Accuracy: 0.17954545454545454 26 1
Communication round: 53, Aggregated Accuracies: 0.6202380952380953 27
Communication round: 53, Smart Eavesdropper Accuracy: 0.19318181818181818 27 1
Communication round: 54, Aggregated Accuracies: 0.6545238095238096 28
Communication round: 54, Eavesdropper Accuracy: 0.7068181818181818 28 1
Communication round: 55, Aggregated Accuracies: 0.6745238095238095 29
Communication round: 55, Eavesdropper Accuracy: 0.6909090909090909 29 1
Communication round: 56, Aggregated Accuracies: 0.6920238095238095 30
Communication round: 56, Eavesdropper Accuracy: 0.7204545454545455 30 1
Communication round: 57, Aggregated Accuracies: 0.7023809523809526 31
Communication round: 57, Eavesdropper Accuracy: 0.7181818181818181 31 1
Communication round: 58, Aggregated Accuracies: 0.7234523809523811 32
Communication round: 58, Eavesdropper Accuracy: 0.7386363636363636 32 1
Communication round: 59, Aggregated Accuracies: 0.7353571428571428 33
Communication round: 59, Eavesdropper Accuracy: 0.7386363636363636 33 1
Communication round: 60, Aggregated Accuracies: 0.7442857142857146 34
Communication round: 60, Eavesdropper Accuracy: 0.7636363636363637 34 1
Communication round: 61, Aggregated Accuracies: 0.7573809523809526 35
Communication round: 61, Eavesdropper Accuracy: 0.7840909090909091 35 1
Communication round: 62, Aggregated Accuracies: 0.7710714285714287 36
Communication round: 62, Eavesdropper Accuracy: 0.8068181818181818 36 1
Communication round: 63, Aggregated Accuracies: 0.7780952380952383 37
Communication round: 63, Eavesdropper Accuracy: 0.8 37 1
Communication round: 64, Aggregated Accuracies: 0.7883333333333333 38
Communication round: 64, Eavesdropper Accuracy: 0.7977272727272727 38 1
Communication round: 65, Eavesdropper Accuracy: 0.8136363636363636 39 1
Communication round: 66, Aggregated Accuracies: 0.7980952380952382 40
Communication round: 66, Eavesdropper Accuracy: 0.8272727272727273 40 1
Communication round: 67, Aggregated Accuracies: 0.8090476190476191 41
Communication round: 67, Eavesdropper Accuracy: 0.8181818181818182 41 1
Communication round: 68, Aggregated Accuracies: 0.8107142857142857 42
Communication round: 68, Eavesdropper Accuracy: 0.8113636363636364 42 1
Communication round: 69, Aggregated Accuracies: 0.8207142857142858 43
Communication round: 69, Eavesdropper Accuracy: 0.8522727272727273 43 1
Communication round: 70, Eavesdropper Accuracy: 0.8159090909090909 43 0
Communication round: 71, Eavesdropper Accuracy: 0.8431818181818181 43 0
Communication round: 72, Eavesdropper Accuracy: 0.8227272727272728 43 0
Communication round: 73, Aggregated Accuracies: 0.8227380952380954 44
Communication round: 73, Eavesdropper Accuracy: 0.825 44 1
Communication round: 74, Eavesdropper Accuracy: 0.8295454545454546 44 0
Communication round: 75, Eavesdropper Accuracy: 0.8272727272727273 44 0
Communication round: 76, Eavesdropper Accuracy: 0.8477272727272728 44 0
Communication round: 77, Eavesdropper Accuracy: 0.8272727272727273 44 0
Communication round: 78, Eavesdropper Accuracy: 0.8409090909090909 44 0
Communication round: 79, Eavesdropper Accuracy: 0.8340909090909091 44 0
Communication round: 80, Eavesdropper Accuracy: 0.8386363636363636 44 0
Communication round: 81, Eavesdropper Accuracy: 0.8545454545454545 44 0
Communication round: 82, Eavesdropper Accuracy: 0.8454545454545455 44 0
Communication round: 83, Eavesdropper Accuracy: 0.8363636363636363 44 0
Communication round: 84, Eavesdropper Accuracy: 0.8295454545454546 44 0
Communication round: 85, Eavesdropper Accuracy: 0.8386363636363636 44 0
Communication round: 86, Eavesdropper Accuracy: 0.8340909090909091 44 0
Communication round: 87, Smart Eavesdropper Accuracy: 0.7136363636363636 44 0
Communication round: 88, Smart Eavesdropper Accuracy: 0.6363636363636364 44 0
Communication round: 89, Smart Eavesdropper Accuracy: 0.5454545454545454 44 0
Communication round: 90, Smart Eavesdropper Accuracy: 0.4818181818181818 44 0
Communication round: 91, Smart Eavesdropper Accuracy: 0.5 44 0
Communication round: 92, Smart Eavesdropper Accuracy: 0.4113636363636364 44 0
Communication round: 93, Smart Eavesdropper Accuracy: 0.36818181818181817 44 0
Communication round: 94, Smart Eavesdropper Accuracy: 0.3704545454545455 44 0
Communication round: 95, Smart Eavesdropper Accuracy: 0.35454545454545455 44 0
Communication round: 96, Smart Eavesdropper Accuracy: 0.31363636363636366 44 0
Communication round: 97, Smart Eavesdropper Accuracy: 0.39090909090909093 44 0
Communication round: 98, Smart Eavesdropper Accuracy: 0.325 44 0
Communication round: 99, Smart Eavesdropper Accuracy: 0.29772727272727273 44 0
----------------------------------------------------------------------------------------------------
----------------------------------------------------------------------------------------------------
50_30_100_0.1_2_0.99_False_
----------------------------------------------------------------------------------------------------
Communication round: 0, Smart Eavesdropper Accuracy: 0.08863636363636364 0 0
Communication round: 1, Smart Eavesdropper Accuracy: 0.13863636363636364 0 0
Communication round: 2, Smart Eavesdropper Accuracy: 0.13636363636363635 1 1
Communication round: 3, Smart Eavesdropper Accuracy: 0.175 1 0
Communication round: 4, Smart Eavesdropper Accuracy: 0.18181818181818182 2 1
Communication round: 5, Smart Eavesdropper Accuracy: 0.18181818181818182 2 0
Communication round: 6, Smart Eavesdropper Accuracy: 0.21136363636363636 2 0
Communication round: 7, Smart Eavesdropper Accuracy: 0.18636363636363637 2 0
Communication round: 8, Smart Eavesdropper Accuracy: 0.19772727272727272 2 0
Communication round: 9, Smart Eavesdropper Accuracy: 0.19090909090909092 2 0
Communication round: 10, Smart Eavesdropper Accuracy: 0.19318181818181818 3 1
Communication round: 11, Aggregated Accuracies: 0.11011904761904764 4
Communication round: 11, Smart Eavesdropper Accuracy: 0.18636363636363637 4 1
Communication round: 12, Aggregated Accuracies: 0.11630952380952383 5
Communication round: 12, Smart Eavesdropper Accuracy: 0.17727272727272728 5 1
Communication round: 13, Aggregated Accuracies: 0.16107142857142862 6
Communication round: 13, Smart Eavesdropper Accuracy: 0.19318181818181818 6 1
Communication round: 14, Aggregated Accuracies: 0.1990476190476191 7
Communication round: 14, Smart Eavesdropper Accuracy: 0.19545454545454546 7 1
Communication round: 15, Smart Eavesdropper Accuracy: 0.19545454545454546 8 1
Communication round: 16, Smart Eavesdropper Accuracy: 0.19772727272727272 8 0
Communication round: 17, Smart Eavesdropper Accuracy: 0.21818181818181817 8 0
Communication round: 18, Smart Eavesdropper Accuracy: 0.19090909090909092 8 0
Communication round: 19, Smart Eavesdropper Accuracy: 0.19772727272727272 8 0
Communication round: 20, Smart Eavesdropper Accuracy: 0.2409090909090909 8 0
Communication round: 21, Smart Eavesdropper Accuracy: 0.18863636363636363 9 1
Communication round: 22, Smart Eavesdropper Accuracy: 0.2 10 1
Communication round: 23, Aggregated Accuracies: 0.25440476190476197 11
Communication round: 23, Smart Eavesdropper Accuracy: 0.19545454545454546 11 1
Communication round: 24, Smart Eavesdropper Accuracy: 0.17954545454545454 12 1
Communication round: 25, Smart Eavesdropper Accuracy: 0.22727272727272727 13 1
Communication round: 26, Smart Eavesdropper Accuracy: 0.16818181818181818 13 0
Communication round: 27, Smart Eavesdropper Accuracy: 0.21136363636363636 13 0
Communication round: 28, Smart Eavesdropper Accuracy: 0.16363636363636364 13 0
Communication round: 29, Smart Eavesdropper Accuracy: 0.21818181818181817 13 0
Communication round: 30, Smart Eavesdropper Accuracy: 0.22272727272727272 13 0
Communication round: 31, Smart Eavesdropper Accuracy: 0.22045454545454546 14 1
Communication round: 32, Smart Eavesdropper Accuracy: 0.21136363636363636 14 0
Communication round: 33, Smart Eavesdropper Accuracy: 0.2159090909090909 14 0
Communication round: 34, Smart Eavesdropper Accuracy: 0.22272727272727272 14 0
Communication round: 35, Smart Eavesdropper Accuracy: 0.2318181818181818 14 0
Communication round: 36, Smart Eavesdropper Accuracy: 0.20454545454545456 14 0
Communication round: 37, Smart Eavesdropper Accuracy: 0.22045454545454546 14 0
Communication round: 38, Smart Eavesdropper Accuracy: 0.22272727272727272 14 0
Communication round: 39, Smart Eavesdropper Accuracy: 0.22727272727272727 14 0
Communication round: 40, Smart Eavesdropper Accuracy: 0.2590909090909091 14 0
Communication round: 41, Smart Eavesdropper Accuracy: 0.24772727272727274 14 0
Communication round: 42, Smart Eavesdropper Accuracy: 0.22045454545454546 14 0
Communication round: 43, Smart Eavesdropper Accuracy: 0.19318181818181818 14 0
Communication round: 44, Smart Eavesdropper Accuracy: 0.21818181818181817 15 1
Communication round: 45, Smart Eavesdropper Accuracy: 0.2159090909090909 16 1
Communication round: 46, Aggregated Accuracies: 0.32666666666666677 17
Communication round: 46, Smart Eavesdropper Accuracy: 0.21136363636363636 17 1
Communication round: 47, Aggregated Accuracies: 0.39619047619047626 18
Communication round: 47, Smart Eavesdropper Accuracy: 0.22727272727272727 18 1
Communication round: 48, Aggregated Accuracies: 0.4357142857142858 19
Communication round: 48, Smart Eavesdropper Accuracy: 0.22272727272727272 19 1
Communication round: 49, Smart Eavesdropper Accuracy: 0.22954545454545455 20 1
Communication round: 50, Smart Eavesdropper Accuracy: 0.21136363636363636 20 0
Communication round: 51, Smart Eavesdropper Accuracy: 0.21136363636363636 20 0
Communication round: 52, Smart Eavesdropper Accuracy: 0.20909090909090908 20 0
Communication round: 53, Smart Eavesdropper Accuracy: 0.2159090909090909 20 0
Communication round: 54, Smart Eavesdropper Accuracy: 0.23863636363636365 20 0
Communication round: 55, Smart Eavesdropper Accuracy: 0.25 20 0
Communication round: 56, Smart Eavesdropper Accuracy: 0.20227272727272727 21 1
Communication round: 57, Aggregated Accuracies: 0.47011904761904766 22
Communication round: 57, Smart Eavesdropper Accuracy: 0.20681818181818182 22 1
Communication round: 58, Aggregated Accuracies: 0.5175 23
Communication round: 58, Smart Eavesdropper Accuracy: 0.22272727272727272 23 1
Communication round: 59, Smart Eavesdropper Accuracy: 0.2159090909090909 24 1
Communication round: 60, Aggregated Accuracies: 0.5582142857142857 25
Communication round: 60, Smart Eavesdropper Accuracy: 0.2340909090909091 25 1
Communication round: 61, Aggregated Accuracies: 0.5894047619047617 26
Communication round: 61, Smart Eavesdropper Accuracy: 0.2431818181818182 26 1
Communication round: 62, Aggregated Accuracies: 0.6091666666666667 27
Communication round: 62, Smart Eavesdropper Accuracy: 0.24545454545454545 27 1
Communication round: 63, Aggregated Accuracies: 0.6344047619047619 28
Communication round: 63, Smart Eavesdropper Accuracy: 0.2318181818181818 28 1
Communication round: 64, Aggregated Accuracies: 0.6679761904761905 29
Communication round: 64, Smart Eavesdropper Accuracy: 0.20227272727272727 29 1
Communication round: 65, Aggregated Accuracies: 0.6979761904761905 30
Communication round: 65, Smart Eavesdropper Accuracy: 0.21363636363636362 30 1
Communication round: 66, Aggregated Accuracies: 0.7155952380952383 31
Communication round: 66, Smart Eavesdropper Accuracy: 0.26136363636363635 31 1
Communication round: 67, Aggregated Accuracies: 0.7355952380952385 32
Communication round: 67, Smart Eavesdropper Accuracy: 0.22045454545454546 32 1
Communication round: 68, Aggregated Accuracies: 0.7578571428571429 33
Communication round: 68, Smart Eavesdropper Accuracy: 0.2590909090909091 33 1
Communication round: 69, Aggregated Accuracies: 0.7690476190476191 34
Communication round: 69, Smart Eavesdropper Accuracy: 0.24772727272727274 34 1
Communication round: 70, Aggregated Accuracies: 0.7842857142857145 35
Communication round: 70, Smart Eavesdropper Accuracy: 0.2431818181818182 35 1
Communication round: 71, Aggregated Accuracies: 0.789642857142857 36
Communication round: 71, Smart Eavesdropper Accuracy: 0.23863636363636365 36 1
Communication round: 72, Aggregated Accuracies: 0.8045238095238096 37
Communication round: 72, Eavesdropper Accuracy: 0.8068181818181818 37 1
Communication round: 73, Aggregated Accuracies: 0.8129761904761905 38
Communication round: 73, Eavesdropper Accuracy: 0.8045454545454546 38 1
Communication round: 74, Aggregated Accuracies: 0.8253571428571428 39
Communication round: 74, Eavesdropper Accuracy: 0.8431818181818181 39 1
Communication round: 75, Aggregated Accuracies: 0.826904761904762 40
Communication round: 75, Eavesdropper Accuracy: 0.8454545454545455 40 1
Communication round: 76, Aggregated Accuracies: 0.8392857142857142 41
Communication round: 76, Eavesdropper Accuracy: 0.8613636363636363 41 1
Communication round: 77, Aggregated Accuracies: 0.8441666666666667 42
Communication round: 77, Eavesdropper Accuracy: 0.8704545454545455 42 1
Communication round: 78, Aggregated Accuracies: 0.8454761904761904 43
Communication round: 78, Eavesdropper Accuracy: 0.8568181818181818 43 1
Communication round: 79, Eavesdropper Accuracy: 0.8454545454545455 43 0
Communication round: 80, Eavesdropper Accuracy: 0.8636363636363636 43 0
Communication round: 81, Eavesdropper Accuracy: 0.8681818181818182 43 0
Communication round: 82, Eavesdropper Accuracy: 0.8681818181818182 43 0
Communication round: 83, Eavesdropper Accuracy: 0.8681818181818182 43 0
Communication round: 84, Eavesdropper Accuracy: 0.8613636363636363 43 0
Communication round: 85, Smart Eavesdropper Accuracy: 0.6181818181818182 43 0
Communication round: 86, Eavesdropper Accuracy: 0.8704545454545455 44 1
Communication round: 87, Smart Eavesdropper Accuracy: 0.6181818181818182 44 0
Communication round: 88, Smart Eavesdropper Accuracy: 0.5295454545454545 44 0
Communication round: 89, Smart Eavesdropper Accuracy: 0.425 44 0
Communication round: 90, Smart Eavesdropper Accuracy: 0.425 44 0
Communication round: 91, Smart Eavesdropper Accuracy: 0.40454545454545454 44 0
Communication round: 92, Smart Eavesdropper Accuracy: 0.43863636363636366 44 0
Communication round: 93, Smart Eavesdropper Accuracy: 0.39545454545454545 44 0
Communication round: 94, Smart Eavesdropper Accuracy: 0.39545454545454545 44 0
Communication round: 95, Smart Eavesdropper Accuracy: 0.4068181818181818 44 0
Communication round: 96, Smart Eavesdropper Accuracy: 0.3886363636363636 44 0
Communication round: 97, Smart Eavesdropper Accuracy: 0.36818181818181817 44 0
Communication round: 98, Smart Eavesdropper Accuracy: 0.33181818181818185 44 0
Communication round: 99, Smart Eavesdropper Accuracy: 0.3431818181818182 44 0
----------------------------------------------------------------------------------------------------
----------------------------------------------------------------------------------------------------
50_30_100_0.1_2_0.99_False_
----------------------------------------------------------------------------------------------------
Communication round: 0, Eavesdropper Accuracy: 0.12727272727272726 1 1
Communication round: 1, Eavesdropper Accuracy: 0.12272727272727273 2 1
Communication round: 2, Eavesdropper Accuracy: 0.12727272727272726 2 0
Communication round: 3, Smart Eavesdropper Accuracy: 0.11136363636363636 2 0
Communication round: 4, Smart Eavesdropper Accuracy: 0.20454545454545456 2 0
Communication round: 5, Smart Eavesdropper Accuracy: 0.19772727272727272 3 1
Communication round: 6, Smart Eavesdropper Accuracy: 0.225 3 0
Communication round: 7, Smart Eavesdropper Accuracy: 0.19545454545454546 4 1
Communication round: 8, Eavesdropper Accuracy: 0.125 5 1
Communication round: 9, Smart Eavesdropper Accuracy: 0.09772727272727273 5 0
Communication round: 10, Smart Eavesdropper Accuracy: 0.17954545454545454 5 0
Communication round: 11, Smart Eavesdropper Accuracy: 0.2 5 0
Communication round: 12, Smart Eavesdropper Accuracy: 0.20681818181818182 5 0
Communication round: 13, Aggregated Accuracies: 0.15369047619047618 6
Communication round: 13, Smart Eavesdropper Accuracy: 0.19090909090909092 6 1
Communication round: 14, Smart Eavesdropper Accuracy: 0.21363636363636362 6 0
Communication round: 15, Smart Eavesdropper Accuracy: 0.19318181818181818 6 0
Communication round: 16, Aggregated Accuracies: 0.1497619047619048 7
Communication round: 16, Smart Eavesdropper Accuracy: 0.22954545454545455 7 1
Communication round: 17, Smart Eavesdropper Accuracy: 0.20454545454545456 7 0
Communication round: 18, Aggregated Accuracies: 0.21333333333333335 8
Communication round: 18, Smart Eavesdropper Accuracy: 0.20909090909090908 8 1
Communication round: 19, Aggregated Accuracies: 0.25297619047619047 9
Communication round: 19, Smart Eavesdropper Accuracy: 0.20454545454545456 9 1
Communication round: 20, Smart Eavesdropper Accuracy: 0.19545454545454546 10 1
Communication round: 21, Smart Eavesdropper Accuracy: 0.18409090909090908 11 1
Communication round: 22, Smart Eavesdropper Accuracy: 0.20681818181818182 11 0
Communication round: 23, Smart Eavesdropper Accuracy: 0.21363636363636362 11 0
Communication round: 24, Aggregated Accuracies: 0.3221428571428572 12
Communication round: 24, Smart Eavesdropper Accuracy: 0.18636363636363637 12 1
Communication round: 25, Smart Eavesdropper Accuracy: 0.2 12 0
Communication round: 26, Aggregated Accuracies: 0.3814285714285714 13
Communication round: 26, Smart Eavesdropper Accuracy: 0.2 13 1
Communication round: 27, Aggregated Accuracies: 0.4292857142857145 14
Communication round: 27, Smart Eavesdropper Accuracy: 0.19318181818181818 14 1
Communication round: 28, Smart Eavesdropper Accuracy: 0.20681818181818182 14 0
Communication round: 29, Smart Eavesdropper Accuracy: 0.19318181818181818 14 0
Communication round: 30, Aggregated Accuracies: 0.4855952380952381 15
Communication round: 30, Smart Eavesdropper Accuracy: 0.21363636363636362 15 1
Communication round: 31, Smart Eavesdropper Accuracy: 0.2409090909090909 16 1
Communication round: 32, Eavesdropper Accuracy: 0.5045454545454545 17 1
Communication round: 33, Eavesdropper Accuracy: 0.5136363636363637 18 1
Communication round: 34, Eavesdropper Accuracy: 0.5113636363636364 18 0
Communication round: 35, Smart Eavesdropper Accuracy: 0.15454545454545454 18 0
Communication round: 36, Smart Eavesdropper Accuracy: 0.19772727272727272 18 0
Communication round: 37, Smart Eavesdropper Accuracy: 0.2159090909090909 18 0
Communication round: 38, Smart Eavesdropper Accuracy: 0.22045454545454546 18 0
Communication round: 39, Smart Eavesdropper Accuracy: 0.19772727272727272 18 0
Communication round: 40, Smart Eavesdropper Accuracy: 0.18863636363636363 18 0
Communication round: 41, Smart Eavesdropper Accuracy: 0.2340909090909091 18 0
Communication round: 42, Smart Eavesdropper Accuracy: 0.19090909090909092 18 0
Communication round: 43, Smart Eavesdropper Accuracy: 0.2431818181818182 18 0
Communication round: 44, Smart Eavesdropper Accuracy: 0.20909090909090908 18 0
Communication round: 45, Smart Eavesdropper Accuracy: 0.21818181818181817 18 0
Communication round: 46, Smart Eavesdropper Accuracy: 0.19772727272727272 18 0
Communication round: 47, Smart Eavesdropper Accuracy: 0.2772727272727273 18 0
Communication round: 48, Smart Eavesdropper Accuracy: 0.2 18 0
Communication round: 49, Smart Eavesdropper Accuracy: 0.23636363636363636 19 1
Communication round: 50, Smart Eavesdropper Accuracy: 0.20909090909090908 19 0
Communication round: 51, Smart Eavesdropper Accuracy: 0.2909090909090909 19 0
Communication round: 52, Smart Eavesdropper Accuracy: 0.20454545454545456 19 0
Communication round: 53, Smart Eavesdropper Accuracy: 0.2681818181818182 19 0
Communication round: 54, Smart Eavesdropper Accuracy: 0.22727272727272727 19 0
Communication round: 55, Smart Eavesdropper Accuracy: 0.22954545454545455 19 0
Communication round: 56, Smart Eavesdropper Accuracy: 0.2545454545454545 19 0
Communication round: 57, Smart Eavesdropper Accuracy: 0.2340909090909091 19 0
Communication round: 58, Smart Eavesdropper Accuracy: 0.22727272727272727 19 0
Communication round: 59, Smart Eavesdropper Accuracy: 0.22272727272727272 19 0
Communication round: 60, Smart Eavesdropper Accuracy: 0.2340909090909091 19 0
Communication round: 61, Smart Eavesdropper Accuracy: 0.225 19 0
Communication round: 62, Smart Eavesdropper Accuracy: 0.23863636363636365 20 1
Communication round: 63, Smart Eavesdropper Accuracy: 0.25227272727272726 21 1
Communication round: 64, Smart Eavesdropper Accuracy: 0.2727272727272727 21 0
Communication round: 65, Smart Eavesdropper Accuracy: 0.21136363636363636 22 1
Communication round: 66, Smart Eavesdropper Accuracy: 0.2863636363636364 23 1
Communication round: 67, Smart Eavesdropper Accuracy: 0.26136363636363635 24 1
Communication round: 68, Aggregated Accuracies: 0.5229761904761903 25
Communication round: 68, Smart Eavesdropper Accuracy: 0.27954545454545454 25 1
Communication round: 69, Smart Eavesdropper Accuracy: 0.26590909090909093 26 1
Communication round: 70, Smart Eavesdropper Accuracy: 0.2727272727272727 27 1
Communication round: 71, Aggregated Accuracies: 0.5657142857142857 28
Communication round: 71, Smart Eavesdropper Accuracy: 0.2840909090909091 28 1
Communication round: 72, Aggregated Accuracies: 0.6044047619047618 29
Communication round: 72, Smart Eavesdropper Accuracy: 0.23863636363636365 29 1
Communication round: 73, Smart Eavesdropper Accuracy: 0.31363636363636366 29 0
Communication round: 74, Smart Eavesdropper Accuracy: 0.22727272727272727 30 1
Communication round: 75, Smart Eavesdropper Accuracy: 0.2681818181818182 31 1
Communication round: 76, Smart Eavesdropper Accuracy: 0.26136363636363635 32 1
Communication round: 77, Smart Eavesdropper Accuracy: 0.2772727272727273 32 0
Communication round: 78, Smart Eavesdropper Accuracy: 0.2409090909090909 32 0
Communication round: 79, Smart Eavesdropper Accuracy: 0.27954545454545454 32 0
Communication round: 80, Smart Eavesdropper Accuracy: 0.23863636363636365 32 0
Communication round: 81, Smart Eavesdropper Accuracy: 0.2772727272727273 32 0
Communication round: 82, Aggregated Accuracies: 0.6208333333333332 33
Communication round: 82, Smart Eavesdropper Accuracy: 0.27045454545454545 33 1
Communication round: 83, Smart Eavesdropper Accuracy: 0.29772727272727273 34 1
Communication round: 84, Smart Eavesdropper Accuracy: 0.3 35 1
Communication round: 85, Aggregated Accuracies: 0.6615476190476189 36
Communication round: 85, Smart Eavesdropper Accuracy: 0.275 36 1
Communication round: 86, Smart Eavesdropper Accuracy: 0.21818181818181817 36 0
Communication round: 87, Smart Eavesdropper Accuracy: 0.2818181818181818 36 0
Communication round: 88, Smart Eavesdropper Accuracy: 0.2681818181818182 36 0
Communication round: 89, Smart Eavesdropper Accuracy: 0.2727272727272727 36 0
Communication round: 90, Aggregated Accuracies: 0.6823809523809524 37
Communication round: 90, Smart Eavesdropper Accuracy: 0.26590909090909093 37 1
Communication round: 91, Aggregated Accuracies: 0.6917857142857141 38
Communication round: 91, Smart Eavesdropper Accuracy: 0.2545454545454545 38 1
Communication round: 92, Aggregated Accuracies: 0.7178571428571427 39
Communication round: 92, Smart Eavesdropper Accuracy: 0.29545454545454547 39 1
Communication round: 93, Aggregated Accuracies: 0.7426190476190476 40
Communication round: 93, Smart Eavesdropper Accuracy: 0.25 40 1
Communication round: 94, Aggregated Accuracies: 0.7594047619047618 41
Communication round: 94, Smart Eavesdropper Accuracy: 0.27045454545454545 41 1
Communication round: 95, Aggregated Accuracies: 0.7797619047619045 42
Communication round: 95, Smart Eavesdropper Accuracy: 0.26136363636363635 42 1
Communication round: 96, Aggregated Accuracies: 0.7867857142857142 43
Communication round: 96, Smart Eavesdropper Accuracy: 0.2545454545454545 43 1
Communication round: 97, Aggregated Accuracies: 0.8025 44
Communication round: 97, Smart Eavesdropper Accuracy: 0.26590909090909093 44 1
Communication round: 98, Aggregated Accuracies: 0.8138095238095236 45
Communication round: 98, Smart Eavesdropper Accuracy: 0.3 45 1
Communication round: 99, Smart Eavesdropper Accuracy: 0.23863636363636365 45 0
----------------------------------------------------------------------------------------------------
----------------------------------------------------------------------------------------------------
50_30_100_0.1_2_0.99_False_
----------------------------------------------------------------------------------------------------
Communication round: 0, Eavesdropper Accuracy: 0.038636363636363635 1 1
Communication round: 1, Smart Eavesdropper Accuracy: 0.09772727272727273 1 0
Communication round: 2, Eavesdropper Accuracy: 0.038636363636363635 2 1
Communication round: 3, Eavesdropper Accuracy: 0.02727272727272727 3 1
Communication round: 4, Eavesdropper Accuracy: 0.03636363636363636 3 0
Communication round: 5, Eavesdropper Accuracy: 0.04090909090909091 4 1
Communication round: 6, Eavesdropper Accuracy: 0.029545454545454545 4 0
Communication round: 7, Eavesdropper Accuracy: 0.038636363636363635 5 1
Communication round: 8, Eavesdropper Accuracy: 0.031818181818181815 5 0
Communication round: 9, Aggregated Accuracies: 0.08916666666666664 6
Communication round: 9, Eavesdropper Accuracy: 0.05227272727272727 6 1
Communication round: 10, Eavesdropper Accuracy: 0.056818181818181816 6 0
Communication round: 11, Aggregated Accuracies: 0.10785714285714286 7
Communication round: 11, Eavesdropper Accuracy: 0.08863636363636364 7 1
Communication round: 12, Eavesdropper Accuracy: 0.07727272727272727 8 1
Communication round: 13, Eavesdropper Accuracy: 0.06363636363636363 9 1
Communication round: 14, Eavesdropper Accuracy: 0.09090909090909091 9 0
Communication round: 15, Eavesdropper Accuracy: 0.09090909090909091 9 0
Communication round: 16, Eavesdropper Accuracy: 0.09545454545454546 10 1
Communication round: 17, Eavesdropper Accuracy: 0.08181818181818182 11 1
Communication round: 18, Eavesdropper Accuracy: 0.07272727272727272 11 0
Communication round: 19, Eavesdropper Accuracy: 0.08181818181818182 12 1
Communication round: 20, Eavesdropper Accuracy: 0.1 13 1
Communication round: 21, Aggregated Accuracies: 0.1342857142857143 14
Communication round: 21, Eavesdropper Accuracy: 0.11818181818181818 14 1
Communication round: 22, Eavesdropper Accuracy: 0.12727272727272726 15 1
Communication round: 23, Eavesdropper Accuracy: 0.125 15 0
Communication round: 24, Eavesdropper Accuracy: 0.12727272727272726 15 0
Communication round: 25, Aggregated Accuracies: 0.17297619047619045 16
Communication round: 25, Eavesdropper Accuracy: 0.17045454545454544 16 1
Communication round: 26, Eavesdropper Accuracy: 0.15681818181818183 16 0
Communication round: 27, Eavesdropper Accuracy: 0.15 16 0
Communication round: 28, Eavesdropper Accuracy: 0.16590909090909092 16 0
Communication round: 29, Aggregated Accuracies: 0.22976190476190475 17
Communication round: 29, Eavesdropper Accuracy: 0.2409090909090909 17 1
Communication round: 30, Eavesdropper Accuracy: 0.24545454545454545 17 0
Communication round: 31, Eavesdropper Accuracy: 0.2318181818181818 18 1
Communication round: 32, Eavesdropper Accuracy: 0.22045454545454546 19 1
Communication round: 33, Eavesdropper Accuracy: 0.2318181818181818 20 1
Communication round: 34, Eavesdropper Accuracy: 0.23636363636363636 21 1
Communication round: 35, Eavesdropper Accuracy: 0.22954545454545455 22 1
Communication round: 36, Eavesdropper Accuracy: 0.22045454545454546 23 1
Communication round: 37, Eavesdropper Accuracy: 0.21818181818181817 24 1
Communication round: 38, Aggregated Accuracies: 0.28595238095238096 25
Communication round: 38, Eavesdropper Accuracy: 0.31363636363636366 25 1
Communication round: 39, Aggregated Accuracies: 0.32404761904761914 26
Communication round: 39, Eavesdropper Accuracy: 0.32954545454545453 26 1
Communication round: 40, Aggregated Accuracies: 0.38607142857142845 27
Communication round: 40, Eavesdropper Accuracy: 0.42727272727272725 27 1
Communication round: 41, Eavesdropper Accuracy: 0.44772727272727275 28 1
Communication round: 42, Eavesdropper Accuracy: 0.41818181818181815 29 1
Communication round: 43, Eavesdropper Accuracy: 0.41818181818181815 30 1
Communication round: 44, Eavesdropper Accuracy: 0.425 31 1
Communication round: 45, Eavesdropper Accuracy: 0.45681818181818185 31 0
Communication round: 46, Aggregated Accuracies: 0.4441666666666666 32
Communication round: 46, Eavesdropper Accuracy: 0.5113636363636364 32 1
Communication round: 47, Eavesdropper Accuracy: 0.49318181818181817 33 1
Communication round: 48, Eavesdropper Accuracy: 0.4863636363636364 34 1
Communication round: 49, Eavesdropper Accuracy: 0.5136363636363637 34 0
Communication round: 50, Eavesdropper Accuracy: 0.4818181818181818 35 1
Communication round: 51, Eavesdropper Accuracy: 0.48863636363636365 36 1
Communication round: 52, Eavesdropper Accuracy: 0.5045454545454545 36 0
Communication round: 53, Eavesdropper Accuracy: 0.5 37 1
Communication round: 54, Eavesdropper Accuracy: 0.48409090909090907 38 1
Communication round: 55, Aggregated Accuracies: 0.47488095238095257 39
Communication round: 55, Eavesdropper Accuracy: 0.5113636363636364 39 1
Communication round: 56, Aggregated Accuracies: 0.5170238095238093 40
Communication round: 56, Eavesdropper Accuracy: 0.5568181818181818 40 1
Communication round: 57, Eavesdropper Accuracy: 0.5454545454545454 40 0
Communication round: 58, Aggregated Accuracies: 0.5496428571428571 41
Communication round: 58, Eavesdropper Accuracy: 0.5954545454545455 41 1
Communication round: 59, Eavesdropper Accuracy: 0.6068181818181818 41 0
Communication round: 60, Aggregated Accuracies: 0.590595238095238 42
Communication round: 60, Eavesdropper Accuracy: 0.6318181818181818 42 1
Communication round: 61, Eavesdropper Accuracy: 0.6386363636363637 42 0
Communication round: 62, Aggregated Accuracies: 0.6220238095238095 43
Communication round: 62, Eavesdropper Accuracy: 0.6681818181818182 43 1
Communication round: 63, Aggregated Accuracies: 0.648809523809524 44
Communication round: 63, Eavesdropper Accuracy: 0.7 44 1
Communication round: 64, Eavesdropper Accuracy: 0.6931818181818182 44 0
Communication round: 65, Aggregated Accuracies: 0.677142857142857 45
Communication round: 65, Eavesdropper Accuracy: 0.7204545454545455 45 1
Communication round: 66, Aggregated Accuracies: 0.7046428571428573 46
Communication round: 66, Eavesdropper Accuracy: 0.7295454545454545 46 1
Communication round: 67, Eavesdropper Accuracy: 0.7386363636363636 46 0
Communication round: 68, Eavesdropper Accuracy: 0.7090909090909091 46 0
Communication round: 69, Eavesdropper Accuracy: 0.7613636363636364 46 0
Communication round: 70, Eavesdropper Accuracy: 0.740909090909091 46 0
Communication round: 71, Eavesdropper Accuracy: 0.7522727272727273 47 1
Communication round: 72, Eavesdropper Accuracy: 0.7727272727272727 47 0
Communication round: 73, Aggregated Accuracies: 0.7211904761904762 48
Communication round: 73, Eavesdropper Accuracy: 0.7727272727272727 48 1
Communication round: 74, Eavesdropper Accuracy: 0.7454545454545455 48 0
Communication round: 75, Eavesdropper Accuracy: 0.7568181818181818 48 0
Communication round: 76, Eavesdropper Accuracy: 0.775 48 0
Communication round: 77, Aggregated Accuracies: 0.7303571428571429 49
Communication round: 77, Eavesdropper Accuracy: 0.7431818181818182 49 1
Communication round: 78, Eavesdropper Accuracy: 0.7454545454545455 49 0
Communication round: 79, Eavesdropper Accuracy: 0.759090909090909 50 1
Communication round: 80, Eavesdropper Accuracy: 0.7568181818181818 51 1
Communication round: 81, Aggregated Accuracies: 0.7528571428571429 52
Communication round: 81, Eavesdropper Accuracy: 0.7977272727272727 52 1
Communication round: 82, Aggregated Accuracies: 0.7617857142857144 53
Communication round: 82, Eavesdropper Accuracy: 0.8068181818181818 53 1
Communication round: 83, Aggregated Accuracies: 0.773809523809524 54
Communication round: 83, Eavesdropper Accuracy: 0.8159090909090909 54 1
Communication round: 84, Aggregated Accuracies: 0.7811904761904762 55
Communication round: 84, Eavesdropper Accuracy: 0.8022727272727272 55 1
Communication round: 85, Aggregated Accuracies: 0.7933333333333334 56
Communication round: 85, Eavesdropper Accuracy: 0.8318181818181818 56 1
Communication round: 86, Aggregated Accuracies: 0.8045238095238095 57
Communication round: 86, Eavesdropper Accuracy: 0.8295454545454546 57 1
Communication round: 87, Aggregated Accuracies: 0.8071428571428573 58
Communication round: 87, Eavesdropper Accuracy: 0.8318181818181818 58 1
Communication round: 88, Aggregated Accuracies: 0.8194047619047621 59
Communication round: 88, Eavesdropper Accuracy: 0.8477272727272728 59 1
Communication round: 89, Aggregated Accuracies: 0.8284523809523808 60
Communication round: 89, Eavesdropper Accuracy: 0.825 60 1
Communication round: 90, Eavesdropper Accuracy: 0.8386363636363636 60 0
Communication round: 91, Eavesdropper Accuracy: 0.8477272727272728 60 0
Communication round: 92, Eavesdropper Accuracy: 0.8431818181818181 60 0
Communication round: 93, Eavesdropper Accuracy: 0.8522727272727273 61 1
Communication round: 94, Eavesdropper Accuracy: 0.8477272727272728 61 0
Communication round: 95, Eavesdropper Accuracy: 0.85 61 0
Communication round: 96, Eavesdropper Accuracy: 0.8363636363636363 61 0
Communication round: 97, Eavesdropper Accuracy: 0.8568181818181818 62 1
Communication round: 98, Eavesdropper Accuracy: 0.8272727272727273 62 0
Communication round: 99, Aggregated Accuracies: 0.8290476190476188 63
Communication round: 99, Eavesdropper Accuracy: 0.8454545454545455 63 1
----------------------------------------------------------------------------------------------------
----------------------------------------------------------------------------------------------------
50_30_100_0.1_2_0.99_False_
----------------------------------------------------------------------------------------------------
Communication round: 0, Smart Eavesdropper Accuracy: 0.1340909090909091 0 0
Communication round: 1, Smart Eavesdropper Accuracy: 0.14545454545454545 0 0
Communication round: 2, Smart Eavesdropper Accuracy: 0.1409090909090909 0 0
Communication round: 3, Smart Eavesdropper Accuracy: 0.1159090909090909 0 0
Communication round: 4, Smart Eavesdropper Accuracy: 0.15681818181818183 0 0
Communication round: 5, Smart Eavesdropper Accuracy: 0.16136363636363638 0 0
Communication round: 6, Smart Eavesdropper Accuracy: 0.2 0 0
Communication round: 7, Aggregated Accuracies: 0.11380952380952382 1
Communication round: 7, Smart Eavesdropper Accuracy: 0.1409090909090909 1 1
Communication round: 8, Smart Eavesdropper Accuracy: 0.16818181818181818 2 1
Communication round: 9, Aggregated Accuracies: 0.13619047619047617 3
Communication round: 9, Smart Eavesdropper Accuracy: 0.17954545454545454 3 1
Communication round: 10, Smart Eavesdropper Accuracy: 0.20454545454545456 4 1
Communication round: 11, Smart Eavesdropper Accuracy: 0.14772727272727273 5 1
Communication round: 12, Smart Eavesdropper Accuracy: 0.17045454545454544 6 1
Communication round: 13, Smart Eavesdropper Accuracy: 0.19090909090909092 7 1
Communication round: 14, Eavesdropper Accuracy: 0.11136363636363636 8 1
Communication round: 15, Eavesdropper Accuracy: 0.11363636363636363 9 1
Communication round: 16, Eavesdropper Accuracy: 0.12045454545454545 10 1
Communication round: 17, Eavesdropper Accuracy: 0.12954545454545455 11 1
Communication round: 18, Eavesdropper Accuracy: 0.1159090909090909 12 1
Communication round: 19, Eavesdropper Accuracy: 0.11818181818181818 13 1
Communication round: 20, Eavesdropper Accuracy: 0.11363636363636363 13 0
Communication round: 21, Eavesdropper Accuracy: 0.12272727272727273 13 0
Communication round: 22, Eavesdropper Accuracy: 0.11363636363636363 13 0
Communication round: 23, Eavesdropper Accuracy: 0.1340909090909091 13 0
Communication round: 24, Eavesdropper Accuracy: 0.12045454545454545 13 0
Communication round: 25, Aggregated Accuracies: 0.15952380952380946 14
Communication round: 25, Eavesdropper Accuracy: 0.175 14 1
Communication round: 26, Aggregated Accuracies: 0.20285714285714282 15
Communication round: 26, Eavesdropper Accuracy: 0.22954545454545455 15 1
Communication round: 27, Aggregated Accuracies: 0.2444047619047619 16
Communication round: 27, Eavesdropper Accuracy: 0.2909090909090909 16 1
Communication round: 28, Aggregated Accuracies: 0.2841666666666666 17
Communication round: 28, Eavesdropper Accuracy: 0.33636363636363636 17 1
Communication round: 29, Aggregated Accuracies: 0.3511904761904761 18
Communication round: 29, Eavesdropper Accuracy: 0.3522727272727273 18 1
Communication round: 30, Aggregated Accuracies: 0.39571428571428574 19
Communication round: 30, Eavesdropper Accuracy: 0.4090909090909091 19 1
Communication round: 31, Aggregated Accuracies: 0.4454761904761905 20
Communication round: 31, Eavesdropper Accuracy: 0.45681818181818185 20 1
Communication round: 32, Aggregated Accuracies: 0.49690476190476196 21
Communication round: 32, Eavesdropper Accuracy: 0.5295454545454545 21 1
Communication round: 33, Aggregated Accuracies: 0.5346428571428572 22
Communication round: 33, Eavesdropper Accuracy: 0.5386363636363637 22 1
Communication round: 34, Aggregated Accuracies: 0.5919047619047617 23
Communication round: 34, Eavesdropper Accuracy: 0.6068181818181818 23 1
Communication round: 35, Aggregated Accuracies: 0.6358333333333334 24
Communication round: 35, Eavesdropper Accuracy: 0.6477272727272727 24 1
Communication round: 36, Aggregated Accuracies: 0.66 25
Communication round: 36, Eavesdropper Accuracy: 0.6795454545454546 25 1
Communication round: 37, Aggregated Accuracies: 0.6942857142857142 26
Communication round: 37, Eavesdropper Accuracy: 0.7136363636363636 26 1
Communication round: 38, Eavesdropper Accuracy: 0.740909090909091 27 1
Communication round: 39, Eavesdropper Accuracy: 0.740909090909091 28 1
Communication round: 40, Aggregated Accuracies: 0.7180952380952381 29
Communication round: 40, Eavesdropper Accuracy: 0.7840909090909091 29 1
Communication round: 41, Aggregated Accuracies: 0.734642857142857 30
Communication round: 41, Eavesdropper Accuracy: 0.7727272727272727 30 1
Communication round: 42, Aggregated Accuracies: 0.7447619047619048 31
Communication round: 42, Eavesdropper Accuracy: 0.7931818181818182 31 1
Communication round: 43, Aggregated Accuracies: 0.7591666666666665 32
Communication round: 43, Eavesdropper Accuracy: 0.8159090909090909 32 1
Communication round: 44, Aggregated Accuracies: 0.783214285714286 33
Communication round: 44, Eavesdropper Accuracy: 0.7795454545454545 33 1
Communication round: 45, Aggregated Accuracies: 0.7915476190476192 34
Communication round: 45, Eavesdropper Accuracy: 0.8068181818181818 34 1
Communication round: 46, Aggregated Accuracies: 0.8004761904761899 35
Communication round: 46, Eavesdropper Accuracy: 0.7977272727272727 35 1
Communication round: 47, Aggregated Accuracies: 0.8053571428571431 36
Communication round: 47, Eavesdropper Accuracy: 0.7954545454545454 36 1
Communication round: 48, Aggregated Accuracies: 0.8215476190476193 37
Communication round: 48, Eavesdropper Accuracy: 0.8204545454545454 37 1
Communication round: 49, Aggregated Accuracies: 0.8225 38
Communication round: 49, Eavesdropper Accuracy: 0.8295454545454546 38 1
Communication round: 50, Aggregated Accuracies: 0.8345238095238094 39
Communication round: 50, Eavesdropper Accuracy: 0.8136363636363636 39 1
Communication round: 51, Aggregated Accuracies: 0.8390476190476192 40
Communication round: 51, Eavesdropper Accuracy: 0.8409090909090909 40 1
Communication round: 52, Aggregated Accuracies: 0.8501190476190476 41
Communication round: 52, Eavesdropper Accuracy: 0.85 41 1
Communication round: 53, Aggregated Accuracies: 0.8580952380952379 42
Communication round: 53, Eavesdropper Accuracy: 0.8636363636363636 42 1
Communication round: 54, Eavesdropper Accuracy: 0.8568181818181818 42 0
Communication round: 55, Eavesdropper Accuracy: 0.8409090909090909 42 0
Communication round: 56, Eavesdropper Accuracy: 0.8431818181818181 42 0
Communication round: 57, Eavesdropper Accuracy: 0.8636363636363636 42 0
Communication round: 58, Eavesdropper Accuracy: 0.8454545454545455 42 0
Communication round: 59, Eavesdropper Accuracy: 0.8522727272727273 42 0
Communication round: 60, Eavesdropper Accuracy: 0.8431818181818181 42 0
Communication round: 61, Eavesdropper Accuracy: 0.8545454545454545 42 0
Communication round: 62, Eavesdropper Accuracy: 0.8704545454545455 42 0
Communication round: 63, Eavesdropper Accuracy: 0.8590909090909091 42 0
Communication round: 64, Eavesdropper Accuracy: 0.8590909090909091 42 0
Communication round: 65, Eavesdropper Accuracy: 0.8477272727272728 42 0
Communication round: 66, Eavesdropper Accuracy: 0.85 42 0
Communication round: 67, Eavesdropper Accuracy: 0.8431818181818181 42 0
Communication round: 68, Eavesdropper Accuracy: 0.8636363636363636 42 0
Communication round: 69, Eavesdropper Accuracy: 0.8636363636363636 42 0
Communication round: 70, Eavesdropper Accuracy: 0.8704545454545455 42 0
Communication round: 71, Eavesdropper Accuracy: 0.865909090909091 42 0
Communication round: 72, Eavesdropper Accuracy: 0.8613636363636363 42 0
Communication round: 73, Eavesdropper Accuracy: 0.8522727272727273 42 0
Communication round: 74, Eavesdropper Accuracy: 0.8545454545454545 42 0
Communication round: 75, Eavesdropper Accuracy: 0.8522727272727273 42 0
Communication round: 76, Eavesdropper Accuracy: 0.865909090909091 42 0
Communication round: 77, Eavesdropper Accuracy: 0.8613636363636363 42 0
Communication round: 78, Eavesdropper Accuracy: 0.8431818181818181 42 0
Communication round: 79, Eavesdropper Accuracy: 0.8590909090909091 42 0
Communication round: 80, Eavesdropper Accuracy: 0.865909090909091 42 0
Communication round: 81, Eavesdropper Accuracy: 0.85 42 0
Communication round: 82, Eavesdropper Accuracy: 0.8590909090909091 42 0
Communication round: 83, Smart Eavesdropper Accuracy: 0.7090909090909091 42 0
Communication round: 84, Smart Eavesdropper Accuracy: 0.5590909090909091 42 0
Communication round: 85, Smart Eavesdropper Accuracy: 0.5295454545454545 42 0
Communication round: 86, Smart Eavesdropper Accuracy: 0.48863636363636365 42 0
Communication round: 87, Smart Eavesdropper Accuracy: 0.4068181818181818 42 0
Communication round: 88, Smart Eavesdropper Accuracy: 0.3704545454545455 42 0
Communication round: 89, Smart Eavesdropper Accuracy: 0.3795454545454545 42 0
Communication round: 90, Smart Eavesdropper Accuracy: 0.3431818181818182 42 0
Communication round: 91, Smart Eavesdropper Accuracy: 0.4022727272727273 42 0
Communication round: 92, Smart Eavesdropper Accuracy: 0.3431818181818182 42 0
Communication round: 93, Smart Eavesdropper Accuracy: 0.3840909090909091 42 0
Communication round: 94, Smart Eavesdropper Accuracy: 0.26590909090909093 42 0
Communication round: 95, Smart Eavesdropper Accuracy: 0.3522727272727273 42 0
Communication round: 96, Smart Eavesdropper Accuracy: 0.2909090909090909 42 0
Communication round: 97, Smart Eavesdropper Accuracy: 0.3795454545454545 42 0
Communication round: 98, Smart Eavesdropper Accuracy: 0.27954545454545454 42 0
Communication round: 99, Smart Eavesdropper Accuracy: 0.29772727272727273 42 0
----------------------------------------------------------------------------------------------------
----------------------------------------------------------------------------------------------------
50_30_100_0.1_2_0.99_False_
----------------------------------------------------------------------------------------------------
Communication round: 0, Eavesdropper Accuracy: 0.02727272727272727 1 1
Communication round: 1, Eavesdropper Accuracy: 0.02727272727272727 2 1
Communication round: 2, Eavesdropper Accuracy: 0.04318181818181818 3 1
Communication round: 3, Eavesdropper Accuracy: 0.020454545454545454 3 0
Communication round: 4, Eavesdropper Accuracy: 0.02727272727272727 4 1
Communication round: 5, Eavesdropper Accuracy: 0.02727272727272727 5 1
Communication round: 6, Aggregated Accuracies: 0.08333333333333331 6
Communication round: 6, Eavesdropper Accuracy: 0.1 6 1
Communication round: 7, Eavesdropper Accuracy: 0.10227272727272728 7 1
Communication round: 8, Eavesdropper Accuracy: 0.09090909090909091 8 1
Communication round: 9, Eavesdropper Accuracy: 0.10454545454545454 9 1
Communication round: 10, Eavesdropper Accuracy: 0.1 9 0
Communication round: 11, Eavesdropper Accuracy: 0.125 10 1
Communication round: 12, Eavesdropper Accuracy: 0.10681818181818181 10 0
Communication round: 13, Eavesdropper Accuracy: 0.10909090909090909 11 1
Communication round: 14, Eavesdropper Accuracy: 0.09545454545454546 12 1
Communication round: 15, Eavesdropper Accuracy: 0.09545454545454546 13 1
Communication round: 16, Eavesdropper Accuracy: 0.10681818181818181 13 0
Communication round: 17, Aggregated Accuracies: 0.12845238095238096 14
Communication round: 17, Eavesdropper Accuracy: 0.1409090909090909 14 1
Communication round: 18, Aggregated Accuracies: 0.1779761904761905 15
Communication round: 18, Eavesdropper Accuracy: 0.18181818181818182 15 1
Communication round: 19, Eavesdropper Accuracy: 0.2 15 0
Communication round: 20, Aggregated Accuracies: 0.21845238095238093 16
Communication round: 20, Eavesdropper Accuracy: 0.27045454545454545 16 1
Communication round: 21, Eavesdropper Accuracy: 0.2681818181818182 16 0
Communication round: 22, Eavesdropper Accuracy: 0.2431818181818182 16 0
Communication round: 23, Eavesdropper Accuracy: 0.27045454545454545 16 0
Communication round: 24, Eavesdropper Accuracy: 0.275 16 0
Communication round: 25, Aggregated Accuracies: 0.25726190476190475 17
Communication round: 25, Eavesdropper Accuracy: 0.31136363636363634 17 1
Communication round: 26, Eavesdropper Accuracy: 0.3522727272727273 17 0
Communication round: 27, Aggregated Accuracies: 0.31166666666666665 18
Communication round: 27, Eavesdropper Accuracy: 0.3704545454545455 18 1
Communication round: 28, Eavesdropper Accuracy: 0.375 18 0
Communication round: 29, Eavesdropper Accuracy: 0.3568181818181818 18 0
Communication round: 30, Eavesdropper Accuracy: 0.375 18 0
Communication round: 31, Eavesdropper Accuracy: 0.35 19 1
Communication round: 32, Eavesdropper Accuracy: 0.37727272727272726 19 0
Communication round: 33, Eavesdropper Accuracy: 0.3931818181818182 20 1
Communication round: 34, Eavesdropper Accuracy: 0.3704545454545455 20 0
Communication round: 35, Eavesdropper Accuracy: 0.34545454545454546 20 0
Communication round: 36, Eavesdropper Accuracy: 0.3840909090909091 21 1
Communication round: 37, Eavesdropper Accuracy: 0.3659090909090909 22 1
Communication round: 38, Aggregated Accuracies: 0.36500000000000005 23
Communication round: 38, Eavesdropper Accuracy: 0.42954545454545456 23 1
Communication round: 39, Aggregated Accuracies: 0.41690476190476183 24
Communication round: 39, Eavesdropper Accuracy: 0.4 24 1
Communication round: 40, Eavesdropper Accuracy: 0.4431818181818182 25 1
Communication round: 41, Eavesdropper Accuracy: 0.45227272727272727 25 0
Communication round: 42, Eavesdropper Accuracy: 0.4090909090909091 25 0
Communication round: 43, Eavesdropper Accuracy: 0.4159090909090909 25 0
Communication round: 44, Eavesdropper Accuracy: 0.4340909090909091 25 0
Communication round: 45, Eavesdropper Accuracy: 0.45454545454545453 25 0
Communication round: 46, Aggregated Accuracies: 0.4629761904761904 26
Communication round: 46, Eavesdropper Accuracy: 0.5227272727272727 26 1
Communication round: 47, Aggregated Accuracies: 0.5077380952380953 27
Communication round: 47, Eavesdropper Accuracy: 0.55 27 1
Communication round: 48, Eavesdropper Accuracy: 0.575 27 0
Communication round: 49, Eavesdropper Accuracy: 0.5545454545454546 27 0
Communication round: 50, Eavesdropper Accuracy: 0.5477272727272727 28 1
Communication round: 51, Aggregated Accuracies: 0.5477380952380951 29
Communication round: 51, Eavesdropper Accuracy: 0.5863636363636363 29 1
Communication round: 52, Eavesdropper Accuracy: 0.5886363636363636 30 1
Communication round: 53, Eavesdropper Accuracy: 0.575 30 0
Communication round: 54, Eavesdropper Accuracy: 0.5772727272727273 30 0
Communication round: 55, Eavesdropper Accuracy: 0.5613636363636364 31 1
Communication round: 56, Eavesdropper Accuracy: 0.5727272727272728 31 0
Communication round: 57, Eavesdropper Accuracy: 0.5931818181818181 32 1
Communication round: 58, Eavesdropper Accuracy: 0.5909090909090909 33 1
Communication round: 59, Eavesdropper Accuracy: 0.5863636363636363 34 1
Communication round: 60, Eavesdropper Accuracy: 0.55 34 0
Communication round: 61, Eavesdropper Accuracy: 0.5886363636363636 34 0
Communication round: 62, Eavesdropper Accuracy: 0.5659090909090909 35 1
Communication round: 63, Eavesdropper Accuracy: 0.5590909090909091 35 0
Communication round: 64, Eavesdropper Accuracy: 0.575 35 0
Communication round: 65, Eavesdropper Accuracy: 0.5431818181818182 35 0
Communication round: 66, Eavesdropper Accuracy: 0.5931818181818181 36 1
Communication round: 67, Eavesdropper Accuracy: 0.575 37 1
Communication round: 68, Eavesdropper Accuracy: 0.575 38 1
Communication round: 69, Eavesdropper Accuracy: 0.5727272727272728 38 0
Communication round: 70, Eavesdropper Accuracy: 0.5772727272727273 39 1
Communication round: 71, Eavesdropper Accuracy: 0.5477272727272727 40 1
Communication round: 72, Eavesdropper Accuracy: 0.5795454545454546 41 1
Communication round: 73, Eavesdropper Accuracy: 0.5795454545454546 41 0
Communication round: 74, Eavesdropper Accuracy: 0.5704545454545454 42 1
Communication round: 75, Eavesdropper Accuracy: 0.5636363636363636 43 1
Communication round: 76, Eavesdropper Accuracy: 0.5954545454545455 44 1
Communication round: 77, Eavesdropper Accuracy: 0.5818181818181818 44 0
Communication round: 78, Eavesdropper Accuracy: 0.5727272727272728 45 1
Communication round: 79, Eavesdropper Accuracy: 0.5636363636363636 46 1
Communication round: 80, Eavesdropper Accuracy: 0.5545454545454546 47 1
Communication round: 81, Eavesdropper Accuracy: 0.575 48 1
Communication round: 82, Eavesdropper Accuracy: 0.5636363636363636 49 1
Communication round: 83, Eavesdropper Accuracy: 0.5772727272727273 49 0
Communication round: 84, Eavesdropper Accuracy: 0.5772727272727273 50 1
Communication round: 85, Eavesdropper Accuracy: 0.6 51 1
Communication round: 86, Aggregated Accuracies: 0.5722619047619049 52
Communication round: 86, Eavesdropper Accuracy: 0.6045454545454545 52 1
Communication round: 87, Aggregated Accuracies: 0.6113095238095236 53
Communication round: 87, Eavesdropper Accuracy: 0.6386363636363637 53 1
Communication round: 88, Aggregated Accuracies: 0.6285714285714284 54
Communication round: 88, Eavesdropper Accuracy: 0.6840909090909091 54 1
Communication round: 89, Eavesdropper Accuracy: 0.6863636363636364 54 0
Communication round: 90, Eavesdropper Accuracy: 0.6772727272727272 54 0
Communication round: 91, Aggregated Accuracies: 0.6541666666666666 55
Communication round: 91, Eavesdropper Accuracy: 0.7 55 1
Communication round: 92, Eavesdropper Accuracy: 0.6818181818181818 56 1
Communication round: 93, Eavesdropper Accuracy: 0.6727272727272727 57 1
Communication round: 94, Eavesdropper Accuracy: 0.7 57 0
Communication round: 95, Aggregated Accuracies: 0.6757142857142858 58
Communication round: 95, Eavesdropper Accuracy: 0.7068181818181818 58 1
Communication round: 96, Eavesdropper Accuracy: 0.7340909090909091 59 1
Communication round: 97, Eavesdropper Accuracy: 0.7181818181818181 59 0
Communication round: 98, Eavesdropper Accuracy: 0.7181818181818181 60 1
Communication round: 99, Eavesdropper Accuracy: 0.7227272727272728 60 0
----------------------------------------------------------------------------------------------------
----------------------------------------------------------------------------------------------------
50_30_100_0.1_2_0.99_False_
----------------------------------------------------------------------------------------------------
Communication round: 0, Smart Eavesdropper Accuracy: 0.10681818181818181 0 0
Communication round: 1, Smart Eavesdropper Accuracy: 0.2159090909090909 1 1
Communication round: 2, Eavesdropper Accuracy: 0.06818181818181818 2 1
Communication round: 3, Eavesdropper Accuracy: 0.07727272727272727 3 1
Communication round: 4, Eavesdropper Accuracy: 0.0659090909090909 4 1
Communication round: 5, Eavesdropper Accuracy: 0.06363636363636363 5 1
Communication round: 6, Eavesdropper Accuracy: 0.08181818181818182 6 1
Communication round: 7, Eavesdropper Accuracy: 0.0659090909090909 7 1
Communication round: 8, Eavesdropper Accuracy: 0.07954545454545454 8 1
Communication round: 9, Eavesdropper Accuracy: 0.08636363636363636 9 1
Communication round: 10, Eavesdropper Accuracy: 0.06818181818181818 10 1
Communication round: 11, Eavesdropper Accuracy: 0.07727272727272727 11 1
Communication round: 12, Eavesdropper Accuracy: 0.08181818181818182 12 1
Communication round: 13, Aggregated Accuracies: 0.0829761904761905 13
Communication round: 13, Eavesdropper Accuracy: 0.02727272727272727 13 1
Communication round: 14, Aggregated Accuracies: 0.1251190476190476 14
Communication round: 14, Eavesdropper Accuracy: 0.10681818181818181 14 1
Communication round: 15, Aggregated Accuracies: 0.1726190476190476 15
Communication round: 15, Eavesdropper Accuracy: 0.15 15 1
Communication round: 16, Aggregated Accuracies: 0.20595238095238103 16
Communication round: 16, Eavesdropper Accuracy: 0.2431818181818182 16 1
Communication round: 17, Eavesdropper Accuracy: 0.22727272727272727 17 1
Communication round: 18, Eavesdropper Accuracy: 0.22272727272727272 17 0
Communication round: 19, Eavesdropper Accuracy: 0.2545454545454545 17 0
Communication round: 20, Eavesdropper Accuracy: 0.2318181818181818 17 0
Communication round: 21, Eavesdropper Accuracy: 0.225 18 1
Communication round: 22, Eavesdropper Accuracy: 0.2681818181818182 18 0
Communication round: 23, Eavesdropper Accuracy: 0.25 18 0
Communication round: 24, Eavesdropper Accuracy: 0.25 18 0
Communication round: 25, Eavesdropper Accuracy: 0.26590909090909093 18 0
Communication round: 26, Eavesdropper Accuracy: 0.2340909090909091 18 0
Communication round: 27, Eavesdropper Accuracy: 0.2727272727272727 18 0
Communication round: 28, Eavesdropper Accuracy: 0.2318181818181818 18 0
Communication round: 29, Eavesdropper Accuracy: 0.225 19 1
Communication round: 30, Aggregated Accuracies: 0.263452380952381 20
Communication round: 30, Eavesdropper Accuracy: 0.3181818181818182 20 1
Communication round: 31, Aggregated Accuracies: 0.2980952380952381 21
Communication round: 31, Eavesdropper Accuracy: 0.3431818181818182 21 1
Communication round: 32, Aggregated Accuracies: 0.37 22
Communication round: 32, Eavesdropper Accuracy: 0.4022727272727273 22 1
Communication round: 33, Aggregated Accuracies: 0.4059523809523809 23
Communication round: 33, Eavesdropper Accuracy: 0.4431818181818182 23 1
Communication round: 34, Aggregated Accuracies: 0.4730952380952381 24
Communication round: 34, Eavesdropper Accuracy: 0.5295454545454545 24 1
Communication round: 35, Aggregated Accuracies: 0.5365476190476189 25
Communication round: 35, Eavesdropper Accuracy: 0.6090909090909091 25 1
Communication round: 36, Aggregated Accuracies: 0.5672619047619047 26
Communication round: 36, Eavesdropper Accuracy: 0.5977272727272728 26 1
Communication round: 37, Aggregated Accuracies: 0.5983333333333334 27
Communication round: 37, Eavesdropper Accuracy: 0.6386363636363637 27 1
Communication round: 38, Aggregated Accuracies: 0.6355952380952382 28
Communication round: 38, Eavesdropper Accuracy: 0.675 28 1
Communication round: 39, Eavesdropper Accuracy: 0.675 29 1
Communication round: 40, Eavesdropper Accuracy: 0.675 29 0
Communication round: 41, Eavesdropper Accuracy: 0.6772727272727272 30 1
Communication round: 42, Aggregated Accuracies: 0.6555952380952383 31
Communication round: 42, Eavesdropper Accuracy: 0.6931818181818182 31 1
Communication round: 43, Aggregated Accuracies: 0.6686904761904764 32
Communication round: 43, Eavesdropper Accuracy: 0.7 32 1
Communication round: 44, Aggregated Accuracies: 0.6957142857142857 33
Communication round: 44, Eavesdropper Accuracy: 0.7090909090909091 33 1
Communication round: 45, Aggregated Accuracies: 0.7140476190476189 34
Communication round: 45, Eavesdropper Accuracy: 0.7431818181818182 34 1
Communication round: 46, Aggregated Accuracies: 0.7273809523809527 35
Communication round: 46, Eavesdropper Accuracy: 0.7727272727272727 35 1
Communication round: 47, Aggregated Accuracies: 0.7459523809523807 36
Communication round: 47, Eavesdropper Accuracy: 0.775 36 1
Communication round: 48, Aggregated Accuracies: 0.7548809523809523 37
Communication round: 48, Eavesdropper Accuracy: 0.7681818181818182 37 1
Communication round: 49, Aggregated Accuracies: 0.7726190476190478 38
Communication round: 49, Eavesdropper Accuracy: 0.8090909090909091 38 1
Communication round: 50, Aggregated Accuracies: 0.789880952380952 39
Communication round: 50, Eavesdropper Accuracy: 0.7954545454545454 39 1
Communication round: 51, Aggregated Accuracies: 0.7965476190476195 40
Communication round: 51, Eavesdropper Accuracy: 0.8022727272727272 40 1
Communication round: 52, Aggregated Accuracies: 0.8055952380952379 41
Communication round: 52, Eavesdropper Accuracy: 0.8477272727272728 41 1
Communication round: 53, Aggregated Accuracies: 0.8155952380952383 42
Communication round: 53, Eavesdropper Accuracy: 0.8590909090909091 42 1
Communication round: 54, Aggregated Accuracies: 0.820952380952381 43
Communication round: 54, Eavesdropper Accuracy: 0.8477272727272728 43 1
Communication round: 55, Aggregated Accuracies: 0.827738095238095 44
Communication round: 55, Eavesdropper Accuracy: 0.8522727272727273 44 1
Communication round: 56, Aggregated Accuracies: 0.8397619047619049 45
Communication round: 56, Eavesdropper Accuracy: 0.85 45 1
Communication round: 57, Aggregated Accuracies: 0.8467857142857141 46
Communication round: 57, Eavesdropper Accuracy: 0.8590909090909091 46 1
Communication round: 58, Eavesdropper Accuracy: 0.8795454545454545 46 0
Communication round: 59, Eavesdropper Accuracy: 0.8613636363636363 46 0
Communication round: 60, Eavesdropper Accuracy: 0.8727272727272727 46 0
Communication round: 61, Eavesdropper Accuracy: 0.8727272727272727 46 0
Communication round: 62, Eavesdropper Accuracy: 0.85 46 0
Communication round: 63, Eavesdropper Accuracy: 0.8704545454545455 46 0
Communication round: 64, Eavesdropper Accuracy: 0.865909090909091 46 0
Communication round: 65, Eavesdropper Accuracy: 0.865909090909091 46 0
Communication round: 66, Eavesdropper Accuracy: 0.8795454545454545 46 0
Communication round: 67, Eavesdropper Accuracy: 0.8568181818181818 46 0
Communication round: 68, Eavesdropper Accuracy: 0.8545454545454545 46 0
Communication round: 69, Eavesdropper Accuracy: 0.8681818181818182 46 0
Communication round: 70, Eavesdropper Accuracy: 0.8772727272727273 46 0
Communication round: 71, Eavesdropper Accuracy: 0.8772727272727273 46 0
Communication round: 72, Eavesdropper Accuracy: 0.8613636363636363 46 0
Communication round: 73, Eavesdropper Accuracy: 0.8886363636363637 46 0
Communication round: 74, Eavesdropper Accuracy: 0.8772727272727273 46 0
Communication round: 75, Eavesdropper Accuracy: 0.8886363636363637 46 0
Communication round: 76, Eavesdropper Accuracy: 0.8909090909090909 46 0
Communication round: 77, Eavesdropper Accuracy: 0.8681818181818182 46 0
Communication round: 78, Eavesdropper Accuracy: 0.875 46 0
Communication round: 79, Eavesdropper Accuracy: 0.8772727272727273 46 0
Communication round: 80, Eavesdropper Accuracy: 0.865909090909091 46 0
Communication round: 81, Eavesdropper Accuracy: 0.8636363636363636 46 0
Communication round: 82, Eavesdropper Accuracy: 0.8795454545454545 46 0
Communication round: 83, Eavesdropper Accuracy: 0.8704545454545455 46 0
Communication round: 84, Eavesdropper Accuracy: 0.8704545454545455 46 0
Communication round: 85, Eavesdropper Accuracy: 0.8909090909090909 46 0
Communication round: 86, Eavesdropper Accuracy: 0.8727272727272727 46 0
Communication round: 87, Eavesdropper Accuracy: 0.865909090909091 46 0
Communication round: 88, Eavesdropper Accuracy: 0.8568181818181818 46 0
Communication round: 89, Eavesdropper Accuracy: 0.875 46 0
Communication round: 90, Eavesdropper Accuracy: 0.8886363636363637 46 0
Communication round: 91, Smart Eavesdropper Accuracy: 0.7045454545454546 46 0
Communication round: 92, Smart Eavesdropper Accuracy: 0.5318181818181819 46 0
Communication round: 93, Smart Eavesdropper Accuracy: 0.4431818181818182 46 0
Communication round: 94, Smart Eavesdropper Accuracy: 0.3795454545454545 46 0
Communication round: 95, Smart Eavesdropper Accuracy: 0.38181818181818183 46 0
Communication round: 96, Smart Eavesdropper Accuracy: 0.35454545454545455 46 0
Communication round: 97, Smart Eavesdropper Accuracy: 0.32727272727272727 46 0
Communication round: 98, Smart Eavesdropper Accuracy: 0.33181818181818185 46 0
Communication round: 99, Smart Eavesdropper Accuracy: 0.29772727272727273 46 0
----------------------------------------------------------------------------------------------------
