----------------------------------------------------------------------------------------------------
20_30_100_0.4_2_0.2_True_
----------------------------------------------------------------------------------------------------
Communication round: 0, Eavesdropper Accuracy: 0.08863636363636364 1 1
Communication round: 1, Aggregated Accuracies: 0.17071428571428568 2
Communication round: 1, Eavesdropper Accuracy: 0.17272727272727273 2 1
Communication round: 2, Aggregated Accuracies: 0.2577380952380953 3
Communication round: 2, Eavesdropper Accuracy: 0.32045454545454544 3 1
Communication round: 3, Eavesdropper Accuracy: 0.32272727272727275 4 1
Communication round: 4, Eavesdropper Accuracy: 0.31136363636363634 5 1
Communication round: 5, Aggregated Accuracies: 0.35404761904761906 6
Communication round: 5, Eavesdropper Accuracy: 0.4090909090909091 6 1
Communication round: 6, Aggregated Accuracies: 0.43928571428571433 7
Communication round: 6, Eavesdropper Accuracy: 0.4409090909090909 7 1
Communication round: 7, Eavesdropper Accuracy: 0.5159090909090909 8 1
Communication round: 8, Eavesdropper Accuracy: 0.4772727272727273 9 1
Communication round: 9, Eavesdropper Accuracy: 0.45454545454545453 10 1
Communication round: 10, Aggregated Accuracies: 0.5127380952380951 11
Communication round: 10, Eavesdropper Accuracy: 0.5136363636363637 11 1
Communication round: 11, Eavesdropper Accuracy: 0.5704545454545454 12 1
Communication round: 12, Aggregated Accuracies: 0.5660714285714286 13
Communication round: 12, Eavesdropper Accuracy: 0.6181818181818182 13 1
Communication round: 13, Aggregated Accuracies: 0.6101190476190476 14
Communication round: 13, Eavesdropper Accuracy: 0.6545454545454545 14 1
Communication round: 14, Aggregated Accuracies: 0.6726190476190477 15
Communication round: 14, Eavesdropper Accuracy: 0.7136363636363636 15 1
Communication round: 15, Eavesdropper Accuracy: 0.7068181818181818 16 1
Communication round: 16, Eavesdropper Accuracy: 0.6977272727272728 17 1
Communication round: 17, Eavesdropper Accuracy: 0.7090909090909091 18 1
Communication round: 18, Eavesdropper Accuracy: 0.7068181818181818 19 1
Communication round: 19, Aggregated Accuracies: 0.7038095238095238 20
Communication round: 19, Eavesdropper Accuracy: 0.775 20 1
Communication round: 20, Eavesdropper Accuracy: 0.7340909090909091 21 1
Communication round: 21, Eavesdropper Accuracy: 0.7681818181818182 22 1
Communication round: 22, Aggregated Accuracies: 0.7348809523809525 23
Communication round: 22, Eavesdropper Accuracy: 0.7522727272727273 23 1
Communication round: 23, Eavesdropper Accuracy: 0.7931818181818182 24 1
Communication round: 24, Aggregated Accuracies: 0.7672619047619048 25
Communication round: 24, Eavesdropper Accuracy: 0.7613636363636364 25 1
Communication round: 25, Eavesdropper Accuracy: 0.7954545454545454 26 1
Communication round: 26, Eavesdropper Accuracy: 0.7795454545454545 27 1
Communication round: 27, Aggregated Accuracies: 0.7928571428571429 28
Communication round: 27, Eavesdropper Accuracy: 0.8159090909090909 28 1
Communication round: 28, Aggregated Accuracies: 0.8114285714285714 29
Communication round: 28, Eavesdropper Accuracy: 0.8136363636363636 29 1
Communication round: 29, Aggregated Accuracies: 0.8223809523809524 30
Communication round: 29, Eavesdropper Accuracy: 0.8568181818181818 30 1
Communication round: 30, Eavesdropper Accuracy: 0.8386363636363636 31 1
Communication round: 31, Eavesdropper Accuracy: 0.8590909090909091 32 1
Communication round: 32, Eavesdropper Accuracy: 0.8590909090909091 33 1
Communication round: 33, Aggregated Accuracies: 0.8413095238095238 34
Communication round: 33, Eavesdropper Accuracy: 0.8590909090909091 34 1
Communication round: 34, Aggregated Accuracies: 0.8546428571428573 35
Communication round: 34, Eavesdropper Accuracy: 0.8340909090909091 35 1
Communication round: 35, Eavesdropper Accuracy: 0.8613636363636363 36 1
Communication round: 36, Eavesdropper Accuracy: 0.8681818181818182 37 1
Communication round: 37, Eavesdropper Accuracy: 0.8818181818181818 38 1
Communication round: 38, Eavesdropper Accuracy: 0.8795454545454545 39 1
Communication round: 39, Aggregated Accuracies: 0.8591666666666666 40
Communication round: 39, Eavesdropper Accuracy: 0.8590909090909091 40 1
Communication round: 40, Eavesdropper Accuracy: 0.8795454545454545 41 1
Communication round: 41, Eavesdropper Accuracy: 0.8727272727272727 42 1
Communication round: 42, Aggregated Accuracies: 0.8634523809523811 43
Communication round: 42, Eavesdropper Accuracy: 0.8772727272727273 43 1
Communication round: 43, Eavesdropper Accuracy: 0.8795454545454545 44 1
Communication round: 44, Eavesdropper Accuracy: 0.8931818181818182 45 1
Communication round: 45, Eavesdropper Accuracy: 0.8727272727272727 46 1
Communication round: 46, Eavesdropper Accuracy: 0.8772727272727273 47 1
Communication round: 47, Eavesdropper Accuracy: 0.8931818181818182 48 1
Communication round: 48, Aggregated Accuracies: 0.8729761904761905 49
Communication round: 48, Eavesdropper Accuracy: 0.8613636363636363 49 1
Communication round: 49, Aggregated Accuracies: 0.8759523809523809 50
Communication round: 49, Eavesdropper Accuracy: 0.8931818181818182 50 1
Communication round: 50, Aggregated Accuracies: 0.8870238095238095 51
Communication round: 50, Eavesdropper Accuracy: 0.884090909090909 51 1
Communication round: 51, Aggregated Accuracies: 0.8915476190476189 52
Communication round: 51, Eavesdropper Accuracy: 0.8886363636363637 52 1
Communication round: 52, Aggregated Accuracies: 0.8976190476190474 53
Communication round: 52, Eavesdropper Accuracy: 0.8909090909090909 53 1
Communication round: 53, Aggregated Accuracies: 0.8963095238095239 54
Communication round: 53, Eavesdropper Accuracy: 0.8704545454545455 54 1
Communication round: 54, Aggregated Accuracies: 0.9025000000000001 55
Communication round: 54, Eavesdropper Accuracy: 0.9045454545454545 55 1
Communication round: 55, Aggregated Accuracies: 0.9027380952380952 56
Communication round: 55, Eavesdropper Accuracy: 0.9113636363636364 56 1
Communication round: 56, Aggregated Accuracies: 0.905 57
Communication round: 56, Eavesdropper Accuracy: 0.9318181818181818 57 1
Communication round: 57, Aggregated Accuracies: 0.9176190476190478 58
Communication round: 57, Eavesdropper Accuracy: 0.9204545454545454 58 1
Communication round: 58, Aggregated Accuracies: 0.9129761904761905 59
Communication round: 58, Eavesdropper Accuracy: 0.9090909090909091 59 1
Communication round: 59, Aggregated Accuracies: 0.9166666666666666 60
Communication round: 59, Eavesdropper Accuracy: 0.9204545454545454 60 1
Communication round: 60, Eavesdropper Accuracy: 0.9159090909090909 60 0
Communication round: 61, Eavesdropper Accuracy: 0.9181818181818182 60 0
Communication round: 62, Eavesdropper Accuracy: 0.9204545454545454 60 0
Communication round: 63, Eavesdropper Accuracy: 0.9295454545454546 60 0
Communication round: 64, Eavesdropper Accuracy: 0.9295454545454546 60 0
Communication round: 65, Eavesdropper Accuracy: 0.9295454545454546 60 0
Communication round: 66, Eavesdropper Accuracy: 0.9113636363636364 60 0
Communication round: 67, Eavesdropper Accuracy: 0.9181818181818182 60 0
Communication round: 68, Eavesdropper Accuracy: 0.9227272727272727 60 0
Communication round: 69, Eavesdropper Accuracy: 0.9068181818181819 60 0
Communication round: 70, Eavesdropper Accuracy: 0.9159090909090909 60 0
Communication round: 71, Eavesdropper Accuracy: 0.9363636363636364 60 0
Communication round: 72, Eavesdropper Accuracy: 0.9090909090909091 60 0
Communication round: 73, Eavesdropper Accuracy: 0.9136363636363637 60 0
Communication round: 74, Eavesdropper Accuracy: 0.9113636363636364 60 0
Communication round: 75, Eavesdropper Accuracy: 0.9340909090909091 60 0
Communication round: 76, Eavesdropper Accuracy: 0.9318181818181818 60 0
Communication round: 77, Eavesdropper Accuracy: 0.9 60 0
Communication round: 78, Eavesdropper Accuracy: 0.8886363636363637 60 0
Communication round: 79, Eavesdropper Accuracy: 0.9272727272727272 60 0
Communication round: 80, Eavesdropper Accuracy: 0.8977272727272727 60 0
Communication round: 81, Eavesdropper Accuracy: 0.9227272727272727 60 0
Communication round: 82, Eavesdropper Accuracy: 0.9113636363636364 60 0
Communication round: 83, Eavesdropper Accuracy: 0.9068181818181819 60 0
Communication round: 84, Eavesdropper Accuracy: 0.9090909090909091 60 0
Communication round: 85, Eavesdropper Accuracy: 0.9181818181818182 60 0
Communication round: 86, Eavesdropper Accuracy: 0.9295454545454546 60 0
Communication round: 87, Eavesdropper Accuracy: 0.9227272727272727 60 0
Communication round: 88, Eavesdropper Accuracy: 0.95 60 0
Communication round: 89, Eavesdropper Accuracy: 0.9318181818181818 60 0
Communication round: 90, Eavesdropper Accuracy: 0.9204545454545454 60 0
Communication round: 91, Eavesdropper Accuracy: 0.9227272727272727 60 0
Communication round: 92, Eavesdropper Accuracy: 0.9181818181818182 60 0
Communication round: 93, Eavesdropper Accuracy: 0.9386363636363636 60 0
Communication round: 94, Eavesdropper Accuracy: 0.9181818181818182 60 0
Communication round: 95, Eavesdropper Accuracy: 0.9159090909090909 60 0
Communication round: 96, Eavesdropper Accuracy: 0.9340909090909091 60 0
Communication round: 97, Eavesdropper Accuracy: 0.9136363636363637 60 0
Communication round: 98, Eavesdropper Accuracy: 0.9409090909090909 60 0
Communication round: 99, Eavesdropper Accuracy: 0.9204545454545454 60 0
----------------------------------------------------------------------------------------------------
----------------------------------------------------------------------------------------------------
20_30_100_0.4_2_0.2_True_
----------------------------------------------------------------------------------------------------
Communication round: 0, Aggregated Accuracies: 0.21464285714285714 1
Communication round: 0, Eavesdropper Accuracy: 0.2409090909090909 1 1
Communication round: 1, Eavesdropper Accuracy: 0.24545454545454545 2 1
Communication round: 2, Eavesdropper Accuracy: 0.225 3 1
Communication round: 3, Aggregated Accuracies: 0.2719047619047619 4
Communication round: 3, Eavesdropper Accuracy: 0.32272727272727275 4 1
Communication round: 4, Eavesdropper Accuracy: 0.31363636363636366 5 1
Communication round: 5, Eavesdropper Accuracy: 0.3409090909090909 6 1
Communication round: 6, Eavesdropper Accuracy: 0.3386363636363636 7 1
Communication round: 7, Aggregated Accuracies: 0.3504761904761905 8
Communication round: 7, Eavesdropper Accuracy: 0.40454545454545454 8 1
Communication round: 8, Eavesdropper Accuracy: 0.4340909090909091 9 1
Communication round: 9, Aggregated Accuracies: 0.44678571428571423 10
Communication round: 9, Eavesdropper Accuracy: 0.5318181818181819 10 1
Communication round: 10, Eavesdropper Accuracy: 0.525 11 1
Communication round: 11, Aggregated Accuracies: 0.5148809523809523 12
Communication round: 11, Eavesdropper Accuracy: 0.5409090909090909 12 1
Communication round: 12, Aggregated Accuracies: 0.5764285714285714 13
Communication round: 12, Eavesdropper Accuracy: 0.6545454545454545 13 1
Communication round: 13, Eavesdropper Accuracy: 0.5931818181818181 14 1
Communication round: 14, Eavesdropper Accuracy: 0.6136363636363636 15 1
Communication round: 15, Eavesdropper Accuracy: 0.634090909090909 16 1
Communication round: 16, Eavesdropper Accuracy: 0.6068181818181818 17 1
Communication round: 17, Eavesdropper Accuracy: 0.5909090909090909 18 1
Communication round: 18, Eavesdropper Accuracy: 0.5886363636363636 19 1
Communication round: 19, Eavesdropper Accuracy: 0.6386363636363637 20 1
Communication round: 20, Aggregated Accuracies: 0.6160714285714286 21
Communication round: 20, Eavesdropper Accuracy: 0.6113636363636363 21 1
Communication round: 21, Eavesdropper Accuracy: 0.6409090909090909 22 1
Communication round: 22, Eavesdropper Accuracy: 0.6454545454545455 23 1
Communication round: 23, Eavesdropper Accuracy: 0.6568181818181819 24 1
Communication round: 24, Eavesdropper Accuracy: 0.6454545454545455 25 1
Communication round: 25, Eavesdropper Accuracy: 0.6363636363636364 26 1
Communication round: 26, Eavesdropper Accuracy: 0.6409090909090909 27 1
Communication round: 27, Aggregated Accuracies: 0.6476190476190475 28
Communication round: 27, Eavesdropper Accuracy: 0.7181818181818181 28 1
Communication round: 28, Aggregated Accuracies: 0.7052380952380952 29
Communication round: 28, Eavesdropper Accuracy: 0.7613636363636364 29 1
Communication round: 29, Aggregated Accuracies: 0.7377380952380952 30
Communication round: 29, Eavesdropper Accuracy: 0.7886363636363637 30 1
Communication round: 30, Aggregated Accuracies: 0.7636904761904761 31
Communication round: 30, Eavesdropper Accuracy: 0.8045454545454546 31 1
Communication round: 31, Eavesdropper Accuracy: 0.8113636363636364 32 1
Communication round: 32, Aggregated Accuracies: 0.7913095238095239 33
Communication round: 32, Eavesdropper Accuracy: 0.8204545454545454 33 1
Communication round: 33, Eavesdropper Accuracy: 0.8022727272727272 34 1
Communication round: 34, Aggregated Accuracies: 0.8071428571428572 35
Communication round: 34, Eavesdropper Accuracy: 0.8318181818181818 35 1
Communication round: 35, Aggregated Accuracies: 0.8233333333333335 36
Communication round: 35, Eavesdropper Accuracy: 0.8704545454545455 36 1
Communication round: 36, Aggregated Accuracies: 0.8351190476190476 37
Communication round: 36, Eavesdropper Accuracy: 0.875 37 1
Communication round: 37, Aggregated Accuracies: 0.8470238095238095 38
Communication round: 37, Eavesdropper Accuracy: 0.8681818181818182 38 1
Communication round: 38, Aggregated Accuracies: 0.862857142857143 39
Communication round: 38, Eavesdropper Accuracy: 0.8795454545454545 39 1
Communication round: 39, Aggregated Accuracies: 0.8660714285714286 40
Communication round: 39, Eavesdropper Accuracy: 0.8863636363636364 40 1
Communication round: 40, Aggregated Accuracies: 0.8801190476190476 41
Communication round: 40, Eavesdropper Accuracy: 0.8909090909090909 41 1
Communication round: 41, Aggregated Accuracies: 0.8817857142857142 42
Communication round: 41, Eavesdropper Accuracy: 0.9045454545454545 42 1
Communication round: 42, Aggregated Accuracies: 0.8952380952380953 43
Communication round: 42, Eavesdropper Accuracy: 0.9295454545454546 43 1
Communication round: 43, Aggregated Accuracies: 0.8966666666666667 44
Communication round: 43, Eavesdropper Accuracy: 0.8977272727272727 44 1
Communication round: 44, Aggregated Accuracies: 0.8986904761904763 45
Communication round: 44, Eavesdropper Accuracy: 0.925 45 1
Communication round: 45, Eavesdropper Accuracy: 0.9181818181818182 46 1
Communication round: 46, Aggregated Accuracies: 0.9048809523809522 47
Communication round: 46, Eavesdropper Accuracy: 0.9068181818181819 47 1
Communication round: 47, Aggregated Accuracies: 0.9071428571428571 48
Communication round: 47, Eavesdropper Accuracy: 0.9113636363636364 48 1
Communication round: 48, Aggregated Accuracies: 0.9099999999999999 49
Communication round: 48, Eavesdropper Accuracy: 0.9113636363636364 49 1
Communication round: 49, Aggregated Accuracies: 0.9098809523809523 50
Communication round: 49, Eavesdropper Accuracy: 0.9340909090909091 50 1
Communication round: 50, Aggregated Accuracies: 0.9167857142857141 51
Communication round: 50, Eavesdropper Accuracy: 0.9204545454545454 51 1
Communication round: 51, Aggregated Accuracies: 0.9196428571428571 52
Communication round: 51, Eavesdropper Accuracy: 0.9136363636363637 52 1
Communication round: 52, Aggregated Accuracies: 0.9230952380952381 53
Communication round: 52, Eavesdropper Accuracy: 0.9431818181818182 53 1
Communication round: 53, Eavesdropper Accuracy: 0.9318181818181818 53 0
Communication round: 54, Eavesdropper Accuracy: 0.9431818181818182 53 0
Communication round: 55, Eavesdropper Accuracy: 0.9181818181818182 53 0
Communication round: 56, Eavesdropper Accuracy: 0.9318181818181818 53 0
Communication round: 57, Eavesdropper Accuracy: 0.9318181818181818 53 0
Communication round: 58, Eavesdropper Accuracy: 0.9454545454545454 53 0
Communication round: 59, Eavesdropper Accuracy: 0.9477272727272728 53 0
Communication round: 60, Eavesdropper Accuracy: 0.9409090909090909 53 0
Communication round: 61, Eavesdropper Accuracy: 0.9340909090909091 53 0
Communication round: 62, Eavesdropper Accuracy: 0.9295454545454546 53 0
Communication round: 63, Eavesdropper Accuracy: 0.9340909090909091 53 0
Communication round: 64, Eavesdropper Accuracy: 0.9386363636363636 53 0
Communication round: 65, Eavesdropper Accuracy: 0.9204545454545454 53 0
Communication round: 66, Eavesdropper Accuracy: 0.9159090909090909 53 0
Communication round: 67, Eavesdropper Accuracy: 0.95 53 0
Communication round: 68, Eavesdropper Accuracy: 0.9431818181818182 53 0
Communication round: 69, Eavesdropper Accuracy: 0.9431818181818182 53 0
Communication round: 70, Eavesdropper Accuracy: 0.9363636363636364 53 0
Communication round: 71, Eavesdropper Accuracy: 0.9295454545454546 53 0
Communication round: 72, Eavesdropper Accuracy: 0.9295454545454546 53 0
Communication round: 73, Eavesdropper Accuracy: 0.9318181818181818 53 0
Communication round: 74, Eavesdropper Accuracy: 0.9227272727272727 53 0
Communication round: 75, Eavesdropper Accuracy: 0.9227272727272727 53 0
Communication round: 76, Eavesdropper Accuracy: 0.9227272727272727 53 0
Communication round: 77, Eavesdropper Accuracy: 0.9386363636363636 53 0
Communication round: 78, Eavesdropper Accuracy: 0.9318181818181818 53 0
Communication round: 79, Eavesdropper Accuracy: 0.9204545454545454 53 0
Communication round: 80, Eavesdropper Accuracy: 0.9295454545454546 53 0
Communication round: 81, Eavesdropper Accuracy: 0.9272727272727272 53 0
Communication round: 82, Eavesdropper Accuracy: 0.9477272727272728 53 0
Communication round: 83, Eavesdropper Accuracy: 0.9272727272727272 53 0
Communication round: 84, Eavesdropper Accuracy: 0.9386363636363636 53 0
Communication round: 85, Eavesdropper Accuracy: 0.9090909090909091 53 0
Communication round: 86, Eavesdropper Accuracy: 0.9318181818181818 53 0
Communication round: 87, Eavesdropper Accuracy: 0.9113636363636364 53 0
Communication round: 88, Eavesdropper Accuracy: 0.9181818181818182 53 0
Communication round: 89, Eavesdropper Accuracy: 0.9159090909090909 53 0
Communication round: 90, Eavesdropper Accuracy: 0.9454545454545454 53 0
Communication round: 91, Eavesdropper Accuracy: 0.9045454545454545 53 0
Communication round: 92, Eavesdropper Accuracy: 0.9227272727272727 53 0
Communication round: 93, Eavesdropper Accuracy: 0.9386363636363636 53 0
Communication round: 94, Eavesdropper Accuracy: 0.9477272727272728 53 0
Communication round: 95, Eavesdropper Accuracy: 0.9227272727272727 53 0
Communication round: 96, Eavesdropper Accuracy: 0.9295454545454546 53 0
Communication round: 97, Eavesdropper Accuracy: 0.9363636363636364 53 0
Communication round: 98, Eavesdropper Accuracy: 0.9318181818181818 53 0
Communication round: 99, Eavesdropper Accuracy: 0.9204545454545454 53 0
----------------------------------------------------------------------------------------------------
----------------------------------------------------------------------------------------------------
20_30_100_0.4_2_0.2_True_
----------------------------------------------------------------------------------------------------
Communication round: 0, Eavesdropper Accuracy: 0.05454545454545454 1 1
Communication round: 1, Eavesdropper Accuracy: 0.06363636363636363 2 1
Communication round: 2, Eavesdropper Accuracy: 0.05227272727272727 3 1
Communication round: 3, Aggregated Accuracies: 0.13440476190476186 4
Communication round: 3, Eavesdropper Accuracy: 0.056818181818181816 4 1
Communication round: 4, Eavesdropper Accuracy: 0.05454545454545454 5 1
Communication round: 5, Aggregated Accuracies: 0.2054761904761905 6
Communication round: 5, Eavesdropper Accuracy: 0.175 6 1
Communication round: 6, Eavesdropper Accuracy: 0.18181818181818182 7 1
Communication round: 7, Eavesdropper Accuracy: 0.20681818181818182 8 1
Communication round: 8, Eavesdropper Accuracy: 0.17045454545454544 9 1
Communication round: 9, Eavesdropper Accuracy: 0.18863636363636363 10 1
Communication round: 10, Aggregated Accuracies: 0.3097619047619048 11
Communication round: 10, Eavesdropper Accuracy: 0.3613636363636364 11 1
Communication round: 11, Eavesdropper Accuracy: 0.3568181818181818 12 1
Communication round: 12, Eavesdropper Accuracy: 0.35454545454545455 13 1
Communication round: 13, Eavesdropper Accuracy: 0.3886363636363636 14 1
Communication round: 14, Eavesdropper Accuracy: 0.375 15 1
Communication round: 15, Aggregated Accuracies: 0.41500000000000004 16
Communication round: 15, Eavesdropper Accuracy: 0.46136363636363636 16 1
Communication round: 16, Aggregated Accuracies: 0.48273809523809524 17
Communication round: 16, Eavesdropper Accuracy: 0.5181818181818182 17 1
Communication round: 17, Aggregated Accuracies: 0.5539285714285714 18
Communication round: 17, Eavesdropper Accuracy: 0.5977272727272728 18 1
Communication round: 18, Eavesdropper Accuracy: 0.5681818181818182 19 1
Communication round: 19, Eavesdropper Accuracy: 0.5477272727272727 20 1
Communication round: 20, Eavesdropper Accuracy: 0.5772727272727273 21 1
Communication round: 21, Eavesdropper Accuracy: 0.6272727272727273 22 1
Communication round: 22, Eavesdropper Accuracy: 0.6068181818181818 23 1
Communication round: 23, Aggregated Accuracies: 0.6029761904761906 24
Communication round: 23, Eavesdropper Accuracy: 0.6568181818181819 24 1
Communication round: 24, Eavesdropper Accuracy: 0.6636363636363637 25 1
Communication round: 25, Eavesdropper Accuracy: 0.6181818181818182 26 1
Communication round: 26, Aggregated Accuracies: 0.6482142857142857 27
Communication round: 26, Eavesdropper Accuracy: 0.6681818181818182 27 1
Communication round: 27, Aggregated Accuracies: 0.6927380952380953 28
Communication round: 27, Eavesdropper Accuracy: 0.7227272727272728 28 1
Communication round: 28, Eavesdropper Accuracy: 0.725 29 1
Communication round: 29, Eavesdropper Accuracy: 0.7227272727272728 30 1
Communication round: 30, Aggregated Accuracies: 0.729642857142857 31
Communication round: 30, Eavesdropper Accuracy: 0.740909090909091 31 1
Communication round: 31, Eavesdropper Accuracy: 0.7681818181818182 32 1
Communication round: 32, Aggregated Accuracies: 0.7577380952380953 33
Communication round: 32, Eavesdropper Accuracy: 0.7795454545454545 33 1
Communication round: 33, Eavesdropper Accuracy: 0.7772727272727272 34 1
Communication round: 34, Aggregated Accuracies: 0.7795238095238096 35
Communication round: 34, Eavesdropper Accuracy: 0.7818181818181819 35 1
Communication round: 35, Eavesdropper Accuracy: 0.7795454545454545 36 1
Communication round: 36, Eavesdropper Accuracy: 0.7818181818181819 37 1
Communication round: 37, Aggregated Accuracies: 0.8060714285714285 38
Communication round: 37, Eavesdropper Accuracy: 0.8022727272727272 38 1
Communication round: 38, Aggregated Accuracies: 0.8185714285714287 39
Communication round: 38, Eavesdropper Accuracy: 0.8295454545454546 39 1
Communication round: 39, Eavesdropper Accuracy: 0.8545454545454545 40 1
Communication round: 40, Eavesdropper Accuracy: 0.8272727272727273 41 1
Communication round: 41, Eavesdropper Accuracy: 0.825 42 1
Communication round: 42, Eavesdropper Accuracy: 0.8590909090909091 43 1
Communication round: 43, Eavesdropper Accuracy: 0.7840909090909091 44 1
Communication round: 44, Eavesdropper Accuracy: 0.8295454545454546 45 1
Communication round: 45, Aggregated Accuracies: 0.8305952380952382 46
Communication round: 45, Eavesdropper Accuracy: 0.8159090909090909 46 1
Communication round: 46, Aggregated Accuracies: 0.8429761904761903 47
Communication round: 46, Eavesdropper Accuracy: 0.85 47 1
Communication round: 47, Eavesdropper Accuracy: 0.8590909090909091 48 1
Communication round: 48, Aggregated Accuracies: 0.8547619047619047 49
Communication round: 48, Eavesdropper Accuracy: 0.8636363636363636 49 1
Communication round: 49, Aggregated Accuracies: 0.8691666666666666 50
Communication round: 49, Eavesdropper Accuracy: 0.8772727272727273 50 1
Communication round: 50, Eavesdropper Accuracy: 0.8636363636363636 51 1
Communication round: 51, Aggregated Accuracies: 0.8808333333333334 52
Communication round: 51, Eavesdropper Accuracy: 0.8795454545454545 52 1
Communication round: 52, Aggregated Accuracies: 0.8855952380952379 53
Communication round: 52, Eavesdropper Accuracy: 0.875 53 1
Communication round: 53, Aggregated Accuracies: 0.8913095238095238 54
Communication round: 53, Eavesdropper Accuracy: 0.9136363636363637 54 1
Communication round: 54, Aggregated Accuracies: 0.895238095238095 55
Communication round: 54, Eavesdropper Accuracy: 0.9022727272727272 55 1
Communication round: 55, Aggregated Accuracies: 0.8964285714285714 56
Communication round: 55, Eavesdropper Accuracy: 0.9068181818181819 56 1
Communication round: 56, Aggregated Accuracies: 0.9048809523809525 57
Communication round: 56, Eavesdropper Accuracy: 0.8977272727272727 57 1
Communication round: 57, Aggregated Accuracies: 0.9088095238095238 58
Communication round: 57, Eavesdropper Accuracy: 0.9090909090909091 58 1
Communication round: 58, Aggregated Accuracies: 0.9122619047619048 59
Communication round: 58, Eavesdropper Accuracy: 0.9159090909090909 59 1
Communication round: 59, Aggregated Accuracies: 0.9113095238095239 60
Communication round: 59, Eavesdropper Accuracy: 0.9022727272727272 60 1
Communication round: 60, Aggregated Accuracies: 0.9141666666666666 61
Communication round: 60, Eavesdropper Accuracy: 0.9272727272727272 61 1
Communication round: 61, Aggregated Accuracies: 0.9211904761904762 62
Communication round: 61, Eavesdropper Accuracy: 0.9204545454545454 62 1
Communication round: 62, Eavesdropper Accuracy: 0.9295454545454546 63 1
Communication round: 63, Aggregated Accuracies: 0.9234523809523809 64
Communication round: 63, Eavesdropper Accuracy: 0.9227272727272727 64 1
Communication round: 64, Eavesdropper Accuracy: 0.925 64 0
Communication round: 65, Eavesdropper Accuracy: 0.9136363636363637 64 0
Communication round: 66, Eavesdropper Accuracy: 0.9340909090909091 64 0
Communication round: 67, Eavesdropper Accuracy: 0.9318181818181818 64 0
Communication round: 68, Eavesdropper Accuracy: 0.9181818181818182 64 0
Communication round: 69, Eavesdropper Accuracy: 0.9545454545454546 64 0
Communication round: 70, Eavesdropper Accuracy: 0.9068181818181819 64 0
Communication round: 71, Eavesdropper Accuracy: 0.925 64 0
Communication round: 72, Eavesdropper Accuracy: 0.9 64 0
Communication round: 73, Eavesdropper Accuracy: 0.9272727272727272 64 0
Communication round: 74, Eavesdropper Accuracy: 0.9386363636363636 64 0
Communication round: 75, Eavesdropper Accuracy: 0.9295454545454546 64 0
Communication round: 76, Eavesdropper Accuracy: 0.9181818181818182 64 0
Communication round: 77, Eavesdropper Accuracy: 0.9090909090909091 64 0
Communication round: 78, Eavesdropper Accuracy: 0.9386363636363636 64 0
Communication round: 79, Eavesdropper Accuracy: 0.9181818181818182 64 0
Communication round: 80, Eavesdropper Accuracy: 0.9181818181818182 64 0
Communication round: 81, Eavesdropper Accuracy: 0.9477272727272728 64 0
Communication round: 82, Eavesdropper Accuracy: 0.925 64 0
Communication round: 83, Eavesdropper Accuracy: 0.9181818181818182 64 0
Communication round: 84, Eavesdropper Accuracy: 0.9227272727272727 64 0
Communication round: 85, Eavesdropper Accuracy: 0.9409090909090909 64 0
Communication round: 86, Eavesdropper Accuracy: 0.925 64 0
Communication round: 87, Eavesdropper Accuracy: 0.9454545454545454 64 0
Communication round: 88, Eavesdropper Accuracy: 0.9272727272727272 64 0
Communication round: 89, Eavesdropper Accuracy: 0.9363636363636364 64 0
Communication round: 90, Eavesdropper Accuracy: 0.9181818181818182 64 0
Communication round: 91, Eavesdropper Accuracy: 0.9 64 0
Communication round: 92, Eavesdropper Accuracy: 0.9363636363636364 64 0
Communication round: 93, Eavesdropper Accuracy: 0.9113636363636364 64 0
Communication round: 94, Eavesdropper Accuracy: 0.9363636363636364 64 0
Communication round: 95, Eavesdropper Accuracy: 0.925 64 0
Communication round: 96, Eavesdropper Accuracy: 0.9295454545454546 64 0
Communication round: 97, Eavesdropper Accuracy: 0.9318181818181818 64 0
Communication round: 98, Eavesdropper Accuracy: 0.9431818181818182 64 0
Communication round: 99, Eavesdropper Accuracy: 0.9318181818181818 64 0
----------------------------------------------------------------------------------------------------
----------------------------------------------------------------------------------------------------
20_30_100_0.4_2_0.2_True_
----------------------------------------------------------------------------------------------------
Communication round: 0, Eavesdropper Accuracy: 0.10909090909090909 1 1
Communication round: 1, Aggregated Accuracies: 0.1546428571428572 2
Communication round: 1, Eavesdropper Accuracy: 0.14772727272727273 2 1
Communication round: 2, Aggregated Accuracies: 0.23809523809523814 3
Communication round: 2, Eavesdropper Accuracy: 0.22954545454545455 3 1
Communication round: 3, Aggregated Accuracies: 0.3221428571428572 4
Communication round: 3, Eavesdropper Accuracy: 0.3568181818181818 4 1
Communication round: 4, Eavesdropper Accuracy: 0.3568181818181818 5 1
Communication round: 5, Eavesdropper Accuracy: 0.35909090909090907 6 1
Communication round: 6, Eavesdropper Accuracy: 0.36363636363636365 7 1
Communication round: 7, Aggregated Accuracies: 0.41035714285714286 8
Communication round: 7, Eavesdropper Accuracy: 0.42727272727272725 8 1
Communication round: 8, Eavesdropper Accuracy: 0.4863636363636364 9 1
Communication round: 9, Aggregated Accuracies: 0.5009523809523808 10
Communication round: 9, Eavesdropper Accuracy: 0.5681818181818182 10 1
Communication round: 10, Eavesdropper Accuracy: 0.5636363636363636 11 1
Communication round: 11, Eavesdropper Accuracy: 0.5636363636363636 12 1
Communication round: 12, Eavesdropper Accuracy: 0.5340909090909091 13 1
Communication round: 13, Aggregated Accuracies: 0.5629761904761905 14
Communication round: 13, Eavesdropper Accuracy: 0.6295454545454545 14 1
Communication round: 14, Aggregated Accuracies: 0.6519047619047619 15
Communication round: 14, Eavesdropper Accuracy: 0.6545454545454545 15 1
Communication round: 15, Aggregated Accuracies: 0.68 16
Communication round: 15, Eavesdropper Accuracy: 0.725 16 1
Communication round: 16, Aggregated Accuracies: 0.7207142857142856 17
Communication round: 16, Eavesdropper Accuracy: 0.7613636363636364 17 1
Communication round: 17, Aggregated Accuracies: 0.7517857142857142 18
Communication round: 17, Eavesdropper Accuracy: 0.7840909090909091 18 1
Communication round: 18, Eavesdropper Accuracy: 0.7795454545454545 19 1
Communication round: 19, Aggregated Accuracies: 0.7761904761904763 20
Communication round: 19, Eavesdropper Accuracy: 0.7613636363636364 20 1
Communication round: 20, Eavesdropper Accuracy: 0.7886363636363637 21 1
Communication round: 21, Aggregated Accuracies: 0.8022619047619047 22
Communication round: 21, Eavesdropper Accuracy: 0.865909090909091 22 1
Communication round: 22, Aggregated Accuracies: 0.8107142857142859 23
Communication round: 22, Eavesdropper Accuracy: 0.8 23 1
Communication round: 23, Eavesdropper Accuracy: 0.8090909090909091 24 1
Communication round: 24, Eavesdropper Accuracy: 0.8318181818181818 25 1
Communication round: 25, Aggregated Accuracies: 0.8266666666666665 26
Communication round: 25, Eavesdropper Accuracy: 0.7909090909090909 26 1
Communication round: 26, Aggregated Accuracies: 0.8336904761904762 27
Communication round: 26, Eavesdropper Accuracy: 0.8295454545454546 27 1
Communication round: 27, Eavesdropper Accuracy: 0.8477272727272728 28 1
Communication round: 28, Aggregated Accuracies: 0.8454761904761904 29
Communication round: 28, Eavesdropper Accuracy: 0.8340909090909091 29 1
Communication round: 29, Aggregated Accuracies: 0.8529761904761903 30
Communication round: 29, Eavesdropper Accuracy: 0.8340909090909091 30 1
Communication round: 30, Eavesdropper Accuracy: 0.825 31 1
Communication round: 31, Eavesdropper Accuracy: 0.8477272727272728 32 1
Communication round: 32, Eavesdropper Accuracy: 0.8568181818181818 33 1
Communication round: 33, Eavesdropper Accuracy: 0.8340909090909091 34 1
Communication round: 34, Eavesdropper Accuracy: 0.8704545454545455 35 1
Communication round: 35, Eavesdropper Accuracy: 0.865909090909091 36 1
Communication round: 36, Aggregated Accuracies: 0.8558333333333333 37
Communication round: 36, Eavesdropper Accuracy: 0.8772727272727273 37 1
Communication round: 37, Eavesdropper Accuracy: 0.8590909090909091 38 1
Communication round: 38, Aggregated Accuracies: 0.8572619047619048 39
Communication round: 38, Eavesdropper Accuracy: 0.8409090909090909 39 1
Communication round: 39, Aggregated Accuracies: 0.862857142857143 40
Communication round: 39, Eavesdropper Accuracy: 0.865909090909091 40 1
Communication round: 40, Aggregated Accuracies: 0.8748809523809523 41
Communication round: 40, Eavesdropper Accuracy: 0.8795454545454545 41 1
Communication round: 41, Aggregated Accuracies: 0.8804761904761905 42
Communication round: 41, Eavesdropper Accuracy: 0.8636363636363636 42 1
Communication round: 42, Aggregated Accuracies: 0.8845238095238093 43
Communication round: 42, Eavesdropper Accuracy: 0.8886363636363637 43 1
Communication round: 43, Aggregated Accuracies: 0.8940476190476192 44
Communication round: 43, Eavesdropper Accuracy: 0.9045454545454545 44 1
Communication round: 44, Aggregated Accuracies: 0.8967857142857142 45
Communication round: 44, Eavesdropper Accuracy: 0.9113636363636364 45 1
Communication round: 45, Aggregated Accuracies: 0.9004761904761907 46
Communication round: 45, Eavesdropper Accuracy: 0.9068181818181819 46 1
Communication round: 46, Aggregated Accuracies: 0.904047619047619 47
Communication round: 46, Eavesdropper Accuracy: 0.9068181818181819 47 1
Communication round: 47, Aggregated Accuracies: 0.9080952380952381 48
Communication round: 47, Eavesdropper Accuracy: 0.8977272727272727 48 1
Communication round: 48, Aggregated Accuracies: 0.909642857142857 49
Communication round: 48, Eavesdropper Accuracy: 0.9227272727272727 49 1
Communication round: 49, Eavesdropper Accuracy: 0.9090909090909091 50 1
Communication round: 50, Aggregated Accuracies: 0.913095238095238 51
Communication round: 50, Eavesdropper Accuracy: 0.9227272727272727 51 1
Communication round: 51, Eavesdropper Accuracy: 0.9090909090909091 51 0
Communication round: 52, Eavesdropper Accuracy: 0.8931818181818182 51 0
Communication round: 53, Eavesdropper Accuracy: 0.9227272727272727 51 0
Communication round: 54, Eavesdropper Accuracy: 0.9090909090909091 51 0
Communication round: 55, Eavesdropper Accuracy: 0.9272727272727272 51 0
Communication round: 56, Eavesdropper Accuracy: 0.9363636363636364 51 0
Communication round: 57, Eavesdropper Accuracy: 0.9045454545454545 51 0
Communication round: 58, Eavesdropper Accuracy: 0.9181818181818182 51 0
Communication round: 59, Eavesdropper Accuracy: 0.9068181818181819 51 0
Communication round: 60, Eavesdropper Accuracy: 0.9272727272727272 51 0
Communication round: 61, Eavesdropper Accuracy: 0.9068181818181819 51 0
Communication round: 62, Eavesdropper Accuracy: 0.925 51 0
Communication round: 63, Eavesdropper Accuracy: 0.9272727272727272 51 0
Communication round: 64, Eavesdropper Accuracy: 0.8931818181818182 51 0
Communication round: 65, Eavesdropper Accuracy: 0.9227272727272727 51 0
Communication round: 66, Eavesdropper Accuracy: 0.925 51 0
Communication round: 67, Eavesdropper Accuracy: 0.9272727272727272 51 0
Communication round: 68, Eavesdropper Accuracy: 0.9090909090909091 51 0
Communication round: 69, Eavesdropper Accuracy: 0.9363636363636364 51 0
Communication round: 70, Eavesdropper Accuracy: 0.925 51 0
Communication round: 71, Eavesdropper Accuracy: 0.8977272727272727 51 0
Communication round: 72, Eavesdropper Accuracy: 0.9272727272727272 51 0
Communication round: 73, Eavesdropper Accuracy: 0.9136363636363637 51 0
Communication round: 74, Eavesdropper Accuracy: 0.9159090909090909 51 0
Communication round: 75, Eavesdropper Accuracy: 0.8977272727272727 51 0
Communication round: 76, Eavesdropper Accuracy: 0.9340909090909091 51 0
Communication round: 77, Eavesdropper Accuracy: 0.9068181818181819 51 0
Communication round: 78, Eavesdropper Accuracy: 0.9136363636363637 51 0
Communication round: 79, Eavesdropper Accuracy: 0.9181818181818182 51 0
Communication round: 80, Eavesdropper Accuracy: 0.9227272727272727 51 0
Communication round: 81, Eavesdropper Accuracy: 0.9272727272727272 51 0
Communication round: 82, Eavesdropper Accuracy: 0.9318181818181818 51 0
Communication round: 83, Eavesdropper Accuracy: 0.9113636363636364 51 0
Communication round: 84, Eavesdropper Accuracy: 0.9113636363636364 51 0
Communication round: 85, Eavesdropper Accuracy: 0.9068181818181819 51 0
Communication round: 86, Eavesdropper Accuracy: 0.925 51 0
Communication round: 87, Eavesdropper Accuracy: 0.8954545454545455 51 0
Communication round: 88, Eavesdropper Accuracy: 0.9159090909090909 51 0
Communication round: 89, Eavesdropper Accuracy: 0.9227272727272727 51 0
Communication round: 90, Eavesdropper Accuracy: 0.9227272727272727 51 0
Communication round: 91, Eavesdropper Accuracy: 0.9227272727272727 51 0
Communication round: 92, Eavesdropper Accuracy: 0.9159090909090909 51 0
Communication round: 93, Eavesdropper Accuracy: 0.9431818181818182 51 0
Communication round: 94, Eavesdropper Accuracy: 0.9363636363636364 51 0
Communication round: 95, Eavesdropper Accuracy: 0.9159090909090909 51 0
Communication round: 96, Eavesdropper Accuracy: 0.9022727272727272 51 0
Communication round: 97, Eavesdropper Accuracy: 0.9090909090909091 51 0
Communication round: 98, Eavesdropper Accuracy: 0.9340909090909091 51 0
Communication round: 99, Eavesdropper Accuracy: 0.9295454545454546 51 0
----------------------------------------------------------------------------------------------------
----------------------------------------------------------------------------------------------------
20_30_100_0.4_2_0.2_True_
----------------------------------------------------------------------------------------------------
Communication round: 0, Aggregated Accuracies: 0.14595238095238097 1
Communication round: 0, Eavesdropper Accuracy: 0.1409090909090909 1 1
Communication round: 1, Eavesdropper Accuracy: 0.12727272727272726 2 1
Communication round: 2, Eavesdropper Accuracy: 0.12954545454545455 3 1
Communication round: 3, Eavesdropper Accuracy: 0.12727272727272726 4 1
Communication round: 4, Eavesdropper Accuracy: 0.1431818181818182 5 1
Communication round: 5, Eavesdropper Accuracy: 0.11136363636363636 6 1
Communication round: 6, Aggregated Accuracies: 0.18916666666666668 7
Communication round: 6, Eavesdropper Accuracy: 0.18181818181818182 7 1
Communication round: 7, Eavesdropper Accuracy: 0.16590909090909092 8 1
Communication round: 8, Eavesdropper Accuracy: 0.14545454545454545 9 1
Communication round: 9, Aggregated Accuracies: 0.2678571428571429 10
Communication round: 9, Eavesdropper Accuracy: 0.30454545454545456 10 1
Communication round: 10, Eavesdropper Accuracy: 0.2863636363636364 11 1
Communication round: 11, Eavesdropper Accuracy: 0.3 12 1
Communication round: 12, Aggregated Accuracies: 0.399047619047619 13
Communication round: 12, Eavesdropper Accuracy: 0.45681818181818185 13 1
Communication round: 13, Eavesdropper Accuracy: 0.48409090909090907 14 1
Communication round: 14, Eavesdropper Accuracy: 0.44545454545454544 15 1
Communication round: 15, Eavesdropper Accuracy: 0.4636363636363636 16 1
Communication round: 16, Eavesdropper Accuracy: 0.45227272727272727 17 1
Communication round: 17, Eavesdropper Accuracy: 0.4681818181818182 18 1
Communication round: 18, Eavesdropper Accuracy: 0.45227272727272727 19 1
Communication round: 19, Eavesdropper Accuracy: 0.4909090909090909 20 1
Communication round: 20, Eavesdropper Accuracy: 0.44545454545454544 21 1
Communication round: 21, Aggregated Accuracies: 0.4866666666666665 22
Communication round: 21, Eavesdropper Accuracy: 0.5386363636363637 22 1
Communication round: 22, Aggregated Accuracies: 0.5903571428571428 23
Communication round: 22, Eavesdropper Accuracy: 0.6363636363636364 23 1
Communication round: 23, Aggregated Accuracies: 0.6671428571428571 24
Communication round: 23, Eavesdropper Accuracy: 0.7113636363636363 24 1
Communication round: 24, Aggregated Accuracies: 0.7207142857142858 25
Communication round: 24, Eavesdropper Accuracy: 0.75 25 1
Communication round: 25, Aggregated Accuracies: 0.7579761904761905 26
Communication round: 25, Eavesdropper Accuracy: 0.8068181818181818 26 1
Communication round: 26, Aggregated Accuracies: 0.7866666666666667 27
Communication round: 26, Eavesdropper Accuracy: 0.8409090909090909 27 1
Communication round: 27, Aggregated Accuracies: 0.8088095238095239 28
Communication round: 27, Eavesdropper Accuracy: 0.7886363636363637 28 1
Communication round: 28, Aggregated Accuracies: 0.8324999999999999 29
Communication round: 28, Eavesdropper Accuracy: 0.8295454545454546 29 1
Communication round: 29, Aggregated Accuracies: 0.8447619047619048 30
Communication round: 29, Eavesdropper Accuracy: 0.8613636363636363 30 1
Communication round: 30, Aggregated Accuracies: 0.8521428571428571 31
Communication round: 30, Eavesdropper Accuracy: 0.8681818181818182 31 1
Communication round: 31, Aggregated Accuracies: 0.8645238095238096 32
Communication round: 31, Eavesdropper Accuracy: 0.8613636363636363 32 1
Communication round: 32, Aggregated Accuracies: 0.8746428571428572 33
Communication round: 32, Eavesdropper Accuracy: 0.865909090909091 33 1
Communication round: 33, Aggregated Accuracies: 0.8772619047619049 34
Communication round: 33, Eavesdropper Accuracy: 0.865909090909091 34 1
Communication round: 34, Aggregated Accuracies: 0.8870238095238095 35
Communication round: 34, Eavesdropper Accuracy: 0.884090909090909 35 1
Communication round: 35, Aggregated Accuracies: 0.8952380952380953 36
Communication round: 35, Eavesdropper Accuracy: 0.9068181818181819 36 1
Communication round: 36, Aggregated Accuracies: 0.8948809523809524 37
Communication round: 36, Eavesdropper Accuracy: 0.8727272727272727 37 1
Communication round: 37, Eavesdropper Accuracy: 0.9 38 1
Communication round: 38, Eavesdropper Accuracy: 0.9022727272727272 39 1
Communication round: 39, Aggregated Accuracies: 0.8997619047619049 40
Communication round: 39, Eavesdropper Accuracy: 0.9090909090909091 40 1
Communication round: 40, Aggregated Accuracies: 0.9020238095238096 41
Communication round: 40, Eavesdropper Accuracy: 0.9113636363636364 41 1
Communication round: 41, Aggregated Accuracies: 0.9045238095238096 42
Communication round: 41, Eavesdropper Accuracy: 0.8863636363636364 42 1
Communication round: 42, Eavesdropper Accuracy: 0.8954545454545455 43 1
Communication round: 43, Eavesdropper Accuracy: 0.9159090909090909 44 1
Communication round: 44, Aggregated Accuracies: 0.9077380952380952 45
Communication round: 44, Eavesdropper Accuracy: 0.9068181818181819 45 1
Communication round: 45, Eavesdropper Accuracy: 0.9431818181818182 46 1
Communication round: 46, Aggregated Accuracies: 0.9095238095238096 47
Communication round: 46, Eavesdropper Accuracy: 0.9318181818181818 47 1
Communication round: 47, Aggregated Accuracies: 0.9101190476190475 48
Communication round: 47, Eavesdropper Accuracy: 0.9136363636363637 48 1
Communication round: 48, Aggregated Accuracies: 0.9188095238095236 49
Communication round: 48, Eavesdropper Accuracy: 0.9136363636363637 49 1
Communication round: 49, Aggregated Accuracies: 0.9194047619047618 50
Communication round: 49, Eavesdropper Accuracy: 0.9159090909090909 50 1
Communication round: 50, Aggregated Accuracies: 0.9214285714285714 51
Communication round: 50, Eavesdropper Accuracy: 0.9136363636363637 51 1
Communication round: 51, Aggregated Accuracies: 0.9204761904761902 52
Communication round: 51, Eavesdropper Accuracy: 0.9136363636363637 52 1
Communication round: 52, Eavesdropper Accuracy: 0.9204545454545454 52 0
Communication round: 53, Eavesdropper Accuracy: 0.9113636363636364 52 0
Communication round: 54, Eavesdropper Accuracy: 0.9204545454545454 52 0
Communication round: 55, Eavesdropper Accuracy: 0.9136363636363637 52 0
Communication round: 56, Eavesdropper Accuracy: 0.9204545454545454 52 0
Communication round: 57, Eavesdropper Accuracy: 0.9181818181818182 52 0
Communication round: 58, Eavesdropper Accuracy: 0.925 52 0
Communication round: 59, Eavesdropper Accuracy: 0.9295454545454546 52 0
Communication round: 60, Eavesdropper Accuracy: 0.95 52 0
Communication round: 61, Eavesdropper Accuracy: 0.9136363636363637 52 0
Communication round: 62, Eavesdropper Accuracy: 0.9409090909090909 52 0
Communication round: 63, Eavesdropper Accuracy: 0.925 52 0
Communication round: 64, Eavesdropper Accuracy: 0.9181818181818182 52 0
Communication round: 65, Eavesdropper Accuracy: 0.9272727272727272 52 0
Communication round: 66, Eavesdropper Accuracy: 0.9295454545454546 52 0
Communication round: 67, Eavesdropper Accuracy: 0.9363636363636364 52 0
Communication round: 68, Eavesdropper Accuracy: 0.925 52 0
Communication round: 69, Eavesdropper Accuracy: 0.9227272727272727 52 0
Communication round: 70, Eavesdropper Accuracy: 0.9204545454545454 52 0
Communication round: 71, Eavesdropper Accuracy: 0.9477272727272728 52 0
Communication round: 72, Eavesdropper Accuracy: 0.9113636363636364 52 0
Communication round: 73, Eavesdropper Accuracy: 0.9386363636363636 52 0
Communication round: 74, Eavesdropper Accuracy: 0.9272727272727272 52 0
Communication round: 75, Eavesdropper Accuracy: 0.9181818181818182 52 0
Communication round: 76, Eavesdropper Accuracy: 0.9272727272727272 52 0
Communication round: 77, Eavesdropper Accuracy: 0.9431818181818182 52 0
Communication round: 78, Eavesdropper Accuracy: 0.9272727272727272 52 0
Communication round: 79, Eavesdropper Accuracy: 0.9022727272727272 52 0
Communication round: 80, Eavesdropper Accuracy: 0.925 52 0
Communication round: 81, Eavesdropper Accuracy: 0.9340909090909091 52 0
Communication round: 82, Eavesdropper Accuracy: 0.9227272727272727 52 0
Communication round: 83, Eavesdropper Accuracy: 0.9431818181818182 52 0
Communication round: 84, Eavesdropper Accuracy: 0.9181818181818182 52 0
Communication round: 85, Eavesdropper Accuracy: 0.9181818181818182 52 0
Communication round: 86, Eavesdropper Accuracy: 0.9204545454545454 52 0
Communication round: 87, Eavesdropper Accuracy: 0.9409090909090909 52 0
Communication round: 88, Eavesdropper Accuracy: 0.9295454545454546 52 0
Communication round: 89, Eavesdropper Accuracy: 0.9363636363636364 52 0
Communication round: 90, Eavesdropper Accuracy: 0.95 52 0
Communication round: 91, Eavesdropper Accuracy: 0.9295454545454546 52 0
Communication round: 92, Eavesdropper Accuracy: 0.9409090909090909 52 0
Communication round: 93, Eavesdropper Accuracy: 0.9295454545454546 52 0
Communication round: 94, Eavesdropper Accuracy: 0.9409090909090909 52 0
Communication round: 95, Eavesdropper Accuracy: 0.9227272727272727 52 0
Communication round: 96, Eavesdropper Accuracy: 0.9386363636363636 52 0
Communication round: 97, Eavesdropper Accuracy: 0.9318181818181818 52 0
Communication round: 98, Eavesdropper Accuracy: 0.9318181818181818 52 0
Communication round: 99, Eavesdropper Accuracy: 0.9295454545454546 52 0
----------------------------------------------------------------------------------------------------
----------------------------------------------------------------------------------------------------
20_30_100_0.4_2_0.2_True_
----------------------------------------------------------------------------------------------------
Communication round: 0, Aggregated Accuracies: 0.1654761904761905 1
Communication round: 0, Eavesdropper Accuracy: 0.09545454545454546 1 1
Communication round: 1, Eavesdropper Accuracy: 0.14545454545454545 2 1
Communication round: 2, Eavesdropper Accuracy: 0.15 3 1
Communication round: 3, Eavesdropper Accuracy: 0.14545454545454545 4 1
Communication round: 4, Eavesdropper Accuracy: 0.1431818181818182 5 1
Communication round: 5, Aggregated Accuracies: 0.22869047619047617 6
Communication round: 5, Eavesdropper Accuracy: 0.24545454545454545 6 1
Communication round: 6, Eavesdropper Accuracy: 0.23636363636363636 7 1
Communication round: 7, Aggregated Accuracies: 0.3063095238095238 8
Communication round: 7, Eavesdropper Accuracy: 0.31363636363636366 8 1
Communication round: 8, Aggregated Accuracies: 0.38095238095238093 9
Communication round: 8, Eavesdropper Accuracy: 0.42045454545454547 9 1
Communication round: 9, Eavesdropper Accuracy: 0.42272727272727273 10 1
Communication round: 10, Aggregated Accuracies: 0.4745238095238095 11
Communication round: 10, Eavesdropper Accuracy: 0.4909090909090909 11 1
Communication round: 11, Eavesdropper Accuracy: 0.5159090909090909 12 1
Communication round: 12, Eavesdropper Accuracy: 0.48863636363636365 13 1
Communication round: 13, Eavesdropper Accuracy: 0.4863636363636364 14 1
Communication round: 14, Aggregated Accuracies: 0.5507142857142857 15
Communication round: 14, Eavesdropper Accuracy: 0.5931818181818181 15 1
Communication round: 15, Eavesdropper Accuracy: 0.5795454545454546 16 1
Communication round: 16, Eavesdropper Accuracy: 0.5545454545454546 17 1
Communication round: 17, Aggregated Accuracies: 0.6108333333333333 18
Communication round: 17, Eavesdropper Accuracy: 0.6318181818181818 18 1
Communication round: 18, Aggregated Accuracies: 0.6654761904761906 19
Communication round: 18, Eavesdropper Accuracy: 0.6795454545454546 19 1
Communication round: 19, Aggregated Accuracies: 0.7352380952380951 20
Communication round: 19, Eavesdropper Accuracy: 0.759090909090909 20 1
Communication round: 20, Aggregated Accuracies: 0.7799999999999999 21
Communication round: 20, Eavesdropper Accuracy: 0.8045454545454546 21 1
Communication round: 21, Aggregated Accuracies: 0.8105952380952383 22
Communication round: 21, Eavesdropper Accuracy: 0.8227272727272728 22 1
Communication round: 22, Aggregated Accuracies: 0.8372619047619049 23
Communication round: 22, Eavesdropper Accuracy: 0.8681818181818182 23 1
Communication round: 23, Eavesdropper Accuracy: 0.8772727272727273 24 1
Communication round: 24, Eavesdropper Accuracy: 0.8613636363636363 25 1
Communication round: 25, Eavesdropper Accuracy: 0.8522727272727273 26 1
Communication round: 26, Aggregated Accuracies: 0.8442857142857143 27
Communication round: 26, Eavesdropper Accuracy: 0.884090909090909 27 1
Communication round: 27, Aggregated Accuracies: 0.851309523809524 28
Communication round: 27, Eavesdropper Accuracy: 0.8477272727272728 28 1
Communication round: 28, Aggregated Accuracies: 0.8578571428571429 29
Communication round: 28, Eavesdropper Accuracy: 0.8931818181818182 29 1
Communication round: 29, Aggregated Accuracies: 0.8766666666666667 30
Communication round: 29, Eavesdropper Accuracy: 0.9022727272727272 30 1
Communication round: 30, Aggregated Accuracies: 0.884642857142857 31
Communication round: 30, Eavesdropper Accuracy: 0.9045454545454545 31 1
Communication round: 31, Aggregated Accuracies: 0.8878571428571428 32
Communication round: 31, Eavesdropper Accuracy: 0.9431818181818182 32 1
Communication round: 32, Aggregated Accuracies: 0.8969047619047619 33
Communication round: 32, Eavesdropper Accuracy: 0.9181818181818182 33 1
Communication round: 33, Eavesdropper Accuracy: 0.9136363636363637 34 1
Communication round: 34, Aggregated Accuracies: 0.8957142857142856 35
Communication round: 34, Eavesdropper Accuracy: 0.9045454545454545 35 1
Communication round: 35, Aggregated Accuracies: 0.903452380952381 36
Communication round: 35, Eavesdropper Accuracy: 0.925 36 1
Communication round: 36, Aggregated Accuracies: 0.9079761904761904 37
Communication round: 36, Eavesdropper Accuracy: 0.9136363636363637 37 1
Communication round: 37, Aggregated Accuracies: 0.9129761904761905 38
Communication round: 37, Eavesdropper Accuracy: 0.9386363636363636 38 1
Communication round: 38, Aggregated Accuracies: 0.915 39
Communication round: 38, Eavesdropper Accuracy: 0.925 39 1
Communication round: 39, Aggregated Accuracies: 0.9207142857142857 40
Communication round: 39, Eavesdropper Accuracy: 0.9431818181818182 40 1
Communication round: 40, Aggregated Accuracies: 0.9253571428571428 41
Communication round: 40, Eavesdropper Accuracy: 0.9340909090909091 41 1
Communication round: 41, Aggregated Accuracies: 0.9241666666666666 42
Communication round: 41, Eavesdropper Accuracy: 0.9431818181818182 42 1
Communication round: 42, Aggregated Accuracies: 0.9276190476190476 43
Communication round: 42, Eavesdropper Accuracy: 0.9409090909090909 43 1
Communication round: 43, Aggregated Accuracies: 0.9320238095238095 44
Communication round: 43, Eavesdropper Accuracy: 0.9431818181818182 44 1
Communication round: 44, Aggregated Accuracies: 0.9333333333333332 45
Communication round: 44, Eavesdropper Accuracy: 0.9522727272727273 45 1
Communication round: 45, Eavesdropper Accuracy: 0.9477272727272728 45 0
Communication round: 46, Eavesdropper Accuracy: 0.9681818181818181 45 0
Communication round: 47, Eavesdropper Accuracy: 0.9659090909090909 45 0
Communication round: 48, Eavesdropper Accuracy: 0.9477272727272728 45 0
Communication round: 49, Eavesdropper Accuracy: 0.9386363636363636 45 0
Communication round: 50, Eavesdropper Accuracy: 0.9545454545454546 45 0
Communication round: 51, Eavesdropper Accuracy: 0.9272727272727272 45 0
Communication round: 52, Eavesdropper Accuracy: 0.9590909090909091 45 0
Communication round: 53, Eavesdropper Accuracy: 0.95 45 0
Communication round: 54, Eavesdropper Accuracy: 0.9454545454545454 45 0
Communication round: 55, Eavesdropper Accuracy: 0.9477272727272728 45 0
Communication round: 56, Eavesdropper Accuracy: 0.925 45 0
Communication round: 57, Eavesdropper Accuracy: 0.95 45 0
Communication round: 58, Eavesdropper Accuracy: 0.9431818181818182 45 0
Communication round: 59, Eavesdropper Accuracy: 0.95 45 0
Communication round: 60, Eavesdropper Accuracy: 0.9318181818181818 45 0
Communication round: 61, Eavesdropper Accuracy: 0.9545454545454546 45 0
Communication round: 62, Eavesdropper Accuracy: 0.9340909090909091 45 0
Communication round: 63, Eavesdropper Accuracy: 0.9545454545454546 45 0
Communication round: 64, Eavesdropper Accuracy: 0.9613636363636363 45 0
Communication round: 65, Eavesdropper Accuracy: 0.9522727272727273 45 0
Communication round: 66, Eavesdropper Accuracy: 0.9590909090909091 45 0
Communication round: 67, Eavesdropper Accuracy: 0.9522727272727273 45 0
Communication round: 68, Eavesdropper Accuracy: 0.9477272727272728 45 0
Communication round: 69, Eavesdropper Accuracy: 0.9477272727272728 45 0
Communication round: 70, Eavesdropper Accuracy: 0.9204545454545454 45 0
Communication round: 71, Eavesdropper Accuracy: 0.9386363636363636 45 0
Communication round: 72, Eavesdropper Accuracy: 0.9454545454545454 45 0
Communication round: 73, Eavesdropper Accuracy: 0.9431818181818182 45 0
Communication round: 74, Eavesdropper Accuracy: 0.95 45 0
Communication round: 75, Eavesdropper Accuracy: 0.9522727272727273 45 0
Communication round: 76, Eavesdropper Accuracy: 0.9431818181818182 45 0
Communication round: 77, Eavesdropper Accuracy: 0.9636363636363636 45 0
Communication round: 78, Eavesdropper Accuracy: 0.9454545454545454 45 0
Communication round: 79, Eavesdropper Accuracy: 0.9386363636363636 45 0
Communication round: 80, Eavesdropper Accuracy: 0.9545454545454546 45 0
Communication round: 81, Eavesdropper Accuracy: 0.9568181818181818 45 0
Communication round: 82, Eavesdropper Accuracy: 0.9363636363636364 45 0
Communication round: 83, Eavesdropper Accuracy: 0.9386363636363636 45 0
Communication round: 84, Eavesdropper Accuracy: 0.9454545454545454 45 0
Communication round: 85, Eavesdropper Accuracy: 0.9477272727272728 45 0
Communication round: 86, Eavesdropper Accuracy: 0.9431818181818182 45 0
Communication round: 87, Eavesdropper Accuracy: 0.9454545454545454 45 0
Communication round: 88, Eavesdropper Accuracy: 0.9568181818181818 45 0
Communication round: 89, Smart Eavesdropper Accuracy: 0.9363636363636364 45 0
Communication round: 90, Smart Eavesdropper Accuracy: 0.95 45 0
Communication round: 91, Smart Eavesdropper Accuracy: 0.9477272727272728 45 0
Communication round: 92, Smart Eavesdropper Accuracy: 0.9409090909090909 45 0
Communication round: 93, Smart Eavesdropper Accuracy: 0.9545454545454546 45 0
Communication round: 94, Smart Eavesdropper Accuracy: 0.9545454545454546 45 0
Communication round: 95, Smart Eavesdropper Accuracy: 0.9545454545454546 45 0
Communication round: 96, Smart Eavesdropper Accuracy: 0.9636363636363636 45 0
Communication round: 97, Smart Eavesdropper Accuracy: 0.9522727272727273 45 0
Communication round: 98, Smart Eavesdropper Accuracy: 0.9613636363636363 45 0
Communication round: 99, Smart Eavesdropper Accuracy: 0.9568181818181818 45 0
----------------------------------------------------------------------------------------------------
----------------------------------------------------------------------------------------------------
20_30_100_0.4_2_0.2_True_
----------------------------------------------------------------------------------------------------
Communication round: 0, Eavesdropper Accuracy: 0.05909090909090909 1 1
Communication round: 1, Eavesdropper Accuracy: 0.05 2 1
Communication round: 2, Eavesdropper Accuracy: 0.06363636363636363 3 1
Communication round: 3, Eavesdropper Accuracy: 0.038636363636363635 4 1
Communication round: 4, Eavesdropper Accuracy: 0.04318181818181818 5 1
Communication round: 5, Aggregated Accuracies: 0.13738095238095238 6
Communication round: 5, Eavesdropper Accuracy: 0.14772727272727273 6 1
Communication round: 6, Aggregated Accuracies: 0.2355952380952381 7
Communication round: 6, Eavesdropper Accuracy: 0.225 7 1
Communication round: 7, Aggregated Accuracies: 0.3913095238095239 8
Communication round: 7, Eavesdropper Accuracy: 0.42954545454545456 8 1
Communication round: 8, Aggregated Accuracies: 0.4911904761904763 9
Communication round: 8, Eavesdropper Accuracy: 0.5295454545454545 9 1
Communication round: 9, Aggregated Accuracies: 0.6022619047619047 10
Communication round: 9, Eavesdropper Accuracy: 0.6272727272727273 10 1
Communication round: 10, Aggregated Accuracies: 0.6679761904761904 11
Communication round: 10, Eavesdropper Accuracy: 0.7090909090909091 11 1
Communication round: 11, Aggregated Accuracies: 0.7270238095238095 12
Communication round: 11, Eavesdropper Accuracy: 0.7681818181818182 12 1
Communication round: 12, Aggregated Accuracies: 0.7733333333333333 13
Communication round: 12, Eavesdropper Accuracy: 0.775 13 1
Communication round: 13, Aggregated Accuracies: 0.794761904761905 14
Communication round: 13, Eavesdropper Accuracy: 0.8522727272727273 14 1
Communication round: 14, Aggregated Accuracies: 0.813809523809524 15
Communication round: 14, Eavesdropper Accuracy: 0.8590909090909091 15 1
Communication round: 15, Aggregated Accuracies: 0.8395238095238096 16
Communication round: 15, Eavesdropper Accuracy: 0.8590909090909091 16 1
Communication round: 16, Eavesdropper Accuracy: 0.865909090909091 17 1
Communication round: 17, Eavesdropper Accuracy: 0.8409090909090909 18 1
Communication round: 18, Eavesdropper Accuracy: 0.8181818181818182 19 1
Communication round: 19, Eavesdropper Accuracy: 0.8136363636363636 20 1
Communication round: 20, Eavesdropper Accuracy: 0.8454545454545455 21 1
Communication round: 21, Aggregated Accuracies: 0.8436904761904762 22
Communication round: 21, Eavesdropper Accuracy: 0.8568181818181818 22 1
Communication round: 22, Eavesdropper Accuracy: 0.8909090909090909 23 1
Communication round: 23, Aggregated Accuracies: 0.8564285714285713 24
Communication round: 23, Eavesdropper Accuracy: 0.8613636363636363 24 1
Communication round: 24, Aggregated Accuracies: 0.8713095238095236 25
Communication round: 24, Eavesdropper Accuracy: 0.8727272727272727 25 1
Communication round: 25, Aggregated Accuracies: 0.8810714285714285 26
Communication round: 25, Eavesdropper Accuracy: 0.875 26 1
Communication round: 26, Aggregated Accuracies: 0.883214285714286 27
Communication round: 26, Eavesdropper Accuracy: 0.8977272727272727 27 1
Communication round: 27, Aggregated Accuracies: 0.891904761904762 28
Communication round: 27, Eavesdropper Accuracy: 0.9068181818181819 28 1
Communication round: 28, Aggregated Accuracies: 0.8957142857142857 29
Communication round: 28, Eavesdropper Accuracy: 0.8863636363636364 29 1
Communication round: 29, Aggregated Accuracies: 0.9010714285714287 30
Communication round: 29, Eavesdropper Accuracy: 0.8931818181818182 30 1
Communication round: 30, Aggregated Accuracies: 0.902857142857143 31
Communication round: 30, Eavesdropper Accuracy: 0.9113636363636364 31 1
Communication round: 31, Aggregated Accuracies: 0.9051190476190477 32
Communication round: 31, Eavesdropper Accuracy: 0.8931818181818182 32 1
Communication round: 32, Eavesdropper Accuracy: 0.9181818181818182 33 1
Communication round: 33, Eavesdropper Accuracy: 0.9272727272727272 34 1
Communication round: 34, Eavesdropper Accuracy: 0.925 35 1
Communication round: 35, Aggregated Accuracies: 0.9138095238095237 36
Communication round: 35, Eavesdropper Accuracy: 0.9340909090909091 36 1
Communication round: 36, Eavesdropper Accuracy: 0.9 37 1
Communication round: 37, Aggregated Accuracies: 0.9160714285714286 38
Communication round: 37, Eavesdropper Accuracy: 0.9227272727272727 38 1
Communication round: 38, Eavesdropper Accuracy: 0.9090909090909091 39 1
Communication round: 39, Aggregated Accuracies: 0.9075000000000001 40
Communication round: 39, Eavesdropper Accuracy: 0.9045454545454545 40 1
Communication round: 40, Aggregated Accuracies: 0.9190476190476188 41
Communication round: 40, Eavesdropper Accuracy: 0.9090909090909091 41 1
Communication round: 41, Aggregated Accuracies: 0.9244047619047617 42
Communication round: 41, Eavesdropper Accuracy: 0.9477272727272728 42 1
Communication round: 42, Aggregated Accuracies: 0.9232142857142858 43
Communication round: 42, Eavesdropper Accuracy: 0.9272727272727272 43 1
Communication round: 43, Aggregated Accuracies: 0.9234523809523809 44
Communication round: 43, Eavesdropper Accuracy: 0.95 44 1
Communication round: 44, Aggregated Accuracies: 0.9323809523809524 45
Communication round: 44, Eavesdropper Accuracy: 0.9340909090909091 45 1
Communication round: 45, Aggregated Accuracies: 0.932738095238095 46
Communication round: 45, Eavesdropper Accuracy: 0.95 46 1
Communication round: 46, Eavesdropper Accuracy: 0.925 46 0
Communication round: 47, Eavesdropper Accuracy: 0.9386363636363636 46 0
Communication round: 48, Eavesdropper Accuracy: 0.9340909090909091 46 0
Communication round: 49, Eavesdropper Accuracy: 0.9431818181818182 46 0
Communication round: 50, Eavesdropper Accuracy: 0.9409090909090909 46 0
Communication round: 51, Eavesdropper Accuracy: 0.9363636363636364 46 0
Communication round: 52, Eavesdropper Accuracy: 0.9454545454545454 46 0
Communication round: 53, Eavesdropper Accuracy: 0.9477272727272728 46 0
Communication round: 54, Eavesdropper Accuracy: 0.9409090909090909 46 0
Communication round: 55, Eavesdropper Accuracy: 0.9522727272727273 46 0
Communication round: 56, Eavesdropper Accuracy: 0.9295454545454546 46 0
Communication round: 57, Eavesdropper Accuracy: 0.9340909090909091 46 0
Communication round: 58, Eavesdropper Accuracy: 0.9204545454545454 46 0
Communication round: 59, Eavesdropper Accuracy: 0.9454545454545454 46 0
Communication round: 60, Eavesdropper Accuracy: 0.9454545454545454 46 0
Communication round: 61, Eavesdropper Accuracy: 0.9363636363636364 46 0
Communication round: 62, Eavesdropper Accuracy: 0.9181818181818182 46 0
Communication round: 63, Eavesdropper Accuracy: 0.9431818181818182 46 0
Communication round: 64, Eavesdropper Accuracy: 0.925 46 0
Communication round: 65, Eavesdropper Accuracy: 0.9386363636363636 46 0
Communication round: 66, Eavesdropper Accuracy: 0.9363636363636364 46 0
Communication round: 67, Eavesdropper Accuracy: 0.9295454545454546 46 0
Communication round: 68, Eavesdropper Accuracy: 0.9295454545454546 46 0
Communication round: 69, Eavesdropper Accuracy: 0.9477272727272728 46 0
Communication round: 70, Eavesdropper Accuracy: 0.9340909090909091 46 0
Communication round: 71, Eavesdropper Accuracy: 0.9295454545454546 46 0
Communication round: 72, Eavesdropper Accuracy: 0.9272727272727272 46 0
Communication round: 73, Eavesdropper Accuracy: 0.9159090909090909 46 0
Communication round: 74, Eavesdropper Accuracy: 0.9295454545454546 46 0
Communication round: 75, Eavesdropper Accuracy: 0.9159090909090909 46 0
Communication round: 76, Eavesdropper Accuracy: 0.925 46 0
Communication round: 77, Eavesdropper Accuracy: 0.9431818181818182 46 0
Communication round: 78, Eavesdropper Accuracy: 0.9181818181818182 46 0
Communication round: 79, Eavesdropper Accuracy: 0.9454545454545454 46 0
Communication round: 80, Eavesdropper Accuracy: 0.9272727272727272 46 0
Communication round: 81, Eavesdropper Accuracy: 0.9431818181818182 46 0
Communication round: 82, Eavesdropper Accuracy: 0.9409090909090909 46 0
Communication round: 83, Eavesdropper Accuracy: 0.9159090909090909 46 0
Communication round: 84, Eavesdropper Accuracy: 0.9340909090909091 46 0
Communication round: 85, Eavesdropper Accuracy: 0.95 46 0
Communication round: 86, Eavesdropper Accuracy: 0.9431818181818182 46 0
Communication round: 87, Eavesdropper Accuracy: 0.9318181818181818 46 0
Communication round: 88, Eavesdropper Accuracy: 0.925 46 0
Communication round: 89, Eavesdropper Accuracy: 0.9340909090909091 46 0
Communication round: 90, Eavesdropper Accuracy: 0.9318181818181818 46 0
Communication round: 91, Smart Eavesdropper Accuracy: 0.9363636363636364 46 0
Communication round: 92, Smart Eavesdropper Accuracy: 0.9045454545454545 46 0
Communication round: 93, Smart Eavesdropper Accuracy: 0.9318181818181818 46 0
Communication round: 94, Smart Eavesdropper Accuracy: 0.9363636363636364 46 0
Communication round: 95, Smart Eavesdropper Accuracy: 0.9113636363636364 46 0
Communication round: 96, Smart Eavesdropper Accuracy: 0.9454545454545454 46 0
Communication round: 97, Smart Eavesdropper Accuracy: 0.9386363636363636 46 0
Communication round: 98, Smart Eavesdropper Accuracy: 0.9363636363636364 46 0
Communication round: 99, Smart Eavesdropper Accuracy: 0.95 46 0
----------------------------------------------------------------------------------------------------
----------------------------------------------------------------------------------------------------
20_30_100_0.4_2_0.2_True_
----------------------------------------------------------------------------------------------------
Communication round: 0, Eavesdropper Accuracy: 0.056818181818181816 1 1
Communication round: 1, Eavesdropper Accuracy: 0.08863636363636364 2 1
Communication round: 2, Eavesdropper Accuracy: 0.0659090909090909 3 1
Communication round: 3, Eavesdropper Accuracy: 0.07045454545454545 4 1
Communication round: 4, Aggregated Accuracies: 0.14904761904761904 5
Communication round: 4, Eavesdropper Accuracy: 0.15454545454545454 5 1
Communication round: 5, Eavesdropper Accuracy: 0.15681818181818183 6 1
Communication round: 6, Aggregated Accuracies: 0.22130952380952382 7
Communication round: 6, Eavesdropper Accuracy: 0.21136363636363636 7 1
Communication round: 7, Aggregated Accuracies: 0.2995238095238096 8
Communication round: 7, Eavesdropper Accuracy: 0.33181818181818185 8 1
Communication round: 8, Eavesdropper Accuracy: 0.35 9 1
Communication round: 9, Aggregated Accuracies: 0.38309523809523804 10
Communication round: 9, Eavesdropper Accuracy: 0.4590909090909091 10 1
Communication round: 10, Eavesdropper Accuracy: 0.43863636363636366 11 1
Communication round: 11, Aggregated Accuracies: 0.47714285714285715 12
Communication round: 11, Eavesdropper Accuracy: 0.5727272727272728 12 1
Communication round: 12, Eavesdropper Accuracy: 0.5022727272727273 13 1
Communication round: 13, Aggregated Accuracies: 0.5580952380952382 14
Communication round: 13, Eavesdropper Accuracy: 0.615909090909091 14 1
Communication round: 14, Aggregated Accuracies: 0.6257142857142858 15
Communication round: 14, Eavesdropper Accuracy: 0.7068181818181818 15 1
Communication round: 15, Eavesdropper Accuracy: 0.7022727272727273 16 1
Communication round: 16, Eavesdropper Accuracy: 0.7090909090909091 17 1
Communication round: 17, Eavesdropper Accuracy: 0.7045454545454546 18 1
Communication round: 18, Eavesdropper Accuracy: 0.7022727272727273 19 1
Communication round: 19, Eavesdropper Accuracy: 0.6795454545454546 20 1
Communication round: 20, Eavesdropper Accuracy: 0.7 21 1
Communication round: 21, Eavesdropper Accuracy: 0.6727272727272727 22 1
Communication round: 22, Eavesdropper Accuracy: 0.7068181818181818 23 1
Communication round: 23, Eavesdropper Accuracy: 0.6795454545454546 24 1
Communication round: 24, Aggregated Accuracies: 0.6883333333333332 25
Communication round: 24, Eavesdropper Accuracy: 0.7295454545454545 25 1
Communication round: 25, Eavesdropper Accuracy: 0.75 26 1
Communication round: 26, Eavesdropper Accuracy: 0.7681818181818182 27 1
Communication round: 27, Aggregated Accuracies: 0.7179761904761904 28
Communication round: 27, Eavesdropper Accuracy: 0.7659090909090909 28 1
Communication round: 28, Aggregated Accuracies: 0.7651190476190476 29
Communication round: 28, Eavesdropper Accuracy: 0.8113636363636364 29 1
Communication round: 29, Aggregated Accuracies: 0.7930952380952381 30
Communication round: 29, Eavesdropper Accuracy: 0.8568181818181818 30 1
Communication round: 30, Aggregated Accuracies: 0.8219047619047618 31
Communication round: 30, Eavesdropper Accuracy: 0.8363636363636363 31 1
Communication round: 31, Aggregated Accuracies: 0.8347619047619046 32
Communication round: 31, Eavesdropper Accuracy: 0.8727272727272727 32 1
Communication round: 32, Eavesdropper Accuracy: 0.8477272727272728 33 1
Communication round: 33, Aggregated Accuracies: 0.851904761904762 34
Communication round: 33, Eavesdropper Accuracy: 0.9022727272727272 34 1
Communication round: 34, Eavesdropper Accuracy: 0.875 35 1
Communication round: 35, Aggregated Accuracies: 0.8539285714285715 36
Communication round: 35, Eavesdropper Accuracy: 0.8772727272727273 36 1
Communication round: 36, Eavesdropper Accuracy: 0.8954545454545455 37 1
Communication round: 37, Aggregated Accuracies: 0.8673809523809524 38
Communication round: 37, Eavesdropper Accuracy: 0.8818181818181818 38 1
Communication round: 38, Eavesdropper Accuracy: 0.8931818181818182 39 1
Communication round: 39, Aggregated Accuracies: 0.8689285714285715 40
Communication round: 39, Eavesdropper Accuracy: 0.9068181818181819 40 1
Communication round: 40, Aggregated Accuracies: 0.8816666666666666 41
Communication round: 40, Eavesdropper Accuracy: 0.8977272727272727 41 1
Communication round: 41, Aggregated Accuracies: 0.8909523809523809 42
Communication round: 41, Eavesdropper Accuracy: 0.9068181818181819 42 1
Communication round: 42, Aggregated Accuracies: 0.8952380952380953 43
Communication round: 42, Eavesdropper Accuracy: 0.9204545454545454 43 1
Communication round: 43, Aggregated Accuracies: 0.8989285714285714 44
Communication round: 43, Eavesdropper Accuracy: 0.8886363636363637 44 1
Communication round: 44, Aggregated Accuracies: 0.9034523809523808 45
Communication round: 44, Eavesdropper Accuracy: 0.9227272727272727 45 1
Communication round: 45, Eavesdropper Accuracy: 0.9068181818181819 46 1
Communication round: 46, Aggregated Accuracies: 0.9079761904761904 47
Communication round: 46, Eavesdropper Accuracy: 0.9090909090909091 47 1
Communication round: 47, Aggregated Accuracies: 0.9132142857142858 48
Communication round: 47, Eavesdropper Accuracy: 0.9363636363636364 48 1
Communication round: 48, Aggregated Accuracies: 0.918690476190476 49
Communication round: 48, Eavesdropper Accuracy: 0.9295454545454546 49 1
Communication round: 49, Aggregated Accuracies: 0.923095238095238 50
Communication round: 49, Eavesdropper Accuracy: 0.9295454545454546 50 1
Communication round: 50, Aggregated Accuracies: 0.9260714285714284 51
Communication round: 50, Eavesdropper Accuracy: 0.9272727272727272 51 1
Communication round: 51, Aggregated Accuracies: 0.9272619047619047 52
Communication round: 51, Eavesdropper Accuracy: 0.9409090909090909 52 1
Communication round: 52, Eavesdropper Accuracy: 0.9454545454545454 53 1
Communication round: 53, Aggregated Accuracies: 0.9263095238095239 54
Communication round: 53, Eavesdropper Accuracy: 0.925 54 1
Communication round: 54, Aggregated Accuracies: 0.9295238095238096 55
Communication round: 54, Eavesdropper Accuracy: 0.9318181818181818 55 1
Communication round: 55, Eavesdropper Accuracy: 0.9431818181818182 55 0
Communication round: 56, Eavesdropper Accuracy: 0.9318181818181818 55 0
Communication round: 57, Eavesdropper Accuracy: 0.9340909090909091 55 0
Communication round: 58, Eavesdropper Accuracy: 0.9340909090909091 55 0
Communication round: 59, Eavesdropper Accuracy: 0.9227272727272727 55 0
Communication round: 60, Eavesdropper Accuracy: 0.9090909090909091 55 0
Communication round: 61, Eavesdropper Accuracy: 0.9318181818181818 55 0
Communication round: 62, Eavesdropper Accuracy: 0.9295454545454546 55 0
Communication round: 63, Eavesdropper Accuracy: 0.9295454545454546 55 0
Communication round: 64, Eavesdropper Accuracy: 0.9568181818181818 55 0
Communication round: 65, Eavesdropper Accuracy: 0.9136363636363637 55 0
Communication round: 66, Eavesdropper Accuracy: 0.9340909090909091 55 0
Communication round: 67, Eavesdropper Accuracy: 0.9386363636363636 55 0
Communication round: 68, Eavesdropper Accuracy: 0.9477272727272728 55 0
Communication round: 69, Eavesdropper Accuracy: 0.925 55 0
Communication round: 70, Eavesdropper Accuracy: 0.9704545454545455 55 0
Communication round: 71, Eavesdropper Accuracy: 0.9454545454545454 55 0
Communication round: 72, Eavesdropper Accuracy: 0.9227272727272727 55 0
Communication round: 73, Eavesdropper Accuracy: 0.9363636363636364 55 0
Communication round: 74, Eavesdropper Accuracy: 0.9181818181818182 55 0
Communication round: 75, Eavesdropper Accuracy: 0.9318181818181818 55 0
Communication round: 76, Eavesdropper Accuracy: 0.95 55 0
Communication round: 77, Eavesdropper Accuracy: 0.9431818181818182 55 0
Communication round: 78, Eavesdropper Accuracy: 0.9181818181818182 55 0
Communication round: 79, Eavesdropper Accuracy: 0.9363636363636364 55 0
Communication round: 80, Eavesdropper Accuracy: 0.9386363636363636 55 0
Communication round: 81, Eavesdropper Accuracy: 0.9409090909090909 55 0
Communication round: 82, Eavesdropper Accuracy: 0.9227272727272727 55 0
Communication round: 83, Eavesdropper Accuracy: 0.9477272727272728 55 0
Communication round: 84, Eavesdropper Accuracy: 0.9409090909090909 55 0
Communication round: 85, Eavesdropper Accuracy: 0.9568181818181818 55 0
Communication round: 86, Eavesdropper Accuracy: 0.9454545454545454 55 0
Communication round: 87, Eavesdropper Accuracy: 0.9136363636363637 55 0
Communication round: 88, Eavesdropper Accuracy: 0.9477272727272728 55 0
Communication round: 89, Eavesdropper Accuracy: 0.9363636363636364 55 0
Communication round: 90, Eavesdropper Accuracy: 0.925 55 0
Communication round: 91, Eavesdropper Accuracy: 0.9522727272727273 55 0
Communication round: 92, Eavesdropper Accuracy: 0.95 55 0
Communication round: 93, Eavesdropper Accuracy: 0.9409090909090909 55 0
Communication round: 94, Eavesdropper Accuracy: 0.9363636363636364 55 0
Communication round: 95, Eavesdropper Accuracy: 0.9272727272727272 55 0
Communication round: 96, Eavesdropper Accuracy: 0.9545454545454546 55 0
Communication round: 97, Eavesdropper Accuracy: 0.9159090909090909 55 0
Communication round: 98, Eavesdropper Accuracy: 0.9409090909090909 55 0
Communication round: 99, Eavesdropper Accuracy: 0.925 55 0
----------------------------------------------------------------------------------------------------
----------------------------------------------------------------------------------------------------
20_30_100_0.4_2_0.2_True_
----------------------------------------------------------------------------------------------------
Communication round: 0, Eavesdropper Accuracy: 0.038636363636363635 1 1
Communication round: 1, Eavesdropper Accuracy: 0.045454545454545456 2 1
Communication round: 2, Aggregated Accuracies: 0.11130952380952383 3
Communication round: 2, Eavesdropper Accuracy: 0.10909090909090909 3 1
Communication round: 3, Aggregated Accuracies: 0.22904761904761903 4
Communication round: 3, Eavesdropper Accuracy: 0.2727272727272727 4 1
Communication round: 4, Aggregated Accuracies: 0.36857142857142855 5
Communication round: 4, Eavesdropper Accuracy: 0.4090909090909091 5 1
Communication round: 5, Aggregated Accuracies: 0.4375000000000001 6
Communication round: 5, Eavesdropper Accuracy: 0.475 6 1
Communication round: 6, Aggregated Accuracies: 0.555595238095238 7
Communication round: 6, Eavesdropper Accuracy: 0.6272727272727273 7 1
Communication round: 7, Aggregated Accuracies: 0.6290476190476191 8
Communication round: 7, Eavesdropper Accuracy: 0.6681818181818182 8 1
Communication round: 8, Aggregated Accuracies: 0.6859523809523809 9
Communication round: 8, Eavesdropper Accuracy: 0.7795454545454545 9 1
Communication round: 9, Aggregated Accuracies: 0.7339285714285715 10
Communication round: 9, Eavesdropper Accuracy: 0.7863636363636364 10 1
Communication round: 10, Aggregated Accuracies: 0.7695238095238096 11
Communication round: 10, Eavesdropper Accuracy: 0.7795454545454545 11 1
Communication round: 11, Aggregated Accuracies: 0.7955952380952381 12
Communication round: 11, Eavesdropper Accuracy: 0.8409090909090909 12 1
Communication round: 12, Aggregated Accuracies: 0.8166666666666667 13
Communication round: 12, Eavesdropper Accuracy: 0.8363636363636363 13 1
Communication round: 13, Eavesdropper Accuracy: 0.8227272727272728 14 1
Communication round: 14, Eavesdropper Accuracy: 0.8431818181818181 15 1
Communication round: 15, Eavesdropper Accuracy: 0.8045454545454546 16 1
Communication round: 16, Eavesdropper Accuracy: 0.8318181818181818 17 1
Communication round: 17, Eavesdropper Accuracy: 0.8409090909090909 18 1
Communication round: 18, Eavesdropper Accuracy: 0.8318181818181818 19 1
Communication round: 19, Aggregated Accuracies: 0.8335714285714285 20
Communication round: 19, Eavesdropper Accuracy: 0.8409090909090909 20 1
Communication round: 20, Aggregated Accuracies: 0.8535714285714284 21
Communication round: 20, Eavesdropper Accuracy: 0.8795454545454545 21 1
Communication round: 21, Aggregated Accuracies: 0.8596428571428572 22
Communication round: 21, Eavesdropper Accuracy: 0.8636363636363636 22 1
Communication round: 22, Aggregated Accuracies: 0.8633333333333333 23
Communication round: 22, Eavesdropper Accuracy: 0.8954545454545455 23 1
Communication round: 23, Aggregated Accuracies: 0.8729761904761905 24
Communication round: 23, Eavesdropper Accuracy: 0.9045454545454545 24 1
Communication round: 24, Aggregated Accuracies: 0.8798809523809524 25
Communication round: 24, Eavesdropper Accuracy: 0.8863636363636364 25 1
Communication round: 25, Aggregated Accuracies: 0.8855952380952379 26
Communication round: 25, Eavesdropper Accuracy: 0.8886363636363637 26 1
Communication round: 26, Eavesdropper Accuracy: 0.9159090909090909 27 1
Communication round: 27, Aggregated Accuracies: 0.8955952380952381 28
Communication round: 27, Eavesdropper Accuracy: 0.9181818181818182 28 1
Communication round: 28, Aggregated Accuracies: 0.8948809523809524 29
Communication round: 28, Eavesdropper Accuracy: 0.9159090909090909 29 1
Communication round: 29, Aggregated Accuracies: 0.9011904761904763 30
Communication round: 29, Eavesdropper Accuracy: 0.9022727272727272 30 1
Communication round: 30, Aggregated Accuracies: 0.9040476190476191 31
Communication round: 30, Eavesdropper Accuracy: 0.9113636363636364 31 1
Communication round: 31, Aggregated Accuracies: 0.9058333333333335 32
Communication round: 31, Eavesdropper Accuracy: 0.9295454545454546 32 1
Communication round: 32, Aggregated Accuracies: 0.9088095238095238 33
Communication round: 32, Eavesdropper Accuracy: 0.9159090909090909 33 1
Communication round: 33, Aggregated Accuracies: 0.9126190476190477 34
Communication round: 33, Eavesdropper Accuracy: 0.9159090909090909 34 1
Communication round: 34, Eavesdropper Accuracy: 0.9363636363636364 35 1
Communication round: 35, Aggregated Accuracies: 0.9186904761904764 36
Communication round: 35, Eavesdropper Accuracy: 0.9272727272727272 36 1
Communication round: 36, Eavesdropper Accuracy: 0.9204545454545454 37 1
Communication round: 37, Aggregated Accuracies: 0.9175000000000001 38
Communication round: 37, Eavesdropper Accuracy: 0.9272727272727272 38 1
Communication round: 38, Eavesdropper Accuracy: 0.9090909090909091 39 1
Communication round: 39, Aggregated Accuracies: 0.9216666666666665 40
Communication round: 39, Eavesdropper Accuracy: 0.9272727272727272 40 1
Communication round: 40, Aggregated Accuracies: 0.9239285714285714 41
Communication round: 40, Eavesdropper Accuracy: 0.9272727272727272 41 1
Communication round: 41, Aggregated Accuracies: 0.9202380952380953 42
Communication round: 41, Eavesdropper Accuracy: 0.9204545454545454 42 1
Communication round: 42, Eavesdropper Accuracy: 0.925 42 0
Communication round: 43, Eavesdropper Accuracy: 0.925 42 0
Communication round: 44, Eavesdropper Accuracy: 0.9136363636363637 42 0
Communication round: 45, Eavesdropper Accuracy: 0.9431818181818182 42 0
Communication round: 46, Eavesdropper Accuracy: 0.9136363636363637 42 0
Communication round: 47, Eavesdropper Accuracy: 0.9340909090909091 42 0
Communication round: 48, Eavesdropper Accuracy: 0.9204545454545454 42 0
Communication round: 49, Eavesdropper Accuracy: 0.9272727272727272 42 0
Communication round: 50, Eavesdropper Accuracy: 0.9272727272727272 42 0
Communication round: 51, Eavesdropper Accuracy: 0.9363636363636364 42 0
Communication round: 52, Eavesdropper Accuracy: 0.9136363636363637 42 0
Communication round: 53, Eavesdropper Accuracy: 0.9340909090909091 42 0
Communication round: 54, Eavesdropper Accuracy: 0.9295454545454546 42 0
Communication round: 55, Eavesdropper Accuracy: 0.9431818181818182 42 0
Communication round: 56, Eavesdropper Accuracy: 0.9227272727272727 42 0
Communication round: 57, Eavesdropper Accuracy: 0.9181818181818182 42 0
Communication round: 58, Eavesdropper Accuracy: 0.9545454545454546 42 0
Communication round: 59, Eavesdropper Accuracy: 0.925 42 0
Communication round: 60, Eavesdropper Accuracy: 0.925 42 0
Communication round: 61, Eavesdropper Accuracy: 0.9227272727272727 42 0
Communication round: 62, Eavesdropper Accuracy: 0.9386363636363636 42 0
Communication round: 63, Eavesdropper Accuracy: 0.9409090909090909 42 0
Communication round: 64, Eavesdropper Accuracy: 0.9386363636363636 42 0
Communication round: 65, Eavesdropper Accuracy: 0.9477272727272728 42 0
Communication round: 66, Eavesdropper Accuracy: 0.9227272727272727 42 0
Communication round: 67, Eavesdropper Accuracy: 0.9363636363636364 42 0
Communication round: 68, Eavesdropper Accuracy: 0.9272727272727272 42 0
Communication round: 69, Eavesdropper Accuracy: 0.9431818181818182 42 0
Communication round: 70, Eavesdropper Accuracy: 0.9386363636363636 42 0
Communication round: 71, Eavesdropper Accuracy: 0.9295454545454546 42 0
Communication round: 72, Eavesdropper Accuracy: 0.9181818181818182 42 0
Communication round: 73, Eavesdropper Accuracy: 0.9318181818181818 42 0
Communication round: 74, Eavesdropper Accuracy: 0.925 42 0
Communication round: 75, Eavesdropper Accuracy: 0.9227272727272727 42 0
Communication round: 76, Eavesdropper Accuracy: 0.9272727272727272 42 0
Communication round: 77, Eavesdropper Accuracy: 0.9386363636363636 42 0
Communication round: 78, Eavesdropper Accuracy: 0.9363636363636364 42 0
Communication round: 79, Eavesdropper Accuracy: 0.925 42 0
Communication round: 80, Eavesdropper Accuracy: 0.9159090909090909 42 0
Communication round: 81, Eavesdropper Accuracy: 0.9318181818181818 42 0
Communication round: 82, Eavesdropper Accuracy: 0.9318181818181818 42 0
Communication round: 83, Smart Eavesdropper Accuracy: 0.9204545454545454 42 0
Communication round: 84, Smart Eavesdropper Accuracy: 0.9590909090909091 42 0
Communication round: 85, Smart Eavesdropper Accuracy: 0.9363636363636364 42 0
Communication round: 86, Smart Eavesdropper Accuracy: 0.9522727272727273 42 0
Communication round: 87, Smart Eavesdropper Accuracy: 0.9590909090909091 42 0
Communication round: 88, Smart Eavesdropper Accuracy: 0.9590909090909091 42 0
Communication round: 89, Smart Eavesdropper Accuracy: 0.9795454545454545 42 0
Communication round: 90, Smart Eavesdropper Accuracy: 0.9477272727272728 42 0
Communication round: 91, Smart Eavesdropper Accuracy: 0.9590909090909091 42 0
Communication round: 92, Smart Eavesdropper Accuracy: 0.9681818181818181 42 0
Communication round: 93, Smart Eavesdropper Accuracy: 0.95 42 0
Communication round: 94, Smart Eavesdropper Accuracy: 0.9590909090909091 42 0
Communication round: 95, Smart Eavesdropper Accuracy: 0.9522727272727273 42 0
Communication round: 96, Smart Eavesdropper Accuracy: 0.9681818181818181 42 0
Communication round: 97, Smart Eavesdropper Accuracy: 0.9727272727272728 42 0
Communication round: 98, Smart Eavesdropper Accuracy: 0.9772727272727273 42 0
Communication round: 99, Smart Eavesdropper Accuracy: 0.9568181818181818 42 0
----------------------------------------------------------------------------------------------------
----------------------------------------------------------------------------------------------------
20_30_100_0.4_2_0.2_True_
----------------------------------------------------------------------------------------------------
Communication round: 0, Eavesdropper Accuracy: 0.07727272727272727 1 1
Communication round: 1, Eavesdropper Accuracy: 0.038636363636363635 2 1
Communication round: 2, Eavesdropper Accuracy: 0.056818181818181816 3 1
Communication round: 3, Aggregated Accuracies: 0.1069047619047619 4
Communication round: 3, Eavesdropper Accuracy: 0.08409090909090909 4 1
Communication round: 4, Eavesdropper Accuracy: 0.05909090909090909 5 1
Communication round: 5, Eavesdropper Accuracy: 0.08636363636363636 6 1
Communication round: 6, Eavesdropper Accuracy: 0.08181818181818182 7 1
Communication round: 7, Eavesdropper Accuracy: 0.08409090909090909 8 1
Communication round: 8, Eavesdropper Accuracy: 0.08181818181818182 9 1
Communication round: 9, Aggregated Accuracies: 0.1808333333333333 10
Communication round: 9, Eavesdropper Accuracy: 0.21136363636363636 10 1
Communication round: 10, Eavesdropper Accuracy: 0.18181818181818182 11 1
Communication round: 11, Aggregated Accuracies: 0.2469047619047619 12
Communication round: 11, Eavesdropper Accuracy: 0.2909090909090909 12 1
Communication round: 12, Eavesdropper Accuracy: 0.2772727272727273 13 1
Communication round: 13, Eavesdropper Accuracy: 0.2772727272727273 14 1
Communication round: 14, Eavesdropper Accuracy: 0.28863636363636364 15 1
Communication round: 15, Eavesdropper Accuracy: 0.29772727272727273 16 1
Communication round: 16, Aggregated Accuracies: 0.375 17
Communication round: 16, Eavesdropper Accuracy: 0.41818181818181815 17 1
Communication round: 17, Eavesdropper Accuracy: 0.4409090909090909 18 1
Communication round: 18, Eavesdropper Accuracy: 0.43863636363636366 19 1
Communication round: 19, Eavesdropper Accuracy: 0.45454545454545453 20 1
Communication round: 20, Aggregated Accuracies: 0.48476190476190484 21
Communication round: 20, Eavesdropper Accuracy: 0.5340909090909091 21 1
Communication round: 21, Eavesdropper Accuracy: 0.5545454545454546 22 1
Communication round: 22, Eavesdropper Accuracy: 0.5318181818181819 23 1
Communication round: 23, Eavesdropper Accuracy: 0.5568181818181818 24 1
Communication round: 24, Eavesdropper Accuracy: 0.5522727272727272 25 1
Communication round: 25, Aggregated Accuracies: 0.5475 26
Communication round: 25, Eavesdropper Accuracy: 0.6113636363636363 26 1
Communication round: 26, Aggregated Accuracies: 0.5903571428571428 27
Communication round: 26, Eavesdropper Accuracy: 0.6681818181818182 27 1
Communication round: 27, Eavesdropper Accuracy: 0.634090909090909 28 1
Communication round: 28, Aggregated Accuracies: 0.6426190476190478 29
Communication round: 28, Eavesdropper Accuracy: 0.7136363636363636 29 1
Communication round: 29, Eavesdropper Accuracy: 0.6909090909090909 30 1
Communication round: 30, Eavesdropper Accuracy: 0.6886363636363636 31 1
Communication round: 31, Eavesdropper Accuracy: 0.7068181818181818 32 1
Communication round: 32, Eavesdropper Accuracy: 0.6727272727272727 33 1
Communication round: 33, Eavesdropper Accuracy: 0.7068181818181818 34 1
Communication round: 34, Eavesdropper Accuracy: 0.725 35 1
Communication round: 35, Eavesdropper Accuracy: 0.6772727272727272 36 1
Communication round: 36, Eavesdropper Accuracy: 0.6954545454545454 37 1
Communication round: 37, Aggregated Accuracies: 0.6977380952380953 38
Communication round: 37, Eavesdropper Accuracy: 0.7454545454545455 38 1
Communication round: 38, Aggregated Accuracies: 0.7386904761904762 39
Communication round: 38, Eavesdropper Accuracy: 0.7613636363636364 39 1
Communication round: 39, Aggregated Accuracies: 0.7696428571428571 40
Communication round: 39, Eavesdropper Accuracy: 0.8227272727272728 40 1
Communication round: 40, Aggregated Accuracies: 0.7966666666666666 41
Communication round: 40, Eavesdropper Accuracy: 0.8204545454545454 41 1
Communication round: 41, Eavesdropper Accuracy: 0.8227272727272728 42 1
Communication round: 42, Eavesdropper Accuracy: 0.8090909090909091 43 1
Communication round: 43, Eavesdropper Accuracy: 0.7954545454545454 44 1
Communication round: 44, Aggregated Accuracies: 0.8264285714285716 45
Communication round: 44, Eavesdropper Accuracy: 0.8409090909090909 45 1
Communication round: 45, Aggregated Accuracies: 0.8429761904761903 46
Communication round: 45, Eavesdropper Accuracy: 0.8454545454545455 46 1
Communication round: 46, Aggregated Accuracies: 0.8578571428571428 47
Communication round: 46, Eavesdropper Accuracy: 0.8818181818181818 47 1
Communication round: 47, Aggregated Accuracies: 0.8651190476190477 48
Communication round: 47, Eavesdropper Accuracy: 0.8977272727272727 48 1
Communication round: 48, Aggregated Accuracies: 0.8773809523809522 49
Communication round: 48, Eavesdropper Accuracy: 0.884090909090909 49 1
Communication round: 49, Aggregated Accuracies: 0.8854761904761906 50
Communication round: 49, Eavesdropper Accuracy: 0.875 50 1
Communication round: 50, Aggregated Accuracies: 0.8845238095238095 51
Communication round: 50, Eavesdropper Accuracy: 0.8863636363636364 51 1
Communication round: 51, Aggregated Accuracies: 0.8928571428571427 52
Communication round: 51, Eavesdropper Accuracy: 0.9022727272727272 52 1
Communication round: 52, Aggregated Accuracies: 0.9045238095238094 53
Communication round: 52, Eavesdropper Accuracy: 0.9181818181818182 53 1
Communication round: 53, Aggregated Accuracies: 0.9085714285714284 54
Communication round: 53, Eavesdropper Accuracy: 0.9113636363636364 54 1
Communication round: 54, Aggregated Accuracies: 0.909404761904762 55
Communication round: 54, Eavesdropper Accuracy: 0.925 55 1
Communication round: 55, Aggregated Accuracies: 0.9148809523809526 56
Communication round: 55, Eavesdropper Accuracy: 0.9272727272727272 56 1
Communication round: 56, Aggregated Accuracies: 0.9176190476190473 57
Communication round: 56, Eavesdropper Accuracy: 0.925 57 1
Communication round: 57, Aggregated Accuracies: 0.9179761904761905 58
Communication round: 57, Eavesdropper Accuracy: 0.9295454545454546 58 1
Communication round: 58, Eavesdropper Accuracy: 0.9363636363636364 59 1
Communication round: 59, Aggregated Accuracies: 0.9209523809523809 60
Communication round: 59, Eavesdropper Accuracy: 0.9272727272727272 60 1
Communication round: 60, Eavesdropper Accuracy: 0.9227272727272727 61 1
Communication round: 61, Eavesdropper Accuracy: 0.9272727272727272 62 1
Communication round: 62, Aggregated Accuracies: 0.9251190476190476 63
Communication round: 62, Eavesdropper Accuracy: 0.9295454545454546 63 1
Communication round: 63, Aggregated Accuracies: 0.9245238095238093 64
Communication round: 63, Eavesdropper Accuracy: 0.9204545454545454 64 1
Communication round: 64, Eavesdropper Accuracy: 0.9068181818181819 65 1
Communication round: 65, Eavesdropper Accuracy: 0.9386363636363636 66 1
Communication round: 66, Eavesdropper Accuracy: 0.9090909090909091 67 1
Communication round: 67, Eavesdropper Accuracy: 0.9295454545454546 68 1
Communication round: 68, Eavesdropper Accuracy: 0.9409090909090909 69 1
Communication round: 69, Eavesdropper Accuracy: 0.9113636363636364 70 1
Communication round: 70, Eavesdropper Accuracy: 0.9295454545454546 71 1
Communication round: 71, Aggregated Accuracies: 0.9227380952380951 72
Communication round: 71, Eavesdropper Accuracy: 0.9181818181818182 72 1
Communication round: 72, Eavesdropper Accuracy: 0.9409090909090909 72 0
Communication round: 73, Eavesdropper Accuracy: 0.9227272727272727 72 0
Communication round: 74, Eavesdropper Accuracy: 0.925 72 0
Communication round: 75, Eavesdropper Accuracy: 0.9136363636363637 72 0
Communication round: 76, Eavesdropper Accuracy: 0.925 72 0
Communication round: 77, Eavesdropper Accuracy: 0.9386363636363636 72 0
Communication round: 78, Eavesdropper Accuracy: 0.9386363636363636 72 0
Communication round: 79, Eavesdropper Accuracy: 0.9227272727272727 72 0
Communication round: 80, Eavesdropper Accuracy: 0.9272727272727272 72 0
Communication round: 81, Eavesdropper Accuracy: 0.9136363636363637 72 0
Communication round: 82, Eavesdropper Accuracy: 0.9340909090909091 72 0
Communication round: 83, Eavesdropper Accuracy: 0.9318181818181818 72 0
Communication round: 84, Eavesdropper Accuracy: 0.9454545454545454 72 0
Communication round: 85, Eavesdropper Accuracy: 0.9272727272727272 72 0
Communication round: 86, Eavesdropper Accuracy: 0.9204545454545454 72 0
Communication round: 87, Eavesdropper Accuracy: 0.9568181818181818 72 0
Communication round: 88, Eavesdropper Accuracy: 0.9340909090909091 72 0
Communication round: 89, Eavesdropper Accuracy: 0.9318181818181818 72 0
Communication round: 90, Eavesdropper Accuracy: 0.925 72 0
Communication round: 91, Eavesdropper Accuracy: 0.9181818181818182 72 0
Communication round: 92, Eavesdropper Accuracy: 0.9340909090909091 72 0
Communication round: 93, Eavesdropper Accuracy: 0.925 72 0
Communication round: 94, Eavesdropper Accuracy: 0.9522727272727273 72 0
Communication round: 95, Eavesdropper Accuracy: 0.9454545454545454 72 0
Communication round: 96, Eavesdropper Accuracy: 0.9386363636363636 72 0
Communication round: 97, Eavesdropper Accuracy: 0.9318181818181818 72 0
Communication round: 98, Eavesdropper Accuracy: 0.9363636363636364 72 0
Communication round: 99, Eavesdropper Accuracy: 0.9295454545454546 72 0
----------------------------------------------------------------------------------------------------
