----------------------------------------------------------------------------------------------------
P0_True_
----------------------------------------------------------------------------------------------------
Communication round: 0, Eavesdropper Accuracy: 0.08571428571428572 1 1
Communication round: 1, Aggregated Accuracies: 0.11559523809523813 2
Communication round: 1, Eavesdropper Accuracy: 0.1261904761904762 2 1
Communication round: 2, Aggregated Accuracies: 0.16380952380952377 3
Communication round: 2, Eavesdropper Accuracy: 0.1523809523809524 3 1
Communication round: 3, Aggregated Accuracies: 0.18797619047619046 4
Communication round: 3, Eavesdropper Accuracy: 0.17857142857142858 4 1
Communication round: 4, Aggregated Accuracies: 0.20321428571428574 5
Communication round: 4, Eavesdropper Accuracy: 0.19047619047619047 5 1
Communication round: 5, Aggregated Accuracies: 0.22797619047619044 6
Communication round: 5, Eavesdropper Accuracy: 0.21666666666666667 6 1
Communication round: 6, Aggregated Accuracies: 0.2553571428571429 7
Communication round: 6, Eavesdropper Accuracy: 0.24523809523809523 7 1
Communication round: 7, Aggregated Accuracies: 0.26952380952380944 8
Communication round: 7, Eavesdropper Accuracy: 0.27380952380952384 8 1
Communication round: 8, Aggregated Accuracies: 0.2864285714285714 9
Communication round: 8, Eavesdropper Accuracy: 0.27380952380952384 9 1
Communication round: 9, Aggregated Accuracies: 0.30595238095238114 10
Communication round: 9, Eavesdropper Accuracy: 0.29285714285714287 10 1
Communication round: 10, Aggregated Accuracies: 0.32238095238095243 11
Communication round: 10, Eavesdropper Accuracy: 0.2976190476190476 11 1
Communication round: 11, Eavesdropper Accuracy: 0.2976190476190476 12 1
Communication round: 12, Aggregated Accuracies: 0.3276190476190478 13
Communication round: 12, Eavesdropper Accuracy: 0.30714285714285716 13 1
Communication round: 13, Aggregated Accuracies: 0.3422619047619049 14
Communication round: 13, Eavesdropper Accuracy: 0.30714285714285716 14 1
Communication round: 14, Aggregated Accuracies: 0.3472619047619048 15
Communication round: 14, Eavesdropper Accuracy: 0.30952380952380953 15 1
Communication round: 15, Aggregated Accuracies: 0.36357142857142866 16
Communication round: 15, Eavesdropper Accuracy: 0.3142857142857143 16 1
Communication round: 16, Aggregated Accuracies: 0.3654761904761907 17
Communication round: 16, Eavesdropper Accuracy: 0.3357142857142857 17 1
Communication round: 17, Aggregated Accuracies: 0.37642857142857145 18
Communication round: 17, Eavesdropper Accuracy: 0.3380952380952381 18 1
Communication round: 18, Aggregated Accuracies: 0.38464285714285723 19
Communication round: 18, Eavesdropper Accuracy: 0.3547619047619048 19 1
Communication round: 19, Aggregated Accuracies: 0.39750000000000013 20
Communication round: 19, Eavesdropper Accuracy: 0.36428571428571427 20 1
Communication round: 20, Aggregated Accuracies: 0.403452380952381 21
Communication round: 20, Eavesdropper Accuracy: 0.36666666666666664 21 1
Communication round: 21, Aggregated Accuracies: 0.4058333333333334 22
Communication round: 21, Eavesdropper Accuracy: 0.3738095238095238 22 1
Communication round: 22, Aggregated Accuracies: 0.4124999999999999 23
Communication round: 22, Eavesdropper Accuracy: 0.38095238095238093 23 1
Communication round: 23, Aggregated Accuracies: 0.4229761904761905 24
Communication round: 23, Eavesdropper Accuracy: 0.3880952380952381 24 1
Communication round: 24, Aggregated Accuracies: 0.4272619047619045 25
Communication round: 24, Eavesdropper Accuracy: 0.3976190476190476 25 1
Communication round: 25, Aggregated Accuracies: 0.4316666666666665 26
Communication round: 25, Eavesdropper Accuracy: 0.4023809523809524 26 1
Communication round: 26, Aggregated Accuracies: 0.436904761904762 27
Communication round: 26, Eavesdropper Accuracy: 0.4119047619047619 27 1
Communication round: 27, Eavesdropper Accuracy: 0.4119047619047619 28 1
Communication round: 28, Eavesdropper Accuracy: 0.4119047619047619 29 1
Communication round: 29, Aggregated Accuracies: 0.4497619047619047 30
Communication round: 29, Eavesdropper Accuracy: 0.42142857142857143 30 1
Communication round: 30, Aggregated Accuracies: 0.4515476190476189 31
Communication round: 30, Eavesdropper Accuracy: 0.42142857142857143 31 1
Communication round: 31, Aggregated Accuracies: 0.4602380952380951 32
Communication round: 31, Eavesdropper Accuracy: 0.4380952380952381 32 1
Communication round: 32, Aggregated Accuracies: 0.4720238095238095 33
Communication round: 32, Eavesdropper Accuracy: 0.44761904761904764 33 1
Communication round: 33, Aggregated Accuracies: 0.4719047619047618 34
Communication round: 33, Eavesdropper Accuracy: 0.45 34 1
Communication round: 34, Aggregated Accuracies: 0.47964285714285715 35
Communication round: 34, Eavesdropper Accuracy: 0.4642857142857143 35 1
Communication round: 35, Aggregated Accuracies: 0.4876190476190475 36
Communication round: 35, Eavesdropper Accuracy: 0.4642857142857143 36 1
Communication round: 36, Aggregated Accuracies: 0.4961904761904762 37
Communication round: 36, Eavesdropper Accuracy: 0.48333333333333334 37 1
Communication round: 37, Aggregated Accuracies: 0.5133333333333335 38
Communication round: 37, Eavesdropper Accuracy: 0.4928571428571429 38 1
Communication round: 38, Aggregated Accuracies: 0.5209523809523811 39
Communication round: 38, Eavesdropper Accuracy: 0.5047619047619047 39 1
Communication round: 39, Aggregated Accuracies: 0.5223809523809526 40
Communication round: 39, Eavesdropper Accuracy: 0.5095238095238095 40 1
Communication round: 40, Aggregated Accuracies: 0.5382142857142859 41
Communication round: 40, Eavesdropper Accuracy: 0.5214285714285715 41 1
Communication round: 41, Aggregated Accuracies: 0.5466666666666665 42
Communication round: 41, Eavesdropper Accuracy: 0.5333333333333333 42 1
Communication round: 42, Aggregated Accuracies: 0.5627380952380951 43
Communication round: 42, Eavesdropper Accuracy: 0.55 43 1
Communication round: 43, Eavesdropper Accuracy: 0.55 44 1
Communication round: 44, Eavesdropper Accuracy: 0.55 45 1
Communication round: 45, Aggregated Accuracies: 0.5741666666666667 46
Communication round: 45, Eavesdropper Accuracy: 0.5714285714285714 46 1
Communication round: 46, Aggregated Accuracies: 0.5854761904761906 47
Communication round: 46, Eavesdropper Accuracy: 0.5761904761904761 47 1
Communication round: 47, Aggregated Accuracies: 0.5983333333333332 48
Communication round: 47, Eavesdropper Accuracy: 0.5952380952380952 48 1
Communication round: 48, Aggregated Accuracies: 0.6015476190476189 49
Communication round: 48, Eavesdropper Accuracy: 0.6047619047619047 49 1
Communication round: 49, Aggregated Accuracies: 0.6098809523809524 50
Communication round: 49, Eavesdropper Accuracy: 0.6071428571428571 50 1
Communication round: 50, Aggregated Accuracies: 0.6232142857142856 51
Communication round: 50, Eavesdropper Accuracy: 0.6190476190476191 51 1
Communication round: 51, Aggregated Accuracies: 0.6280952380952382 52
Communication round: 51, Eavesdropper Accuracy: 0.6452380952380953 52 1
Communication round: 52, Aggregated Accuracies: 0.6417857142857144 53
Communication round: 52, Eavesdropper Accuracy: 0.6571428571428571 53 1
Communication round: 53, Aggregated Accuracies: 0.6398809523809524 54
Communication round: 53, Eavesdropper Accuracy: 0.6714285714285714 54 1
Communication round: 54, Aggregated Accuracies: 0.6572619047619047 55
Communication round: 54, Eavesdropper Accuracy: 0.6857142857142857 55 1
Communication round: 55, Aggregated Accuracies: 0.6561904761904761 56
Communication round: 55, Eavesdropper Accuracy: 0.6976190476190476 56 1
Communication round: 56, Aggregated Accuracies: 0.6675 57
Communication round: 56, Eavesdropper Accuracy: 0.7 57 1
Communication round: 57, Aggregated Accuracies: 0.6703571428571427 58
Communication round: 57, Eavesdropper Accuracy: 0.7047619047619048 58 1
Communication round: 58, Aggregated Accuracies: 0.6799999999999996 59
Communication round: 58, Eavesdropper Accuracy: 0.7071428571428572 59 1
Communication round: 59, Eavesdropper Accuracy: 0.7071428571428572 60 1
Communication round: 60, Aggregated Accuracies: 0.6847619047619043 61
Communication round: 60, Eavesdropper Accuracy: 0.7071428571428572 61 1
Communication round: 61, Aggregated Accuracies: 0.6895238095238096 62
Communication round: 61, Eavesdropper Accuracy: 0.7119047619047619 62 1
Communication round: 62, Aggregated Accuracies: 0.680833333333333 63
Communication round: 62, Eavesdropper Accuracy: 0.7214285714285714 63 1
Communication round: 63, Aggregated Accuracies: 0.697738095238095 64
Communication round: 63, Eavesdropper Accuracy: 0.7166666666666667 64 1
Communication round: 64, Aggregated Accuracies: 0.7032142857142857 65
Communication round: 64, Eavesdropper Accuracy: 0.7261904761904762 65 1
Communication round: 65, Aggregated Accuracies: 0.7144047619047619 66
Communication round: 65, Eavesdropper Accuracy: 0.7309523809523809 66 1
Communication round: 66, Aggregated Accuracies: 0.7116666666666664 67
Communication round: 66, Eavesdropper Accuracy: 0.7404761904761905 67 1
Communication round: 67, Eavesdropper Accuracy: 0.7404761904761905 68 1
Communication round: 68, Eavesdropper Accuracy: 0.7404761904761905 69 1
Communication round: 69, Eavesdropper Accuracy: 0.7404761904761905 70 1
Communication round: 70, Aggregated Accuracies: 0.7233333333333337 71
Communication round: 70, Eavesdropper Accuracy: 0.7428571428571429 71 1
Communication round: 71, Eavesdropper Accuracy: 0.7428571428571429 71 0
Communication round: 72, Eavesdropper Accuracy: 0.7428571428571429 71 0
Communication round: 73, Eavesdropper Accuracy: 0.7428571428571429 71 0
Communication round: 74, Eavesdropper Accuracy: 0.7428571428571429 71 0
Communication round: 75, Eavesdropper Accuracy: 0.7428571428571429 71 0
Communication round: 76, Eavesdropper Accuracy: 0.7428571428571429 71 0
Communication round: 77, Eavesdropper Accuracy: 0.7428571428571429 71 0
Communication round: 78, Eavesdropper Accuracy: 0.7428571428571429 71 0
Communication round: 79, Eavesdropper Accuracy: 0.7428571428571429 71 0
Communication round: 80, Eavesdropper Accuracy: 0.7428571428571429 71 0
Communication round: 81, Eavesdropper Accuracy: 0.7428571428571429 71 0
Communication round: 82, Eavesdropper Accuracy: 0.7428571428571429 71 0
Communication round: 83, Eavesdropper Accuracy: 0.7428571428571429 71 0
Communication round: 84, Eavesdropper Accuracy: 0.7428571428571429 71 0
Communication round: 85, Eavesdropper Accuracy: 0.7428571428571429 71 0
Communication round: 86, Eavesdropper Accuracy: 0.7428571428571429 71 0
Communication round: 87, Eavesdropper Accuracy: 0.7428571428571429 71 0
Communication round: 88, Eavesdropper Accuracy: 0.7428571428571429 71 0
Communication round: 89, Eavesdropper Accuracy: 0.7428571428571429 71 0
Communication round: 90, Eavesdropper Accuracy: 0.7428571428571429 71 0
Communication round: 91, Eavesdropper Accuracy: 0.7428571428571429 71 0
Communication round: 92, Eavesdropper Accuracy: 0.7428571428571429 71 0
Communication round: 93, Eavesdropper Accuracy: 0.7428571428571429 71 0
Communication round: 94, Eavesdropper Accuracy: 0.7428571428571429 71 0
Communication round: 95, Eavesdropper Accuracy: 0.7428571428571429 71 0
Communication round: 96, Eavesdropper Accuracy: 0.7428571428571429 71 0
Communication round: 97, Eavesdropper Accuracy: 0.7428571428571429 71 0
Communication round: 98, Eavesdropper Accuracy: 0.7428571428571429 71 0
Communication round: 99, Eavesdropper Accuracy: 0.7428571428571429 71 0
Communication round: 100, Eavesdropper Accuracy: 0.7428571428571429 71 0
Communication round: 101, Eavesdropper Accuracy: 0.7428571428571429 71 0
Communication round: 102, Eavesdropper Accuracy: 0.7428571428571429 71 0
Communication round: 103, Eavesdropper Accuracy: 0.7428571428571429 71 0
Communication round: 104, Eavesdropper Accuracy: 0.7428571428571429 71 0
Communication round: 105, Eavesdropper Accuracy: 0.7428571428571429 71 0
Communication round: 106, Eavesdropper Accuracy: 0.7428571428571429 71 0
Communication round: 107, Eavesdropper Accuracy: 0.7428571428571429 71 0
Communication round: 108, Eavesdropper Accuracy: 0.7428571428571429 71 0
Communication round: 109, Eavesdropper Accuracy: 0.7428571428571429 71 0
Communication round: 110, Eavesdropper Accuracy: 0.7428571428571429 71 0
Communication round: 111, Eavesdropper Accuracy: 0.7428571428571429 71 0
Communication round: 112, Eavesdropper Accuracy: 0.7428571428571429 71 0
Communication round: 113, Eavesdropper Accuracy: 0.7428571428571429 71 0
Communication round: 114, Eavesdropper Accuracy: 0.7428571428571429 71 0
Communication round: 115, Eavesdropper Accuracy: 0.7428571428571429 71 0
Communication round: 116, Eavesdropper Accuracy: 0.7428571428571429 71 0
Communication round: 117, Eavesdropper Accuracy: 0.7428571428571429 71 0
Communication round: 118, Eavesdropper Accuracy: 0.7428571428571429 71 0
Communication round: 119, Eavesdropper Accuracy: 0.7428571428571429 71 0
Communication round: 120, Eavesdropper Accuracy: 0.7428571428571429 71 0
Communication round: 121, Eavesdropper Accuracy: 0.7428571428571429 71 0
Communication round: 122, Eavesdropper Accuracy: 0.7428571428571429 71 0
Communication round: 123, Eavesdropper Accuracy: 0.7428571428571429 71 0
Communication round: 124, Eavesdropper Accuracy: 0.7428571428571429 71 0
Communication round: 125, Eavesdropper Accuracy: 0.7428571428571429 71 0
Communication round: 126, Eavesdropper Accuracy: 0.7428571428571429 71 0
Communication round: 127, Eavesdropper Accuracy: 0.7428571428571429 71 0
Communication round: 128, Eavesdropper Accuracy: 0.7428571428571429 71 0
Communication round: 129, Eavesdropper Accuracy: 0.7428571428571429 71 0
Communication round: 130, Eavesdropper Accuracy: 0.7428571428571429 71 0
Communication round: 131, Eavesdropper Accuracy: 0.7428571428571429 71 0
Communication round: 132, Eavesdropper Accuracy: 0.7428571428571429 71 0
Communication round: 133, Eavesdropper Accuracy: 0.7428571428571429 71 0
Communication round: 134, Eavesdropper Accuracy: 0.7428571428571429 71 0
Communication round: 135, Eavesdropper Accuracy: 0.7428571428571429 71 0
Communication round: 136, Eavesdropper Accuracy: 0.7428571428571429 71 0
Communication round: 137, Eavesdropper Accuracy: 0.7428571428571429 71 0
Communication round: 138, Eavesdropper Accuracy: 0.7428571428571429 71 0
Communication round: 139, Eavesdropper Accuracy: 0.7428571428571429 71 0
Communication round: 140, Eavesdropper Accuracy: 0.7428571428571429 71 0
Communication round: 141, Smart Eavesdropper Accuracy: 0.6 71 0
Communication round: 142, Smart Eavesdropper Accuracy: 0.4095238095238095 71 0
Communication round: 143, Smart Eavesdropper Accuracy: 0.39285714285714285 71 0
Communication round: 144, Smart Eavesdropper Accuracy: 0.5523809523809524 71 0
Communication round: 145, Smart Eavesdropper Accuracy: 0.42142857142857143 71 0
Communication round: 146, Smart Eavesdropper Accuracy: 0.3738095238095238 71 0
Communication round: 147, Smart Eavesdropper Accuracy: 0.24523809523809523 71 0
Communication round: 148, Smart Eavesdropper Accuracy: 0.33095238095238094 71 0
Communication round: 149, Smart Eavesdropper Accuracy: 0.26666666666666666 71 0
Communication round: 150, Smart Eavesdropper Accuracy: 0.4357142857142857 71 0
Communication round: 151, Smart Eavesdropper Accuracy: 0.3238095238095238 71 0
Communication round: 152, Smart Eavesdropper Accuracy: 0.3738095238095238 71 0
Communication round: 153, Smart Eavesdropper Accuracy: 0.3619047619047619 71 0
Communication round: 154, Smart Eavesdropper Accuracy: 0.4 71 0
Communication round: 155, Smart Eavesdropper Accuracy: 0.4 71 0
Communication round: 156, Smart Eavesdropper Accuracy: 0.44047619047619047 71 0
Communication round: 157, Smart Eavesdropper Accuracy: 0.44285714285714284 71 0
Communication round: 158, Smart Eavesdropper Accuracy: 0.45 71 0
Communication round: 159, Smart Eavesdropper Accuracy: 0.45 71 0
Communication round: 160, Smart Eavesdropper Accuracy: 0.4452380952380952 71 0
Communication round: 161, Smart Eavesdropper Accuracy: 0.44285714285714284 71 0
Communication round: 162, Smart Eavesdropper Accuracy: 0.37142857142857144 71 0
Communication round: 163, Smart Eavesdropper Accuracy: 0.42857142857142855 71 0
Communication round: 164, Smart Eavesdropper Accuracy: 0.4261904761904762 71 0
Communication round: 165, Smart Eavesdropper Accuracy: 0.4261904761904762 71 0
Communication round: 166, Smart Eavesdropper Accuracy: 0.44761904761904764 71 0
Communication round: 167, Smart Eavesdropper Accuracy: 0.4357142857142857 71 0
Communication round: 168, Smart Eavesdropper Accuracy: 0.45476190476190476 71 0
Communication round: 169, Smart Eavesdropper Accuracy: 0.45 71 0
Communication round: 170, Smart Eavesdropper Accuracy: 0.45714285714285713 71 0
Communication round: 171, Smart Eavesdropper Accuracy: 0.4880952380952381 71 0
Communication round: 172, Smart Eavesdropper Accuracy: 0.4857142857142857 71 0
Communication round: 173, Smart Eavesdropper Accuracy: 0.48095238095238096 71 0
Communication round: 174, Smart Eavesdropper Accuracy: 0.49523809523809526 71 0
Communication round: 175, Smart Eavesdropper Accuracy: 0.4880952380952381 71 0
Communication round: 176, Smart Eavesdropper Accuracy: 0.4857142857142857 71 0
Communication round: 177, Smart Eavesdropper Accuracy: 0.4642857142857143 71 0
Communication round: 178, Smart Eavesdropper Accuracy: 0.38095238095238093 71 0
Communication round: 179, Smart Eavesdropper Accuracy: 0.4738095238095238 71 0
Communication round: 180, Smart Eavesdropper Accuracy: 0.4666666666666667 71 0
Communication round: 181, Smart Eavesdropper Accuracy: 0.48333333333333334 71 0
Communication round: 182, Smart Eavesdropper Accuracy: 0.4976190476190476 71 0
Communication round: 183, Smart Eavesdropper Accuracy: 0.49523809523809526 71 0
Communication round: 184, Smart Eavesdropper Accuracy: 0.47619047619047616 71 0
Communication round: 185, Smart Eavesdropper Accuracy: 0.4 71 0
Communication round: 186, Smart Eavesdropper Accuracy: 0.4928571428571429 71 0
Communication round: 187, Smart Eavesdropper Accuracy: 0.5047619047619047 71 0
Communication round: 188, Smart Eavesdropper Accuracy: 0.5047619047619047 71 0
Communication round: 189, Smart Eavesdropper Accuracy: 0.48333333333333334 71 0
Communication round: 190, Smart Eavesdropper Accuracy: 0.4738095238095238 71 0
Communication round: 191, Smart Eavesdropper Accuracy: 0.4880952380952381 71 0
Communication round: 192, Smart Eavesdropper Accuracy: 0.4976190476190476 71 0
Communication round: 193, Smart Eavesdropper Accuracy: 0.40476190476190477 71 0
Communication round: 194, Smart Eavesdropper Accuracy: 0.46190476190476193 71 0
Communication round: 195, Smart Eavesdropper Accuracy: 0.4666666666666667 71 0
Communication round: 196, Smart Eavesdropper Accuracy: 0.4714285714285714 71 0
Communication round: 197, Smart Eavesdropper Accuracy: 0.47619047619047616 71 0
Communication round: 198, Smart Eavesdropper Accuracy: 0.48333333333333334 71 0
Communication round: 199, Smart Eavesdropper Accuracy: 0.5023809523809524 71 0
----------------------------------------------------------------------------------------------------
