----------------------------------------------------------------------------------------------------
20_30_120_1_8_0.99_False_
----------------------------------------------------------------------------------------------------
Communication round: 0, Smart Eavesdropper Accuracy: 0.575 0 0
Communication round: 1, Smart Eavesdropper Accuracy: 0.7272727272727273 1 1
Communication round: 2, Eavesdropper Accuracy: 0.09545454545454546 2 1
Communication round: 3, Eavesdropper Accuracy: 0.10227272727272728 3 1
Communication round: 4, Eavesdropper Accuracy: 0.10909090909090909 4 1
Communication round: 5, Eavesdropper Accuracy: 0.10454545454545454 4 0
Communication round: 6, Aggregated Accuracies: 0.1667857142857143 5
Communication round: 6, Eavesdropper Accuracy: 0.18181818181818182 5 1
Communication round: 7, Aggregated Accuracies: 0.24988095238095237 6
Communication round: 7, Eavesdropper Accuracy: 0.27045454545454545 6 1
Communication round: 8, Eavesdropper Accuracy: 0.27954545454545454 6 0
Communication round: 9, Eavesdropper Accuracy: 0.2409090909090909 6 0
Communication round: 10, Eavesdropper Accuracy: 0.2545454545454545 6 0
Communication round: 11, Eavesdropper Accuracy: 0.2727272727272727 7 1
Communication round: 12, Aggregated Accuracies: 0.34059523809523806 8
Communication round: 12, Eavesdropper Accuracy: 0.375 8 1
Communication round: 13, Aggregated Accuracies: 0.4352380952380953 9
Communication round: 13, Eavesdropper Accuracy: 0.5409090909090909 9 1
Communication round: 14, Aggregated Accuracies: 0.5182142857142856 10
Communication round: 14, Eavesdropper Accuracy: 0.5613636363636364 10 1
Communication round: 15, Aggregated Accuracies: 0.6235714285714286 11
Communication round: 15, Eavesdropper Accuracy: 0.7090909090909091 11 1
Communication round: 16, Aggregated Accuracies: 0.6733333333333332 12
Communication round: 16, Eavesdropper Accuracy: 0.7227272727272728 12 1
Communication round: 17, Aggregated Accuracies: 0.7272619047619047 13
Communication round: 17, Eavesdropper Accuracy: 0.775 13 1
Communication round: 18, Aggregated Accuracies: 0.7754761904761904 14
Communication round: 18, Eavesdropper Accuracy: 0.7863636363636364 14 1
Communication round: 19, Aggregated Accuracies: 0.8025 15
Communication round: 19, Eavesdropper Accuracy: 0.8204545454545454 15 1
Communication round: 20, Aggregated Accuracies: 0.820595238095238 16
Communication round: 20, Eavesdropper Accuracy: 0.884090909090909 16 1
Communication round: 21, Aggregated Accuracies: 0.8455952380952383 17
Communication round: 21, Eavesdropper Accuracy: 0.8727272727272727 17 1
Communication round: 22, Aggregated Accuracies: 0.853809523809524 18
Communication round: 22, Eavesdropper Accuracy: 0.8363636363636363 18 1
Communication round: 23, Aggregated Accuracies: 0.8623809523809524 19
Communication round: 23, Eavesdropper Accuracy: 0.8931818181818182 19 1
Communication round: 24, Aggregated Accuracies: 0.8703571428571427 20
Communication round: 24, Eavesdropper Accuracy: 0.8795454545454545 20 1
Communication round: 25, Aggregated Accuracies: 0.8808333333333334 21
Communication round: 25, Eavesdropper Accuracy: 0.8795454545454545 21 1
Communication round: 26, Aggregated Accuracies: 0.8872619047619048 22
Communication round: 26, Eavesdropper Accuracy: 0.884090909090909 22 1
Communication round: 27, Aggregated Accuracies: 0.8952380952380954 23
Communication round: 27, Eavesdropper Accuracy: 0.8818181818181818 23 1
Communication round: 28, Eavesdropper Accuracy: 0.9090909090909091 23 0
Communication round: 29, Eavesdropper Accuracy: 0.9363636363636364 23 0
Communication round: 30, Eavesdropper Accuracy: 0.9295454545454546 23 0
Communication round: 31, Eavesdropper Accuracy: 0.8954545454545455 23 0
Communication round: 32, Eavesdropper Accuracy: 0.8863636363636364 23 0
Communication round: 33, Eavesdropper Accuracy: 0.9068181818181819 23 0
Communication round: 34, Eavesdropper Accuracy: 0.9227272727272727 23 0
Communication round: 35, Eavesdropper Accuracy: 0.8886363636363637 23 0
Communication round: 36, Eavesdropper Accuracy: 0.9113636363636364 23 0
Communication round: 37, Eavesdropper Accuracy: 0.9227272727272727 23 0
Communication round: 38, Eavesdropper Accuracy: 0.9181818181818182 23 0
Communication round: 39, Eavesdropper Accuracy: 0.9 23 0
Communication round: 40, Eavesdropper Accuracy: 0.8977272727272727 23 0
Communication round: 41, Eavesdropper Accuracy: 0.9227272727272727 23 0
Communication round: 42, Eavesdropper Accuracy: 0.865909090909091 23 0
Communication round: 43, Eavesdropper Accuracy: 0.8977272727272727 23 0
Communication round: 44, Eavesdropper Accuracy: 0.9136363636363637 23 0
Communication round: 45, Smart Eavesdropper Accuracy: 0.875 23 0
Communication round: 46, Smart Eavesdropper Accuracy: 0.8454545454545455 23 0
Communication round: 47, Smart Eavesdropper Accuracy: 0.8409090909090909 23 0
Communication round: 48, Aggregated Accuracies: 0.8916666666666666 24
Communication round: 48, Smart Eavesdropper Accuracy: 0.8772727272727273 24 1
Communication round: 49, Aggregated Accuracies: 0.9026190476190477 25
Communication round: 49, Smart Eavesdropper Accuracy: 0.8886363636363637 25 1
Communication round: 50, Aggregated Accuracies: 0.9022619047619047 26
Communication round: 50, Eavesdropper Accuracy: 0.8795454545454545 26 1
Communication round: 51, Aggregated Accuracies: 0.9096428571428572 27
Communication round: 51, Eavesdropper Accuracy: 0.9204545454545454 27 1
Communication round: 52, Aggregated Accuracies: 0.9109523809523811 28
Communication round: 52, Eavesdropper Accuracy: 0.9045454545454545 28 1
Communication round: 53, Aggregated Accuracies: 0.9117857142857142 29
Communication round: 53, Eavesdropper Accuracy: 0.9431818181818182 29 1
Communication round: 54, Aggregated Accuracies: 0.9165476190476189 30
Communication round: 54, Eavesdropper Accuracy: 0.9227272727272727 30 1
Communication round: 55, Aggregated Accuracies: 0.9236904761904758 31
Communication round: 55, Eavesdropper Accuracy: 0.9227272727272727 31 1
Communication round: 56, Eavesdropper Accuracy: 0.9363636363636364 31 0
Communication round: 57, Eavesdropper Accuracy: 0.9204545454545454 31 0
Communication round: 58, Eavesdropper Accuracy: 0.9431818181818182 31 0
Communication round: 59, Eavesdropper Accuracy: 0.9136363636363637 31 0
Communication round: 60, Eavesdropper Accuracy: 0.9295454545454546 31 0
Communication round: 61, Smart Eavesdropper Accuracy: 0.8886363636363637 31 0
Communication round: 62, Smart Eavesdropper Accuracy: 0.8909090909090909 31 0
Communication round: 63, Smart Eavesdropper Accuracy: 0.8909090909090909 31 0
Communication round: 64, Smart Eavesdropper Accuracy: 0.9181818181818182 31 0
Communication round: 65, Smart Eavesdropper Accuracy: 0.9272727272727272 31 0
Communication round: 66, Smart Eavesdropper Accuracy: 0.9272727272727272 31 0
Communication round: 67, Smart Eavesdropper Accuracy: 0.95 31 0
Communication round: 68, Smart Eavesdropper Accuracy: 0.925 31 0
Communication round: 69, Smart Eavesdropper Accuracy: 0.925 31 0
Communication round: 70, Smart Eavesdropper Accuracy: 0.9227272727272727 31 0
Communication round: 71, Smart Eavesdropper Accuracy: 0.9409090909090909 31 0
Communication round: 72, Smart Eavesdropper Accuracy: 0.9045454545454545 31 0
Communication round: 73, Smart Eavesdropper Accuracy: 0.9340909090909091 31 0
Communication round: 74, Smart Eavesdropper Accuracy: 0.925 31 0
Communication round: 75, Smart Eavesdropper Accuracy: 0.95 31 0
Communication round: 76, Smart Eavesdropper Accuracy: 0.9590909090909091 31 0
Communication round: 77, Smart Eavesdropper Accuracy: 0.9613636363636363 31 0
Communication round: 78, Smart Eavesdropper Accuracy: 0.9431818181818182 31 0
Communication round: 79, Smart Eavesdropper Accuracy: 0.9613636363636363 31 0
Communication round: 80, Smart Eavesdropper Accuracy: 0.9386363636363636 31 0
Communication round: 81, Smart Eavesdropper Accuracy: 0.9272727272727272 31 0
Communication round: 82, Smart Eavesdropper Accuracy: 0.9409090909090909 31 0
Communication round: 83, Smart Eavesdropper Accuracy: 0.9386363636363636 31 0
Communication round: 84, Smart Eavesdropper Accuracy: 0.9272727272727272 31 0
Communication round: 85, Smart Eavesdropper Accuracy: 0.9477272727272728 31 0
Communication round: 86, Smart Eavesdropper Accuracy: 0.9318181818181818 31 0
Communication round: 87, Smart Eavesdropper Accuracy: 0.9318181818181818 31 0
Communication round: 88, Smart Eavesdropper Accuracy: 0.9477272727272728 31 0
Communication round: 89, Smart Eavesdropper Accuracy: 0.9340909090909091 31 0
Communication round: 90, Smart Eavesdropper Accuracy: 0.9431818181818182 31 0
Communication round: 91, Smart Eavesdropper Accuracy: 0.9477272727272728 31 0
Communication round: 92, Smart Eavesdropper Accuracy: 0.9318181818181818 31 0
Communication round: 93, Smart Eavesdropper Accuracy: 0.9454545454545454 31 0
Communication round: 94, Aggregated Accuracies: 0.9219047619047618 32
Communication round: 94, Smart Eavesdropper Accuracy: 0.9477272727272728 32 1
Communication round: 95, Aggregated Accuracies: 0.9236904761904761 33
Communication round: 95, Smart Eavesdropper Accuracy: 0.9431818181818182 33 1
Communication round: 96, Aggregated Accuracies: 0.9254761904761903 34
Communication round: 96, Smart Eavesdropper Accuracy: 0.9477272727272728 34 1
Communication round: 97, Aggregated Accuracies: 0.930595238095238 35
Communication round: 97, Smart Eavesdropper Accuracy: 0.9477272727272728 35 1
Communication round: 98, Smart Eavesdropper Accuracy: 0.9545454545454546 35 0
Communication round: 99, Smart Eavesdropper Accuracy: 0.9590909090909091 35 0
Communication round: 100, Smart Eavesdropper Accuracy: 0.9659090909090909 35 0
Communication round: 101, Smart Eavesdropper Accuracy: 0.95 35 0
Communication round: 102, Smart Eavesdropper Accuracy: 0.9545454545454546 35 0
Communication round: 103, Smart Eavesdropper Accuracy: 0.9522727272727273 35 0
Communication round: 104, Smart Eavesdropper Accuracy: 0.95 35 0
Communication round: 105, Smart Eavesdropper Accuracy: 0.9704545454545455 35 0
Communication round: 106, Smart Eavesdropper Accuracy: 0.9590909090909091 35 0
Communication round: 107, Smart Eavesdropper Accuracy: 0.9454545454545454 35 0
Communication round: 108, Smart Eavesdropper Accuracy: 0.9409090909090909 35 0
Communication round: 109, Smart Eavesdropper Accuracy: 0.9613636363636363 35 0
Communication round: 110, Smart Eavesdropper Accuracy: 0.9454545454545454 35 0
Communication round: 111, Smart Eavesdropper Accuracy: 0.9477272727272728 35 0
Communication round: 112, Smart Eavesdropper Accuracy: 0.9477272727272728 35 0
Communication round: 113, Smart Eavesdropper Accuracy: 0.9613636363636363 35 0
Communication round: 114, Smart Eavesdropper Accuracy: 0.9181818181818182 35 0
Communication round: 115, Smart Eavesdropper Accuracy: 0.9568181818181818 35 0
Communication round: 116, Smart Eavesdropper Accuracy: 0.9545454545454546 35 0
Communication round: 117, Smart Eavesdropper Accuracy: 0.9409090909090909 35 0
Communication round: 118, Smart Eavesdropper Accuracy: 0.9613636363636363 35 0
Communication round: 119, Smart Eavesdropper Accuracy: 0.9431818181818182 35 0
----------------------------------------------------------------------------------------------------
