----------------------------------------------------------------------------------------------------
20_30_100_1_2_0.2_True_
----------------------------------------------------------------------------------------------------
Communication round: 0, Eavesdropper Accuracy: 0.08636363636363636 1 1
Communication round: 1, Eavesdropper Accuracy: 0.08863636363636364 2 1
Communication round: 2, Eavesdropper Accuracy: 0.10681818181818181 3 1
Communication round: 3, Eavesdropper Accuracy: 0.10227272727272728 4 1
Communication round: 4, Aggregated Accuracies: 0.17785714285714285 5
Communication round: 4, Eavesdropper Accuracy: 0.1340909090909091 5 1
Communication round: 5, Aggregated Accuracies: 0.2422619047619048 6
Communication round: 5, Eavesdropper Accuracy: 0.27954545454545454 6 1
Communication round: 6, Aggregated Accuracies: 0.3491666666666666 7
Communication round: 6, Eavesdropper Accuracy: 0.4 7 1
Communication round: 7, Aggregated Accuracies: 0.40880952380952384 8
Communication round: 7, Eavesdropper Accuracy: 0.44772727272727275 8 1
Communication round: 8, Aggregated Accuracies: 0.4727380952380952 9
Communication round: 8, Eavesdropper Accuracy: 0.5159090909090909 9 1
Communication round: 9, Eavesdropper Accuracy: 0.5477272727272727 10 1
Communication round: 10, Aggregated Accuracies: 0.5317857142857143 11
Communication round: 10, Eavesdropper Accuracy: 0.5818181818181818 11 1
Communication round: 11, Eavesdropper Accuracy: 0.5227272727272727 12 1
Communication round: 12, Aggregated Accuracies: 0.5869047619047619 13
Communication round: 12, Eavesdropper Accuracy: 0.6090909090909091 13 1
Communication round: 13, Aggregated Accuracies: 0.6254761904761905 14
Communication round: 13, Eavesdropper Accuracy: 0.6727272727272727 14 1
Communication round: 14, Eavesdropper Accuracy: 0.675 15 1
Communication round: 15, Aggregated Accuracies: 0.6634523809523809 16
Communication round: 15, Eavesdropper Accuracy: 0.6931818181818182 16 1
Communication round: 16, Eavesdropper Accuracy: 0.7431818181818182 17 1
Communication round: 17, Eavesdropper Accuracy: 0.7340909090909091 18 1
Communication round: 18, Aggregated Accuracies: 0.7015476190476191 19
Communication round: 18, Eavesdropper Accuracy: 0.7318181818181818 19 1
Communication round: 19, Eavesdropper Accuracy: 0.7659090909090909 20 1
Communication round: 20, Eavesdropper Accuracy: 0.740909090909091 21 1
Communication round: 21, Eavesdropper Accuracy: 0.7295454545454545 22 1
Communication round: 22, Aggregated Accuracies: 0.7426190476190475 23
Communication round: 22, Eavesdropper Accuracy: 0.8204545454545454 23 1
Communication round: 23, Aggregated Accuracies: 0.764047619047619 24
Communication round: 23, Eavesdropper Accuracy: 0.8022727272727272 24 1
Communication round: 24, Aggregated Accuracies: 0.7915476190476193 25
Communication round: 24, Eavesdropper Accuracy: 0.7931818181818182 25 1
Communication round: 25, Eavesdropper Accuracy: 0.8386363636363636 26 1
Communication round: 26, Aggregated Accuracies: 0.8023809523809524 27
Communication round: 26, Eavesdropper Accuracy: 0.7977272727272727 27 1
Communication round: 27, Aggregated Accuracies: 0.8210714285714286 28
Communication round: 27, Eavesdropper Accuracy: 0.8045454545454546 28 1
Communication round: 28, Aggregated Accuracies: 0.8334523809523811 29
Communication round: 28, Eavesdropper Accuracy: 0.8568181818181818 29 1
Communication round: 29, Eavesdropper Accuracy: 0.85 30 1
Communication round: 30, Eavesdropper Accuracy: 0.8431818181818181 31 1
Communication round: 31, Aggregated Accuracies: 0.8446428571428573 32
Communication round: 31, Eavesdropper Accuracy: 0.8795454545454545 32 1
Communication round: 32, Aggregated Accuracies: 0.8526190476190477 33
Communication round: 32, Eavesdropper Accuracy: 0.8636363636363636 33 1
Communication round: 33, Eavesdropper Accuracy: 0.8454545454545455 34 1
Communication round: 34, Aggregated Accuracies: 0.8559523809523808 35
Communication round: 34, Eavesdropper Accuracy: 0.8977272727272727 35 1
Communication round: 35, Eavesdropper Accuracy: 0.8704545454545455 36 1
Communication round: 36, Eavesdropper Accuracy: 0.865909090909091 37 1
Communication round: 37, Aggregated Accuracies: 0.8678571428571429 38
Communication round: 37, Eavesdropper Accuracy: 0.8636363636363636 38 1
Communication round: 38, Eavesdropper Accuracy: 0.8818181818181818 39 1
Communication round: 39, Eavesdropper Accuracy: 0.865909090909091 40 1
Communication round: 40, Eavesdropper Accuracy: 0.884090909090909 41 1
Communication round: 41, Aggregated Accuracies: 0.8739285714285714 42
Communication round: 41, Eavesdropper Accuracy: 0.8704545454545455 42 1
Communication round: 42, Aggregated Accuracies: 0.8807142857142856 43
Communication round: 42, Eavesdropper Accuracy: 0.8863636363636364 43 1
Communication round: 43, Aggregated Accuracies: 0.8859523809523809 44
Communication round: 43, Eavesdropper Accuracy: 0.8931818181818182 44 1
Communication round: 44, Aggregated Accuracies: 0.8895238095238097 45
Communication round: 44, Eavesdropper Accuracy: 0.8931818181818182 45 1
Communication round: 45, Eavesdropper Accuracy: 0.8954545454545455 46 1
Communication round: 46, Aggregated Accuracies: 0.8914285714285712 47
Communication round: 46, Eavesdropper Accuracy: 0.9022727272727272 47 1
Communication round: 47, Eavesdropper Accuracy: 0.8704545454545455 48 1
Communication round: 48, Aggregated Accuracies: 0.8933333333333333 49
Communication round: 48, Eavesdropper Accuracy: 0.9022727272727272 49 1
Communication round: 49, Eavesdropper Accuracy: 0.8909090909090909 50 1
Communication round: 50, Aggregated Accuracies: 0.8982142857142856 51
Communication round: 50, Eavesdropper Accuracy: 0.9181818181818182 51 1
Communication round: 51, Eavesdropper Accuracy: 0.8954545454545455 52 1
Communication round: 52, Aggregated Accuracies: 0.9046428571428571 53
Communication round: 52, Eavesdropper Accuracy: 0.8863636363636364 53 1
Communication round: 53, Aggregated Accuracies: 0.9044047619047617 54
Communication round: 53, Eavesdropper Accuracy: 0.9045454545454545 54 1
Communication round: 54, Aggregated Accuracies: 0.9126190476190477 55
Communication round: 54, Eavesdropper Accuracy: 0.8886363636363637 55 1
Communication round: 55, Eavesdropper Accuracy: 0.9295454545454546 55 0
Communication round: 56, Eavesdropper Accuracy: 0.9045454545454545 55 0
Communication round: 57, Eavesdropper Accuracy: 0.9181818181818182 55 0
Communication round: 58, Eavesdropper Accuracy: 0.9090909090909091 55 0
Communication round: 59, Eavesdropper Accuracy: 0.9204545454545454 55 0
Communication round: 60, Eavesdropper Accuracy: 0.9068181818181819 55 0
Communication round: 61, Eavesdropper Accuracy: 0.9045454545454545 55 0
Communication round: 62, Eavesdropper Accuracy: 0.9159090909090909 55 0
Communication round: 63, Eavesdropper Accuracy: 0.9 55 0
Communication round: 64, Eavesdropper Accuracy: 0.9204545454545454 55 0
Communication round: 65, Eavesdropper Accuracy: 0.925 55 0
Communication round: 66, Eavesdropper Accuracy: 0.9113636363636364 55 0
Communication round: 67, Eavesdropper Accuracy: 0.8977272727272727 55 0
Communication round: 68, Eavesdropper Accuracy: 0.9136363636363637 55 0
Communication round: 69, Eavesdropper Accuracy: 0.9227272727272727 55 0
Communication round: 70, Eavesdropper Accuracy: 0.9068181818181819 55 0
Communication round: 71, Eavesdropper Accuracy: 0.9227272727272727 55 0
Communication round: 72, Eavesdropper Accuracy: 0.8863636363636364 55 0
Communication round: 73, Eavesdropper Accuracy: 0.9227272727272727 55 0
Communication round: 74, Eavesdropper Accuracy: 0.8954545454545455 55 0
Communication round: 75, Eavesdropper Accuracy: 0.9159090909090909 55 0
Communication round: 76, Eavesdropper Accuracy: 0.9295454545454546 55 0
Communication round: 77, Eavesdropper Accuracy: 0.9045454545454545 55 0
Communication round: 78, Eavesdropper Accuracy: 0.9090909090909091 55 0
Communication round: 79, Eavesdropper Accuracy: 0.9022727272727272 55 0
Communication round: 80, Eavesdropper Accuracy: 0.8931818181818182 55 0
Communication round: 81, Eavesdropper Accuracy: 0.9136363636363637 55 0
Communication round: 82, Eavesdropper Accuracy: 0.9340909090909091 55 0
Communication round: 83, Eavesdropper Accuracy: 0.9 55 0
Communication round: 84, Eavesdropper Accuracy: 0.9022727272727272 55 0
Communication round: 85, Eavesdropper Accuracy: 0.9022727272727272 55 0
Communication round: 86, Eavesdropper Accuracy: 0.9022727272727272 55 0
Communication round: 87, Eavesdropper Accuracy: 0.9068181818181819 55 0
Communication round: 88, Eavesdropper Accuracy: 0.9181818181818182 55 0
Communication round: 89, Eavesdropper Accuracy: 0.9136363636363637 55 0
Communication round: 90, Eavesdropper Accuracy: 0.9318181818181818 55 0
Communication round: 91, Eavesdropper Accuracy: 0.9181818181818182 55 0
Communication round: 92, Eavesdropper Accuracy: 0.9159090909090909 55 0
Communication round: 93, Eavesdropper Accuracy: 0.9 55 0
Communication round: 94, Eavesdropper Accuracy: 0.9181818181818182 55 0
Communication round: 95, Eavesdropper Accuracy: 0.9159090909090909 55 0
Communication round: 96, Eavesdropper Accuracy: 0.9113636363636364 55 0
Communication round: 97, Eavesdropper Accuracy: 0.9 55 0
Communication round: 98, Eavesdropper Accuracy: 0.9136363636363637 55 0
Communication round: 99, Eavesdropper Accuracy: 0.9159090909090909 55 0
----------------------------------------------------------------------------------------------------
----------------------------------------------------------------------------------------------------
20_30_100_1_2_0.2_True_
----------------------------------------------------------------------------------------------------
Communication round: 0, Aggregated Accuracies: 0.2048809523809524 1
Communication round: 0, Eavesdropper Accuracy: 0.20909090909090908 1 1
Communication round: 1, Eavesdropper Accuracy: 0.22727272727272727 2 1
Communication round: 2, Eavesdropper Accuracy: 0.22045454545454546 3 1
Communication round: 3, Aggregated Accuracies: 0.2652380952380953 4
Communication round: 3, Eavesdropper Accuracy: 0.29545454545454547 4 1
Communication round: 4, Aggregated Accuracies: 0.353095238095238 5
Communication round: 4, Eavesdropper Accuracy: 0.39545454545454545 5 1
Communication round: 5, Eavesdropper Accuracy: 0.41363636363636364 6 1
Communication round: 6, Eavesdropper Accuracy: 0.425 7 1
Communication round: 7, Aggregated Accuracies: 0.4574999999999999 8
Communication round: 7, Eavesdropper Accuracy: 0.47954545454545455 8 1
Communication round: 8, Aggregated Accuracies: 0.5544047619047618 9
Communication round: 8, Eavesdropper Accuracy: 0.5840909090909091 9 1
Communication round: 9, Aggregated Accuracies: 0.597857142857143 10
Communication round: 9, Eavesdropper Accuracy: 0.6522727272727272 10 1
Communication round: 10, Aggregated Accuracies: 0.6608333333333334 11
Communication round: 10, Eavesdropper Accuracy: 0.7681818181818182 11 1
Communication round: 11, Aggregated Accuracies: 0.7183333333333334 12
Communication round: 11, Eavesdropper Accuracy: 0.7568181818181818 12 1
Communication round: 12, Aggregated Accuracies: 0.7552380952380953 13
Communication round: 12, Eavesdropper Accuracy: 0.7772727272727272 13 1
Communication round: 13, Aggregated Accuracies: 0.7782142857142857 14
Communication round: 13, Eavesdropper Accuracy: 0.7931818181818182 14 1
Communication round: 14, Aggregated Accuracies: 0.8083333333333333 15
Communication round: 14, Eavesdropper Accuracy: 0.8090909090909091 15 1
Communication round: 15, Aggregated Accuracies: 0.8292857142857143 16
Communication round: 15, Eavesdropper Accuracy: 0.8522727272727273 16 1
Communication round: 16, Aggregated Accuracies: 0.8458333333333335 17
Communication round: 16, Eavesdropper Accuracy: 0.8704545454545455 17 1
Communication round: 17, Aggregated Accuracies: 0.853095238095238 18
Communication round: 17, Eavesdropper Accuracy: 0.8568181818181818 18 1
Communication round: 18, Aggregated Accuracies: 0.8638095238095239 19
Communication round: 18, Eavesdropper Accuracy: 0.8909090909090909 19 1
Communication round: 19, Aggregated Accuracies: 0.8701190476190476 20
Communication round: 19, Eavesdropper Accuracy: 0.9136363636363637 20 1
Communication round: 20, Aggregated Accuracies: 0.8778571428571429 21
Communication round: 20, Eavesdropper Accuracy: 0.865909090909091 21 1
Communication round: 21, Aggregated Accuracies: 0.8898809523809523 22
Communication round: 21, Eavesdropper Accuracy: 0.8977272727272727 22 1
Communication round: 22, Aggregated Accuracies: 0.8932142857142858 23
Communication round: 22, Eavesdropper Accuracy: 0.9045454545454545 23 1
Communication round: 23, Aggregated Accuracies: 0.8998809523809526 24
Communication round: 23, Eavesdropper Accuracy: 0.925 24 1
Communication round: 24, Aggregated Accuracies: 0.9029761904761905 25
Communication round: 24, Eavesdropper Accuracy: 0.9181818181818182 25 1
Communication round: 25, Aggregated Accuracies: 0.906309523809524 26
Communication round: 25, Eavesdropper Accuracy: 0.9227272727272727 26 1
Communication round: 26, Aggregated Accuracies: 0.908452380952381 27
Communication round: 26, Eavesdropper Accuracy: 0.9363636363636364 27 1
Communication round: 27, Aggregated Accuracies: 0.9134523809523809 28
Communication round: 27, Eavesdropper Accuracy: 0.9363636363636364 28 1
Communication round: 28, Aggregated Accuracies: 0.9144047619047617 29
Communication round: 28, Eavesdropper Accuracy: 0.9409090909090909 29 1
Communication round: 29, Aggregated Accuracies: 0.9171428571428569 30
Communication round: 29, Eavesdropper Accuracy: 0.9159090909090909 30 1
Communication round: 30, Aggregated Accuracies: 0.9184523809523808 31
Communication round: 30, Eavesdropper Accuracy: 0.9295454545454546 31 1
Communication round: 31, Aggregated Accuracies: 0.9191666666666668 32
Communication round: 31, Eavesdropper Accuracy: 0.925 32 1
Communication round: 32, Aggregated Accuracies: 0.9203571428571428 33
Communication round: 32, Eavesdropper Accuracy: 0.9522727272727273 33 1
Communication round: 33, Aggregated Accuracies: 0.9255952380952378 34
Communication round: 33, Eavesdropper Accuracy: 0.9409090909090909 34 1
Communication round: 34, Eavesdropper Accuracy: 0.9340909090909091 34 0
Communication round: 35, Eavesdropper Accuracy: 0.9409090909090909 34 0
Communication round: 36, Eavesdropper Accuracy: 0.925 34 0
Communication round: 37, Eavesdropper Accuracy: 0.925 34 0
Communication round: 38, Eavesdropper Accuracy: 0.9386363636363636 34 0
Communication round: 39, Eavesdropper Accuracy: 0.9386363636363636 34 0
Communication round: 40, Eavesdropper Accuracy: 0.9227272727272727 34 0
Communication round: 41, Eavesdropper Accuracy: 0.9477272727272728 34 0
Communication round: 42, Eavesdropper Accuracy: 0.9409090909090909 34 0
Communication round: 43, Eavesdropper Accuracy: 0.9136363636363637 34 0
Communication round: 44, Eavesdropper Accuracy: 0.9272727272727272 34 0
Communication round: 45, Eavesdropper Accuracy: 0.9340909090909091 34 0
Communication round: 46, Eavesdropper Accuracy: 0.9295454545454546 34 0
Communication round: 47, Eavesdropper Accuracy: 0.9340909090909091 34 0
Communication round: 48, Eavesdropper Accuracy: 0.9340909090909091 34 0
Communication round: 49, Eavesdropper Accuracy: 0.9136363636363637 34 0
Communication round: 50, Eavesdropper Accuracy: 0.9477272727272728 34 0
Communication round: 51, Eavesdropper Accuracy: 0.9386363636363636 34 0
Communication round: 52, Eavesdropper Accuracy: 0.9386363636363636 34 0
Communication round: 53, Eavesdropper Accuracy: 0.9295454545454546 34 0
Communication round: 54, Eavesdropper Accuracy: 0.9454545454545454 34 0
Communication round: 55, Eavesdropper Accuracy: 0.9272727272727272 34 0
Communication round: 56, Eavesdropper Accuracy: 0.9409090909090909 34 0
Communication round: 57, Eavesdropper Accuracy: 0.925 34 0
Communication round: 58, Eavesdropper Accuracy: 0.9227272727272727 34 0
Communication round: 59, Eavesdropper Accuracy: 0.9363636363636364 34 0
Communication round: 60, Eavesdropper Accuracy: 0.9431818181818182 34 0
Communication round: 61, Eavesdropper Accuracy: 0.9386363636363636 34 0
Communication round: 62, Eavesdropper Accuracy: 0.9363636363636364 34 0
Communication round: 63, Eavesdropper Accuracy: 0.9113636363636364 34 0
Communication round: 64, Eavesdropper Accuracy: 0.9340909090909091 34 0
Communication round: 65, Eavesdropper Accuracy: 0.9409090909090909 34 0
Communication round: 66, Eavesdropper Accuracy: 0.9340909090909091 34 0
Communication round: 67, Smart Eavesdropper Accuracy: 0.9318181818181818 34 0
Communication round: 68, Smart Eavesdropper Accuracy: 0.9522727272727273 34 0
Communication round: 69, Smart Eavesdropper Accuracy: 0.9727272727272728 34 0
Communication round: 70, Smart Eavesdropper Accuracy: 0.9409090909090909 34 0
Communication round: 71, Smart Eavesdropper Accuracy: 0.95 34 0
Communication round: 72, Smart Eavesdropper Accuracy: 0.9568181818181818 34 0
Communication round: 73, Smart Eavesdropper Accuracy: 0.9545454545454546 34 0
Communication round: 74, Smart Eavesdropper Accuracy: 0.9590909090909091 34 0
Communication round: 75, Smart Eavesdropper Accuracy: 0.9659090909090909 34 0
Communication round: 76, Smart Eavesdropper Accuracy: 0.9681818181818181 34 0
Communication round: 77, Smart Eavesdropper Accuracy: 0.9522727272727273 34 0
Communication round: 78, Smart Eavesdropper Accuracy: 0.9545454545454546 34 0
Communication round: 79, Smart Eavesdropper Accuracy: 0.975 34 0
Communication round: 80, Smart Eavesdropper Accuracy: 0.9659090909090909 34 0
Communication round: 81, Smart Eavesdropper Accuracy: 0.9568181818181818 34 0
Communication round: 82, Smart Eavesdropper Accuracy: 0.9681818181818181 34 0
Communication round: 83, Smart Eavesdropper Accuracy: 0.9727272727272728 34 0
Communication round: 84, Smart Eavesdropper Accuracy: 0.9772727272727273 34 0
Communication round: 85, Smart Eavesdropper Accuracy: 0.975 34 0
Communication round: 86, Smart Eavesdropper Accuracy: 0.9613636363636363 34 0
Communication round: 87, Smart Eavesdropper Accuracy: 0.9840909090909091 34 0
Communication round: 88, Smart Eavesdropper Accuracy: 0.9681818181818181 34 0
Communication round: 89, Smart Eavesdropper Accuracy: 0.9681818181818181 34 0
Communication round: 90, Smart Eavesdropper Accuracy: 0.9818181818181818 34 0
Communication round: 91, Smart Eavesdropper Accuracy: 0.9818181818181818 34 0
Communication round: 92, Smart Eavesdropper Accuracy: 0.9704545454545455 34 0
Communication round: 93, Smart Eavesdropper Accuracy: 0.9636363636363636 34 0
Communication round: 94, Smart Eavesdropper Accuracy: 0.9659090909090909 34 0
Communication round: 95, Smart Eavesdropper Accuracy: 0.9681818181818181 34 0
Communication round: 96, Smart Eavesdropper Accuracy: 0.9704545454545455 34 0
Communication round: 97, Smart Eavesdropper Accuracy: 0.9727272727272728 34 0
Communication round: 98, Smart Eavesdropper Accuracy: 0.975 34 0
Communication round: 99, Smart Eavesdropper Accuracy: 0.975 34 0
----------------------------------------------------------------------------------------------------
----------------------------------------------------------------------------------------------------
20_30_100_1_2_0.2_True_
----------------------------------------------------------------------------------------------------
Communication round: 0, Aggregated Accuracies: 0.12452380952380952 1
Communication round: 0, Eavesdropper Accuracy: 0.04090909090909091 1 1
Communication round: 1, Eavesdropper Accuracy: 0.045454545454545456 2 1
Communication round: 2, Eavesdropper Accuracy: 0.07272727272727272 3 1
Communication round: 3, Eavesdropper Accuracy: 0.0659090909090909 4 1
Communication round: 4, Aggregated Accuracies: 0.18869047619047624 5
Communication round: 4, Eavesdropper Accuracy: 0.18181818181818182 5 1
Communication round: 5, Aggregated Accuracies: 0.29428571428571426 6
Communication round: 5, Eavesdropper Accuracy: 0.3090909090909091 6 1
Communication round: 6, Eavesdropper Accuracy: 0.3159090909090909 7 1
Communication round: 7, Aggregated Accuracies: 0.4057142857142856 8
Communication round: 7, Eavesdropper Accuracy: 0.4 8 1
Communication round: 8, Aggregated Accuracies: 0.49035714285714294 9
Communication round: 8, Eavesdropper Accuracy: 0.5431818181818182 9 1
Communication round: 9, Aggregated Accuracies: 0.5713095238095237 10
Communication round: 9, Eavesdropper Accuracy: 0.615909090909091 10 1
Communication round: 10, Aggregated Accuracies: 0.6180952380952383 11
Communication round: 10, Eavesdropper Accuracy: 0.6727272727272727 11 1
Communication round: 11, Aggregated Accuracies: 0.6696428571428571 12
Communication round: 11, Eavesdropper Accuracy: 0.6909090909090909 12 1
Communication round: 12, Eavesdropper Accuracy: 0.6977272727272728 13 1
Communication round: 13, Eavesdropper Accuracy: 0.7272727272727273 14 1
Communication round: 14, Aggregated Accuracies: 0.7114285714285713 15
Communication round: 14, Eavesdropper Accuracy: 0.7454545454545455 15 1
Communication round: 15, Aggregated Accuracies: 0.746309523809524 16
Communication round: 15, Eavesdropper Accuracy: 0.775 16 1
Communication round: 16, Aggregated Accuracies: 0.7773809523809525 17
Communication round: 16, Eavesdropper Accuracy: 0.7840909090909091 17 1
Communication round: 17, Aggregated Accuracies: 0.8185714285714288 18
Communication round: 17, Eavesdropper Accuracy: 0.85 18 1
Communication round: 18, Aggregated Accuracies: 0.8301190476190478 19
Communication round: 18, Eavesdropper Accuracy: 0.8363636363636363 19 1
Communication round: 19, Aggregated Accuracies: 0.8460714285714286 20
Communication round: 19, Eavesdropper Accuracy: 0.8704545454545455 20 1
Communication round: 20, Aggregated Accuracies: 0.8576190476190477 21
Communication round: 20, Eavesdropper Accuracy: 0.884090909090909 21 1
Communication round: 21, Aggregated Accuracies: 0.8704761904761902 22
Communication round: 21, Eavesdropper Accuracy: 0.8954545454545455 22 1
Communication round: 22, Aggregated Accuracies: 0.8785714285714287 23
Communication round: 22, Eavesdropper Accuracy: 0.8795454545454545 23 1
Communication round: 23, Aggregated Accuracies: 0.8844047619047618 24
Communication round: 23, Eavesdropper Accuracy: 0.9159090909090909 24 1
Communication round: 24, Aggregated Accuracies: 0.8913095238095238 25
Communication round: 24, Eavesdropper Accuracy: 0.9272727272727272 25 1
Communication round: 25, Aggregated Accuracies: 0.900952380952381 26
Communication round: 25, Eavesdropper Accuracy: 0.925 26 1
Communication round: 26, Aggregated Accuracies: 0.9039285714285713 27
Communication round: 26, Eavesdropper Accuracy: 0.9090909090909091 27 1
Communication round: 27, Aggregated Accuracies: 0.9038095238095238 28
Communication round: 27, Eavesdropper Accuracy: 0.925 28 1
Communication round: 28, Aggregated Accuracies: 0.9126190476190477 29
Communication round: 28, Eavesdropper Accuracy: 0.9045454545454545 29 1
Communication round: 29, Aggregated Accuracies: 0.9142857142857143 30
Communication round: 29, Eavesdropper Accuracy: 0.9340909090909091 30 1
Communication round: 30, Aggregated Accuracies: 0.9163095238095236 31
Communication round: 30, Eavesdropper Accuracy: 0.9090909090909091 31 1
Communication round: 31, Eavesdropper Accuracy: 0.9363636363636364 32 1
Communication round: 32, Eavesdropper Accuracy: 0.9272727272727272 33 1
Communication round: 33, Aggregated Accuracies: 0.9192857142857143 34
Communication round: 33, Eavesdropper Accuracy: 0.9227272727272727 34 1
Communication round: 34, Aggregated Accuracies: 0.9172619047619046 35
Communication round: 34, Eavesdropper Accuracy: 0.9340909090909091 35 1
Communication round: 35, Aggregated Accuracies: 0.9210714285714288 36
Communication round: 35, Eavesdropper Accuracy: 0.9363636363636364 36 1
Communication round: 36, Aggregated Accuracies: 0.9260714285714284 37
Communication round: 36, Eavesdropper Accuracy: 0.9363636363636364 37 1
Communication round: 37, Aggregated Accuracies: 0.9276190476190473 38
Communication round: 37, Eavesdropper Accuracy: 0.9454545454545454 38 1
Communication round: 38, Eavesdropper Accuracy: 0.9386363636363636 38 0
Communication round: 39, Eavesdropper Accuracy: 0.9181818181818182 38 0
Communication round: 40, Eavesdropper Accuracy: 0.9318181818181818 38 0
Communication round: 41, Eavesdropper Accuracy: 0.9295454545454546 38 0
Communication round: 42, Eavesdropper Accuracy: 0.9204545454545454 38 0
Communication round: 43, Eavesdropper Accuracy: 0.9295454545454546 38 0
Communication round: 44, Eavesdropper Accuracy: 0.9340909090909091 38 0
Communication round: 45, Eavesdropper Accuracy: 0.9431818181818182 38 0
Communication round: 46, Eavesdropper Accuracy: 0.9340909090909091 38 0
Communication round: 47, Eavesdropper Accuracy: 0.9295454545454546 38 0
Communication round: 48, Eavesdropper Accuracy: 0.9227272727272727 38 0
Communication round: 49, Eavesdropper Accuracy: 0.9272727272727272 38 0
Communication round: 50, Eavesdropper Accuracy: 0.95 38 0
Communication round: 51, Eavesdropper Accuracy: 0.9431818181818182 38 0
Communication round: 52, Eavesdropper Accuracy: 0.9386363636363636 38 0
Communication round: 53, Eavesdropper Accuracy: 0.9522727272727273 38 0
Communication round: 54, Eavesdropper Accuracy: 0.9454545454545454 38 0
Communication round: 55, Eavesdropper Accuracy: 0.9613636363636363 38 0
Communication round: 56, Eavesdropper Accuracy: 0.9340909090909091 38 0
Communication round: 57, Eavesdropper Accuracy: 0.9295454545454546 38 0
Communication round: 58, Eavesdropper Accuracy: 0.9545454545454546 38 0
Communication round: 59, Eavesdropper Accuracy: 0.9227272727272727 38 0
Communication round: 60, Eavesdropper Accuracy: 0.9409090909090909 38 0
Communication round: 61, Eavesdropper Accuracy: 0.9181818181818182 38 0
Communication round: 62, Eavesdropper Accuracy: 0.9272727272727272 38 0
Communication round: 63, Eavesdropper Accuracy: 0.9340909090909091 38 0
Communication round: 64, Eavesdropper Accuracy: 0.9295454545454546 38 0
Communication round: 65, Eavesdropper Accuracy: 0.9386363636363636 38 0
Communication round: 66, Eavesdropper Accuracy: 0.9409090909090909 38 0
Communication round: 67, Eavesdropper Accuracy: 0.9409090909090909 38 0
Communication round: 68, Eavesdropper Accuracy: 0.9409090909090909 38 0
Communication round: 69, Eavesdropper Accuracy: 0.9318181818181818 38 0
Communication round: 70, Eavesdropper Accuracy: 0.9181818181818182 38 0
Communication round: 71, Eavesdropper Accuracy: 0.9181818181818182 38 0
Communication round: 72, Eavesdropper Accuracy: 0.9454545454545454 38 0
Communication round: 73, Eavesdropper Accuracy: 0.9431818181818182 38 0
Communication round: 74, Eavesdropper Accuracy: 0.9568181818181818 38 0
Communication round: 75, Smart Eavesdropper Accuracy: 0.9340909090909091 38 0
Communication round: 76, Smart Eavesdropper Accuracy: 0.9704545454545455 38 0
Communication round: 77, Smart Eavesdropper Accuracy: 0.9522727272727273 38 0
Communication round: 78, Smart Eavesdropper Accuracy: 0.9545454545454546 38 0
Communication round: 79, Smart Eavesdropper Accuracy: 0.9431818181818182 38 0
Communication round: 80, Smart Eavesdropper Accuracy: 0.9681818181818181 38 0
Communication round: 81, Smart Eavesdropper Accuracy: 0.9659090909090909 38 0
Communication round: 82, Smart Eavesdropper Accuracy: 0.9886363636363636 38 0
Communication round: 83, Smart Eavesdropper Accuracy: 0.9772727272727273 38 0
Communication round: 84, Smart Eavesdropper Accuracy: 0.975 38 0
Communication round: 85, Smart Eavesdropper Accuracy: 0.9659090909090909 38 0
Communication round: 86, Smart Eavesdropper Accuracy: 0.975 38 0
Communication round: 87, Smart Eavesdropper Accuracy: 0.9795454545454545 38 0
Communication round: 88, Smart Eavesdropper Accuracy: 0.9840909090909091 38 0
Communication round: 89, Smart Eavesdropper Accuracy: 0.9727272727272728 38 0
Communication round: 90, Smart Eavesdropper Accuracy: 0.9704545454545455 38 0
Communication round: 91, Smart Eavesdropper Accuracy: 0.975 38 0
Communication round: 92, Smart Eavesdropper Accuracy: 0.9681818181818181 38 0
Communication round: 93, Smart Eavesdropper Accuracy: 0.9636363636363636 38 0
Communication round: 94, Smart Eavesdropper Accuracy: 0.9840909090909091 38 0
Communication round: 95, Smart Eavesdropper Accuracy: 0.9795454545454545 38 0
Communication round: 96, Smart Eavesdropper Accuracy: 0.9681818181818181 38 0
Communication round: 97, Smart Eavesdropper Accuracy: 0.9795454545454545 38 0
Communication round: 98, Smart Eavesdropper Accuracy: 0.975 38 0
Communication round: 99, Smart Eavesdropper Accuracy: 0.975 38 0
----------------------------------------------------------------------------------------------------
----------------------------------------------------------------------------------------------------
20_30_100_1_2_0.2_True_
----------------------------------------------------------------------------------------------------
Communication round: 0, Eavesdropper Accuracy: 0.09090909090909091 1 1
Communication round: 1, Eavesdropper Accuracy: 0.10681818181818181 2 1
Communication round: 2, Aggregated Accuracies: 0.14154761904761906 3
Communication round: 2, Eavesdropper Accuracy: 0.12272727272727273 3 1
Communication round: 3, Eavesdropper Accuracy: 0.125 4 1
Communication round: 4, Eavesdropper Accuracy: 0.125 5 1
Communication round: 5, Aggregated Accuracies: 0.21357142857142858 6
Communication round: 5, Eavesdropper Accuracy: 0.20227272727272727 6 1
Communication round: 6, Eavesdropper Accuracy: 0.17727272727272728 7 1
Communication round: 7, Aggregated Accuracies: 0.29845238095238097 8
Communication round: 7, Eavesdropper Accuracy: 0.33636363636363636 8 1
Communication round: 8, Eavesdropper Accuracy: 0.3159090909090909 9 1
Communication round: 9, Eavesdropper Accuracy: 0.3090909090909091 10 1
Communication round: 10, Aggregated Accuracies: 0.3963095238095237 11
Communication round: 10, Eavesdropper Accuracy: 0.4727272727272727 11 1
Communication round: 11, Eavesdropper Accuracy: 0.45 12 1
Communication round: 12, Eavesdropper Accuracy: 0.43863636363636366 13 1
Communication round: 13, Aggregated Accuracies: 0.4819047619047619 14
Communication round: 13, Eavesdropper Accuracy: 0.5136363636363637 14 1
Communication round: 14, Eavesdropper Accuracy: 0.5 15 1
Communication round: 15, Aggregated Accuracies: 0.5295238095238095 16
Communication round: 15, Eavesdropper Accuracy: 0.5704545454545454 16 1
Communication round: 16, Eavesdropper Accuracy: 0.5954545454545455 17 1
Communication round: 17, Eavesdropper Accuracy: 0.575 18 1
Communication round: 18, Eavesdropper Accuracy: 0.5431818181818182 19 1
Communication round: 19, Eavesdropper Accuracy: 0.5931818181818181 20 1
Communication round: 20, Eavesdropper Accuracy: 0.6 21 1
Communication round: 21, Eavesdropper Accuracy: 0.5681818181818182 22 1
Communication round: 22, Aggregated Accuracies: 0.5829761904761905 23
Communication round: 22, Eavesdropper Accuracy: 0.5954545454545455 23 1
Communication round: 23, Eavesdropper Accuracy: 0.6136363636363636 24 1
Communication round: 24, Eavesdropper Accuracy: 0.6204545454545455 25 1
Communication round: 25, Aggregated Accuracies: 0.6314285714285715 26
Communication round: 25, Eavesdropper Accuracy: 0.6909090909090909 26 1
Communication round: 26, Aggregated Accuracies: 0.6736904761904763 27
Communication round: 26, Eavesdropper Accuracy: 0.6818181818181818 27 1
Communication round: 27, Eavesdropper Accuracy: 0.6886363636363636 28 1
Communication round: 28, Eavesdropper Accuracy: 0.6568181818181819 29 1
Communication round: 29, Eavesdropper Accuracy: 0.7045454545454546 30 1
Communication round: 30, Eavesdropper Accuracy: 0.7090909090909091 31 1
Communication round: 31, Aggregated Accuracies: 0.7021428571428572 32
Communication round: 31, Eavesdropper Accuracy: 0.7318181818181818 32 1
Communication round: 32, Eavesdropper Accuracy: 0.7340909090909091 33 1
Communication round: 33, Aggregated Accuracies: 0.7371428571428572 34
Communication round: 33, Eavesdropper Accuracy: 0.7522727272727273 34 1
Communication round: 34, Eavesdropper Accuracy: 0.7363636363636363 35 1
Communication round: 35, Eavesdropper Accuracy: 0.7363636363636363 36 1
Communication round: 36, Eavesdropper Accuracy: 0.7636363636363637 37 1
Communication round: 37, Eavesdropper Accuracy: 0.7704545454545455 38 1
Communication round: 38, Aggregated Accuracies: 0.7542857142857142 39
Communication round: 38, Eavesdropper Accuracy: 0.7977272727272727 39 1
Communication round: 39, Aggregated Accuracies: 0.7791666666666667 40
Communication round: 39, Eavesdropper Accuracy: 0.7863636363636364 40 1
Communication round: 40, Eavesdropper Accuracy: 0.7954545454545454 41 1
Communication round: 41, Aggregated Accuracies: 0.7852380952380952 42
Communication round: 41, Eavesdropper Accuracy: 0.7863636363636364 42 1
Communication round: 42, Eavesdropper Accuracy: 0.8090909090909091 43 1
Communication round: 43, Eavesdropper Accuracy: 0.7909090909090909 44 1
Communication round: 44, Eavesdropper Accuracy: 0.7977272727272727 45 1
Communication round: 45, Aggregated Accuracies: 0.808452380952381 46
Communication round: 45, Eavesdropper Accuracy: 0.8318181818181818 46 1
Communication round: 46, Eavesdropper Accuracy: 0.8204545454545454 47 1
Communication round: 47, Aggregated Accuracies: 0.8200000000000001 48
Communication round: 47, Eavesdropper Accuracy: 0.875 48 1
Communication round: 48, Aggregated Accuracies: 0.8266666666666668 49
Communication round: 48, Eavesdropper Accuracy: 0.825 49 1
Communication round: 49, Eavesdropper Accuracy: 0.8386363636363636 50 1
Communication round: 50, Aggregated Accuracies: 0.8302380952380952 51
Communication round: 50, Eavesdropper Accuracy: 0.8568181818181818 51 1
Communication round: 51, Aggregated Accuracies: 0.8427380952380952 52
Communication round: 51, Eavesdropper Accuracy: 0.875 52 1
Communication round: 52, Eavesdropper Accuracy: 0.8590909090909091 53 1
Communication round: 53, Eavesdropper Accuracy: 0.8704545454545455 54 1
Communication round: 54, Aggregated Accuracies: 0.8501190476190474 55
Communication round: 54, Eavesdropper Accuracy: 0.8681818181818182 55 1
Communication round: 55, Aggregated Accuracies: 0.8534523809523809 56
Communication round: 55, Eavesdropper Accuracy: 0.8409090909090909 56 1
Communication round: 56, Eavesdropper Accuracy: 0.8818181818181818 57 1
Communication round: 57, Aggregated Accuracies: 0.8623809523809524 58
Communication round: 57, Eavesdropper Accuracy: 0.875 58 1
Communication round: 58, Aggregated Accuracies: 0.8714285714285713 59
Communication round: 58, Eavesdropper Accuracy: 0.8931818181818182 59 1
Communication round: 59, Aggregated Accuracies: 0.8730952380952383 60
Communication round: 59, Eavesdropper Accuracy: 0.8977272727272727 60 1
Communication round: 60, Aggregated Accuracies: 0.8867857142857144 61
Communication round: 60, Eavesdropper Accuracy: 0.9022727272727272 61 1
Communication round: 61, Aggregated Accuracies: 0.8941666666666667 62
Communication round: 61, Eavesdropper Accuracy: 0.9295454545454546 62 1
Communication round: 62, Aggregated Accuracies: 0.8969047619047619 63
Communication round: 62, Eavesdropper Accuracy: 0.9090909090909091 63 1
Communication round: 63, Aggregated Accuracies: 0.9010714285714287 64
Communication round: 63, Eavesdropper Accuracy: 0.9045454545454545 64 1
Communication round: 64, Aggregated Accuracies: 0.9059523809523811 65
Communication round: 64, Eavesdropper Accuracy: 0.9068181818181819 65 1
Communication round: 65, Aggregated Accuracies: 0.9094047619047618 66
Communication round: 65, Eavesdropper Accuracy: 0.9181818181818182 66 1
Communication round: 66, Eavesdropper Accuracy: 0.9159090909090909 66 0
Communication round: 67, Eavesdropper Accuracy: 0.9204545454545454 66 0
Communication round: 68, Eavesdropper Accuracy: 0.9204545454545454 66 0
Communication round: 69, Eavesdropper Accuracy: 0.9204545454545454 66 0
Communication round: 70, Eavesdropper Accuracy: 0.925 66 0
Communication round: 71, Eavesdropper Accuracy: 0.9227272727272727 66 0
Communication round: 72, Eavesdropper Accuracy: 0.9204545454545454 66 0
Communication round: 73, Eavesdropper Accuracy: 0.9159090909090909 66 0
Communication round: 74, Eavesdropper Accuracy: 0.9272727272727272 66 0
Communication round: 75, Eavesdropper Accuracy: 0.9409090909090909 66 0
Communication round: 76, Eavesdropper Accuracy: 0.9181818181818182 66 0
Communication round: 77, Eavesdropper Accuracy: 0.9363636363636364 66 0
Communication round: 78, Eavesdropper Accuracy: 0.9340909090909091 66 0
Communication round: 79, Eavesdropper Accuracy: 0.9159090909090909 66 0
Communication round: 80, Eavesdropper Accuracy: 0.925 66 0
Communication round: 81, Eavesdropper Accuracy: 0.9272727272727272 66 0
Communication round: 82, Eavesdropper Accuracy: 0.9136363636363637 66 0
Communication round: 83, Eavesdropper Accuracy: 0.9295454545454546 66 0
Communication round: 84, Eavesdropper Accuracy: 0.8977272727272727 66 0
Communication round: 85, Eavesdropper Accuracy: 0.9295454545454546 66 0
Communication round: 86, Eavesdropper Accuracy: 0.9136363636363637 66 0
Communication round: 87, Eavesdropper Accuracy: 0.9386363636363636 66 0
Communication round: 88, Eavesdropper Accuracy: 0.9227272727272727 66 0
Communication round: 89, Eavesdropper Accuracy: 0.9227272727272727 66 0
Communication round: 90, Eavesdropper Accuracy: 0.9136363636363637 66 0
Communication round: 91, Eavesdropper Accuracy: 0.9386363636363636 66 0
Communication round: 92, Eavesdropper Accuracy: 0.9295454545454546 66 0
Communication round: 93, Eavesdropper Accuracy: 0.9227272727272727 66 0
Communication round: 94, Eavesdropper Accuracy: 0.9227272727272727 66 0
Communication round: 95, Eavesdropper Accuracy: 0.9181818181818182 66 0
Communication round: 96, Eavesdropper Accuracy: 0.9272727272727272 66 0
Communication round: 97, Eavesdropper Accuracy: 0.925 66 0
Communication round: 98, Eavesdropper Accuracy: 0.9181818181818182 66 0
Communication round: 99, Eavesdropper Accuracy: 0.9409090909090909 66 0
----------------------------------------------------------------------------------------------------
