----------------------------------------------------------------------------------------------------
P0_True_
----------------------------------------------------------------------------------------------------
Communication round: 0, Eavesdropper Accuracy: 0.08181818181818182 1 1
Communication round: 1, Eavesdropper Accuracy: 0.08863636363636364 2 1
Communication round: 2, Eavesdropper Accuracy: 0.08863636363636364 3 1
Communication round: 3, Eavesdropper Accuracy: 0.08636363636363636 4 1
Communication round: 4, Eavesdropper Accuracy: 0.09090909090909091 5 1
Communication round: 5, Aggregated Accuracies: 0.13404761904761905 6
Communication round: 5, Eavesdropper Accuracy: 0.1340909090909091 6 1
Communication round: 6, Aggregated Accuracies: 0.18226190476190487 7
Communication round: 6, Eavesdropper Accuracy: 0.18181818181818182 7 1
Communication round: 7, Aggregated Accuracies: 0.21380952380952384 8
Communication round: 7, Eavesdropper Accuracy: 0.16136363636363638 8 1
Communication round: 8, Aggregated Accuracies: 0.255 9
Communication round: 8, Eavesdropper Accuracy: 0.2340909090909091 9 1
Communication round: 9, Aggregated Accuracies: 0.2939285714285715 10
Communication round: 9, Eavesdropper Accuracy: 0.2840909090909091 10 1
Communication round: 10, Aggregated Accuracies: 0.3238095238095239 11
Communication round: 10, Eavesdropper Accuracy: 0.3 11 1
Communication round: 11, Eavesdropper Accuracy: 0.3090909090909091 12 1
Communication round: 12, Aggregated Accuracies: 0.3482142857142859 13
Communication round: 12, Eavesdropper Accuracy: 0.35 13 1
Communication round: 13, Aggregated Accuracies: 0.3652380952380955 14
Communication round: 13, Eavesdropper Accuracy: 0.3431818181818182 14 1
Communication round: 14, Aggregated Accuracies: 0.3890476190476192 15
Communication round: 14, Eavesdropper Accuracy: 0.38181818181818183 15 1
Communication round: 15, Aggregated Accuracies: 0.40238095238095256 16
Communication round: 15, Eavesdropper Accuracy: 0.4 16 1
Communication round: 16, Aggregated Accuracies: 0.425952380952381 17
Communication round: 16, Eavesdropper Accuracy: 0.42954545454545456 17 1
Communication round: 17, Aggregated Accuracies: 0.441904761904762 18
Communication round: 17, Eavesdropper Accuracy: 0.47045454545454546 18 1
Communication round: 18, Aggregated Accuracies: 0.4564285714285714 19
Communication round: 18, Eavesdropper Accuracy: 0.4636363636363636 19 1
Communication round: 19, Aggregated Accuracies: 0.4638095238095238 20
Communication round: 19, Eavesdropper Accuracy: 0.4863636363636364 20 1
Communication round: 20, Aggregated Accuracies: 0.48011904761904745 21
Communication round: 20, Eavesdropper Accuracy: 0.475 21 1
Communication round: 21, Aggregated Accuracies: 0.5105952380952381 22
Communication round: 21, Eavesdropper Accuracy: 0.5181818181818182 22 1
Communication round: 22, Aggregated Accuracies: 0.5352380952380952 23
Communication round: 22, Eavesdropper Accuracy: 0.575 23 1
Communication round: 23, Aggregated Accuracies: 0.5561904761904763 24
Communication round: 23, Eavesdropper Accuracy: 0.5931818181818181 24 1
Communication round: 24, Aggregated Accuracies: 0.5853571428571429 25
Communication round: 24, Eavesdropper Accuracy: 0.5886363636363636 25 1
Communication round: 25, Aggregated Accuracies: 0.6052380952380952 26
Communication round: 25, Eavesdropper Accuracy: 0.6068181818181818 26 1
Communication round: 26, Aggregated Accuracies: 0.6155952380952382 27
Communication round: 26, Eavesdropper Accuracy: 0.5681818181818182 27 1
Communication round: 27, Eavesdropper Accuracy: 0.625 28 1
Communication round: 28, Aggregated Accuracies: 0.6313095238095238 29
Communication round: 28, Eavesdropper Accuracy: 0.625 29 1
Communication round: 29, Aggregated Accuracies: 0.6473809523809526 30
Communication round: 29, Eavesdropper Accuracy: 0.6909090909090909 30 1
Communication round: 30, Aggregated Accuracies: 0.6667857142857142 31
Communication round: 30, Eavesdropper Accuracy: 0.6636363636363637 31 1
Communication round: 31, Aggregated Accuracies: 0.6708333333333332 32
Communication round: 31, Eavesdropper Accuracy: 0.6522727272727272 32 1
Communication round: 32, Eavesdropper Accuracy: 0.6886363636363636 33 1
Communication round: 33, Eavesdropper Accuracy: 0.6636363636363637 34 1
Communication round: 34, Eavesdropper Accuracy: 0.7159090909090909 35 1
Communication round: 35, Eavesdropper Accuracy: 0.6727272727272727 36 1
Communication round: 36, Eavesdropper Accuracy: 0.6772727272727272 37 1
Communication round: 37, Eavesdropper Accuracy: 0.6818181818181818 38 1
Communication round: 38, Eavesdropper Accuracy: 0.6727272727272727 39 1
Communication round: 39, Eavesdropper Accuracy: 0.6431818181818182 40 1
Communication round: 40, Aggregated Accuracies: 0.6804761904761905 41
Communication round: 40, Eavesdropper Accuracy: 0.7090909090909091 41 1
Communication round: 41, Aggregated Accuracies: 0.6891666666666666 42
Communication round: 41, Eavesdropper Accuracy: 0.6863636363636364 42 1
Communication round: 42, Aggregated Accuracies: 0.6998809523809524 43
Communication round: 42, Eavesdropper Accuracy: 0.7 43 1
Communication round: 43, Eavesdropper Accuracy: 0.7386363636363636 44 1
Communication round: 44, Aggregated Accuracies: 0.7071428571428571 45
Communication round: 44, Eavesdropper Accuracy: 0.7477272727272727 45 1
Communication round: 45, Aggregated Accuracies: 0.7188095238095239 46
Communication round: 45, Eavesdropper Accuracy: 0.7545454545454545 46 1
Communication round: 46, Aggregated Accuracies: 0.7272619047619047 47
Communication round: 46, Eavesdropper Accuracy: 0.759090909090909 47 1
Communication round: 47, Aggregated Accuracies: 0.733095238095238 48
Communication round: 47, Eavesdropper Accuracy: 0.7340909090909091 48 1
Communication round: 48, Aggregated Accuracies: 0.7427380952380952 49
Communication round: 48, Eavesdropper Accuracy: 0.7704545454545455 49 1
Communication round: 49, Aggregated Accuracies: 0.7485714285714286 50
Communication round: 49, Eavesdropper Accuracy: 0.7613636363636364 50 1
Communication round: 50, Aggregated Accuracies: 0.7616666666666666 51
Communication round: 50, Eavesdropper Accuracy: 0.7681818181818182 51 1
Communication round: 51, Aggregated Accuracies: 0.7652380952380953 52
Communication round: 51, Eavesdropper Accuracy: 0.7818181818181819 52 1
Communication round: 52, Aggregated Accuracies: 0.7751190476190477 53
Communication round: 52, Eavesdropper Accuracy: 0.7636363636363637 53 1
Communication round: 53, Aggregated Accuracies: 0.7801190476190475 54
Communication round: 53, Eavesdropper Accuracy: 0.7681818181818182 54 1
Communication round: 54, Aggregated Accuracies: 0.7848809523809523 55
Communication round: 54, Eavesdropper Accuracy: 0.7840909090909091 55 1
Communication round: 55, Aggregated Accuracies: 0.7867857142857144 56
Communication round: 55, Eavesdropper Accuracy: 0.7772727272727272 56 1
Communication round: 56, Aggregated Accuracies: 0.7925000000000002 57
Communication round: 56, Eavesdropper Accuracy: 0.8 57 1
Communication round: 57, Aggregated Accuracies: 0.797142857142857 58
Communication round: 57, Eavesdropper Accuracy: 0.8181818181818182 58 1
Communication round: 58, Aggregated Accuracies: 0.8061904761904761 59
Communication round: 58, Eavesdropper Accuracy: 0.8386363636363636 59 1
Communication round: 59, Aggregated Accuracies: 0.805952380952381 60
Communication round: 59, Eavesdropper Accuracy: 0.8613636363636363 60 1
Communication round: 60, Aggregated Accuracies: 0.8133333333333335 61
Communication round: 60, Eavesdropper Accuracy: 0.8022727272727272 61 1
Communication round: 61, Aggregated Accuracies: 0.8151190476190477 62
Communication round: 61, Eavesdropper Accuracy: 0.8045454545454546 62 1
Communication round: 62, Aggregated Accuracies: 0.8217857142857143 63
Communication round: 62, Eavesdropper Accuracy: 0.8204545454545454 63 1
Communication round: 63, Aggregated Accuracies: 0.8260714285714286 64
Communication round: 63, Eavesdropper Accuracy: 0.85 64 1
Communication round: 64, Aggregated Accuracies: 0.8253571428571428 65
Communication round: 64, Eavesdropper Accuracy: 0.8590909090909091 65 1
Communication round: 65, Eavesdropper Accuracy: 0.8318181818181818 66 1
Communication round: 66, Aggregated Accuracies: 0.8273809523809523 67
Communication round: 66, Eavesdropper Accuracy: 0.8431818181818181 67 1
Communication round: 67, Eavesdropper Accuracy: 0.8295454545454546 68 1
Communication round: 68, Aggregated Accuracies: 0.833690476190476 69
Communication round: 68, Eavesdropper Accuracy: 0.8386363636363636 69 1
Communication round: 69, Aggregated Accuracies: 0.833690476190476 70
Communication round: 69, Eavesdropper Accuracy: 0.8386363636363636 70 1
Communication round: 70, Aggregated Accuracies: 0.8403571428571427 71
Communication round: 70, Eavesdropper Accuracy: 0.8227272727272728 71 1
Communication round: 71, Aggregated Accuracies: 0.8376190476190477 72
Communication round: 71, Eavesdropper Accuracy: 0.8204545454545454 72 1
Communication round: 72, Eavesdropper Accuracy: 0.8181818181818182 73 1
Communication round: 73, Eavesdropper Accuracy: 0.8068181818181818 74 1
Communication round: 74, Aggregated Accuracies: 0.8445238095238092 75
Communication round: 74, Eavesdropper Accuracy: 0.8295454545454546 75 1
Communication round: 75, Aggregated Accuracies: 0.8490476190476188 76
Communication round: 75, Eavesdropper Accuracy: 0.8454545454545455 76 1
Communication round: 76, Aggregated Accuracies: 0.8473809523809523 77
Communication round: 76, Eavesdropper Accuracy: 0.8477272727272728 77 1
Communication round: 77, Aggregated Accuracies: 0.8519047619047619 78
Communication round: 77, Eavesdropper Accuracy: 0.8295454545454546 78 1
Communication round: 78, Aggregated Accuracies: 0.8567857142857142 79
Communication round: 78, Eavesdropper Accuracy: 0.8454545454545455 79 1
Communication round: 79, Aggregated Accuracies: 0.8551190476190473 80
Communication round: 79, Eavesdropper Accuracy: 0.8477272727272728 80 1
Communication round: 80, Aggregated Accuracies: 0.8583333333333332 81
Communication round: 80, Eavesdropper Accuracy: 0.8590909090909091 81 1
Communication round: 81, Aggregated Accuracies: 0.8578571428571429 82
Communication round: 81, Eavesdropper Accuracy: 0.8636363636363636 82 1
Communication round: 82, Aggregated Accuracies: 0.8614285714285712 83
Communication round: 82, Eavesdropper Accuracy: 0.8363636363636363 83 1
Communication round: 83, Aggregated Accuracies: 0.8652380952380951 84
Communication round: 83, Eavesdropper Accuracy: 0.8272727272727273 84 1
Communication round: 84, Eavesdropper Accuracy: 0.8681818181818182 85 1
Communication round: 85, Eavesdropper Accuracy: 0.85 86 1
Communication round: 86, Eavesdropper Accuracy: 0.865909090909091 87 1
Communication round: 87, Eavesdropper Accuracy: 0.8636363636363636 88 1
Communication round: 88, Eavesdropper Accuracy: 0.865909090909091 89 1
Communication round: 89, Aggregated Accuracies: 0.8666666666666666 90
Communication round: 89, Eavesdropper Accuracy: 0.8545454545454545 90 1
Communication round: 90, Aggregated Accuracies: 0.8658333333333333 91
Communication round: 90, Eavesdropper Accuracy: 0.8681818181818182 91 1
Communication round: 91, Aggregated Accuracies: 0.8720238095238093 92
Communication round: 91, Eavesdropper Accuracy: 0.8681818181818182 92 1
Communication round: 92, Aggregated Accuracies: 0.8713095238095235 93
Communication round: 92, Eavesdropper Accuracy: 0.8704545454545455 93 1
Communication round: 93, Eavesdropper Accuracy: 0.8795454545454545 94 1
Communication round: 94, Aggregated Accuracies: 0.8715476190476188 95
Communication round: 94, Eavesdropper Accuracy: 0.8613636363636363 95 1
Communication round: 95, Aggregated Accuracies: 0.8726190476190474 96
Communication round: 95, Eavesdropper Accuracy: 0.8636363636363636 96 1
Communication round: 96, Eavesdropper Accuracy: 0.8568181818181818 96 0
Communication round: 97, Eavesdropper Accuracy: 0.8909090909090909 96 0
Communication round: 98, Eavesdropper Accuracy: 0.8431818181818181 96 0
Communication round: 99, Eavesdropper Accuracy: 0.8704545454545455 96 0
Communication round: 100, Eavesdropper Accuracy: 0.8590909090909091 96 0
Communication round: 101, Eavesdropper Accuracy: 0.8704545454545455 96 0
Communication round: 102, Eavesdropper Accuracy: 0.8704545454545455 96 0
Communication round: 103, Eavesdropper Accuracy: 0.8727272727272727 96 0
Communication round: 104, Eavesdropper Accuracy: 0.8386363636363636 96 0
Communication round: 105, Eavesdropper Accuracy: 0.865909090909091 96 0
Communication round: 106, Eavesdropper Accuracy: 0.8863636363636364 96 0
Communication round: 107, Eavesdropper Accuracy: 0.85 96 0
Communication round: 108, Eavesdropper Accuracy: 0.8704545454545455 96 0
Communication round: 109, Eavesdropper Accuracy: 0.875 96 0
Communication round: 110, Eavesdropper Accuracy: 0.8727272727272727 96 0
Communication round: 111, Eavesdropper Accuracy: 0.8590909090909091 96 0
Communication round: 112, Eavesdropper Accuracy: 0.8613636363636363 96 0
Communication round: 113, Eavesdropper Accuracy: 0.8522727272727273 96 0
Communication round: 114, Eavesdropper Accuracy: 0.8545454545454545 96 0
Communication round: 115, Eavesdropper Accuracy: 0.8863636363636364 96 0
Communication round: 116, Eavesdropper Accuracy: 0.8727272727272727 96 0
Communication round: 117, Eavesdropper Accuracy: 0.8568181818181818 96 0
Communication round: 118, Eavesdropper Accuracy: 0.8863636363636364 96 0
Communication round: 119, Eavesdropper Accuracy: 0.8931818181818182 96 0
Communication round: 120, Eavesdropper Accuracy: 0.85 96 0
Communication round: 121, Eavesdropper Accuracy: 0.8977272727272727 96 0
Communication round: 122, Eavesdropper Accuracy: 0.8954545454545455 96 0
Communication round: 123, Eavesdropper Accuracy: 0.865909090909091 96 0
Communication round: 124, Eavesdropper Accuracy: 0.8818181818181818 96 0
Communication round: 125, Eavesdropper Accuracy: 0.865909090909091 96 0
Communication round: 126, Eavesdropper Accuracy: 0.8727272727272727 96 0
Communication round: 127, Eavesdropper Accuracy: 0.865909090909091 96 0
Communication round: 128, Eavesdropper Accuracy: 0.8727272727272727 96 0
Communication round: 129, Eavesdropper Accuracy: 0.8795454545454545 96 0
Communication round: 130, Eavesdropper Accuracy: 0.875 96 0
Communication round: 131, Eavesdropper Accuracy: 0.9090909090909091 96 0
Communication round: 132, Eavesdropper Accuracy: 0.8886363636363637 96 0
Communication round: 133, Eavesdropper Accuracy: 0.8568181818181818 96 0
Communication round: 134, Eavesdropper Accuracy: 0.8704545454545455 96 0
Communication round: 135, Eavesdropper Accuracy: 0.8681818181818182 96 0
Communication round: 136, Eavesdropper Accuracy: 0.8545454545454545 96 0
Communication round: 137, Eavesdropper Accuracy: 0.8727272727272727 96 0
Communication round: 138, Eavesdropper Accuracy: 0.865909090909091 96 0
Communication round: 139, Eavesdropper Accuracy: 0.8681818181818182 96 0
Communication round: 140, Eavesdropper Accuracy: 0.8795454545454545 96 0
Communication round: 141, Eavesdropper Accuracy: 0.8613636363636363 96 0
Communication round: 142, Eavesdropper Accuracy: 0.8681818181818182 96 0
Communication round: 143, Eavesdropper Accuracy: 0.8795454545454545 96 0
Communication round: 144, Eavesdropper Accuracy: 0.8772727272727273 96 0
Communication round: 145, Eavesdropper Accuracy: 0.8704545454545455 96 0
Communication round: 146, Eavesdropper Accuracy: 0.8772727272727273 96 0
Communication round: 147, Eavesdropper Accuracy: 0.875 96 0
Communication round: 148, Eavesdropper Accuracy: 0.8681818181818182 96 0
Communication round: 149, Eavesdropper Accuracy: 0.8613636363636363 96 0
Communication round: 150, Eavesdropper Accuracy: 0.8454545454545455 96 0
Communication round: 151, Eavesdropper Accuracy: 0.8886363636363637 96 0
Communication round: 152, Eavesdropper Accuracy: 0.8613636363636363 96 0
Communication round: 153, Eavesdropper Accuracy: 0.8386363636363636 96 0
Communication round: 154, Eavesdropper Accuracy: 0.8613636363636363 96 0
Communication round: 155, Eavesdropper Accuracy: 0.85 96 0
Communication round: 156, Eavesdropper Accuracy: 0.8704545454545455 96 0
Communication round: 157, Eavesdropper Accuracy: 0.8613636363636363 96 0
Communication round: 158, Eavesdropper Accuracy: 0.8568181818181818 96 0
Communication round: 159, Eavesdropper Accuracy: 0.875 96 0
Communication round: 160, Eavesdropper Accuracy: 0.8795454545454545 96 0
Communication round: 161, Eavesdropper Accuracy: 0.8795454545454545 96 0
Communication round: 162, Eavesdropper Accuracy: 0.8545454545454545 96 0
Communication round: 163, Eavesdropper Accuracy: 0.8704545454545455 96 0
Communication round: 164, Eavesdropper Accuracy: 0.8568181818181818 96 0
Communication round: 165, Eavesdropper Accuracy: 0.865909090909091 96 0
Communication round: 166, Eavesdropper Accuracy: 0.8727272727272727 96 0
Communication round: 167, Eavesdropper Accuracy: 0.8681818181818182 96 0
Communication round: 168, Eavesdropper Accuracy: 0.8590909090909091 96 0
Communication round: 169, Eavesdropper Accuracy: 0.8613636363636363 96 0
Communication round: 170, Eavesdropper Accuracy: 0.8681818181818182 96 0
Communication round: 171, Eavesdropper Accuracy: 0.8636363636363636 96 0
Communication round: 172, Eavesdropper Accuracy: 0.875 96 0
Communication round: 173, Eavesdropper Accuracy: 0.8613636363636363 96 0
Communication round: 174, Eavesdropper Accuracy: 0.8522727272727273 96 0
Communication round: 175, Eavesdropper Accuracy: 0.8545454545454545 96 0
Communication round: 176, Eavesdropper Accuracy: 0.8886363636363637 96 0
Communication round: 177, Eavesdropper Accuracy: 0.8590909090909091 96 0
Communication round: 178, Eavesdropper Accuracy: 0.8613636363636363 96 0
Communication round: 179, Eavesdropper Accuracy: 0.8590909090909091 96 0
Communication round: 180, Eavesdropper Accuracy: 0.8727272727272727 96 0
Communication round: 181, Eavesdropper Accuracy: 0.8772727272727273 96 0
Communication round: 182, Eavesdropper Accuracy: 0.8795454545454545 96 0
Communication round: 183, Eavesdropper Accuracy: 0.8636363636363636 96 0
Communication round: 184, Eavesdropper Accuracy: 0.8727272727272727 96 0
Communication round: 185, Eavesdropper Accuracy: 0.8931818181818182 96 0
Communication round: 186, Eavesdropper Accuracy: 0.8545454545454545 96 0
Communication round: 187, Eavesdropper Accuracy: 0.8818181818181818 96 0
Communication round: 188, Eavesdropper Accuracy: 0.8863636363636364 96 0
Communication round: 189, Eavesdropper Accuracy: 0.8454545454545455 96 0
Communication round: 190, Eavesdropper Accuracy: 0.8727272727272727 96 0
Communication round: 191, Smart Eavesdropper Accuracy: 0.8318181818181818 96 0
Communication round: 192, Smart Eavesdropper Accuracy: 0.8227272727272728 96 0
Communication round: 193, Smart Eavesdropper Accuracy: 0.8090909090909091 96 0
Communication round: 194, Smart Eavesdropper Accuracy: 0.7886363636363637 96 0
Communication round: 195, Smart Eavesdropper Accuracy: 0.7909090909090909 96 0
Communication round: 196, Smart Eavesdropper Accuracy: 0.7704545454545455 96 0
Communication round: 197, Smart Eavesdropper Accuracy: 0.7795454545454545 96 0
Communication round: 198, Smart Eavesdropper Accuracy: 0.7386363636363636 96 0
Communication round: 199, Smart Eavesdropper Accuracy: 0.7204545454545455 96 0
----------------------------------------------------------------------------------------------------
----------------------------------------------------------------------------------------------------
P0_True_
----------------------------------------------------------------------------------------------------
Communication round: 0, Eavesdropper Accuracy: 0.12272727272727273 1 1
Communication round: 1, Eavesdropper Accuracy: 0.1318181818181818 2 1
Communication round: 2, Eavesdropper Accuracy: 0.12727272727272726 3 1
Communication round: 3, Aggregated Accuracies: 0.1679761904761905 4
Communication round: 3, Eavesdropper Accuracy: 0.2159090909090909 4 1
Communication round: 4, Eavesdropper Accuracy: 0.21818181818181817 5 1
Communication round: 5, Eavesdropper Accuracy: 0.20909090909090908 6 1
Communication round: 6, Aggregated Accuracies: 0.23452380952380952 7
Communication round: 6, Eavesdropper Accuracy: 0.2431818181818182 7 1
Communication round: 7, Aggregated Accuracies: 0.2778571428571429 8
Communication round: 7, Eavesdropper Accuracy: 0.31363636363636366 8 1
Communication round: 8, Aggregated Accuracies: 0.30773809523809537 9
Communication round: 8, Eavesdropper Accuracy: 0.37727272727272726 9 1
Communication round: 9, Aggregated Accuracies: 0.3582142857142859 10
Communication round: 9, Eavesdropper Accuracy: 0.41363636363636364 10 1
Communication round: 10, Aggregated Accuracies: 0.3892857142857145 11
Communication round: 10, Eavesdropper Accuracy: 0.425 11 1
Communication round: 11, Aggregated Accuracies: 0.41333333333333355 12
Communication round: 11, Eavesdropper Accuracy: 0.42272727272727273 12 1
Communication round: 12, Aggregated Accuracies: 0.4482142857142858 13
Communication round: 12, Eavesdropper Accuracy: 0.525 13 1
Communication round: 13, Aggregated Accuracies: 0.48238095238095247 14
Communication round: 13, Eavesdropper Accuracy: 0.5363636363636364 14 1
Communication round: 14, Aggregated Accuracies: 0.5083333333333332 15
Communication round: 14, Eavesdropper Accuracy: 0.5613636363636364 15 1
Communication round: 15, Aggregated Accuracies: 0.5347619047619047 16
Communication round: 15, Eavesdropper Accuracy: 0.5795454545454546 16 1
Communication round: 16, Aggregated Accuracies: 0.5585714285714287 17
Communication round: 16, Eavesdropper Accuracy: 0.6068181818181818 17 1
Communication round: 17, Aggregated Accuracies: 0.5725 18
Communication round: 17, Eavesdropper Accuracy: 0.5909090909090909 18 1
Communication round: 18, Aggregated Accuracies: 0.5983333333333334 19
Communication round: 18, Eavesdropper Accuracy: 0.6272727272727273 19 1
Communication round: 19, Aggregated Accuracies: 0.6182142857142858 20
Communication round: 19, Eavesdropper Accuracy: 0.6613636363636364 20 1
Communication round: 20, Eavesdropper Accuracy: 0.6409090909090909 21 1
Communication round: 21, Aggregated Accuracies: 0.6290476190476191 22
Communication round: 21, Eavesdropper Accuracy: 0.6409090909090909 22 1
Communication round: 22, Eavesdropper Accuracy: 0.6227272727272727 23 1
Communication round: 23, Eavesdropper Accuracy: 0.6136363636363636 24 1
Communication round: 24, Aggregated Accuracies: 0.6410714285714285 25
Communication round: 24, Eavesdropper Accuracy: 0.6727272727272727 25 1
Communication round: 25, Eavesdropper Accuracy: 0.65 26 1
Communication round: 26, Eavesdropper Accuracy: 0.6636363636363637 27 1
Communication round: 27, Aggregated Accuracies: 0.6516666666666666 28
Communication round: 27, Eavesdropper Accuracy: 0.6681818181818182 28 1
Communication round: 28, Aggregated Accuracies: 0.6677380952380954 29
Communication round: 28, Eavesdropper Accuracy: 0.6954545454545454 29 1
Communication round: 29, Aggregated Accuracies: 0.6758333333333335 30
Communication round: 29, Eavesdropper Accuracy: 0.7113636363636363 30 1
Communication round: 30, Eavesdropper Accuracy: 0.7022727272727273 31 1
Communication round: 31, Eavesdropper Accuracy: 0.6681818181818182 32 1
Communication round: 32, Eavesdropper Accuracy: 0.7227272727272728 33 1
Communication round: 33, Eavesdropper Accuracy: 0.6795454545454546 34 1
Communication round: 34, Eavesdropper Accuracy: 0.6590909090909091 35 1
Communication round: 35, Aggregated Accuracies: 0.6882142857142857 36
Communication round: 35, Eavesdropper Accuracy: 0.7 36 1
Communication round: 36, Eavesdropper Accuracy: 0.7 37 1
Communication round: 37, Aggregated Accuracies: 0.6947619047619047 38
Communication round: 37, Eavesdropper Accuracy: 0.7136363636363636 38 1
Communication round: 38, Eavesdropper Accuracy: 0.7159090909090909 39 1
Communication round: 39, Aggregated Accuracies: 0.7084523809523812 40
Communication round: 39, Eavesdropper Accuracy: 0.7090909090909091 40 1
Communication round: 40, Aggregated Accuracies: 0.7226190476190476 41
Communication round: 40, Eavesdropper Accuracy: 0.75 41 1
Communication round: 41, Aggregated Accuracies: 0.7322619047619048 42
Communication round: 41, Eavesdropper Accuracy: 0.7204545454545455 42 1
Communication round: 42, Aggregated Accuracies: 0.7411904761904763 43
Communication round: 42, Eavesdropper Accuracy: 0.7727272727272727 43 1
Communication round: 43, Aggregated Accuracies: 0.7535714285714287 44
Communication round: 43, Eavesdropper Accuracy: 0.7909090909090909 44 1
Communication round: 44, Aggregated Accuracies: 0.7654761904761904 45
Communication round: 44, Eavesdropper Accuracy: 0.7659090909090909 45 1
Communication round: 45, Aggregated Accuracies: 0.7686904761904765 46
Communication round: 45, Eavesdropper Accuracy: 0.8022727272727272 46 1
Communication round: 46, Aggregated Accuracies: 0.7809523809523811 47
Communication round: 46, Eavesdropper Accuracy: 0.8181818181818182 47 1
Communication round: 47, Aggregated Accuracies: 0.7835714285714286 48
Communication round: 47, Eavesdropper Accuracy: 0.8 48 1
Communication round: 48, Aggregated Accuracies: 0.794404761904762 49
Communication round: 48, Eavesdropper Accuracy: 0.8272727272727273 49 1
Communication round: 49, Aggregated Accuracies: 0.7991666666666666 50
Communication round: 49, Eavesdropper Accuracy: 0.8159090909090909 50 1
Communication round: 50, Aggregated Accuracies: 0.8029761904761905 51
Communication round: 50, Eavesdropper Accuracy: 0.8181818181818182 51 1
Communication round: 51, Aggregated Accuracies: 0.8099999999999998 52
Communication round: 51, Eavesdropper Accuracy: 0.8181818181818182 52 1
Communication round: 52, Eavesdropper Accuracy: 0.8545454545454545 53 1
Communication round: 53, Aggregated Accuracies: 0.8152380952380953 54
Communication round: 53, Eavesdropper Accuracy: 0.8181818181818182 54 1
Communication round: 54, Aggregated Accuracies: 0.8196428571428573 55
Communication round: 54, Eavesdropper Accuracy: 0.8340909090909091 55 1
Communication round: 55, Eavesdropper Accuracy: 0.8545454545454545 56 1
Communication round: 56, Eavesdropper Accuracy: 0.8568181818181818 57 1
Communication round: 57, Aggregated Accuracies: 0.8235714285714284 58
Communication round: 57, Eavesdropper Accuracy: 0.8477272727272728 58 1
Communication round: 58, Eavesdropper Accuracy: 0.8340909090909091 59 1
Communication round: 59, Eavesdropper Accuracy: 0.8409090909090909 60 1
Communication round: 60, Eavesdropper Accuracy: 0.8431818181818181 61 1
Communication round: 61, Eavesdropper Accuracy: 0.8613636363636363 62 1
Communication round: 62, Aggregated Accuracies: 0.8264285714285713 63
Communication round: 62, Eavesdropper Accuracy: 0.8613636363636363 63 1
Communication round: 63, Aggregated Accuracies: 0.8301190476190475 64
Communication round: 63, Eavesdropper Accuracy: 0.8590909090909091 64 1
Communication round: 64, Eavesdropper Accuracy: 0.8590909090909091 65 1
Communication round: 65, Aggregated Accuracies: 0.8322619047619046 66
Communication round: 65, Eavesdropper Accuracy: 0.8613636363636363 66 1
Communication round: 66, Aggregated Accuracies: 0.8409523809523808 67
Communication round: 66, Eavesdropper Accuracy: 0.8590909090909091 67 1
Communication round: 67, Aggregated Accuracies: 0.8402380952380952 68
Communication round: 67, Eavesdropper Accuracy: 0.8681818181818182 68 1
Communication round: 68, Aggregated Accuracies: 0.8402380952380953 69
Communication round: 68, Eavesdropper Accuracy: 0.8363636363636363 69 1
Communication round: 69, Aggregated Accuracies: 0.846190476190476 70
Communication round: 69, Eavesdropper Accuracy: 0.8863636363636364 70 1
Communication round: 70, Aggregated Accuracies: 0.851785714285714 71
Communication round: 70, Eavesdropper Accuracy: 0.8863636363636364 71 1
Communication round: 71, Aggregated Accuracies: 0.851190476190476 72
Communication round: 71, Eavesdropper Accuracy: 0.875 72 1
Communication round: 72, Aggregated Accuracies: 0.8560714285714285 73
Communication round: 72, Eavesdropper Accuracy: 0.8909090909090909 73 1
Communication round: 73, Aggregated Accuracies: 0.8584523809523809 74
Communication round: 73, Eavesdropper Accuracy: 0.8863636363636364 74 1
Communication round: 74, Aggregated Accuracies: 0.8588095238095237 75
Communication round: 74, Eavesdropper Accuracy: 0.9 75 1
Communication round: 75, Aggregated Accuracies: 0.8635714285714284 76
Communication round: 75, Eavesdropper Accuracy: 0.8931818181818182 76 1
Communication round: 76, Aggregated Accuracies: 0.8675 77
Communication round: 76, Eavesdropper Accuracy: 0.8863636363636364 77 1
Communication round: 77, Eavesdropper Accuracy: 0.8954545454545455 78 1
Communication round: 78, Eavesdropper Accuracy: 0.8954545454545455 79 1
Communication round: 79, Aggregated Accuracies: 0.8660714285714283 80
Communication round: 79, Eavesdropper Accuracy: 0.8863636363636364 80 1
Communication round: 80, Eavesdropper Accuracy: 0.8863636363636364 81 1
Communication round: 81, Aggregated Accuracies: 0.8676190476190477 82
Communication round: 81, Eavesdropper Accuracy: 0.9 82 1
Communication round: 82, Eavesdropper Accuracy: 0.9136363636363637 83 1
Communication round: 83, Eavesdropper Accuracy: 0.9045454545454545 84 1
Communication round: 84, Eavesdropper Accuracy: 0.884090909090909 85 1
Communication round: 85, Eavesdropper Accuracy: 0.8977272727272727 86 1
Communication round: 86, Eavesdropper Accuracy: 0.8931818181818182 87 1
Communication round: 87, Aggregated Accuracies: 0.8717857142857142 88
Communication round: 87, Eavesdropper Accuracy: 0.9090909090909091 88 1
Communication round: 88, Eavesdropper Accuracy: 0.8931818181818182 89 1
Communication round: 89, Aggregated Accuracies: 0.8680952380952378 90
Communication round: 89, Eavesdropper Accuracy: 0.8931818181818182 90 1
Communication round: 90, Aggregated Accuracies: 0.8741666666666668 91
Communication round: 90, Eavesdropper Accuracy: 0.8931818181818182 91 1
Communication round: 91, Aggregated Accuracies: 0.8777380952380952 92
Communication round: 91, Eavesdropper Accuracy: 0.9068181818181819 92 1
Communication round: 92, Aggregated Accuracies: 0.8766666666666664 93
Communication round: 92, Eavesdropper Accuracy: 0.8977272727272727 93 1
Communication round: 93, Eavesdropper Accuracy: 0.9090909090909091 94 1
Communication round: 94, Aggregated Accuracies: 0.877738095238095 95
Communication round: 94, Eavesdropper Accuracy: 0.9227272727272727 95 1
Communication round: 95, Aggregated Accuracies: 0.879047619047619 96
Communication round: 95, Eavesdropper Accuracy: 0.9022727272727272 96 1
Communication round: 96, Aggregated Accuracies: 0.8835714285714282 97
Communication round: 96, Eavesdropper Accuracy: 0.9227272727272727 97 1
Communication round: 97, Eavesdropper Accuracy: 0.9204545454545454 98 1
Communication round: 98, Eavesdropper Accuracy: 0.9045454545454545 99 1
Communication round: 99, Eavesdropper Accuracy: 0.9045454545454545 100 1
Communication round: 100, Aggregated Accuracies: 0.8804761904761904 101
Communication round: 100, Eavesdropper Accuracy: 0.9318181818181818 101 1
Communication round: 101, Aggregated Accuracies: 0.8866666666666665 102
Communication round: 101, Eavesdropper Accuracy: 0.9136363636363637 102 1
Communication round: 102, Aggregated Accuracies: 0.8853571428571427 103
Communication round: 102, Eavesdropper Accuracy: 0.9045454545454545 103 1
Communication round: 103, Aggregated Accuracies: 0.8852380952380953 104
Communication round: 103, Eavesdropper Accuracy: 0.8977272727272727 104 1
Communication round: 104, Aggregated Accuracies: 0.8841666666666667 105
Communication round: 104, Eavesdropper Accuracy: 0.9227272727272727 105 1
Communication round: 105, Aggregated Accuracies: 0.8883333333333331 106
Communication round: 105, Eavesdropper Accuracy: 0.9136363636363637 106 1
Communication round: 106, Aggregated Accuracies: 0.8885714285714285 107
Communication round: 106, Eavesdropper Accuracy: 0.9181818181818182 107 1
Communication round: 107, Aggregated Accuracies: 0.8897619047619048 108
Communication round: 107, Eavesdropper Accuracy: 0.9 108 1
Communication round: 108, Eavesdropper Accuracy: 0.9113636363636364 108 0
Communication round: 109, Eavesdropper Accuracy: 0.9068181818181819 108 0
Communication round: 110, Eavesdropper Accuracy: 0.9 108 0
Communication round: 111, Eavesdropper Accuracy: 0.9204545454545454 108 0
Communication round: 112, Eavesdropper Accuracy: 0.9386363636363636 108 0
Communication round: 113, Eavesdropper Accuracy: 0.9022727272727272 108 0
Communication round: 114, Eavesdropper Accuracy: 0.9022727272727272 108 0
Communication round: 115, Eavesdropper Accuracy: 0.9409090909090909 108 0
Communication round: 116, Eavesdropper Accuracy: 0.925 108 0
Communication round: 117, Eavesdropper Accuracy: 0.9090909090909091 108 0
Communication round: 118, Eavesdropper Accuracy: 0.925 108 0
Communication round: 119, Eavesdropper Accuracy: 0.9090909090909091 108 0
Communication round: 120, Eavesdropper Accuracy: 0.9159090909090909 108 0
Communication round: 121, Eavesdropper Accuracy: 0.925 108 0
Communication round: 122, Eavesdropper Accuracy: 0.9090909090909091 108 0
Communication round: 123, Eavesdropper Accuracy: 0.9068181818181819 108 0
Communication round: 124, Eavesdropper Accuracy: 0.9159090909090909 108 0
Communication round: 125, Eavesdropper Accuracy: 0.925 108 0
Communication round: 126, Eavesdropper Accuracy: 0.9159090909090909 108 0
Communication round: 127, Eavesdropper Accuracy: 0.9090909090909091 108 0
Communication round: 128, Eavesdropper Accuracy: 0.9136363636363637 108 0
Communication round: 129, Eavesdropper Accuracy: 0.9068181818181819 108 0
Communication round: 130, Eavesdropper Accuracy: 0.9068181818181819 108 0
Communication round: 131, Eavesdropper Accuracy: 0.9113636363636364 108 0
Communication round: 132, Eavesdropper Accuracy: 0.9204545454545454 108 0
Communication round: 133, Eavesdropper Accuracy: 0.9159090909090909 108 0
Communication round: 134, Eavesdropper Accuracy: 0.9136363636363637 108 0
Communication round: 135, Eavesdropper Accuracy: 0.9159090909090909 108 0
Communication round: 136, Eavesdropper Accuracy: 0.9159090909090909 108 0
Communication round: 137, Eavesdropper Accuracy: 0.9181818181818182 108 0
Communication round: 138, Eavesdropper Accuracy: 0.9113636363636364 108 0
Communication round: 139, Eavesdropper Accuracy: 0.9045454545454545 108 0
Communication round: 140, Eavesdropper Accuracy: 0.9159090909090909 108 0
Communication round: 141, Eavesdropper Accuracy: 0.9090909090909091 108 0
Communication round: 142, Eavesdropper Accuracy: 0.9159090909090909 108 0
Communication round: 143, Eavesdropper Accuracy: 0.9022727272727272 108 0
Communication round: 144, Eavesdropper Accuracy: 0.9363636363636364 108 0
Communication round: 145, Eavesdropper Accuracy: 0.9136363636363637 108 0
Communication round: 146, Eavesdropper Accuracy: 0.925 108 0
Communication round: 147, Eavesdropper Accuracy: 0.9 108 0
Communication round: 148, Eavesdropper Accuracy: 0.9068181818181819 108 0
Communication round: 149, Eavesdropper Accuracy: 0.925 108 0
Communication round: 150, Eavesdropper Accuracy: 0.9090909090909091 108 0
Communication round: 151, Eavesdropper Accuracy: 0.9295454545454546 108 0
Communication round: 152, Eavesdropper Accuracy: 0.9045454545454545 108 0
Communication round: 153, Eavesdropper Accuracy: 0.9113636363636364 108 0
Communication round: 154, Eavesdropper Accuracy: 0.9022727272727272 108 0
Communication round: 155, Eavesdropper Accuracy: 0.9045454545454545 108 0
Communication round: 156, Eavesdropper Accuracy: 0.9113636363636364 108 0
Communication round: 157, Eavesdropper Accuracy: 0.9272727272727272 108 0
Communication round: 158, Eavesdropper Accuracy: 0.8931818181818182 108 0
Communication round: 159, Eavesdropper Accuracy: 0.9181818181818182 108 0
Communication round: 160, Eavesdropper Accuracy: 0.9159090909090909 108 0
Communication round: 161, Eavesdropper Accuracy: 0.9181818181818182 108 0
Communication round: 162, Eavesdropper Accuracy: 0.9 108 0
Communication round: 163, Eavesdropper Accuracy: 0.9204545454545454 108 0
Communication round: 164, Eavesdropper Accuracy: 0.9227272727272727 108 0
Communication round: 165, Eavesdropper Accuracy: 0.9204545454545454 108 0
Communication round: 166, Eavesdropper Accuracy: 0.9295454545454546 108 0
Communication round: 167, Eavesdropper Accuracy: 0.9159090909090909 108 0
Communication round: 168, Eavesdropper Accuracy: 0.9181818181818182 108 0
Communication round: 169, Eavesdropper Accuracy: 0.9272727272727272 108 0
Communication round: 170, Eavesdropper Accuracy: 0.9340909090909091 108 0
Communication round: 171, Eavesdropper Accuracy: 0.9136363636363637 108 0
Communication round: 172, Eavesdropper Accuracy: 0.9159090909090909 108 0
Communication round: 173, Eavesdropper Accuracy: 0.9295454545454546 108 0
Communication round: 174, Eavesdropper Accuracy: 0.9181818181818182 108 0
Communication round: 175, Eavesdropper Accuracy: 0.9204545454545454 108 0
Communication round: 176, Eavesdropper Accuracy: 0.9159090909090909 108 0
Communication round: 177, Eavesdropper Accuracy: 0.8931818181818182 108 0
Communication round: 178, Eavesdropper Accuracy: 0.9181818181818182 108 0
Communication round: 179, Eavesdropper Accuracy: 0.9022727272727272 108 0
Communication round: 180, Eavesdropper Accuracy: 0.8977272727272727 108 0
Communication round: 181, Eavesdropper Accuracy: 0.9159090909090909 108 0
Communication round: 182, Eavesdropper Accuracy: 0.9181818181818182 108 0
Communication round: 183, Eavesdropper Accuracy: 0.9159090909090909 108 0
Communication round: 184, Eavesdropper Accuracy: 0.8954545454545455 108 0
Communication round: 185, Eavesdropper Accuracy: 0.9318181818181818 108 0
Communication round: 186, Eavesdropper Accuracy: 0.9181818181818182 108 0
Communication round: 187, Eavesdropper Accuracy: 0.9363636363636364 108 0
Communication round: 188, Eavesdropper Accuracy: 0.9295454545454546 108 0
Communication round: 189, Eavesdropper Accuracy: 0.9136363636363637 108 0
Communication round: 190, Eavesdropper Accuracy: 0.9136363636363637 108 0
Communication round: 191, Eavesdropper Accuracy: 0.9068181818181819 108 0
Communication round: 192, Eavesdropper Accuracy: 0.9136363636363637 108 0
Communication round: 193, Eavesdropper Accuracy: 0.9068181818181819 108 0
Communication round: 194, Eavesdropper Accuracy: 0.9318181818181818 108 0
Communication round: 195, Eavesdropper Accuracy: 0.9113636363636364 108 0
Communication round: 196, Eavesdropper Accuracy: 0.9227272727272727 108 0
Communication round: 197, Eavesdropper Accuracy: 0.9045454545454545 108 0
Communication round: 198, Eavesdropper Accuracy: 0.9022727272727272 108 0
Communication round: 199, Eavesdropper Accuracy: 0.9204545454545454 108 0
----------------------------------------------------------------------------------------------------
