----------------------------------------------------------------------------------------------------
P0_False_
----------------------------------------------------------------------------------------------------
Communication round: 0, Eavesdropper Accuracy: 0.09772727272727273 1 1
Communication round: 1, Eavesdropper Accuracy: 0.11136363636363636 2 1
Communication round: 2, Eavesdropper Accuracy: 0.08409090909090909 2 0
Communication round: 3, Eavesdropper Accuracy: 0.10681818181818181 3 1
Communication round: 4, Eavesdropper Accuracy: 0.08181818181818182 3 0
Communication round: 5, Smart Eavesdropper Accuracy: 0.10454545454545454 3 0
Communication round: 6, Smart Eavesdropper Accuracy: 0.1 3 0
Communication round: 7, Smart Eavesdropper Accuracy: 0.13636363636363635 3 0
Communication round: 8, Smart Eavesdropper Accuracy: 0.14772727272727273 3 0
Communication round: 9, Smart Eavesdropper Accuracy: 0.16818181818181818 3 0
Communication round: 10, Smart Eavesdropper Accuracy: 0.15227272727272728 3 0
Communication round: 11, Smart Eavesdropper Accuracy: 0.15 4 1
Communication round: 12, Smart Eavesdropper Accuracy: 0.22727272727272727 5 1
Communication round: 13, Smart Eavesdropper Accuracy: 0.14772727272727273 6 1
Communication round: 14, Smart Eavesdropper Accuracy: 0.18863636363636363 6 0
Communication round: 15, Smart Eavesdropper Accuracy: 0.16363636363636364 7 1
Communication round: 16, Smart Eavesdropper Accuracy: 0.16590909090909092 7 0
Communication round: 17, Smart Eavesdropper Accuracy: 0.17272727272727273 7 0
Communication round: 18, Smart Eavesdropper Accuracy: 0.18409090909090908 7 0
Communication round: 19, Smart Eavesdropper Accuracy: 0.17954545454545454 7 0
Communication round: 20, Smart Eavesdropper Accuracy: 0.15454545454545454 7 0
Communication round: 21, Smart Eavesdropper Accuracy: 0.20227272727272727 7 0
Communication round: 22, Smart Eavesdropper Accuracy: 0.19090909090909092 7 0
Communication round: 23, Smart Eavesdropper Accuracy: 0.225 8 1
Communication round: 24, Smart Eavesdropper Accuracy: 0.19318181818181818 9 1
Communication round: 25, Aggregated Accuracies: 0.12761904761904763 10
Communication round: 25, Smart Eavesdropper Accuracy: 0.18636363636363637 10 1
Communication round: 26, Smart Eavesdropper Accuracy: 0.17954545454545454 10 0
Communication round: 27, Smart Eavesdropper Accuracy: 0.16818181818181818 10 0
Communication round: 28, Smart Eavesdropper Accuracy: 0.21136363636363636 10 0
Communication round: 29, Aggregated Accuracies: 0.159047619047619 11
Communication round: 29, Smart Eavesdropper Accuracy: 0.22954545454545455 11 1
Communication round: 30, Smart Eavesdropper Accuracy: 0.17727272727272728 11 0
Communication round: 31, Aggregated Accuracies: 0.15630952380952384 12
Communication round: 31, Smart Eavesdropper Accuracy: 0.18181818181818182 12 1
Communication round: 32, Aggregated Accuracies: 0.28357142857142853 13
Communication round: 32, Smart Eavesdropper Accuracy: 0.18863636363636363 13 1
Communication round: 33, Aggregated Accuracies: 0.3938095238095237 14
Communication round: 33, Smart Eavesdropper Accuracy: 0.18409090909090908 14 1
Communication round: 34, Aggregated Accuracies: 0.4801190476190475 15
Communication round: 34, Smart Eavesdropper Accuracy: 0.19772727272727272 15 1
Communication round: 35, Smart Eavesdropper Accuracy: 0.175 15 0
Communication round: 36, Smart Eavesdropper Accuracy: 0.21818181818181817 15 0
Communication round: 37, Aggregated Accuracies: 0.5561904761904762 16
Communication round: 37, Smart Eavesdropper Accuracy: 0.16363636363636364 16 1
Communication round: 38, Aggregated Accuracies: 0.6110714285714285 17
Communication round: 38, Smart Eavesdropper Accuracy: 0.21818181818181817 17 1
Communication round: 39, Smart Eavesdropper Accuracy: 0.19090909090909092 17 0
Communication round: 40, Aggregated Accuracies: 0.6207142857142854 18
Communication round: 40, Smart Eavesdropper Accuracy: 0.2159090909090909 18 1
Communication round: 41, Aggregated Accuracies: 0.6776190476190479 19
Communication round: 41, Smart Eavesdropper Accuracy: 0.17272727272727273 19 1
Communication round: 42, Smart Eavesdropper Accuracy: 0.18181818181818182 19 0
Communication round: 43, Aggregated Accuracies: 0.7120238095238095 20
Communication round: 43, Smart Eavesdropper Accuracy: 0.2 20 1
Communication round: 44, Smart Eavesdropper Accuracy: 0.19545454545454546 20 0
Communication round: 45, Aggregated Accuracies: 0.7244047619047618 21
Communication round: 45, Smart Eavesdropper Accuracy: 0.18181818181818182 21 1
Communication round: 46, Aggregated Accuracies: 0.7572619047619048 22
Communication round: 46, Smart Eavesdropper Accuracy: 0.18636363636363637 22 1
Communication round: 47, Aggregated Accuracies: 0.7289285714285713 23
Communication round: 47, Smart Eavesdropper Accuracy: 0.19772727272727272 23 1
Communication round: 48, Smart Eavesdropper Accuracy: 0.2159090909090909 23 0
Communication round: 49, Smart Eavesdropper Accuracy: 0.21136363636363636 23 0
Communication round: 50, Aggregated Accuracies: 0.7692857142857145 24
Communication round: 50, Smart Eavesdropper Accuracy: 0.175 24 1
Communication round: 51, Aggregated Accuracies: 0.7807142857142858 25
Communication round: 51, Smart Eavesdropper Accuracy: 0.20681818181818182 25 1
Communication round: 52, Smart Eavesdropper Accuracy: 0.21363636363636362 26 1
Communication round: 53, Aggregated Accuracies: 0.7797619047619051 27
Communication round: 53, Smart Eavesdropper Accuracy: 0.2159090909090909 27 1
Communication round: 54, Aggregated Accuracies: 0.7889285714285719 28
Communication round: 54, Eavesdropper Accuracy: 0.8818181818181818 28 1
Communication round: 55, Smart Eavesdropper Accuracy: 0.9045454545454545 28 0
Communication round: 56, Aggregated Accuracies: 0.809285714285714 29
Communication round: 56, Eavesdropper Accuracy: 0.9159090909090909 29 1
Communication round: 57, Smart Eavesdropper Accuracy: 0.9136363636363637 29 0
Communication round: 58, Aggregated Accuracies: 0.8130952380952384 30
Communication round: 58, Eavesdropper Accuracy: 0.8954545454545455 30 1
Communication round: 59, Smart Eavesdropper Accuracy: 0.9204545454545454 30 0
Communication round: 60, Smart Eavesdropper Accuracy: 0.9113636363636364 30 0
Communication round: 61, Aggregated Accuracies: 0.8183333333333335 31
Communication round: 61, Smart Eavesdropper Accuracy: 0.9431818181818182 31 1
Communication round: 62, Aggregated Accuracies: 0.8285714285714287 32
Communication round: 62, Eavesdropper Accuracy: 0.9363636363636364 32 1
Communication round: 63, Smart Eavesdropper Accuracy: 0.9068181818181819 32 0
Communication round: 64, Smart Eavesdropper Accuracy: 0.8704545454545455 32 0
Communication round: 65, Aggregated Accuracies: 0.8361904761904765 33
Communication round: 65, Smart Eavesdropper Accuracy: 0.7477272727272727 33 1
Communication round: 66, Aggregated Accuracies: 0.8403571428571428 34
Communication round: 66, Eavesdropper Accuracy: 0.9204545454545454 34 1
Communication round: 67, Smart Eavesdropper Accuracy: 0.9204545454545454 34 0
Communication round: 68, Aggregated Accuracies: 0.8680952380952384 35
Communication round: 68, Eavesdropper Accuracy: 0.9454545454545454 35 1
Communication round: 69, Aggregated Accuracies: 0.8670238095238091 36
Communication round: 69, Eavesdropper Accuracy: 0.9568181818181818 36 1
Communication round: 70, Eavesdropper Accuracy: 0.9363636363636364 37 1
Communication round: 71, Eavesdropper Accuracy: 0.9545454545454546 37 0
Communication round: 72, Eavesdropper Accuracy: 0.9522727272727273 38 1
Communication round: 73, Eavesdropper Accuracy: 0.95 38 0
Communication round: 74, Eavesdropper Accuracy: 0.9454545454545454 38 0
Communication round: 75, Smart Eavesdropper Accuracy: 0.9272727272727272 38 0
Communication round: 76, Smart Eavesdropper Accuracy: 0.9363636363636364 38 0
Communication round: 77, Smart Eavesdropper Accuracy: 0.9318181818181818 39 1
Communication round: 78, Smart Eavesdropper Accuracy: 0.925 39 0
Communication round: 79, Smart Eavesdropper Accuracy: 0.9318181818181818 39 0
Communication round: 80, Smart Eavesdropper Accuracy: 0.925 39 0
Communication round: 81, Aggregated Accuracies: 0.8739285714285713 40
Communication round: 81, Smart Eavesdropper Accuracy: 0.9363636363636364 40 1
Communication round: 82, Aggregated Accuracies: 0.8665476190476191 41
Communication round: 82, Smart Eavesdropper Accuracy: 0.8931818181818182 41 1
Communication round: 83, Aggregated Accuracies: 0.8792857142857143 42
Communication round: 83, Smart Eavesdropper Accuracy: 0.8886363636363637 42 1
Communication round: 84, Aggregated Accuracies: 0.8721428571428571 43
Communication round: 84, Eavesdropper Accuracy: 0.9568181818181818 43 1
Communication round: 85, Smart Eavesdropper Accuracy: 0.9477272727272728 43 0
Communication round: 86, Smart Eavesdropper Accuracy: 0.9431818181818182 43 0
Communication round: 87, Smart Eavesdropper Accuracy: 0.95 43 0
Communication round: 88, Smart Eavesdropper Accuracy: 0.9409090909090909 43 0
Communication round: 89, Smart Eavesdropper Accuracy: 0.9568181818181818 43 0
Communication round: 90, Smart Eavesdropper Accuracy: 0.9386363636363636 43 0
Communication round: 91, Smart Eavesdropper Accuracy: 0.9568181818181818 43 0
Communication round: 92, Smart Eavesdropper Accuracy: 0.9272727272727272 43 0
Communication round: 93, Smart Eavesdropper Accuracy: 0.9636363636363636 43 0
Communication round: 94, Smart Eavesdropper Accuracy: 0.9295454545454546 43 0
Communication round: 95, Smart Eavesdropper Accuracy: 0.9227272727272727 43 0
Communication round: 96, Smart Eavesdropper Accuracy: 0.9227272727272727 43 0
Communication round: 97, Smart Eavesdropper Accuracy: 0.9318181818181818 43 0
Communication round: 98, Smart Eavesdropper Accuracy: 0.9136363636363637 43 0
Communication round: 99, Smart Eavesdropper Accuracy: 0.9204545454545454 43 0
----------------------------------------------------------------------------------------------------
----------------------------------------------------------------------------------------------------
P0_False_
----------------------------------------------------------------------------------------------------
Communication round: 0, Eavesdropper Accuracy: 0.13636363636363635 1 1
Communication round: 1, Smart Eavesdropper Accuracy: 0.1 1 0
Communication round: 2, Eavesdropper Accuracy: 0.12727272727272726 2 1
Communication round: 3, Eavesdropper Accuracy: 0.12045454545454545 3 1
Communication round: 4, Eavesdropper Accuracy: 0.10227272727272728 3 0
Communication round: 5, Eavesdropper Accuracy: 0.15227272727272728 4 1
Communication round: 6, Eavesdropper Accuracy: 0.12045454545454545 5 1
Communication round: 7, Eavesdropper Accuracy: 0.13636363636363635 5 0
Communication round: 8, Eavesdropper Accuracy: 0.13636363636363635 6 1
Communication round: 9, Eavesdropper Accuracy: 0.12727272727272726 7 1
Communication round: 10, Aggregated Accuracies: 0.1360714285714285 8
Communication round: 10, Eavesdropper Accuracy: 0.2159090909090909 8 1
Communication round: 11, Eavesdropper Accuracy: 0.19772727272727272 8 0
Communication round: 12, Eavesdropper Accuracy: 0.2159090909090909 8 0
Communication round: 13, Eavesdropper Accuracy: 0.22045454545454546 8 0
Communication round: 14, Eavesdropper Accuracy: 0.2159090909090909 9 1
Communication round: 15, Eavesdropper Accuracy: 0.17954545454545454 10 1
Communication round: 16, Eavesdropper Accuracy: 0.20227272727272727 11 1
Communication round: 17, Eavesdropper Accuracy: 0.21363636363636362 11 0
Communication round: 18, Eavesdropper Accuracy: 0.22045454545454546 11 0
Communication round: 19, Eavesdropper Accuracy: 0.2 12 1
Communication round: 20, Eavesdropper Accuracy: 0.21818181818181817 12 0
Communication round: 21, Eavesdropper Accuracy: 0.20454545454545456 13 1
Communication round: 22, Eavesdropper Accuracy: 0.19545454545454546 14 1
Communication round: 23, Eavesdropper Accuracy: 0.20227272727272727 14 0
Communication round: 24, Aggregated Accuracies: 0.1948809523809524 15
Communication round: 24, Eavesdropper Accuracy: 0.29318181818181815 15 1
Communication round: 25, Eavesdropper Accuracy: 0.2340909090909091 16 1
Communication round: 26, Aggregated Accuracies: 0.22130952380952376 17
Communication round: 26, Eavesdropper Accuracy: 0.2909090909090909 17 1
Communication round: 27, Aggregated Accuracies: 0.22988095238095238 18
Communication round: 27, Eavesdropper Accuracy: 0.3886363636363636 18 1
Communication round: 28, Aggregated Accuracies: 0.3546428571428571 19
Communication round: 28, Eavesdropper Accuracy: 0.5454545454545454 19 1
Communication round: 29, Aggregated Accuracies: 0.4363095238095239 20
Communication round: 29, Eavesdropper Accuracy: 0.7227272727272728 20 1
Communication round: 30, Aggregated Accuracies: 0.5402380952380954 21
Communication round: 30, Eavesdropper Accuracy: 0.7090909090909091 21 1
Communication round: 31, Aggregated Accuracies: 0.5589285714285713 22
Communication round: 31, Eavesdropper Accuracy: 0.8295454545454546 22 1
Communication round: 32, Aggregated Accuracies: 0.6251190476190476 23
Communication round: 32, Eavesdropper Accuracy: 0.7431818181818182 23 1
Communication round: 33, Aggregated Accuracies: 0.5951190476190474 24
Communication round: 33, Eavesdropper Accuracy: 0.8181818181818182 24 1
Communication round: 34, Eavesdropper Accuracy: 0.825 25 1
Communication round: 35, Eavesdropper Accuracy: 0.8181818181818182 25 0
Communication round: 36, Eavesdropper Accuracy: 0.8136363636363636 26 1
Communication round: 37, Eavesdropper Accuracy: 0.8340909090909091 26 0
Communication round: 38, Eavesdropper Accuracy: 0.7931818181818182 26 0
Communication round: 39, Aggregated Accuracies: 0.6620238095238093 27
Communication round: 39, Eavesdropper Accuracy: 0.7772727272727272 27 1
Communication round: 40, Aggregated Accuracies: 0.6808333333333332 28
Communication round: 40, Eavesdropper Accuracy: 0.8545454545454545 28 1
Communication round: 41, Aggregated Accuracies: 0.7096428571428572 29
Communication round: 41, Eavesdropper Accuracy: 0.85 29 1
Communication round: 42, Aggregated Accuracies: 0.7371428571428572 30
Communication round: 42, Eavesdropper Accuracy: 0.875 30 1
Communication round: 43, Eavesdropper Accuracy: 0.8545454545454545 30 0
Communication round: 44, Eavesdropper Accuracy: 0.8636363636363636 30 0
Communication round: 45, Aggregated Accuracies: 0.7382142857142856 31
Communication round: 45, Eavesdropper Accuracy: 0.8795454545454545 31 1
Communication round: 46, Eavesdropper Accuracy: 0.8795454545454545 31 0
Communication round: 47, Eavesdropper Accuracy: 0.8545454545454545 31 0
Communication round: 48, Eavesdropper Accuracy: 0.8590909090909091 31 0
Communication round: 49, Eavesdropper Accuracy: 0.8409090909090909 32 1
Communication round: 50, Aggregated Accuracies: 0.7630952380952378 33
Communication round: 50, Eavesdropper Accuracy: 0.8954545454545455 33 1
Communication round: 51, Aggregated Accuracies: 0.7863095238095233 34
Communication round: 51, Eavesdropper Accuracy: 0.8590909090909091 34 1
Communication round: 52, Aggregated Accuracies: 0.7726190476190478 35
Communication round: 52, Eavesdropper Accuracy: 0.865909090909091 35 1
Communication round: 53, Aggregated Accuracies: 0.7801190476190477 36
Communication round: 53, Eavesdropper Accuracy: 0.8454545454545455 36 1
Communication round: 54, Eavesdropper Accuracy: 0.884090909090909 36 0
Communication round: 55, Aggregated Accuracies: 0.796904761904762 37
Communication round: 55, Eavesdropper Accuracy: 0.8954545454545455 37 1
Communication round: 56, Eavesdropper Accuracy: 0.8954545454545455 37 0
Communication round: 57, Eavesdropper Accuracy: 0.865909090909091 38 1
Communication round: 58, Eavesdropper Accuracy: 0.9 38 0
Communication round: 59, Eavesdropper Accuracy: 0.8863636363636364 38 0
Communication round: 60, Eavesdropper Accuracy: 0.9159090909090909 38 0
Communication round: 61, Eavesdropper Accuracy: 0.8863636363636364 38 0
Communication round: 62, Eavesdropper Accuracy: 0.8977272727272727 38 0
Communication round: 63, Eavesdropper Accuracy: 0.8795454545454545 38 0
Communication round: 64, Eavesdropper Accuracy: 0.9022727272727272 38 0
Communication round: 65, Eavesdropper Accuracy: 0.884090909090909 38 0
Communication round: 66, Eavesdropper Accuracy: 0.8795454545454545 38 0
Communication round: 67, Eavesdropper Accuracy: 0.9204545454545454 38 0
Communication round: 68, Eavesdropper Accuracy: 0.8954545454545455 38 0
Communication round: 69, Eavesdropper Accuracy: 0.9045454545454545 38 0
Communication round: 70, Eavesdropper Accuracy: 0.8727272727272727 38 0
Communication round: 71, Eavesdropper Accuracy: 0.8863636363636364 38 0
Communication round: 72, Eavesdropper Accuracy: 0.9136363636363637 38 0
Communication round: 73, Eavesdropper Accuracy: 0.8954545454545455 38 0
Communication round: 74, Eavesdropper Accuracy: 0.8977272727272727 38 0
Communication round: 75, Smart Eavesdropper Accuracy: 0.9181818181818182 38 0
Communication round: 76, Eavesdropper Accuracy: 0.8818181818181818 39 1
Communication round: 77, Smart Eavesdropper Accuracy: 0.9 39 0
Communication round: 78, Aggregated Accuracies: 0.815 40
Communication round: 78, Eavesdropper Accuracy: 0.9136363636363637 40 1
Communication round: 79, Smart Eavesdropper Accuracy: 0.9 40 0
Communication round: 80, Aggregated Accuracies: 0.8057142857142859 41
Communication round: 80, Eavesdropper Accuracy: 0.9227272727272727 41 1
Communication round: 81, Eavesdropper Accuracy: 0.9022727272727272 42 1
Communication round: 82, Eavesdropper Accuracy: 0.8977272727272727 43 1
Communication round: 83, Eavesdropper Accuracy: 0.9022727272727272 43 0
Communication round: 84, Eavesdropper Accuracy: 0.9022727272727272 43 0
Communication round: 85, Smart Eavesdropper Accuracy: 0.9227272727272727 43 0
Communication round: 86, Smart Eavesdropper Accuracy: 0.9295454545454546 43 0
Communication round: 87, Smart Eavesdropper Accuracy: 0.8568181818181818 44 1
Communication round: 88, Smart Eavesdropper Accuracy: 0.8954545454545455 44 0
Communication round: 89, Smart Eavesdropper Accuracy: 0.4954545454545455 44 0
Communication round: 90, Smart Eavesdropper Accuracy: 0.8704545454545455 44 0
Communication round: 91, Smart Eavesdropper Accuracy: 0.8409090909090909 44 0
Communication round: 92, Smart Eavesdropper Accuracy: 0.8681818181818182 44 0
Communication round: 93, Smart Eavesdropper Accuracy: 0.8568181818181818 45 1
Communication round: 94, Smart Eavesdropper Accuracy: 0.85 45 0
Communication round: 95, Smart Eavesdropper Accuracy: 0.825 45 0
Communication round: 96, Smart Eavesdropper Accuracy: 0.865909090909091 45 0
Communication round: 97, Smart Eavesdropper Accuracy: 0.8204545454545454 46 1
Communication round: 98, Aggregated Accuracies: 0.8170238095238096 47
Communication round: 98, Smart Eavesdropper Accuracy: 0.7772727272727272 47 1
Communication round: 99, Aggregated Accuracies: 0.8233333333333336 48
Communication round: 99, Smart Eavesdropper Accuracy: 0.8045454545454546 48 1
----------------------------------------------------------------------------------------------------
----------------------------------------------------------------------------------------------------
P0_False_
----------------------------------------------------------------------------------------------------
Communication round: 0, Eavesdropper Accuracy: 0.0659090909090909 1 1
Communication round: 1, Eavesdropper Accuracy: 0.05 2 1
Communication round: 2, Eavesdropper Accuracy: 0.04090909090909091 2 0
Communication round: 3, Smart Eavesdropper Accuracy: 0.09545454545454546 2 0
Communication round: 4, Eavesdropper Accuracy: 0.05 3 1
Communication round: 5, Eavesdropper Accuracy: 0.056818181818181816 4 1
Communication round: 6, Eavesdropper Accuracy: 0.03636363636363636 4 0
Communication round: 7, Smart Eavesdropper Accuracy: 0.12272727272727273 4 0
Communication round: 8, Smart Eavesdropper Accuracy: 0.15 4 0
Communication round: 9, Smart Eavesdropper Accuracy: 0.2590909090909091 4 0
Communication round: 10, Smart Eavesdropper Accuracy: 0.20227272727272727 5 1
Communication round: 11, Smart Eavesdropper Accuracy: 0.20454545454545456 5 0
Communication round: 12, Smart Eavesdropper Accuracy: 0.25 5 0
Communication round: 13, Aggregated Accuracies: 0.15011904761904765 6
Communication round: 13, Smart Eavesdropper Accuracy: 0.29318181818181815 6 1
Communication round: 14, Smart Eavesdropper Accuracy: 0.29318181818181815 7 1
Communication round: 15, Smart Eavesdropper Accuracy: 0.225 7 0
Communication round: 16, Aggregated Accuracies: 0.12619047619047621 8
Communication round: 16, Smart Eavesdropper Accuracy: 0.24772727272727274 8 1
Communication round: 17, Aggregated Accuracies: 0.16404761904761903 9
Communication round: 17, Smart Eavesdropper Accuracy: 0.2681818181818182 9 1
Communication round: 18, Eavesdropper Accuracy: 0.22727272727272727 10 1
Communication round: 19, Eavesdropper Accuracy: 0.22954545454545455 11 1
Communication round: 20, Aggregated Accuracies: 0.1963095238095238 12
Communication round: 20, Eavesdropper Accuracy: 0.31363636363636366 12 1
Communication round: 21, Eavesdropper Accuracy: 0.29545454545454547 13 1
Communication round: 22, Eavesdropper Accuracy: 0.29772727272727273 13 0
Communication round: 23, Eavesdropper Accuracy: 0.35454545454545455 13 0
Communication round: 24, Eavesdropper Accuracy: 0.29318181818181815 13 0
Communication round: 25, Smart Eavesdropper Accuracy: 0.29772727272727273 13 0
Communication round: 26, Smart Eavesdropper Accuracy: 0.17954545454545454 13 0
Communication round: 27, Smart Eavesdropper Accuracy: 0.10909090909090909 13 0
Communication round: 28, Smart Eavesdropper Accuracy: 0.19772727272727272 13 0
Communication round: 29, Smart Eavesdropper Accuracy: 0.21136363636363636 13 0
Communication round: 30, Smart Eavesdropper Accuracy: 0.19772727272727272 13 0
Communication round: 31, Smart Eavesdropper Accuracy: 0.18181818181818182 13 0
Communication round: 32, Smart Eavesdropper Accuracy: 0.2159090909090909 13 0
Communication round: 33, Smart Eavesdropper Accuracy: 0.20454545454545456 13 0
Communication round: 34, Smart Eavesdropper Accuracy: 0.20909090909090908 13 0
Communication round: 35, Smart Eavesdropper Accuracy: 0.19090909090909092 13 0
Communication round: 36, Smart Eavesdropper Accuracy: 0.20909090909090908 13 0
Communication round: 37, Smart Eavesdropper Accuracy: 0.25681818181818183 13 0
Communication round: 38, Smart Eavesdropper Accuracy: 0.21818181818181817 13 0
Communication round: 39, Smart Eavesdropper Accuracy: 0.21363636363636362 13 0
Communication round: 40, Smart Eavesdropper Accuracy: 0.2818181818181818 13 0
Communication round: 41, Smart Eavesdropper Accuracy: 0.2681818181818182 13 0
Communication round: 42, Aggregated Accuracies: 0.3040476190476191 14
Communication round: 42, Smart Eavesdropper Accuracy: 0.32272727272727275 14 1
Communication round: 43, Aggregated Accuracies: 0.40404761904761877 15
Communication round: 43, Smart Eavesdropper Accuracy: 0.29318181818181815 15 1
Communication round: 44, Aggregated Accuracies: 0.4441666666666667 16
Communication round: 44, Smart Eavesdropper Accuracy: 0.37272727272727274 16 1
Communication round: 45, Aggregated Accuracies: 0.5566666666666666 17
Communication round: 45, Smart Eavesdropper Accuracy: 0.3340909090909091 17 1
Communication round: 46, Smart Eavesdropper Accuracy: 0.33636363636363636 18 1
Communication round: 47, Smart Eavesdropper Accuracy: 0.33636363636363636 18 0
Communication round: 48, Smart Eavesdropper Accuracy: 0.3431818181818182 18 0
Communication round: 49, Smart Eavesdropper Accuracy: 0.3409090909090909 18 0
Communication round: 50, Smart Eavesdropper Accuracy: 0.32272727272727275 18 0
Communication round: 51, Smart Eavesdropper Accuracy: 0.2840909090909091 19 1
Communication round: 52, Smart Eavesdropper Accuracy: 0.3181818181818182 20 1
Communication round: 53, Smart Eavesdropper Accuracy: 0.375 20 0
Communication round: 54, Smart Eavesdropper Accuracy: 0.3386363636363636 21 1
Communication round: 55, Smart Eavesdropper Accuracy: 0.3522727272727273 22 1
Communication round: 56, Aggregated Accuracies: 0.594761904761905 23
Communication round: 56, Smart Eavesdropper Accuracy: 0.3613636363636364 23 1
Communication round: 57, Aggregated Accuracies: 0.626904761904762 24
Communication round: 57, Smart Eavesdropper Accuracy: 0.2909090909090909 24 1
Communication round: 58, Smart Eavesdropper Accuracy: 0.33636363636363636 24 0
Communication round: 59, Smart Eavesdropper Accuracy: 0.32045454545454544 25 1
Communication round: 60, Smart Eavesdropper Accuracy: 0.2818181818181818 26 1
Communication round: 61, Smart Eavesdropper Accuracy: 0.3795454545454545 27 1
Communication round: 62, Smart Eavesdropper Accuracy: 0.31363636363636366 28 1
Communication round: 63, Smart Eavesdropper Accuracy: 0.3522727272727273 29 1
Communication round: 64, Smart Eavesdropper Accuracy: 0.36818181818181817 30 1
Communication round: 65, Smart Eavesdropper Accuracy: 0.35 31 1
Communication round: 66, Smart Eavesdropper Accuracy: 0.3659090909090909 32 1
Communication round: 67, Smart Eavesdropper Accuracy: 0.3704545454545455 33 1
Communication round: 68, Smart Eavesdropper Accuracy: 0.37727272727272726 34 1
Communication round: 69, Smart Eavesdropper Accuracy: 0.3704545454545455 35 1
Communication round: 70, Eavesdropper Accuracy: 0.8704545454545455 36 1
Communication round: 71, Aggregated Accuracies: 0.6423809523809523 37
Communication round: 71, Eavesdropper Accuracy: 0.8204545454545454 37 1
Communication round: 72, Eavesdropper Accuracy: 0.8613636363636363 38 1
Communication round: 73, Aggregated Accuracies: 0.6925 39
Communication round: 73, Eavesdropper Accuracy: 0.8340909090909091 39 1
Communication round: 74, Aggregated Accuracies: 0.7226190476190473 40
Communication round: 74, Eavesdropper Accuracy: 0.8431818181818181 40 1
Communication round: 75, Aggregated Accuracies: 0.772857142857143 41
Communication round: 75, Eavesdropper Accuracy: 0.8909090909090909 41 1
Communication round: 76, Aggregated Accuracies: 0.7551190476190477 42
Communication round: 76, Eavesdropper Accuracy: 0.8977272727272727 42 1
Communication round: 77, Aggregated Accuracies: 0.792380952380952 43
Communication round: 77, Eavesdropper Accuracy: 0.8818181818181818 43 1
Communication round: 78, Aggregated Accuracies: 0.8036904761904764 44
Communication round: 78, Eavesdropper Accuracy: 0.9181818181818182 44 1
Communication round: 79, Aggregated Accuracies: 0.8003571428571433 45
Communication round: 79, Eavesdropper Accuracy: 0.884090909090909 45 1
Communication round: 80, Aggregated Accuracies: 0.8152380952380954 46
Communication round: 80, Eavesdropper Accuracy: 0.8886363636363637 46 1
Communication round: 81, Aggregated Accuracies: 0.8333333333333335 47
Communication round: 81, Eavesdropper Accuracy: 0.925 47 1
Communication round: 82, Aggregated Accuracies: 0.8384523809523806 48
Communication round: 82, Eavesdropper Accuracy: 0.9 48 1
Communication round: 83, Aggregated Accuracies: 0.8449999999999999 49
Communication round: 83, Eavesdropper Accuracy: 0.9272727272727272 49 1
Communication round: 84, Aggregated Accuracies: 0.8473809523809526 50
Communication round: 84, Eavesdropper Accuracy: 0.9272727272727272 50 1
Communication round: 85, Aggregated Accuracies: 0.8564285714285715 51
Communication round: 85, Eavesdropper Accuracy: 0.9340909090909091 51 1
Communication round: 86, Aggregated Accuracies: 0.8589285714285717 52
Communication round: 86, Eavesdropper Accuracy: 0.925 52 1
Communication round: 87, Eavesdropper Accuracy: 0.9386363636363636 52 0
Communication round: 88, Aggregated Accuracies: 0.8640476190476193 53
Communication round: 88, Eavesdropper Accuracy: 0.9318181818181818 53 1
Communication round: 89, Aggregated Accuracies: 0.8623809523809524 54
Communication round: 89, Eavesdropper Accuracy: 0.925 54 1
Communication round: 90, Aggregated Accuracies: 0.874404761904762 55
Communication round: 90, Eavesdropper Accuracy: 0.9295454545454546 55 1
Communication round: 91, Aggregated Accuracies: 0.8770238095238096 56
Communication round: 91, Eavesdropper Accuracy: 0.9318181818181818 56 1
Communication round: 92, Aggregated Accuracies: 0.8819047619047617 57
Communication round: 92, Eavesdropper Accuracy: 0.9386363636363636 57 1
Communication round: 93, Eavesdropper Accuracy: 0.9431818181818182 57 0
Communication round: 94, Eavesdropper Accuracy: 0.9227272727272727 57 0
Communication round: 95, Eavesdropper Accuracy: 0.9295454545454546 57 0
Communication round: 96, Eavesdropper Accuracy: 0.95 57 0
Communication round: 97, Eavesdropper Accuracy: 0.9522727272727273 57 0
Communication round: 98, Eavesdropper Accuracy: 0.9545454545454546 57 0
Communication round: 99, Eavesdropper Accuracy: 0.9272727272727272 57 0
----------------------------------------------------------------------------------------------------
----------------------------------------------------------------------------------------------------
P0_False_
----------------------------------------------------------------------------------------------------
Communication round: 0, Eavesdropper Accuracy: 0.08636363636363636 1 1
Communication round: 1, Smart Eavesdropper Accuracy: 0.07727272727272727 1 0
Communication round: 2, Eavesdropper Accuracy: 0.1 2 1
Communication round: 3, Smart Eavesdropper Accuracy: 0.09318181818181819 2 0
Communication round: 4, Eavesdropper Accuracy: 0.08636363636363636 3 1
Communication round: 5, Smart Eavesdropper Accuracy: 0.11136363636363636 3 0
Communication round: 6, Smart Eavesdropper Accuracy: 0.12727272727272726 3 0
Communication round: 7, Smart Eavesdropper Accuracy: 0.1431818181818182 3 0
Communication round: 8, Smart Eavesdropper Accuracy: 0.1318181818181818 3 0
Communication round: 9, Smart Eavesdropper Accuracy: 0.16818181818181818 3 0
Communication round: 10, Smart Eavesdropper Accuracy: 0.1159090909090909 4 1
Communication round: 11, Aggregated Accuracies: 0.13357142857142856 5
Communication round: 11, Smart Eavesdropper Accuracy: 0.14545454545454545 5 1
Communication round: 12, Aggregated Accuracies: 0.2186904761904761 6
Communication round: 12, Smart Eavesdropper Accuracy: 0.16818181818181818 6 1
Communication round: 13, Smart Eavesdropper Accuracy: 0.17954545454545454 6 0
Communication round: 14, Smart Eavesdropper Accuracy: 0.17272727272727273 6 0
Communication round: 15, Smart Eavesdropper Accuracy: 0.16818181818181818 6 0
Communication round: 16, Smart Eavesdropper Accuracy: 0.16363636363636364 6 0
Communication round: 17, Smart Eavesdropper Accuracy: 0.2 6 0
Communication round: 18, Smart Eavesdropper Accuracy: 0.2409090909090909 7 1
Communication round: 19, Smart Eavesdropper Accuracy: 0.15227272727272728 7 0
Communication round: 20, Smart Eavesdropper Accuracy: 0.16136363636363638 8 1
Communication round: 21, Smart Eavesdropper Accuracy: 0.17954545454545454 9 1
Communication round: 22, Smart Eavesdropper Accuracy: 0.14545454545454545 9 0
Communication round: 23, Smart Eavesdropper Accuracy: 0.18863636363636363 9 0
Communication round: 24, Smart Eavesdropper Accuracy: 0.23863636363636365 10 1
Communication round: 25, Smart Eavesdropper Accuracy: 0.2318181818181818 11 1
Communication round: 26, Smart Eavesdropper Accuracy: 0.25 11 0
Communication round: 27, Smart Eavesdropper Accuracy: 0.175 12 1
Communication round: 28, Smart Eavesdropper Accuracy: 0.22727272727272727 12 0
