----------------------------------------------------------------------------------------------------
50_30_100_0.1_8_0.99_False_
----------------------------------------------------------------------------------------------------
Communication round: 0, Smart Eavesdropper Accuracy: 0.08863636363636364 0 0
Communication round: 1, Smart Eavesdropper Accuracy: 0.18863636363636363 0 0
Communication round: 2, Smart Eavesdropper Accuracy: 0.17954545454545454 0 0
Communication round: 3, Smart Eavesdropper Accuracy: 0.16136363636363638 0 0
Communication round: 4, Smart Eavesdropper Accuracy: 0.18409090909090908 0 0
Communication round: 5, Smart Eavesdropper Accuracy: 0.12954545454545455 1 1
Communication round: 6, Smart Eavesdropper Accuracy: 0.16363636363636364 2 1
Communication round: 7, Smart Eavesdropper Accuracy: 0.19772727272727272 2 0
Communication round: 8, Aggregated Accuracies: 0.1301190476190476 3
Communication round: 8, Smart Eavesdropper Accuracy: 0.19772727272727272 3 1
Communication round: 9, Aggregated Accuracies: 0.14261904761904765 4
Communication round: 9, Smart Eavesdropper Accuracy: 0.20681818181818182 4 1
Communication round: 10, Aggregated Accuracies: 0.17011904761904767 5
Communication round: 10, Smart Eavesdropper Accuracy: 0.19772727272727272 5 1
Communication round: 11, Aggregated Accuracies: 0.18416666666666662 6
Communication round: 11, Smart Eavesdropper Accuracy: 0.25 6 1
Communication round: 12, Eavesdropper Accuracy: 0.19090909090909092 7 1
Communication round: 13, Eavesdropper Accuracy: 0.20681818181818182 8 1
Communication round: 14, Eavesdropper Accuracy: 0.18636363636363637 9 1
Communication round: 15, Aggregated Accuracies: 0.20904761904761904 10
Communication round: 15, Eavesdropper Accuracy: 0.23863636363636365 10 1
Communication round: 16, Aggregated Accuracies: 0.2172619047619046 11
Communication round: 16, Eavesdropper Accuracy: 0.21818181818181817 11 1
Communication round: 17, Aggregated Accuracies: 0.23011904761904764 12
Communication round: 17, Eavesdropper Accuracy: 0.24772727272727274 12 1
Communication round: 18, Eavesdropper Accuracy: 0.2409090909090909 12 0
Communication round: 19, Aggregated Accuracies: 0.23833333333333326 13
Communication round: 19, Eavesdropper Accuracy: 0.24545454545454545 13 1
Communication round: 20, Eavesdropper Accuracy: 0.25227272727272726 14 1
Communication round: 21, Eavesdropper Accuracy: 0.24545454545454545 14 0
Communication round: 22, Aggregated Accuracies: 0.24773809523809517 15
Communication round: 22, Eavesdropper Accuracy: 0.25681818181818183 15 1
Communication round: 23, Eavesdropper Accuracy: 0.26590909090909093 15 0
Communication round: 24, Aggregated Accuracies: 0.2497619047619047 16
Communication round: 24, Eavesdropper Accuracy: 0.2772727272727273 16 1
Communication round: 25, Eavesdropper Accuracy: 0.25681818181818183 16 0
Communication round: 26, Aggregated Accuracies: 0.2608333333333333 17
Communication round: 26, Eavesdropper Accuracy: 0.28863636363636364 17 1
Communication round: 27, Eavesdropper Accuracy: 0.29318181818181815 18 1
Communication round: 28, Eavesdropper Accuracy: 0.28863636363636364 19 1
Communication round: 29, Eavesdropper Accuracy: 0.2772727272727273 20 1
Communication round: 30, Aggregated Accuracies: 0.266547619047619 21
Communication round: 30, Eavesdropper Accuracy: 0.31136363636363634 21 1
Communication round: 31, Aggregated Accuracies: 0.2701190476190476 22
Communication round: 31, Eavesdropper Accuracy: 0.28863636363636364 22 1
Communication round: 32, Aggregated Accuracies: 0.2765476190476191 23
Communication round: 32, Eavesdropper Accuracy: 0.2909090909090909 23 1
Communication round: 33, Eavesdropper Accuracy: 0.2863636363636364 23 0
Communication round: 34, Eavesdropper Accuracy: 0.2681818181818182 23 0
Communication round: 35, Aggregated Accuracies: 0.2780952380952381 24
Communication round: 35, Eavesdropper Accuracy: 0.27954545454545454 24 1
Communication round: 36, Eavesdropper Accuracy: 0.2863636363636364 25 1
Communication round: 37, Eavesdropper Accuracy: 0.2863636363636364 26 1
Communication round: 38, Aggregated Accuracies: 0.288452380952381 27
Communication round: 38, Eavesdropper Accuracy: 0.3 27 1
Communication round: 39, Eavesdropper Accuracy: 0.29318181818181815 27 0
Communication round: 40, Eavesdropper Accuracy: 0.29318181818181815 27 0
Communication round: 41, Eavesdropper Accuracy: 0.3 27 0
Communication round: 42, Eavesdropper Accuracy: 0.2727272727272727 27 0
Communication round: 43, Eavesdropper Accuracy: 0.29545454545454547 27 0
Communication round: 44, Eavesdropper Accuracy: 0.2840909090909091 27 0
Communication round: 45, Eavesdropper Accuracy: 0.3 27 0
Communication round: 46, Eavesdropper Accuracy: 0.2818181818181818 27 0
Communication round: 47, Eavesdropper Accuracy: 0.2681818181818182 27 0
Communication round: 48, Eavesdropper Accuracy: 0.27954545454545454 27 0
Communication round: 49, Eavesdropper Accuracy: 0.3181818181818182 27 0
Communication round: 50, Eavesdropper Accuracy: 0.3159090909090909 27 0
Communication round: 51, Eavesdropper Accuracy: 0.28863636363636364 27 0
Communication round: 52, Eavesdropper Accuracy: 0.3159090909090909 28 1
Communication round: 53, Eavesdropper Accuracy: 0.2909090909090909 28 0
Communication round: 54, Eavesdropper Accuracy: 0.29545454545454547 28 0
Communication round: 55, Aggregated Accuracies: 0.2932142857142857 29
Communication round: 55, Eavesdropper Accuracy: 0.3159090909090909 29 1
Communication round: 56, Aggregated Accuracies: 0.29845238095238086 30
Communication round: 56, Eavesdropper Accuracy: 0.3090909090909091 30 1
Communication round: 57, Aggregated Accuracies: 0.30214285714285716 31
Communication round: 57, Eavesdropper Accuracy: 0.27045454545454545 31 1
Communication round: 58, Aggregated Accuracies: 0.31023809523809526 32
Communication round: 58, Eavesdropper Accuracy: 0.31136363636363634 32 1
Communication round: 59, Aggregated Accuracies: 0.31250000000000006 33
Communication round: 59, Eavesdropper Accuracy: 0.29545454545454547 33 1
Communication round: 60, Aggregated Accuracies: 0.31916666666666665 34
Communication round: 60, Eavesdropper Accuracy: 0.32954545454545453 34 1
Communication round: 61, Aggregated Accuracies: 0.3230952380952381 35
Communication round: 61, Eavesdropper Accuracy: 0.3386363636363636 35 1
Communication round: 62, Aggregated Accuracies: 0.32428571428571445 36
Communication round: 62, Eavesdropper Accuracy: 0.3409090909090909 36 1
Communication round: 63, Aggregated Accuracies: 0.3308333333333334 37
Communication round: 63, Eavesdropper Accuracy: 0.32954545454545453 37 1
Communication round: 64, Eavesdropper Accuracy: 0.34545454545454546 38 1
Communication round: 65, Eavesdropper Accuracy: 0.3340909090909091 38 0
Communication round: 66, Aggregated Accuracies: 0.33321428571428574 39
Communication round: 66, Eavesdropper Accuracy: 0.33181818181818185 39 1
Communication round: 67, Aggregated Accuracies: 0.33738095238095234 40
Communication round: 67, Eavesdropper Accuracy: 0.325 40 1
Communication round: 68, Aggregated Accuracies: 0.3405952380952381 41
Communication round: 68, Eavesdropper Accuracy: 0.36363636363636365 41 1
Communication round: 69, Aggregated Accuracies: 0.348452380952381 42
Communication round: 69, Eavesdropper Accuracy: 0.3409090909090909 42 1
Communication round: 70, Eavesdropper Accuracy: 0.3477272727272727 42 0
Communication round: 71, Eavesdropper Accuracy: 0.3340909090909091 42 0
Communication round: 72, Eavesdropper Accuracy: 0.3386363636363636 42 0
Communication round: 73, Eavesdropper Accuracy: 0.36363636363636365 42 0
Communication round: 74, Eavesdropper Accuracy: 0.3340909090909091 42 0
Communication round: 75, Eavesdropper Accuracy: 0.3340909090909091 42 0
Communication round: 76, Eavesdropper Accuracy: 0.34545454545454546 42 0
Communication round: 77, Eavesdropper Accuracy: 0.36818181818181817 42 0
Communication round: 78, Eavesdropper Accuracy: 0.35454545454545455 42 0
Communication round: 79, Eavesdropper Accuracy: 0.33636363636363636 42 0
Communication round: 80, Eavesdropper Accuracy: 0.3409090909090909 42 0
Communication round: 81, Eavesdropper Accuracy: 0.33181818181818185 42 0
Communication round: 82, Eavesdropper Accuracy: 0.32272727272727275 42 0
Communication round: 83, Smart Eavesdropper Accuracy: 0.32272727272727275 42 0
Communication round: 84, Smart Eavesdropper Accuracy: 0.32272727272727275 42 0
Communication round: 85, Smart Eavesdropper Accuracy: 0.3159090909090909 42 0
Communication round: 86, Smart Eavesdropper Accuracy: 0.3477272727272727 42 0
Communication round: 87, Smart Eavesdropper Accuracy: 0.36363636363636365 42 0
Communication round: 88, Smart Eavesdropper Accuracy: 0.3704545454545455 42 0
Communication round: 89, Smart Eavesdropper Accuracy: 0.37272727272727274 42 0
Communication round: 90, Smart Eavesdropper Accuracy: 0.31363636363636366 42 0
Communication round: 91, Smart Eavesdropper Accuracy: 0.37272727272727274 42 0
Communication round: 92, Smart Eavesdropper Accuracy: 0.35 42 0
Communication round: 93, Aggregated Accuracies: 0.35440476190476183 43
Communication round: 93, Smart Eavesdropper Accuracy: 0.37272727272727274 43 1
Communication round: 94, Smart Eavesdropper Accuracy: 0.3522727272727273 43 0
Communication round: 95, Smart Eavesdropper Accuracy: 0.36363636363636365 43 0
Communication round: 96, Smart Eavesdropper Accuracy: 0.3522727272727273 43 0
Communication round: 97, Smart Eavesdropper Accuracy: 0.3386363636363636 43 0
Communication round: 98, Smart Eavesdropper Accuracy: 0.36363636363636365 43 0
Communication round: 99, Smart Eavesdropper Accuracy: 0.35 43 0
----------------------------------------------------------------------------------------------------
----------------------------------------------------------------------------------------------------
50_30_100_0.1_8_0.99_False_
----------------------------------------------------------------------------------------------------
Communication round: 0, Smart Eavesdropper Accuracy: 0.09545454545454546 0 0
Communication round: 1, Smart Eavesdropper Accuracy: 0.1340909090909091 0 0
Communication round: 2, Smart Eavesdropper Accuracy: 0.17272727272727273 1 1
Communication round: 3, Smart Eavesdropper Accuracy: 0.22954545454545455 1 0
Communication round: 4, Smart Eavesdropper Accuracy: 0.3068181818181818 2 1
Communication round: 5, Smart Eavesdropper Accuracy: 0.20681818181818182 3 1
Communication round: 6, Eavesdropper Accuracy: 0.1431818181818182 4 1
Communication round: 7, Smart Eavesdropper Accuracy: 0.10909090909090909 4 0
Communication round: 8, Smart Eavesdropper Accuracy: 0.1590909090909091 4 0
Communication round: 9, Smart Eavesdropper Accuracy: 0.17954545454545454 5 1
Communication round: 10, Eavesdropper Accuracy: 0.13636363636363635 6 1
Communication round: 11, Eavesdropper Accuracy: 0.1409090909090909 7 1
Communication round: 12, Aggregated Accuracies: 0.15226190476190474 8
Communication round: 12, Eavesdropper Accuracy: 0.16136363636363638 8 1
Communication round: 13, Eavesdropper Accuracy: 0.2 9 1
Communication round: 14, Eavesdropper Accuracy: 0.17272727272727273 9 0
Communication round: 15, Eavesdropper Accuracy: 0.18636363636363637 10 1
Communication round: 16, Eavesdropper Accuracy: 0.18409090909090908 11 1
Communication round: 17, Aggregated Accuracies: 0.19035714285714284 12
Communication round: 17, Eavesdropper Accuracy: 0.21136363636363636 12 1
Communication round: 18, Aggregated Accuracies: 0.2224999999999999 13
Communication round: 18, Eavesdropper Accuracy: 0.2318181818181818 13 1
Communication round: 19, Aggregated Accuracies: 0.24547619047619038 14
Communication round: 19, Eavesdropper Accuracy: 0.2909090909090909 14 1
Communication round: 20, Eavesdropper Accuracy: 0.27954545454545454 15 1
Communication round: 21, Aggregated Accuracies: 0.2645238095238095 16
Communication round: 21, Eavesdropper Accuracy: 0.27045454545454545 16 1
Communication round: 22, Aggregated Accuracies: 0.2813095238095238 17
Communication round: 22, Eavesdropper Accuracy: 0.28863636363636364 17 1
Communication round: 23, Eavesdropper Accuracy: 0.3090909090909091 18 1
Communication round: 24, Eavesdropper Accuracy: 0.3068181818181818 19 1
Communication round: 25, Eavesdropper Accuracy: 0.2840909090909091 20 1
Communication round: 26, Eavesdropper Accuracy: 0.2909090909090909 21 1
Communication round: 27, Eavesdropper Accuracy: 0.29772727272727273 22 1
Communication round: 28, Eavesdropper Accuracy: 0.2863636363636364 23 1
Communication round: 29, Aggregated Accuracies: 0.2911904761904762 24
Communication round: 29, Eavesdropper Accuracy: 0.30227272727272725 24 1
Communication round: 30, Eavesdropper Accuracy: 0.31136363636363634 25 1
Communication round: 31, Eavesdropper Accuracy: 0.27045454545454545 26 1
Communication round: 32, Aggregated Accuracies: 0.3008333333333333 27
Communication round: 32, Eavesdropper Accuracy: 0.3090909090909091 27 1
Communication round: 33, Aggregated Accuracies: 0.3086904761904762 28
Communication round: 33, Eavesdropper Accuracy: 0.2863636363636364 28 1
Communication round: 34, Eavesdropper Accuracy: 0.30454545454545456 29 1
Communication round: 35, Eavesdropper Accuracy: 0.31363636363636366 29 0
Communication round: 36, Eavesdropper Accuracy: 0.32727272727272727 30 1
Communication round: 37, Aggregated Accuracies: 0.3148809523809525 31
Communication round: 37, Eavesdropper Accuracy: 0.3 31 1
Communication round: 38, Eavesdropper Accuracy: 0.29772727272727273 32 1
Communication round: 39, Aggregated Accuracies: 0.31750000000000006 33
Communication round: 39, Eavesdropper Accuracy: 0.32045454545454544 33 1
Communication round: 40, Aggregated Accuracies: 0.3185714285714285 34
Communication round: 40, Eavesdropper Accuracy: 0.32045454545454544 34 1
Communication round: 41, Aggregated Accuracies: 0.3248809523809523 35
Communication round: 41, Eavesdropper Accuracy: 0.3090909090909091 35 1
Communication round: 42, Aggregated Accuracies: 0.32916666666666666 36
Communication round: 42, Eavesdropper Accuracy: 0.3181818181818182 36 1
Communication round: 43, Aggregated Accuracies: 0.32392857142857145 37
Communication round: 43, Eavesdropper Accuracy: 0.325 37 1
Communication round: 44, Eavesdropper Accuracy: 0.30454545454545456 38 1
Communication round: 45, Eavesdropper Accuracy: 0.3068181818181818 39 1
Communication round: 46, Eavesdropper Accuracy: 0.31136363636363634 40 1
Communication round: 47, Eavesdropper Accuracy: 0.31136363636363634 40 0
Communication round: 48, Eavesdropper Accuracy: 0.2818181818181818 40 0
Communication round: 49, Eavesdropper Accuracy: 0.3090909090909091 40 0
Communication round: 50, Aggregated Accuracies: 0.32904761904761903 41
Communication round: 50, Eavesdropper Accuracy: 0.3068181818181818 41 1
Communication round: 51, Eavesdropper Accuracy: 0.31363636363636366 42 1
Communication round: 52, Eavesdropper Accuracy: 0.32727272727272727 42 0
Communication round: 53, Aggregated Accuracies: 0.33452380952380945 43
Communication round: 53, Eavesdropper Accuracy: 0.30227272727272725 43 1
Communication round: 54, Eavesdropper Accuracy: 0.31363636363636366 44 1
Communication round: 55, Eavesdropper Accuracy: 0.2818181818181818 44 0
Communication round: 56, Aggregated Accuracies: 0.3297619047619048 45
Communication round: 56, Eavesdropper Accuracy: 0.29318181818181815 45 1
Communication round: 57, Aggregated Accuracies: 0.3283333333333333 46
Communication round: 57, Eavesdropper Accuracy: 0.29772727272727273 46 1
Communication round: 58, Eavesdropper Accuracy: 0.29772727272727273 46 0
Communication round: 59, Eavesdropper Accuracy: 0.2863636363636364 46 0
Communication round: 60, Aggregated Accuracies: 0.32726190476190486 47
Communication round: 60, Eavesdropper Accuracy: 0.30454545454545456 47 1
Communication round: 61, Aggregated Accuracies: 0.3304761904761904 48
Communication round: 61, Eavesdropper Accuracy: 0.3 48 1
Communication round: 62, Eavesdropper Accuracy: 0.3 48 0
Communication round: 63, Eavesdropper Accuracy: 0.32045454545454544 48 0
Communication round: 64, Aggregated Accuracies: 0.3351190476190476 49
Communication round: 64, Eavesdropper Accuracy: 0.32272727272727275 49 1
Communication round: 65, Aggregated Accuracies: 0.3347619047619048 50
Communication round: 65, Eavesdropper Accuracy: 0.2727272727272727 50 1
Communication round: 66, Aggregated Accuracies: 0.33619047619047615 51
Communication round: 66, Eavesdropper Accuracy: 0.2863636363636364 51 1
Communication round: 67, Aggregated Accuracies: 0.33833333333333326 52
Communication round: 67, Eavesdropper Accuracy: 0.30454545454545456 52 1
Communication round: 68, Aggregated Accuracies: 0.33642857142857147 53
Communication round: 68, Eavesdropper Accuracy: 0.29318181818181815 53 1
Communication round: 69, Aggregated Accuracies: 0.3388095238095237 54
Communication round: 69, Eavesdropper Accuracy: 0.29772727272727273 54 1
Communication round: 70, Aggregated Accuracies: 0.34083333333333343 55
Communication round: 70, Eavesdropper Accuracy: 0.32045454545454544 55 1
Communication round: 71, Aggregated Accuracies: 0.3420238095238095 56
Communication round: 71, Eavesdropper Accuracy: 0.3340909090909091 56 1
Communication round: 72, Aggregated Accuracies: 0.3415476190476191 57
Communication round: 72, Eavesdropper Accuracy: 0.31136363636363634 57 1
Communication round: 73, Eavesdropper Accuracy: 0.33636363636363636 57 0
Communication round: 74, Eavesdropper Accuracy: 0.30454545454545456 57 0
Communication round: 75, Eavesdropper Accuracy: 0.32954545454545453 57 0
Communication round: 76, Eavesdropper Accuracy: 0.3068181818181818 57 0
Communication round: 77, Eavesdropper Accuracy: 0.32954545454545453 57 0
Communication round: 78, Eavesdropper Accuracy: 0.3704545454545455 57 0
Communication round: 79, Eavesdropper Accuracy: 0.3613636363636364 57 0
Communication round: 80, Eavesdropper Accuracy: 0.35 57 0
Communication round: 81, Eavesdropper Accuracy: 0.3340909090909091 57 0
Communication round: 82, Eavesdropper Accuracy: 0.3386363636363636 57 0
Communication round: 83, Eavesdropper Accuracy: 0.31363636363636366 57 0
Communication round: 84, Eavesdropper Accuracy: 0.31136363636363634 57 0
Communication round: 85, Eavesdropper Accuracy: 0.3159090909090909 57 0
Communication round: 86, Eavesdropper Accuracy: 0.32954545454545453 57 0
Communication round: 87, Eavesdropper Accuracy: 0.33181818181818185 57 0
Communication round: 88, Eavesdropper Accuracy: 0.325 57 0
Communication round: 89, Eavesdropper Accuracy: 0.3409090909090909 57 0
Communication round: 90, Eavesdropper Accuracy: 0.3431818181818182 57 0
Communication round: 91, Eavesdropper Accuracy: 0.33181818181818185 57 0
Communication round: 92, Eavesdropper Accuracy: 0.32954545454545453 57 0
Communication round: 93, Eavesdropper Accuracy: 0.32727272727272727 57 0
Communication round: 94, Eavesdropper Accuracy: 0.3386363636363636 57 0
Communication round: 95, Eavesdropper Accuracy: 0.3409090909090909 57 0
Communication round: 96, Eavesdropper Accuracy: 0.33636363636363636 57 0
Communication round: 97, Eavesdropper Accuracy: 0.3181818181818182 57 0
Communication round: 98, Eavesdropper Accuracy: 0.3340909090909091 57 0
Communication round: 99, Eavesdropper Accuracy: 0.31136363636363634 57 0
----------------------------------------------------------------------------------------------------
----------------------------------------------------------------------------------------------------
50_30_100_0.1_8_0.99_False_
----------------------------------------------------------------------------------------------------
Communication round: 0, Eavesdropper Accuracy: 0.04090909090909091 1 1
Communication round: 1, Smart Eavesdropper Accuracy: 0.07272727272727272 1 0
Communication round: 2, Smart Eavesdropper Accuracy: 0.07272727272727272 1 0
Communication round: 3, Smart Eavesdropper Accuracy: 0.08409090909090909 1 0
Communication round: 4, Smart Eavesdropper Accuracy: 0.14772727272727273 1 0
Communication round: 5, Smart Eavesdropper Accuracy: 0.22727272727272727 1 0
Communication round: 6, Smart Eavesdropper Accuracy: 0.2431818181818182 1 0
Communication round: 7, Smart Eavesdropper Accuracy: 0.20454545454545456 1 0
Communication round: 8, Smart Eavesdropper Accuracy: 0.22272727272727272 1 0
Communication round: 9, Smart Eavesdropper Accuracy: 0.2545454545454545 1 0
Communication round: 10, Smart Eavesdropper Accuracy: 0.2818181818181818 1 0
Communication round: 11, Smart Eavesdropper Accuracy: 0.2681818181818182 2 1
Communication round: 12, Smart Eavesdropper Accuracy: 0.2545454545454545 3 1
Communication round: 13, Smart Eavesdropper Accuracy: 0.26136363636363635 4 1
Communication round: 14, Smart Eavesdropper Accuracy: 0.27954545454545454 5 1
Communication round: 15, Smart Eavesdropper Accuracy: 0.2772727272727273 6 1
Communication round: 16, Smart Eavesdropper Accuracy: 0.30227272727272725 6 0
Communication round: 17, Smart Eavesdropper Accuracy: 0.31136363636363634 6 0
Communication round: 18, Smart Eavesdropper Accuracy: 0.3340909090909091 6 0
Communication round: 19, Smart Eavesdropper Accuracy: 0.30227272727272725 7 1
Communication round: 20, Smart Eavesdropper Accuracy: 0.32045454545454544 8 1
Communication round: 21, Smart Eavesdropper Accuracy: 0.31363636363636366 8 0
Communication round: 22, Smart Eavesdropper Accuracy: 0.2818181818181818 8 0
Communication round: 23, Smart Eavesdropper Accuracy: 0.32727272727272727 9 1
Communication round: 24, Smart Eavesdropper Accuracy: 0.32045454545454544 9 0
Communication round: 25, Smart Eavesdropper Accuracy: 0.29545454545454547 9 0
Communication round: 26, Smart Eavesdropper Accuracy: 0.3159090909090909 9 0
Communication round: 27, Smart Eavesdropper Accuracy: 0.30227272727272725 9 0
Communication round: 28, Smart Eavesdropper Accuracy: 0.31136363636363634 9 0
Communication round: 29, Smart Eavesdropper Accuracy: 0.33636363636363636 9 0
Communication round: 30, Smart Eavesdropper Accuracy: 0.34545454545454546 10 1
Communication round: 31, Smart Eavesdropper Accuracy: 0.36363636363636365 11 1
Communication round: 32, Aggregated Accuracies: 0.06000000000000002 12
Communication round: 32, Smart Eavesdropper Accuracy: 0.3568181818181818 12 1
Communication round: 33, Aggregated Accuracies: 0.06845238095238095 13
Communication round: 33, Smart Eavesdropper Accuracy: 0.35 13 1
Communication round: 34, Aggregated Accuracies: 0.09773809523809524 14
Communication round: 34, Smart Eavesdropper Accuracy: 0.3659090909090909 14 1
Communication round: 35, Aggregated Accuracies: 0.1394047619047619 15
Communication round: 35, Smart Eavesdropper Accuracy: 0.37727272727272726 15 1
Communication round: 36, Aggregated Accuracies: 0.18 16
Communication round: 36, Smart Eavesdropper Accuracy: 0.3977272727272727 16 1
Communication round: 37, Smart Eavesdropper Accuracy: 0.36818181818181817 17 1
Communication round: 38, Smart Eavesdropper Accuracy: 0.39545454545454545 18 1
Communication round: 39, Smart Eavesdropper Accuracy: 0.3977272727272727 18 0
Communication round: 40, Smart Eavesdropper Accuracy: 0.39090909090909093 18 0
Communication round: 41, Smart Eavesdropper Accuracy: 0.3659090909090909 19 1
Communication round: 42, Smart Eavesdropper Accuracy: 0.3886363636363636 20 1
Communication round: 43, Aggregated Accuracies: 0.20059523809523813 21
Communication round: 43, Smart Eavesdropper Accuracy: 0.4113636363636364 21 1
Communication round: 44, Smart Eavesdropper Accuracy: 0.43863636363636366 21 0
Communication round: 45, Smart Eavesdropper Accuracy: 0.4 21 0
Communication round: 46, Smart Eavesdropper Accuracy: 0.3931818181818182 21 0
Communication round: 47, Smart Eavesdropper Accuracy: 0.3977272727272727 21 0
Communication round: 48, Smart Eavesdropper Accuracy: 0.425 21 0
Communication round: 49, Smart Eavesdropper Accuracy: 0.41363636363636364 21 0
Communication round: 50, Smart Eavesdropper Accuracy: 0.4090909090909091 21 0
Communication round: 51, Smart Eavesdropper Accuracy: 0.4113636363636364 21 0
Communication round: 52, Smart Eavesdropper Accuracy: 0.4022727272727273 22 1
Communication round: 53, Aggregated Accuracies: 0.21952380952380943 23
Communication round: 53, Smart Eavesdropper Accuracy: 0.42272727272727273 23 1
Communication round: 54, Smart Eavesdropper Accuracy: 0.4022727272727273 24 1
Communication round: 55, Smart Eavesdropper Accuracy: 0.45454545454545453 25 1
Communication round: 56, Smart Eavesdropper Accuracy: 0.4090909090909091 26 1
Communication round: 57, Aggregated Accuracies: 0.23226190476190467 27
Communication round: 57, Smart Eavesdropper Accuracy: 0.42045454545454547 27 1
Communication round: 58, Aggregated Accuracies: 0.24523809523809517 28
Communication round: 58, Smart Eavesdropper Accuracy: 0.45454545454545453 28 1
Communication round: 59, Aggregated Accuracies: 0.25202380952380954 29
Communication round: 59, Smart Eavesdropper Accuracy: 0.4090909090909091 29 1
Communication round: 60, Aggregated Accuracies: 0.26452380952380955 30
Communication round: 60, Smart Eavesdropper Accuracy: 0.425 30 1
Communication round: 61, Aggregated Accuracies: 0.26869047619047615 31
Communication round: 61, Smart Eavesdropper Accuracy: 0.42954545454545456 31 1
Communication round: 62, Eavesdropper Accuracy: 0.3181818181818182 32 1
Communication round: 63, Aggregated Accuracies: 0.27321428571428574 33
Communication round: 63, Eavesdropper Accuracy: 0.2840909090909091 33 1
Communication round: 64, Aggregated Accuracies: 0.27321428571428574 34
Communication round: 64, Eavesdropper Accuracy: 0.30227272727272725 34 1
Communication round: 65, Aggregated Accuracies: 0.27928571428571425 35
Communication round: 65, Eavesdropper Accuracy: 0.30454545454545456 35 1
Communication round: 66, Aggregated Accuracies: 0.28083333333333327 36
Communication round: 66, Eavesdropper Accuracy: 0.3090909090909091 36 1
Communication round: 67, Aggregated Accuracies: 0.2825 37
Communication round: 67, Eavesdropper Accuracy: 0.32727272727272727 37 1
Communication round: 68, Aggregated Accuracies: 0.286547619047619 38
Communication round: 68, Eavesdropper Accuracy: 0.325 38 1
Communication round: 69, Aggregated Accuracies: 0.2883333333333333 39
Communication round: 69, Eavesdropper Accuracy: 0.31136363636363634 39 1
Communication round: 70, Aggregated Accuracies: 0.2908333333333332 40
Communication round: 70, Eavesdropper Accuracy: 0.3568181818181818 40 1
Communication round: 71, Aggregated Accuracies: 0.29071428571428565 41
Communication round: 71, Eavesdropper Accuracy: 0.3340909090909091 41 1
Communication round: 72, Aggregated Accuracies: 0.29761904761904767 42
Communication round: 72, Eavesdropper Accuracy: 0.3090909090909091 42 1
Communication round: 73, Eavesdropper Accuracy: 0.30227272727272725 42 0
Communication round: 74, Eavesdropper Accuracy: 0.32727272727272727 42 0
Communication round: 75, Eavesdropper Accuracy: 0.3090909090909091 42 0
Communication round: 76, Eavesdropper Accuracy: 0.31136363636363634 42 0
Communication round: 77, Eavesdropper Accuracy: 0.3340909090909091 42 0
Communication round: 78, Eavesdropper Accuracy: 0.33181818181818185 42 0
Communication round: 79, Eavesdropper Accuracy: 0.34545454545454546 42 0
Communication round: 80, Eavesdropper Accuracy: 0.325 42 0
Communication round: 81, Eavesdropper Accuracy: 0.32727272727272727 42 0
Communication round: 82, Eavesdropper Accuracy: 0.32045454545454544 42 0
Communication round: 83, Smart Eavesdropper Accuracy: 0.32727272727272727 42 0
Communication round: 84, Smart Eavesdropper Accuracy: 0.32727272727272727 42 0
Communication round: 85, Smart Eavesdropper Accuracy: 0.32045454545454544 42 0
Communication round: 86, Aggregated Accuracies: 0.29690476190476195 43
Communication round: 86, Smart Eavesdropper Accuracy: 0.3159090909090909 43 1
Communication round: 87, Aggregated Accuracies: 0.2992857142857144 44
Communication round: 87, Smart Eavesdropper Accuracy: 0.32045454545454544 44 1
Communication round: 88, Aggregated Accuracies: 0.30202380952380947 45
Communication round: 88, Eavesdropper Accuracy: 0.3 45 1
Communication round: 89, Aggregated Accuracies: 0.30595238095238086 46
Communication round: 89, Eavesdropper Accuracy: 0.29545454545454547 46 1
Communication round: 90, Aggregated Accuracies: 0.3035714285714286 47
Communication round: 90, Eavesdropper Accuracy: 0.32045454545454544 47 1
Communication round: 91, Aggregated Accuracies: 0.309047619047619 48
Communication round: 91, Eavesdropper Accuracy: 0.2863636363636364 48 1
Communication round: 92, Aggregated Accuracies: 0.31214285714285717 49
Communication round: 92, Eavesdropper Accuracy: 0.33181818181818185 49 1
Communication round: 93, Aggregated Accuracies: 0.3161904761904763 50
Communication round: 93, Eavesdropper Accuracy: 0.3068181818181818 50 1
Communication round: 94, Eavesdropper Accuracy: 0.33181818181818185 50 0
Communication round: 95, Eavesdropper Accuracy: 0.32727272727272727 50 0
Communication round: 96, Eavesdropper Accuracy: 0.30454545454545456 50 0
Communication round: 97, Eavesdropper Accuracy: 0.3068181818181818 50 0
Communication round: 98, Eavesdropper Accuracy: 0.29318181818181815 50 0
Communication round: 99, Smart Eavesdropper Accuracy: 0.32954545454545453 50 0
----------------------------------------------------------------------------------------------------
----------------------------------------------------------------------------------------------------
50_30_100_0.1_8_0.99_False_
----------------------------------------------------------------------------------------------------
Communication round: 0, Smart Eavesdropper Accuracy: 0.08409090909090909 0 0
Communication round: 1, Smart Eavesdropper Accuracy: 0.17272727272727273 0 0
Communication round: 2, Smart Eavesdropper Accuracy: 0.15681818181818183 0 0
Communication round: 3, Smart Eavesdropper Accuracy: 0.1409090909090909 0 0
Communication round: 4, Smart Eavesdropper Accuracy: 0.19318181818181818 0 0
Communication round: 5, Smart Eavesdropper Accuracy: 0.21818181818181817 0 0
Communication round: 6, Smart Eavesdropper Accuracy: 0.2159090909090909 0 0
Communication round: 7, Smart Eavesdropper Accuracy: 0.25681818181818183 0 0
Communication round: 8, Smart Eavesdropper Accuracy: 0.29545454545454547 0 0
Communication round: 9, Smart Eavesdropper Accuracy: 0.2818181818181818 0 0
Communication round: 10, Smart Eavesdropper Accuracy: 0.2681818181818182 0 0
Communication round: 11, Smart Eavesdropper Accuracy: 0.25227272727272726 0 0
Communication round: 12, Smart Eavesdropper Accuracy: 0.2840909090909091 1 1
Communication round: 13, Smart Eavesdropper Accuracy: 0.28863636363636364 2 1
Communication round: 14, Aggregated Accuracies: 0.11154761904761905 3
Communication round: 14, Smart Eavesdropper Accuracy: 0.29545454545454547 3 1
Communication round: 15, Smart Eavesdropper Accuracy: 0.31363636363636366 3 0
Communication round: 16, Smart Eavesdropper Accuracy: 0.29772727272727273 4 1
Communication round: 17, Smart Eavesdropper Accuracy: 0.2636363636363636 5 1
Communication round: 18, Smart Eavesdropper Accuracy: 0.32954545454545453 6 1
Communication round: 19, Smart Eavesdropper Accuracy: 0.30454545454545456 7 1
Communication round: 20, Smart Eavesdropper Accuracy: 0.3159090909090909 8 1
Communication round: 21, Smart Eavesdropper Accuracy: 0.34545454545454546 8 0
Communication round: 22, Smart Eavesdropper Accuracy: 0.33181818181818185 8 0
Communication round: 23, Smart Eavesdropper Accuracy: 0.34545454545454546 9 1
Communication round: 24, Smart Eavesdropper Accuracy: 0.30454545454545456 10 1
Communication round: 25, Smart Eavesdropper Accuracy: 0.3409090909090909 11 1
Communication round: 26, Aggregated Accuracies: 0.13154761904761908 12
Communication round: 26, Smart Eavesdropper Accuracy: 0.3386363636363636 12 1
Communication round: 27, Smart Eavesdropper Accuracy: 0.3386363636363636 13 1
Communication round: 28, Smart Eavesdropper Accuracy: 0.3659090909090909 14 1
Communication round: 29, Smart Eavesdropper Accuracy: 0.35 15 1
Communication round: 30, Aggregated Accuracies: 0.1417857142857143 16
Communication round: 30, Eavesdropper Accuracy: 0.15454545454545454 16 1
Communication round: 31, Aggregated Accuracies: 0.16702380952380946 17
Communication round: 31, Eavesdropper Accuracy: 0.16818181818181818 17 1
Communication round: 32, Aggregated Accuracies: 0.174047619047619 18
Communication round: 32, Eavesdropper Accuracy: 0.18181818181818182 18 1
Communication round: 33, Aggregated Accuracies: 0.19083333333333324 19
Communication round: 33, Eavesdropper Accuracy: 0.18409090909090908 19 1
Communication round: 34, Aggregated Accuracies: 0.20869047619047618 20
Communication round: 34, Eavesdropper Accuracy: 0.20227272727272727 20 1
Communication round: 35, Aggregated Accuracies: 0.22321428571428573 21
Communication round: 35, Eavesdropper Accuracy: 0.22727272727272727 21 1
Communication round: 36, Aggregated Accuracies: 0.2275 22
Communication round: 36, Eavesdropper Accuracy: 0.23863636363636365 22 1
Communication round: 37, Aggregated Accuracies: 0.23654761904761906 23
Communication round: 37, Eavesdropper Accuracy: 0.21136363636363636 23 1
Communication round: 38, Aggregated Accuracies: 0.24476190476190474 24
Communication round: 38, Eavesdropper Accuracy: 0.2636363636363636 24 1
Communication round: 39, Aggregated Accuracies: 0.2504761904761905 25
Communication round: 39, Eavesdropper Accuracy: 0.26136363636363635 25 1
Communication round: 40, Aggregated Accuracies: 0.26166666666666666 26
Communication round: 40, Eavesdropper Accuracy: 0.2772727272727273 26 1
Communication round: 41, Eavesdropper Accuracy: 0.2772727272727273 27 1
Communication round: 42, Eavesdropper Accuracy: 0.25227272727272726 28 1
Communication round: 43, Eavesdropper Accuracy: 0.26136363636363635 29 1
Communication round: 44, Eavesdropper Accuracy: 0.2727272727272727 30 1
Communication round: 45, Eavesdropper Accuracy: 0.2636363636363636 31 1
Communication round: 46, Eavesdropper Accuracy: 0.275 32 1
Communication round: 47, Eavesdropper Accuracy: 0.28863636363636364 32 0
Communication round: 48, Aggregated Accuracies: 0.2646428571428572 33
Communication round: 48, Eavesdropper Accuracy: 0.2772727272727273 33 1
Communication round: 49, Eavesdropper Accuracy: 0.2909090909090909 33 0
Communication round: 50, Aggregated Accuracies: 0.2653571428571429 34
Communication round: 50, Eavesdropper Accuracy: 0.2840909090909091 34 1
Communication round: 51, Aggregated Accuracies: 0.27726190476190476 35
Communication round: 51, Eavesdropper Accuracy: 0.30227272727272725 35 1
Communication round: 52, Aggregated Accuracies: 0.2804761904761905 36
Communication round: 52, Eavesdropper Accuracy: 0.27954545454545454 36 1
Communication round: 53, Aggregated Accuracies: 0.28607142857142853 37
Communication round: 53, Eavesdropper Accuracy: 0.3159090909090909 37 1
Communication round: 54, Aggregated Accuracies: 0.29273809523809524 38
Communication round: 54, Eavesdropper Accuracy: 0.30454545454545456 38 1
Communication round: 55, Aggregated Accuracies: 0.29833333333333345 39
Communication round: 55, Eavesdropper Accuracy: 0.33636363636363636 39 1
Communication round: 56, Aggregated Accuracies: 0.30333333333333323 40
Communication round: 56, Eavesdropper Accuracy: 0.35909090909090907 40 1
Communication round: 57, Aggregated Accuracies: 0.3070238095238096 41
Communication round: 57, Eavesdropper Accuracy: 0.325 41 1
Communication round: 58, Aggregated Accuracies: 0.31142857142857144 42
Communication round: 58, Eavesdropper Accuracy: 0.3340909090909091 42 1
Communication round: 59, Aggregated Accuracies: 0.3140476190476191 43
Communication round: 59, Eavesdropper Accuracy: 0.3431818181818182 43 1
Communication round: 60, Aggregated Accuracies: 0.3194047619047619 44
Communication round: 60, Eavesdropper Accuracy: 0.32272727272727275 44 1
Communication round: 61, Aggregated Accuracies: 0.3228571428571428 45
Communication round: 61, Eavesdropper Accuracy: 0.35909090909090907 45 1
Communication round: 62, Aggregated Accuracies: 0.3246428571428572 46
Communication round: 62, Eavesdropper Accuracy: 0.3386363636363636 46 1
Communication round: 63, Aggregated Accuracies: 0.3291666666666667 47
Communication round: 63, Eavesdropper Accuracy: 0.3409090909090909 47 1
Communication round: 64, Aggregated Accuracies: 0.3326190476190476 48
Communication round: 64, Eavesdropper Accuracy: 0.36818181818181817 48 1
Communication round: 65, Eavesdropper Accuracy: 0.33636363636363636 48 0
Communication round: 66, Eavesdropper Accuracy: 0.35909090909090907 48 0
Communication round: 67, Aggregated Accuracies: 0.33904761904761904 49
Communication round: 67, Eavesdropper Accuracy: 0.3522727272727273 49 1
Communication round: 68, Eavesdropper Accuracy: 0.36818181818181817 49 0
Communication round: 69, Eavesdropper Accuracy: 0.35 49 0
Communication round: 70, Eavesdropper Accuracy: 0.3409090909090909 49 0
Communication round: 71, Eavesdropper Accuracy: 0.33636363636363636 49 0
Communication round: 72, Eavesdropper Accuracy: 0.3386363636363636 49 0
Communication round: 73, Eavesdropper Accuracy: 0.3477272727272727 49 0
Communication round: 74, Eavesdropper Accuracy: 0.3522727272727273 49 0
Communication round: 75, Eavesdropper Accuracy: 0.3840909090909091 49 0
Communication round: 76, Eavesdropper Accuracy: 0.3386363636363636 49 0
Communication round: 77, Eavesdropper Accuracy: 0.37272727272727274 49 0
Communication round: 78, Eavesdropper Accuracy: 0.3568181818181818 49 0
Communication round: 79, Eavesdropper Accuracy: 0.35 49 0
Communication round: 80, Eavesdropper Accuracy: 0.3795454545454545 49 0
Communication round: 81, Eavesdropper Accuracy: 0.3568181818181818 49 0
Communication round: 82, Eavesdropper Accuracy: 0.3704545454545455 49 0
Communication round: 83, Eavesdropper Accuracy: 0.3522727272727273 49 0
Communication round: 84, Eavesdropper Accuracy: 0.3795454545454545 49 0
Communication round: 85, Eavesdropper Accuracy: 0.38181818181818183 49 0
Communication round: 86, Eavesdropper Accuracy: 0.33181818181818185 49 0
Communication round: 87, Eavesdropper Accuracy: 0.35454545454545455 49 0
Communication round: 88, Eavesdropper Accuracy: 0.3931818181818182 49 0
Communication round: 89, Eavesdropper Accuracy: 0.36818181818181817 49 0
Communication round: 90, Eavesdropper Accuracy: 0.35909090909090907 49 0
Communication round: 91, Eavesdropper Accuracy: 0.36818181818181817 49 0
Communication round: 92, Eavesdropper Accuracy: 0.39545454545454545 49 0
Communication round: 93, Eavesdropper Accuracy: 0.35454545454545455 49 0
Communication round: 94, Eavesdropper Accuracy: 0.35 49 0
Communication round: 95, Eavesdropper Accuracy: 0.35454545454545455 49 0
Communication round: 96, Eavesdropper Accuracy: 0.3795454545454545 49 0
Communication round: 97, Smart Eavesdropper Accuracy: 0.35454545454545455 49 0
Communication round: 98, Smart Eavesdropper Accuracy: 0.3431818181818182 49 0
Communication round: 99, Smart Eavesdropper Accuracy: 0.3840909090909091 49 0
----------------------------------------------------------------------------------------------------
----------------------------------------------------------------------------------------------------
50_30_100_0.1_8_0.99_False_
----------------------------------------------------------------------------------------------------
Communication round: 0, Smart Eavesdropper Accuracy: 0.14772727272727273 0 0
Communication round: 1, Smart Eavesdropper Accuracy: 0.1340909090909091 1 1
Communication round: 2, Aggregated Accuracies: 0.10345238095238096 2
Communication round: 2, Eavesdropper Accuracy: 0.10681818181818181 2 1
Communication round: 3, Eavesdropper Accuracy: 0.1 3 1
Communication round: 4, Eavesdropper Accuracy: 0.11136363636363636 3 0
Communication round: 5, Smart Eavesdropper Accuracy: 0.09318181818181819 3 0
Communication round: 6, Eavesdropper Accuracy: 0.12954545454545455 4 1
Communication round: 7, Eavesdropper Accuracy: 0.1159090909090909 5 1
Communication round: 8, Aggregated Accuracies: 0.09928571428571428 6
Communication round: 8, Eavesdropper Accuracy: 0.08863636363636364 6 1
Communication round: 9, Eavesdropper Accuracy: 0.08863636363636364 7 1
Communication round: 10, Eavesdropper Accuracy: 0.09772727272727273 7 0
Communication round: 11, Eavesdropper Accuracy: 0.09318181818181819 8 1
Communication round: 12, Eavesdropper Accuracy: 0.10681818181818181 8 0
Communication round: 13, Eavesdropper Accuracy: 0.09090909090909091 9 1
Communication round: 14, Eavesdropper Accuracy: 0.09545454545454546 10 1
Communication round: 15, Eavesdropper Accuracy: 0.10227272727272728 10 0
Communication round: 16, Eavesdropper Accuracy: 0.08636363636363636 11 1
Communication round: 17, Eavesdropper Accuracy: 0.11136363636363636 12 1
Communication round: 18, Eavesdropper Accuracy: 0.12045454545454545 13 1
Communication round: 19, Eavesdropper Accuracy: 0.07727272727272727 14 1
Communication round: 20, Eavesdropper Accuracy: 0.09318181818181819 15 1
Communication round: 21, Aggregated Accuracies: 0.10095238095238099 16
Communication round: 21, Eavesdropper Accuracy: 0.09318181818181819 16 1
Communication round: 22, Eavesdropper Accuracy: 0.10454545454545454 17 1
Communication round: 23, Eavesdropper Accuracy: 0.07954545454545454 18 1
Communication round: 24, Eavesdropper Accuracy: 0.09545454545454546 18 0
Communication round: 25, Eavesdropper Accuracy: 0.10227272727272728 19 1
Communication round: 26, Eavesdropper Accuracy: 0.09772727272727273 20 1
Communication round: 27, Eavesdropper Accuracy: 0.08181818181818182 20 0
Communication round: 28, Eavesdropper Accuracy: 0.08409090909090909 21 1
Communication round: 29, Eavesdropper Accuracy: 0.09090909090909091 22 1
Communication round: 30, Eavesdropper Accuracy: 0.09772727272727273 23 1
Communication round: 31, Aggregated Accuracies: 0.10559523809523812 24
Communication round: 31, Eavesdropper Accuracy: 0.10227272727272728 24 1
Communication round: 32, Eavesdropper Accuracy: 0.1 24 0
Communication round: 33, Eavesdropper Accuracy: 0.11363636363636363 24 0
Communication round: 34, Eavesdropper Accuracy: 0.09545454545454546 25 1
Communication round: 35, Eavesdropper Accuracy: 0.09772727272727273 26 1
Communication round: 36, Eavesdropper Accuracy: 0.12272727272727273 27 1
Communication round: 37, Eavesdropper Accuracy: 0.1 27 0
Communication round: 38, Eavesdropper Accuracy: 0.08863636363636364 28 1
Communication round: 39, Eavesdropper Accuracy: 0.10454545454545454 29 1
Communication round: 40, Eavesdropper Accuracy: 0.1159090909090909 29 0
Communication round: 41, Eavesdropper Accuracy: 0.10454545454545454 30 1
Communication round: 42, Eavesdropper Accuracy: 0.09545454545454546 31 1
Communication round: 43, Eavesdropper Accuracy: 0.08863636363636364 32 1
Communication round: 44, Eavesdropper Accuracy: 0.1 32 0
Communication round: 45, Eavesdropper Accuracy: 0.1 32 0
Communication round: 46, Aggregated Accuracies: 0.11488095238095243 33
Communication round: 46, Eavesdropper Accuracy: 0.12045454545454545 33 1
Communication round: 47, Eavesdropper Accuracy: 0.10454545454545454 34 1
Communication round: 48, Eavesdropper Accuracy: 0.11136363636363636 35 1
Communication round: 49, Eavesdropper Accuracy: 0.1 36 1
Communication round: 50, Eavesdropper Accuracy: 0.09772727272727273 37 1
Communication round: 51, Eavesdropper Accuracy: 0.11363636363636363 38 1
Communication round: 52, Eavesdropper Accuracy: 0.10909090909090909 38 0
Communication round: 53, Eavesdropper Accuracy: 0.11818181818181818 38 0
Communication round: 54, Eavesdropper Accuracy: 0.1159090909090909 39 1
Communication round: 55, Aggregated Accuracies: 0.12333333333333331 40
Communication round: 55, Eavesdropper Accuracy: 0.12272727272727273 40 1
Communication round: 56, Aggregated Accuracies: 0.13404761904761903 41
Communication round: 56, Eavesdropper Accuracy: 0.12272727272727273 41 1
Communication round: 57, Eavesdropper Accuracy: 0.1318181818181818 42 1
Communication round: 58, Aggregated Accuracies: 0.14250000000000004 43
Communication round: 58, Eavesdropper Accuracy: 0.10681818181818181 43 1
Communication round: 59, Aggregated Accuracies: 0.14738095238095242 44
Communication round: 59, Eavesdropper Accuracy: 0.125 44 1
Communication round: 60, Eavesdropper Accuracy: 0.11136363636363636 44 0
Communication round: 61, Aggregated Accuracies: 0.1521428571428571 45
Communication round: 61, Eavesdropper Accuracy: 0.1340909090909091 45 1
Communication round: 62, Eavesdropper Accuracy: 0.11818181818181818 45 0
Communication round: 63, Aggregated Accuracies: 0.16309523809523813 46
Communication round: 63, Eavesdropper Accuracy: 0.125 46 1
Communication round: 64, Eavesdropper Accuracy: 0.15227272727272728 46 0
Communication round: 65, Aggregated Accuracies: 0.17428571428571427 47
Communication round: 65, Eavesdropper Accuracy: 0.17954545454545454 47 1
Communication round: 66, Aggregated Accuracies: 0.18404761904761904 48
Communication round: 66, Eavesdropper Accuracy: 0.18863636363636363 48 1
Communication round: 67, Aggregated Accuracies: 0.19261904761904758 49
Communication round: 67, Eavesdropper Accuracy: 0.17045454545454544 49 1
Communication round: 68, Eavesdropper Accuracy: 0.16136363636363638 49 0
Communication round: 69, Aggregated Accuracies: 0.19928571428571432 50
Communication round: 69, Eavesdropper Accuracy: 0.17272727272727273 50 1
Communication round: 70, Aggregated Accuracies: 0.2095238095238095 51
Communication round: 70, Eavesdropper Accuracy: 0.19090909090909092 51 1
Communication round: 71, Aggregated Accuracies: 0.21428571428571427 52
Communication round: 71, Eavesdropper Accuracy: 0.19090909090909092 52 1
Communication round: 72, Aggregated Accuracies: 0.21916666666666665 53
Communication round: 72, Eavesdropper Accuracy: 0.19772727272727272 53 1
Communication round: 73, Aggregated Accuracies: 0.22916666666666663 54
Communication round: 73, Eavesdropper Accuracy: 0.22272727272727272 54 1
Communication round: 74, Aggregated Accuracies: 0.23119047619047614 55
Communication round: 74, Eavesdropper Accuracy: 0.2 55 1
Communication round: 75, Aggregated Accuracies: 0.23690476190476184 56
Communication round: 75, Eavesdropper Accuracy: 0.22954545454545455 56 1
Communication round: 76, Aggregated Accuracies: 0.245 57
Communication round: 76, Eavesdropper Accuracy: 0.24545454545454545 57 1
Communication round: 77, Aggregated Accuracies: 0.2509523809523809 58
Communication round: 77, Eavesdropper Accuracy: 0.2318181818181818 58 1
Communication round: 78, Aggregated Accuracies: 0.25630952380952376 59
Communication round: 78, Eavesdropper Accuracy: 0.24545454545454545 59 1
Communication round: 79, Aggregated Accuracies: 0.2580952380952381 60
Communication round: 79, Eavesdropper Accuracy: 0.28863636363636364 60 1
Communication round: 80, Aggregated Accuracies: 0.26595238095238094 61
Communication round: 80, Eavesdropper Accuracy: 0.2590909090909091 61 1
Communication round: 81, Aggregated Accuracies: 0.2727380952380953 62
Communication round: 81, Eavesdropper Accuracy: 0.2727272727272727 62 1
Communication round: 82, Aggregated Accuracies: 0.2714285714285714 63
Communication round: 82, Eavesdropper Accuracy: 0.26136363636363635 63 1
Communication round: 83, Eavesdropper Accuracy: 0.28863636363636364 64 1
Communication round: 84, Eavesdropper Accuracy: 0.2727272727272727 65 1
Communication round: 85, Eavesdropper Accuracy: 0.2727272727272727 66 1
Communication round: 86, Eavesdropper Accuracy: 0.2863636363636364 67 1
Communication round: 87, Aggregated Accuracies: 0.28023809523809523 68
Communication round: 87, Eavesdropper Accuracy: 0.29318181818181815 68 1
Communication round: 88, Eavesdropper Accuracy: 0.2863636363636364 68 0
Communication round: 89, Eavesdropper Accuracy: 0.2840909090909091 68 0
Communication round: 90, Aggregated Accuracies: 0.28345238095238096 69
Communication round: 90, Eavesdropper Accuracy: 0.30227272727272725 69 1
Communication round: 91, Eavesdropper Accuracy: 0.3159090909090909 69 0
Communication round: 92, Eavesdropper Accuracy: 0.31363636363636366 69 0
Communication round: 93, Eavesdropper Accuracy: 0.3090909090909091 69 0
Communication round: 94, Eavesdropper Accuracy: 0.3 69 0
Communication round: 95, Eavesdropper Accuracy: 0.29772727272727273 69 0
Communication round: 96, Eavesdropper Accuracy: 0.3181818181818182 69 0
Communication round: 97, Eavesdropper Accuracy: 0.3090909090909091 69 0
Communication round: 98, Eavesdropper Accuracy: 0.31363636363636366 69 0
Communication round: 99, Eavesdropper Accuracy: 0.29545454545454547 69 0
----------------------------------------------------------------------------------------------------
