----------------------------------------------------------------------------------------------------
20_30_100_0.1_5_0.5_True_
----------------------------------------------------------------------------------------------------
Communication round: 0, Eavesdropper Accuracy: 0.09090909090909091 1 1
Communication round: 1, Aggregated Accuracies: 0.18119047619047615 2
Communication round: 1, Eavesdropper Accuracy: 0.18863636363636363 2 1
Communication round: 2, Eavesdropper Accuracy: 0.20681818181818182 3 1
Communication round: 3, Eavesdropper Accuracy: 0.20454545454545456 4 1
Communication round: 4, Eavesdropper Accuracy: 0.22954545454545455 5 1
Communication round: 5, Aggregated Accuracies: 0.26833333333333337 6
Communication round: 5, Eavesdropper Accuracy: 0.3159090909090909 6 1
Communication round: 6, Aggregated Accuracies: 0.3510714285714285 7
Communication round: 6, Eavesdropper Accuracy: 0.42045454545454547 7 1
Communication round: 7, Aggregated Accuracies: 0.4352380952380952 8
Communication round: 7, Eavesdropper Accuracy: 0.49318181818181817 8 1
Communication round: 8, Eavesdropper Accuracy: 0.5022727272727273 9 1
Communication round: 9, Eavesdropper Accuracy: 0.5113636363636364 10 1
Communication round: 10, Eavesdropper Accuracy: 0.5136363636363637 11 1
Communication round: 11, Aggregated Accuracies: 0.509404761904762 12
Communication round: 11, Eavesdropper Accuracy: 0.55 12 1
Communication round: 12, Eavesdropper Accuracy: 0.5386363636363637 13 1
Communication round: 13, Aggregated Accuracies: 0.5726190476190477 14
Communication round: 13, Eavesdropper Accuracy: 0.6090909090909091 14 1
Communication round: 14, Eavesdropper Accuracy: 0.65 15 1
Communication round: 15, Eavesdropper Accuracy: 0.6113636363636363 16 1
Communication round: 16, Aggregated Accuracies: 0.6136904761904762 17
Communication round: 16, Eavesdropper Accuracy: 0.7068181818181818 17 1
Communication round: 17, Aggregated Accuracies: 0.6555952380952379 18
Communication round: 17, Eavesdropper Accuracy: 0.6886363636363636 18 1
Communication round: 18, Aggregated Accuracies: 0.7046428571428571 19
Communication round: 18, Eavesdropper Accuracy: 0.75 19 1
Communication round: 19, Eavesdropper Accuracy: 0.7681818181818182 20 1
Communication round: 20, Eavesdropper Accuracy: 0.7477272727272727 21 1
Communication round: 21, Aggregated Accuracies: 0.7495238095238094 22
Communication round: 21, Eavesdropper Accuracy: 0.7909090909090909 22 1
Communication round: 22, Eavesdropper Accuracy: 0.7863636363636364 23 1
Communication round: 23, Eavesdropper Accuracy: 0.8045454545454546 24 1
Communication round: 24, Aggregated Accuracies: 0.776547619047619 25
Communication round: 24, Eavesdropper Accuracy: 0.8045454545454546 25 1
Communication round: 25, Aggregated Accuracies: 0.8073809523809524 26
Communication round: 25, Eavesdropper Accuracy: 0.8227272727272728 26 1
Communication round: 26, Aggregated Accuracies: 0.8202380952380952 27
Communication round: 26, Eavesdropper Accuracy: 0.85 27 1
Communication round: 27, Aggregated Accuracies: 0.8423809523809525 28
Communication round: 27, Eavesdropper Accuracy: 0.8454545454545455 28 1
Communication round: 28, Aggregated Accuracies: 0.8466666666666665 29
Communication round: 28, Eavesdropper Accuracy: 0.875 29 1
Communication round: 29, Aggregated Accuracies: 0.8648809523809525 30
Communication round: 29, Eavesdropper Accuracy: 0.8954545454545455 30 1
Communication round: 30, Aggregated Accuracies: 0.8707142857142858 31
Communication round: 30, Eavesdropper Accuracy: 0.9022727272727272 31 1
Communication round: 31, Aggregated Accuracies: 0.8769047619047619 32
Communication round: 31, Eavesdropper Accuracy: 0.9045454545454545 32 1
Communication round: 32, Aggregated Accuracies: 0.8851190476190476 33
Communication round: 32, Eavesdropper Accuracy: 0.9022727272727272 33 1
Communication round: 33, Aggregated Accuracies: 0.8922619047619046 34
Communication round: 33, Eavesdropper Accuracy: 0.9295454545454546 34 1
Communication round: 34, Aggregated Accuracies: 0.8979761904761905 35
Communication round: 34, Eavesdropper Accuracy: 0.8954545454545455 35 1
Communication round: 35, Aggregated Accuracies: 0.8960714285714285 36
Communication round: 35, Eavesdropper Accuracy: 0.9068181818181819 36 1
Communication round: 36, Aggregated Accuracies: 0.9060714285714286 37
Communication round: 36, Eavesdropper Accuracy: 0.8886363636363637 37 1
Communication round: 37, Aggregated Accuracies: 0.9084523809523809 38
Communication round: 37, Eavesdropper Accuracy: 0.9340909090909091 38 1
Communication round: 38, Aggregated Accuracies: 0.913095238095238 39
Communication round: 38, Eavesdropper Accuracy: 0.9318181818181818 39 1
Communication round: 39, Aggregated Accuracies: 0.9130952380952382 40
Communication round: 39, Eavesdropper Accuracy: 0.9409090909090909 40 1
Communication round: 40, Eavesdropper Accuracy: 0.9431818181818182 41 1
Communication round: 41, Aggregated Accuracies: 0.9157142857142858 42
Communication round: 41, Eavesdropper Accuracy: 0.9295454545454546 42 1
Communication round: 42, Eavesdropper Accuracy: 0.9431818181818182 43 1
Communication round: 43, Eavesdropper Accuracy: 0.9318181818181818 44 1
Communication round: 44, Eavesdropper Accuracy: 0.9204545454545454 45 1
Communication round: 45, Eavesdropper Accuracy: 0.9295454545454546 46 1
Communication round: 46, Aggregated Accuracies: 0.9185714285714285 47
Communication round: 46, Eavesdropper Accuracy: 0.9340909090909091 47 1
Communication round: 47, Aggregated Accuracies: 0.9196428571428571 48
Communication round: 47, Eavesdropper Accuracy: 0.9318181818181818 48 1
Communication round: 48, Eavesdropper Accuracy: 0.9386363636363636 49 1
Communication round: 49, Eavesdropper Accuracy: 0.9272727272727272 50 1
Communication round: 50, Aggregated Accuracies: 0.9198809523809522 51
Communication round: 50, Eavesdropper Accuracy: 0.9522727272727273 51 1
Communication round: 51, Eavesdropper Accuracy: 0.9386363636363636 51 0
Communication round: 52, Eavesdropper Accuracy: 0.9113636363636364 51 0
Communication round: 53, Eavesdropper Accuracy: 0.925 51 0
Communication round: 54, Eavesdropper Accuracy: 0.9318181818181818 51 0
Communication round: 55, Eavesdropper Accuracy: 0.9181818181818182 51 0
Communication round: 56, Eavesdropper Accuracy: 0.9295454545454546 51 0
Communication round: 57, Eavesdropper Accuracy: 0.925 51 0
Communication round: 58, Eavesdropper Accuracy: 0.9431818181818182 51 0
Communication round: 59, Eavesdropper Accuracy: 0.9409090909090909 51 0
Communication round: 60, Eavesdropper Accuracy: 0.9318181818181818 51 0
Communication round: 61, Eavesdropper Accuracy: 0.9181818181818182 51 0
Communication round: 62, Eavesdropper Accuracy: 0.9340909090909091 51 0
Communication round: 63, Eavesdropper Accuracy: 0.9431818181818182 51 0
Communication round: 64, Eavesdropper Accuracy: 0.9295454545454546 51 0
Communication round: 65, Eavesdropper Accuracy: 0.9340909090909091 51 0
Communication round: 66, Eavesdropper Accuracy: 0.9363636363636364 51 0
Communication round: 67, Eavesdropper Accuracy: 0.9159090909090909 51 0
Communication round: 68, Eavesdropper Accuracy: 0.9227272727272727 51 0
Communication round: 69, Eavesdropper Accuracy: 0.9409090909090909 51 0
Communication round: 70, Eavesdropper Accuracy: 0.9477272727272728 51 0
Communication round: 71, Eavesdropper Accuracy: 0.9045454545454545 51 0
Communication round: 72, Eavesdropper Accuracy: 0.9409090909090909 51 0
Communication round: 73, Eavesdropper Accuracy: 0.9227272727272727 51 0
Communication round: 74, Eavesdropper Accuracy: 0.9090909090909091 51 0
Communication round: 75, Eavesdropper Accuracy: 0.925 51 0
Communication round: 76, Eavesdropper Accuracy: 0.9227272727272727 51 0
Communication round: 77, Eavesdropper Accuracy: 0.9409090909090909 51 0
Communication round: 78, Eavesdropper Accuracy: 0.9159090909090909 51 0
Communication round: 79, Eavesdropper Accuracy: 0.9090909090909091 51 0
Communication round: 80, Eavesdropper Accuracy: 0.9204545454545454 51 0
Communication round: 81, Eavesdropper Accuracy: 0.9340909090909091 51 0
Communication round: 82, Eavesdropper Accuracy: 0.9363636363636364 51 0
Communication round: 83, Eavesdropper Accuracy: 0.9386363636363636 51 0
Communication round: 84, Eavesdropper Accuracy: 0.9386363636363636 51 0
Communication round: 85, Eavesdropper Accuracy: 0.9272727272727272 51 0
Communication round: 86, Eavesdropper Accuracy: 0.9181818181818182 51 0
Communication round: 87, Eavesdropper Accuracy: 0.9272727272727272 51 0
Communication round: 88, Eavesdropper Accuracy: 0.9386363636363636 51 0
Communication round: 89, Eavesdropper Accuracy: 0.925 51 0
Communication round: 90, Eavesdropper Accuracy: 0.9136363636363637 51 0
Communication round: 91, Eavesdropper Accuracy: 0.925 51 0
Communication round: 92, Eavesdropper Accuracy: 0.9386363636363636 51 0
Communication round: 93, Eavesdropper Accuracy: 0.9386363636363636 51 0
Communication round: 94, Eavesdropper Accuracy: 0.925 51 0
Communication round: 95, Eavesdropper Accuracy: 0.9068181818181819 51 0
Communication round: 96, Eavesdropper Accuracy: 0.9340909090909091 51 0
Communication round: 97, Eavesdropper Accuracy: 0.9318181818181818 51 0
Communication round: 98, Eavesdropper Accuracy: 0.9113636363636364 51 0
Communication round: 99, Eavesdropper Accuracy: 0.925 51 0
----------------------------------------------------------------------------------------------------
----------------------------------------------------------------------------------------------------
20_30_100_0.1_5_0.5_True_
----------------------------------------------------------------------------------------------------
Communication round: 0, Eavesdropper Accuracy: 0.13863636363636364 1 1
Communication round: 1, Eavesdropper Accuracy: 0.1318181818181818 2 1
Communication round: 2, Eavesdropper Accuracy: 0.12727272727272726 3 1
Communication round: 3, Aggregated Accuracies: 0.20142857142857143 4
Communication round: 3, Eavesdropper Accuracy: 0.20454545454545456 4 1
Communication round: 4, Eavesdropper Accuracy: 0.2409090909090909 5 1
Communication round: 5, Eavesdropper Accuracy: 0.21818181818181817 6 1
Communication round: 6, Aggregated Accuracies: 0.29285714285714287 7
Communication round: 6, Eavesdropper Accuracy: 0.3431818181818182 7 1
Communication round: 7, Aggregated Accuracies: 0.37809523809523804 8
Communication round: 7, Eavesdropper Accuracy: 0.4113636363636364 8 1
Communication round: 8, Eavesdropper Accuracy: 0.425 9 1
Communication round: 9, Aggregated Accuracies: 0.47523809523809535 10
Communication round: 9, Eavesdropper Accuracy: 0.5431818181818182 10 1
Communication round: 10, Eavesdropper Accuracy: 0.5409090909090909 11 1
Communication round: 11, Eavesdropper Accuracy: 0.5068181818181818 12 1
Communication round: 12, Eavesdropper Accuracy: 0.49772727272727274 13 1
Communication round: 13, Aggregated Accuracies: 0.5259523809523808 14
Communication round: 13, Eavesdropper Accuracy: 0.5954545454545455 14 1
Communication round: 14, Eavesdropper Accuracy: 0.5931818181818181 15 1
Communication round: 15, Aggregated Accuracies: 0.5954761904761905 16
Communication round: 15, Eavesdropper Accuracy: 0.6613636363636364 16 1
Communication round: 16, Aggregated Accuracies: 0.6326190476190476 17
Communication round: 16, Eavesdropper Accuracy: 0.6909090909090909 17 1
Communication round: 17, Aggregated Accuracies: 0.6805952380952383 18
Communication round: 17, Eavesdropper Accuracy: 0.7318181818181818 18 1
Communication round: 18, Aggregated Accuracies: 0.7230952380952379 19
Communication round: 18, Eavesdropper Accuracy: 0.775 19 1
Communication round: 19, Aggregated Accuracies: 0.7602380952380954 20
Communication round: 19, Eavesdropper Accuracy: 0.8068181818181818 20 1
Communication round: 20, Aggregated Accuracies: 0.7982142857142857 21
Communication round: 20, Eavesdropper Accuracy: 0.8363636363636363 21 1
Communication round: 21, Aggregated Accuracies: 0.8201190476190476 22
Communication round: 21, Eavesdropper Accuracy: 0.8613636363636363 22 1
Communication round: 22, Aggregated Accuracies: 0.8377380952380953 23
Communication round: 22, Eavesdropper Accuracy: 0.8613636363636363 23 1
Communication round: 23, Aggregated Accuracies: 0.8429761904761902 24
Communication round: 23, Eavesdropper Accuracy: 0.8545454545454545 24 1
Communication round: 24, Eavesdropper Accuracy: 0.8590909090909091 25 1
Communication round: 25, Eavesdropper Accuracy: 0.8727272727272727 26 1
Communication round: 26, Aggregated Accuracies: 0.8555952380952382 27
Communication round: 26, Eavesdropper Accuracy: 0.8704545454545455 27 1
Communication round: 27, Eavesdropper Accuracy: 0.8954545454545455 28 1
Communication round: 28, Eavesdropper Accuracy: 0.8863636363636364 29 1
Communication round: 29, Eavesdropper Accuracy: 0.865909090909091 30 1
Communication round: 30, Eavesdropper Accuracy: 0.9 31 1
Communication round: 31, Eavesdropper Accuracy: 0.8522727272727273 32 1
Communication round: 32, Aggregated Accuracies: 0.8611904761904763 33
Communication round: 32, Eavesdropper Accuracy: 0.85 33 1
Communication round: 33, Aggregated Accuracies: 0.865952380952381 34
Communication round: 33, Eavesdropper Accuracy: 0.8818181818181818 34 1
Communication round: 34, Aggregated Accuracies: 0.8753571428571428 35
Communication round: 34, Eavesdropper Accuracy: 0.8886363636363637 35 1
Communication round: 35, Aggregated Accuracies: 0.8848809523809524 36
Communication round: 35, Eavesdropper Accuracy: 0.8931818181818182 36 1
Communication round: 36, Aggregated Accuracies: 0.8867857142857144 37
Communication round: 36, Eavesdropper Accuracy: 0.865909090909091 37 1
Communication round: 37, Aggregated Accuracies: 0.8958333333333333 38
Communication round: 37, Eavesdropper Accuracy: 0.9227272727272727 38 1
Communication round: 38, Aggregated Accuracies: 0.9005952380952381 39
Communication round: 38, Eavesdropper Accuracy: 0.9227272727272727 39 1
Communication round: 39, Aggregated Accuracies: 0.903095238095238 40
Communication round: 39, Eavesdropper Accuracy: 0.9068181818181819 40 1
Communication round: 40, Aggregated Accuracies: 0.9051190476190477 41
Communication round: 40, Eavesdropper Accuracy: 0.9113636363636364 41 1
Communication round: 41, Aggregated Accuracies: 0.9080952380952381 42
Communication round: 41, Eavesdropper Accuracy: 0.9227272727272727 42 1
Communication round: 42, Aggregated Accuracies: 0.9113095238095241 43
Communication round: 42, Eavesdropper Accuracy: 0.9136363636363637 43 1
Communication round: 43, Aggregated Accuracies: 0.9178571428571427 44
Communication round: 43, Eavesdropper Accuracy: 0.9204545454545454 44 1
Communication round: 44, Aggregated Accuracies: 0.9161904761904761 45
Communication round: 44, Eavesdropper Accuracy: 0.9545454545454546 45 1
Communication round: 45, Aggregated Accuracies: 0.9226190476190477 46
Communication round: 45, Eavesdropper Accuracy: 0.9522727272727273 46 1
Communication round: 46, Eavesdropper Accuracy: 0.9431818181818182 47 1
Communication round: 47, Eavesdropper Accuracy: 0.9363636363636364 48 1
Communication round: 48, Aggregated Accuracies: 0.9235714285714286 49
Communication round: 48, Eavesdropper Accuracy: 0.9340909090909091 49 1
Communication round: 49, Eavesdropper Accuracy: 0.9272727272727272 49 0
Communication round: 50, Eavesdropper Accuracy: 0.95 49 0
Communication round: 51, Eavesdropper Accuracy: 0.9363636363636364 49 0
Communication round: 52, Eavesdropper Accuracy: 0.9318181818181818 49 0
Communication round: 53, Eavesdropper Accuracy: 0.9613636363636363 49 0
Communication round: 54, Eavesdropper Accuracy: 0.9340909090909091 49 0
Communication round: 55, Eavesdropper Accuracy: 0.9318181818181818 49 0
Communication round: 56, Eavesdropper Accuracy: 0.9386363636363636 49 0
Communication round: 57, Eavesdropper Accuracy: 0.9272727272727272 49 0
Communication round: 58, Eavesdropper Accuracy: 0.9431818181818182 49 0
Communication round: 59, Eavesdropper Accuracy: 0.925 49 0
Communication round: 60, Eavesdropper Accuracy: 0.9477272727272728 49 0
Communication round: 61, Eavesdropper Accuracy: 0.925 49 0
Communication round: 62, Eavesdropper Accuracy: 0.9340909090909091 49 0
Communication round: 63, Eavesdropper Accuracy: 0.9318181818181818 49 0
Communication round: 64, Eavesdropper Accuracy: 0.9363636363636364 49 0
Communication round: 65, Eavesdropper Accuracy: 0.9454545454545454 49 0
Communication round: 66, Eavesdropper Accuracy: 0.9409090909090909 49 0
Communication round: 67, Eavesdropper Accuracy: 0.925 49 0
Communication round: 68, Eavesdropper Accuracy: 0.9454545454545454 49 0
Communication round: 69, Eavesdropper Accuracy: 0.95 49 0
Communication round: 70, Eavesdropper Accuracy: 0.9340909090909091 49 0
Communication round: 71, Eavesdropper Accuracy: 0.9363636363636364 49 0
Communication round: 72, Eavesdropper Accuracy: 0.9363636363636364 49 0
Communication round: 73, Eavesdropper Accuracy: 0.9181818181818182 49 0
Communication round: 74, Eavesdropper Accuracy: 0.9409090909090909 49 0
Communication round: 75, Eavesdropper Accuracy: 0.9431818181818182 49 0
Communication round: 76, Eavesdropper Accuracy: 0.9568181818181818 49 0
Communication round: 77, Eavesdropper Accuracy: 0.9522727272727273 49 0
Communication round: 78, Eavesdropper Accuracy: 0.9431818181818182 49 0
Communication round: 79, Eavesdropper Accuracy: 0.9522727272727273 49 0
Communication round: 80, Eavesdropper Accuracy: 0.9363636363636364 49 0
Communication round: 81, Eavesdropper Accuracy: 0.9272727272727272 49 0
Communication round: 82, Eavesdropper Accuracy: 0.9409090909090909 49 0
Communication round: 83, Eavesdropper Accuracy: 0.9454545454545454 49 0
Communication round: 84, Eavesdropper Accuracy: 0.9272727272727272 49 0
Communication round: 85, Eavesdropper Accuracy: 0.95 49 0
Communication round: 86, Eavesdropper Accuracy: 0.9227272727272727 49 0
Communication round: 87, Eavesdropper Accuracy: 0.9363636363636364 49 0
Communication round: 88, Eavesdropper Accuracy: 0.925 49 0
Communication round: 89, Eavesdropper Accuracy: 0.9318181818181818 49 0
Communication round: 90, Eavesdropper Accuracy: 0.925 49 0
Communication round: 91, Eavesdropper Accuracy: 0.9181818181818182 49 0
Communication round: 92, Eavesdropper Accuracy: 0.9363636363636364 49 0
Communication round: 93, Eavesdropper Accuracy: 0.9409090909090909 49 0
Communication round: 94, Eavesdropper Accuracy: 0.9295454545454546 49 0
Communication round: 95, Eavesdropper Accuracy: 0.9204545454545454 49 0
Communication round: 96, Eavesdropper Accuracy: 0.9409090909090909 49 0
Communication round: 97, Smart Eavesdropper Accuracy: 0.9159090909090909 49 0
Communication round: 98, Smart Eavesdropper Accuracy: 0.9431818181818182 49 0
Communication round: 99, Smart Eavesdropper Accuracy: 0.9454545454545454 49 0
----------------------------------------------------------------------------------------------------
----------------------------------------------------------------------------------------------------
20_30_100_0.1_5_0.5_True_
----------------------------------------------------------------------------------------------------
Communication round: 0, Eavesdropper Accuracy: 0.05454545454545454 1 1
Communication round: 1, Aggregated Accuracies: 0.13535714285714281 2
Communication round: 1, Eavesdropper Accuracy: 0.0659090909090909 2 1
Communication round: 2, Aggregated Accuracies: 0.1979761904761905 3
Communication round: 2, Eavesdropper Accuracy: 0.20227272727272727 3 1
Communication round: 3, Eavesdropper Accuracy: 0.19545454545454546 4 1
Communication round: 4, Eavesdropper Accuracy: 0.18863636363636363 5 1
Communication round: 5, Eavesdropper Accuracy: 0.17727272727272728 6 1
Communication round: 6, Eavesdropper Accuracy: 0.19090909090909092 7 1
Communication round: 7, Eavesdropper Accuracy: 0.19545454545454546 8 1
Communication round: 8, Aggregated Accuracies: 0.30607142857142866 9
Communication round: 8, Eavesdropper Accuracy: 0.3181818181818182 9 1
Communication round: 9, Aggregated Accuracies: 0.391904761904762 10
Communication round: 9, Eavesdropper Accuracy: 0.4090909090909091 10 1
Communication round: 10, Eavesdropper Accuracy: 0.4590909090909091 11 1
Communication round: 11, Eavesdropper Accuracy: 0.4068181818181818 12 1
Communication round: 12, Eavesdropper Accuracy: 0.43863636363636366 13 1
Communication round: 13, Eavesdropper Accuracy: 0.42045454545454547 14 1
Communication round: 14, Eavesdropper Accuracy: 0.43636363636363634 15 1
Communication round: 15, Aggregated Accuracies: 0.4873809523809524 16
Communication round: 15, Eavesdropper Accuracy: 0.48863636363636365 16 1
Communication round: 16, Aggregated Accuracies: 0.544047619047619 17
Communication round: 16, Eavesdropper Accuracy: 0.5681818181818182 17 1
Communication round: 17, Aggregated Accuracies: 0.6122619047619049 18
Communication round: 17, Eavesdropper Accuracy: 0.5840909090909091 18 1
Communication round: 18, Aggregated Accuracies: 0.6622619047619047 19
Communication round: 18, Eavesdropper Accuracy: 0.6909090909090909 19 1
Communication round: 19, Aggregated Accuracies: 0.7141666666666666 20
Communication round: 19, Eavesdropper Accuracy: 0.7272727272727273 20 1
Communication round: 20, Aggregated Accuracies: 0.7698809523809527 21
Communication round: 20, Eavesdropper Accuracy: 0.7795454545454545 21 1
Communication round: 21, Aggregated Accuracies: 0.8001190476190476 22
Communication round: 21, Eavesdropper Accuracy: 0.8159090909090909 22 1
Communication round: 22, Aggregated Accuracies: 0.8236904761904764 23
Communication round: 22, Eavesdropper Accuracy: 0.865909090909091 23 1
Communication round: 23, Aggregated Accuracies: 0.8267857142857145 24
Communication round: 23, Eavesdropper Accuracy: 0.8204545454545454 24 1
Communication round: 24, Aggregated Accuracies: 0.8464285714285713 25
Communication round: 24, Eavesdropper Accuracy: 0.865909090909091 25 1
Communication round: 25, Aggregated Accuracies: 0.8622619047619047 26
Communication round: 25, Eavesdropper Accuracy: 0.8568181818181818 26 1
Communication round: 26, Eavesdropper Accuracy: 0.8931818181818182 27 1
Communication round: 27, Aggregated Accuracies: 0.8714285714285716 28
Communication round: 27, Eavesdropper Accuracy: 0.8704545454545455 28 1
Communication round: 28, Aggregated Accuracies: 0.8710714285714285 29
Communication round: 28, Eavesdropper Accuracy: 0.8795454545454545 29 1
Communication round: 29, Aggregated Accuracies: 0.884642857142857 30
Communication round: 29, Eavesdropper Accuracy: 0.8613636363636363 30 1
Communication round: 30, Aggregated Accuracies: 0.8835714285714286 31
Communication round: 30, Eavesdropper Accuracy: 0.8636363636363636 31 1
Communication round: 31, Eavesdropper Accuracy: 0.8727272727272727 32 1
Communication round: 32, Aggregated Accuracies: 0.8897619047619049 33
Communication round: 32, Eavesdropper Accuracy: 0.9 33 1
Communication round: 33, Eavesdropper Accuracy: 0.9045454545454545 34 1
Communication round: 34, Eavesdropper Accuracy: 0.8727272727272727 35 1
Communication round: 35, Aggregated Accuracies: 0.8983333333333332 36
Communication round: 35, Eavesdropper Accuracy: 0.9113636363636364 36 1
Communication round: 36, Aggregated Accuracies: 0.8984523809523811 37
Communication round: 36, Eavesdropper Accuracy: 0.8931818181818182 37 1
Communication round: 37, Aggregated Accuracies: 0.904047619047619 38
Communication round: 37, Eavesdropper Accuracy: 0.9272727272727272 38 1
Communication round: 38, Eavesdropper Accuracy: 0.9045454545454545 39 1
Communication round: 39, Eavesdropper Accuracy: 0.9136363636363637 40 1
Communication round: 40, Eavesdropper Accuracy: 0.9090909090909091 41 1
Communication round: 41, Eavesdropper Accuracy: 0.9090909090909091 42 1
Communication round: 42, Eavesdropper Accuracy: 0.9159090909090909 43 1
Communication round: 43, Eavesdropper Accuracy: 0.8863636363636364 44 1
Communication round: 44, Eavesdropper Accuracy: 0.9022727272727272 45 1
Communication round: 45, Eavesdropper Accuracy: 0.9 46 1
Communication round: 46, Eavesdropper Accuracy: 0.9113636363636364 47 1
Communication round: 47, Eavesdropper Accuracy: 0.8818181818181818 48 1
Communication round: 48, Aggregated Accuracies: 0.909047619047619 49
Communication round: 48, Eavesdropper Accuracy: 0.9204545454545454 49 1
Communication round: 49, Aggregated Accuracies: 0.9086904761904762 50
Communication round: 49, Eavesdropper Accuracy: 0.9181818181818182 50 1
Communication round: 50, Eavesdropper Accuracy: 0.8909090909090909 51 1
Communication round: 51, Aggregated Accuracies: 0.9109523809523807 52
Communication round: 51, Eavesdropper Accuracy: 0.9159090909090909 52 1
Communication round: 52, Eavesdropper Accuracy: 0.925 53 1
Communication round: 53, Aggregated Accuracies: 0.912142857142857 54
Communication round: 53, Eavesdropper Accuracy: 0.8977272727272727 54 1
Communication round: 54, Eavesdropper Accuracy: 0.9340909090909091 55 1
Communication round: 55, Eavesdropper Accuracy: 0.8886363636363637 56 1
Communication round: 56, Eavesdropper Accuracy: 0.9181818181818182 57 1
Communication round: 57, Eavesdropper Accuracy: 0.9068181818181819 58 1
Communication round: 58, Aggregated Accuracies: 0.9172619047619047 59
Communication round: 58, Eavesdropper Accuracy: 0.9227272727272727 59 1
Communication round: 59, Eavesdropper Accuracy: 0.9272727272727272 60 1
Communication round: 60, Aggregated Accuracies: 0.9185714285714287 61
Communication round: 60, Eavesdropper Accuracy: 0.9090909090909091 61 1
Communication round: 61, Aggregated Accuracies: 0.9188095238095239 62
Communication round: 61, Eavesdropper Accuracy: 0.9272727272727272 62 1
Communication round: 62, Eavesdropper Accuracy: 0.9068181818181819 62 0
Communication round: 63, Eavesdropper Accuracy: 0.9136363636363637 62 0
Communication round: 64, Eavesdropper Accuracy: 0.9318181818181818 62 0
Communication round: 65, Eavesdropper Accuracy: 0.9204545454545454 62 0
Communication round: 66, Eavesdropper Accuracy: 0.925 62 0
Communication round: 67, Eavesdropper Accuracy: 0.9386363636363636 62 0
Communication round: 68, Eavesdropper Accuracy: 0.9227272727272727 62 0
Communication round: 69, Eavesdropper Accuracy: 0.9204545454545454 62 0
Communication round: 70, Eavesdropper Accuracy: 0.9204545454545454 62 0
Communication round: 71, Eavesdropper Accuracy: 0.9318181818181818 62 0
Communication round: 72, Eavesdropper Accuracy: 0.9159090909090909 62 0
Communication round: 73, Eavesdropper Accuracy: 0.9159090909090909 62 0
Communication round: 74, Eavesdropper Accuracy: 0.9045454545454545 62 0
Communication round: 75, Eavesdropper Accuracy: 0.9045454545454545 62 0
Communication round: 76, Eavesdropper Accuracy: 0.9295454545454546 62 0
Communication round: 77, Eavesdropper Accuracy: 0.9204545454545454 62 0
Communication round: 78, Eavesdropper Accuracy: 0.9068181818181819 62 0
Communication round: 79, Eavesdropper Accuracy: 0.9204545454545454 62 0
Communication round: 80, Eavesdropper Accuracy: 0.9318181818181818 62 0
Communication round: 81, Eavesdropper Accuracy: 0.9318181818181818 62 0
Communication round: 82, Eavesdropper Accuracy: 0.9295454545454546 62 0
Communication round: 83, Eavesdropper Accuracy: 0.9318181818181818 62 0
Communication round: 84, Eavesdropper Accuracy: 0.95 62 0
Communication round: 85, Eavesdropper Accuracy: 0.9227272727272727 62 0
Communication round: 86, Eavesdropper Accuracy: 0.9090909090909091 62 0
Communication round: 87, Eavesdropper Accuracy: 0.9227272727272727 62 0
Communication round: 88, Eavesdropper Accuracy: 0.9113636363636364 62 0
Communication round: 89, Eavesdropper Accuracy: 0.925 62 0
Communication round: 90, Eavesdropper Accuracy: 0.9159090909090909 62 0
Communication round: 91, Eavesdropper Accuracy: 0.9340909090909091 62 0
Communication round: 92, Eavesdropper Accuracy: 0.9318181818181818 62 0
Communication round: 93, Eavesdropper Accuracy: 0.9181818181818182 62 0
Communication round: 94, Eavesdropper Accuracy: 0.8977272727272727 62 0
Communication round: 95, Eavesdropper Accuracy: 0.9340909090909091 62 0
Communication round: 96, Eavesdropper Accuracy: 0.9181818181818182 62 0
Communication round: 97, Eavesdropper Accuracy: 0.9227272727272727 62 0
Communication round: 98, Eavesdropper Accuracy: 0.9159090909090909 62 0
Communication round: 99, Eavesdropper Accuracy: 0.9090909090909091 62 0
----------------------------------------------------------------------------------------------------
----------------------------------------------------------------------------------------------------
20_30_100_0.1_5_0.5_True_
----------------------------------------------------------------------------------------------------
Communication round: 0, Eavesdropper Accuracy: 0.09772727272727273 1 1
Communication round: 1, Aggregated Accuracies: 0.17369047619047623 2
Communication round: 1, Eavesdropper Accuracy: 0.1409090909090909 2 1
Communication round: 2, Aggregated Accuracies: 0.23392857142857143 3
Communication round: 2, Eavesdropper Accuracy: 0.23636363636363636 3 1
Communication round: 3, Aggregated Accuracies: 0.32702380952380955 4
Communication round: 3, Eavesdropper Accuracy: 0.3159090909090909 4 1
Communication round: 4, Eavesdropper Accuracy: 0.33636363636363636 5 1
Communication round: 5, Eavesdropper Accuracy: 0.3477272727272727 6 1
Communication round: 6, Eavesdropper Accuracy: 0.3840909090909091 7 1
Communication round: 7, Eavesdropper Accuracy: 0.35 8 1
Communication round: 8, Aggregated Accuracies: 0.40821428571428564 9
Communication round: 8, Eavesdropper Accuracy: 0.45681818181818185 9 1
Communication round: 9, Eavesdropper Accuracy: 0.44545454545454544 10 1
Communication round: 10, Aggregated Accuracies: 0.5288095238095237 11
Communication round: 10, Eavesdropper Accuracy: 0.5886363636363636 11 1
Communication round: 11, Aggregated Accuracies: 0.5947619047619047 12
Communication round: 11, Eavesdropper Accuracy: 0.625 12 1
Communication round: 12, Aggregated Accuracies: 0.6573809523809523 13
Communication round: 12, Eavesdropper Accuracy: 0.6613636363636364 13 1
Communication round: 13, Eavesdropper Accuracy: 0.6931818181818182 14 1
Communication round: 14, Eavesdropper Accuracy: 0.6522727272727272 15 1
Communication round: 15, Eavesdropper Accuracy: 0.7 16 1
Communication round: 16, Eavesdropper Accuracy: 0.6818181818181818 17 1
Communication round: 17, Aggregated Accuracies: 0.6864285714285716 18
Communication round: 17, Eavesdropper Accuracy: 0.675 18 1
Communication round: 18, Aggregated Accuracies: 0.7149999999999999 19
Communication round: 18, Eavesdropper Accuracy: 0.7522727272727273 19 1
Communication round: 19, Eavesdropper Accuracy: 0.7318181818181818 20 1
Communication round: 20, Aggregated Accuracies: 0.7417857142857143 21
Communication round: 20, Eavesdropper Accuracy: 0.7613636363636364 21 1
Communication round: 21, Aggregated Accuracies: 0.7711904761904763 22
Communication round: 21, Eavesdropper Accuracy: 0.7772727272727272 22 1
Communication round: 22, Aggregated Accuracies: 0.7841666666666667 23
Communication round: 22, Eavesdropper Accuracy: 0.7931818181818182 23 1
Communication round: 23, Aggregated Accuracies: 0.8019047619047619 24
Communication round: 23, Eavesdropper Accuracy: 0.8136363636363636 24 1
Communication round: 24, Aggregated Accuracies: 0.8142857142857143 25
Communication round: 24, Eavesdropper Accuracy: 0.8477272727272728 25 1
Communication round: 25, Eavesdropper Accuracy: 0.8363636363636363 26 1
Communication round: 26, Aggregated Accuracies: 0.8214285714285714 27
Communication round: 26, Eavesdropper Accuracy: 0.8477272727272728 27 1
Communication round: 27, Aggregated Accuracies: 0.8351190476190474 28
Communication round: 27, Eavesdropper Accuracy: 0.8454545454545455 28 1
Communication round: 28, Aggregated Accuracies: 0.8400000000000001 29
Communication round: 28, Eavesdropper Accuracy: 0.8818181818181818 29 1
Communication round: 29, Eavesdropper Accuracy: 0.85 30 1
Communication round: 30, Eavesdropper Accuracy: 0.8431818181818181 31 1
Communication round: 31, Eavesdropper Accuracy: 0.8386363636363636 32 1
Communication round: 32, Eavesdropper Accuracy: 0.8340909090909091 33 1
Communication round: 33, Eavesdropper Accuracy: 0.8545454545454545 34 1
Communication round: 34, Aggregated Accuracies: 0.8508333333333334 35
Communication round: 34, Eavesdropper Accuracy: 0.8363636363636363 35 1
Communication round: 35, Aggregated Accuracies: 0.8541666666666666 36
Communication round: 35, Eavesdropper Accuracy: 0.8704545454545455 36 1
Communication round: 36, Eavesdropper Accuracy: 0.8545454545454545 37 1
Communication round: 37, Eavesdropper Accuracy: 0.865909090909091 38 1
Communication round: 38, Aggregated Accuracies: 0.8671428571428571 39
Communication round: 38, Eavesdropper Accuracy: 0.875 39 1
Communication round: 39, Aggregated Accuracies: 0.8658333333333333 40
Communication round: 39, Eavesdropper Accuracy: 0.8931818181818182 40 1
Communication round: 40, Eavesdropper Accuracy: 0.85 41 1
Communication round: 41, Eavesdropper Accuracy: 0.8636363636363636 42 1
Communication round: 42, Eavesdropper Accuracy: 0.8886363636363637 43 1
Communication round: 43, Eavesdropper Accuracy: 0.8818181818181818 44 1
Communication round: 44, Eavesdropper Accuracy: 0.8886363636363637 45 1
Communication round: 45, Eavesdropper Accuracy: 0.8727272727272727 46 1
Communication round: 46, Aggregated Accuracies: 0.8701190476190478 47
Communication round: 46, Eavesdropper Accuracy: 0.8727272727272727 47 1
Communication round: 47, Aggregated Accuracies: 0.8763095238095238 48
Communication round: 47, Eavesdropper Accuracy: 0.8954545454545455 48 1
Communication round: 48, Aggregated Accuracies: 0.8799999999999999 49
Communication round: 48, Eavesdropper Accuracy: 0.8772727272727273 49 1
Communication round: 49, Aggregated Accuracies: 0.8885714285714285 50
Communication round: 49, Eavesdropper Accuracy: 0.9113636363636364 50 1
Communication round: 50, Eavesdropper Accuracy: 0.8909090909090909 51 1
Communication round: 51, Aggregated Accuracies: 0.8944047619047619 52
Communication round: 51, Eavesdropper Accuracy: 0.8954545454545455 52 1
Communication round: 52, Aggregated Accuracies: 0.8972619047619048 53
Communication round: 52, Eavesdropper Accuracy: 0.8977272727272727 53 1
Communication round: 53, Aggregated Accuracies: 0.900595238095238 54
Communication round: 53, Eavesdropper Accuracy: 0.9159090909090909 54 1
Communication round: 54, Aggregated Accuracies: 0.9016666666666667 55
Communication round: 54, Eavesdropper Accuracy: 0.9136363636363637 55 1
Communication round: 55, Aggregated Accuracies: 0.9052380952380952 56
Communication round: 55, Eavesdropper Accuracy: 0.9136363636363637 56 1
Communication round: 56, Eavesdropper Accuracy: 0.9136363636363637 56 0
Communication round: 57, Eavesdropper Accuracy: 0.9227272727272727 56 0
Communication round: 58, Eavesdropper Accuracy: 0.9113636363636364 56 0
Communication round: 59, Eavesdropper Accuracy: 0.9159090909090909 56 0
Communication round: 60, Eavesdropper Accuracy: 0.9022727272727272 56 0
Communication round: 61, Eavesdropper Accuracy: 0.9 56 0
Communication round: 62, Eavesdropper Accuracy: 0.8977272727272727 56 0
Communication round: 63, Eavesdropper Accuracy: 0.9181818181818182 56 0
Communication round: 64, Eavesdropper Accuracy: 0.9113636363636364 56 0
Communication round: 65, Eavesdropper Accuracy: 0.9363636363636364 56 0
Communication round: 66, Eavesdropper Accuracy: 0.9068181818181819 56 0
Communication round: 67, Eavesdropper Accuracy: 0.9113636363636364 56 0
Communication round: 68, Eavesdropper Accuracy: 0.9227272727272727 56 0
Communication round: 69, Eavesdropper Accuracy: 0.8954545454545455 56 0
Communication round: 70, Eavesdropper Accuracy: 0.8954545454545455 56 0
Communication round: 71, Eavesdropper Accuracy: 0.9409090909090909 56 0
Communication round: 72, Eavesdropper Accuracy: 0.9272727272727272 56 0
Communication round: 73, Eavesdropper Accuracy: 0.9204545454545454 56 0
Communication round: 74, Eavesdropper Accuracy: 0.925 56 0
Communication round: 75, Eavesdropper Accuracy: 0.9068181818181819 56 0
Communication round: 76, Eavesdropper Accuracy: 0.9227272727272727 56 0
Communication round: 77, Eavesdropper Accuracy: 0.925 56 0
Communication round: 78, Eavesdropper Accuracy: 0.9227272727272727 56 0
Communication round: 79, Eavesdropper Accuracy: 0.9181818181818182 56 0
Communication round: 80, Eavesdropper Accuracy: 0.9045454545454545 56 0
Communication round: 81, Eavesdropper Accuracy: 0.9136363636363637 56 0
Communication round: 82, Eavesdropper Accuracy: 0.9 56 0
Communication round: 83, Eavesdropper Accuracy: 0.9227272727272727 56 0
Communication round: 84, Eavesdropper Accuracy: 0.9181818181818182 56 0
Communication round: 85, Eavesdropper Accuracy: 0.9363636363636364 56 0
Communication round: 86, Eavesdropper Accuracy: 0.9090909090909091 56 0
Communication round: 87, Eavesdropper Accuracy: 0.9068181818181819 56 0
Communication round: 88, Eavesdropper Accuracy: 0.9068181818181819 56 0
Communication round: 89, Eavesdropper Accuracy: 0.9068181818181819 56 0
Communication round: 90, Eavesdropper Accuracy: 0.9113636363636364 56 0
Communication round: 91, Eavesdropper Accuracy: 0.8977272727272727 56 0
Communication round: 92, Eavesdropper Accuracy: 0.9227272727272727 56 0
Communication round: 93, Eavesdropper Accuracy: 0.9227272727272727 56 0
Communication round: 94, Eavesdropper Accuracy: 0.9045454545454545 56 0
Communication round: 95, Eavesdropper Accuracy: 0.9045454545454545 56 0
Communication round: 96, Eavesdropper Accuracy: 0.9181818181818182 56 0
Communication round: 97, Eavesdropper Accuracy: 0.925 56 0
Communication round: 98, Eavesdropper Accuracy: 0.8931818181818182 56 0
Communication round: 99, Eavesdropper Accuracy: 0.8886363636363637 56 0
----------------------------------------------------------------------------------------------------
----------------------------------------------------------------------------------------------------
20_30_100_0.1_5_0.5_True_
----------------------------------------------------------------------------------------------------
Communication round: 0, Aggregated Accuracies: 0.13702380952380955 1
Communication round: 0, Eavesdropper Accuracy: 0.09318181818181819 1 1
Communication round: 1, Aggregated Accuracies: 0.22059523809523807 2
Communication round: 1, Eavesdropper Accuracy: 0.20681818181818182 2 1
Communication round: 2, Eavesdropper Accuracy: 0.20454545454545456 3 1
Communication round: 3, Eavesdropper Accuracy: 0.19772727272727272 4 1
Communication round: 4, Eavesdropper Accuracy: 0.17954545454545454 5 1
Communication round: 5, Eavesdropper Accuracy: 0.225 6 1
Communication round: 6, Aggregated Accuracies: 0.3063095238095238 7
Communication round: 6, Eavesdropper Accuracy: 0.3704545454545455 7 1
Communication round: 7, Aggregated Accuracies: 0.448452380952381 8
Communication round: 7, Eavesdropper Accuracy: 0.4818181818181818 8 1
Communication round: 8, Aggregated Accuracies: 0.5423809523809524 9
Communication round: 8, Eavesdropper Accuracy: 0.6227272727272727 9 1
Communication round: 9, Aggregated Accuracies: 0.6334523809523811 10
Communication round: 9, Eavesdropper Accuracy: 0.6772727272727272 10 1
Communication round: 10, Eavesdropper Accuracy: 0.6545454545454545 11 1
Communication round: 11, Eavesdropper Accuracy: 0.6863636363636364 12 1
Communication round: 12, Eavesdropper Accuracy: 0.6545454545454545 13 1
Communication round: 13, Aggregated Accuracies: 0.6844047619047618 14
Communication round: 13, Eavesdropper Accuracy: 0.7022727272727273 14 1
Communication round: 14, Eavesdropper Accuracy: 0.6818181818181818 15 1
Communication round: 15, Aggregated Accuracies: 0.7338095238095238 16
Communication round: 15, Eavesdropper Accuracy: 0.7477272727272727 16 1
Communication round: 16, Eavesdropper Accuracy: 0.7613636363636364 17 1
Communication round: 17, Eavesdropper Accuracy: 0.7522727272727273 18 1
Communication round: 18, Eavesdropper Accuracy: 0.7772727272727272 19 1
Communication round: 19, Aggregated Accuracies: 0.7525 20
Communication round: 19, Eavesdropper Accuracy: 0.7954545454545454 20 1
Communication round: 20, Eavesdropper Accuracy: 0.7613636363636364 21 1
Communication round: 21, Aggregated Accuracies: 0.7839285714285716 22
Communication round: 21, Eavesdropper Accuracy: 0.7931818181818182 22 1
Communication round: 22, Eavesdropper Accuracy: 0.75 23 1
Communication round: 23, Eavesdropper Accuracy: 0.8090909090909091 24 1
Communication round: 24, Aggregated Accuracies: 0.809047619047619 25
Communication round: 24, Eavesdropper Accuracy: 0.8204545454545454 25 1
Communication round: 25, Aggregated Accuracies: 0.8183333333333334 26
Communication round: 25, Eavesdropper Accuracy: 0.8409090909090909 26 1
Communication round: 26, Aggregated Accuracies: 0.8305952380952382 27
Communication round: 26, Eavesdropper Accuracy: 0.8636363636363636 27 1
Communication round: 27, Aggregated Accuracies: 0.8450000000000001 28
Communication round: 27, Eavesdropper Accuracy: 0.8772727272727273 28 1
Communication round: 28, Aggregated Accuracies: 0.8539285714285715 29
Communication round: 28, Eavesdropper Accuracy: 0.8681818181818182 29 1
Communication round: 29, Aggregated Accuracies: 0.8630952380952381 30
Communication round: 29, Eavesdropper Accuracy: 0.9181818181818182 30 1
Communication round: 30, Aggregated Accuracies: 0.8713095238095236 31
Communication round: 30, Eavesdropper Accuracy: 0.884090909090909 31 1
Communication round: 31, Aggregated Accuracies: 0.8789285714285713 32
Communication round: 31, Eavesdropper Accuracy: 0.8909090909090909 32 1
Communication round: 32, Eavesdropper Accuracy: 0.8818181818181818 33 1
Communication round: 33, Aggregated Accuracies: 0.8807142857142859 34
Communication round: 33, Eavesdropper Accuracy: 0.8977272727272727 34 1
Communication round: 34, Aggregated Accuracies: 0.8901190476190477 35
Communication round: 34, Eavesdropper Accuracy: 0.8931818181818182 35 1
Communication round: 35, Aggregated Accuracies: 0.8911904761904761 36
Communication round: 35, Eavesdropper Accuracy: 0.9113636363636364 36 1
Communication round: 36, Aggregated Accuracies: 0.9034523809523808 37
Communication round: 36, Eavesdropper Accuracy: 0.8977272727272727 37 1
Communication round: 37, Aggregated Accuracies: 0.9101190476190476 38
Communication round: 37, Eavesdropper Accuracy: 0.925 38 1
Communication round: 38, Eavesdropper Accuracy: 0.9159090909090909 39 1
Communication round: 39, Aggregated Accuracies: 0.9082142857142855 40
Communication round: 39, Eavesdropper Accuracy: 0.9159090909090909 40 1
Communication round: 40, Aggregated Accuracies: 0.9104761904761904 41
Communication round: 40, Eavesdropper Accuracy: 0.9113636363636364 41 1
Communication round: 41, Aggregated Accuracies: 0.9110714285714285 42
Communication round: 41, Eavesdropper Accuracy: 0.9227272727272727 42 1
Communication round: 42, Aggregated Accuracies: 0.9178571428571429 43
Communication round: 42, Eavesdropper Accuracy: 0.9295454545454546 43 1
Communication round: 43, Aggregated Accuracies: 0.9164285714285715 44
Communication round: 43, Eavesdropper Accuracy: 0.9409090909090909 44 1
Communication round: 44, Aggregated Accuracies: 0.9223809523809525 45
Communication round: 44, Eavesdropper Accuracy: 0.9340909090909091 45 1
Communication round: 45, Aggregated Accuracies: 0.9234523809523807 46
Communication round: 45, Eavesdropper Accuracy: 0.9113636363636364 46 1
Communication round: 46, Eavesdropper Accuracy: 0.9204545454545454 46 0
Communication round: 47, Eavesdropper Accuracy: 0.9477272727272728 46 0
Communication round: 48, Eavesdropper Accuracy: 0.9431818181818182 46 0
Communication round: 49, Eavesdropper Accuracy: 0.9340909090909091 46 0
Communication round: 50, Eavesdropper Accuracy: 0.9477272727272728 46 0
Communication round: 51, Eavesdropper Accuracy: 0.9227272727272727 46 0
Communication round: 52, Eavesdropper Accuracy: 0.9409090909090909 46 0
Communication round: 53, Eavesdropper Accuracy: 0.9340909090909091 46 0
Communication round: 54, Eavesdropper Accuracy: 0.9272727272727272 46 0
Communication round: 55, Eavesdropper Accuracy: 0.9431818181818182 46 0
Communication round: 56, Eavesdropper Accuracy: 0.9363636363636364 46 0
Communication round: 57, Eavesdropper Accuracy: 0.9045454545454545 46 0
Communication round: 58, Eavesdropper Accuracy: 0.9340909090909091 46 0
Communication round: 59, Eavesdropper Accuracy: 0.9477272727272728 46 0
Communication round: 60, Eavesdropper Accuracy: 0.925 46 0
Communication round: 61, Eavesdropper Accuracy: 0.95 46 0
Communication round: 62, Eavesdropper Accuracy: 0.9295454545454546 46 0
Communication round: 63, Eavesdropper Accuracy: 0.9295454545454546 46 0
Communication round: 64, Eavesdropper Accuracy: 0.9454545454545454 46 0
Communication round: 65, Eavesdropper Accuracy: 0.9340909090909091 46 0
Communication round: 66, Eavesdropper Accuracy: 0.925 46 0
Communication round: 67, Eavesdropper Accuracy: 0.9431818181818182 46 0
Communication round: 68, Eavesdropper Accuracy: 0.9363636363636364 46 0
Communication round: 69, Eavesdropper Accuracy: 0.9363636363636364 46 0
Communication round: 70, Eavesdropper Accuracy: 0.9363636363636364 46 0
Communication round: 71, Eavesdropper Accuracy: 0.9409090909090909 46 0
Communication round: 72, Eavesdropper Accuracy: 0.9409090909090909 46 0
Communication round: 73, Eavesdropper Accuracy: 0.9272727272727272 46 0
Communication round: 74, Eavesdropper Accuracy: 0.9295454545454546 46 0
Communication round: 75, Eavesdropper Accuracy: 0.9454545454545454 46 0
Communication round: 76, Eavesdropper Accuracy: 0.9363636363636364 46 0
Communication round: 77, Eavesdropper Accuracy: 0.925 46 0
Communication round: 78, Eavesdropper Accuracy: 0.95 46 0
Communication round: 79, Eavesdropper Accuracy: 0.9318181818181818 46 0
Communication round: 80, Eavesdropper Accuracy: 0.9545454545454546 46 0
Communication round: 81, Eavesdropper Accuracy: 0.9295454545454546 46 0
Communication round: 82, Eavesdropper Accuracy: 0.9113636363636364 46 0
Communication round: 83, Eavesdropper Accuracy: 0.9113636363636364 46 0
Communication round: 84, Eavesdropper Accuracy: 0.9318181818181818 46 0
Communication round: 85, Eavesdropper Accuracy: 0.9386363636363636 46 0
Communication round: 86, Eavesdropper Accuracy: 0.9340909090909091 46 0
Communication round: 87, Eavesdropper Accuracy: 0.9386363636363636 46 0
Communication round: 88, Eavesdropper Accuracy: 0.9227272727272727 46 0
Communication round: 89, Eavesdropper Accuracy: 0.9340909090909091 46 0
Communication round: 90, Eavesdropper Accuracy: 0.9363636363636364 46 0
Communication round: 91, Smart Eavesdropper Accuracy: 0.9363636363636364 46 0
Communication round: 92, Smart Eavesdropper Accuracy: 0.9113636363636364 46 0
Communication round: 93, Smart Eavesdropper Accuracy: 0.9477272727272728 46 0
Communication round: 94, Smart Eavesdropper Accuracy: 0.9318181818181818 46 0
Communication round: 95, Smart Eavesdropper Accuracy: 0.9181818181818182 46 0
Communication round: 96, Smart Eavesdropper Accuracy: 0.9204545454545454 46 0
Communication round: 97, Smart Eavesdropper Accuracy: 0.9386363636363636 46 0
Communication round: 98, Smart Eavesdropper Accuracy: 0.9159090909090909 46 0
Communication round: 99, Smart Eavesdropper Accuracy: 0.9363636363636364 46 0
----------------------------------------------------------------------------------------------------
----------------------------------------------------------------------------------------------------
20_30_100_0.1_5_0.5_True_
----------------------------------------------------------------------------------------------------
Communication round: 0, Aggregated Accuracies: 0.17416666666666664 1
Communication round: 0, Eavesdropper Accuracy: 0.16363636363636364 1 1
Communication round: 1, Eavesdropper Accuracy: 0.16363636363636364 2 1
Communication round: 2, Eavesdropper Accuracy: 0.17272727272727273 3 1
Communication round: 3, Eavesdropper Accuracy: 0.12727272727272726 4 1
Communication round: 4, Aggregated Accuracies: 0.23857142857142857 5
Communication round: 4, Eavesdropper Accuracy: 0.22045454545454546 5 1
Communication round: 5, Aggregated Accuracies: 0.3126190476190476 6
Communication round: 5, Eavesdropper Accuracy: 0.35909090909090907 6 1
Communication round: 6, Aggregated Accuracies: 0.42880952380952386 7
Communication round: 6, Eavesdropper Accuracy: 0.43863636363636366 7 1
Communication round: 7, Eavesdropper Accuracy: 0.42954545454545456 8 1
Communication round: 8, Eavesdropper Accuracy: 0.4818181818181818 9 1
Communication round: 9, Eavesdropper Accuracy: 0.45681818181818185 10 1
Communication round: 10, Aggregated Accuracies: 0.4944047619047618 11
Communication round: 10, Eavesdropper Accuracy: 0.55 11 1
Communication round: 11, Eavesdropper Accuracy: 0.5613636363636364 12 1
Communication round: 12, Aggregated Accuracies: 0.5885714285714286 13
Communication round: 12, Eavesdropper Accuracy: 0.6181818181818182 13 1
Communication round: 13, Aggregated Accuracies: 0.6544047619047619 14
Communication round: 13, Eavesdropper Accuracy: 0.6977272727272728 14 1
Communication round: 14, Eavesdropper Accuracy: 0.6977272727272728 15 1
Communication round: 15, Aggregated Accuracies: 0.6979761904761904 16
Communication round: 15, Eavesdropper Accuracy: 0.7545454545454545 16 1
Communication round: 16, Aggregated Accuracies: 0.760595238095238 17
Communication round: 16, Eavesdropper Accuracy: 0.7909090909090909 17 1
Communication round: 17, Eavesdropper Accuracy: 0.8045454545454546 18 1
Communication round: 18, Aggregated Accuracies: 0.7954761904761906 19
Communication round: 18, Eavesdropper Accuracy: 0.8227272727272728 19 1
Communication round: 19, Aggregated Accuracies: 0.8161904761904761 20
Communication round: 19, Eavesdropper Accuracy: 0.8795454545454545 20 1
Communication round: 20, Aggregated Accuracies: 0.8384523809523812 21
Communication round: 20, Eavesdropper Accuracy: 0.8886363636363637 21 1
Communication round: 21, Aggregated Accuracies: 0.8567857142857143 22
Communication round: 21, Eavesdropper Accuracy: 0.8863636363636364 22 1
Communication round: 22, Aggregated Accuracies: 0.8735714285714288 23
Communication round: 22, Eavesdropper Accuracy: 0.8636363636363636 23 1
Communication round: 23, Aggregated Accuracies: 0.8861904761904761 24
Communication round: 23, Eavesdropper Accuracy: 0.8886363636363637 24 1
Communication round: 24, Aggregated Accuracies: 0.8858333333333335 25
Communication round: 24, Eavesdropper Accuracy: 0.8931818181818182 25 1
Communication round: 25, Aggregated Accuracies: 0.8952380952380953 26
Communication round: 25, Eavesdropper Accuracy: 0.9090909090909091 26 1
Communication round: 26, Aggregated Accuracies: 0.8998809523809523 27
Communication round: 26, Eavesdropper Accuracy: 0.9295454545454546 27 1
Communication round: 27, Aggregated Accuracies: 0.9103571428571428 28
Communication round: 27, Eavesdropper Accuracy: 0.9454545454545454 28 1
Communication round: 28, Aggregated Accuracies: 0.9110714285714288 29
Communication round: 28, Eavesdropper Accuracy: 0.9159090909090909 29 1
Communication round: 29, Aggregated Accuracies: 0.9172619047619047 30
Communication round: 29, Eavesdropper Accuracy: 0.9409090909090909 30 1
Communication round: 30, Aggregated Accuracies: 0.918690476190476 31
Communication round: 30, Eavesdropper Accuracy: 0.9386363636363636 31 1
Communication round: 31, Aggregated Accuracies: 0.9223809523809523 32
Communication round: 31, Eavesdropper Accuracy: 0.9545454545454546 32 1
Communication round: 32, Aggregated Accuracies: 0.9244047619047621 33
Communication round: 32, Eavesdropper Accuracy: 0.9613636363636363 33 1
Communication round: 33, Aggregated Accuracies: 0.9295238095238096 34
Communication round: 33, Eavesdropper Accuracy: 0.9409090909090909 34 1
Communication round: 34, Eavesdropper Accuracy: 0.9477272727272728 35 1
Communication round: 35, Aggregated Accuracies: 0.9295238095238096 36
Communication round: 35, Eavesdropper Accuracy: 0.9181818181818182 36 1
Communication round: 36, Aggregated Accuracies: 0.9336904761904761 37
Communication round: 36, Eavesdropper Accuracy: 0.9409090909090909 37 1
Communication round: 37, Aggregated Accuracies: 0.9330952380952381 38
Communication round: 37, Eavesdropper Accuracy: 0.9545454545454546 38 1
Communication round: 38, Aggregated Accuracies: 0.9369047619047617 39
Communication round: 38, Eavesdropper Accuracy: 0.9590909090909091 39 1
Communication round: 39, Aggregated Accuracies: 0.9378571428571428 40
Communication round: 39, Eavesdropper Accuracy: 0.9522727272727273 40 1
Communication round: 40, Eavesdropper Accuracy: 0.95 40 0
Communication round: 41, Eavesdropper Accuracy: 0.9181818181818182 40 0
Communication round: 42, Eavesdropper Accuracy: 0.9363636363636364 40 0
Communication round: 43, Eavesdropper Accuracy: 0.9477272727272728 40 0
Communication round: 44, Eavesdropper Accuracy: 0.9454545454545454 40 0
Communication round: 45, Eavesdropper Accuracy: 0.9545454545454546 40 0
Communication round: 46, Eavesdropper Accuracy: 0.9590909090909091 40 0
Communication round: 47, Eavesdropper Accuracy: 0.9568181818181818 40 0
Communication round: 48, Eavesdropper Accuracy: 0.9227272727272727 40 0
Communication round: 49, Eavesdropper Accuracy: 0.9409090909090909 40 0
Communication round: 50, Eavesdropper Accuracy: 0.9409090909090909 40 0
Communication round: 51, Eavesdropper Accuracy: 0.95 40 0
Communication round: 52, Eavesdropper Accuracy: 0.9386363636363636 40 0
Communication round: 53, Eavesdropper Accuracy: 0.9568181818181818 40 0
Communication round: 54, Eavesdropper Accuracy: 0.9409090909090909 40 0
Communication round: 55, Eavesdropper Accuracy: 0.9272727272727272 40 0
Communication round: 56, Eavesdropper Accuracy: 0.9340909090909091 40 0
Communication round: 57, Eavesdropper Accuracy: 0.95 40 0
Communication round: 58, Eavesdropper Accuracy: 0.9477272727272728 40 0
Communication round: 59, Eavesdropper Accuracy: 0.9545454545454546 40 0
Communication round: 60, Eavesdropper Accuracy: 0.9522727272727273 40 0
Communication round: 61, Eavesdropper Accuracy: 0.9727272727272728 40 0
Communication round: 62, Eavesdropper Accuracy: 0.9409090909090909 40 0
Communication round: 63, Eavesdropper Accuracy: 0.9340909090909091 40 0
Communication round: 64, Eavesdropper Accuracy: 0.9431818181818182 40 0
Communication round: 65, Eavesdropper Accuracy: 0.9431818181818182 40 0
Communication round: 66, Eavesdropper Accuracy: 0.9477272727272728 40 0
Communication round: 67, Eavesdropper Accuracy: 0.9613636363636363 40 0
Communication round: 68, Eavesdropper Accuracy: 0.95 40 0
Communication round: 69, Eavesdropper Accuracy: 0.95 40 0
Communication round: 70, Eavesdropper Accuracy: 0.9477272727272728 40 0
Communication round: 71, Eavesdropper Accuracy: 0.9613636363636363 40 0
Communication round: 72, Eavesdropper Accuracy: 0.925 40 0
Communication round: 73, Eavesdropper Accuracy: 0.9386363636363636 40 0
Communication round: 74, Eavesdropper Accuracy: 0.9636363636363636 40 0
Communication round: 75, Eavesdropper Accuracy: 0.9295454545454546 40 0
Communication round: 76, Eavesdropper Accuracy: 0.95 40 0
Communication round: 77, Eavesdropper Accuracy: 0.9363636363636364 40 0
Communication round: 78, Eavesdropper Accuracy: 0.9386363636363636 40 0
Communication round: 79, Smart Eavesdropper Accuracy: 0.9522727272727273 40 0
Communication round: 80, Smart Eavesdropper Accuracy: 0.9090909090909091 40 0
Communication round: 81, Smart Eavesdropper Accuracy: 0.9477272727272728 40 0
Communication round: 82, Smart Eavesdropper Accuracy: 0.9386363636363636 40 0
Communication round: 83, Smart Eavesdropper Accuracy: 0.9431818181818182 40 0
Communication round: 84, Smart Eavesdropper Accuracy: 0.9477272727272728 40 0
Communication round: 85, Smart Eavesdropper Accuracy: 0.9431818181818182 40 0
Communication round: 86, Smart Eavesdropper Accuracy: 0.9386363636363636 40 0
Communication round: 87, Smart Eavesdropper Accuracy: 0.9363636363636364 40 0
Communication round: 88, Smart Eavesdropper Accuracy: 0.9454545454545454 40 0
Communication round: 89, Smart Eavesdropper Accuracy: 0.9431818181818182 40 0
Communication round: 90, Smart Eavesdropper Accuracy: 0.9090909090909091 40 0
Communication round: 91, Smart Eavesdropper Accuracy: 0.9159090909090909 40 0
Communication round: 92, Smart Eavesdropper Accuracy: 0.9409090909090909 40 0
Communication round: 93, Smart Eavesdropper Accuracy: 0.9431818181818182 40 0
Communication round: 94, Smart Eavesdropper Accuracy: 0.9431818181818182 40 0
Communication round: 95, Smart Eavesdropper Accuracy: 0.9090909090909091 40 0
Communication round: 96, Smart Eavesdropper Accuracy: 0.9295454545454546 40 0
Communication round: 97, Smart Eavesdropper Accuracy: 0.9386363636363636 40 0
Communication round: 98, Smart Eavesdropper Accuracy: 0.925 40 0
Communication round: 99, Smart Eavesdropper Accuracy: 0.9159090909090909 40 0
----------------------------------------------------------------------------------------------------
----------------------------------------------------------------------------------------------------
20_30_100_0.1_5_0.5_True_
----------------------------------------------------------------------------------------------------
Communication round: 0, Aggregated Accuracies: 0.11357142857142857 1
Communication round: 0, Eavesdropper Accuracy: 0.10909090909090909 1 1
Communication round: 1, Eavesdropper Accuracy: 0.10909090909090909 2 1
Communication round: 2, Aggregated Accuracies: 0.18726190476190477 3
Communication round: 2, Eavesdropper Accuracy: 0.19545454545454546 3 1
Communication round: 3, Eavesdropper Accuracy: 0.20227272727272727 4 1
Communication round: 4, Aggregated Accuracies: 0.2839285714285715 5
Communication round: 4, Eavesdropper Accuracy: 0.3409090909090909 5 1
Communication round: 5, Aggregated Accuracies: 0.37559523809523804 6
Communication round: 5, Eavesdropper Accuracy: 0.41818181818181815 6 1
Communication round: 6, Eavesdropper Accuracy: 0.4431818181818182 7 1
Communication round: 7, Aggregated Accuracies: 0.49714285714285705 8
Communication round: 7, Eavesdropper Accuracy: 0.5295454545454545 8 1
Communication round: 8, Aggregated Accuracies: 0.575 9
Communication round: 8, Eavesdropper Accuracy: 0.6181818181818182 9 1
Communication round: 9, Aggregated Accuracies: 0.6408333333333334 10
Communication round: 9, Eavesdropper Accuracy: 0.6272727272727273 10 1
Communication round: 10, Aggregated Accuracies: 0.7042857142857143 11
Communication round: 10, Eavesdropper Accuracy: 0.7136363636363636 11 1
Communication round: 11, Aggregated Accuracies: 0.7430952380952379 12
Communication round: 11, Eavesdropper Accuracy: 0.7477272727272727 12 1
Communication round: 12, Aggregated Accuracies: 0.7838095238095237 13
Communication round: 12, Eavesdropper Accuracy: 0.8136363636363636 13 1
Communication round: 13, Aggregated Accuracies: 0.8085714285714285 14
Communication round: 13, Eavesdropper Accuracy: 0.8113636363636364 14 1
Communication round: 14, Aggregated Accuracies: 0.8214285714285714 15
Communication round: 14, Eavesdropper Accuracy: 0.8227272727272728 15 1
Communication round: 15, Aggregated Accuracies: 0.8339285714285716 16
Communication round: 15, Eavesdropper Accuracy: 0.8431818181818181 16 1
Communication round: 16, Aggregated Accuracies: 0.8470238095238096 17
Communication round: 16, Eavesdropper Accuracy: 0.8727272727272727 17 1
Communication round: 17, Aggregated Accuracies: 0.8621428571428572 18
Communication round: 17, Eavesdropper Accuracy: 0.8818181818181818 18 1
Communication round: 18, Aggregated Accuracies: 0.8722619047619048 19
Communication round: 18, Eavesdropper Accuracy: 0.884090909090909 19 1
Communication round: 19, Aggregated Accuracies: 0.8846428571428572 20
Communication round: 19, Eavesdropper Accuracy: 0.9 20 1
Communication round: 20, Aggregated Accuracies: 0.8811904761904762 21
Communication round: 20, Eavesdropper Accuracy: 0.9 21 1
Communication round: 21, Aggregated Accuracies: 0.8883333333333333 22
Communication round: 21, Eavesdropper Accuracy: 0.9113636363636364 22 1
Communication round: 22, Aggregated Accuracies: 0.8922619047619049 23
Communication round: 22, Eavesdropper Accuracy: 0.9090909090909091 23 1
Communication round: 23, Aggregated Accuracies: 0.8977380952380951 24
Communication round: 23, Eavesdropper Accuracy: 0.9136363636363637 24 1
Communication round: 24, Aggregated Accuracies: 0.9032142857142859 25
Communication round: 24, Eavesdropper Accuracy: 0.9295454545454546 25 1
Communication round: 25, Aggregated Accuracies: 0.9088095238095238 26
Communication round: 25, Eavesdropper Accuracy: 0.9159090909090909 26 1
Communication round: 26, Aggregated Accuracies: 0.9140476190476192 27
Communication round: 26, Eavesdropper Accuracy: 0.9068181818181819 27 1
Communication round: 27, Aggregated Accuracies: 0.9130952380952382 28
Communication round: 27, Eavesdropper Accuracy: 0.9340909090909091 28 1
Communication round: 28, Aggregated Accuracies: 0.9148809523809524 29
Communication round: 28, Eavesdropper Accuracy: 0.9068181818181819 29 1
Communication round: 29, Aggregated Accuracies: 0.9158333333333335 30
Communication round: 29, Eavesdropper Accuracy: 0.8931818181818182 30 1
Communication round: 30, Eavesdropper Accuracy: 0.9159090909090909 31 1
Communication round: 31, Aggregated Accuracies: 0.918690476190476 32
Communication round: 31, Eavesdropper Accuracy: 0.9363636363636364 32 1
Communication round: 32, Eavesdropper Accuracy: 0.9136363636363637 33 1
Communication round: 33, Eavesdropper Accuracy: 0.9363636363636364 34 1
Communication round: 34, Eavesdropper Accuracy: 0.9409090909090909 35 1
Communication round: 35, Eavesdropper Accuracy: 0.9363636363636364 36 1
Communication round: 36, Aggregated Accuracies: 0.9242857142857142 37
Communication round: 36, Eavesdropper Accuracy: 0.9363636363636364 37 1
Communication round: 37, Aggregated Accuracies: 0.9238095238095237 38
Communication round: 37, Eavesdropper Accuracy: 0.9318181818181818 38 1
Communication round: 38, Eavesdropper Accuracy: 0.9477272727272728 38 0
Communication round: 39, Eavesdropper Accuracy: 0.9090909090909091 38 0
Communication round: 40, Eavesdropper Accuracy: 0.9386363636363636 38 0
Communication round: 41, Eavesdropper Accuracy: 0.9613636363636363 38 0
Communication round: 42, Eavesdropper Accuracy: 0.9409090909090909 38 0
Communication round: 43, Eavesdropper Accuracy: 0.9272727272727272 38 0
Communication round: 44, Eavesdropper Accuracy: 0.9363636363636364 38 0
Communication round: 45, Eavesdropper Accuracy: 0.9295454545454546 38 0
Communication round: 46, Eavesdropper Accuracy: 0.9318181818181818 38 0
Communication round: 47, Eavesdropper Accuracy: 0.9409090909090909 38 0
Communication round: 48, Eavesdropper Accuracy: 0.9409090909090909 38 0
Communication round: 49, Eavesdropper Accuracy: 0.9477272727272728 38 0
Communication round: 50, Eavesdropper Accuracy: 0.9454545454545454 38 0
Communication round: 51, Eavesdropper Accuracy: 0.9363636363636364 38 0
Communication round: 52, Eavesdropper Accuracy: 0.9295454545454546 38 0
Communication round: 53, Eavesdropper Accuracy: 0.9272727272727272 38 0
Communication round: 54, Eavesdropper Accuracy: 0.9409090909090909 38 0
Communication round: 55, Eavesdropper Accuracy: 0.9363636363636364 38 0
Communication round: 56, Eavesdropper Accuracy: 0.9272727272727272 38 0
Communication round: 57, Eavesdropper Accuracy: 0.9318181818181818 38 0
Communication round: 58, Eavesdropper Accuracy: 0.9272727272727272 38 0
Communication round: 59, Eavesdropper Accuracy: 0.9318181818181818 38 0
Communication round: 60, Eavesdropper Accuracy: 0.925 38 0
Communication round: 61, Eavesdropper Accuracy: 0.9295454545454546 38 0
Communication round: 62, Eavesdropper Accuracy: 0.9295454545454546 38 0
Communication round: 63, Eavesdropper Accuracy: 0.9227272727272727 38 0
Communication round: 64, Eavesdropper Accuracy: 0.9295454545454546 38 0
Communication round: 65, Eavesdropper Accuracy: 0.9295454545454546 38 0
Communication round: 66, Eavesdropper Accuracy: 0.9318181818181818 38 0
Communication round: 67, Eavesdropper Accuracy: 0.9090909090909091 38 0
Communication round: 68, Eavesdropper Accuracy: 0.9181818181818182 38 0
Communication round: 69, Eavesdropper Accuracy: 0.9431818181818182 38 0
Communication round: 70, Eavesdropper Accuracy: 0.9227272727272727 38 0
Communication round: 71, Eavesdropper Accuracy: 0.9386363636363636 38 0
Communication round: 72, Eavesdropper Accuracy: 0.9204545454545454 38 0
Communication round: 73, Eavesdropper Accuracy: 0.9204545454545454 38 0
Communication round: 74, Eavesdropper Accuracy: 0.9181818181818182 38 0
Communication round: 75, Smart Eavesdropper Accuracy: 0.9204545454545454 38 0
Communication round: 76, Smart Eavesdropper Accuracy: 0.9090909090909091 38 0
Communication round: 77, Smart Eavesdropper Accuracy: 0.8931818181818182 38 0
Communication round: 78, Smart Eavesdropper Accuracy: 0.9318181818181818 38 0
Communication round: 79, Smart Eavesdropper Accuracy: 0.9477272727272728 38 0
Communication round: 80, Smart Eavesdropper Accuracy: 0.9113636363636364 38 0
Communication round: 81, Smart Eavesdropper Accuracy: 0.9363636363636364 38 0
Communication round: 82, Smart Eavesdropper Accuracy: 0.9272727272727272 38 0
Communication round: 83, Smart Eavesdropper Accuracy: 0.9318181818181818 38 0
Communication round: 84, Smart Eavesdropper Accuracy: 0.9045454545454545 38 0
Communication round: 85, Smart Eavesdropper Accuracy: 0.9295454545454546 38 0
Communication round: 86, Smart Eavesdropper Accuracy: 0.9227272727272727 38 0
Communication round: 87, Smart Eavesdropper Accuracy: 0.925 38 0
Communication round: 88, Smart Eavesdropper Accuracy: 0.9227272727272727 38 0
Communication round: 89, Smart Eavesdropper Accuracy: 0.9363636363636364 38 0
Communication round: 90, Smart Eavesdropper Accuracy: 0.9113636363636364 38 0
Communication round: 91, Smart Eavesdropper Accuracy: 0.9181818181818182 38 0
Communication round: 92, Smart Eavesdropper Accuracy: 0.925 38 0
Communication round: 93, Smart Eavesdropper Accuracy: 0.9045454545454545 38 0
Communication round: 94, Smart Eavesdropper Accuracy: 0.9136363636363637 38 0
Communication round: 95, Smart Eavesdropper Accuracy: 0.9318181818181818 38 0
Communication round: 96, Smart Eavesdropper Accuracy: 0.9136363636363637 38 0
Communication round: 97, Smart Eavesdropper Accuracy: 0.9386363636363636 38 0
Communication round: 98, Smart Eavesdropper Accuracy: 0.9386363636363636 38 0
Communication round: 99, Smart Eavesdropper Accuracy: 0.9636363636363636 38 0
----------------------------------------------------------------------------------------------------
----------------------------------------------------------------------------------------------------
20_30_100_0.1_5_0.5_True_
----------------------------------------------------------------------------------------------------
Communication round: 0, Aggregated Accuracies: 0.1448809523809524 1
Communication round: 0, Eavesdropper Accuracy: 0.125 1 1
Communication round: 1, Eavesdropper Accuracy: 0.11136363636363636 2 1
Communication round: 2, Aggregated Accuracies: 0.19392857142857145 3
Communication round: 2, Eavesdropper Accuracy: 0.17727272727272728 3 1
Communication round: 3, Eavesdropper Accuracy: 0.2 4 1
Communication round: 4, Aggregated Accuracies: 0.2620238095238095 5
Communication round: 4, Eavesdropper Accuracy: 0.25681818181818183 5 1
Communication round: 5, Eavesdropper Accuracy: 0.29545454545454547 6 1
Communication round: 6, Aggregated Accuracies: 0.3504761904761905 7
Communication round: 6, Eavesdropper Accuracy: 0.4090909090909091 7 1
Communication round: 7, Eavesdropper Accuracy: 0.4318181818181818 8 1
Communication round: 8, Aggregated Accuracies: 0.429047619047619 9
Communication round: 8, Eavesdropper Accuracy: 0.49772727272727274 9 1
Communication round: 9, Eavesdropper Accuracy: 0.4636363636363636 10 1
Communication round: 10, Eavesdropper Accuracy: 0.47045454545454546 11 1
Communication round: 11, Eavesdropper Accuracy: 0.43863636363636366 12 1
Communication round: 12, Aggregated Accuracies: 0.5266666666666666 13
Communication round: 12, Eavesdropper Accuracy: 0.5590909090909091 13 1
Communication round: 13, Eavesdropper Accuracy: 0.5681818181818182 14 1
Communication round: 14, Aggregated Accuracies: 0.5804761904761904 15
Communication round: 14, Eavesdropper Accuracy: 0.6022727272727273 15 1
Communication round: 15, Eavesdropper Accuracy: 0.65 16 1
Communication round: 16, Aggregated Accuracies: 0.6444047619047619 17
Communication round: 16, Eavesdropper Accuracy: 0.7227272727272728 17 1
Communication round: 17, Eavesdropper Accuracy: 0.7113636363636363 18 1
Communication round: 18, Eavesdropper Accuracy: 0.6795454545454546 19 1
Communication round: 19, Aggregated Accuracies: 0.6896428571428572 20
Communication round: 19, Eavesdropper Accuracy: 0.7568181818181818 20 1
Communication round: 20, Aggregated Accuracies: 0.739047619047619 21
Communication round: 20, Eavesdropper Accuracy: 0.7954545454545454 21 1
Communication round: 21, Aggregated Accuracies: 0.7763095238095238 22
Communication round: 21, Eavesdropper Accuracy: 0.7727272727272727 22 1
Communication round: 22, Aggregated Accuracies: 0.8022619047619048 23
Communication round: 22, Eavesdropper Accuracy: 0.8318181818181818 23 1
Communication round: 23, Aggregated Accuracies: 0.809404761904762 24
Communication round: 23, Eavesdropper Accuracy: 0.8340909090909091 24 1
Communication round: 24, Aggregated Accuracies: 0.8366666666666667 25
Communication round: 24, Eavesdropper Accuracy: 0.8227272727272728 25 1
Communication round: 25, Aggregated Accuracies: 0.8398809523809525 26
Communication round: 25, Eavesdropper Accuracy: 0.8636363636363636 26 1
Communication round: 26, Eavesdropper Accuracy: 0.8318181818181818 27 1
Communication round: 27, Eavesdropper Accuracy: 0.8772727272727273 28 1
Communication round: 28, Aggregated Accuracies: 0.8592857142857142 29
Communication round: 28, Eavesdropper Accuracy: 0.8590909090909091 29 1
Communication round: 29, Eavesdropper Accuracy: 0.8636363636363636 30 1
Communication round: 30, Eavesdropper Accuracy: 0.8681818181818182 31 1
Communication round: 31, Eavesdropper Accuracy: 0.865909090909091 32 1
Communication round: 32, Eavesdropper Accuracy: 0.8568181818181818 33 1
Communication round: 33, Eavesdropper Accuracy: 0.8681818181818182 34 1
Communication round: 34, Eavesdropper Accuracy: 0.8636363636363636 35 1
Communication round: 35, Eavesdropper Accuracy: 0.8613636363636363 36 1
Communication round: 36, Aggregated Accuracies: 0.8609523809523811 37
Communication round: 36, Eavesdropper Accuracy: 0.85 37 1
Communication round: 37, Aggregated Accuracies: 0.8675 38
Communication round: 37, Eavesdropper Accuracy: 0.8727272727272727 38 1
Communication round: 38, Aggregated Accuracies: 0.8777380952380953 39
Communication round: 38, Eavesdropper Accuracy: 0.8772727272727273 39 1
Communication round: 39, Eavesdropper Accuracy: 0.865909090909091 40 1
Communication round: 40, Eavesdropper Accuracy: 0.8863636363636364 41 1
Communication round: 41, Eavesdropper Accuracy: 0.8863636363636364 42 1
Communication round: 42, Eavesdropper Accuracy: 0.8909090909090909 43 1
Communication round: 43, Eavesdropper Accuracy: 0.8613636363636363 44 1
Communication round: 44, Eavesdropper Accuracy: 0.8863636363636364 45 1
Communication round: 45, Aggregated Accuracies: 0.8829761904761906 46
Communication round: 45, Eavesdropper Accuracy: 0.8818181818181818 46 1
Communication round: 46, Aggregated Accuracies: 0.8896428571428574 47
Communication round: 46, Eavesdropper Accuracy: 0.8863636363636364 47 1
Communication round: 47, Eavesdropper Accuracy: 0.9022727272727272 48 1
Communication round: 48, Eavesdropper Accuracy: 0.8795454545454545 49 1
Communication round: 49, Eavesdropper Accuracy: 0.9068181818181819 50 1
Communication round: 50, Eavesdropper Accuracy: 0.8909090909090909 51 1
Communication round: 51, Eavesdropper Accuracy: 0.8772727272727273 52 1
Communication round: 52, Aggregated Accuracies: 0.8920238095238094 53
Communication round: 52, Eavesdropper Accuracy: 0.9113636363636364 53 1
Communication round: 53, Aggregated Accuracies: 0.8977380952380951 54
Communication round: 53, Eavesdropper Accuracy: 0.8772727272727273 54 1
Communication round: 54, Eavesdropper Accuracy: 0.8977272727272727 55 1
Communication round: 55, Eavesdropper Accuracy: 0.9068181818181819 56 1
Communication round: 56, Aggregated Accuracies: 0.9045238095238094 57
Communication round: 56, Eavesdropper Accuracy: 0.9113636363636364 57 1
Communication round: 57, Aggregated Accuracies: 0.9103571428571428 58
Communication round: 57, Eavesdropper Accuracy: 0.9159090909090909 58 1
Communication round: 58, Aggregated Accuracies: 0.9091666666666667 59
Communication round: 58, Eavesdropper Accuracy: 0.9227272727272727 59 1
Communication round: 59, Aggregated Accuracies: 0.916190476190476 60
Communication round: 59, Eavesdropper Accuracy: 0.8931818181818182 60 1
Communication round: 60, Aggregated Accuracies: 0.9202380952380953 61
Communication round: 60, Eavesdropper Accuracy: 0.9340909090909091 61 1
Communication round: 61, Aggregated Accuracies: 0.9222619047619045 62
Communication round: 61, Eavesdropper Accuracy: 0.9363636363636364 62 1
Communication round: 62, Aggregated Accuracies: 0.9257142857142856 63
Communication round: 62, Eavesdropper Accuracy: 0.9272727272727272 63 1
Communication round: 63, Eavesdropper Accuracy: 0.9204545454545454 63 0
Communication round: 64, Eavesdropper Accuracy: 0.9272727272727272 63 0
Communication round: 65, Eavesdropper Accuracy: 0.9 63 0
Communication round: 66, Eavesdropper Accuracy: 0.9431818181818182 63 0
Communication round: 67, Eavesdropper Accuracy: 0.9386363636363636 63 0
Communication round: 68, Eavesdropper Accuracy: 0.9340909090909091 63 0
Communication round: 69, Eavesdropper Accuracy: 0.9159090909090909 63 0
Communication round: 70, Eavesdropper Accuracy: 0.9409090909090909 63 0
Communication round: 71, Eavesdropper Accuracy: 0.9295454545454546 63 0
Communication round: 72, Eavesdropper Accuracy: 0.9159090909090909 63 0
Communication round: 73, Eavesdropper Accuracy: 0.9045454545454545 63 0
Communication round: 74, Eavesdropper Accuracy: 0.9136363636363637 63 0
Communication round: 75, Eavesdropper Accuracy: 0.9090909090909091 63 0
Communication round: 76, Eavesdropper Accuracy: 0.925 63 0
Communication round: 77, Eavesdropper Accuracy: 0.9272727272727272 63 0
Communication round: 78, Eavesdropper Accuracy: 0.9363636363636364 63 0
Communication round: 79, Eavesdropper Accuracy: 0.9295454545454546 63 0
Communication round: 80, Eavesdropper Accuracy: 0.9113636363636364 63 0
Communication round: 81, Eavesdropper Accuracy: 0.9318181818181818 63 0
Communication round: 82, Eavesdropper Accuracy: 0.9159090909090909 63 0
Communication round: 83, Eavesdropper Accuracy: 0.9431818181818182 63 0
Communication round: 84, Eavesdropper Accuracy: 0.925 63 0
Communication round: 85, Eavesdropper Accuracy: 0.9227272727272727 63 0
Communication round: 86, Eavesdropper Accuracy: 0.925 63 0
Communication round: 87, Eavesdropper Accuracy: 0.9431818181818182 63 0
Communication round: 88, Eavesdropper Accuracy: 0.9318181818181818 63 0
Communication round: 89, Eavesdropper Accuracy: 0.9318181818181818 63 0
Communication round: 90, Eavesdropper Accuracy: 0.9136363636363637 63 0
Communication round: 91, Eavesdropper Accuracy: 0.9409090909090909 63 0
Communication round: 92, Eavesdropper Accuracy: 0.9431818181818182 63 0
Communication round: 93, Eavesdropper Accuracy: 0.9340909090909091 63 0
Communication round: 94, Eavesdropper Accuracy: 0.9068181818181819 63 0
Communication round: 95, Eavesdropper Accuracy: 0.9295454545454546 63 0
Communication round: 96, Eavesdropper Accuracy: 0.9181818181818182 63 0
Communication round: 97, Eavesdropper Accuracy: 0.9204545454545454 63 0
Communication round: 98, Eavesdropper Accuracy: 0.9204545454545454 63 0
Communication round: 99, Eavesdropper Accuracy: 0.925 63 0
----------------------------------------------------------------------------------------------------
----------------------------------------------------------------------------------------------------
20_30_100_0.1_5_0.5_True_
----------------------------------------------------------------------------------------------------
Communication round: 0, Eavesdropper Accuracy: 0.022727272727272728 1 1
Communication round: 1, Aggregated Accuracies: 0.12261904761904759 2
Communication round: 1, Eavesdropper Accuracy: 0.14772727272727273 2 1
Communication round: 2, Aggregated Accuracies: 0.20845238095238097 3
Communication round: 2, Eavesdropper Accuracy: 0.22045454545454546 3 1
Communication round: 3, Eavesdropper Accuracy: 0.22954545454545455 4 1
Communication round: 4, Eavesdropper Accuracy: 0.21136363636363636 5 1
Communication round: 5, Aggregated Accuracies: 0.27428571428571435 6
Communication round: 5, Eavesdropper Accuracy: 0.2840909090909091 6 1
Communication round: 6, Eavesdropper Accuracy: 0.27954545454545454 7 1
Communication round: 7, Eavesdropper Accuracy: 0.275 8 1
Communication round: 8, Aggregated Accuracies: 0.36416666666666664 9
Communication round: 8, Eavesdropper Accuracy: 0.38181818181818183 9 1
Communication round: 9, Eavesdropper Accuracy: 0.38181818181818183 10 1
Communication round: 10, Aggregated Accuracies: 0.44845238095238094 11
Communication round: 10, Eavesdropper Accuracy: 0.4863636363636364 11 1
Communication round: 11, Eavesdropper Accuracy: 0.5159090909090909 12 1
Communication round: 12, Eavesdropper Accuracy: 0.45 13 1
Communication round: 13, Aggregated Accuracies: 0.5327380952380951 14
Communication round: 13, Eavesdropper Accuracy: 0.5681818181818182 14 1
Communication round: 14, Eavesdropper Accuracy: 0.5477272727272727 15 1
Communication round: 15, Aggregated Accuracies: 0.5816666666666666 16
Communication round: 15, Eavesdropper Accuracy: 0.6181818181818182 16 1
Communication round: 16, Eavesdropper Accuracy: 0.6204545454545455 17 1
Communication round: 17, Eavesdropper Accuracy: 0.65 18 1
Communication round: 18, Eavesdropper Accuracy: 0.6431818181818182 19 1
Communication round: 19, Eavesdropper Accuracy: 0.615909090909091 20 1
Communication round: 20, Eavesdropper Accuracy: 0.6068181818181818 21 1
Communication round: 21, Eavesdropper Accuracy: 0.5886363636363636 22 1
Communication round: 22, Eavesdropper Accuracy: 0.6318181818181818 23 1
Communication round: 23, Aggregated Accuracies: 0.6320238095238093 24
Communication round: 23, Eavesdropper Accuracy: 0.6818181818181818 24 1
Communication round: 24, Aggregated Accuracies: 0.6942857142857142 25
Communication round: 24, Eavesdropper Accuracy: 0.7477272727272727 25 1
Communication round: 25, Aggregated Accuracies: 0.7353571428571428 26
Communication round: 25, Eavesdropper Accuracy: 0.7613636363636364 26 1
Communication round: 26, Aggregated Accuracies: 0.7597619047619049 27
Communication round: 26, Eavesdropper Accuracy: 0.7431818181818182 27 1
Communication round: 27, Aggregated Accuracies: 0.7857142857142858 28
Communication round: 27, Eavesdropper Accuracy: 0.7681818181818182 28 1
Communication round: 28, Aggregated Accuracies: 0.8134523809523809 29
Communication round: 28, Eavesdropper Accuracy: 0.8340909090909091 29 1
Communication round: 29, Eavesdropper Accuracy: 0.8 30 1
Communication round: 30, Aggregated Accuracies: 0.8204761904761906 31
Communication round: 30, Eavesdropper Accuracy: 0.8363636363636363 31 1
Communication round: 31, Aggregated Accuracies: 0.8357142857142857 32
Communication round: 31, Eavesdropper Accuracy: 0.8340909090909091 32 1
Communication round: 32, Aggregated Accuracies: 0.8444047619047618 33
Communication round: 32, Eavesdropper Accuracy: 0.8431818181818181 33 1
Communication round: 33, Eavesdropper Accuracy: 0.8340909090909091 34 1
Communication round: 34, Aggregated Accuracies: 0.8546428571428575 35
Communication round: 34, Eavesdropper Accuracy: 0.8590909090909091 35 1
Communication round: 35, Aggregated Accuracies: 0.8657142857142857 36
Communication round: 35, Eavesdropper Accuracy: 0.875 36 1
Communication round: 36, Aggregated Accuracies: 0.8729761904761906 37
Communication round: 36, Eavesdropper Accuracy: 0.8886363636363637 37 1
Communication round: 37, Aggregated Accuracies: 0.8808333333333334 38
Communication round: 37, Eavesdropper Accuracy: 0.8704545454545455 38 1
Communication round: 38, Aggregated Accuracies: 0.885357142857143 39
Communication round: 38, Eavesdropper Accuracy: 0.8795454545454545 39 1
Communication round: 39, Aggregated Accuracies: 0.8959523809523808 40
Communication round: 39, Eavesdropper Accuracy: 0.8863636363636364 40 1
Communication round: 40, Aggregated Accuracies: 0.8975000000000002 41
Communication round: 40, Eavesdropper Accuracy: 0.8863636363636364 41 1
Communication round: 41, Aggregated Accuracies: 0.9052380952380951 42
Communication round: 41, Eavesdropper Accuracy: 0.9227272727272727 42 1
Communication round: 42, Eavesdropper Accuracy: 0.8863636363636364 43 1
Communication round: 43, Eavesdropper Accuracy: 0.9 44 1
Communication round: 44, Eavesdropper Accuracy: 0.884090909090909 45 1
Communication round: 45, Eavesdropper Accuracy: 0.9 46 1
Communication round: 46, Aggregated Accuracies: 0.9059523809523808 47
Communication round: 46, Eavesdropper Accuracy: 0.9 47 1
Communication round: 47, Aggregated Accuracies: 0.9104761904761904 48
Communication round: 47, Eavesdropper Accuracy: 0.9090909090909091 48 1
Communication round: 48, Eavesdropper Accuracy: 0.9113636363636364 49 1
Communication round: 49, Eavesdropper Accuracy: 0.9181818181818182 50 1
Communication round: 50, Eavesdropper Accuracy: 0.9204545454545454 51 1
Communication round: 51, Eavesdropper Accuracy: 0.9022727272727272 52 1
Communication round: 52, Eavesdropper Accuracy: 0.9068181818181819 53 1
Communication round: 53, Aggregated Accuracies: 0.9121428571428571 54
Communication round: 53, Eavesdropper Accuracy: 0.9 54 1
Communication round: 54, Aggregated Accuracies: 0.9180952380952382 55
Communication round: 54, Eavesdropper Accuracy: 0.9227272727272727 55 1
Communication round: 55, Aggregated Accuracies: 0.9165476190476189 56
Communication round: 55, Eavesdropper Accuracy: 0.9022727272727272 56 1
Communication round: 56, Eavesdropper Accuracy: 0.9340909090909091 57 1
Communication round: 57, Aggregated Accuracies: 0.9167857142857141 58
Communication round: 57, Eavesdropper Accuracy: 0.9272727272727272 58 1
Communication round: 58, Eavesdropper Accuracy: 0.9340909090909091 58 0
Communication round: 59, Eavesdropper Accuracy: 0.9295454545454546 58 0
Communication round: 60, Eavesdropper Accuracy: 0.9318181818181818 58 0
Communication round: 61, Eavesdropper Accuracy: 0.925 58 0
Communication round: 62, Eavesdropper Accuracy: 0.9227272727272727 58 0
Communication round: 63, Eavesdropper Accuracy: 0.9181818181818182 58 0
Communication round: 64, Eavesdropper Accuracy: 0.9295454545454546 58 0
Communication round: 65, Eavesdropper Accuracy: 0.9181818181818182 58 0
Communication round: 66, Eavesdropper Accuracy: 0.9204545454545454 58 0
Communication round: 67, Eavesdropper Accuracy: 0.9090909090909091 58 0
Communication round: 68, Eavesdropper Accuracy: 0.9181818181818182 58 0
Communication round: 69, Eavesdropper Accuracy: 0.9272727272727272 58 0
Communication round: 70, Eavesdropper Accuracy: 0.9136363636363637 58 0
Communication round: 71, Eavesdropper Accuracy: 0.9272727272727272 58 0
Communication round: 72, Eavesdropper Accuracy: 0.9181818181818182 58 0
Communication round: 73, Eavesdropper Accuracy: 0.9068181818181819 58 0
Communication round: 74, Eavesdropper Accuracy: 0.9022727272727272 58 0
Communication round: 75, Eavesdropper Accuracy: 0.9181818181818182 58 0
Communication round: 76, Eavesdropper Accuracy: 0.9113636363636364 58 0
Communication round: 77, Eavesdropper Accuracy: 0.9227272727272727 58 0
Communication round: 78, Eavesdropper Accuracy: 0.9227272727272727 58 0
Communication round: 79, Eavesdropper Accuracy: 0.925 58 0
Communication round: 80, Eavesdropper Accuracy: 0.9136363636363637 58 0
Communication round: 81, Eavesdropper Accuracy: 0.9295454545454546 58 0
Communication round: 82, Eavesdropper Accuracy: 0.9159090909090909 58 0
Communication round: 83, Eavesdropper Accuracy: 0.9318181818181818 58 0
Communication round: 84, Eavesdropper Accuracy: 0.8954545454545455 58 0
Communication round: 85, Eavesdropper Accuracy: 0.9363636363636364 58 0
Communication round: 86, Eavesdropper Accuracy: 0.9227272727272727 58 0
Communication round: 87, Eavesdropper Accuracy: 0.9386363636363636 58 0
Communication round: 88, Eavesdropper Accuracy: 0.9318181818181818 58 0
Communication round: 89, Eavesdropper Accuracy: 0.9090909090909091 58 0
Communication round: 90, Eavesdropper Accuracy: 0.9227272727272727 58 0
Communication round: 91, Eavesdropper Accuracy: 0.9068181818181819 58 0
Communication round: 92, Eavesdropper Accuracy: 0.9045454545454545 58 0
Communication round: 93, Eavesdropper Accuracy: 0.9340909090909091 58 0
Communication round: 94, Eavesdropper Accuracy: 0.9159090909090909 58 0
Communication round: 95, Eavesdropper Accuracy: 0.9090909090909091 58 0
Communication round: 96, Eavesdropper Accuracy: 0.9204545454545454 58 0
Communication round: 97, Eavesdropper Accuracy: 0.9159090909090909 58 0
Communication round: 98, Eavesdropper Accuracy: 0.9272727272727272 58 0
Communication round: 99, Eavesdropper Accuracy: 0.9 58 0
----------------------------------------------------------------------------------------------------
----------------------------------------------------------------------------------------------------
20_30_100_0.1_5_0.5_True_
----------------------------------------------------------------------------------------------------
Communication round: 0, Eavesdropper Accuracy: 0.04772727272727273 1 1
Communication round: 1, Eavesdropper Accuracy: 0.05227272727272727 2 1
Communication round: 2, Eavesdropper Accuracy: 0.05454545454545454 3 1
Communication round: 3, Eavesdropper Accuracy: 0.05909090909090909 4 1
Communication round: 4, Eavesdropper Accuracy: 0.07272727272727272 5 1
Communication round: 5, Eavesdropper Accuracy: 0.045454545454545456 6 1
Communication round: 6, Eavesdropper Accuracy: 0.03409090909090909 7 1
Communication round: 7, Eavesdropper Accuracy: 0.06136363636363636 8 1
Communication round: 8, Aggregated Accuracies: 0.10547619047619047 9
Communication round: 8, Eavesdropper Accuracy: 0.07954545454545454 9 1
Communication round: 9, Eavesdropper Accuracy: 0.10909090909090909 10 1
Communication round: 10, Aggregated Accuracies: 0.16797619047619045 11
Communication round: 10, Eavesdropper Accuracy: 0.19772727272727272 11 1
Communication round: 11, Eavesdropper Accuracy: 0.17272727272727273 12 1
Communication round: 12, Eavesdropper Accuracy: 0.16818181818181818 13 1
Communication round: 13, Aggregated Accuracies: 0.26690476190476187 14
Communication round: 13, Eavesdropper Accuracy: 0.31136363636363634 14 1
Communication round: 14, Eavesdropper Accuracy: 0.3181818181818182 15 1
Communication round: 15, Aggregated Accuracies: 0.37690476190476185 16
Communication round: 15, Eavesdropper Accuracy: 0.4590909090909091 16 1
Communication round: 16, Eavesdropper Accuracy: 0.40454545454545454 17 1
Communication round: 17, Eavesdropper Accuracy: 0.44545454545454544 18 1
Communication round: 18, Eavesdropper Accuracy: 0.3931818181818182 19 1
Communication round: 19, Eavesdropper Accuracy: 0.4590909090909091 20 1
Communication round: 20, Eavesdropper Accuracy: 0.42727272727272725 21 1
Communication round: 21, Aggregated Accuracies: 0.46988095238095245 22
Communication round: 21, Eavesdropper Accuracy: 0.5295454545454545 22 1
Communication round: 22, Eavesdropper Accuracy: 0.5295454545454545 23 1
Communication round: 23, Aggregated Accuracies: 0.5567857142857143 24
Communication round: 23, Eavesdropper Accuracy: 0.625 24 1
Communication round: 24, Aggregated Accuracies: 0.6189285714285714 25
Communication round: 24, Eavesdropper Accuracy: 0.6590909090909091 25 1
Communication round: 25, Aggregated Accuracies: 0.6774999999999998 26
Communication round: 25, Eavesdropper Accuracy: 0.7204545454545455 26 1
Communication round: 26, Aggregated Accuracies: 0.7238095238095237 27
Communication round: 26, Eavesdropper Accuracy: 0.7227272727272728 27 1
Communication round: 27, Aggregated Accuracies: 0.7576190476190475 28
Communication round: 27, Eavesdropper Accuracy: 0.8090909090909091 28 1
Communication round: 28, Aggregated Accuracies: 0.793809523809524 29
Communication round: 28, Eavesdropper Accuracy: 0.8227272727272728 29 1
Communication round: 29, Eavesdropper Accuracy: 0.8045454545454546 30 1
Communication round: 30, Aggregated Accuracies: 0.8115476190476192 31
Communication round: 30, Eavesdropper Accuracy: 0.825 31 1
Communication round: 31, Eavesdropper Accuracy: 0.8204545454545454 32 1
Communication round: 32, Aggregated Accuracies: 0.8289285714285715 33
Communication round: 32, Eavesdropper Accuracy: 0.8363636363636363 33 1
Communication round: 33, Eavesdropper Accuracy: 0.8568181818181818 34 1
Communication round: 34, Eavesdropper Accuracy: 0.8590909090909091 35 1
Communication round: 35, Eavesdropper Accuracy: 0.8363636363636363 36 1
Communication round: 36, Aggregated Accuracies: 0.8469047619047618 37
Communication round: 36, Eavesdropper Accuracy: 0.85 37 1
Communication round: 37, Eavesdropper Accuracy: 0.8795454545454545 38 1
Communication round: 38, Aggregated Accuracies: 0.8582142857142857 39
Communication round: 38, Eavesdropper Accuracy: 0.884090909090909 39 1
Communication round: 39, Aggregated Accuracies: 0.8572619047619048 40
Communication round: 39, Eavesdropper Accuracy: 0.8886363636363637 40 1
Communication round: 40, Aggregated Accuracies: 0.8738095238095237 41
Communication round: 40, Eavesdropper Accuracy: 0.8886363636363637 41 1
Communication round: 41, Eavesdropper Accuracy: 0.8931818181818182 42 1
Communication round: 42, Eavesdropper Accuracy: 0.8795454545454545 43 1
Communication round: 43, Aggregated Accuracies: 0.8764285714285716 44
Communication round: 43, Eavesdropper Accuracy: 0.8886363636363637 44 1
Communication round: 44, Aggregated Accuracies: 0.8855952380952381 45
Communication round: 44, Eavesdropper Accuracy: 0.8931818181818182 45 1
Communication round: 45, Eavesdropper Accuracy: 0.8795454545454545 46 1
Communication round: 46, Eavesdropper Accuracy: 0.8795454545454545 47 1
Communication round: 47, Aggregated Accuracies: 0.8920238095238098 48
Communication round: 47, Eavesdropper Accuracy: 0.8613636363636363 48 1
Communication round: 48, Aggregated Accuracies: 0.8963095238095239 49
Communication round: 48, Eavesdropper Accuracy: 0.884090909090909 49 1
Communication round: 49, Eavesdropper Accuracy: 0.8863636363636364 50 1
Communication round: 50, Eavesdropper Accuracy: 0.9113636363636364 51 1
Communication round: 51, Eavesdropper Accuracy: 0.8681818181818182 52 1
Communication round: 52, Aggregated Accuracies: 0.8997619047619049 53
Communication round: 52, Eavesdropper Accuracy: 0.9159090909090909 53 1
Communication round: 53, Aggregated Accuracies: 0.9022619047619047 54
Communication round: 53, Eavesdropper Accuracy: 0.9159090909090909 54 1
Communication round: 54, Eavesdropper Accuracy: 0.9045454545454545 55 1
Communication round: 55, Eavesdropper Accuracy: 0.8931818181818182 56 1
Communication round: 56, Eavesdropper Accuracy: 0.9045454545454545 57 1
Communication round: 57, Aggregated Accuracies: 0.9025000000000001 58
Communication round: 57, Eavesdropper Accuracy: 0.9318181818181818 58 1
Communication round: 58, Eavesdropper Accuracy: 0.9045454545454545 59 1
Communication round: 59, Eavesdropper Accuracy: 0.8931818181818182 60 1
Communication round: 60, Aggregated Accuracies: 0.9065476190476189 61
Communication round: 60, Eavesdropper Accuracy: 0.8772727272727273 61 1
Communication round: 61, Aggregated Accuracies: 0.9066666666666668 62
Communication round: 61, Eavesdropper Accuracy: 0.9045454545454545 62 1
Communication round: 62, Aggregated Accuracies: 0.9110714285714285 63
Communication round: 62, Eavesdropper Accuracy: 0.9272727272727272 63 1
Communication round: 63, Aggregated Accuracies: 0.9148809523809524 64
Communication round: 63, Eavesdropper Accuracy: 0.9181818181818182 64 1
Communication round: 64, Eavesdropper Accuracy: 0.9159090909090909 65 1
Communication round: 65, Eavesdropper Accuracy: 0.9113636363636364 66 1
Communication round: 66, Eavesdropper Accuracy: 0.925 67 1
Communication round: 67, Aggregated Accuracies: 0.9179761904761905 68
Communication round: 67, Eavesdropper Accuracy: 0.9181818181818182 68 1
Communication round: 68, Eavesdropper Accuracy: 0.9318181818181818 69 1
Communication round: 69, Eavesdropper Accuracy: 0.925 70 1
Communication round: 70, Aggregated Accuracies: 0.9180952380952381 71
Communication round: 70, Eavesdropper Accuracy: 0.9136363636363637 71 1
Communication round: 71, Eavesdropper Accuracy: 0.9363636363636364 71 0
Communication round: 72, Eavesdropper Accuracy: 0.9227272727272727 71 0
Communication round: 73, Eavesdropper Accuracy: 0.9318181818181818 71 0
Communication round: 74, Eavesdropper Accuracy: 0.9136363636363637 71 0
Communication round: 75, Eavesdropper Accuracy: 0.925 71 0
Communication round: 76, Eavesdropper Accuracy: 0.9295454545454546 71 0
Communication round: 77, Eavesdropper Accuracy: 0.9386363636363636 71 0
Communication round: 78, Eavesdropper Accuracy: 0.9340909090909091 71 0
Communication round: 79, Eavesdropper Accuracy: 0.9136363636363637 71 0
Communication round: 80, Eavesdropper Accuracy: 0.9136363636363637 71 0
Communication round: 81, Eavesdropper Accuracy: 0.9318181818181818 71 0
Communication round: 82, Eavesdropper Accuracy: 0.9318181818181818 71 0
Communication round: 83, Eavesdropper Accuracy: 0.9090909090909091 71 0
Communication round: 84, Eavesdropper Accuracy: 0.9181818181818182 71 0
Communication round: 85, Eavesdropper Accuracy: 0.9340909090909091 71 0
Communication round: 86, Eavesdropper Accuracy: 0.925 71 0
Communication round: 87, Eavesdropper Accuracy: 0.9363636363636364 71 0
Communication round: 88, Eavesdropper Accuracy: 0.9409090909090909 71 0
Communication round: 89, Eavesdropper Accuracy: 0.9272727272727272 71 0
Communication round: 90, Eavesdropper Accuracy: 0.9295454545454546 71 0
Communication round: 91, Eavesdropper Accuracy: 0.9272727272727272 71 0
Communication round: 92, Eavesdropper Accuracy: 0.9181818181818182 71 0
Communication round: 93, Eavesdropper Accuracy: 0.9068181818181819 71 0
Communication round: 94, Eavesdropper Accuracy: 0.9409090909090909 71 0
Communication round: 95, Eavesdropper Accuracy: 0.9113636363636364 71 0
Communication round: 96, Eavesdropper Accuracy: 0.9090909090909091 71 0
Communication round: 97, Eavesdropper Accuracy: 0.9159090909090909 71 0
Communication round: 98, Eavesdropper Accuracy: 0.9227272727272727 71 0
Communication round: 99, Eavesdropper Accuracy: 0.9227272727272727 71 0
----------------------------------------------------------------------------------------------------
