----------------------------------------------------------------------------------------------------
20_30_120_1_2_0.9_True_
----------------------------------------------------------------------------------------------------
Communication round: 0, Eavesdropper Accuracy: 0.08636363636363636 1 1
Communication round: 1, Eavesdropper Accuracy: 0.11818181818181818 2 1
Communication round: 2, Aggregated Accuracies: 0.12976190476190477 3
Communication round: 2, Eavesdropper Accuracy: 0.125 3 1
Communication round: 3, Eavesdropper Accuracy: 0.13863636363636364 4 1
Communication round: 4, Eavesdropper Accuracy: 0.1409090909090909 5 1
Communication round: 5, Eavesdropper Accuracy: 0.14545454545454545 6 1
Communication round: 6, Eavesdropper Accuracy: 0.17045454545454544 7 1
Communication round: 7, Aggregated Accuracies: 0.1392857142857143 8
Communication round: 7, Eavesdropper Accuracy: 0.1409090909090909 8 1
Communication round: 8, Aggregated Accuracies: 0.17797619047619048 9
Communication round: 8, Eavesdropper Accuracy: 0.21136363636363636 9 1
Communication round: 9, Eavesdropper Accuracy: 0.2159090909090909 10 1
Communication round: 10, Eavesdropper Accuracy: 0.19772727272727272 11 1
Communication round: 11, Aggregated Accuracies: 0.22797619047619047 12
Communication round: 11, Eavesdropper Accuracy: 0.29545454545454547 12 1
Communication round: 12, Eavesdropper Accuracy: 0.27045454545454545 13 1
Communication round: 13, Eavesdropper Accuracy: 0.275 14 1
Communication round: 14, Eavesdropper Accuracy: 0.26136363636363635 15 1
Communication round: 15, Eavesdropper Accuracy: 0.29318181818181815 16 1
Communication round: 16, Aggregated Accuracies: 0.2583333333333333 17
Communication round: 16, Eavesdropper Accuracy: 0.25227272727272726 17 1
Communication round: 17, Aggregated Accuracies: 0.3047619047619047 18
Communication round: 17, Eavesdropper Accuracy: 0.39090909090909093 18 1
Communication round: 18, Aggregated Accuracies: 0.39047619047619053 19
Communication round: 18, Eavesdropper Accuracy: 0.48863636363636365 19 1
Communication round: 19, Aggregated Accuracies: 0.4648809523809523 20
Communication round: 19, Eavesdropper Accuracy: 0.4909090909090909 20 1
Communication round: 20, Aggregated Accuracies: 0.4892857142857143 21
Communication round: 20, Eavesdropper Accuracy: 0.5431818181818182 21 1
Communication round: 21, Aggregated Accuracies: 0.5190476190476191 22
Communication round: 21, Eavesdropper Accuracy: 0.5727272727272728 22 1
Communication round: 22, Aggregated Accuracies: 0.5398809523809522 23
Communication round: 22, Eavesdropper Accuracy: 0.65 23 1
Communication round: 23, Aggregated Accuracies: 0.5863095238095238 24
Communication round: 23, Eavesdropper Accuracy: 0.615909090909091 24 1
Communication round: 24, Eavesdropper Accuracy: 0.6409090909090909 25 1
Communication round: 25, Aggregated Accuracies: 0.6107142857142858 26
Communication round: 25, Eavesdropper Accuracy: 0.6659090909090909 26 1
Communication round: 26, Eavesdropper Accuracy: 0.6181818181818182 27 1
Communication round: 27, Eavesdropper Accuracy: 0.6659090909090909 28 1
Communication round: 28, Aggregated Accuracies: 0.6166666666666667 29
Communication round: 28, Eavesdropper Accuracy: 0.634090909090909 29 1
Communication round: 29, Aggregated Accuracies: 0.6392857142857143 30
Communication round: 29, Eavesdropper Accuracy: 0.6613636363636364 30 1
Communication round: 30, Eavesdropper Accuracy: 0.6772727272727272 31 1
Communication round: 31, Eavesdropper Accuracy: 0.6954545454545454 32 1
Communication round: 32, Aggregated Accuracies: 0.6547619047619048 33
Communication round: 32, Eavesdropper Accuracy: 0.6840909090909091 33 1
Communication round: 33, Aggregated Accuracies: 0.6625 34
Communication round: 33, Eavesdropper Accuracy: 0.7136363636363636 34 1
Communication round: 34, Aggregated Accuracies: 0.6714285714285714 35
Communication round: 34, Eavesdropper Accuracy: 0.7431818181818182 35 1
Communication round: 35, Aggregated Accuracies: 0.7113095238095238 36
Communication round: 35, Eavesdropper Accuracy: 0.7681818181818182 36 1
Communication round: 36, Aggregated Accuracies: 0.726190476190476 37
Communication round: 36, Eavesdropper Accuracy: 0.7727272727272727 37 1
Communication round: 37, Aggregated Accuracies: 0.7517857142857145 38
Communication round: 37, Eavesdropper Accuracy: 0.7704545454545455 38 1
Communication round: 38, Aggregated Accuracies: 0.7505952380952381 39
Communication round: 38, Eavesdropper Accuracy: 0.7977272727272727 39 1
Communication round: 39, Aggregated Accuracies: 0.7630952380952382 40
Communication round: 39, Eavesdropper Accuracy: 0.8204545454545454 40 1
Communication round: 40, Aggregated Accuracies: 0.7898809523809524 41
Communication round: 40, Eavesdropper Accuracy: 0.8068181818181818 41 1
Communication round: 41, Aggregated Accuracies: 0.780952380952381 42
Communication round: 41, Eavesdropper Accuracy: 0.8 42 1
Communication round: 42, Aggregated Accuracies: 0.8035714285714285 43
Communication round: 42, Eavesdropper Accuracy: 0.825 43 1
Communication round: 43, Aggregated Accuracies: 0.8047619047619048 44
Communication round: 43, Eavesdropper Accuracy: 0.8636363636363636 44 1
Communication round: 44, Eavesdropper Accuracy: 0.8431818181818181 45 1
Communication round: 45, Aggregated Accuracies: 0.8077380952380953 46
Communication round: 45, Eavesdropper Accuracy: 0.865909090909091 46 1
Communication round: 46, Eavesdropper Accuracy: 0.8522727272727273 47 1
Communication round: 47, Aggregated Accuracies: 0.8220238095238097 48
Communication round: 47, Eavesdropper Accuracy: 0.8340909090909091 48 1
Communication round: 48, Aggregated Accuracies: 0.8220238095238097 49
Communication round: 48, Eavesdropper Accuracy: 0.875 49 1
Communication round: 49, Eavesdropper Accuracy: 0.8522727272727273 49 0
Communication round: 50, Eavesdropper Accuracy: 0.8545454545454545 49 0
Communication round: 51, Eavesdropper Accuracy: 0.8590909090909091 49 0
Communication round: 52, Eavesdropper Accuracy: 0.85 49 0
Communication round: 53, Eavesdropper Accuracy: 0.85 49 0
Communication round: 54, Eavesdropper Accuracy: 0.8431818181818181 49 0
Communication round: 55, Eavesdropper Accuracy: 0.865909090909091 49 0
Communication round: 56, Eavesdropper Accuracy: 0.8454545454545455 49 0
Communication round: 57, Eavesdropper Accuracy: 0.8818181818181818 49 0
Communication round: 58, Eavesdropper Accuracy: 0.8386363636363636 49 0
Communication round: 59, Eavesdropper Accuracy: 0.8590909090909091 49 0
Communication round: 60, Eavesdropper Accuracy: 0.8727272727272727 49 0
Communication round: 61, Eavesdropper Accuracy: 0.8818181818181818 49 0
Communication round: 62, Eavesdropper Accuracy: 0.8477272727272728 49 0
Communication round: 63, Eavesdropper Accuracy: 0.8681818181818182 49 0
Communication round: 64, Eavesdropper Accuracy: 0.8681818181818182 49 0
Communication round: 65, Eavesdropper Accuracy: 0.8704545454545455 49 0
Communication round: 66, Eavesdropper Accuracy: 0.8431818181818181 49 0
Communication round: 67, Eavesdropper Accuracy: 0.884090909090909 49 0
Communication round: 68, Eavesdropper Accuracy: 0.8159090909090909 49 0
Communication round: 69, Eavesdropper Accuracy: 0.85 49 0
Communication round: 70, Eavesdropper Accuracy: 0.8590909090909091 49 0
Communication round: 71, Eavesdropper Accuracy: 0.8477272727272728 49 0
Communication round: 72, Eavesdropper Accuracy: 0.8636363636363636 49 0
Communication round: 73, Eavesdropper Accuracy: 0.8886363636363637 49 0
Communication round: 74, Eavesdropper Accuracy: 0.8454545454545455 49 0
Communication round: 75, Eavesdropper Accuracy: 0.8431818181818181 49 0
Communication round: 76, Eavesdropper Accuracy: 0.884090909090909 49 0
Communication round: 77, Eavesdropper Accuracy: 0.8272727272727273 49 0
Communication round: 78, Eavesdropper Accuracy: 0.8681818181818182 49 0
Communication round: 79, Eavesdropper Accuracy: 0.8795454545454545 49 0
Communication round: 80, Eavesdropper Accuracy: 0.865909090909091 49 0
Communication round: 81, Eavesdropper Accuracy: 0.8522727272727273 49 0
Communication round: 82, Eavesdropper Accuracy: 0.8477272727272728 49 0
Communication round: 83, Eavesdropper Accuracy: 0.8522727272727273 49 0
Communication round: 84, Eavesdropper Accuracy: 0.8409090909090909 49 0
Communication round: 85, Eavesdropper Accuracy: 0.8590909090909091 49 0
Communication round: 86, Eavesdropper Accuracy: 0.85 49 0
Communication round: 87, Eavesdropper Accuracy: 0.8727272727272727 49 0
Communication round: 88, Eavesdropper Accuracy: 0.8545454545454545 49 0
Communication round: 89, Eavesdropper Accuracy: 0.8590909090909091 49 0
Communication round: 90, Eavesdropper Accuracy: 0.8545454545454545 49 0
Communication round: 91, Eavesdropper Accuracy: 0.865909090909091 49 0
Communication round: 92, Eavesdropper Accuracy: 0.8727272727272727 49 0
Communication round: 93, Eavesdropper Accuracy: 0.875 49 0
Communication round: 94, Eavesdropper Accuracy: 0.8409090909090909 49 0
Communication round: 95, Eavesdropper Accuracy: 0.865909090909091 49 0
Communication round: 96, Eavesdropper Accuracy: 0.85 49 0
Communication round: 97, Smart Eavesdropper Accuracy: 0.2159090909090909 49 0
Communication round: 98, Smart Eavesdropper Accuracy: 0.2590909090909091 49 0
Communication round: 99, Smart Eavesdropper Accuracy: 0.24545454545454545 49 0
Communication round: 100, Smart Eavesdropper Accuracy: 0.2545454545454545 49 0
Communication round: 101, Smart Eavesdropper Accuracy: 0.27954545454545454 49 0
Communication round: 102, Smart Eavesdropper Accuracy: 0.2590909090909091 49 0
Communication round: 103, Smart Eavesdropper Accuracy: 0.22954545454545455 49 0
Communication round: 104, Smart Eavesdropper Accuracy: 0.29318181818181815 49 0
Communication round: 105, Smart Eavesdropper Accuracy: 0.25681818181818183 49 0
Communication round: 106, Smart Eavesdropper Accuracy: 0.31363636363636366 49 0
Communication round: 107, Smart Eavesdropper Accuracy: 0.36363636363636365 49 0
Communication round: 108, Smart Eavesdropper Accuracy: 0.3090909090909091 49 0
Communication round: 109, Smart Eavesdropper Accuracy: 0.2590909090909091 49 0
Communication round: 110, Smart Eavesdropper Accuracy: 0.32727272727272727 49 0
Communication round: 111, Smart Eavesdropper Accuracy: 0.31136363636363634 49 0
Communication round: 112, Smart Eavesdropper Accuracy: 0.2681818181818182 49 0
Communication round: 113, Smart Eavesdropper Accuracy: 0.2772727272727273 49 0
Communication round: 114, Smart Eavesdropper Accuracy: 0.2409090909090909 49 0
Communication round: 115, Smart Eavesdropper Accuracy: 0.24545454545454545 49 0
Communication round: 116, Smart Eavesdropper Accuracy: 0.30454545454545456 49 0
Communication round: 117, Smart Eavesdropper Accuracy: 0.29772727272727273 49 0
Communication round: 118, Smart Eavesdropper Accuracy: 0.3068181818181818 49 0
Communication round: 119, Smart Eavesdropper Accuracy: 0.29772727272727273 49 0
----------------------------------------------------------------------------------------------------
