----------------------------------------------------------------------------------------------------
50_30_100_0.1_8_0.8_False_
----------------------------------------------------------------------------------------------------
Communication round: 0, Smart Eavesdropper Accuracy: 0.1340909090909091 0 0
Communication round: 1, Smart Eavesdropper Accuracy: 0.2318181818181818 0 0
Communication round: 2, Smart Eavesdropper Accuracy: 0.19545454545454546 0 0
Communication round: 3, Smart Eavesdropper Accuracy: 0.22727272727272727 0 0
Communication round: 4, Smart Eavesdropper Accuracy: 0.29772727272727273 0 0
Communication round: 5, Smart Eavesdropper Accuracy: 0.24545454545454545 1 1
Communication round: 6, Smart Eavesdropper Accuracy: 0.36363636363636365 2 1
Communication round: 7, Smart Eavesdropper Accuracy: 0.38181818181818183 2 0
Communication round: 8, Aggregated Accuracies: 0.1346428571428572 3
Communication round: 8, Smart Eavesdropper Accuracy: 0.3931818181818182 3 1
Communication round: 9, Aggregated Accuracies: 0.17392857142857146 4
Communication round: 9, Smart Eavesdropper Accuracy: 0.41818181818181815 4 1
Communication round: 10, Aggregated Accuracies: 0.23202380952380952 5
Communication round: 10, Smart Eavesdropper Accuracy: 0.425 5 1
Communication round: 11, Smart Eavesdropper Accuracy: 0.4636363636363636 5 0
Communication round: 12, Smart Eavesdropper Accuracy: 0.4863636363636364 6 1
Communication round: 13, Smart Eavesdropper Accuracy: 0.5409090909090909 7 1
Communication round: 14, Eavesdropper Accuracy: 0.25 8 1
Communication round: 15, Aggregated Accuracies: 0.29797619047619045 9
Communication round: 15, Eavesdropper Accuracy: 0.32954545454545453 9 1
Communication round: 16, Aggregated Accuracies: 0.3367857142857143 10
Communication round: 16, Eavesdropper Accuracy: 0.3795454545454545 10 1
Communication round: 17, Aggregated Accuracies: 0.3953571428571428 11
Communication round: 17, Eavesdropper Accuracy: 0.42954545454545456 11 1
Communication round: 18, Eavesdropper Accuracy: 0.42272727272727273 11 0
Communication round: 19, Aggregated Accuracies: 0.4444047619047619 12
Communication round: 19, Eavesdropper Accuracy: 0.46136363636363636 12 1
Communication round: 20, Eavesdropper Accuracy: 0.4659090909090909 13 1
Communication round: 21, Eavesdropper Accuracy: 0.5 13 0
Communication round: 22, Aggregated Accuracies: 0.47583333333333344 14
Communication round: 22, Eavesdropper Accuracy: 0.4727272727272727 14 1
Communication round: 23, Eavesdropper Accuracy: 0.49772727272727274 14 0
Communication round: 24, Aggregated Accuracies: 0.524642857142857 15
Communication round: 24, Eavesdropper Accuracy: 0.5454545454545454 15 1
Communication round: 25, Eavesdropper Accuracy: 0.5204545454545455 15 0
Communication round: 26, Aggregated Accuracies: 0.5541666666666667 16
Communication round: 26, Eavesdropper Accuracy: 0.5772727272727273 16 1
Communication round: 27, Eavesdropper Accuracy: 0.5590909090909091 17 1
Communication round: 28, Eavesdropper Accuracy: 0.5772727272727273 18 1
Communication round: 29, Eavesdropper Accuracy: 0.5931818181818181 19 1
Communication round: 30, Aggregated Accuracies: 0.5995238095238095 20
Communication round: 30, Eavesdropper Accuracy: 0.6295454545454545 20 1
Communication round: 31, Aggregated Accuracies: 0.6244047619047619 21
Communication round: 31, Eavesdropper Accuracy: 0.6477272727272727 21 1
Communication round: 32, Eavesdropper Accuracy: 0.6454545454545455 21 0
Communication round: 33, Eavesdropper Accuracy: 0.6272727272727273 22 1
Communication round: 34, Eavesdropper Accuracy: 0.6113636363636363 23 1
Communication round: 35, Eavesdropper Accuracy: 0.6568181818181819 23 0
Communication round: 36, Eavesdropper Accuracy: 0.6681818181818182 24 1
Communication round: 37, Eavesdropper Accuracy: 0.6568181818181819 25 1
Communication round: 38, Aggregated Accuracies: 0.6516666666666667 26
Communication round: 38, Eavesdropper Accuracy: 0.7045454545454546 26 1
Communication round: 39, Eavesdropper Accuracy: 0.6636363636363637 26 0
Communication round: 40, Eavesdropper Accuracy: 0.6977272727272728 26 0
Communication round: 41, Eavesdropper Accuracy: 0.6840909090909091 26 0
Communication round: 42, Eavesdropper Accuracy: 0.7 27 1
Communication round: 43, Eavesdropper Accuracy: 0.6863636363636364 28 1
Communication round: 44, Eavesdropper Accuracy: 0.6840909090909091 29 1
Communication round: 45, Eavesdropper Accuracy: 0.6886363636363636 30 1
Communication round: 46, Eavesdropper Accuracy: 0.6931818181818182 31 1
Communication round: 47, Eavesdropper Accuracy: 0.6795454545454546 32 1
Communication round: 48, Eavesdropper Accuracy: 0.65 32 0
Communication round: 49, Eavesdropper Accuracy: 0.6659090909090909 32 0
Communication round: 50, Eavesdropper Accuracy: 0.6886363636363636 32 0
Communication round: 51, Eavesdropper Accuracy: 0.675 33 1
Communication round: 52, Eavesdropper Accuracy: 0.6568181818181819 34 1
Communication round: 53, Eavesdropper Accuracy: 0.6363636363636364 34 0
Communication round: 54, Eavesdropper Accuracy: 0.6659090909090909 34 0
Communication round: 55, Eavesdropper Accuracy: 0.6818181818181818 34 0
Communication round: 56, Eavesdropper Accuracy: 0.6909090909090909 34 0
Communication round: 57, Eavesdropper Accuracy: 0.6568181818181819 34 0
Communication round: 58, Eavesdropper Accuracy: 0.6704545454545454 34 0
Communication round: 59, Eavesdropper Accuracy: 0.7045454545454546 34 0
Communication round: 60, Eavesdropper Accuracy: 0.6636363636363637 34 0
Communication round: 61, Aggregated Accuracies: 0.6689285714285714 35
Communication round: 61, Eavesdropper Accuracy: 0.675 35 1
Communication round: 62, Aggregated Accuracies: 0.6936904761904762 36
Communication round: 62, Eavesdropper Accuracy: 0.7090909090909091 36 1
Communication round: 63, Aggregated Accuracies: 0.7098809523809525 37
Communication round: 63, Eavesdropper Accuracy: 0.725 37 1
Communication round: 64, Eavesdropper Accuracy: 0.7090909090909091 38 1
Communication round: 65, Eavesdropper Accuracy: 0.7386363636363636 38 0
Communication round: 66, Aggregated Accuracies: 0.7332142857142857 39
Communication round: 66, Eavesdropper Accuracy: 0.7477272727272727 39 1
Communication round: 67, Aggregated Accuracies: 0.7504761904761906 40
Communication round: 67, Eavesdropper Accuracy: 0.7545454545454545 40 1
Communication round: 68, Aggregated Accuracies: 0.7660714285714286 41
Communication round: 68, Eavesdropper Accuracy: 0.775 41 1
Communication round: 69, Aggregated Accuracies: 0.7795238095238096 42
Communication round: 69, Eavesdropper Accuracy: 0.7704545454545455 42 1
Communication round: 70, Eavesdropper Accuracy: 0.7818181818181819 42 0
Communication round: 71, Eavesdropper Accuracy: 0.7886363636363637 43 1
Communication round: 72, Eavesdropper Accuracy: 0.7545454545454545 43 0
Communication round: 73, Eavesdropper Accuracy: 0.7772727272727272 44 1
Communication round: 74, Eavesdropper Accuracy: 0.775 44 0
Communication round: 75, Eavesdropper Accuracy: 0.7795454545454545 44 0
Communication round: 76, Eavesdropper Accuracy: 0.7636363636363637 44 0
Communication round: 77, Eavesdropper Accuracy: 0.7863636363636364 44 0
Communication round: 78, Eavesdropper Accuracy: 0.775 44 0
Communication round: 79, Aggregated Accuracies: 0.7948809523809524 45
Communication round: 79, Eavesdropper Accuracy: 0.775 45 1
Communication round: 80, Eavesdropper Accuracy: 0.8090909090909091 45 0
Communication round: 81, Aggregated Accuracies: 0.802142857142857 46
Communication round: 81, Eavesdropper Accuracy: 0.7886363636363637 46 1
Communication round: 82, Eavesdropper Accuracy: 0.7840909090909091 46 0
Communication round: 83, Eavesdropper Accuracy: 0.775 47 1
Communication round: 84, Eavesdropper Accuracy: 0.8090909090909091 47 0
Communication round: 85, Eavesdropper Accuracy: 0.7863636363636364 47 0
Communication round: 86, Eavesdropper Accuracy: 0.7840909090909091 47 0
Communication round: 87, Eavesdropper Accuracy: 0.7840909090909091 47 0
Communication round: 88, Eavesdropper Accuracy: 0.8090909090909091 47 0
Communication round: 89, Eavesdropper Accuracy: 0.7863636363636364 48 1
Communication round: 90, Eavesdropper Accuracy: 0.8 48 0
Communication round: 91, Aggregated Accuracies: 0.8108333333333333 49
Communication round: 91, Eavesdropper Accuracy: 0.8363636363636363 49 1
Communication round: 92, Aggregated Accuracies: 0.817142857142857 50
Communication round: 92, Eavesdropper Accuracy: 0.8386363636363636 50 1
Communication round: 93, Aggregated Accuracies: 0.8235714285714285 51
Communication round: 93, Eavesdropper Accuracy: 0.8159090909090909 51 1
Communication round: 94, Aggregated Accuracies: 0.8402380952380953 52
Communication round: 94, Eavesdropper Accuracy: 0.8454545454545455 52 1
Communication round: 95, Aggregated Accuracies: 0.8392857142857142 53
Communication round: 95, Eavesdropper Accuracy: 0.8386363636363636 53 1
Communication round: 96, Aggregated Accuracies: 0.8501190476190478 54
Communication round: 96, Eavesdropper Accuracy: 0.8340909090909091 54 1
Communication round: 97, Aggregated Accuracies: 0.8532142857142858 55
Communication round: 97, Eavesdropper Accuracy: 0.8477272727272728 55 1
Communication round: 98, Eavesdropper Accuracy: 0.8363636363636363 55 0
Communication round: 99, Eavesdropper Accuracy: 0.8454545454545455 55 0
----------------------------------------------------------------------------------------------------
----------------------------------------------------------------------------------------------------
50_30_100_0.1_8_0.8_False_
----------------------------------------------------------------------------------------------------
Communication round: 0, Smart Eavesdropper Accuracy: 0.15 0 0
Communication round: 1, Smart Eavesdropper Accuracy: 0.20681818181818182 0 0
Communication round: 2, Smart Eavesdropper Accuracy: 0.28863636363636364 1 1
Communication round: 3, Smart Eavesdropper Accuracy: 0.20454545454545456 1 0
Communication round: 4, Smart Eavesdropper Accuracy: 0.37272727272727274 2 1
Communication round: 5, Smart Eavesdropper Accuracy: 0.3181818181818182 3 1
Communication round: 6, Eavesdropper Accuracy: 0.1431818181818182 4 1
Communication round: 7, Smart Eavesdropper Accuracy: 0.17272727272727273 4 0
Communication round: 8, Smart Eavesdropper Accuracy: 0.22272727272727272 4 0
Communication round: 9, Smart Eavesdropper Accuracy: 0.12954545454545455 5 1
Communication round: 10, Eavesdropper Accuracy: 0.13636363636363635 6 1
Communication round: 11, Eavesdropper Accuracy: 0.1409090909090909 7 1
Communication round: 12, Aggregated Accuracies: 0.1480952380952381 8
Communication round: 12, Eavesdropper Accuracy: 0.17954545454545454 8 1
Communication round: 13, Eavesdropper Accuracy: 0.2159090909090909 9 1
Communication round: 14, Eavesdropper Accuracy: 0.18863636363636363 9 0
Communication round: 15, Eavesdropper Accuracy: 0.19545454545454546 10 1
Communication round: 16, Eavesdropper Accuracy: 0.19772727272727272 11 1
Communication round: 17, Aggregated Accuracies: 0.19630952380952388 12
Communication round: 17, Eavesdropper Accuracy: 0.22272727272727272 12 1
Communication round: 18, Aggregated Accuracies: 0.24166666666666672 13
Communication round: 18, Eavesdropper Accuracy: 0.27954545454545454 13 1
Communication round: 19, Aggregated Accuracies: 0.2970238095238095 14
Communication round: 19, Eavesdropper Accuracy: 0.3568181818181818 14 1
Communication round: 20, Eavesdropper Accuracy: 0.3340909090909091 15 1
Communication round: 21, Aggregated Accuracies: 0.34369047619047616 16
Communication round: 21, Eavesdropper Accuracy: 0.35454545454545455 16 1
Communication round: 22, Aggregated Accuracies: 0.3894047619047619 17
Communication round: 22, Eavesdropper Accuracy: 0.4 17 1
Communication round: 23, Eavesdropper Accuracy: 0.4159090909090909 18 1
Communication round: 24, Eavesdropper Accuracy: 0.45681818181818185 19 1
Communication round: 25, Eavesdropper Accuracy: 0.3931818181818182 20 1
Communication round: 26, Eavesdropper Accuracy: 0.4318181818181818 21 1
Communication round: 27, Eavesdropper Accuracy: 0.4113636363636364 22 1
Communication round: 28, Eavesdropper Accuracy: 0.43636363636363634 23 1
Communication round: 29, Aggregated Accuracies: 0.4432142857142858 24
Communication round: 29, Eavesdropper Accuracy: 0.4636363636363636 24 1
Communication round: 30, Eavesdropper Accuracy: 0.47045454545454546 25 1
Communication round: 31, Eavesdropper Accuracy: 0.45 26 1
Communication round: 32, Aggregated Accuracies: 0.48999999999999977 27
Communication round: 32, Eavesdropper Accuracy: 0.5227272727272727 27 1
Communication round: 33, Aggregated Accuracies: 0.518095238095238 28
Communication round: 33, Eavesdropper Accuracy: 0.5590909090909091 28 1
Communication round: 34, Eavesdropper Accuracy: 0.5704545454545454 29 1
Communication round: 35, Eavesdropper Accuracy: 0.5886363636363636 29 0
Communication round: 36, Eavesdropper Accuracy: 0.5681818181818182 30 1
Communication round: 37, Aggregated Accuracies: 0.5511904761904762 31
Communication round: 37, Eavesdropper Accuracy: 0.5977272727272728 31 1
Communication round: 38, Eavesdropper Accuracy: 0.5977272727272728 32 1
Communication round: 39, Aggregated Accuracies: 0.5697619047619046 33
Communication round: 39, Eavesdropper Accuracy: 0.6386363636363637 33 1
Communication round: 40, Aggregated Accuracies: 0.6048809523809522 34
Communication round: 40, Eavesdropper Accuracy: 0.6272727272727273 34 1
Communication round: 41, Aggregated Accuracies: 0.6341666666666668 35
Communication round: 41, Eavesdropper Accuracy: 0.7 35 1
Communication round: 42, Aggregated Accuracies: 0.6466666666666667 36
Communication round: 42, Eavesdropper Accuracy: 0.7068181818181818 36 1
Communication round: 43, Aggregated Accuracies: 0.6784523809523809 37
Communication round: 43, Eavesdropper Accuracy: 0.7318181818181818 37 1
Communication round: 44, Eavesdropper Accuracy: 0.7068181818181818 38 1
Communication round: 45, Eavesdropper Accuracy: 0.725 39 1
Communication round: 46, Eavesdropper Accuracy: 0.6931818181818182 40 1
Communication round: 47, Eavesdropper Accuracy: 0.7295454545454545 40 0
Communication round: 48, Eavesdropper Accuracy: 0.7 40 0
Communication round: 49, Eavesdropper Accuracy: 0.7022727272727273 40 0
Communication round: 50, Aggregated Accuracies: 0.6946428571428569 41
Communication round: 50, Eavesdropper Accuracy: 0.7 41 1
Communication round: 51, Eavesdropper Accuracy: 0.7295454545454545 42 1
Communication round: 52, Eavesdropper Accuracy: 0.7227272727272728 42 0
Communication round: 53, Aggregated Accuracies: 0.711190476190476 43
Communication round: 53, Eavesdropper Accuracy: 0.740909090909091 43 1
Communication round: 54, Eavesdropper Accuracy: 0.7340909090909091 44 1
Communication round: 55, Eavesdropper Accuracy: 0.7022727272727273 44 0
Communication round: 56, Aggregated Accuracies: 0.7197619047619045 45
Communication round: 56, Eavesdropper Accuracy: 0.7613636363636364 45 1
Communication round: 57, Aggregated Accuracies: 0.7330952380952381 46
Communication round: 57, Eavesdropper Accuracy: 0.7863636363636364 46 1
Communication round: 58, Eavesdropper Accuracy: 0.7568181818181818 46 0
Communication round: 59, Eavesdropper Accuracy: 0.7659090909090909 46 0
Communication round: 60, Aggregated Accuracies: 0.7472619047619049 47
Communication round: 60, Eavesdropper Accuracy: 0.7681818181818182 47 1
Communication round: 61, Aggregated Accuracies: 0.758333333333333 48
Communication round: 61, Eavesdropper Accuracy: 0.7931818181818182 48 1
Communication round: 62, Eavesdropper Accuracy: 0.8113636363636364 48 0
Communication round: 63, Eavesdropper Accuracy: 0.8022727272727272 48 0
Communication round: 64, Aggregated Accuracies: 0.7764285714285714 49
Communication round: 64, Eavesdropper Accuracy: 0.8318181818181818 49 1
Communication round: 65, Aggregated Accuracies: 0.7846428571428571 50
Communication round: 65, Eavesdropper Accuracy: 0.8227272727272728 50 1
Communication round: 66, Aggregated Accuracies: 0.7976190476190478 51
Communication round: 66, Eavesdropper Accuracy: 0.8204545454545454 51 1
Communication round: 67, Aggregated Accuracies: 0.8016666666666667 52
Communication round: 67, Eavesdropper Accuracy: 0.8159090909090909 52 1
Communication round: 68, Aggregated Accuracies: 0.8144047619047619 53
Communication round: 68, Eavesdropper Accuracy: 0.8545454545454545 53 1
Communication round: 69, Aggregated Accuracies: 0.8252380952380953 54
Communication round: 69, Eavesdropper Accuracy: 0.8477272727272728 54 1
Communication round: 70, Aggregated Accuracies: 0.8324999999999999 55
Communication round: 70, Eavesdropper Accuracy: 0.8613636363636363 55 1
Communication round: 71, Aggregated Accuracies: 0.8409523809523809 56
Communication round: 71, Eavesdropper Accuracy: 0.8545454545454545 56 1
Communication round: 72, Eavesdropper Accuracy: 0.8568181818181818 56 0
Communication round: 73, Eavesdropper Accuracy: 0.8568181818181818 56 0
Communication round: 74, Eavesdropper Accuracy: 0.8568181818181818 56 0
Communication round: 75, Eavesdropper Accuracy: 0.8590909090909091 56 0
Communication round: 76, Eavesdropper Accuracy: 0.865909090909091 56 0
Communication round: 77, Eavesdropper Accuracy: 0.8704545454545455 56 0
Communication round: 78, Eavesdropper Accuracy: 0.8477272727272728 56 0
Communication round: 79, Eavesdropper Accuracy: 0.8681818181818182 56 0
Communication round: 80, Eavesdropper Accuracy: 0.8590909090909091 56 0
Communication round: 81, Eavesdropper Accuracy: 0.8431818181818181 56 0
Communication round: 82, Eavesdropper Accuracy: 0.8613636363636363 56 0
Communication round: 83, Eavesdropper Accuracy: 0.8636363636363636 56 0
Communication round: 84, Eavesdropper Accuracy: 0.8636363636363636 56 0
Communication round: 85, Eavesdropper Accuracy: 0.8568181818181818 56 0
Communication round: 86, Eavesdropper Accuracy: 0.8636363636363636 56 0
Communication round: 87, Eavesdropper Accuracy: 0.8454545454545455 56 0
Communication round: 88, Eavesdropper Accuracy: 0.8318181818181818 56 0
Communication round: 89, Eavesdropper Accuracy: 0.8522727272727273 56 0
Communication round: 90, Eavesdropper Accuracy: 0.8636363636363636 56 0
Communication round: 91, Eavesdropper Accuracy: 0.8522727272727273 56 0
Communication round: 92, Eavesdropper Accuracy: 0.8522727272727273 56 0
Communication round: 93, Eavesdropper Accuracy: 0.8363636363636363 56 0
Communication round: 94, Eavesdropper Accuracy: 0.85 56 0
Communication round: 95, Eavesdropper Accuracy: 0.875 56 0
Communication round: 96, Eavesdropper Accuracy: 0.8636363636363636 56 0
Communication round: 97, Eavesdropper Accuracy: 0.865909090909091 56 0
Communication round: 98, Eavesdropper Accuracy: 0.8681818181818182 56 0
Communication round: 99, Eavesdropper Accuracy: 0.8681818181818182 56 0
----------------------------------------------------------------------------------------------------
----------------------------------------------------------------------------------------------------
50_30_100_0.1_8_0.8_False_
----------------------------------------------------------------------------------------------------
Communication round: 0, Eavesdropper Accuracy: 0.04090909090909091 1 1
Communication round: 1, Smart Eavesdropper Accuracy: 0.06136363636363636 1 0
Communication round: 2, Smart Eavesdropper Accuracy: 0.11136363636363636 1 0
Communication round: 3, Smart Eavesdropper Accuracy: 0.14772727272727273 1 0
Communication round: 4, Smart Eavesdropper Accuracy: 0.20454545454545456 1 0
Communication round: 5, Smart Eavesdropper Accuracy: 0.2636363636363636 1 0
Communication round: 6, Smart Eavesdropper Accuracy: 0.27954545454545454 1 0
Communication round: 7, Smart Eavesdropper Accuracy: 0.3886363636363636 1 0
Communication round: 8, Smart Eavesdropper Accuracy: 0.30454545454545456 1 0
Communication round: 9, Smart Eavesdropper Accuracy: 0.39090909090909093 1 0
Communication round: 10, Smart Eavesdropper Accuracy: 0.4022727272727273 1 0
Communication round: 11, Smart Eavesdropper Accuracy: 0.4590909090909091 2 1
Communication round: 12, Smart Eavesdropper Accuracy: 0.5 3 1
Communication round: 13, Smart Eavesdropper Accuracy: 0.4727272727272727 4 1
Communication round: 14, Smart Eavesdropper Accuracy: 0.5409090909090909 5 1
Communication round: 15, Smart Eavesdropper Accuracy: 0.5545454545454546 6 1
Communication round: 16, Smart Eavesdropper Accuracy: 0.5681818181818182 6 0
Communication round: 17, Smart Eavesdropper Accuracy: 0.5477272727272727 6 0
Communication round: 18, Smart Eavesdropper Accuracy: 0.5954545454545455 6 0
Communication round: 19, Smart Eavesdropper Accuracy: 0.6272727272727273 7 1
Communication round: 20, Smart Eavesdropper Accuracy: 0.6409090909090909 8 1
Communication round: 21, Smart Eavesdropper Accuracy: 0.634090909090909 8 0
Communication round: 22, Smart Eavesdropper Accuracy: 0.65 8 0
Communication round: 23, Smart Eavesdropper Accuracy: 0.7022727272727273 9 1
Communication round: 24, Smart Eavesdropper Accuracy: 0.6818181818181818 9 0
Communication round: 25, Smart Eavesdropper Accuracy: 0.7 9 0
Communication round: 26, Smart Eavesdropper Accuracy: 0.6954545454545454 9 0
Communication round: 27, Smart Eavesdropper Accuracy: 0.7181818181818181 9 0
Communication round: 28, Smart Eavesdropper Accuracy: 0.7272727272727273 9 0
Communication round: 29, Smart Eavesdropper Accuracy: 0.7181818181818181 9 0
Communication round: 30, Smart Eavesdropper Accuracy: 0.740909090909091 10 1
Communication round: 31, Smart Eavesdropper Accuracy: 0.7340909090909091 11 1
Communication round: 32, Aggregated Accuracies: 0.11416666666666667 12
Communication round: 32, Smart Eavesdropper Accuracy: 0.725 12 1
Communication round: 33, Aggregated Accuracies: 0.13928571428571432 13
Communication round: 33, Smart Eavesdropper Accuracy: 0.7613636363636364 13 1
Communication round: 34, Aggregated Accuracies: 0.1876190476190476 14
Communication round: 34, Smart Eavesdropper Accuracy: 0.7568181818181818 14 1
Communication round: 35, Aggregated Accuracies: 0.24988095238095237 15
Communication round: 35, Smart Eavesdropper Accuracy: 0.7613636363636364 15 1
Communication round: 36, Aggregated Accuracies: 0.34369047619047627 16
Communication round: 36, Smart Eavesdropper Accuracy: 0.7681818181818182 16 1
Communication round: 37, Smart Eavesdropper Accuracy: 0.7659090909090909 17 1
Communication round: 38, Smart Eavesdropper Accuracy: 0.7386363636363636 18 1
Communication round: 39, Smart Eavesdropper Accuracy: 0.7636363636363637 18 0
Communication round: 40, Smart Eavesdropper Accuracy: 0.7340909090909091 18 0
Communication round: 41, Smart Eavesdropper Accuracy: 0.7704545454545455 19 1
Communication round: 42, Smart Eavesdropper Accuracy: 0.7613636363636364 20 1
Communication round: 43, Aggregated Accuracies: 0.3899999999999999 21
Communication round: 43, Smart Eavesdropper Accuracy: 0.7681818181818182 21 1
Communication round: 44, Smart Eavesdropper Accuracy: 0.8113636363636364 21 0
Communication round: 45, Smart Eavesdropper Accuracy: 0.7568181818181818 21 0
Communication round: 46, Smart Eavesdropper Accuracy: 0.8068181818181818 21 0
Communication round: 47, Smart Eavesdropper Accuracy: 0.7909090909090909 21 0
Communication round: 48, Smart Eavesdropper Accuracy: 0.8136363636363636 21 0
Communication round: 49, Smart Eavesdropper Accuracy: 0.7977272727272727 21 0
Communication round: 50, Smart Eavesdropper Accuracy: 0.8068181818181818 21 0
Communication round: 51, Smart Eavesdropper Accuracy: 0.7795454545454545 21 0
Communication round: 52, Smart Eavesdropper Accuracy: 0.7840909090909091 22 1
Communication round: 53, Aggregated Accuracies: 0.4355952380952378 23
Communication round: 53, Smart Eavesdropper Accuracy: 0.7977272727272727 23 1
Communication round: 54, Smart Eavesdropper Accuracy: 0.7954545454545454 24 1
Communication round: 55, Smart Eavesdropper Accuracy: 0.8318181818181818 25 1
Communication round: 56, Smart Eavesdropper Accuracy: 0.8181818181818182 26 1
Communication round: 57, Aggregated Accuracies: 0.47571428571428576 27
Communication round: 57, Smart Eavesdropper Accuracy: 0.8068181818181818 27 1
Communication round: 58, Aggregated Accuracies: 0.5183333333333333 28
Communication round: 58, Smart Eavesdropper Accuracy: 0.8204545454545454 28 1
Communication round: 59, Aggregated Accuracies: 0.5454761904761904 29
Communication round: 59, Smart Eavesdropper Accuracy: 0.8295454545454546 29 1
Communication round: 60, Aggregated Accuracies: 0.5875 30
Communication round: 60, Smart Eavesdropper Accuracy: 0.8386363636363636 30 1
Communication round: 61, Aggregated Accuracies: 0.6105952380952381 31
Communication round: 61, Smart Eavesdropper Accuracy: 0.825 31 1
Communication round: 62, Eavesdropper Accuracy: 0.6613636363636364 32 1
Communication round: 63, Aggregated Accuracies: 0.6414285714285713 33
Communication round: 63, Eavesdropper Accuracy: 0.6727272727272727 33 1
Communication round: 64, Aggregated Accuracies: 0.6715476190476192 34
Communication round: 64, Eavesdropper Accuracy: 0.7090909090909091 34 1
Communication round: 65, Aggregated Accuracies: 0.6914285714285715 35
Communication round: 65, Eavesdropper Accuracy: 0.7318181818181818 35 1
Communication round: 66, Aggregated Accuracies: 0.7178571428571426 36
Communication round: 66, Eavesdropper Accuracy: 0.7568181818181818 36 1
Communication round: 67, Aggregated Accuracies: 0.7264285714285715 37
Communication round: 67, Eavesdropper Accuracy: 0.7909090909090909 37 1
Communication round: 68, Aggregated Accuracies: 0.7422619047619051 38
Communication round: 68, Eavesdropper Accuracy: 0.759090909090909 38 1
Communication round: 69, Aggregated Accuracies: 0.7660714285714285 39
Communication round: 69, Eavesdropper Accuracy: 0.8181818181818182 39 1
Communication round: 70, Aggregated Accuracies: 0.7767857142857143 40
Communication round: 70, Eavesdropper Accuracy: 0.8204545454545454 40 1
Communication round: 71, Aggregated Accuracies: 0.7942857142857143 41
Communication round: 71, Eavesdropper Accuracy: 0.825 41 1
Communication round: 72, Aggregated Accuracies: 0.8019047619047618 42
Communication round: 72, Eavesdropper Accuracy: 0.8227272727272728 42 1
Communication round: 73, Eavesdropper Accuracy: 0.8272727272727273 42 0
Communication round: 74, Eavesdropper Accuracy: 0.8409090909090909 42 0
Communication round: 75, Eavesdropper Accuracy: 0.8227272727272728 42 0
Communication round: 76, Eavesdropper Accuracy: 0.8068181818181818 42 0
Communication round: 77, Eavesdropper Accuracy: 0.8181818181818182 42 0
Communication round: 78, Eavesdropper Accuracy: 0.8340909090909091 42 0
Communication round: 79, Eavesdropper Accuracy: 0.825 42 0
Communication round: 80, Eavesdropper Accuracy: 0.8386363636363636 42 0
Communication round: 81, Eavesdropper Accuracy: 0.8295454545454546 42 0
Communication round: 82, Eavesdropper Accuracy: 0.8386363636363636 42 0
Communication round: 83, Smart Eavesdropper Accuracy: 0.8022727272727272 42 0
Communication round: 84, Smart Eavesdropper Accuracy: 0.8227272727272728 42 0
Communication round: 85, Smart Eavesdropper Accuracy: 0.7886363636363637 42 0
Communication round: 86, Aggregated Accuracies: 0.8094047619047621 43
Communication round: 86, Smart Eavesdropper Accuracy: 0.8204545454545454 43 1
Communication round: 87, Aggregated Accuracies: 0.8191666666666667 44
Communication round: 87, Smart Eavesdropper Accuracy: 0.8181818181818182 44 1
Communication round: 88, Aggregated Accuracies: 0.8271428571428572 45
Communication round: 88, Eavesdropper Accuracy: 0.8431818181818181 45 1
Communication round: 89, Aggregated Accuracies: 0.831547619047619 46
Communication round: 89, Eavesdropper Accuracy: 0.8477272727272728 46 1
Communication round: 90, Aggregated Accuracies: 0.8419047619047617 47
Communication round: 90, Eavesdropper Accuracy: 0.8545454545454545 47 1
Communication round: 91, Aggregated Accuracies: 0.8466666666666665 48
Communication round: 91, Eavesdropper Accuracy: 0.8727272727272727 48 1
Communication round: 92, Eavesdropper Accuracy: 0.865909090909091 48 0
Communication round: 93, Aggregated Accuracies: 0.8473809523809526 49
Communication round: 93, Eavesdropper Accuracy: 0.8704545454545455 49 1
Communication round: 94, Eavesdropper Accuracy: 0.865909090909091 49 0
Communication round: 95, Eavesdropper Accuracy: 0.85 49 0
Communication round: 96, Eavesdropper Accuracy: 0.8636363636363636 49 0
Communication round: 97, Smart Eavesdropper Accuracy: 0.8409090909090909 49 0
Communication round: 98, Smart Eavesdropper Accuracy: 0.8318181818181818 49 0
Communication round: 99, Smart Eavesdropper Accuracy: 0.8681818181818182 49 0
----------------------------------------------------------------------------------------------------
----------------------------------------------------------------------------------------------------
50_30_100_0.1_8_0.8_False_
----------------------------------------------------------------------------------------------------
Communication round: 0, Eavesdropper Accuracy: 0.12045454545454545 1 1
Communication round: 1, Eavesdropper Accuracy: 0.1409090909090909 2 1
Communication round: 2, Eavesdropper Accuracy: 0.11818181818181818 2 0
Communication round: 3, Smart Eavesdropper Accuracy: 0.11818181818181818 2 0
Communication round: 4, Eavesdropper Accuracy: 0.12727272727272726 3 1
Communication round: 5, Eavesdropper Accuracy: 0.12954545454545455 4 1
Communication round: 6, Eavesdropper Accuracy: 0.12954545454545455 5 1
Communication round: 7, Eavesdropper Accuracy: 0.11136363636363636 5 0
Communication round: 8, Eavesdropper Accuracy: 0.1409090909090909 5 0
Communication round: 9, Eavesdropper Accuracy: 0.125 6 1
Communication round: 10, Eavesdropper Accuracy: 0.1409090909090909 6 0
Communication round: 11, Eavesdropper Accuracy: 0.1159090909090909 7 1
Communication round: 12, Eavesdropper Accuracy: 0.12272727272727273 8 1
Communication round: 13, Eavesdropper Accuracy: 0.14772727272727273 9 1
Communication round: 14, Aggregated Accuracies: 0.11916666666666666 10
Communication round: 14, Eavesdropper Accuracy: 0.10681818181818181 10 1
Communication round: 15, Eavesdropper Accuracy: 0.1318181818181818 10 0
Communication round: 16, Eavesdropper Accuracy: 0.11818181818181818 11 1
Communication round: 17, Eavesdropper Accuracy: 0.125 12 1
Communication round: 18, Eavesdropper Accuracy: 0.10227272727272728 13 1
Communication round: 19, Eavesdropper Accuracy: 0.13863636363636364 14 1
Communication round: 20, Eavesdropper Accuracy: 0.12727272727272726 15 1
Communication round: 21, Eavesdropper Accuracy: 0.11818181818181818 15 0
Communication round: 22, Eavesdropper Accuracy: 0.125 15 0
Communication round: 23, Eavesdropper Accuracy: 0.10454545454545454 16 1
Communication round: 24, Eavesdropper Accuracy: 0.11818181818181818 17 1
Communication round: 25, Eavesdropper Accuracy: 0.09318181818181819 18 1
Communication round: 26, Aggregated Accuracies: 0.14952380952380953 19
Communication round: 26, Eavesdropper Accuracy: 0.1431818181818182 19 1
Communication round: 27, Eavesdropper Accuracy: 0.15681818181818183 20 1
Communication round: 28, Eavesdropper Accuracy: 0.15454545454545454 21 1
Communication round: 29, Eavesdropper Accuracy: 0.17045454545454544 22 1
Communication round: 30, Eavesdropper Accuracy: 0.14545454545454545 22 0
Communication round: 31, Eavesdropper Accuracy: 0.15681818181818183 22 0
Communication round: 32, Aggregated Accuracies: 0.19761904761904753 23
Communication round: 32, Eavesdropper Accuracy: 0.22272727272727272 23 1
Communication round: 33, Aggregated Accuracies: 0.25214285714285717 24
Communication round: 33, Eavesdropper Accuracy: 0.27954545454545454 24 1
Communication round: 34, Eavesdropper Accuracy: 0.29545454545454547 24 0
Communication round: 35, Eavesdropper Accuracy: 0.2772727272727273 24 0
Communication round: 36, Aggregated Accuracies: 0.2932142857142857 25
Communication round: 36, Eavesdropper Accuracy: 0.31136363636363634 25 1
Communication round: 37, Eavesdropper Accuracy: 0.3340909090909091 25 0
Communication round: 38, Aggregated Accuracies: 0.35976190476190467 26
Communication round: 38, Eavesdropper Accuracy: 0.37727272727272726 26 1
Communication round: 39, Aggregated Accuracies: 0.40595238095238095 27
Communication round: 39, Eavesdropper Accuracy: 0.42727272727272725 27 1
Communication round: 40, Aggregated Accuracies: 0.45559523809523805 28
Communication round: 40, Eavesdropper Accuracy: 0.5181818181818182 28 1
Communication round: 41, Eavesdropper Accuracy: 0.5 29 1
Communication round: 42, Eavesdropper Accuracy: 0.4909090909090909 30 1
Communication round: 43, Eavesdropper Accuracy: 0.49772727272727274 31 1
Communication round: 44, Eavesdropper Accuracy: 0.4954545454545455 32 1
Communication round: 45, Eavesdropper Accuracy: 0.5181818181818182 33 1
Communication round: 46, Eavesdropper Accuracy: 0.49318181818181817 34 1
Communication round: 47, Eavesdropper Accuracy: 0.49318181818181817 34 0
Communication round: 48, Aggregated Accuracies: 0.4902380952380953 35
Communication round: 48, Eavesdropper Accuracy: 0.5431818181818182 35 1
Communication round: 49, Eavesdropper Accuracy: 0.5681818181818182 36 1
Communication round: 50, Aggregated Accuracies: 0.5160714285714286 37
Communication round: 50, Eavesdropper Accuracy: 0.5545454545454546 37 1
Communication round: 51, Aggregated Accuracies: 0.5555952380952381 38
Communication round: 51, Eavesdropper Accuracy: 0.5909090909090909 38 1
Communication round: 52, Aggregated Accuracies: 0.5816666666666667 39
Communication round: 52, Eavesdropper Accuracy: 0.6 39 1
Communication round: 53, Aggregated Accuracies: 0.6061904761904762 40
Communication round: 53, Eavesdropper Accuracy: 0.6454545454545455 40 1
Communication round: 54, Aggregated Accuracies: 0.6364285714285716 41
Communication round: 54, Eavesdropper Accuracy: 0.6363636363636364 41 1
Communication round: 55, Aggregated Accuracies: 0.6557142857142857 42
Communication round: 55, Eavesdropper Accuracy: 0.6954545454545454 42 1
Communication round: 56, Aggregated Accuracies: 0.6735714285714286 43
Communication round: 56, Eavesdropper Accuracy: 0.7181818181818181 43 1
Communication round: 57, Aggregated Accuracies: 0.6941666666666666 44
Communication round: 57, Eavesdropper Accuracy: 0.7159090909090909 44 1
Communication round: 58, Aggregated Accuracies: 0.7096428571428571 45
Communication round: 58, Eavesdropper Accuracy: 0.7136363636363636 45 1
Communication round: 59, Aggregated Accuracies: 0.7254761904761906 46
Communication round: 59, Eavesdropper Accuracy: 0.7295454545454545 46 1
Communication round: 60, Aggregated Accuracies: 0.7433333333333332 47
Communication round: 60, Eavesdropper Accuracy: 0.7363636363636363 47 1
Communication round: 61, Aggregated Accuracies: 0.7511904761904763 48
Communication round: 61, Eavesdropper Accuracy: 0.7431818181818182 48 1
Communication round: 62, Aggregated Accuracies: 0.7646428571428572 49
Communication round: 62, Eavesdropper Accuracy: 0.7431818181818182 49 1
Communication round: 63, Aggregated Accuracies: 0.7708333333333333 50
Communication round: 63, Eavesdropper Accuracy: 0.7795454545454545 50 1
Communication round: 64, Aggregated Accuracies: 0.7776190476190475 51
Communication round: 64, Eavesdropper Accuracy: 0.7772727272727272 51 1
Communication round: 65, Eavesdropper Accuracy: 0.7909090909090909 51 0
Communication round: 66, Aggregated Accuracies: 0.7901190476190477 52
Communication round: 66, Eavesdropper Accuracy: 0.8 52 1
Communication round: 67, Aggregated Accuracies: 0.8008333333333337 53
Communication round: 67, Eavesdropper Accuracy: 0.7909090909090909 53 1
Communication round: 68, Aggregated Accuracies: 0.8074999999999997 54
Communication round: 68, Eavesdropper Accuracy: 0.7931818181818182 54 1
Communication round: 69, Aggregated Accuracies: 0.8119047619047619 55
Communication round: 69, Eavesdropper Accuracy: 0.8227272727272728 55 1
Communication round: 70, Eavesdropper Accuracy: 0.8159090909090909 55 0
Communication round: 71, Eavesdropper Accuracy: 0.8363636363636363 55 0
Communication round: 72, Eavesdropper Accuracy: 0.8159090909090909 55 0
Communication round: 73, Aggregated Accuracies: 0.8217857142857141 56
Communication round: 73, Eavesdropper Accuracy: 0.825 56 1
Communication round: 74, Eavesdropper Accuracy: 0.825 56 0
Communication round: 75, Eavesdropper Accuracy: 0.825 56 0
Communication round: 76, Eavesdropper Accuracy: 0.8477272727272728 56 0
Communication round: 77, Eavesdropper Accuracy: 0.8409090909090909 56 0
Communication round: 78, Eavesdropper Accuracy: 0.8340909090909091 56 0
Communication round: 79, Eavesdropper Accuracy: 0.8022727272727272 56 0
Communication round: 80, Eavesdropper Accuracy: 0.8409090909090909 56 0
Communication round: 81, Eavesdropper Accuracy: 0.8022727272727272 56 0
Communication round: 82, Eavesdropper Accuracy: 0.8113636363636364 56 0
Communication round: 83, Eavesdropper Accuracy: 0.8363636363636363 56 0
Communication round: 84, Eavesdropper Accuracy: 0.8295454545454546 56 0
Communication round: 85, Eavesdropper Accuracy: 0.8636363636363636 56 0
Communication round: 86, Eavesdropper Accuracy: 0.8272727272727273 56 0
Communication round: 87, Eavesdropper Accuracy: 0.825 56 0
Communication round: 88, Eavesdropper Accuracy: 0.8477272727272728 56 0
Communication round: 89, Eavesdropper Accuracy: 0.8136363636363636 56 0
Communication round: 90, Eavesdropper Accuracy: 0.825 56 0
Communication round: 91, Eavesdropper Accuracy: 0.8181818181818182 56 0
Communication round: 92, Eavesdropper Accuracy: 0.8272727272727273 56 0
Communication round: 93, Eavesdropper Accuracy: 0.8318181818181818 56 0
Communication round: 94, Eavesdropper Accuracy: 0.8022727272727272 56 0
Communication round: 95, Eavesdropper Accuracy: 0.8363636363636363 56 0
Communication round: 96, Eavesdropper Accuracy: 0.825 56 0
Communication round: 97, Eavesdropper Accuracy: 0.8159090909090909 56 0
Communication round: 98, Eavesdropper Accuracy: 0.8363636363636363 56 0
Communication round: 99, Eavesdropper Accuracy: 0.8363636363636363 56 0
----------------------------------------------------------------------------------------------------
----------------------------------------------------------------------------------------------------
50_30_100_0.1_8_0.8_False_
----------------------------------------------------------------------------------------------------
Communication round: 0, Smart Eavesdropper Accuracy: 0.11818181818181818 0 0
Communication round: 1, Smart Eavesdropper Accuracy: 0.15454545454545454 1 1
Communication round: 2, Aggregated Accuracies: 0.10226190476190478 2
Communication round: 2, Eavesdropper Accuracy: 0.10909090909090909 2 1
Communication round: 3, Eavesdropper Accuracy: 0.1 3 1
Communication round: 4, Eavesdropper Accuracy: 0.11136363636363636 3 0
Communication round: 5, Smart Eavesdropper Accuracy: 0.07727272727272727 3 0
Communication round: 6, Eavesdropper Accuracy: 0.12727272727272726 4 1
Communication round: 7, Eavesdropper Accuracy: 0.12272727272727273 5 1
Communication round: 8, Aggregated Accuracies: 0.1103571428571429 6
Communication round: 8, Eavesdropper Accuracy: 0.08636363636363636 6 1
Communication round: 9, Eavesdropper Accuracy: 0.08181818181818182 7 1
Communication round: 10, Eavesdropper Accuracy: 0.10227272727272728 7 0
Communication round: 11, Eavesdropper Accuracy: 0.09545454545454546 8 1
Communication round: 12, Eavesdropper Accuracy: 0.10681818181818181 8 0
Communication round: 13, Eavesdropper Accuracy: 0.1 9 1
Communication round: 14, Eavesdropper Accuracy: 0.09545454545454546 10 1
Communication round: 15, Eavesdropper Accuracy: 0.10681818181818181 10 0
Communication round: 16, Eavesdropper Accuracy: 0.09772727272727273 11 1
Communication round: 17, Eavesdropper Accuracy: 0.10227272727272728 12 1
Communication round: 18, Eavesdropper Accuracy: 0.12272727272727273 13 1
Communication round: 19, Eavesdropper Accuracy: 0.08636363636363636 14 1
Communication round: 20, Eavesdropper Accuracy: 0.09318181818181819 15 1
Communication round: 21, Aggregated Accuracies: 0.13273809523809527 16
Communication round: 21, Eavesdropper Accuracy: 0.12272727272727273 16 1
Communication round: 22, Eavesdropper Accuracy: 0.12045454545454545 17 1
Communication round: 23, Eavesdropper Accuracy: 0.11363636363636363 18 1
Communication round: 24, Eavesdropper Accuracy: 0.1340909090909091 18 0
Communication round: 25, Eavesdropper Accuracy: 0.11818181818181818 19 1
Communication round: 26, Eavesdropper Accuracy: 0.12272727272727273 20 1
Communication round: 27, Eavesdropper Accuracy: 0.12045454545454545 20 0
Communication round: 28, Eavesdropper Accuracy: 0.1 21 1
Communication round: 29, Eavesdropper Accuracy: 0.11818181818181818 22 1
Communication round: 30, Eavesdropper Accuracy: 0.11818181818181818 23 1
Communication round: 31, Aggregated Accuracies: 0.15750000000000008 24
Communication round: 31, Eavesdropper Accuracy: 0.11363636363636363 24 1
Communication round: 32, Eavesdropper Accuracy: 0.13863636363636364 24 0
Communication round: 33, Eavesdropper Accuracy: 0.1409090909090909 24 0
Communication round: 34, Eavesdropper Accuracy: 0.13863636363636364 25 1
Communication round: 35, Eavesdropper Accuracy: 0.15681818181818183 26 1
Communication round: 36, Eavesdropper Accuracy: 0.14772727272727273 27 1
Communication round: 37, Eavesdropper Accuracy: 0.1318181818181818 27 0
Communication round: 38, Eavesdropper Accuracy: 0.13636363636363635 28 1
Communication round: 39, Eavesdropper Accuracy: 0.13863636363636364 29 1
Communication round: 40, Eavesdropper Accuracy: 0.15 29 0
Communication round: 41, Eavesdropper Accuracy: 0.1340909090909091 30 1
Communication round: 42, Eavesdropper Accuracy: 0.15 31 1
Communication round: 43, Eavesdropper Accuracy: 0.125 32 1
Communication round: 44, Eavesdropper Accuracy: 0.12727272727272726 32 0
Communication round: 45, Eavesdropper Accuracy: 0.14772727272727273 32 0
Communication round: 46, Aggregated Accuracies: 0.1963095238095237 33
Communication round: 46, Eavesdropper Accuracy: 0.19772727272727272 33 1
Communication round: 47, Eavesdropper Accuracy: 0.21818181818181817 34 1
Communication round: 48, Eavesdropper Accuracy: 0.19545454545454546 35 1
Communication round: 49, Eavesdropper Accuracy: 0.21363636363636362 36 1
Communication round: 50, Eavesdropper Accuracy: 0.21136363636363636 37 1
Communication round: 51, Eavesdropper Accuracy: 0.20909090909090908 38 1
Communication round: 52, Eavesdropper Accuracy: 0.22045454545454546 38 0
Communication round: 53, Eavesdropper Accuracy: 0.21818181818181817 38 0
Communication round: 54, Eavesdropper Accuracy: 0.18409090909090908 39 1
Communication round: 55, Aggregated Accuracies: 0.2588095238095238 40
Communication round: 55, Eavesdropper Accuracy: 0.2863636363636364 40 1
Communication round: 56, Aggregated Accuracies: 0.3317857142857143 41
Communication round: 56, Eavesdropper Accuracy: 0.39090909090909093 41 1
Communication round: 57, Eavesdropper Accuracy: 0.38181818181818183 42 1
Communication round: 58, Aggregated Accuracies: 0.39333333333333337 43
Communication round: 58, Eavesdropper Accuracy: 0.4159090909090909 43 1
Communication round: 59, Aggregated Accuracies: 0.4336904761904763 44
Communication round: 59, Eavesdropper Accuracy: 0.45681818181818185 44 1
Communication round: 60, Eavesdropper Accuracy: 0.4431818181818182 44 0
Communication round: 61, Aggregated Accuracies: 0.4854761904761905 45
Communication round: 61, Eavesdropper Accuracy: 0.5340909090909091 45 1
Communication round: 62, Eavesdropper Accuracy: 0.5431818181818182 45 0
Communication round: 63, Aggregated Accuracies: 0.521666666666667 46
Communication round: 63, Eavesdropper Accuracy: 0.5636363636363636 46 1
Communication round: 64, Eavesdropper Accuracy: 0.5727272727272728 46 0
Communication round: 65, Aggregated Accuracies: 0.5617857142857144 47
Communication round: 65, Eavesdropper Accuracy: 0.6295454545454545 47 1
Communication round: 66, Aggregated Accuracies: 0.5994047619047619 48
Communication round: 66, Eavesdropper Accuracy: 0.6613636363636364 48 1
Communication round: 67, Aggregated Accuracies: 0.6245238095238099 49
Communication round: 67, Eavesdropper Accuracy: 0.6727272727272727 49 1
Communication round: 68, Aggregated Accuracies: 0.6584523809523809 50
Communication round: 68, Eavesdropper Accuracy: 0.6818181818181818 50 1
Communication round: 69, Aggregated Accuracies: 0.6819047619047619 51
Communication round: 69, Eavesdropper Accuracy: 0.7545454545454545 51 1
Communication round: 70, Aggregated Accuracies: 0.7159523809523809 52
Communication round: 70, Eavesdropper Accuracy: 0.7863636363636364 52 1
Communication round: 71, Aggregated Accuracies: 0.7265476190476191 53
Communication round: 71, Eavesdropper Accuracy: 0.7840909090909091 53 1
Communication round: 72, Aggregated Accuracies: 0.7479761904761905 54
Communication round: 72, Eavesdropper Accuracy: 0.7931818181818182 54 1
Communication round: 73, Aggregated Accuracies: 0.7583333333333335 55
Communication round: 73, Eavesdropper Accuracy: 0.7909090909090909 55 1
Communication round: 74, Aggregated Accuracies: 0.7760714285714287 56
Communication round: 74, Eavesdropper Accuracy: 0.8204545454545454 56 1
Communication round: 75, Aggregated Accuracies: 0.7896428571428573 57
Communication round: 75, Eavesdropper Accuracy: 0.8204545454545454 57 1
Communication round: 76, Aggregated Accuracies: 0.7967857142857144 58
Communication round: 76, Eavesdropper Accuracy: 0.825 58 1
Communication round: 77, Aggregated Accuracies: 0.8126190476190476 59
Communication round: 77, Eavesdropper Accuracy: 0.8295454545454546 59 1
Communication round: 78, Aggregated Accuracies: 0.8161904761904762 60
Communication round: 78, Eavesdropper Accuracy: 0.8431818181818181 60 1
Communication round: 79, Aggregated Accuracies: 0.8190476190476188 61
Communication round: 79, Eavesdropper Accuracy: 0.8340909090909091 61 1
Communication round: 80, Aggregated Accuracies: 0.8300000000000002 62
Communication round: 80, Eavesdropper Accuracy: 0.8454545454545455 62 1
Communication round: 81, Aggregated Accuracies: 0.837857142857143 63
Communication round: 81, Eavesdropper Accuracy: 0.8545454545454545 63 1
Communication round: 82, Eavesdropper Accuracy: 0.8590909090909091 63 0
Communication round: 83, Eavesdropper Accuracy: 0.8568181818181818 64 1
Communication round: 84, Eavesdropper Accuracy: 0.8613636363636363 65 1
Communication round: 85, Eavesdropper Accuracy: 0.865909090909091 66 1
Communication round: 86, Eavesdropper Accuracy: 0.8454545454545455 67 1
Communication round: 87, Aggregated Accuracies: 0.8439285714285714 68
Communication round: 87, Eavesdropper Accuracy: 0.8613636363636363 68 1
Communication round: 88, Eavesdropper Accuracy: 0.865909090909091 68 0
Communication round: 89, Eavesdropper Accuracy: 0.8795454545454545 68 0
Communication round: 90, Eavesdropper Accuracy: 0.8681818181818182 68 0
Communication round: 91, Eavesdropper Accuracy: 0.85 68 0
Communication round: 92, Eavesdropper Accuracy: 0.8568181818181818 68 0
Communication round: 93, Eavesdropper Accuracy: 0.8681818181818182 68 0
Communication round: 94, Eavesdropper Accuracy: 0.8613636363636363 68 0
Communication round: 95, Eavesdropper Accuracy: 0.8681818181818182 68 0
Communication round: 96, Eavesdropper Accuracy: 0.865909090909091 68 0
Communication round: 97, Eavesdropper Accuracy: 0.825 68 0
Communication round: 98, Eavesdropper Accuracy: 0.8545454545454545 68 0
Communication round: 99, Eavesdropper Accuracy: 0.865909090909091 68 0
----------------------------------------------------------------------------------------------------
----------------------------------------------------------------------------------------------------
50_30_100_0.1_8_0.8_False_
----------------------------------------------------------------------------------------------------
Communication round: 0, Smart Eavesdropper Accuracy: 0.08863636363636364 0 0
Communication round: 1, Aggregated Accuracies: 0.13166666666666663 1
Communication round: 1, Smart Eavesdropper Accuracy: 0.17272727272727273 1 1
Communication round: 2, Eavesdropper Accuracy: 0.11818181818181818 2 1
Communication round: 3, Eavesdropper Accuracy: 0.11363636363636363 3 1
Communication round: 4, Eavesdropper Accuracy: 0.12045454545454545 4 1
Communication round: 5, Eavesdropper Accuracy: 0.125 5 1
Communication round: 6, Eavesdropper Accuracy: 0.125 6 1
Communication round: 7, Aggregated Accuracies: 0.16142857142857142 7
Communication round: 7, Eavesdropper Accuracy: 0.15 7 1
Communication round: 8, Eavesdropper Accuracy: 0.175 8 1
Communication round: 9, Aggregated Accuracies: 0.22773809523809527 9
Communication round: 9, Eavesdropper Accuracy: 0.23636363636363636 9 1
Communication round: 10, Aggregated Accuracies: 0.2807142857142855 10
Communication round: 10, Eavesdropper Accuracy: 0.31363636363636366 10 1
Communication round: 11, Aggregated Accuracies: 0.31642857142857145 11
Communication round: 11, Eavesdropper Accuracy: 0.37272727272727274 11 1
Communication round: 12, Aggregated Accuracies: 0.3602380952380952 12
Communication round: 12, Eavesdropper Accuracy: 0.4022727272727273 12 1
Communication round: 13, Aggregated Accuracies: 0.4025 13
Communication round: 13, Eavesdropper Accuracy: 0.4590909090909091 13 1
Communication round: 14, Aggregated Accuracies: 0.4669047619047619 14
Communication round: 14, Eavesdropper Accuracy: 0.5068181818181818 14 1
Communication round: 15, Aggregated Accuracies: 0.5129761904761905 15
Communication round: 15, Eavesdropper Accuracy: 0.5318181818181819 15 1
Communication round: 16, Aggregated Accuracies: 0.5598809523809521 16
Communication round: 16, Eavesdropper Accuracy: 0.6204545454545455 16 1
Communication round: 17, Aggregated Accuracies: 0.6082142857142858 17
Communication round: 17, Eavesdropper Accuracy: 0.6704545454545454 17 1
Communication round: 18, Aggregated Accuracies: 0.6373809523809524 18
Communication round: 18, Eavesdropper Accuracy: 0.6886363636363636 18 1
Communication round: 19, Aggregated Accuracies: 0.6819047619047618 19
Communication round: 19, Eavesdropper Accuracy: 0.7136363636363636 19 1
Communication round: 20, Aggregated Accuracies: 0.6967857142857141 20
Communication round: 20, Eavesdropper Accuracy: 0.7 20 1
Communication round: 21, Aggregated Accuracies: 0.7182142857142856 21
Communication round: 21, Eavesdropper Accuracy: 0.7522727272727273 21 1
Communication round: 22, Eavesdropper Accuracy: 0.7636363636363637 22 1
Communication round: 23, Aggregated Accuracies: 0.7302380952380951 23
Communication round: 23, Eavesdropper Accuracy: 0.7568181818181818 23 1
Communication round: 24, Aggregated Accuracies: 0.7559523809523807 24
Communication round: 24, Eavesdropper Accuracy: 0.8 24 1
Communication round: 25, Eavesdropper Accuracy: 0.7386363636363636 24 0
Communication round: 26, Eavesdropper Accuracy: 0.759090909090909 24 0
Communication round: 27, Eavesdropper Accuracy: 0.8045454545454546 24 0
Communication round: 28, Eavesdropper Accuracy: 0.7931818181818182 24 0
Communication round: 29, Eavesdropper Accuracy: 0.7795454545454545 24 0
Communication round: 30, Eavesdropper Accuracy: 0.7886363636363637 24 0
Communication round: 31, Eavesdropper Accuracy: 0.7909090909090909 24 0
Communication round: 32, Eavesdropper Accuracy: 0.7886363636363637 24 0
Communication round: 33, Eavesdropper Accuracy: 0.7795454545454545 24 0
Communication round: 34, Eavesdropper Accuracy: 0.7977272727272727 24 0
Communication round: 35, Eavesdropper Accuracy: 0.8 24 0
Communication round: 36, Eavesdropper Accuracy: 0.7886363636363637 24 0
Communication round: 37, Eavesdropper Accuracy: 0.8022727272727272 24 0
Communication round: 38, Eavesdropper Accuracy: 0.7772727272727272 24 0
Communication round: 39, Aggregated Accuracies: 0.765714285714286 25
Communication round: 39, Eavesdropper Accuracy: 0.7863636363636364 25 1
Communication round: 40, Aggregated Accuracies: 0.7861904761904763 26
Communication round: 40, Eavesdropper Accuracy: 0.8227272727272728 26 1
Communication round: 41, Aggregated Accuracies: 0.7978571428571429 27
Communication round: 41, Eavesdropper Accuracy: 0.7954545454545454 27 1
Communication round: 42, Aggregated Accuracies: 0.8119047619047618 28
Communication round: 42, Eavesdropper Accuracy: 0.8181818181818182 28 1
Communication round: 43, Aggregated Accuracies: 0.82 29
Communication round: 43, Eavesdropper Accuracy: 0.8568181818181818 29 1
Communication round: 44, Aggregated Accuracies: 0.8296428571428571 30
Communication round: 44, Eavesdropper Accuracy: 0.8545454545454545 30 1
Communication round: 45, Eavesdropper Accuracy: 0.8386363636363636 30 0
Communication round: 46, Eavesdropper Accuracy: 0.8363636363636363 30 0
Communication round: 47, Eavesdropper Accuracy: 0.8522727272727273 30 0
Communication round: 48, Eavesdropper Accuracy: 0.8590909090909091 30 0
Communication round: 49, Eavesdropper Accuracy: 0.8318181818181818 30 0
Communication round: 50, Aggregated Accuracies: 0.8372619047619047 31
Communication round: 50, Eavesdropper Accuracy: 0.8681818181818182 31 1
Communication round: 51, Aggregated Accuracies: 0.8436904761904761 32
Communication round: 51, Eavesdropper Accuracy: 0.8454545454545455 32 1
Communication round: 52, Aggregated Accuracies: 0.8519047619047615 33
Communication round: 52, Eavesdropper Accuracy: 0.865909090909091 33 1
Communication round: 53, Aggregated Accuracies: 0.8561904761904761 34
Communication round: 53, Eavesdropper Accuracy: 0.8636363636363636 34 1
Communication round: 54, Aggregated Accuracies: 0.8608333333333333 35
Communication round: 54, Eavesdropper Accuracy: 0.8409090909090909 35 1
Communication round: 55, Aggregated Accuracies: 0.8629761904761907 36
Communication round: 55, Eavesdropper Accuracy: 0.865909090909091 36 1
Communication round: 56, Eavesdropper Accuracy: 0.8636363636363636 36 0
Communication round: 57, Eavesdropper Accuracy: 0.865909090909091 36 0
Communication round: 58, Eavesdropper Accuracy: 0.8613636363636363 36 0
Communication round: 59, Eavesdropper Accuracy: 0.8704545454545455 36 0
Communication round: 60, Eavesdropper Accuracy: 0.8613636363636363 36 0
Communication round: 61, Eavesdropper Accuracy: 0.8704545454545455 36 0
Communication round: 62, Eavesdropper Accuracy: 0.8636363636363636 36 0
Communication round: 63, Eavesdropper Accuracy: 0.875 36 0
Communication round: 64, Eavesdropper Accuracy: 0.8681818181818182 36 0
Communication round: 65, Eavesdropper Accuracy: 0.875 36 0
Communication round: 66, Eavesdropper Accuracy: 0.8636363636363636 36 0
Communication round: 67, Eavesdropper Accuracy: 0.8522727272727273 36 0
Communication round: 68, Eavesdropper Accuracy: 0.8431818181818181 36 0
Communication round: 69, Eavesdropper Accuracy: 0.8704545454545455 36 0
Communication round: 70, Eavesdropper Accuracy: 0.8681818181818182 36 0
Communication round: 71, Smart Eavesdropper Accuracy: 0.8681818181818182 36 0
Communication round: 72, Smart Eavesdropper Accuracy: 0.8613636363636363 36 0
Communication round: 73, Smart Eavesdropper Accuracy: 0.8613636363636363 36 0
Communication round: 74, Smart Eavesdropper Accuracy: 0.8727272727272727 36 0
Communication round: 75, Smart Eavesdropper Accuracy: 0.8795454545454545 36 0
Communication round: 76, Smart Eavesdropper Accuracy: 0.85 36 0
Communication round: 77, Smart Eavesdropper Accuracy: 0.8636363636363636 36 0
Communication round: 78, Smart Eavesdropper Accuracy: 0.8568181818181818 36 0
Communication round: 79, Smart Eavesdropper Accuracy: 0.8545454545454545 36 0
Communication round: 80, Smart Eavesdropper Accuracy: 0.8727272727272727 36 0
Communication round: 81, Smart Eavesdropper Accuracy: 0.8886363636363637 36 0
Communication round: 82, Smart Eavesdropper Accuracy: 0.8590909090909091 36 0
Communication round: 83, Smart Eavesdropper Accuracy: 0.865909090909091 36 0
Communication round: 84, Smart Eavesdropper Accuracy: 0.8636363636363636 36 0
Communication round: 85, Smart Eavesdropper Accuracy: 0.8886363636363637 36 0
Communication round: 86, Smart Eavesdropper Accuracy: 0.8363636363636363 36 0
Communication round: 87, Smart Eavesdropper Accuracy: 0.8545454545454545 36 0
Communication round: 88, Smart Eavesdropper Accuracy: 0.8772727272727273 36 0
Communication round: 89, Smart Eavesdropper Accuracy: 0.8681818181818182 36 0
Communication round: 90, Smart Eavesdropper Accuracy: 0.8681818181818182 36 0
Communication round: 91, Smart Eavesdropper Accuracy: 0.8340909090909091 36 0
Communication round: 92, Smart Eavesdropper Accuracy: 0.85 36 0
Communication round: 93, Smart Eavesdropper Accuracy: 0.8477272727272728 36 0
Communication round: 94, Smart Eavesdropper Accuracy: 0.8477272727272728 36 0
Communication round: 95, Smart Eavesdropper Accuracy: 0.8681818181818182 36 0
Communication round: 96, Smart Eavesdropper Accuracy: 0.8340909090909091 36 0
Communication round: 97, Smart Eavesdropper Accuracy: 0.825 36 0
Communication round: 98, Smart Eavesdropper Accuracy: 0.8568181818181818 36 0
Communication round: 99, Smart Eavesdropper Accuracy: 0.865909090909091 36 0
----------------------------------------------------------------------------------------------------
----------------------------------------------------------------------------------------------------
50_30_100_0.1_8_0.8_False_
----------------------------------------------------------------------------------------------------
Communication round: 0, Smart Eavesdropper Accuracy: 0.1318181818181818 0 0
Communication round: 1, Smart Eavesdropper Accuracy: 0.10909090909090909 0 0
Communication round: 2, Smart Eavesdropper Accuracy: 0.16136363636363638 0 0
Communication round: 3, Smart Eavesdropper Accuracy: 0.24545454545454545 1 1
Communication round: 4, Smart Eavesdropper Accuracy: 0.2590909090909091 1 0
Communication round: 5, Smart Eavesdropper Accuracy: 0.32727272727272727 2 1
Communication round: 6, Smart Eavesdropper Accuracy: 0.4159090909090909 3 1
Communication round: 7, Smart Eavesdropper Accuracy: 0.43636363636363634 4 1
Communication round: 8, Eavesdropper Accuracy: 0.056818181818181816 5 1
Communication round: 9, Eavesdropper Accuracy: 0.038636363636363635 6 1
Communication round: 10, Aggregated Accuracies: 0.08261904761904759 7
Communication round: 10, Eavesdropper Accuracy: 0.07954545454545454 7 1
Communication round: 11, Eavesdropper Accuracy: 0.06136363636363636 8 1
Communication round: 12, Eavesdropper Accuracy: 0.06363636363636363 8 0
Communication round: 13, Eavesdropper Accuracy: 0.075 9 1
Communication round: 14, Eavesdropper Accuracy: 0.08181818181818182 10 1
Communication round: 15, Eavesdropper Accuracy: 0.07045454545454545 11 1
Communication round: 16, Eavesdropper Accuracy: 0.0659090909090909 12 1
Communication round: 17, Eavesdropper Accuracy: 0.08863636363636364 13 1
Communication round: 18, Eavesdropper Accuracy: 0.07045454545454545 14 1
Communication round: 19, Eavesdropper Accuracy: 0.07727272727272727 15 1
Communication round: 20, Eavesdropper Accuracy: 0.07727272727272727 15 0
Communication round: 21, Eavesdropper Accuracy: 0.06818181818181818 15 0
Communication round: 22, Eavesdropper Accuracy: 0.08181818181818182 16 1
Communication round: 23, Eavesdropper Accuracy: 0.08181818181818182 17 1
Communication round: 24, Eavesdropper Accuracy: 0.06363636363636363 18 1
Communication round: 25, Eavesdropper Accuracy: 0.08181818181818182 19 1
Communication round: 26, Eavesdropper Accuracy: 0.075 20 1
Communication round: 27, Aggregated Accuracies: 0.10309523809523811 21
Communication round: 27, Eavesdropper Accuracy: 0.08863636363636364 21 1
Communication round: 28, Eavesdropper Accuracy: 0.06818181818181818 22 1
Communication round: 29, Eavesdropper Accuracy: 0.07954545454545454 23 1
Communication round: 30, Aggregated Accuracies: 0.13476190476190472 24
Communication round: 30, Eavesdropper Accuracy: 0.125 24 1
Communication round: 31, Aggregated Accuracies: 0.17738095238095233 25
Communication round: 31, Eavesdropper Accuracy: 0.16363636363636364 25 1
Communication round: 32, Aggregated Accuracies: 0.24142857142857135 26
Communication round: 32, Eavesdropper Accuracy: 0.275 26 1
Communication round: 33, Aggregated Accuracies: 0.28452380952380946 27
Communication round: 33, Eavesdropper Accuracy: 0.29772727272727273 27 1
Communication round: 34, Eavesdropper Accuracy: 0.325 27 0
Communication round: 35, Aggregated Accuracies: 0.3592857142857143 28
Communication round: 35, Eavesdropper Accuracy: 0.3886363636363636 28 1
Communication round: 36, Eavesdropper Accuracy: 0.4068181818181818 29 1
Communication round: 37, Eavesdropper Accuracy: 0.39090909090909093 30 1
Communication round: 38, Eavesdropper Accuracy: 0.4318181818181818 31 1
Communication round: 39, Eavesdropper Accuracy: 0.4068181818181818 32 1
Communication round: 40, Eavesdropper Accuracy: 0.4022727272727273 33 1
Communication round: 41, Eavesdropper Accuracy: 0.3931818181818182 34 1
Communication round: 42, Eavesdropper Accuracy: 0.38636363636363635 35 1
Communication round: 43, Aggregated Accuracies: 0.4126190476190475 36
Communication round: 43, Eavesdropper Accuracy: 0.45454545454545453 36 1
Communication round: 44, Aggregated Accuracies: 0.4522619047619045 37
Communication round: 44, Eavesdropper Accuracy: 0.4909090909090909 37 1
Communication round: 45, Aggregated Accuracies: 0.4946428571428572 38
Communication round: 45, Eavesdropper Accuracy: 0.5113636363636364 38 1
Communication round: 46, Eavesdropper Accuracy: 0.48409090909090907 39 1
Communication round: 47, Eavesdropper Accuracy: 0.5181818181818182 40 1
Communication round: 48, Eavesdropper Accuracy: 0.5227272727272727 41 1
Communication round: 49, Eavesdropper Accuracy: 0.5045454545454545 42 1
Communication round: 50, Eavesdropper Accuracy: 0.5068181818181818 43 1
Communication round: 51, Aggregated Accuracies: 0.5352380952380953 44
Communication round: 51, Eavesdropper Accuracy: 0.5681818181818182 44 1
Communication round: 52, Eavesdropper Accuracy: 0.5772727272727273 45 1
Communication round: 53, Eavesdropper Accuracy: 0.5613636363636364 45 0
Communication round: 54, Eavesdropper Accuracy: 0.5590909090909091 46 1
Communication round: 55, Eavesdropper Accuracy: 0.5613636363636364 47 1
Communication round: 56, Eavesdropper Accuracy: 0.5704545454545454 47 0
Communication round: 57, Eavesdropper Accuracy: 0.5659090909090909 47 0
Communication round: 58, Eavesdropper Accuracy: 0.575 48 1
Communication round: 59, Eavesdropper Accuracy: 0.5704545454545454 49 1
Communication round: 60, Aggregated Accuracies: 0.5625000000000001 50
Communication round: 60, Eavesdropper Accuracy: 0.5886363636363636 50 1
Communication round: 61, Aggregated Accuracies: 0.591190476190476 51
Communication round: 61, Eavesdropper Accuracy: 0.6045454545454545 51 1
Communication round: 62, Eavesdropper Accuracy: 0.6386363636363637 51 0
Communication round: 63, Eavesdropper Accuracy: 0.6409090909090909 51 0
Communication round: 64, Eavesdropper Accuracy: 0.6181818181818182 51 0
Communication round: 65, Aggregated Accuracies: 0.6204761904761904 52
Communication round: 65, Eavesdropper Accuracy: 0.6772727272727272 52 1
Communication round: 66, Aggregated Accuracies: 0.6540476190476191 53
Communication round: 66, Eavesdropper Accuracy: 0.6795454545454546 53 1
Communication round: 67, Aggregated Accuracies: 0.6684523809523809 54
Communication round: 67, Eavesdropper Accuracy: 0.6909090909090909 54 1
Communication round: 68, Aggregated Accuracies: 0.6936904761904765 55
Communication round: 68, Eavesdropper Accuracy: 0.7113636363636363 55 1
Communication round: 69, Aggregated Accuracies: 0.7177380952380953 56
Communication round: 69, Eavesdropper Accuracy: 0.7386363636363636 56 1
Communication round: 70, Aggregated Accuracies: 0.7308333333333333 57
Communication round: 70, Eavesdropper Accuracy: 0.7727272727272727 57 1
Communication round: 71, Aggregated Accuracies: 0.7570238095238097 58
Communication round: 71, Eavesdropper Accuracy: 0.7772727272727272 58 1
Communication round: 72, Eavesdropper Accuracy: 0.759090909090909 58 0
Communication round: 73, Eavesdropper Accuracy: 0.7931818181818182 58 0
Communication round: 74, Eavesdropper Accuracy: 0.7818181818181819 58 0
Communication round: 75, Eavesdropper Accuracy: 0.7704545454545455 58 0
Communication round: 76, Eavesdropper Accuracy: 0.7795454545454545 59 1
Communication round: 77, Aggregated Accuracies: 0.7633333333333335 60
Communication round: 77, Eavesdropper Accuracy: 0.8045454545454546 60 1
Communication round: 78, Aggregated Accuracies: 0.7804761904761907 61
Communication round: 78, Eavesdropper Accuracy: 0.7613636363636364 61 1
Communication round: 79, Eavesdropper Accuracy: 0.7909090909090909 61 0
Communication round: 80, Eavesdropper Accuracy: 0.8204545454545454 61 0
Communication round: 81, Eavesdropper Accuracy: 0.7704545454545455 61 0
Communication round: 82, Aggregated Accuracies: 0.7864285714285714 62
Communication round: 82, Eavesdropper Accuracy: 0.7772727272727272 62 1
Communication round: 83, Eavesdropper Accuracy: 0.8227272727272728 63 1
Communication round: 84, Eavesdropper Accuracy: 0.7977272727272727 64 1
Communication round: 85, Eavesdropper Accuracy: 0.8227272727272728 65 1
Communication round: 86, Aggregated Accuracies: 0.7940476190476191 66
Communication round: 86, Eavesdropper Accuracy: 0.8204545454545454 66 1
Communication round: 87, Aggregated Accuracies: 0.8013095238095239 67
Communication round: 87, Eavesdropper Accuracy: 0.8454545454545455 67 1
Communication round: 88, Aggregated Accuracies: 0.8051190476190477 68
Communication round: 88, Eavesdropper Accuracy: 0.8272727272727273 68 1
Communication round: 89, Aggregated Accuracies: 0.8238095238095237 69
Communication round: 89, Eavesdropper Accuracy: 0.8454545454545455 69 1
Communication round: 90, Aggregated Accuracies: 0.823809523809524 70
Communication round: 90, Eavesdropper Accuracy: 0.8454545454545455 70 1
Communication round: 91, Aggregated Accuracies: 0.8311904761904756 71
Communication round: 91, Eavesdropper Accuracy: 0.8454545454545455 71 1
Communication round: 92, Eavesdropper Accuracy: 0.8545454545454545 71 0
Communication round: 93, Eavesdropper Accuracy: 0.8545454545454545 71 0
Communication round: 94, Eavesdropper Accuracy: 0.8818181818181818 71 0
Communication round: 95, Eavesdropper Accuracy: 0.8590909090909091 71 0
Communication round: 96, Eavesdropper Accuracy: 0.8545454545454545 72 1
Communication round: 97, Eavesdropper Accuracy: 0.8545454545454545 72 0
Communication round: 98, Eavesdropper Accuracy: 0.865909090909091 73 1
Communication round: 99, Eavesdropper Accuracy: 0.85 73 0
----------------------------------------------------------------------------------------------------
----------------------------------------------------------------------------------------------------
50_30_100_0.1_8_0.8_False_
----------------------------------------------------------------------------------------------------
Communication round: 0, Eavesdropper Accuracy: 0.09090909090909091 1 1
Communication round: 1, Smart Eavesdropper Accuracy: 0.09090909090909091 1 0
Communication round: 2, Eavesdropper Accuracy: 0.09545454545454546 2 1
Communication round: 3, Eavesdropper Accuracy: 0.11818181818181818 3 1
Communication round: 4, Eavesdropper Accuracy: 0.09318181818181819 4 1
Communication round: 5, Eavesdropper Accuracy: 0.10909090909090909 5 1
Communication round: 6, Aggregated Accuracies: 0.10714285714285714 6
Communication round: 6, Eavesdropper Accuracy: 0.12272727272727273 6 1
Communication round: 7, Eavesdropper Accuracy: 0.125 6 0
Communication round: 8, Eavesdropper Accuracy: 0.09090909090909091 6 0
Communication round: 9, Eavesdropper Accuracy: 0.125 6 0
Communication round: 10, Eavesdropper Accuracy: 0.11363636363636363 7 1
Communication round: 11, Eavesdropper Accuracy: 0.11136363636363636 8 1
Communication round: 12, Eavesdropper Accuracy: 0.12272727272727273 9 1
Communication round: 13, Aggregated Accuracies: 0.1272619047619048 10
Communication round: 13, Eavesdropper Accuracy: 0.12045454545454545 10 1
Communication round: 14, Aggregated Accuracies: 0.1510714285714286 11
Communication round: 14, Eavesdropper Accuracy: 0.1340909090909091 11 1
Communication round: 15, Eavesdropper Accuracy: 0.1590909090909091 11 0
Communication round: 16, Eavesdropper Accuracy: 0.1340909090909091 12 1
Communication round: 17, Eavesdropper Accuracy: 0.1590909090909091 13 1
Communication round: 18, Eavesdropper Accuracy: 0.15681818181818183 14 1
Communication round: 19, Eavesdropper Accuracy: 0.16136363636363638 15 1
Communication round: 20, Eavesdropper Accuracy: 0.15454545454545454 16 1
Communication round: 21, Eavesdropper Accuracy: 0.13636363636363635 16 0
Communication round: 22, Aggregated Accuracies: 0.17666666666666667 17
Communication round: 22, Eavesdropper Accuracy: 0.20454545454545456 17 1
Communication round: 23, Eavesdropper Accuracy: 0.18863636363636363 17 0
Communication round: 24, Eavesdropper Accuracy: 0.19318181818181818 17 0
Communication round: 25, Aggregated Accuracies: 0.22023809523809526 18
Communication round: 25, Eavesdropper Accuracy: 0.22045454545454546 18 1
Communication round: 26, Aggregated Accuracies: 0.28238095238095234 19
Communication round: 26, Eavesdropper Accuracy: 0.3 19 1
Communication round: 27, Aggregated Accuracies: 0.33511904761904765 20
Communication round: 27, Eavesdropper Accuracy: 0.36818181818181817 20 1
Communication round: 28, Aggregated Accuracies: 0.3732142857142858 21
Communication round: 28, Eavesdropper Accuracy: 0.42954545454545456 21 1
Communication round: 29, Aggregated Accuracies: 0.43178571428571433 22
Communication round: 29, Eavesdropper Accuracy: 0.4431818181818182 22 1
Communication round: 30, Eavesdropper Accuracy: 0.4772727272727273 22 0
Communication round: 31, Aggregated Accuracies: 0.47071428571428575 23
Communication round: 31, Eavesdropper Accuracy: 0.5136363636363637 23 1
Communication round: 32, Aggregated Accuracies: 0.5198809523809523 24
Communication round: 32, Eavesdropper Accuracy: 0.5340909090909091 24 1
Communication round: 33, Eavesdropper Accuracy: 0.5545454545454546 24 0
Communication round: 34, Eavesdropper Accuracy: 0.55 24 0
Communication round: 35, Eavesdropper Accuracy: 0.5477272727272727 24 0
Communication round: 36, Eavesdropper Accuracy: 0.5613636363636364 24 0
Communication round: 37, Eavesdropper Accuracy: 0.575 24 0
Communication round: 38, Eavesdropper Accuracy: 0.5386363636363637 24 0
Communication round: 39, Eavesdropper Accuracy: 0.5636363636363636 25 1
Communication round: 40, Eavesdropper Accuracy: 0.5340909090909091 26 1
Communication round: 41, Eavesdropper Accuracy: 0.5386363636363637 26 0
Communication round: 42, Eavesdropper Accuracy: 0.5636363636363636 26 0
Communication round: 43, Eavesdropper Accuracy: 0.5431818181818182 26 0
Communication round: 44, Eavesdropper Accuracy: 0.5613636363636364 26 0
Communication round: 45, Eavesdropper Accuracy: 0.5272727272727272 26 0
Communication round: 46, Eavesdropper Accuracy: 0.5386363636363637 26 0
Communication round: 47, Eavesdropper Accuracy: 0.5522727272727272 26 0
Communication round: 48, Eavesdropper Accuracy: 0.5386363636363637 26 0
Communication round: 49, Eavesdropper Accuracy: 0.5340909090909091 26 0
Communication round: 50, Eavesdropper Accuracy: 0.5772727272727273 26 0
Communication round: 51, Smart Eavesdropper Accuracy: 0.5568181818181818 26 0
Communication round: 52, Smart Eavesdropper Accuracy: 0.5590909090909091 26 0
Communication round: 53, Smart Eavesdropper Accuracy: 0.6090909090909091 26 0
Communication round: 54, Smart Eavesdropper Accuracy: 0.5568181818181818 26 0
Communication round: 55, Smart Eavesdropper Accuracy: 0.6431818181818182 26 0
Communication round: 56, Smart Eavesdropper Accuracy: 0.6295454545454545 26 0
Communication round: 57, Smart Eavesdropper Accuracy: 0.6840909090909091 26 0
Communication round: 58, Smart Eavesdropper Accuracy: 0.7204545454545455 26 0
Communication round: 59, Smart Eavesdropper Accuracy: 0.7045454545454546 26 0
Communication round: 60, Smart Eavesdropper Accuracy: 0.7568181818181818 26 0
Communication round: 61, Smart Eavesdropper Accuracy: 0.7204545454545455 26 0
Communication round: 62, Smart Eavesdropper Accuracy: 0.7181818181818181 26 0
Communication round: 63, Smart Eavesdropper Accuracy: 0.7522727272727273 26 0
Communication round: 64, Smart Eavesdropper Accuracy: 0.7477272727272727 26 0
Communication round: 65, Smart Eavesdropper Accuracy: 0.75 26 0
Communication round: 66, Smart Eavesdropper Accuracy: 0.7681818181818182 26 0
Communication round: 67, Smart Eavesdropper Accuracy: 0.7522727272727273 27 1
Communication round: 68, Smart Eavesdropper Accuracy: 0.7636363636363637 27 0
Communication round: 69, Smart Eavesdropper Accuracy: 0.7818181818181819 27 0
Communication round: 70, Smart Eavesdropper Accuracy: 0.775 28 1
Communication round: 71, Smart Eavesdropper Accuracy: 0.75 29 1
Communication round: 72, Smart Eavesdropper Accuracy: 0.7840909090909091 29 0
Communication round: 73, Smart Eavesdropper Accuracy: 0.775 29 0
Communication round: 74, Smart Eavesdropper Accuracy: 0.7659090909090909 29 0
Communication round: 75, Smart Eavesdropper Accuracy: 0.7863636363636364 29 0
Communication round: 76, Smart Eavesdropper Accuracy: 0.7863636363636364 29 0
Communication round: 77, Smart Eavesdropper Accuracy: 0.8068181818181818 29 0
Communication round: 78, Smart Eavesdropper Accuracy: 0.7977272727272727 29 0
Communication round: 79, Smart Eavesdropper Accuracy: 0.8431818181818181 29 0
Communication round: 80, Smart Eavesdropper Accuracy: 0.7909090909090909 29 0
Communication round: 81, Smart Eavesdropper Accuracy: 0.7863636363636364 29 0
Communication round: 82, Smart Eavesdropper Accuracy: 0.7954545454545454 30 1
Communication round: 83, Smart Eavesdropper Accuracy: 0.8022727272727272 30 0
Communication round: 84, Smart Eavesdropper Accuracy: 0.7954545454545454 30 0
Communication round: 85, Smart Eavesdropper Accuracy: 0.7909090909090909 30 0
Communication round: 86, Smart Eavesdropper Accuracy: 0.8318181818181818 30 0
Communication round: 87, Aggregated Accuracies: 0.565 31
Communication round: 87, Smart Eavesdropper Accuracy: 0.8 31 1
Communication round: 88, Smart Eavesdropper Accuracy: 0.8181818181818182 32 1
Communication round: 89, Smart Eavesdropper Accuracy: 0.8363636363636363 33 1
Communication round: 90, Smart Eavesdropper Accuracy: 0.8068181818181818 34 1
Communication round: 91, Aggregated Accuracies: 0.600952380952381 35
Communication round: 91, Smart Eavesdropper Accuracy: 0.8090909090909091 35 1
Communication round: 92, Aggregated Accuracies: 0.6239285714285716 36
Communication round: 92, Smart Eavesdropper Accuracy: 0.8136363636363636 36 1
Communication round: 93, Smart Eavesdropper Accuracy: 0.825 36 0
Communication round: 94, Smart Eavesdropper Accuracy: 0.8227272727272728 36 0
Communication round: 95, Aggregated Accuracies: 0.6507142857142858 37
Communication round: 95, Smart Eavesdropper Accuracy: 0.8090909090909091 37 1
Communication round: 96, Aggregated Accuracies: 0.672857142857143 38
Communication round: 96, Smart Eavesdropper Accuracy: 0.8318181818181818 38 1
Communication round: 97, Aggregated Accuracies: 0.7045238095238097 39
Communication round: 97, Smart Eavesdropper Accuracy: 0.8340909090909091 39 1
Communication round: 98, Aggregated Accuracies: 0.7220238095238097 40
Communication round: 98, Smart Eavesdropper Accuracy: 0.8113636363636364 40 1
Communication round: 99, Smart Eavesdropper Accuracy: 0.8340909090909091 41 1
----------------------------------------------------------------------------------------------------
----------------------------------------------------------------------------------------------------
50_30_100_0.1_8_0.8_False_
----------------------------------------------------------------------------------------------------
Communication round: 0, Eavesdropper Accuracy: 0.015909090909090907 1 1
Communication round: 1, Smart Eavesdropper Accuracy: 0.12272727272727273 1 0
Communication round: 2, Aggregated Accuracies: 0.0869047619047619 2
Communication round: 2, Eavesdropper Accuracy: 0.12954545454545455 2 1
Communication round: 3, Eavesdropper Accuracy: 0.10227272727272728 3 1
Communication round: 4, Eavesdropper Accuracy: 0.11818181818181818 4 1
Communication round: 5, Eavesdropper Accuracy: 0.10227272727272728 4 0
Communication round: 6, Eavesdropper Accuracy: 0.11818181818181818 5 1
Communication round: 7, Eavesdropper Accuracy: 0.10909090909090909 6 1
Communication round: 8, Eavesdropper Accuracy: 0.125 7 1
Communication round: 9, Eavesdropper Accuracy: 0.11136363636363636 8 1
Communication round: 10, Eavesdropper Accuracy: 0.12954545454545455 9 1
Communication round: 11, Eavesdropper Accuracy: 0.12272727272727273 10 1
Communication round: 12, Eavesdropper Accuracy: 0.12727272727272726 10 0
Communication round: 13, Eavesdropper Accuracy: 0.10681818181818181 10 0
Communication round: 14, Eavesdropper Accuracy: 0.11136363636363636 11 1
Communication round: 15, Eavesdropper Accuracy: 0.09545454545454546 12 1
Communication round: 16, Eavesdropper Accuracy: 0.1159090909090909 13 1
Communication round: 17, Eavesdropper Accuracy: 0.12727272727272726 14 1
Communication round: 18, Eavesdropper Accuracy: 0.11136363636363636 15 1
Communication round: 19, Eavesdropper Accuracy: 0.10454545454545454 16 1
Communication round: 20, Eavesdropper Accuracy: 0.125 17 1
Communication round: 21, Eavesdropper Accuracy: 0.10454545454545454 18 1
Communication round: 22, Eavesdropper Accuracy: 0.1159090909090909 19 1
Communication round: 23, Eavesdropper Accuracy: 0.10681818181818181 19 0
Communication round: 24, Eavesdropper Accuracy: 0.12272727272727273 19 0
Communication round: 25, Eavesdropper Accuracy: 0.10681818181818181 19 0
Communication round: 26, Eavesdropper Accuracy: 0.11363636363636363 20 1
Communication round: 27, Eavesdropper Accuracy: 0.11818181818181818 21 1
Communication round: 28, Eavesdropper Accuracy: 0.1159090909090909 22 1
Communication round: 29, Eavesdropper Accuracy: 0.11136363636363636 22 0
Communication round: 30, Eavesdropper Accuracy: 0.10454545454545454 23 1
Communication round: 31, Aggregated Accuracies: 0.11083333333333328 24
Communication round: 31, Eavesdropper Accuracy: 0.12954545454545455 24 1
Communication round: 32, Aggregated Accuracies: 0.15047619047619049 25
Communication round: 32, Eavesdropper Accuracy: 0.18863636363636363 25 1
Communication round: 33, Aggregated Accuracies: 0.17976190476190482 26
Communication round: 33, Eavesdropper Accuracy: 0.23863636363636365 26 1
Communication round: 34, Aggregated Accuracies: 0.23714285714285707 27
Communication round: 34, Eavesdropper Accuracy: 0.30454545454545456 27 1
Communication round: 35, Aggregated Accuracies: 0.3053571428571428 28
Communication round: 35, Eavesdropper Accuracy: 0.37727272727272726 28 1
Communication round: 36, Aggregated Accuracies: 0.3711904761904763 29
Communication round: 36, Eavesdropper Accuracy: 0.43863636363636366 29 1
Communication round: 37, Aggregated Accuracies: 0.4148809523809524 30
Communication round: 37, Eavesdropper Accuracy: 0.45454545454545453 30 1
Communication round: 38, Aggregated Accuracies: 0.4715476190476191 31
Communication round: 38, Eavesdropper Accuracy: 0.5340909090909091 31 1
Communication round: 39, Aggregated Accuracies: 0.5072619047619048 32
Communication round: 39, Eavesdropper Accuracy: 0.5545454545454546 32 1
Communication round: 40, Eavesdropper Accuracy: 0.5522727272727272 33 1
Communication round: 41, Eavesdropper Accuracy: 0.5318181818181819 34 1
Communication round: 42, Eavesdropper Accuracy: 0.5727272727272728 35 1
Communication round: 43, Aggregated Accuracies: 0.5495238095238095 36
Communication round: 43, Eavesdropper Accuracy: 0.5727272727272728 36 1
Communication round: 44, Eavesdropper Accuracy: 0.5681818181818182 37 1
Communication round: 45, Eavesdropper Accuracy: 0.5727272727272728 38 1
Communication round: 46, Aggregated Accuracies: 0.5803571428571428 39
Communication round: 46, Eavesdropper Accuracy: 0.6 39 1
Communication round: 47, Eavesdropper Accuracy: 0.6068181818181818 40 1
Communication round: 48, Eavesdropper Accuracy: 0.5795454545454546 41 1
Communication round: 49, Eavesdropper Accuracy: 0.6113636363636363 42 1
Communication round: 50, Aggregated Accuracies: 0.5966666666666667 43
Communication round: 50, Eavesdropper Accuracy: 0.6272727272727273 43 1
Communication round: 51, Aggregated Accuracies: 0.6314285714285712 44
Communication round: 51, Eavesdropper Accuracy: 0.6454545454545455 44 1
Communication round: 52, Eavesdropper Accuracy: 0.65 44 0
Communication round: 53, Aggregated Accuracies: 0.6614285714285715 45
Communication round: 53, Eavesdropper Accuracy: 0.6522727272727272 45 1
Communication round: 54, Aggregated Accuracies: 0.688452380952381 46
Communication round: 54, Eavesdropper Accuracy: 0.6840909090909091 46 1
Communication round: 55, Aggregated Accuracies: 0.7080952380952381 47
Communication round: 55, Eavesdropper Accuracy: 0.725 47 1
Communication round: 56, Aggregated Accuracies: 0.7288095238095238 48
Communication round: 56, Eavesdropper Accuracy: 0.7363636363636363 48 1
Communication round: 57, Aggregated Accuracies: 0.7400000000000001 49
Communication round: 57, Eavesdropper Accuracy: 0.7545454545454545 49 1
Communication round: 58, Aggregated Accuracies: 0.7524999999999998 50
Communication round: 58, Eavesdropper Accuracy: 0.7522727272727273 50 1
Communication round: 59, Aggregated Accuracies: 0.7667857142857144 51
Communication round: 59, Eavesdropper Accuracy: 0.8 51 1
Communication round: 60, Aggregated Accuracies: 0.7751190476190476 52
Communication round: 60, Eavesdropper Accuracy: 0.7840909090909091 52 1
Communication round: 61, Eavesdropper Accuracy: 0.7659090909090909 53 1
Communication round: 62, Eavesdropper Accuracy: 0.7909090909090909 54 1
Communication round: 63, Aggregated Accuracies: 0.7865476190476193 55
Communication round: 63, Eavesdropper Accuracy: 0.7886363636363637 55 1
Communication round: 64, Aggregated Accuracies: 0.7954761904761903 56
Communication round: 64, Eavesdropper Accuracy: 0.7840909090909091 56 1
Communication round: 65, Aggregated Accuracies: 0.8064285714285714 57
Communication round: 65, Eavesdropper Accuracy: 0.8204545454545454 57 1
Communication round: 66, Aggregated Accuracies: 0.8127380952380949 58
Communication round: 66, Eavesdropper Accuracy: 0.825 58 1
Communication round: 67, Eavesdropper Accuracy: 0.8022727272727272 58 0
Communication round: 68, Eavesdropper Accuracy: 0.8022727272727272 58 0
Communication round: 69, Eavesdropper Accuracy: 0.7977272727272727 58 0
Communication round: 70, Eavesdropper Accuracy: 0.8113636363636364 58 0
Communication round: 71, Eavesdropper Accuracy: 0.8090909090909091 58 0
Communication round: 72, Eavesdropper Accuracy: 0.8090909090909091 58 0
Communication round: 73, Eavesdropper Accuracy: 0.8159090909090909 58 0
Communication round: 74, Eavesdropper Accuracy: 0.8 58 0
Communication round: 75, Eavesdropper Accuracy: 0.8159090909090909 58 0
Communication round: 76, Eavesdropper Accuracy: 0.8045454545454546 58 0
Communication round: 77, Eavesdropper Accuracy: 0.8181818181818182 58 0
Communication round: 78, Eavesdropper Accuracy: 0.8318181818181818 58 0
Communication round: 79, Eavesdropper Accuracy: 0.8318181818181818 58 0
Communication round: 80, Eavesdropper Accuracy: 0.8 58 0
Communication round: 81, Eavesdropper Accuracy: 0.8068181818181818 58 0
Communication round: 82, Eavesdropper Accuracy: 0.8181818181818182 58 0
Communication round: 83, Eavesdropper Accuracy: 0.8113636363636364 58 0
Communication round: 84, Eavesdropper Accuracy: 0.8227272727272728 58 0
Communication round: 85, Eavesdropper Accuracy: 0.8136363636363636 58 0
Communication round: 86, Eavesdropper Accuracy: 0.8318181818181818 58 0
Communication round: 87, Eavesdropper Accuracy: 0.8022727272727272 58 0
Communication round: 88, Eavesdropper Accuracy: 0.8159090909090909 58 0
Communication round: 89, Eavesdropper Accuracy: 0.8159090909090909 58 0
Communication round: 90, Eavesdropper Accuracy: 0.8181818181818182 58 0
Communication round: 91, Eavesdropper Accuracy: 0.8204545454545454 58 0
Communication round: 92, Eavesdropper Accuracy: 0.8159090909090909 58 0
Communication round: 93, Eavesdropper Accuracy: 0.8159090909090909 58 0
Communication round: 94, Eavesdropper Accuracy: 0.8318181818181818 58 0
Communication round: 95, Aggregated Accuracies: 0.8219047619047618 59
Communication round: 95, Eavesdropper Accuracy: 0.8454545454545455 59 1
Communication round: 96, Aggregated Accuracies: 0.8183333333333332 60
Communication round: 96, Eavesdropper Accuracy: 0.8181818181818182 60 1
Communication round: 97, Aggregated Accuracies: 0.833095238095238 61
Communication round: 97, Eavesdropper Accuracy: 0.865909090909091 61 1
Communication round: 98, Eavesdropper Accuracy: 0.8477272727272728 61 0
Communication round: 99, Eavesdropper Accuracy: 0.8454545454545455 61 0
----------------------------------------------------------------------------------------------------
----------------------------------------------------------------------------------------------------
50_30_100_0.1_8_0.8_False_
----------------------------------------------------------------------------------------------------
Communication round: 0, Eavesdropper Accuracy: 0.05909090909090909 1 1
Communication round: 1, Smart Eavesdropper Accuracy: 0.06363636363636363 1 0
Communication round: 2, Smart Eavesdropper Accuracy: 0.11818181818181818 1 0
Communication round: 3, Smart Eavesdropper Accuracy: 0.10454545454545454 1 0
Communication round: 4, Smart Eavesdropper Accuracy: 0.14545454545454545 1 0
Communication round: 5, Smart Eavesdropper Accuracy: 0.21818181818181817 1 0
Communication round: 6, Smart Eavesdropper Accuracy: 0.20454545454545456 1 0
Communication round: 7, Smart Eavesdropper Accuracy: 0.33181818181818185 2 1
Communication round: 8, Smart Eavesdropper Accuracy: 0.2431818181818182 3 1
Communication round: 9, Smart Eavesdropper Accuracy: 0.3931818181818182 4 1
Communication round: 10, Smart Eavesdropper Accuracy: 0.4318181818181818 5 1
Communication round: 11, Aggregated Accuracies: 0.0761904761904762 6
Communication round: 11, Smart Eavesdropper Accuracy: 0.39545454545454545 6 1
Communication round: 12, Eavesdropper Accuracy: 0.08636363636363636 7 1
Communication round: 13, Eavesdropper Accuracy: 0.0659090909090909 8 1
Communication round: 14, Aggregated Accuracies: 0.09964285714285717 9
Communication round: 14, Eavesdropper Accuracy: 0.11818181818181818 9 1
Communication round: 15, Aggregated Accuracies: 0.1507142857142857 10
Communication round: 15, Eavesdropper Accuracy: 0.16818181818181818 10 1
Communication round: 16, Aggregated Accuracies: 0.19321428571428573 11
Communication round: 16, Eavesdropper Accuracy: 0.20909090909090908 11 1
Communication round: 17, Aggregated Accuracies: 0.2447619047619047 12
Communication round: 17, Eavesdropper Accuracy: 0.275 12 1
Communication round: 18, Eavesdropper Accuracy: 0.26136363636363635 13 1
Communication round: 19, Eavesdropper Accuracy: 0.2840909090909091 14 1
Communication round: 20, Eavesdropper Accuracy: 0.2636363636363636 15 1
Communication round: 21, Eavesdropper Accuracy: 0.275 16 1
Communication round: 22, Eavesdropper Accuracy: 0.2772727272727273 17 1
Communication round: 23, Eavesdropper Accuracy: 0.2727272727272727 18 1
Communication round: 24, Eavesdropper Accuracy: 0.26136363636363635 19 1
Communication round: 25, Eavesdropper Accuracy: 0.275 20 1
Communication round: 26, Eavesdropper Accuracy: 0.29318181818181815 21 1
Communication round: 27, Eavesdropper Accuracy: 0.2909090909090909 22 1
Communication round: 28, Eavesdropper Accuracy: 0.29318181818181815 23 1
Communication round: 29, Eavesdropper Accuracy: 0.26590909090909093 24 1
Communication round: 30, Eavesdropper Accuracy: 0.2772727272727273 25 1
Communication round: 31, Aggregated Accuracies: 0.30214285714285716 26
Communication round: 31, Eavesdropper Accuracy: 0.3386363636363636 26 1
Communication round: 32, Aggregated Accuracies: 0.35404761904761906 27
Communication round: 32, Eavesdropper Accuracy: 0.3795454545454545 27 1
Communication round: 33, Aggregated Accuracies: 0.41166666666666674 28
Communication round: 33, Eavesdropper Accuracy: 0.44545454545454544 28 1
Communication round: 34, Aggregated Accuracies: 0.46976190476190477 29
Communication round: 34, Eavesdropper Accuracy: 0.4909090909090909 29 1
Communication round: 35, Aggregated Accuracies: 0.5142857142857143 30
Communication round: 35, Eavesdropper Accuracy: 0.5363636363636364 30 1
Communication round: 36, Aggregated Accuracies: 0.564047619047619 31
Communication round: 36, Eavesdropper Accuracy: 0.5590909090909091 31 1
Communication round: 37, Aggregated Accuracies: 0.5964285714285714 32
Communication round: 37, Eavesdropper Accuracy: 0.5886363636363636 32 1
Communication round: 38, Aggregated Accuracies: 0.625952380952381 33
Communication round: 38, Eavesdropper Accuracy: 0.6318181818181818 33 1
Communication round: 39, Eavesdropper Accuracy: 0.6477272727272727 33 0
Communication round: 40, Eavesdropper Accuracy: 0.6272727272727273 33 0
Communication round: 41, Eavesdropper Accuracy: 0.6727272727272727 33 0
Communication round: 42, Eavesdropper Accuracy: 0.6181818181818182 33 0
Communication round: 43, Aggregated Accuracies: 0.6529761904761904 34
Communication round: 43, Eavesdropper Accuracy: 0.6477272727272727 34 1
Communication round: 44, Aggregated Accuracies: 0.6683333333333333 35
Communication round: 44, Eavesdropper Accuracy: 0.6681818181818182 35 1
Communication round: 45, Aggregated Accuracies: 0.6926190476190476 36
Communication round: 45, Eavesdropper Accuracy: 0.7386363636363636 36 1
Communication round: 46, Aggregated Accuracies: 0.7161904761904762 37
Communication round: 46, Eavesdropper Accuracy: 0.7318181818181818 37 1
Communication round: 47, Aggregated Accuracies: 0.7277380952380952 38
Communication round: 47, Eavesdropper Accuracy: 0.7613636363636364 38 1
Communication round: 48, Aggregated Accuracies: 0.75 39
Communication round: 48, Eavesdropper Accuracy: 0.7840909090909091 39 1
Communication round: 49, Aggregated Accuracies: 0.7688095238095239 40
Communication round: 49, Eavesdropper Accuracy: 0.8136363636363636 40 1
Communication round: 50, Aggregated Accuracies: 0.7827380952380952 41
Communication round: 50, Eavesdropper Accuracy: 0.7931818181818182 41 1
Communication round: 51, Aggregated Accuracies: 0.7909523809523812 42
Communication round: 51, Eavesdropper Accuracy: 0.8045454545454546 42 1
Communication round: 52, Aggregated Accuracies: 0.8034523809523809 43
Communication round: 52, Eavesdropper Accuracy: 0.8568181818181818 43 1
Communication round: 53, Aggregated Accuracies: 0.8134523809523809 44
Communication round: 53, Eavesdropper Accuracy: 0.8454545454545455 44 1
Communication round: 54, Aggregated Accuracies: 0.8201190476190477 45
Communication round: 54, Eavesdropper Accuracy: 0.8545454545454545 45 1
Communication round: 55, Aggregated Accuracies: 0.83 46
Communication round: 55, Eavesdropper Accuracy: 0.8568181818181818 46 1
Communication round: 56, Aggregated Accuracies: 0.832261904761905 47
Communication round: 56, Eavesdropper Accuracy: 0.8318181818181818 47 1
Communication round: 57, Aggregated Accuracies: 0.840119047619048 48
Communication round: 57, Eavesdropper Accuracy: 0.8681818181818182 48 1
Communication round: 58, Aggregated Accuracies: 0.8459523809523808 49
Communication round: 58, Eavesdropper Accuracy: 0.875 49 1
Communication round: 59, Eavesdropper Accuracy: 0.8909090909090909 49 0
Communication round: 60, Eavesdropper Accuracy: 0.8772727272727273 49 0
Communication round: 61, Eavesdropper Accuracy: 0.8863636363636364 49 0
Communication round: 62, Eavesdropper Accuracy: 0.85 49 0
Communication round: 63, Eavesdropper Accuracy: 0.8886363636363637 49 0
Communication round: 64, Eavesdropper Accuracy: 0.8431818181818181 49 0
Communication round: 65, Eavesdropper Accuracy: 0.884090909090909 49 0
Communication round: 66, Eavesdropper Accuracy: 0.8704545454545455 49 0
Communication round: 67, Eavesdropper Accuracy: 0.8727272727272727 49 0
Communication round: 68, Eavesdropper Accuracy: 0.8522727272727273 49 0
Communication round: 69, Eavesdropper Accuracy: 0.8590909090909091 49 0
Communication round: 70, Eavesdropper Accuracy: 0.8454545454545455 49 0
Communication round: 71, Eavesdropper Accuracy: 0.8681818181818182 49 0
Communication round: 72, Eavesdropper Accuracy: 0.8772727272727273 49 0
Communication round: 73, Eavesdropper Accuracy: 0.8818181818181818 49 0
Communication round: 74, Eavesdropper Accuracy: 0.8613636363636363 49 0
Communication round: 75, Eavesdropper Accuracy: 0.875 49 0
Communication round: 76, Eavesdropper Accuracy: 0.8681818181818182 49 0
Communication round: 77, Eavesdropper Accuracy: 0.8636363636363636 49 0
Communication round: 78, Eavesdropper Accuracy: 0.85 49 0
Communication round: 79, Eavesdropper Accuracy: 0.8863636363636364 49 0
Communication round: 80, Eavesdropper Accuracy: 0.8818181818181818 49 0
Communication round: 81, Eavesdropper Accuracy: 0.865909090909091 49 0
Communication round: 82, Eavesdropper Accuracy: 0.8818181818181818 49 0
Communication round: 83, Eavesdropper Accuracy: 0.8681818181818182 49 0
Communication round: 84, Eavesdropper Accuracy: 0.8545454545454545 49 0
Communication round: 85, Eavesdropper Accuracy: 0.8613636363636363 49 0
Communication round: 86, Eavesdropper Accuracy: 0.8590909090909091 49 0
Communication round: 87, Eavesdropper Accuracy: 0.875 49 0
Communication round: 88, Eavesdropper Accuracy: 0.8704545454545455 49 0
Communication round: 89, Eavesdropper Accuracy: 0.8795454545454545 49 0
Communication round: 90, Eavesdropper Accuracy: 0.8795454545454545 49 0
Communication round: 91, Eavesdropper Accuracy: 0.875 49 0
Communication round: 92, Eavesdropper Accuracy: 0.8795454545454545 49 0
Communication round: 93, Eavesdropper Accuracy: 0.865909090909091 49 0
Communication round: 94, Eavesdropper Accuracy: 0.865909090909091 49 0
Communication round: 95, Eavesdropper Accuracy: 0.875 49 0
Communication round: 96, Eavesdropper Accuracy: 0.8704545454545455 49 0
Communication round: 97, Smart Eavesdropper Accuracy: 0.8704545454545455 49 0
Communication round: 98, Smart Eavesdropper Accuracy: 0.8681818181818182 49 0
Communication round: 99, Smart Eavesdropper Accuracy: 0.865909090909091 49 0
----------------------------------------------------------------------------------------------------
