----------------------------------------------------------------------------------------------------
P0_True_
----------------------------------------------------------------------------------------------------
Communication round: 0, Eavesdropper Accuracy: 0.08636363636363636 1 1
Communication round: 1, Eavesdropper Accuracy: 0.07272727272727272 2 1
Communication round: 2, Aggregated Accuracies: 0.12547619047619046 3
Communication round: 2, Eavesdropper Accuracy: 0.15 3 1
Communication round: 3, Aggregated Accuracies: 0.1503571428571429 4
Communication round: 3, Eavesdropper Accuracy: 0.15 4 1
Communication round: 4, Aggregated Accuracies: 0.17714285714285724 5
Communication round: 4, Eavesdropper Accuracy: 0.15 5 1
Communication round: 5, Aggregated Accuracies: 0.1989285714285715 6
Communication round: 5, Eavesdropper Accuracy: 0.18409090909090908 6 1
Communication round: 6, Aggregated Accuracies: 0.21488095238095237 7
Communication round: 6, Eavesdropper Accuracy: 0.2 7 1
Communication round: 7, Eavesdropper Accuracy: 0.22727272727272727 8 1
Communication round: 8, Eavesdropper Accuracy: 0.2159090909090909 9 1
Communication round: 9, Eavesdropper Accuracy: 0.22045454545454546 10 1
Communication round: 10, Eavesdropper Accuracy: 0.19772727272727272 11 1
Communication round: 11, Eavesdropper Accuracy: 0.2159090909090909 12 1
Communication round: 12, Eavesdropper Accuracy: 0.21818181818181817 13 1
Communication round: 13, Eavesdropper Accuracy: 0.2 14 1
Communication round: 14, Eavesdropper Accuracy: 0.20681818181818182 15 1
Communication round: 15, Eavesdropper Accuracy: 0.22272727272727272 16 1
Communication round: 16, Eavesdropper Accuracy: 0.19772727272727272 17 1
Communication round: 17, Eavesdropper Accuracy: 0.19772727272727272 18 1
Communication round: 18, Eavesdropper Accuracy: 0.20454545454545456 19 1
Communication round: 19, Eavesdropper Accuracy: 0.22727272727272727 20 1
Communication round: 20, Eavesdropper Accuracy: 0.22045454545454546 21 1
Communication round: 21, Eavesdropper Accuracy: 0.20909090909090908 22 1
Communication round: 22, Aggregated Accuracies: 0.22702380952380946 23
Communication round: 22, Eavesdropper Accuracy: 0.20227272727272727 23 1
Communication round: 23, Eavesdropper Accuracy: 0.2 24 1
Communication round: 24, Eavesdropper Accuracy: 0.2409090909090909 25 1
Communication round: 25, Eavesdropper Accuracy: 0.2159090909090909 26 1
Communication round: 26, Eavesdropper Accuracy: 0.21136363636363636 27 1
Communication round: 27, Eavesdropper Accuracy: 0.225 28 1
Communication round: 28, Eavesdropper Accuracy: 0.20681818181818182 29 1
Communication round: 29, Eavesdropper Accuracy: 0.20909090909090908 30 1
Communication round: 30, Eavesdropper Accuracy: 0.21363636363636362 31 1
Communication round: 31, Eavesdropper Accuracy: 0.19772727272727272 32 1
Communication round: 32, Aggregated Accuracies: 0.24702380952380945 33
Communication round: 32, Eavesdropper Accuracy: 0.22045454545454546 33 1
Communication round: 33, Eavesdropper Accuracy: 0.22045454545454546 34 1
Communication round: 34, Eavesdropper Accuracy: 0.23863636363636365 35 1
Communication round: 35, Eavesdropper Accuracy: 0.24772727272727274 36 1
Communication round: 36, Aggregated Accuracies: 0.2570238095238095 37
Communication round: 36, Eavesdropper Accuracy: 0.2340909090909091 37 1
Communication round: 37, Aggregated Accuracies: 0.2580952380952381 38
Communication round: 37, Eavesdropper Accuracy: 0.23863636363636365 38 1
Communication round: 38, Aggregated Accuracies: 0.26845238095238094 39
Communication round: 38, Eavesdropper Accuracy: 0.26590909090909093 39 1
Communication round: 39, Aggregated Accuracies: 0.280595238095238 40
Communication round: 39, Eavesdropper Accuracy: 0.24772727272727274 40 1
Communication round: 40, Aggregated Accuracies: 0.2847619047619048 41
Communication round: 40, Eavesdropper Accuracy: 0.27045454545454545 41 1
Communication round: 41, Aggregated Accuracies: 0.2897619047619049 42
Communication round: 41, Eavesdropper Accuracy: 0.2818181818181818 42 1
Communication round: 42, Aggregated Accuracies: 0.3023809523809525 43
Communication round: 42, Eavesdropper Accuracy: 0.32045454545454544 43 1
Communication round: 43, Aggregated Accuracies: 0.3042857142857144 44
Communication round: 43, Eavesdropper Accuracy: 0.3181818181818182 44 1
Communication round: 44, Aggregated Accuracies: 0.3109523809523811 45
Communication round: 44, Eavesdropper Accuracy: 0.29772727272727273 45 1
Communication round: 45, Aggregated Accuracies: 0.31750000000000017 46
Communication round: 45, Eavesdropper Accuracy: 0.325 46 1
Communication round: 46, Eavesdropper Accuracy: 0.3068181818181818 47 1
Communication round: 47, Eavesdropper Accuracy: 0.30227272727272725 48 1
Communication round: 48, Eavesdropper Accuracy: 0.30454545454545456 49 1
Communication round: 49, Eavesdropper Accuracy: 0.3477272727272727 50 1
Communication round: 50, Eavesdropper Accuracy: 0.29318181818181815 51 1
Communication round: 51, Eavesdropper Accuracy: 0.33636363636363636 52 1
Communication round: 52, Eavesdropper Accuracy: 0.33636363636363636 53 1
Communication round: 53, Eavesdropper Accuracy: 0.32954545454545453 54 1
Communication round: 54, Eavesdropper Accuracy: 0.32272727272727275 55 1
Communication round: 55, Eavesdropper Accuracy: 0.32272727272727275 56 1
Communication round: 56, Eavesdropper Accuracy: 0.3477272727272727 57 1
Communication round: 57, Eavesdropper Accuracy: 0.28863636363636364 58 1
Communication round: 58, Eavesdropper Accuracy: 0.30454545454545456 59 1
Communication round: 59, Eavesdropper Accuracy: 0.3068181818181818 60 1
Communication round: 60, Eavesdropper Accuracy: 0.32954545454545453 61 1
Communication round: 61, Eavesdropper Accuracy: 0.32954545454545453 62 1
Communication round: 62, Eavesdropper Accuracy: 0.29772727272727273 63 1
Communication round: 63, Eavesdropper Accuracy: 0.2909090909090909 64 1
Communication round: 64, Eavesdropper Accuracy: 0.33181818181818185 65 1
Communication round: 65, Eavesdropper Accuracy: 0.30227272727272725 66 1
Communication round: 66, Eavesdropper Accuracy: 0.32272727272727275 67 1
Communication round: 67, Aggregated Accuracies: 0.31976190476190497 68
Communication round: 67, Eavesdropper Accuracy: 0.30454545454545456 68 1
Communication round: 68, Aggregated Accuracies: 0.32750000000000024 69
Communication round: 68, Eavesdropper Accuracy: 0.31136363636363634 69 1
Communication round: 69, Aggregated Accuracies: 0.33416666666666683 70
Communication round: 69, Eavesdropper Accuracy: 0.325 70 1
Communication round: 70, Eavesdropper Accuracy: 0.31136363636363634 71 1
Communication round: 71, Eavesdropper Accuracy: 0.3340909090909091 72 1
Communication round: 72, Eavesdropper Accuracy: 0.31363636363636366 73 1
Communication round: 73, Eavesdropper Accuracy: 0.29545454545454547 74 1
Communication round: 74, Eavesdropper Accuracy: 0.30227272727272725 75 1
Communication round: 75, Eavesdropper Accuracy: 0.325 76 1
Communication round: 76, Eavesdropper Accuracy: 0.28863636363636364 77 1
Communication round: 77, Eavesdropper Accuracy: 0.3386363636363636 78 1
Communication round: 78, Eavesdropper Accuracy: 0.32727272727272727 79 1
Communication round: 79, Eavesdropper Accuracy: 0.3613636363636364 80 1
Communication round: 80, Eavesdropper Accuracy: 0.35 81 1
Communication round: 81, Aggregated Accuracies: 0.3408333333333335 82
Communication round: 81, Eavesdropper Accuracy: 0.3159090909090909 82 1
Communication round: 82, Eavesdropper Accuracy: 0.3431818181818182 83 1
Communication round: 83, Eavesdropper Accuracy: 0.3704545454545455 84 1
Communication round: 84, Eavesdropper Accuracy: 0.3409090909090909 85 1
Communication round: 85, Eavesdropper Accuracy: 0.35 86 1
Communication round: 86, Eavesdropper Accuracy: 0.32727272727272727 87 1
Communication round: 87, Eavesdropper Accuracy: 0.3568181818181818 88 1
Communication round: 88, Eavesdropper Accuracy: 0.3340909090909091 89 1
Communication round: 89, Eavesdropper Accuracy: 0.31136363636363634 90 1
Communication round: 90, Eavesdropper Accuracy: 0.32954545454545453 91 1
Communication round: 91, Eavesdropper Accuracy: 0.30454545454545456 92 1
Communication round: 92, Eavesdropper Accuracy: 0.3340909090909091 93 1
Communication round: 93, Eavesdropper Accuracy: 0.3159090909090909 94 1
Communication round: 94, Eavesdropper Accuracy: 0.35 95 1
Communication round: 95, Eavesdropper Accuracy: 0.32954545454545453 96 1
Communication round: 96, Eavesdropper Accuracy: 0.35454545454545455 97 1
Communication round: 97, Eavesdropper Accuracy: 0.3477272727272727 98 1
Communication round: 98, Eavesdropper Accuracy: 0.3613636363636364 99 1
Communication round: 99, Eavesdropper Accuracy: 0.3659090909090909 100 1
----------------------------------------------------------------------------------------------------
----------------------------------------------------------------------------------------------------
P0_True_
----------------------------------------------------------------------------------------------------
Communication round: 0, Eavesdropper Accuracy: 0.12727272727272726 1 1
Communication round: 1, Eavesdropper Accuracy: 0.12727272727272726 2 1
Communication round: 2, Eavesdropper Accuracy: 0.12272727272727273 3 1
Communication round: 3, Eavesdropper Accuracy: 0.12727272727272726 4 1
Communication round: 4, Eavesdropper Accuracy: 0.10909090909090909 5 1
Communication round: 5, Eavesdropper Accuracy: 0.12954545454545455 6 1
Communication round: 6, Eavesdropper Accuracy: 0.12045454545454545 7 1
Communication round: 7, Eavesdropper Accuracy: 0.12272727272727273 8 1
Communication round: 8, Eavesdropper Accuracy: 0.12045454545454545 9 1
Communication round: 9, Eavesdropper Accuracy: 0.1340909090909091 10 1
Communication round: 10, Eavesdropper Accuracy: 0.1340909090909091 11 1
Communication round: 11, Eavesdropper Accuracy: 0.11818181818181818 12 1
Communication round: 12, Eavesdropper Accuracy: 0.10227272727272728 13 1
Communication round: 13, Eavesdropper Accuracy: 0.11818181818181818 14 1
Communication round: 14, Eavesdropper Accuracy: 0.12954545454545455 15 1
Communication round: 15, Eavesdropper Accuracy: 0.12045454545454545 16 1
Communication round: 16, Eavesdropper Accuracy: 0.13863636363636364 17 1
Communication round: 17, Eavesdropper Accuracy: 0.12954545454545455 18 1
Communication round: 18, Eavesdropper Accuracy: 0.12727272727272726 19 1
Communication round: 19, Eavesdropper Accuracy: 0.12727272727272726 20 1
Communication round: 20, Aggregated Accuracies: 0.15345238095238103 21
Communication round: 20, Eavesdropper Accuracy: 0.17954545454545454 21 1
Communication round: 21, Eavesdropper Accuracy: 0.13863636363636364 22 1
Communication round: 22, Eavesdropper Accuracy: 0.19318181818181818 23 1
Communication round: 23, Eavesdropper Accuracy: 0.1590909090909091 24 1
Communication round: 24, Eavesdropper Accuracy: 0.18409090909090908 25 1
Communication round: 25, Eavesdropper Accuracy: 0.22045454545454546 26 1
Communication round: 26, Eavesdropper Accuracy: 0.17272727272727273 27 1
Communication round: 27, Eavesdropper Accuracy: 0.18409090909090908 28 1
Communication round: 28, Eavesdropper Accuracy: 0.17727272727272728 29 1
Communication round: 29, Aggregated Accuracies: 0.20261904761904764 30
Communication round: 29, Eavesdropper Accuracy: 0.21136363636363636 30 1
Communication round: 30, Aggregated Accuracies: 0.24654761904761896 31
Communication round: 30, Eavesdropper Accuracy: 0.26590909090909093 31 1
Communication round: 31, Aggregated Accuracies: 0.2658333333333333 32
Communication round: 31, Eavesdropper Accuracy: 0.27954545454545454 32 1
Communication round: 32, Aggregated Accuracies: 0.2879761904761906 33
Communication round: 32, Eavesdropper Accuracy: 0.3659090909090909 33 1
Communication round: 33, Aggregated Accuracies: 0.2975000000000001 34
Communication round: 33, Eavesdropper Accuracy: 0.3340909090909091 34 1
Communication round: 34, Eavesdropper Accuracy: 0.35454545454545455 35 1
Communication round: 35, Eavesdropper Accuracy: 0.32272727272727275 36 1
Communication round: 36, Eavesdropper Accuracy: 0.3386363636363636 37 1
Communication round: 37, Eavesdropper Accuracy: 0.32727272727272727 38 1
Communication round: 38, Eavesdropper Accuracy: 0.29772727272727273 39 1
Communication round: 39, Eavesdropper Accuracy: 0.3 40 1
Communication round: 40, Eavesdropper Accuracy: 0.33636363636363636 41 1
Communication round: 41, Eavesdropper Accuracy: 0.32727272727272727 42 1
Communication round: 42, Eavesdropper Accuracy: 0.35 43 1
Communication round: 43, Eavesdropper Accuracy: 0.33636363636363636 44 1
Communication round: 44, Eavesdropper Accuracy: 0.3181818181818182 45 1
Communication round: 45, Eavesdropper Accuracy: 0.31363636363636366 46 1
Communication round: 46, Eavesdropper Accuracy: 0.3181818181818182 47 1
Communication round: 47, Eavesdropper Accuracy: 0.32727272727272727 48 1
Communication round: 48, Eavesdropper Accuracy: 0.32272727272727275 49 1
Communication round: 49, Eavesdropper Accuracy: 0.325 50 1
Communication round: 50, Eavesdropper Accuracy: 0.32045454545454544 51 1
Communication round: 51, Eavesdropper Accuracy: 0.33636363636363636 52 1
Communication round: 52, Aggregated Accuracies: 0.30035714285714304 53
Communication round: 52, Eavesdropper Accuracy: 0.29772727272727273 53 1
Communication round: 53, Aggregated Accuracies: 0.30404761904761923 54
Communication round: 53, Eavesdropper Accuracy: 0.32954545454545453 54 1
Communication round: 54, Aggregated Accuracies: 0.31142857142857155 55
Communication round: 54, Eavesdropper Accuracy: 0.36363636363636365 55 1
Communication round: 55, Aggregated Accuracies: 0.3138095238095239 56
Communication round: 55, Eavesdropper Accuracy: 0.3568181818181818 56 1
Communication round: 56, Aggregated Accuracies: 0.3147619047619049 57
Communication round: 56, Eavesdropper Accuracy: 0.3340909090909091 57 1
Communication round: 57, Aggregated Accuracies: 0.3138095238095239 58
Communication round: 57, Eavesdropper Accuracy: 0.3386363636363636 58 1
Communication round: 58, Aggregated Accuracies: 0.31654761904761913 59
Communication round: 58, Eavesdropper Accuracy: 0.3431818181818182 59 1
Communication round: 59, Eavesdropper Accuracy: 0.30454545454545456 60 1
Communication round: 60, Eavesdropper Accuracy: 0.36363636363636365 61 1
Communication round: 61, Eavesdropper Accuracy: 0.3431818181818182 62 1
Communication round: 62, Eavesdropper Accuracy: 0.35454545454545455 63 1
Communication round: 63, Eavesdropper Accuracy: 0.3704545454545455 64 1
Communication round: 64, Eavesdropper Accuracy: 0.35909090909090907 65 1
Communication round: 65, Eavesdropper Accuracy: 0.3522727272727273 66 1
Communication round: 66, Eavesdropper Accuracy: 0.3431818181818182 67 1
Communication round: 67, Eavesdropper Accuracy: 0.3613636363636364 68 1
Communication round: 68, Eavesdropper Accuracy: 0.35454545454545455 69 1
Communication round: 69, Eavesdropper Accuracy: 0.3431818181818182 70 1
Communication round: 70, Eavesdropper Accuracy: 0.3181818181818182 71 1
Communication round: 71, Eavesdropper Accuracy: 0.33181818181818185 72 1
Communication round: 72, Eavesdropper Accuracy: 0.3522727272727273 73 1
Communication round: 73, Eavesdropper Accuracy: 0.35909090909090907 74 1
Communication round: 74, Eavesdropper Accuracy: 0.37272727272727274 75 1
Communication round: 75, Eavesdropper Accuracy: 0.3568181818181818 76 1
Communication round: 76, Eavesdropper Accuracy: 0.36818181818181817 77 1
Communication round: 77, Aggregated Accuracies: 0.31523809523809543 78
Communication round: 77, Eavesdropper Accuracy: 0.35909090909090907 78 1
Communication round: 78, Aggregated Accuracies: 0.3185714285714287 79
Communication round: 78, Eavesdropper Accuracy: 0.3704545454545455 79 1
Communication round: 79, Aggregated Accuracies: 0.32345238095238116 80
Communication round: 79, Eavesdropper Accuracy: 0.4 80 1
Communication round: 80, Aggregated Accuracies: 0.3222619047619049 81
Communication round: 80, Eavesdropper Accuracy: 0.3477272727272727 81 1
Communication round: 81, Aggregated Accuracies: 0.3266666666666668 82
Communication round: 81, Eavesdropper Accuracy: 0.34545454545454546 82 1
Communication round: 82, Aggregated Accuracies: 0.32666666666666677 83
Communication round: 82, Eavesdropper Accuracy: 0.33636363636363636 83 1
Communication round: 83, Aggregated Accuracies: 0.33071428571428585 84
Communication round: 83, Eavesdropper Accuracy: 0.35 84 1
Communication round: 84, Aggregated Accuracies: 0.3326190476190478 85
Communication round: 84, Eavesdropper Accuracy: 0.3659090909090909 85 1
Communication round: 85, Aggregated Accuracies: 0.33714285714285736 86
Communication round: 85, Eavesdropper Accuracy: 0.3522727272727273 86 1
Communication round: 86, Aggregated Accuracies: 0.3392857142857145 87
Communication round: 86, Eavesdropper Accuracy: 0.37272727272727274 87 1
Communication round: 87, Aggregated Accuracies: 0.3375000000000002 88
Communication round: 87, Eavesdropper Accuracy: 0.3886363636363636 88 1
Communication round: 88, Aggregated Accuracies: 0.34273809523809545 89
Communication round: 88, Eavesdropper Accuracy: 0.39090909090909093 89 1
Communication round: 89, Eavesdropper Accuracy: 0.35454545454545455 90 1
Communication round: 90, Eavesdropper Accuracy: 0.3659090909090909 91 1
Communication round: 91, Eavesdropper Accuracy: 0.4 92 1
Communication round: 92, Eavesdropper Accuracy: 0.3840909090909091 93 1
Communication round: 93, Eavesdropper Accuracy: 0.3659090909090909 94 1
Communication round: 94, Eavesdropper Accuracy: 0.3613636363636364 95 1
Communication round: 95, Eavesdropper Accuracy: 0.375 96 1
Communication round: 96, Eavesdropper Accuracy: 0.36818181818181817 97 1
Communication round: 97, Eavesdropper Accuracy: 0.3886363636363636 98 1
Communication round: 98, Eavesdropper Accuracy: 0.36363636363636365 99 1
Communication round: 99, Eavesdropper Accuracy: 0.37727272727272726 100 1
----------------------------------------------------------------------------------------------------
----------------------------------------------------------------------------------------------------
P0_True_
----------------------------------------------------------------------------------------------------
Communication round: 0, Eavesdropper Accuracy: 0.04772727272727273 1 1
Communication round: 1, Eavesdropper Accuracy: 0.04318181818181818 2 1
Communication round: 2, Eavesdropper Accuracy: 0.05 3 1
Communication round: 3, Eavesdropper Accuracy: 0.02727272727272727 4 1
Communication round: 4, Eavesdropper Accuracy: 0.05909090909090909 5 1
Communication round: 5, Eavesdropper Accuracy: 0.05227272727272727 6 1
Communication round: 6, Eavesdropper Accuracy: 0.04318181818181818 7 1
Communication round: 7, Eavesdropper Accuracy: 0.04318181818181818 8 1
Communication round: 8, Eavesdropper Accuracy: 0.04772727272727273 9 1
Communication round: 9, Eavesdropper Accuracy: 0.04090909090909091 10 1
Communication round: 10, Eavesdropper Accuracy: 0.05 11 1
Communication round: 11, Eavesdropper Accuracy: 0.04318181818181818 12 1
Communication round: 12, Eavesdropper Accuracy: 0.04318181818181818 13 1
Communication round: 13, Eavesdropper Accuracy: 0.05 14 1
Communication round: 14, Eavesdropper Accuracy: 0.045454545454545456 15 1
Communication round: 15, Eavesdropper Accuracy: 0.029545454545454545 16 1
Communication round: 16, Eavesdropper Accuracy: 0.056818181818181816 17 1
Communication round: 17, Eavesdropper Accuracy: 0.045454545454545456 18 1
Communication round: 18, Aggregated Accuracies: 0.05345238095238096 19
Communication round: 18, Eavesdropper Accuracy: 0.04090909090909091 19 1
Communication round: 19, Aggregated Accuracies: 0.06547619047619048 20
Communication round: 19, Eavesdropper Accuracy: 0.07045454545454545 20 1
Communication round: 20, Aggregated Accuracies: 0.08357142857142857 21
Communication round: 20, Eavesdropper Accuracy: 0.09318181818181819 21 1
Communication round: 21, Eavesdropper Accuracy: 0.08181818181818182 22 1
Communication round: 22, Aggregated Accuracies: 0.12190476190476193 23
Communication round: 22, Eavesdropper Accuracy: 0.13636363636363635 23 1
Communication round: 23, Eavesdropper Accuracy: 0.12954545454545455 24 1
Communication round: 24, Eavesdropper Accuracy: 0.12272727272727273 25 1
Communication round: 25, Eavesdropper Accuracy: 0.15 26 1
Communication round: 26, Aggregated Accuracies: 0.15416666666666667 27
Communication round: 26, Eavesdropper Accuracy: 0.16136363636363638 27 1
Communication round: 27, Aggregated Accuracies: 0.1963095238095239 28
Communication round: 27, Eavesdropper Accuracy: 0.21136363636363636 28 1
Communication round: 28, Aggregated Accuracies: 0.22595238095238096 29
Communication round: 28, Eavesdropper Accuracy: 0.21818181818181817 29 1
Communication round: 29, Aggregated Accuracies: 0.24797619047619035 30
Communication round: 29, Eavesdropper Accuracy: 0.2431818181818182 30 1
Communication round: 30, Eavesdropper Accuracy: 0.2431818181818182 31 1
Communication round: 31, Eavesdropper Accuracy: 0.22954545454545455 32 1
Communication round: 32, Eavesdropper Accuracy: 0.21136363636363636 33 1
Communication round: 33, Eavesdropper Accuracy: 0.22272727272727272 34 1
Communication round: 34, Eavesdropper Accuracy: 0.22954545454545455 35 1
Communication round: 35, Eavesdropper Accuracy: 0.22954545454545455 36 1
Communication round: 36, Eavesdropper Accuracy: 0.21136363636363636 37 1
Communication round: 37, Eavesdropper Accuracy: 0.22727272727272727 38 1
Communication round: 38, Eavesdropper Accuracy: 0.2340909090909091 39 1
Communication round: 39, Eavesdropper Accuracy: 0.2409090909090909 40 1
Communication round: 40, Eavesdropper Accuracy: 0.22954545454545455 41 1
Communication round: 41, Eavesdropper Accuracy: 0.23863636363636365 42 1
Communication round: 42, Aggregated Accuracies: 0.255 43
Communication round: 42, Eavesdropper Accuracy: 0.2409090909090909 43 1
Communication round: 43, Aggregated Accuracies: 0.2661904761904762 44
Communication round: 43, Eavesdropper Accuracy: 0.2681818181818182 44 1
Communication round: 44, Eavesdropper Accuracy: 0.27045454545454545 45 1
Communication round: 45, Eavesdropper Accuracy: 0.27045454545454545 46 1
Communication round: 46, Eavesdropper Accuracy: 0.26590909090909093 47 1
Communication round: 47, Eavesdropper Accuracy: 0.27045454545454545 48 1
Communication round: 48, Eavesdropper Accuracy: 0.27045454545454545 49 1
Communication round: 49, Eavesdropper Accuracy: 0.2840909090909091 50 1
Communication round: 50, Eavesdropper Accuracy: 0.2727272727272727 51 1
Communication round: 51, Aggregated Accuracies: 0.27023809523809517 52
Communication round: 51, Eavesdropper Accuracy: 0.2772727272727273 52 1
Communication round: 52, Aggregated Accuracies: 0.27261904761904765 53
Communication round: 52, Eavesdropper Accuracy: 0.27954545454545454 53 1
Communication round: 53, Aggregated Accuracies: 0.2733333333333333 54
Communication round: 53, Eavesdropper Accuracy: 0.2772727272727273 54 1
Communication round: 54, Eavesdropper Accuracy: 0.31136363636363634 55 1
Communication round: 55, Eavesdropper Accuracy: 0.29772727272727273 56 1
Communication round: 56, Eavesdropper Accuracy: 0.2681818181818182 57 1
Communication round: 57, Eavesdropper Accuracy: 0.3090909090909091 58 1
Communication round: 58, Eavesdropper Accuracy: 0.29318181818181815 59 1
Communication round: 59, Eavesdropper Accuracy: 0.28863636363636364 60 1
Communication round: 60, Eavesdropper Accuracy: 0.3068181818181818 61 1
Communication round: 61, Eavesdropper Accuracy: 0.27954545454545454 62 1
Communication round: 62, Eavesdropper Accuracy: 0.2681818181818182 63 1
Communication round: 63, Eavesdropper Accuracy: 0.2727272727272727 64 1
Communication round: 64, Eavesdropper Accuracy: 0.2840909090909091 65 1
Communication round: 65, Eavesdropper Accuracy: 0.25681818181818183 66 1
Communication round: 66, Eavesdropper Accuracy: 0.2840909090909091 67 1
Communication round: 67, Eavesdropper Accuracy: 0.2863636363636364 68 1
Communication round: 68, Eavesdropper Accuracy: 0.25681818181818183 69 1
Communication round: 69, Aggregated Accuracies: 0.27690476190476193 70
Communication round: 69, Eavesdropper Accuracy: 0.29545454545454547 70 1
Communication round: 70, Aggregated Accuracies: 0.278452380952381 71
Communication round: 70, Eavesdropper Accuracy: 0.30454545454545456 71 1
Communication round: 71, Eavesdropper Accuracy: 0.27954545454545454 72 1
Communication round: 72, Eavesdropper Accuracy: 0.3 73 1
Communication round: 73, Eavesdropper Accuracy: 0.2727272727272727 74 1
Communication round: 74, Eavesdropper Accuracy: 0.3340909090909091 75 1
Communication round: 75, Eavesdropper Accuracy: 0.29545454545454547 76 1
Communication round: 76, Eavesdropper Accuracy: 0.2818181818181818 77 1
Communication round: 77, Eavesdropper Accuracy: 0.2909090909090909 78 1
Communication round: 78, Eavesdropper Accuracy: 0.2909090909090909 79 1
Communication round: 79, Aggregated Accuracies: 0.28142857142857153 80
Communication round: 79, Eavesdropper Accuracy: 0.3159090909090909 80 1
Communication round: 80, Eavesdropper Accuracy: 0.275 81 1
Communication round: 81, Eavesdropper Accuracy: 0.2863636363636364 82 1
Communication round: 82, Eavesdropper Accuracy: 0.2727272727272727 83 1
Communication round: 83, Aggregated Accuracies: 0.28404761904761916 84
Communication round: 83, Eavesdropper Accuracy: 0.31136363636363634 84 1
Communication round: 84, Aggregated Accuracies: 0.28607142857142864 85
Communication round: 84, Eavesdropper Accuracy: 0.2818181818181818 85 1
Communication round: 85, Eavesdropper Accuracy: 0.2772727272727273 86 1
Communication round: 86, Eavesdropper Accuracy: 0.2909090909090909 87 1
Communication round: 87, Eavesdropper Accuracy: 0.3090909090909091 88 1
Communication round: 88, Eavesdropper Accuracy: 0.30227272727272725 89 1
Communication round: 89, Eavesdropper Accuracy: 0.32954545454545453 90 1
Communication round: 90, Eavesdropper Accuracy: 0.2909090909090909 91 1
Communication round: 91, Eavesdropper Accuracy: 0.2863636363636364 92 1
Communication round: 92, Eavesdropper Accuracy: 0.31363636363636366 93 1
Communication round: 93, Eavesdropper Accuracy: 0.3 94 1
Communication round: 94, Eavesdropper Accuracy: 0.2772727272727273 95 1
Communication round: 95, Eavesdropper Accuracy: 0.3181818181818182 96 1
Communication round: 96, Eavesdropper Accuracy: 0.275 97 1
Communication round: 97, Eavesdropper Accuracy: 0.28863636363636364 98 1
Communication round: 98, Eavesdropper Accuracy: 0.3068181818181818 99 1
Communication round: 99, Eavesdropper Accuracy: 0.2863636363636364 100 1
----------------------------------------------------------------------------------------------------
----------------------------------------------------------------------------------------------------
P0_True_
----------------------------------------------------------------------------------------------------
Communication round: 0, Eavesdropper Accuracy: 0.08863636363636364 1 1
Communication round: 1, Eavesdropper Accuracy: 0.10454545454545454 2 1
Communication round: 2, Eavesdropper Accuracy: 0.10227272727272728 3 1
Communication round: 3, Eavesdropper Accuracy: 0.08863636363636364 4 1
Communication round: 4, Eavesdropper Accuracy: 0.11818181818181818 5 1
Communication round: 5, Eavesdropper Accuracy: 0.13636363636363635 6 1
Communication round: 6, Eavesdropper Accuracy: 0.10454545454545454 7 1
Communication round: 7, Eavesdropper Accuracy: 0.10909090909090909 8 1
Communication round: 8, Eavesdropper Accuracy: 0.12272727272727273 9 1
Communication round: 9, Eavesdropper Accuracy: 0.12045454545454545 10 1
Communication round: 10, Eavesdropper Accuracy: 0.12727272727272726 11 1
Communication round: 11, Eavesdropper Accuracy: 0.12045454545454545 12 1
Communication round: 12, Eavesdropper Accuracy: 0.12727272727272726 13 1
Communication round: 13, Eavesdropper Accuracy: 0.10681818181818181 14 1
Communication round: 14, Eavesdropper Accuracy: 0.10681818181818181 15 1
Communication round: 15, Eavesdropper Accuracy: 0.1340909090909091 16 1
Communication round: 16, Eavesdropper Accuracy: 0.11363636363636363 17 1
Communication round: 17, Aggregated Accuracies: 0.11404761904761904 18
Communication round: 17, Eavesdropper Accuracy: 0.11136363636363636 18 1
Communication round: 18, Aggregated Accuracies: 0.13142857142857142 19
Communication round: 18, Eavesdropper Accuracy: 0.1318181818181818 19 1
Communication round: 19, Aggregated Accuracies: 0.15119047619047624 20
Communication round: 19, Eavesdropper Accuracy: 0.13863636363636364 20 1
Communication round: 20, Eavesdropper Accuracy: 0.12727272727272726 21 1
Communication round: 21, Eavesdropper Accuracy: 0.1590909090909091 22 1
Communication round: 22, Aggregated Accuracies: 0.16857142857142868 23
Communication round: 22, Eavesdropper Accuracy: 0.15454545454545454 23 1
Communication round: 23, Eavesdropper Accuracy: 0.16363636363636364 24 1
Communication round: 24, Eavesdropper Accuracy: 0.17954545454545454 25 1
Communication round: 25, Eavesdropper Accuracy: 0.1590909090909091 26 1
Communication round: 26, Aggregated Accuracies: 0.17964285714285722 27
Communication round: 26, Eavesdropper Accuracy: 0.16136363636363638 27 1
Communication round: 27, Eavesdropper Accuracy: 0.18863636363636363 28 1
Communication round: 28, Eavesdropper Accuracy: 0.16818181818181818 29 1
Communication round: 29, Eavesdropper Accuracy: 0.16363636363636364 30 1
Communication round: 30, Eavesdropper Accuracy: 0.16818181818181818 31 1
Communication round: 31, Eavesdropper Accuracy: 0.19090909090909092 32 1
Communication round: 32, Eavesdropper Accuracy: 0.16590909090909092 33 1
Communication round: 33, Eavesdropper Accuracy: 0.16818181818181818 34 1
Communication round: 34, Eavesdropper Accuracy: 0.2 35 1
Communication round: 35, Eavesdropper Accuracy: 0.14772727272727273 36 1
Communication round: 36, Eavesdropper Accuracy: 0.17954545454545454 37 1
Communication round: 37, Eavesdropper Accuracy: 0.17954545454545454 38 1
Communication round: 38, Eavesdropper Accuracy: 0.16590909090909092 39 1
Communication round: 39, Eavesdropper Accuracy: 0.16818181818181818 40 1
Communication round: 40, Eavesdropper Accuracy: 0.17954545454545454 41 1
Communication round: 41, Eavesdropper Accuracy: 0.17272727272727273 42 1
Communication round: 42, Eavesdropper Accuracy: 0.16363636363636364 43 1
Communication round: 43, Eavesdropper Accuracy: 0.18181818181818182 44 1
Communication round: 44, Eavesdropper Accuracy: 0.21136363636363636 45 1
Communication round: 45, Eavesdropper Accuracy: 0.16136363636363638 46 1
Communication round: 46, Eavesdropper Accuracy: 0.18181818181818182 47 1
Communication round: 47, Eavesdropper Accuracy: 0.175 48 1
Communication round: 48, Eavesdropper Accuracy: 0.19772727272727272 49 1
Communication round: 49, Eavesdropper Accuracy: 0.15454545454545454 50 1
Communication round: 50, Eavesdropper Accuracy: 0.19545454545454546 51 1
Communication round: 51, Eavesdropper Accuracy: 0.16590909090909092 52 1
Communication round: 52, Eavesdropper Accuracy: 0.17727272727272728 53 1
Communication round: 53, Eavesdropper Accuracy: 0.18409090909090908 54 1
Communication round: 54, Eavesdropper Accuracy: 0.17272727272727273 55 1
Communication round: 55, Eavesdropper Accuracy: 0.18863636363636363 56 1
Communication round: 56, Eavesdropper Accuracy: 0.175 57 1
Communication round: 57, Eavesdropper Accuracy: 0.21363636363636362 58 1
Communication round: 58, Eavesdropper Accuracy: 0.16363636363636364 59 1
Communication round: 59, Eavesdropper Accuracy: 0.18636363636363637 60 1
Communication round: 60, Eavesdropper Accuracy: 0.17727272727272728 61 1
Communication round: 61, Eavesdropper Accuracy: 0.20681818181818182 62 1
Communication round: 62, Eavesdropper Accuracy: 0.16363636363636364 63 1
Communication round: 63, Eavesdropper Accuracy: 0.17954545454545454 64 1
Communication round: 64, Eavesdropper Accuracy: 0.19772727272727272 65 1
Communication round: 65, Eavesdropper Accuracy: 0.18636363636363637 66 1
Communication round: 66, Eavesdropper Accuracy: 0.18409090909090908 67 1
Communication round: 67, Eavesdropper Accuracy: 0.175 68 1
Communication round: 68, Eavesdropper Accuracy: 0.19090909090909092 69 1
Communication round: 69, Eavesdropper Accuracy: 0.17727272727272728 70 1
Communication round: 70, Eavesdropper Accuracy: 0.17954545454545454 71 1
Communication round: 71, Eavesdropper Accuracy: 0.19090909090909092 72 1
Communication round: 72, Eavesdropper Accuracy: 0.19545454545454546 73 1
Communication round: 73, Eavesdropper Accuracy: 0.19318181818181818 74 1
Communication round: 74, Eavesdropper Accuracy: 0.16590909090909092 75 1
Communication round: 75, Eavesdropper Accuracy: 0.175 76 1
Communication round: 76, Eavesdropper Accuracy: 0.16818181818181818 77 1
Communication round: 77, Eavesdropper Accuracy: 0.17954545454545454 78 1
Communication round: 78, Eavesdropper Accuracy: 0.15 79 1
Communication round: 79, Eavesdropper Accuracy: 0.18181818181818182 80 1
Communication round: 80, Aggregated Accuracies: 0.18202380952380964 81
Communication round: 80, Eavesdropper Accuracy: 0.18863636363636363 81 1
Communication round: 81, Aggregated Accuracies: 0.1995238095238096 82
Communication round: 81, Eavesdropper Accuracy: 0.19318181818181818 82 1
Communication round: 82, Eavesdropper Accuracy: 0.21818181818181817 83 1
Communication round: 83, Eavesdropper Accuracy: 0.19090909090909092 84 1
Communication round: 84, Eavesdropper Accuracy: 0.20681818181818182 85 1
Communication round: 85, Eavesdropper Accuracy: 0.2 86 1
Communication round: 86, Eavesdropper Accuracy: 0.22045454545454546 87 1
Communication round: 87, Eavesdropper Accuracy: 0.18863636363636363 88 1
Communication round: 88, Eavesdropper Accuracy: 0.20454545454545456 89 1
Communication round: 89, Eavesdropper Accuracy: 0.19090909090909092 90 1
Communication round: 90, Eavesdropper Accuracy: 0.19090909090909092 91 1
Communication round: 91, Eavesdropper Accuracy: 0.19318181818181818 92 1
Communication round: 92, Eavesdropper Accuracy: 0.2159090909090909 93 1
Communication round: 93, Eavesdropper Accuracy: 0.18409090909090908 94 1
Communication round: 94, Eavesdropper Accuracy: 0.19318181818181818 95 1
Communication round: 95, Eavesdropper Accuracy: 0.17272727272727273 96 1
Communication round: 96, Aggregated Accuracies: 0.20059523809523813 97
Communication round: 96, Eavesdropper Accuracy: 0.19090909090909092 97 1
Communication round: 97, Aggregated Accuracies: 0.2130952380952381 98
Communication round: 97, Eavesdropper Accuracy: 0.21136363636363636 98 1
Communication round: 98, Aggregated Accuracies: 0.22619047619047622 99
Communication round: 98, Eavesdropper Accuracy: 0.2409090909090909 99 1
Communication round: 99, Aggregated Accuracies: 0.2352380952380953 100
Communication round: 99, Eavesdropper Accuracy: 0.22272727272727272 100 1
----------------------------------------------------------------------------------------------------
----------------------------------------------------------------------------------------------------
P0_True_
----------------------------------------------------------------------------------------------------
Communication round: 0, Eavesdropper Accuracy: 0.06818181818181818 1 1
Communication round: 1, Eavesdropper Accuracy: 0.08636363636363636 2 1
Communication round: 2, Eavesdropper Accuracy: 0.08636363636363636 3 1
Communication round: 3, Eavesdropper Accuracy: 0.09090909090909091 4 1
Communication round: 4, Eavesdropper Accuracy: 0.08409090909090909 5 1
Communication round: 5, Eavesdropper Accuracy: 0.09772727272727273 6 1
Communication round: 6, Eavesdropper Accuracy: 0.08636363636363636 7 1
Communication round: 7, Aggregated Accuracies: 0.10440476190476192 8
Communication round: 7, Eavesdropper Accuracy: 0.10909090909090909 8 1
Communication round: 8, Eavesdropper Accuracy: 0.11363636363636363 9 1
Communication round: 9, Aggregated Accuracies: 0.10845238095238097 10
Communication round: 9, Eavesdropper Accuracy: 0.09772727272727273 10 1
Communication round: 10, Aggregated Accuracies: 0.10642857142857143 11
Communication round: 10, Eavesdropper Accuracy: 0.10454545454545454 11 1
Communication round: 11, Eavesdropper Accuracy: 0.10227272727272728 12 1
Communication round: 12, Eavesdropper Accuracy: 0.08863636363636364 13 1
Communication round: 13, Aggregated Accuracies: 0.11464285714285713 14
Communication round: 13, Eavesdropper Accuracy: 0.12045454545454545 14 1
Communication round: 14, Aggregated Accuracies: 0.12428571428571429 15
Communication round: 14, Eavesdropper Accuracy: 0.1159090909090909 15 1
Communication round: 15, Aggregated Accuracies: 0.12833333333333335 16
Communication round: 15, Eavesdropper Accuracy: 0.11363636363636363 16 1
Communication round: 16, Eavesdropper Accuracy: 0.12045454545454545 17 1
Communication round: 17, Eavesdropper Accuracy: 0.11136363636363636 18 1
Communication round: 18, Eavesdropper Accuracy: 0.10681818181818181 19 1
Communication round: 19, Eavesdropper Accuracy: 0.1 20 1
Communication round: 20, Eavesdropper Accuracy: 0.10227272727272728 21 1
Communication round: 21, Eavesdropper Accuracy: 0.10909090909090909 22 1
Communication round: 22, Eavesdropper Accuracy: 0.1159090909090909 23 1
Communication round: 23, Eavesdropper Accuracy: 0.10909090909090909 24 1
Communication round: 24, Eavesdropper Accuracy: 0.08863636363636364 25 1
Communication round: 25, Eavesdropper Accuracy: 0.10681818181818181 26 1
Communication round: 26, Eavesdropper Accuracy: 0.09318181818181819 27 1
Communication round: 27, Eavesdropper Accuracy: 0.11136363636363636 28 1
Communication round: 28, Eavesdropper Accuracy: 0.11363636363636363 29 1
Communication round: 29, Eavesdropper Accuracy: 0.11363636363636363 30 1
Communication round: 30, Eavesdropper Accuracy: 0.12045454545454545 31 1
Communication round: 31, Eavesdropper Accuracy: 0.11136363636363636 32 1
Communication round: 32, Eavesdropper Accuracy: 0.125 33 1
Communication round: 33, Eavesdropper Accuracy: 0.11136363636363636 34 1
Communication round: 34, Eavesdropper Accuracy: 0.13636363636363635 35 1
Communication round: 35, Eavesdropper Accuracy: 0.11363636363636363 36 1
Communication round: 36, Eavesdropper Accuracy: 0.08863636363636364 37 1
Communication round: 37, Eavesdropper Accuracy: 0.1 38 1
Communication round: 38, Eavesdropper Accuracy: 0.1159090909090909 39 1
Communication round: 39, Eavesdropper Accuracy: 0.1159090909090909 40 1
Communication round: 40, Eavesdropper Accuracy: 0.12954545454545455 41 1
Communication round: 41, Eavesdropper Accuracy: 0.1318181818181818 42 1
Communication round: 42, Eavesdropper Accuracy: 0.1 43 1
Communication round: 43, Eavesdropper Accuracy: 0.11363636363636363 44 1
Communication round: 44, Eavesdropper Accuracy: 0.1 45 1
Communication round: 45, Eavesdropper Accuracy: 0.1159090909090909 46 1
Communication round: 46, Eavesdropper Accuracy: 0.1 47 1
Communication round: 47, Eavesdropper Accuracy: 0.125 48 1
Communication round: 48, Aggregated Accuracies: 0.1440476190476191 49
Communication round: 48, Eavesdropper Accuracy: 0.12045454545454545 49 1
Communication round: 49, Eavesdropper Accuracy: 0.12954545454545455 50 1
Communication round: 50, Eavesdropper Accuracy: 0.12954545454545455 51 1
Communication round: 51, Eavesdropper Accuracy: 0.1340909090909091 52 1
Communication round: 52, Eavesdropper Accuracy: 0.1409090909090909 53 1
Communication round: 53, Eavesdropper Accuracy: 0.13863636363636364 54 1
Communication round: 54, Eavesdropper Accuracy: 0.09545454545454546 55 1
Communication round: 55, Eavesdropper Accuracy: 0.12272727272727273 56 1
Communication round: 56, Eavesdropper Accuracy: 0.10681818181818181 57 1
Communication round: 57, Eavesdropper Accuracy: 0.1318181818181818 58 1
Communication round: 58, Eavesdropper Accuracy: 0.12272727272727273 59 1
Communication round: 59, Eavesdropper Accuracy: 0.11818181818181818 60 1
Communication round: 60, Eavesdropper Accuracy: 0.10454545454545454 61 1
Communication round: 61, Eavesdropper Accuracy: 0.10681818181818181 62 1
Communication round: 62, Eavesdropper Accuracy: 0.12727272727272726 63 1
Communication round: 63, Eavesdropper Accuracy: 0.11818181818181818 64 1
Communication round: 64, Eavesdropper Accuracy: 0.1 65 1
Communication round: 65, Eavesdropper Accuracy: 0.1340909090909091 66 1
Communication round: 66, Eavesdropper Accuracy: 0.11818181818181818 67 1
Communication round: 67, Eavesdropper Accuracy: 0.12272727272727273 68 1
Communication round: 68, Eavesdropper Accuracy: 0.1318181818181818 69 1
Communication round: 69, Eavesdropper Accuracy: 0.10681818181818181 70 1
Communication round: 70, Eavesdropper Accuracy: 0.10227272727272728 71 1
Communication round: 71, Eavesdropper Accuracy: 0.10227272727272728 72 1
Communication round: 72, Aggregated Accuracies: 0.1564285714285715 73
Communication round: 72, Eavesdropper Accuracy: 0.13636363636363635 73 1
Communication round: 73, Aggregated Accuracies: 0.16392857142857153 74
Communication round: 73, Eavesdropper Accuracy: 0.13636363636363635 74 1
Communication round: 74, Eavesdropper Accuracy: 0.16818181818181818 75 1
Communication round: 75, Eavesdropper Accuracy: 0.1590909090909091 76 1
Communication round: 76, Eavesdropper Accuracy: 0.16136363636363638 77 1
Communication round: 77, Aggregated Accuracies: 0.1692857142857144 78
Communication round: 77, Eavesdropper Accuracy: 0.15681818181818183 78 1
Communication round: 78, Aggregated Accuracies: 0.18035714285714297 79
Communication round: 78, Eavesdropper Accuracy: 0.19090909090909092 79 1
Communication round: 79, Eavesdropper Accuracy: 0.15227272727272728 80 1
Communication round: 80, Eavesdropper Accuracy: 0.17954545454545454 81 1
Communication round: 81, Eavesdropper Accuracy: 0.15227272727272728 82 1
Communication round: 82, Eavesdropper Accuracy: 0.175 83 1
Communication round: 83, Eavesdropper Accuracy: 0.17272727272727273 84 1
Communication round: 84, Eavesdropper Accuracy: 0.16590909090909092 85 1
Communication round: 85, Eavesdropper Accuracy: 0.175 86 1
Communication round: 86, Eavesdropper Accuracy: 0.18863636363636363 87 1
Communication round: 87, Eavesdropper Accuracy: 0.1590909090909091 88 1
Communication round: 88, Eavesdropper Accuracy: 0.17954545454545454 89 1
Communication round: 89, Eavesdropper Accuracy: 0.17272727272727273 90 1
Communication round: 90, Aggregated Accuracies: 0.1891666666666668 91
Communication round: 90, Eavesdropper Accuracy: 0.18409090909090908 91 1
Communication round: 91, Aggregated Accuracies: 0.19654761904761914 92
Communication round: 91, Eavesdropper Accuracy: 0.16818181818181818 92 1
Communication round: 92, Aggregated Accuracies: 0.20547619047619053 93
Communication round: 92, Eavesdropper Accuracy: 0.22045454545454546 93 1
Communication round: 93, Aggregated Accuracies: 0.21595238095238095 94
Communication round: 93, Eavesdropper Accuracy: 0.19545454545454546 94 1
Communication round: 94, Aggregated Accuracies: 0.2208333333333333 95
Communication round: 94, Eavesdropper Accuracy: 0.225 95 1
Communication round: 95, Aggregated Accuracies: 0.22702380952380946 96
Communication round: 95, Eavesdropper Accuracy: 0.21363636363636362 96 1
Communication round: 96, Aggregated Accuracies: 0.2345238095238095 97
Communication round: 96, Eavesdropper Accuracy: 0.20681818181818182 97 1
Communication round: 97, Eavesdropper Accuracy: 0.21363636363636362 98 1
Communication round: 98, Eavesdropper Accuracy: 0.22727272727272727 99 1
Communication round: 99, Eavesdropper Accuracy: 0.22272727272727272 100 1
----------------------------------------------------------------------------------------------------
----------------------------------------------------------------------------------------------------
P0_True_
----------------------------------------------------------------------------------------------------
Communication round: 0, Eavesdropper Accuracy: 0.09772727272727273 1 1
Communication round: 1, Eavesdropper Accuracy: 0.10454545454545454 2 1
Communication round: 2, Aggregated Accuracies: 0.11797619047619043 3
Communication round: 2, Eavesdropper Accuracy: 0.1159090909090909 3 1
Communication round: 3, Eavesdropper Accuracy: 0.11363636363636363 4 1
Communication round: 4, Eavesdropper Accuracy: 0.10454545454545454 5 1
Communication round: 5, Eavesdropper Accuracy: 0.10681818181818181 6 1
Communication round: 6, Aggregated Accuracies: 0.12952380952380954 7
Communication round: 6, Eavesdropper Accuracy: 0.10227272727272728 7 1
Communication round: 7, Eavesdropper Accuracy: 0.11136363636363636 8 1
Communication round: 8, Eavesdropper Accuracy: 0.125 9 1
Communication round: 9, Eavesdropper Accuracy: 0.10454545454545454 10 1
Communication round: 10, Eavesdropper Accuracy: 0.12045454545454545 11 1
Communication round: 11, Eavesdropper Accuracy: 0.12727272727272726 12 1
Communication round: 12, Eavesdropper Accuracy: 0.12727272727272726 13 1
Communication round: 13, Eavesdropper Accuracy: 0.12727272727272726 14 1
Communication round: 14, Eavesdropper Accuracy: 0.125 15 1
Communication round: 15, Eavesdropper Accuracy: 0.1159090909090909 16 1
Communication round: 16, Eavesdropper Accuracy: 0.1409090909090909 17 1
Communication round: 17, Eavesdropper Accuracy: 0.11818181818181818 18 1
Communication round: 18, Eavesdropper Accuracy: 0.11818181818181818 19 1
Communication round: 19, Eavesdropper Accuracy: 0.12727272727272726 20 1
Communication round: 20, Eavesdropper Accuracy: 0.10454545454545454 21 1
Communication round: 21, Eavesdropper Accuracy: 0.12727272727272726 22 1
Communication round: 22, Eavesdropper Accuracy: 0.14772727272727273 23 1
Communication round: 23, Eavesdropper Accuracy: 0.12727272727272726 24 1
Communication round: 24, Eavesdropper Accuracy: 0.12045454545454545 25 1
Communication round: 25, Eavesdropper Accuracy: 0.10909090909090909 26 1
Communication round: 26, Eavesdropper Accuracy: 0.12727272727272726 27 1
Communication round: 27, Eavesdropper Accuracy: 0.13863636363636364 28 1
Communication round: 28, Eavesdropper Accuracy: 0.1318181818181818 29 1
Communication round: 29, Eavesdropper Accuracy: 0.11363636363636363 30 1
Communication round: 30, Eavesdropper Accuracy: 0.09545454545454546 31 1
Communication round: 31, Eavesdropper Accuracy: 0.125 32 1
Communication round: 32, Eavesdropper Accuracy: 0.12272727272727273 33 1
Communication round: 33, Aggregated Accuracies: 0.12845238095238096 34
Communication round: 33, Eavesdropper Accuracy: 0.12954545454545455 34 1
Communication round: 34, Eavesdropper Accuracy: 0.12272727272727273 35 1
Communication round: 35, Eavesdropper Accuracy: 0.1318181818181818 36 1
Communication round: 36, Aggregated Accuracies: 0.15559523809523818 37
Communication round: 36, Eavesdropper Accuracy: 0.13863636363636364 37 1
Communication round: 37, Aggregated Accuracies: 0.17345238095238108 38
Communication round: 37, Eavesdropper Accuracy: 0.175 38 1
Communication round: 38, Aggregated Accuracies: 0.18797619047619052 39
Communication round: 38, Eavesdropper Accuracy: 0.18181818181818182 39 1
Communication round: 39, Eavesdropper Accuracy: 0.17272727272727273 40 1
Communication round: 40, Eavesdropper Accuracy: 0.18181818181818182 41 1
Communication round: 41, Eavesdropper Accuracy: 0.19772727272727272 42 1
Communication round: 42, Eavesdropper Accuracy: 0.19318181818181818 43 1
Communication round: 43, Eavesdropper Accuracy: 0.20681818181818182 44 1
Communication round: 44, Aggregated Accuracies: 0.20285714285714293 45
Communication round: 44, Eavesdropper Accuracy: 0.18181818181818182 45 1
Communication round: 45, Eavesdropper Accuracy: 0.19090909090909092 46 1
Communication round: 46, Eavesdropper Accuracy: 0.17727272727272728 47 1
Communication round: 47, Eavesdropper Accuracy: 0.19318181818181818 48 1
Communication round: 48, Eavesdropper Accuracy: 0.21363636363636362 49 1
Communication round: 49, Eavesdropper Accuracy: 0.18636363636363637 50 1
Communication round: 50, Eavesdropper Accuracy: 0.18409090909090908 51 1
Communication round: 51, Eavesdropper Accuracy: 0.19545454545454546 52 1
Communication round: 52, Eavesdropper Accuracy: 0.19318181818181818 53 1
Communication round: 53, Eavesdropper Accuracy: 0.18863636363636363 54 1
Communication round: 54, Eavesdropper Accuracy: 0.18863636363636363 55 1
Communication round: 55, Eavesdropper Accuracy: 0.19545454545454546 56 1
Communication round: 56, Eavesdropper Accuracy: 0.17727272727272728 57 1
Communication round: 57, Aggregated Accuracies: 0.21345238095238095 58
Communication round: 57, Eavesdropper Accuracy: 0.2431818181818182 58 1
Communication round: 58, Eavesdropper Accuracy: 0.19545454545454546 59 1
Communication round: 59, Eavesdropper Accuracy: 0.22954545454545455 60 1
Communication round: 60, Eavesdropper Accuracy: 0.21136363636363636 61 1
Communication round: 61, Eavesdropper Accuracy: 0.22045454545454546 62 1
Communication round: 62, Eavesdropper Accuracy: 0.20227272727272727 63 1
Communication round: 63, Eavesdropper Accuracy: 0.20681818181818182 64 1
Communication round: 64, Eavesdropper Accuracy: 0.22954545454545455 65 1
Communication round: 65, Eavesdropper Accuracy: 0.2159090909090909 66 1
Communication round: 66, Eavesdropper Accuracy: 0.2159090909090909 67 1
Communication round: 67, Eavesdropper Accuracy: 0.2 68 1
Communication round: 68, Eavesdropper Accuracy: 0.21363636363636362 69 1
Communication round: 69, Aggregated Accuracies: 0.23916666666666667 70
Communication round: 69, Eavesdropper Accuracy: 0.2318181818181818 70 1
Communication round: 70, Aggregated Accuracies: 0.2598809523809524 71
Communication round: 70, Eavesdropper Accuracy: 0.24545454545454545 71 1
Communication round: 71, Eavesdropper Accuracy: 0.2590909090909091 72 1
Communication round: 72, Eavesdropper Accuracy: 0.2409090909090909 73 1
Communication round: 73, Eavesdropper Accuracy: 0.26136363636363635 74 1
Communication round: 74, Eavesdropper Accuracy: 0.26590909090909093 75 1
Communication round: 75, Eavesdropper Accuracy: 0.27045454545454545 76 1
Communication round: 76, Eavesdropper Accuracy: 0.23863636363636365 77 1
Communication round: 77, Eavesdropper Accuracy: 0.2727272727272727 78 1
Communication round: 78, Eavesdropper Accuracy: 0.25681818181818183 79 1
Communication round: 79, Eavesdropper Accuracy: 0.2636363636363636 80 1
Communication round: 80, Eavesdropper Accuracy: 0.23863636363636365 81 1
Communication round: 81, Eavesdropper Accuracy: 0.2545454545454545 82 1
Communication round: 82, Eavesdropper Accuracy: 0.22954545454545455 83 1
Communication round: 83, Eavesdropper Accuracy: 0.23636363636363636 84 1
Communication round: 84, Eavesdropper Accuracy: 0.25227272727272726 85 1
Communication round: 85, Eavesdropper Accuracy: 0.2590909090909091 86 1
Communication round: 86, Eavesdropper Accuracy: 0.22954545454545455 87 1
Communication round: 87, Aggregated Accuracies: 0.26738095238095244 88
Communication round: 87, Eavesdropper Accuracy: 0.25681818181818183 88 1
Communication round: 88, Aggregated Accuracies: 0.2760714285714287 89
Communication round: 88, Eavesdropper Accuracy: 0.2727272727272727 89 1
Communication round: 89, Eavesdropper Accuracy: 0.24772727272727274 90 1
Communication round: 90, Aggregated Accuracies: 0.29333333333333345 91
Communication round: 90, Eavesdropper Accuracy: 0.2840909090909091 91 1
Communication round: 91, Aggregated Accuracies: 0.30154761904761923 92
Communication round: 91, Eavesdropper Accuracy: 0.2863636363636364 92 1
Communication round: 92, Aggregated Accuracies: 0.3079761904761907 93
Communication round: 92, Eavesdropper Accuracy: 0.29545454545454547 93 1
Communication round: 93, Aggregated Accuracies: 0.3171428571428573 94
Communication round: 93, Eavesdropper Accuracy: 0.3090909090909091 94 1
Communication round: 94, Aggregated Accuracies: 0.3226190476190478 95
Communication round: 94, Eavesdropper Accuracy: 0.32272727272727275 95 1
Communication round: 95, Aggregated Accuracies: 0.3214285714285716 96
Communication round: 95, Eavesdropper Accuracy: 0.3386363636363636 96 1
Communication round: 96, Aggregated Accuracies: 0.33261904761904776 97
Communication round: 96, Eavesdropper Accuracy: 0.3431818181818182 97 1
Communication round: 97, Aggregated Accuracies: 0.33547619047619065 98
Communication round: 97, Eavesdropper Accuracy: 0.3568181818181818 98 1
Communication round: 98, Eavesdropper Accuracy: 0.3431818181818182 99 1
Communication round: 99, Eavesdropper Accuracy: 0.3386363636363636 100 1
----------------------------------------------------------------------------------------------------
----------------------------------------------------------------------------------------------------
P0_True_
----------------------------------------------------------------------------------------------------
Communication round: 0, Eavesdropper Accuracy: 0.038636363636363635 1 1
Communication round: 1, Eavesdropper Accuracy: 0.04318181818181818 2 1
Communication round: 2, Aggregated Accuracies: 0.09214285714285718 3
Communication round: 2, Eavesdropper Accuracy: 0.07045454545454545 3 1
Communication round: 3, Eavesdropper Accuracy: 0.07272727272727272 4 1
Communication round: 4, Eavesdropper Accuracy: 0.0659090909090909 5 1
Communication round: 5, Eavesdropper Accuracy: 0.06818181818181818 6 1
Communication round: 6, Eavesdropper Accuracy: 0.07045454545454545 7 1
Communication round: 7, Eavesdropper Accuracy: 0.07954545454545454 8 1
Communication round: 8, Aggregated Accuracies: 0.0969047619047619 9
Communication round: 8, Eavesdropper Accuracy: 0.08409090909090909 9 1
Communication round: 9, Eavesdropper Accuracy: 0.07954545454545454 10 1
Communication round: 10, Eavesdropper Accuracy: 0.07272727272727272 11 1
Communication round: 11, Eavesdropper Accuracy: 0.09090909090909091 12 1
Communication round: 12, Eavesdropper Accuracy: 0.07727272727272727 13 1
Communication round: 13, Eavesdropper Accuracy: 0.08409090909090909 14 1
Communication round: 14, Eavesdropper Accuracy: 0.08636363636363636 15 1
Communication round: 15, Eavesdropper Accuracy: 0.06818181818181818 16 1
Communication round: 16, Eavesdropper Accuracy: 0.07727272727272727 17 1
Communication round: 17, Eavesdropper Accuracy: 0.09545454545454546 18 1
Communication round: 18, Eavesdropper Accuracy: 0.0659090909090909 19 1
Communication round: 19, Eavesdropper Accuracy: 0.07045454545454545 20 1
Communication round: 20, Eavesdropper Accuracy: 0.07272727272727272 21 1
Communication round: 21, Eavesdropper Accuracy: 0.07272727272727272 22 1
Communication round: 22, Eavesdropper Accuracy: 0.07954545454545454 23 1
Communication round: 23, Aggregated Accuracies: 0.1138095238095238 24
Communication round: 23, Eavesdropper Accuracy: 0.06818181818181818 24 1
Communication round: 24, Eavesdropper Accuracy: 0.08636363636363636 25 1
Communication round: 25, Eavesdropper Accuracy: 0.09318181818181819 26 1
Communication round: 26, Eavesdropper Accuracy: 0.11136363636363636 27 1
Communication round: 27, Eavesdropper Accuracy: 0.08181818181818182 28 1
Communication round: 28, Eavesdropper Accuracy: 0.10227272727272728 29 1
Communication round: 29, Eavesdropper Accuracy: 0.08636363636363636 30 1
Communication round: 30, Eavesdropper Accuracy: 0.09772727272727273 31 1
Communication round: 31, Eavesdropper Accuracy: 0.10909090909090909 32 1
Communication round: 32, Eavesdropper Accuracy: 0.10909090909090909 33 1
Communication round: 33, Eavesdropper Accuracy: 0.10681818181818181 34 1
Communication round: 34, Eavesdropper Accuracy: 0.09090909090909091 35 1
Communication round: 35, Eavesdropper Accuracy: 0.10909090909090909 36 1
Communication round: 36, Eavesdropper Accuracy: 0.08409090909090909 37 1
Communication round: 37, Eavesdropper Accuracy: 0.09772727272727273 38 1
Communication round: 38, Eavesdropper Accuracy: 0.08863636363636364 39 1
Communication round: 39, Eavesdropper Accuracy: 0.09318181818181819 40 1
Communication round: 40, Eavesdropper Accuracy: 0.09318181818181819 41 1
Communication round: 41, Eavesdropper Accuracy: 0.08409090909090909 42 1
Communication round: 42, Eavesdropper Accuracy: 0.08863636363636364 43 1
Communication round: 43, Eavesdropper Accuracy: 0.09545454545454546 44 1
Communication round: 44, Eavesdropper Accuracy: 0.09772727272727273 45 1
Communication round: 45, Eavesdropper Accuracy: 0.09090909090909091 46 1
Communication round: 46, Eavesdropper Accuracy: 0.08863636363636364 47 1
Communication round: 47, Eavesdropper Accuracy: 0.07272727272727272 48 1
Communication round: 48, Eavesdropper Accuracy: 0.10227272727272728 49 1
Communication round: 49, Eavesdropper Accuracy: 0.09090909090909091 50 1
Communication round: 50, Eavesdropper Accuracy: 0.10227272727272728 51 1
Communication round: 51, Eavesdropper Accuracy: 0.08409090909090909 52 1
Communication round: 52, Eavesdropper Accuracy: 0.09090909090909091 53 1
Communication round: 53, Eavesdropper Accuracy: 0.08863636363636364 54 1
Communication round: 54, Eavesdropper Accuracy: 0.1 55 1
Communication round: 55, Eavesdropper Accuracy: 0.09318181818181819 56 1
Communication round: 56, Aggregated Accuracies: 0.12226190476190477 57
Communication round: 56, Eavesdropper Accuracy: 0.10454545454545454 57 1
Communication round: 57, Aggregated Accuracies: 0.15821428571428575 58
Communication round: 57, Eavesdropper Accuracy: 0.10454545454545454 58 1
Communication round: 58, Aggregated Accuracies: 0.20178571428571432 59
Communication round: 58, Eavesdropper Accuracy: 0.17954545454545454 59 1
Communication round: 59, Eavesdropper Accuracy: 0.19090909090909092 60 1
Communication round: 60, Aggregated Accuracies: 0.20666666666666672 61
Communication round: 60, Eavesdropper Accuracy: 0.18409090909090908 61 1
Communication round: 61, Eavesdropper Accuracy: 0.21363636363636362 62 1
Communication round: 62, Eavesdropper Accuracy: 0.15227272727272728 63 1
Communication round: 63, Eavesdropper Accuracy: 0.19772727272727272 64 1
Communication round: 64, Eavesdropper Accuracy: 0.17954545454545454 65 1
Communication round: 65, Aggregated Accuracies: 0.22488095238095238 66
Communication round: 65, Eavesdropper Accuracy: 0.19318181818181818 66 1
Communication round: 66, Aggregated Accuracies: 0.24083333333333332 67
Communication round: 66, Eavesdropper Accuracy: 0.22954545454545455 67 1
Communication round: 67, Aggregated Accuracies: 0.24916666666666668 68
Communication round: 67, Eavesdropper Accuracy: 0.25227272727272726 68 1
Communication round: 68, Eavesdropper Accuracy: 0.22954545454545455 69 1
Communication round: 69, Eavesdropper Accuracy: 0.23863636363636365 70 1
Communication round: 70, Eavesdropper Accuracy: 0.22727272727272727 71 1
Communication round: 71, Eavesdropper Accuracy: 0.2409090909090909 72 1
Communication round: 72, Eavesdropper Accuracy: 0.2409090909090909 73 1
Communication round: 73, Eavesdropper Accuracy: 0.2545454545454545 74 1
Communication round: 74, Eavesdropper Accuracy: 0.22045454545454546 75 1
Communication round: 75, Eavesdropper Accuracy: 0.24772727272727274 76 1
Communication round: 76, Eavesdropper Accuracy: 0.25681818181818183 77 1
Communication round: 77, Eavesdropper Accuracy: 0.25681818181818183 78 1
Communication round: 78, Eavesdropper Accuracy: 0.23636363636363636 79 1
Communication round: 79, Eavesdropper Accuracy: 0.22727272727272727 80 1
Communication round: 80, Aggregated Accuracies: 0.255952380952381 81
Communication round: 80, Eavesdropper Accuracy: 0.22954545454545455 81 1
Communication round: 81, Aggregated Accuracies: 0.27369047619047626 82
Communication round: 81, Eavesdropper Accuracy: 0.27045454545454545 82 1
Communication round: 82, Aggregated Accuracies: 0.28333333333333344 83
Communication round: 82, Eavesdropper Accuracy: 0.27045454545454545 83 1
Communication round: 83, Aggregated Accuracies: 0.29214285714285737 84
Communication round: 83, Eavesdropper Accuracy: 0.2840909090909091 84 1
Communication round: 84, Eavesdropper Accuracy: 0.3159090909090909 85 1
Communication round: 85, Eavesdropper Accuracy: 0.275 86 1
Communication round: 86, Eavesdropper Accuracy: 0.2818181818181818 87 1
Communication round: 87, Eavesdropper Accuracy: 0.30227272727272725 88 1
Communication round: 88, Eavesdropper Accuracy: 0.28863636363636364 89 1
Communication round: 89, Aggregated Accuracies: 0.2984523809523811 90
Communication round: 89, Eavesdropper Accuracy: 0.29318181818181815 90 1
Communication round: 90, Eavesdropper Accuracy: 0.3 91 1
Communication round: 91, Eavesdropper Accuracy: 0.2863636363636364 92 1
Communication round: 92, Eavesdropper Accuracy: 0.2840909090909091 93 1
Communication round: 93, Aggregated Accuracies: 0.302857142857143 94
Communication round: 93, Eavesdropper Accuracy: 0.31136363636363634 94 1
Communication round: 94, Eavesdropper Accuracy: 0.2818181818181818 95 1
Communication round: 95, Eavesdropper Accuracy: 0.29545454545454547 96 1
Communication round: 96, Eavesdropper Accuracy: 0.29545454545454547 97 1
Communication round: 97, Eavesdropper Accuracy: 0.2772727272727273 98 1
Communication round: 98, Eavesdropper Accuracy: 0.30227272727272725 99 1
Communication round: 99, Eavesdropper Accuracy: 0.3 100 1
----------------------------------------------------------------------------------------------------
----------------------------------------------------------------------------------------------------
P0_True_
----------------------------------------------------------------------------------------------------
Communication round: 0, Eavesdropper Accuracy: 0.07272727272727272 1 1
Communication round: 1, Eavesdropper Accuracy: 0.11363636363636363 2 1
Communication round: 2, Eavesdropper Accuracy: 0.10909090909090909 3 1
Communication round: 3, Eavesdropper Accuracy: 0.1 4 1
Communication round: 4, Eavesdropper Accuracy: 0.07954545454545454 5 1
Communication round: 5, Eavesdropper Accuracy: 0.08863636363636364 6 1
Communication round: 6, Eavesdropper Accuracy: 0.10227272727272728 7 1
Communication round: 7, Eavesdropper Accuracy: 0.09090909090909091 8 1
Communication round: 8, Eavesdropper Accuracy: 0.08409090909090909 9 1
Communication round: 9, Eavesdropper Accuracy: 0.08636363636363636 10 1
Communication round: 10, Eavesdropper Accuracy: 0.09090909090909091 11 1
Communication round: 11, Eavesdropper Accuracy: 0.09318181818181819 12 1
Communication round: 12, Eavesdropper Accuracy: 0.08863636363636364 13 1
Communication round: 13, Eavesdropper Accuracy: 0.08409090909090909 14 1
Communication round: 14, Aggregated Accuracies: 0.10761904761904761 15
Communication round: 14, Eavesdropper Accuracy: 0.12954545454545455 15 1
Communication round: 15, Eavesdropper Accuracy: 0.13636363636363635 16 1
Communication round: 16, Aggregated Accuracies: 0.12583333333333327 17
Communication round: 16, Eavesdropper Accuracy: 0.10454545454545454 17 1
Communication round: 17, Aggregated Accuracies: 0.14583333333333337 18
Communication round: 17, Eavesdropper Accuracy: 0.14772727272727273 18 1
Communication round: 18, Eavesdropper Accuracy: 0.15227272727272728 19 1
Communication round: 19, Eavesdropper Accuracy: 0.1431818181818182 20 1
Communication round: 20, Eavesdropper Accuracy: 0.12954545454545455 21 1
Communication round: 21, Eavesdropper Accuracy: 0.15681818181818183 22 1
Communication round: 22, Eavesdropper Accuracy: 0.1590909090909091 23 1
Communication round: 23, Eavesdropper Accuracy: 0.1340909090909091 24 1
Communication round: 24, Eavesdropper Accuracy: 0.1409090909090909 25 1
Communication round: 25, Eavesdropper Accuracy: 0.12727272727272726 26 1
Communication round: 26, Aggregated Accuracies: 0.14940476190476198 27
Communication round: 26, Eavesdropper Accuracy: 0.14545454545454545 27 1
Communication round: 27, Eavesdropper Accuracy: 0.13636363636363635 28 1
Communication round: 28, Eavesdropper Accuracy: 0.15 29 1
Communication round: 29, Eavesdropper Accuracy: 0.14545454545454545 30 1
Communication round: 30, Eavesdropper Accuracy: 0.15 31 1
Communication round: 31, Aggregated Accuracies: 0.1558333333333334 32
Communication round: 31, Eavesdropper Accuracy: 0.17954545454545454 32 1
Communication round: 32, Eavesdropper Accuracy: 0.16136363636363638 33 1
Communication round: 33, Eavesdropper Accuracy: 0.14545454545454545 34 1
Communication round: 34, Eavesdropper Accuracy: 0.16818181818181818 35 1
Communication round: 35, Eavesdropper Accuracy: 0.18636363636363637 36 1
Communication round: 36, Eavesdropper Accuracy: 0.17045454545454544 37 1
Communication round: 37, Eavesdropper Accuracy: 0.19090909090909092 38 1
Communication round: 38, Eavesdropper Accuracy: 0.175 39 1
Communication round: 39, Eavesdropper Accuracy: 0.175 40 1
Communication round: 40, Eavesdropper Accuracy: 0.18409090909090908 41 1
Communication round: 41, Eavesdropper Accuracy: 0.18636363636363637 42 1
Communication round: 42, Eavesdropper Accuracy: 0.17954545454545454 43 1
Communication round: 43, Eavesdropper Accuracy: 0.16363636363636364 44 1
Communication round: 44, Eavesdropper Accuracy: 0.18409090909090908 45 1
Communication round: 45, Eavesdropper Accuracy: 0.16363636363636364 46 1
Communication round: 46, Eavesdropper Accuracy: 0.175 47 1
Communication round: 47, Eavesdropper Accuracy: 0.17045454545454544 48 1
Communication round: 48, Eavesdropper Accuracy: 0.16590909090909092 49 1
Communication round: 49, Eavesdropper Accuracy: 0.18409090909090908 50 1
Communication round: 50, Eavesdropper Accuracy: 0.17045454545454544 51 1
Communication round: 51, Eavesdropper Accuracy: 0.17045454545454544 52 1
Communication round: 52, Eavesdropper Accuracy: 0.17727272727272728 53 1
Communication round: 53, Eavesdropper Accuracy: 0.19090909090909092 54 1
Communication round: 54, Eavesdropper Accuracy: 0.19318181818181818 55 1
Communication round: 55, Eavesdropper Accuracy: 0.175 56 1
Communication round: 56, Aggregated Accuracies: 0.1786904761904763 57
Communication round: 56, Eavesdropper Accuracy: 0.18863636363636363 57 1
Communication round: 57, Eavesdropper Accuracy: 0.17045454545454544 58 1
Communication round: 58, Eavesdropper Accuracy: 0.19545454545454546 59 1
Communication round: 59, Eavesdropper Accuracy: 0.19090909090909092 60 1
Communication round: 60, Aggregated Accuracies: 0.19095238095238104 61
Communication round: 60, Eavesdropper Accuracy: 0.18409090909090908 61 1
Communication round: 61, Aggregated Accuracies: 0.20559523809523816 62
Communication round: 61, Eavesdropper Accuracy: 0.25681818181818183 62 1
Communication round: 62, Eavesdropper Accuracy: 0.20681818181818182 63 1
Communication round: 63, Eavesdropper Accuracy: 0.21818181818181817 64 1
Communication round: 64, Eavesdropper Accuracy: 0.23863636363636365 65 1
Communication round: 65, Eavesdropper Accuracy: 0.22727272727272727 66 1
Communication round: 66, Eavesdropper Accuracy: 0.21136363636363636 67 1
Communication round: 67, Eavesdropper Accuracy: 0.225 68 1
Communication round: 68, Eavesdropper Accuracy: 0.24772727272727274 69 1
Communication round: 69, Aggregated Accuracies: 0.21452380952380956 70
Communication round: 69, Eavesdropper Accuracy: 0.2159090909090909 70 1
Communication round: 70, Eavesdropper Accuracy: 0.21136363636363636 71 1
Communication round: 71, Eavesdropper Accuracy: 0.22045454545454546 72 1
Communication round: 72, Eavesdropper Accuracy: 0.22727272727272727 73 1
Communication round: 73, Eavesdropper Accuracy: 0.2318181818181818 74 1
Communication round: 74, Eavesdropper Accuracy: 0.22272727272727272 75 1
Communication round: 75, Eavesdropper Accuracy: 0.20227272727272727 76 1
Communication round: 76, Eavesdropper Accuracy: 0.19318181818181818 77 1
Communication round: 77, Eavesdropper Accuracy: 0.23863636363636365 78 1
Communication round: 78, Eavesdropper Accuracy: 0.19772727272727272 79 1
Communication round: 79, Eavesdropper Accuracy: 0.21136363636363636 80 1
Communication round: 80, Eavesdropper Accuracy: 0.23863636363636365 81 1
Communication round: 81, Eavesdropper Accuracy: 0.22045454545454546 82 1
Communication round: 82, Eavesdropper Accuracy: 0.21363636363636362 83 1
Communication round: 83, Aggregated Accuracies: 0.21809523809523806 84
Communication round: 83, Eavesdropper Accuracy: 0.21818181818181817 84 1
Communication round: 84, Eavesdropper Accuracy: 0.22272727272727272 85 1
Communication round: 85, Aggregated Accuracies: 0.23202380952380947 86
Communication round: 85, Eavesdropper Accuracy: 0.22045454545454546 86 1
Communication round: 86, Aggregated Accuracies: 0.2377380952380951 87
Communication round: 86, Eavesdropper Accuracy: 0.26590909090909093 87 1
Communication round: 87, Aggregated Accuracies: 0.24333333333333326 88
Communication round: 87, Eavesdropper Accuracy: 0.2409090909090909 88 1
Communication round: 88, Eavesdropper Accuracy: 0.2727272727272727 89 1
Communication round: 89, Eavesdropper Accuracy: 0.21818181818181817 90 1
Communication round: 90, Eavesdropper Accuracy: 0.2340909090909091 91 1
Communication round: 91, Eavesdropper Accuracy: 0.22727272727272727 92 1
Communication round: 92, Eavesdropper Accuracy: 0.2340909090909091 93 1
Communication round: 93, Eavesdropper Accuracy: 0.24772727272727274 94 1
Communication round: 94, Eavesdropper Accuracy: 0.22727272727272727 95 1
Communication round: 95, Eavesdropper Accuracy: 0.2409090909090909 96 1
Communication round: 96, Eavesdropper Accuracy: 0.22272727272727272 97 1
Communication round: 97, Eavesdropper Accuracy: 0.24545454545454545 98 1
Communication round: 98, Eavesdropper Accuracy: 0.22045454545454546 99 1
Communication round: 99, Eavesdropper Accuracy: 0.24545454545454545 100 1
----------------------------------------------------------------------------------------------------
----------------------------------------------------------------------------------------------------
P0_True_
----------------------------------------------------------------------------------------------------
Communication round: 0, Eavesdropper Accuracy: 0.031818181818181815 1 1
Communication round: 1, Eavesdropper Accuracy: 0.031818181818181815 2 1
Communication round: 2, Eavesdropper Accuracy: 0.022727272727272728 3 1
Communication round: 3, Eavesdropper Accuracy: 0.03636363636363636 4 1
Communication round: 4, Eavesdropper Accuracy: 0.025 5 1
Communication round: 5, Aggregated Accuracies: 0.07202380952380955 6
Communication round: 5, Eavesdropper Accuracy: 0.09545454545454546 6 1
Communication round: 6, Eavesdropper Accuracy: 0.09545454545454546 7 1
Communication round: 7, Eavesdropper Accuracy: 0.07954545454545454 8 1
Communication round: 8, Eavesdropper Accuracy: 0.07727272727272727 9 1
Communication round: 9, Eavesdropper Accuracy: 0.07954545454545454 10 1
Communication round: 10, Eavesdropper Accuracy: 0.10454545454545454 11 1
Communication round: 11, Eavesdropper Accuracy: 0.07727272727272727 12 1
Communication round: 12, Eavesdropper Accuracy: 0.10454545454545454 13 1
Communication round: 13, Eavesdropper Accuracy: 0.09090909090909091 14 1
Communication round: 14, Eavesdropper Accuracy: 0.06818181818181818 15 1
Communication round: 15, Eavesdropper Accuracy: 0.09545454545454546 16 1
Communication round: 16, Eavesdropper Accuracy: 0.08863636363636364 17 1
Communication round: 17, Eavesdropper Accuracy: 0.10227272727272728 18 1
Communication round: 18, Eavesdropper Accuracy: 0.10681818181818181 19 1
Communication round: 19, Eavesdropper Accuracy: 0.10227272727272728 20 1
Communication round: 20, Eavesdropper Accuracy: 0.07727272727272727 21 1
Communication round: 21, Eavesdropper Accuracy: 0.10454545454545454 22 1
Communication round: 22, Eavesdropper Accuracy: 0.08636363636363636 23 1
Communication round: 23, Eavesdropper Accuracy: 0.09090909090909091 24 1
Communication round: 24, Eavesdropper Accuracy: 0.08863636363636364 25 1
Communication round: 25, Eavesdropper Accuracy: 0.08181818181818182 26 1
Communication round: 26, Aggregated Accuracies: 0.09750000000000003 27
Communication round: 26, Eavesdropper Accuracy: 0.11363636363636363 27 1
Communication round: 27, Aggregated Accuracies: 0.119047619047619 28
Communication round: 27, Eavesdropper Accuracy: 0.15681818181818183 28 1
Communication round: 28, Eavesdropper Accuracy: 0.1318181818181818 29 1
Communication round: 29, Eavesdropper Accuracy: 0.12272727272727273 30 1
Communication round: 30, Eavesdropper Accuracy: 0.12954545454545455 31 1
Communication round: 31, Aggregated Accuracies: 0.1269047619047619 32
Communication round: 31, Eavesdropper Accuracy: 0.1409090909090909 32 1
Communication round: 32, Eavesdropper Accuracy: 0.1409090909090909 33 1
Communication round: 33, Eavesdropper Accuracy: 0.1409090909090909 34 1
Communication round: 34, Eavesdropper Accuracy: 0.12727272727272726 35 1
Communication round: 35, Eavesdropper Accuracy: 0.1409090909090909 36 1
Communication round: 36, Eavesdropper Accuracy: 0.15 37 1
Communication round: 37, Eavesdropper Accuracy: 0.15454545454545454 38 1
Communication round: 38, Eavesdropper Accuracy: 0.12954545454545455 39 1
Communication round: 39, Eavesdropper Accuracy: 0.15681818181818183 40 1
Communication round: 40, Eavesdropper Accuracy: 0.15681818181818183 41 1
Communication round: 41, Eavesdropper Accuracy: 0.15681818181818183 42 1
Communication round: 42, Eavesdropper Accuracy: 0.1159090909090909 43 1
Communication round: 43, Eavesdropper Accuracy: 0.15 44 1
Communication round: 44, Eavesdropper Accuracy: 0.12727272727272726 45 1
Communication round: 45, Aggregated Accuracies: 0.14107142857142857 46
Communication round: 45, Eavesdropper Accuracy: 0.16136363636363638 46 1
Communication round: 46, Aggregated Accuracies: 0.15642857142857153 47
Communication round: 46, Eavesdropper Accuracy: 0.175 47 1
Communication round: 47, Aggregated Accuracies: 0.15785714285714292 48
Communication round: 47, Eavesdropper Accuracy: 0.17727272727272728 48 1
Communication round: 48, Eavesdropper Accuracy: 0.18409090909090908 49 1
Communication round: 49, Eavesdropper Accuracy: 0.17727272727272728 50 1
Communication round: 50, Eavesdropper Accuracy: 0.19772727272727272 51 1
Communication round: 51, Eavesdropper Accuracy: 0.19090909090909092 52 1
Communication round: 52, Eavesdropper Accuracy: 0.17954545454545454 53 1
Communication round: 53, Eavesdropper Accuracy: 0.17272727272727273 54 1
Communication round: 54, Eavesdropper Accuracy: 0.16818181818181818 55 1
Communication round: 55, Eavesdropper Accuracy: 0.19090909090909092 56 1
Communication round: 56, Eavesdropper Accuracy: 0.19318181818181818 57 1
Communication round: 57, Eavesdropper Accuracy: 0.15454545454545454 58 1
Communication round: 58, Eavesdropper Accuracy: 0.16363636363636364 59 1
Communication round: 59, Eavesdropper Accuracy: 0.17727272727272728 60 1
Communication round: 60, Eavesdropper Accuracy: 0.17727272727272728 61 1
Communication round: 61, Eavesdropper Accuracy: 0.16136363636363638 62 1
Communication round: 62, Eavesdropper Accuracy: 0.18863636363636363 63 1
Communication round: 63, Aggregated Accuracies: 0.1683333333333334 64
Communication round: 63, Eavesdropper Accuracy: 0.2 64 1
Communication round: 64, Eavesdropper Accuracy: 0.19545454545454546 65 1
Communication round: 65, Eavesdropper Accuracy: 0.17272727272727273 66 1
Communication round: 66, Eavesdropper Accuracy: 0.18181818181818182 67 1
Communication round: 67, Eavesdropper Accuracy: 0.19090909090909092 68 1
Communication round: 68, Eavesdropper Accuracy: 0.21818181818181817 69 1
Communication round: 69, Eavesdropper Accuracy: 0.19318181818181818 70 1
Communication round: 70, Eavesdropper Accuracy: 0.18863636363636363 71 1
Communication round: 71, Eavesdropper Accuracy: 0.20681818181818182 72 1
Communication round: 72, Eavesdropper Accuracy: 0.17954545454545454 73 1
Communication round: 73, Eavesdropper Accuracy: 0.19545454545454546 74 1
Communication round: 74, Eavesdropper Accuracy: 0.19318181818181818 75 1
Communication round: 75, Eavesdropper Accuracy: 0.2 76 1
Communication round: 76, Eavesdropper Accuracy: 0.17727272727272728 77 1
Communication round: 77, Eavesdropper Accuracy: 0.15681818181818183 78 1
Communication round: 78, Eavesdropper Accuracy: 0.19545454545454546 79 1
Communication round: 79, Aggregated Accuracies: 0.16750000000000004 80
Communication round: 79, Eavesdropper Accuracy: 0.18409090909090908 80 1
Communication round: 80, Eavesdropper Accuracy: 0.19545454545454546 81 1
Communication round: 81, Eavesdropper Accuracy: 0.2 82 1
Communication round: 82, Eavesdropper Accuracy: 0.20454545454545456 83 1
Communication round: 83, Eavesdropper Accuracy: 0.19772727272727272 84 1
Communication round: 84, Eavesdropper Accuracy: 0.18863636363636363 85 1
Communication round: 85, Eavesdropper Accuracy: 0.19772727272727272 86 1
Communication round: 86, Eavesdropper Accuracy: 0.21363636363636362 87 1
Communication round: 87, Eavesdropper Accuracy: 0.18181818181818182 88 1
Communication round: 88, Eavesdropper Accuracy: 0.16136363636363638 89 1
Communication round: 89, Eavesdropper Accuracy: 0.18863636363636363 90 1
Communication round: 90, Eavesdropper Accuracy: 0.20681818181818182 91 1
Communication round: 91, Aggregated Accuracies: 0.17416666666666678 92
Communication round: 91, Eavesdropper Accuracy: 0.20454545454545456 92 1
Communication round: 92, Aggregated Accuracies: 0.17845238095238103 93
Communication round: 92, Eavesdropper Accuracy: 0.19772727272727272 93 1
Communication round: 93, Eavesdropper Accuracy: 0.175 94 1
Communication round: 94, Eavesdropper Accuracy: 0.2 95 1
Communication round: 95, Eavesdropper Accuracy: 0.18863636363636363 96 1
Communication round: 96, Eavesdropper Accuracy: 0.18636363636363637 97 1
Communication round: 97, Eavesdropper Accuracy: 0.19318181818181818 98 1
Communication round: 98, Eavesdropper Accuracy: 0.20227272727272727 99 1
Communication round: 99, Eavesdropper Accuracy: 0.16590909090909092 100 1
----------------------------------------------------------------------------------------------------
----------------------------------------------------------------------------------------------------
P0_True_
----------------------------------------------------------------------------------------------------
Communication round: 0, Eavesdropper Accuracy: 0.06363636363636363 1 1
Communication round: 1, Eavesdropper Accuracy: 0.05227272727272727 2 1
Communication round: 2, Eavesdropper Accuracy: 0.08181818181818182 3 1
Communication round: 3, Eavesdropper Accuracy: 0.05454545454545454 4 1
Communication round: 4, Eavesdropper Accuracy: 0.04772727272727273 5 1
Communication round: 5, Eavesdropper Accuracy: 0.06818181818181818 6 1
Communication round: 6, Eavesdropper Accuracy: 0.056818181818181816 7 1
Communication round: 7, Eavesdropper Accuracy: 0.07272727272727272 8 1
Communication round: 8, Eavesdropper Accuracy: 0.06136363636363636 9 1
Communication round: 9, Eavesdropper Accuracy: 0.05909090909090909 10 1
Communication round: 10, Eavesdropper Accuracy: 0.056818181818181816 11 1
Communication round: 11, Eavesdropper Accuracy: 0.06818181818181818 12 1
Communication round: 12, Eavesdropper Accuracy: 0.0659090909090909 13 1
Communication round: 13, Eavesdropper Accuracy: 0.07272727272727272 14 1
Communication round: 14, Eavesdropper Accuracy: 0.06363636363636363 15 1
Communication round: 15, Eavesdropper Accuracy: 0.06818181818181818 16 1
Communication round: 16, Eavesdropper Accuracy: 0.07727272727272727 17 1
Communication round: 17, Aggregated Accuracies: 0.07880952380952382 18
Communication round: 17, Eavesdropper Accuracy: 0.05454545454545454 18 1
Communication round: 18, Aggregated Accuracies: 0.09714285714285716 19
Communication round: 18, Eavesdropper Accuracy: 0.09090909090909091 19 1
Communication round: 19, Aggregated Accuracies: 0.12535714285714286 20
Communication round: 19, Eavesdropper Accuracy: 0.12954545454545455 20 1
Communication round: 20, Aggregated Accuracies: 0.15547619047619055 21
Communication round: 20, Eavesdropper Accuracy: 0.15681818181818183 21 1
Communication round: 21, Eavesdropper Accuracy: 0.17272727272727273 22 1
Communication round: 22, Aggregated Accuracies: 0.17547619047619054 23
Communication round: 22, Eavesdropper Accuracy: 0.18181818181818182 23 1
Communication round: 23, Aggregated Accuracies: 0.18916666666666676 24
Communication round: 23, Eavesdropper Accuracy: 0.18636363636363637 24 1
Communication round: 24, Aggregated Accuracies: 0.20416666666666675 25
Communication round: 24, Eavesdropper Accuracy: 0.2159090909090909 25 1
Communication round: 25, Eavesdropper Accuracy: 0.2431818181818182 26 1
Communication round: 26, Eavesdropper Accuracy: 0.21363636363636362 27 1
Communication round: 27, Eavesdropper Accuracy: 0.2159090909090909 28 1
Communication round: 28, Eavesdropper Accuracy: 0.2318181818181818 29 1
Communication round: 29, Eavesdropper Accuracy: 0.23863636363636365 30 1
Communication round: 30, Eavesdropper Accuracy: 0.22272727272727272 31 1
Communication round: 31, Eavesdropper Accuracy: 0.22045454545454546 32 1
Communication round: 32, Eavesdropper Accuracy: 0.22727272727272727 33 1
Communication round: 33, Eavesdropper Accuracy: 0.22045454545454546 34 1
Communication round: 34, Eavesdropper Accuracy: 0.23636363636363636 35 1
Communication round: 35, Eavesdropper Accuracy: 0.19772727272727272 36 1
Communication round: 36, Eavesdropper Accuracy: 0.21363636363636362 37 1
Communication round: 37, Eavesdropper Accuracy: 0.21818181818181817 38 1
Communication round: 38, Eavesdropper Accuracy: 0.2 39 1
Communication round: 39, Eavesdropper Accuracy: 0.2409090909090909 40 1
Communication round: 40, Eavesdropper Accuracy: 0.22954545454545455 41 1
Communication round: 41, Eavesdropper Accuracy: 0.225 42 1
Communication round: 42, Aggregated Accuracies: 0.21642857142857141 43
Communication round: 42, Eavesdropper Accuracy: 0.22272727272727272 43 1
Communication round: 43, Aggregated Accuracies: 0.22785714285714284 44
Communication round: 43, Eavesdropper Accuracy: 0.20909090909090908 44 1
Communication round: 44, Aggregated Accuracies: 0.23869047619047618 45
Communication round: 44, Eavesdropper Accuracy: 0.2727272727272727 45 1
Communication round: 45, Aggregated Accuracies: 0.24440476190476187 46
Communication round: 45, Eavesdropper Accuracy: 0.2636363636363636 46 1
Communication round: 46, Aggregated Accuracies: 0.2538095238095239 47
Communication round: 46, Eavesdropper Accuracy: 0.28863636363636364 47 1
Communication round: 47, Eavesdropper Accuracy: 0.2409090909090909 48 1
Communication round: 48, Eavesdropper Accuracy: 0.26590909090909093 49 1
Communication round: 49, Eavesdropper Accuracy: 0.2772727272727273 50 1
Communication round: 50, Eavesdropper Accuracy: 0.26590909090909093 51 1
Communication round: 51, Eavesdropper Accuracy: 0.2545454545454545 52 1
Communication round: 52, Eavesdropper Accuracy: 0.2318181818181818 53 1
Communication round: 53, Eavesdropper Accuracy: 0.2590909090909091 54 1
Communication round: 54, Eavesdropper Accuracy: 0.2545454545454545 55 1
Communication round: 55, Eavesdropper Accuracy: 0.275 56 1
Communication round: 56, Eavesdropper Accuracy: 0.27045454545454545 57 1
Communication round: 57, Eavesdropper Accuracy: 0.2818181818181818 58 1
Communication round: 58, Aggregated Accuracies: 0.25619047619047614 59
Communication round: 58, Eavesdropper Accuracy: 0.27045454545454545 59 1
Communication round: 59, Eavesdropper Accuracy: 0.2590909090909091 60 1
Communication round: 60, Eavesdropper Accuracy: 0.25681818181818183 61 1
Communication round: 61, Eavesdropper Accuracy: 0.25227272727272726 62 1
Communication round: 62, Eavesdropper Accuracy: 0.2545454545454545 63 1
Communication round: 63, Eavesdropper Accuracy: 0.2590909090909091 64 1
Communication round: 64, Eavesdropper Accuracy: 0.29545454545454547 65 1
Communication round: 65, Eavesdropper Accuracy: 0.2431818181818182 66 1
Communication round: 66, Eavesdropper Accuracy: 0.26136363636363635 67 1
Communication round: 67, Eavesdropper Accuracy: 0.2840909090909091 68 1
Communication round: 68, Eavesdropper Accuracy: 0.2340909090909091 69 1
Communication round: 69, Eavesdropper Accuracy: 0.2590909090909091 70 1
Communication round: 70, Eavesdropper Accuracy: 0.2590909090909091 71 1
Communication round: 71, Eavesdropper Accuracy: 0.24545454545454545 72 1
Communication round: 72, Eavesdropper Accuracy: 0.2727272727272727 73 1
Communication round: 73, Eavesdropper Accuracy: 0.2636363636363636 74 1
Communication round: 74, Eavesdropper Accuracy: 0.27045454545454545 75 1
Communication round: 75, Eavesdropper Accuracy: 0.3090909090909091 76 1
Communication round: 76, Eavesdropper Accuracy: 0.2409090909090909 77 1
Communication round: 77, Eavesdropper Accuracy: 0.2590909090909091 78 1
Communication round: 78, Eavesdropper Accuracy: 0.2840909090909091 79 1
Communication round: 79, Eavesdropper Accuracy: 0.2590909090909091 80 1
Communication round: 80, Eavesdropper Accuracy: 0.25681818181818183 81 1
Communication round: 81, Eavesdropper Accuracy: 0.2590909090909091 82 1
Communication round: 82, Eavesdropper Accuracy: 0.29318181818181815 83 1
Communication round: 83, Eavesdropper Accuracy: 0.28863636363636364 84 1
Communication round: 84, Eavesdropper Accuracy: 0.26136363636363635 85 1
Communication round: 85, Eavesdropper Accuracy: 0.2818181818181818 86 1
Communication round: 86, Eavesdropper Accuracy: 0.25227272727272726 87 1
Communication round: 87, Eavesdropper Accuracy: 0.2636363636363636 88 1
Communication round: 88, Eavesdropper Accuracy: 0.2727272727272727 89 1
Communication round: 89, Eavesdropper Accuracy: 0.24772727272727274 90 1
Communication round: 90, Eavesdropper Accuracy: 0.275 91 1
Communication round: 91, Eavesdropper Accuracy: 0.26590909090909093 92 1
Communication round: 92, Eavesdropper Accuracy: 0.27954545454545454 93 1
Communication round: 93, Eavesdropper Accuracy: 0.2636363636363636 94 1
Communication round: 94, Eavesdropper Accuracy: 0.3 95 1
Communication round: 95, Eavesdropper Accuracy: 0.2431818181818182 96 1
Communication round: 96, Eavesdropper Accuracy: 0.2681818181818182 97 1
Communication round: 97, Aggregated Accuracies: 0.2607142857142858 98
Communication round: 97, Eavesdropper Accuracy: 0.28863636363636364 98 1
Communication round: 98, Aggregated Accuracies: 0.26416666666666666 99
Communication round: 98, Eavesdropper Accuracy: 0.27045454545454545 99 1
Communication round: 99, Aggregated Accuracies: 0.27357142857142863 100
Communication round: 99, Eavesdropper Accuracy: 0.2840909090909091 100 1
----------------------------------------------------------------------------------------------------
----------------------------------------------------------------------------------------------------
P0_True_
----------------------------------------------------------------------------------------------------
Communication round: 0, Eavesdropper Accuracy: 0.07727272727272727 1 1
Communication round: 1, Eavesdropper Accuracy: 0.06136363636363636 2 1
Communication round: 2, Eavesdropper Accuracy: 0.07727272727272727 3 1
Communication round: 3, Eavesdropper Accuracy: 0.08181818181818182 4 1
Communication round: 4, Eavesdropper Accuracy: 0.07045454545454545 5 1
Communication round: 5, Eavesdropper Accuracy: 0.07045454545454545 6 1
Communication round: 6, Eavesdropper Accuracy: 0.0659090909090909 7 1
Communication round: 7, Eavesdropper Accuracy: 0.07954545454545454 8 1
Communication round: 8, Aggregated Accuracies: 0.11095238095238096 9
Communication round: 8, Eavesdropper Accuracy: 0.09090909090909091 9 1
Communication round: 9, Aggregated Accuracies: 0.18154761904761912 10
Communication round: 9, Eavesdropper Accuracy: 0.20681818181818182 10 1
Communication round: 10, Aggregated Accuracies: 0.22000000000000003 11
Communication round: 10, Eavesdropper Accuracy: 0.21818181818181817 11 1
Communication round: 11, Eavesdropper Accuracy: 0.22272727272727272 12 1
Communication round: 12, Eavesdropper Accuracy: 0.20909090909090908 13 1
Communication round: 13, Eavesdropper Accuracy: 0.225 14 1
Communication round: 14, Eavesdropper Accuracy: 0.20454545454545456 15 1
Communication round: 15, Eavesdropper Accuracy: 0.21818181818181817 16 1
Communication round: 16, Eavesdropper Accuracy: 0.22272727272727272 17 1
Communication round: 17, Eavesdropper Accuracy: 0.21818181818181817 18 1
Communication round: 18, Eavesdropper Accuracy: 0.225 19 1
Communication round: 19, Eavesdropper Accuracy: 0.19772727272727272 20 1
Communication round: 20, Eavesdropper Accuracy: 0.2318181818181818 21 1
Communication round: 21, Eavesdropper Accuracy: 0.24772727272727274 22 1
Communication round: 22, Eavesdropper Accuracy: 0.21136363636363636 23 1
Communication round: 23, Eavesdropper Accuracy: 0.2159090909090909 24 1
Communication round: 24, Eavesdropper Accuracy: 0.24545454545454545 25 1
Communication round: 25, Eavesdropper Accuracy: 0.22045454545454546 26 1
Communication round: 26, Eavesdropper Accuracy: 0.22727272727272727 27 1
Communication round: 27, Eavesdropper Accuracy: 0.2636363636363636 28 1
Communication round: 28, Eavesdropper Accuracy: 0.2159090909090909 29 1
Communication round: 29, Eavesdropper Accuracy: 0.23636363636363636 30 1
Communication round: 30, Eavesdropper Accuracy: 0.22272727272727272 31 1
Communication round: 31, Eavesdropper Accuracy: 0.22727272727272727 32 1
Communication round: 32, Eavesdropper Accuracy: 0.21136363636363636 33 1
Communication round: 33, Eavesdropper Accuracy: 0.21363636363636362 34 1
Communication round: 34, Eavesdropper Accuracy: 0.20454545454545456 35 1
Communication round: 35, Aggregated Accuracies: 0.2547619047619048 36
Communication round: 35, Eavesdropper Accuracy: 0.23863636363636365 36 1
Communication round: 36, Aggregated Accuracies: 0.2721428571428572 37
Communication round: 36, Eavesdropper Accuracy: 0.2909090909090909 37 1
Communication round: 37, Eavesdropper Accuracy: 0.3068181818181818 38 1
Communication round: 38, Eavesdropper Accuracy: 0.2818181818181818 39 1
Communication round: 39, Aggregated Accuracies: 0.2922619047619047 40
Communication round: 39, Eavesdropper Accuracy: 0.2909090909090909 40 1
Communication round: 40, Aggregated Accuracies: 0.3028571428571429 41
Communication round: 40, Eavesdropper Accuracy: 0.2727272727272727 41 1
Communication round: 41, Aggregated Accuracies: 0.3107142857142859 42
Communication round: 41, Eavesdropper Accuracy: 0.3159090909090909 42 1
Communication round: 42, Aggregated Accuracies: 0.3222619047619049 43
Communication round: 42, Eavesdropper Accuracy: 0.3340909090909091 43 1
Communication round: 43, Eavesdropper Accuracy: 0.32045454545454544 44 1
Communication round: 44, Eavesdropper Accuracy: 0.31363636363636366 45 1
Communication round: 45, Aggregated Accuracies: 0.3225000000000001 46
Communication round: 45, Eavesdropper Accuracy: 0.32272727272727275 46 1
Communication round: 46, Aggregated Accuracies: 0.32678571428571435 47
Communication round: 46, Eavesdropper Accuracy: 0.34545454545454546 47 1
Communication round: 47, Aggregated Accuracies: 0.3371428571428573 48
Communication round: 47, Eavesdropper Accuracy: 0.33636363636363636 48 1
Communication round: 48, Eavesdropper Accuracy: 0.33636363636363636 49 1
Communication round: 49, Eavesdropper Accuracy: 0.31363636363636366 50 1
Communication round: 50, Eavesdropper Accuracy: 0.32954545454545453 51 1
Communication round: 51, Eavesdropper Accuracy: 0.3409090909090909 52 1
Communication round: 52, Eavesdropper Accuracy: 0.35454545454545455 53 1
Communication round: 53, Eavesdropper Accuracy: 0.3159090909090909 54 1
Communication round: 54, Eavesdropper Accuracy: 0.3181818181818182 55 1
Communication round: 55, Eavesdropper Accuracy: 0.3704545454545455 56 1
Communication round: 56, Eavesdropper Accuracy: 0.3386363636363636 57 1
Communication round: 57, Eavesdropper Accuracy: 0.35454545454545455 58 1
Communication round: 58, Aggregated Accuracies: 0.34226190476190493 59
Communication round: 58, Eavesdropper Accuracy: 0.3431818181818182 59 1
Communication round: 59, Aggregated Accuracies: 0.3496428571428573 60
Communication round: 59, Eavesdropper Accuracy: 0.3386363636363636 60 1
Communication round: 60, Aggregated Accuracies: 0.3534523809523812 61
Communication round: 60, Eavesdropper Accuracy: 0.33636363636363636 61 1
Communication round: 61, Aggregated Accuracies: 0.35761904761904784 62
Communication round: 61, Eavesdropper Accuracy: 0.3431818181818182 62 1
Communication round: 62, Aggregated Accuracies: 0.36333333333333356 63
Communication round: 62, Eavesdropper Accuracy: 0.3568181818181818 63 1
Communication round: 63, Eavesdropper Accuracy: 0.37272727272727274 64 1
Communication round: 64, Eavesdropper Accuracy: 0.36818181818181817 65 1
Communication round: 65, Eavesdropper Accuracy: 0.35909090909090907 66 1
Communication round: 66, Aggregated Accuracies: 0.36702380952380975 67
Communication round: 66, Eavesdropper Accuracy: 0.3522727272727273 67 1
Communication round: 67, Eavesdropper Accuracy: 0.3181818181818182 68 1
Communication round: 68, Eavesdropper Accuracy: 0.32272727272727275 69 1
Communication round: 69, Eavesdropper Accuracy: 0.35909090909090907 70 1
Communication round: 70, Eavesdropper Accuracy: 0.3568181818181818 71 1
Communication round: 71, Eavesdropper Accuracy: 0.3340909090909091 72 1
Communication round: 72, Eavesdropper Accuracy: 0.38181818181818183 73 1
Communication round: 73, Eavesdropper Accuracy: 0.35454545454545455 74 1
Communication round: 74, Eavesdropper Accuracy: 0.3522727272727273 75 1
Communication round: 75, Eavesdropper Accuracy: 0.33636363636363636 76 1
Communication round: 76, Eavesdropper Accuracy: 0.3477272727272727 77 1
Communication round: 77, Eavesdropper Accuracy: 0.33636363636363636 78 1
Communication round: 78, Eavesdropper Accuracy: 0.35 79 1
Communication round: 79, Eavesdropper Accuracy: 0.32954545454545453 80 1
Communication round: 80, Eavesdropper Accuracy: 0.39090909090909093 81 1
Communication round: 81, Eavesdropper Accuracy: 0.37727272727272726 82 1
Communication round: 82, Eavesdropper Accuracy: 0.36818181818181817 83 1
Communication round: 83, Eavesdropper Accuracy: 0.3340909090909091 84 1
Communication round: 84, Eavesdropper Accuracy: 0.3477272727272727 85 1
Communication round: 85, Eavesdropper Accuracy: 0.33636363636363636 86 1
Communication round: 86, Eavesdropper Accuracy: 0.4 87 1
Communication round: 87, Eavesdropper Accuracy: 0.38636363636363635 88 1
Communication round: 88, Eavesdropper Accuracy: 0.36818181818181817 89 1
Communication round: 89, Eavesdropper Accuracy: 0.35 90 1
Communication round: 90, Eavesdropper Accuracy: 0.325 91 1
Communication round: 91, Eavesdropper Accuracy: 0.37272727272727274 92 1
Communication round: 92, Aggregated Accuracies: 0.3704761904761907 93
Communication round: 92, Eavesdropper Accuracy: 0.34545454545454546 93 1
Communication round: 93, Eavesdropper Accuracy: 0.35 94 1
Communication round: 94, Eavesdropper Accuracy: 0.32727272727272727 95 1
Communication round: 95, Eavesdropper Accuracy: 0.3181818181818182 96 1
Communication round: 96, Eavesdropper Accuracy: 0.3068181818181818 97 1
Communication round: 97, Eavesdropper Accuracy: 0.32954545454545453 98 1
Communication round: 98, Eavesdropper Accuracy: 0.3477272727272727 99 1
Communication round: 99, Eavesdropper Accuracy: 0.3840909090909091 100 1
----------------------------------------------------------------------------------------------------
