----------------------------------------------------------------------------------------------------
20_30_100_0.1_5_0.99_False_
----------------------------------------------------------------------------------------------------
Communication round: 0, Smart Eavesdropper Accuracy: 0.20681818181818182 0 0
Communication round: 1, Smart Eavesdropper Accuracy: 0.34545454545454546 1 1
Communication round: 2, Smart Eavesdropper Accuracy: 0.37272727272727274 1 0
Communication round: 3, Smart Eavesdropper Accuracy: 0.3659090909090909 1 0
Communication round: 4, Smart Eavesdropper Accuracy: 0.42272727272727273 1 0
Communication round: 5, Smart Eavesdropper Accuracy: 0.39545454545454545 2 1
Communication round: 6, Smart Eavesdropper Accuracy: 0.44772727272727275 2 0
Communication round: 7, Smart Eavesdropper Accuracy: 0.425 3 1
Communication round: 8, Smart Eavesdropper Accuracy: 0.4340909090909091 4 1
Communication round: 9, Smart Eavesdropper Accuracy: 0.4727272727272727 5 1
Communication round: 10, Smart Eavesdropper Accuracy: 0.45681818181818185 5 0
Communication round: 11, Smart Eavesdropper Accuracy: 0.48409090909090907 6 1
Communication round: 12, Smart Eavesdropper Accuracy: 0.475 6 0
Communication round: 13, Smart Eavesdropper Accuracy: 0.4590909090909091 7 1
Communication round: 14, Aggregated Accuracies: 0.18642857142857142 8
Communication round: 14, Eavesdropper Accuracy: 0.20681818181818182 8 1
Communication round: 15, Smart Eavesdropper Accuracy: 0.25 8 0
Communication round: 16, Eavesdropper Accuracy: 0.20454545454545456 9 1
Communication round: 17, Smart Eavesdropper Accuracy: 0.2636363636363636 9 0
Communication round: 18, Eavesdropper Accuracy: 0.22272727272727272 10 1
Communication round: 19, Eavesdropper Accuracy: 0.20909090909090908 11 1
Communication round: 20, Aggregated Accuracies: 0.2425 12
Communication round: 20, Eavesdropper Accuracy: 0.3068181818181818 12 1
Communication round: 21, Eavesdropper Accuracy: 0.3 12 0
Communication round: 22, Aggregated Accuracies: 0.34500000000000003 13
Communication round: 22, Eavesdropper Accuracy: 0.4159090909090909 13 1
Communication round: 23, Aggregated Accuracies: 0.42726190476190473 14
Communication round: 23, Eavesdropper Accuracy: 0.4863636363636364 14 1
Communication round: 24, Eavesdropper Accuracy: 0.4954545454545455 14 0
Communication round: 25, Aggregated Accuracies: 0.5042857142857143 15
Communication round: 25, Eavesdropper Accuracy: 0.5886363636363636 15 1
Communication round: 26, Eavesdropper Accuracy: 0.5886363636363636 16 1
Communication round: 27, Aggregated Accuracies: 0.5519047619047619 17
Communication round: 27, Eavesdropper Accuracy: 0.6204545454545455 17 1
Communication round: 28, Eavesdropper Accuracy: 0.6113636363636363 17 0
Communication round: 29, Eavesdropper Accuracy: 0.6386363636363637 17 0
Communication round: 30, Eavesdropper Accuracy: 0.6386363636363637 17 0
Communication round: 31, Eavesdropper Accuracy: 0.615909090909091 18 1
Communication round: 32, Eavesdropper Accuracy: 0.6545454545454545 19 1
Communication round: 33, Eavesdropper Accuracy: 0.6568181818181819 20 1
Communication round: 34, Aggregated Accuracies: 0.6133333333333334 21
Communication round: 34, Eavesdropper Accuracy: 0.6772727272727272 21 1
Communication round: 35, Aggregated Accuracies: 0.654047619047619 22
Communication round: 35, Eavesdropper Accuracy: 0.7477272727272727 22 1
Communication round: 36, Eavesdropper Accuracy: 0.6931818181818182 23 1
Communication round: 37, Eavesdropper Accuracy: 0.7068181818181818 24 1
Communication round: 38, Aggregated Accuracies: 0.7170238095238095 25
Communication round: 38, Eavesdropper Accuracy: 0.7704545454545455 25 1
Communication round: 39, Aggregated Accuracies: 0.7578571428571429 26
Communication round: 39, Eavesdropper Accuracy: 0.8181818181818182 26 1
Communication round: 40, Aggregated Accuracies: 0.7980952380952381 27
Communication round: 40, Eavesdropper Accuracy: 0.8386363636363636 27 1
Communication round: 41, Aggregated Accuracies: 0.8178571428571431 28
Communication round: 41, Eavesdropper Accuracy: 0.8159090909090909 28 1
Communication round: 42, Aggregated Accuracies: 0.8379761904761904 29
Communication round: 42, Eavesdropper Accuracy: 0.8363636363636363 29 1
Communication round: 43, Eavesdropper Accuracy: 0.8795454545454545 29 0
Communication round: 44, Eavesdropper Accuracy: 0.8363636363636363 30 1
Communication round: 45, Eavesdropper Accuracy: 0.8340909090909091 30 0
Communication round: 46, Eavesdropper Accuracy: 0.8795454545454545 30 0
Communication round: 47, Eavesdropper Accuracy: 0.8409090909090909 30 0
Communication round: 48, Eavesdropper Accuracy: 0.8545454545454545 30 0
Communication round: 49, Eavesdropper Accuracy: 0.8340909090909091 30 0
Communication round: 50, Eavesdropper Accuracy: 0.8568181818181818 30 0
Communication round: 51, Eavesdropper Accuracy: 0.825 30 0
Communication round: 52, Aggregated Accuracies: 0.8455952380952383 31
Communication round: 52, Eavesdropper Accuracy: 0.865909090909091 31 1
Communication round: 53, Eavesdropper Accuracy: 0.8818181818181818 31 0
Communication round: 54, Eavesdropper Accuracy: 0.8704545454545455 31 0
Communication round: 55, Eavesdropper Accuracy: 0.884090909090909 31 0
Communication round: 56, Eavesdropper Accuracy: 0.8818181818181818 31 0
Communication round: 57, Eavesdropper Accuracy: 0.8545454545454545 31 0
Communication round: 58, Eavesdropper Accuracy: 0.8704545454545455 31 0
Communication round: 59, Eavesdropper Accuracy: 0.8613636363636363 31 0
Communication round: 60, Eavesdropper Accuracy: 0.8704545454545455 32 1
Communication round: 61, Eavesdropper Accuracy: 0.8704545454545455 32 0
Communication round: 62, Eavesdropper Accuracy: 0.875 32 0
Communication round: 63, Smart Eavesdropper Accuracy: 0.6704545454545454 32 0
Communication round: 64, Smart Eavesdropper Accuracy: 0.6568181818181819 32 0
Communication round: 65, Smart Eavesdropper Accuracy: 0.6113636363636363 33 1
Communication round: 66, Smart Eavesdropper Accuracy: 0.6477272727272727 33 0
Communication round: 67, Smart Eavesdropper Accuracy: 0.634090909090909 34 1
Communication round: 68, Eavesdropper Accuracy: 0.865909090909091 35 1
Communication round: 69, Smart Eavesdropper Accuracy: 0.7386363636363636 35 0
Communication round: 70, Smart Eavesdropper Accuracy: 0.725 35 0
Communication round: 71, Smart Eavesdropper Accuracy: 0.6386363636363637 35 0
Communication round: 72, Smart Eavesdropper Accuracy: 0.6659090909090909 35 0
Communication round: 73, Smart Eavesdropper Accuracy: 0.6295454545454545 35 0
Communication round: 74, Smart Eavesdropper Accuracy: 0.65 35 0
Communication round: 75, Smart Eavesdropper Accuracy: 0.6295454545454545 35 0
Communication round: 76, Smart Eavesdropper Accuracy: 0.5727272727272728 35 0
Communication round: 77, Aggregated Accuracies: 0.8530952380952381 36
Communication round: 77, Smart Eavesdropper Accuracy: 0.6295454545454545 36 1
Communication round: 78, Smart Eavesdropper Accuracy: 0.5727272727272728 37 1
Communication round: 79, Aggregated Accuracies: 0.8635714285714284 38
Communication round: 79, Smart Eavesdropper Accuracy: 0.6181818181818182 38 1
Communication round: 80, Aggregated Accuracies: 0.8698809523809524 39
Communication round: 80, Smart Eavesdropper Accuracy: 0.5954545454545455 39 1
Communication round: 81, Smart Eavesdropper Accuracy: 0.6545454545454545 39 0
Communication round: 82, Smart Eavesdropper Accuracy: 0.6204545454545455 39 0
Communication round: 83, Smart Eavesdropper Accuracy: 0.5431818181818182 39 0
Communication round: 84, Smart Eavesdropper Accuracy: 0.5863636363636363 39 0
Communication round: 85, Aggregated Accuracies: 0.8794047619047621 40
Communication round: 85, Smart Eavesdropper Accuracy: 0.6068181818181818 40 1
Communication round: 86, Smart Eavesdropper Accuracy: 0.6068181818181818 40 0
Communication round: 87, Aggregated Accuracies: 0.8803571428571431 41
Communication round: 87, Smart Eavesdropper Accuracy: 0.5454545454545454 41 1
Communication round: 88, Aggregated Accuracies: 0.8902380952380954 42
Communication round: 88, Smart Eavesdropper Accuracy: 0.6227272727272727 42 1
Communication round: 89, Aggregated Accuracies: 0.8895238095238094 43
Communication round: 89, Smart Eavesdropper Accuracy: 0.5522727272727272 43 1
Communication round: 90, Aggregated Accuracies: 0.8979761904761906 44
Communication round: 90, Smart Eavesdropper Accuracy: 0.5909090909090909 44 1
Communication round: 91, Aggregated Accuracies: 0.8990476190476192 45
Communication round: 91, Smart Eavesdropper Accuracy: 0.6068181818181818 45 1
Communication round: 92, Smart Eavesdropper Accuracy: 0.6477272727272727 45 0
Communication round: 93, Aggregated Accuracies: 0.9057142857142857 46
Communication round: 93, Smart Eavesdropper Accuracy: 0.6136363636363636 46 1
Communication round: 94, Smart Eavesdropper Accuracy: 0.6318181818181818 46 0
Communication round: 95, Aggregated Accuracies: 0.9105952380952381 47
Communication round: 95, Smart Eavesdropper Accuracy: 0.5909090909090909 47 1
Communication round: 96, Aggregated Accuracies: 0.9079761904761904 48
Communication round: 96, Smart Eavesdropper Accuracy: 0.6068181818181818 48 1
Communication round: 97, Aggregated Accuracies: 0.9151190476190475 49
Communication round: 97, Smart Eavesdropper Accuracy: 0.55 49 1
Communication round: 98, Aggregated Accuracies: 0.9161904761904761 50
Communication round: 98, Eavesdropper Accuracy: 0.9272727272727272 50 1
Communication round: 99, Aggregated Accuracies: 0.9174999999999999 51
Communication round: 99, Eavesdropper Accuracy: 0.9113636363636364 51 1
----------------------------------------------------------------------------------------------------
----------------------------------------------------------------------------------------------------
20_30_100_0.1_5_0.99_False_
----------------------------------------------------------------------------------------------------
Communication round: 0, Eavesdropper Accuracy: 0.14772727272727273 1 1
Communication round: 1, Smart Eavesdropper Accuracy: 0.18636363636363637 1 0
Communication round: 2, Smart Eavesdropper Accuracy: 0.2545454545454545 1 0
Communication round: 3, Smart Eavesdropper Accuracy: 0.275 2 1
Communication round: 4, Eavesdropper Accuracy: 0.125 3 1
Communication round: 5, Aggregated Accuracies: 0.19726190476190478 4
Communication round: 5, Eavesdropper Accuracy: 0.22045454545454546 4 1
Communication round: 6, Eavesdropper Accuracy: 0.22272727272727272 5 1
Communication round: 7, Eavesdropper Accuracy: 0.25 6 1
Communication round: 8, Eavesdropper Accuracy: 0.19772727272727272 7 1
Communication round: 9, Eavesdropper Accuracy: 0.24772727272727274 7 0
Communication round: 10, Aggregated Accuracies: 0.26571428571428574 8
Communication round: 10, Eavesdropper Accuracy: 0.29772727272727273 8 1
Communication round: 11, Aggregated Accuracies: 0.37130952380952376 9
Communication round: 11, Eavesdropper Accuracy: 0.44545454545454544 9 1
Communication round: 12, Aggregated Accuracies: 0.46988095238095245 10
Communication round: 12, Eavesdropper Accuracy: 0.5568181818181818 10 1
Communication round: 13, Aggregated Accuracies: 0.5523809523809524 11
Communication round: 13, Eavesdropper Accuracy: 0.6 11 1
Communication round: 14, Aggregated Accuracies: 0.6252380952380951 12
Communication round: 14, Eavesdropper Accuracy: 0.6545454545454545 12 1
Communication round: 15, Eavesdropper Accuracy: 0.6681818181818182 12 0
Communication round: 16, Eavesdropper Accuracy: 0.6590909090909091 12 0
Communication round: 17, Eavesdropper Accuracy: 0.6681818181818182 12 0
Communication round: 18, Aggregated Accuracies: 0.6823809523809523 13
Communication round: 18, Eavesdropper Accuracy: 0.725 13 1
Communication round: 19, Aggregated Accuracies: 0.7235714285714286 14
Communication round: 19, Eavesdropper Accuracy: 0.7318181818181818 14 1
Communication round: 20, Aggregated Accuracies: 0.7569047619047619 15
Communication round: 20, Eavesdropper Accuracy: 0.8090909090909091 15 1
Communication round: 21, Eavesdropper Accuracy: 0.8227272727272728 16 1
Communication round: 22, Aggregated Accuracies: 0.7798809523809525 17
Communication round: 22, Eavesdropper Accuracy: 0.8022727272727272 17 1
Communication round: 23, Aggregated Accuracies: 0.787857142857143 18
Communication round: 23, Eavesdropper Accuracy: 0.825 18 1
Communication round: 24, Aggregated Accuracies: 0.8114285714285716 19
Communication round: 24, Eavesdropper Accuracy: 0.8431818181818181 19 1
Communication round: 25, Aggregated Accuracies: 0.8291666666666666 20
Communication round: 25, Eavesdropper Accuracy: 0.85 20 1
Communication round: 26, Eavesdropper Accuracy: 0.8522727272727273 20 0
Communication round: 27, Eavesdropper Accuracy: 0.8431818181818181 20 0
Communication round: 28, Eavesdropper Accuracy: 0.8590909090909091 20 0
Communication round: 29, Eavesdropper Accuracy: 0.8613636363636363 20 0
Communication round: 30, Eavesdropper Accuracy: 0.8727272727272727 20 0
Communication round: 31, Eavesdropper Accuracy: 0.8477272727272728 20 0
Communication round: 32, Eavesdropper Accuracy: 0.8727272727272727 21 1
Communication round: 33, Eavesdropper Accuracy: 0.8522727272727273 21 0
Communication round: 34, Eavesdropper Accuracy: 0.8727272727272727 21 0
Communication round: 35, Eavesdropper Accuracy: 0.8590909090909091 21 0
Communication round: 36, Eavesdropper Accuracy: 0.8522727272727273 21 0
Communication round: 37, Eavesdropper Accuracy: 0.8704545454545455 21 0
Communication round: 38, Eavesdropper Accuracy: 0.8431818181818181 22 1
Communication round: 39, Eavesdropper Accuracy: 0.8545454545454545 22 0
Communication round: 40, Aggregated Accuracies: 0.847857142857143 23
Communication round: 40, Eavesdropper Accuracy: 0.8613636363636363 23 1
Communication round: 41, Aggregated Accuracies: 0.8617857142857142 24
Communication round: 41, Eavesdropper Accuracy: 0.8863636363636364 24 1
Communication round: 42, Aggregated Accuracies: 0.8697619047619047 25
Communication round: 42, Eavesdropper Accuracy: 0.8863636363636364 25 1
Communication round: 43, Aggregated Accuracies: 0.878095238095238 26
Communication round: 43, Eavesdropper Accuracy: 0.8863636363636364 26 1
Communication round: 44, Eavesdropper Accuracy: 0.8863636363636364 26 0
Communication round: 45, Eavesdropper Accuracy: 0.9090909090909091 26 0
Communication round: 46, Aggregated Accuracies: 0.8817857142857143 27
Communication round: 46, Eavesdropper Accuracy: 0.9113636363636364 27 1
Communication round: 47, Aggregated Accuracies: 0.8914285714285717 28
Communication round: 47, Eavesdropper Accuracy: 0.9090909090909091 28 1
Communication round: 48, Aggregated Accuracies: 0.8951190476190478 29
Communication round: 48, Eavesdropper Accuracy: 0.9136363636363637 29 1
Communication round: 49, Aggregated Accuracies: 0.899642857142857 30
Communication round: 49, Eavesdropper Accuracy: 0.9295454545454546 30 1
Communication round: 50, Aggregated Accuracies: 0.9033333333333331 31
Communication round: 50, Eavesdropper Accuracy: 0.9454545454545454 31 1
Communication round: 51, Aggregated Accuracies: 0.9101190476190476 32
Communication round: 51, Eavesdropper Accuracy: 0.9113636363636364 32 1
Communication round: 52, Eavesdropper Accuracy: 0.9090909090909091 33 1
Communication round: 53, Eavesdropper Accuracy: 0.9318181818181818 34 1
Communication round: 54, Aggregated Accuracies: 0.9086904761904762 35
Communication round: 54, Eavesdropper Accuracy: 0.9272727272727272 35 1
Communication round: 55, Aggregated Accuracies: 0.9149999999999998 36
Communication round: 55, Eavesdropper Accuracy: 0.9227272727272727 36 1
Communication round: 56, Aggregated Accuracies: 0.9182142857142856 37
Communication round: 56, Eavesdropper Accuracy: 0.9340909090909091 37 1
Communication round: 57, Aggregated Accuracies: 0.9189285714285715 38
Communication round: 57, Eavesdropper Accuracy: 0.9272727272727272 38 1
Communication round: 58, Aggregated Accuracies: 0.9236904761904763 39
Communication round: 58, Eavesdropper Accuracy: 0.9272727272727272 39 1
Communication round: 59, Aggregated Accuracies: 0.9265476190476193 40
Communication round: 59, Eavesdropper Accuracy: 0.9318181818181818 40 1
Communication round: 60, Eavesdropper Accuracy: 0.9340909090909091 40 0
Communication round: 61, Eavesdropper Accuracy: 0.9295454545454546 40 0
Communication round: 62, Eavesdropper Accuracy: 0.9227272727272727 40 0
Communication round: 63, Eavesdropper Accuracy: 0.9409090909090909 40 0
Communication round: 64, Eavesdropper Accuracy: 0.9386363636363636 40 0
Communication round: 65, Eavesdropper Accuracy: 0.9454545454545454 40 0
Communication round: 66, Eavesdropper Accuracy: 0.9363636363636364 40 0
Communication round: 67, Eavesdropper Accuracy: 0.9340909090909091 40 0
Communication round: 68, Aggregated Accuracies: 0.9251190476190476 41
Communication round: 68, Eavesdropper Accuracy: 0.9159090909090909 41 1
Communication round: 69, Eavesdropper Accuracy: 0.9318181818181818 41 0
Communication round: 70, Eavesdropper Accuracy: 0.9227272727272727 41 0
Communication round: 71, Eavesdropper Accuracy: 0.9272727272727272 41 0
Communication round: 72, Eavesdropper Accuracy: 0.95 41 0
Communication round: 73, Eavesdropper Accuracy: 0.9409090909090909 41 0
Communication round: 74, Eavesdropper Accuracy: 0.9477272727272728 41 0
Communication round: 75, Eavesdropper Accuracy: 0.9272727272727272 41 0
Communication round: 76, Eavesdropper Accuracy: 0.9204545454545454 41 0
Communication round: 77, Eavesdropper Accuracy: 0.9477272727272728 41 0
Communication round: 78, Eavesdropper Accuracy: 0.9340909090909091 41 0
Communication round: 79, Eavesdropper Accuracy: 0.9227272727272727 41 0
Communication round: 80, Eavesdropper Accuracy: 0.9318181818181818 41 0
Communication round: 81, Smart Eavesdropper Accuracy: 0.9045454545454545 41 0
Communication round: 82, Smart Eavesdropper Accuracy: 0.8295454545454546 41 0
Communication round: 83, Smart Eavesdropper Accuracy: 0.875 41 0
Communication round: 84, Smart Eavesdropper Accuracy: 0.8204545454545454 41 0
Communication round: 85, Smart Eavesdropper Accuracy: 0.8181818181818182 41 0
Communication round: 86, Smart Eavesdropper Accuracy: 0.8454545454545455 41 0
Communication round: 87, Smart Eavesdropper Accuracy: 0.825 41 0
Communication round: 88, Smart Eavesdropper Accuracy: 0.8181818181818182 41 0
Communication round: 89, Smart Eavesdropper Accuracy: 0.825 41 0
Communication round: 90, Smart Eavesdropper Accuracy: 0.759090909090909 41 0
Communication round: 91, Smart Eavesdropper Accuracy: 0.8113636363636364 41 0
Communication round: 92, Smart Eavesdropper Accuracy: 0.8181818181818182 41 0
Communication round: 93, Smart Eavesdropper Accuracy: 0.8090909090909091 41 0
Communication round: 94, Smart Eavesdropper Accuracy: 0.7454545454545455 41 0
Communication round: 95, Smart Eavesdropper Accuracy: 0.740909090909091 41 0
Communication round: 96, Smart Eavesdropper Accuracy: 0.7522727272727273 41 0
Communication round: 97, Smart Eavesdropper Accuracy: 0.7363636363636363 41 0
Communication round: 98, Smart Eavesdropper Accuracy: 0.7159090909090909 41 0
Communication round: 99, Smart Eavesdropper Accuracy: 0.7295454545454545 41 0
----------------------------------------------------------------------------------------------------
----------------------------------------------------------------------------------------------------
20_30_100_0.1_5_0.99_False_
----------------------------------------------------------------------------------------------------
Communication round: 0, Aggregated Accuracies: 0.13357142857142854 1
Communication round: 0, Eavesdropper Accuracy: 0.04772727272727273 1 1
Communication round: 1, Smart Eavesdropper Accuracy: 0.26590909090909093 1 0
Communication round: 2, Smart Eavesdropper Accuracy: 0.4 1 0
Communication round: 3, Smart Eavesdropper Accuracy: 0.39545454545454545 1 0
Communication round: 4, Smart Eavesdropper Accuracy: 0.3977272727272727 1 0
Communication round: 5, Smart Eavesdropper Accuracy: 0.4409090909090909 2 1
Communication round: 6, Aggregated Accuracies: 0.20119047619047623 3
Communication round: 6, Smart Eavesdropper Accuracy: 0.45227272727272727 3 1
Communication round: 7, Smart Eavesdropper Accuracy: 0.4636363636363636 4 1
Communication round: 8, Aggregated Accuracies: 0.29404761904761906 5
Communication round: 8, Eavesdropper Accuracy: 0.32727272727272727 5 1
Communication round: 9, Eavesdropper Accuracy: 0.32272727272727275 6 1
Communication round: 10, Eavesdropper Accuracy: 0.33636363636363636 6 0
Communication round: 11, Smart Eavesdropper Accuracy: 0.36818181818181817 6 0
Communication round: 12, Smart Eavesdropper Accuracy: 0.3704545454545455 6 0
Communication round: 13, Smart Eavesdropper Accuracy: 0.41363636363636364 6 0
Communication round: 14, Smart Eavesdropper Accuracy: 0.43863636363636366 7 1
Communication round: 15, Smart Eavesdropper Accuracy: 0.41818181818181815 8 1
Communication round: 16, Aggregated Accuracies: 0.39095238095238094 9
Communication round: 16, Eavesdropper Accuracy: 0.4090909090909091 9 1
Communication round: 17, Eavesdropper Accuracy: 0.4681818181818182 10 1
Communication round: 18, Aggregated Accuracies: 0.48464285714285715 11
Communication round: 18, Eavesdropper Accuracy: 0.4954545454545455 11 1
Communication round: 19, Aggregated Accuracies: 0.5480952380952381 12
Communication round: 19, Eavesdropper Accuracy: 0.5772727272727273 12 1
Communication round: 20, Eavesdropper Accuracy: 0.5340909090909091 13 1
Communication round: 21, Eavesdropper Accuracy: 0.5818181818181818 14 1
Communication round: 22, Aggregated Accuracies: 0.6086904761904761 15
Communication round: 22, Eavesdropper Accuracy: 0.5931818181818181 15 1
Communication round: 23, Aggregated Accuracies: 0.6469047619047619 16
Communication round: 23, Eavesdropper Accuracy: 0.6727272727272727 16 1
Communication round: 24, Aggregated Accuracies: 0.6883333333333332 17
Communication round: 24, Eavesdropper Accuracy: 0.7181818181818181 17 1
Communication round: 25, Aggregated Accuracies: 0.7308333333333332 18
Communication round: 25, Eavesdropper Accuracy: 0.7090909090909091 18 1
Communication round: 26, Eavesdropper Accuracy: 0.7340909090909091 19 1
Communication round: 27, Aggregated Accuracies: 0.7641666666666667 20
Communication round: 27, Eavesdropper Accuracy: 0.7272727272727273 20 1
Communication round: 28, Eavesdropper Accuracy: 0.7840909090909091 21 1
Communication round: 29, Eavesdropper Accuracy: 0.759090909090909 22 1
Communication round: 30, Eavesdropper Accuracy: 0.7704545454545455 23 1
Communication round: 31, Aggregated Accuracies: 0.7838095238095237 24
Communication round: 31, Eavesdropper Accuracy: 0.8068181818181818 24 1
Communication round: 32, Eavesdropper Accuracy: 0.7840909090909091 25 1
Communication round: 33, Aggregated Accuracies: 0.8034523809523808 26
Communication round: 33, Eavesdropper Accuracy: 0.8113636363636364 26 1
Communication round: 34, Eavesdropper Accuracy: 0.8159090909090909 26 0
Communication round: 35, Eavesdropper Accuracy: 0.8 26 0
Communication round: 36, Eavesdropper Accuracy: 0.8045454545454546 26 0
Communication round: 37, Eavesdropper Accuracy: 0.8181818181818182 26 0
Communication round: 38, Eavesdropper Accuracy: 0.7886363636363637 26 0
Communication round: 39, Aggregated Accuracies: 0.8207142857142857 27
Communication round: 39, Eavesdropper Accuracy: 0.8363636363636363 27 1
Communication round: 40, Aggregated Accuracies: 0.844404761904762 28
Communication round: 40, Eavesdropper Accuracy: 0.85 28 1
Communication round: 41, Aggregated Accuracies: 0.8605952380952381 29
Communication round: 41, Eavesdropper Accuracy: 0.8727272727272727 29 1
Communication round: 42, Eavesdropper Accuracy: 0.875 30 1
Communication round: 43, Eavesdropper Accuracy: 0.8477272727272728 31 1
Communication round: 44, Eavesdropper Accuracy: 0.8727272727272727 31 0
Communication round: 45, Eavesdropper Accuracy: 0.875 31 0
Communication round: 46, Eavesdropper Accuracy: 0.865909090909091 31 0
Communication round: 47, Eavesdropper Accuracy: 0.8636363636363636 31 0
Communication round: 48, Eavesdropper Accuracy: 0.884090909090909 31 0
Communication round: 49, Eavesdropper Accuracy: 0.8909090909090909 32 1
Communication round: 50, Aggregated Accuracies: 0.8651190476190477 33
Communication round: 50, Eavesdropper Accuracy: 0.8613636363636363 33 1
Communication round: 51, Eavesdropper Accuracy: 0.9022727272727272 33 0
Communication round: 52, Eavesdropper Accuracy: 0.865909090909091 33 0
Communication round: 53, Eavesdropper Accuracy: 0.8613636363636363 33 0
Communication round: 54, Eavesdropper Accuracy: 0.8863636363636364 33 0
Communication round: 55, Eavesdropper Accuracy: 0.8727272727272727 33 0
Communication round: 56, Eavesdropper Accuracy: 0.8727272727272727 34 1
Communication round: 57, Eavesdropper Accuracy: 0.8863636363636364 35 1
Communication round: 58, Eavesdropper Accuracy: 0.8636363636363636 35 0
Communication round: 59, Eavesdropper Accuracy: 0.8681818181818182 35 0
Communication round: 60, Aggregated Accuracies: 0.879761904761905 36
Communication round: 60, Eavesdropper Accuracy: 0.875 36 1
Communication round: 61, Eavesdropper Accuracy: 0.8954545454545455 37 1
Communication round: 62, Eavesdropper Accuracy: 0.8931818181818182 38 1
Communication round: 63, Aggregated Accuracies: 0.8877380952380953 39
Communication round: 63, Eavesdropper Accuracy: 0.8863636363636364 39 1
Communication round: 64, Eavesdropper Accuracy: 0.8772727272727273 40 1
Communication round: 65, Eavesdropper Accuracy: 0.8727272727272727 41 1
Communication round: 66, Aggregated Accuracies: 0.8878571428571427 42
Communication round: 66, Eavesdropper Accuracy: 0.8886363636363637 42 1
Communication round: 67, Eavesdropper Accuracy: 0.8795454545454545 42 0
Communication round: 68, Eavesdropper Accuracy: 0.8909090909090909 42 0
Communication round: 69, Eavesdropper Accuracy: 0.8954545454545455 43 1
Communication round: 70, Eavesdropper Accuracy: 0.8954545454545455 43 0
Communication round: 71, Aggregated Accuracies: 0.8954761904761905 44
Communication round: 71, Eavesdropper Accuracy: 0.8977272727272727 44 1
Communication round: 72, Aggregated Accuracies: 0.8977380952380953 45
Communication round: 72, Eavesdropper Accuracy: 0.8795454545454545 45 1
Communication round: 73, Eavesdropper Accuracy: 0.9 45 0
Communication round: 74, Eavesdropper Accuracy: 0.8931818181818182 45 0
Communication round: 75, Eavesdropper Accuracy: 0.9068181818181819 45 0
Communication round: 76, Eavesdropper Accuracy: 0.875 46 1
Communication round: 77, Aggregated Accuracies: 0.8992857142857144 47
Communication round: 77, Eavesdropper Accuracy: 0.9045454545454545 47 1
Communication round: 78, Aggregated Accuracies: 0.9058333333333334 48
Communication round: 78, Eavesdropper Accuracy: 0.9 48 1
Communication round: 79, Aggregated Accuracies: 0.9035714285714285 49
Communication round: 79, Eavesdropper Accuracy: 0.9204545454545454 49 1
Communication round: 80, Aggregated Accuracies: 0.910357142857143 50
Communication round: 80, Eavesdropper Accuracy: 0.9159090909090909 50 1
Communication round: 81, Aggregated Accuracies: 0.913690476190476 51
Communication round: 81, Eavesdropper Accuracy: 0.9136363636363637 51 1
Communication round: 82, Aggregated Accuracies: 0.9192857142857142 52
Communication round: 82, Eavesdropper Accuracy: 0.9272727272727272 52 1
Communication round: 83, Aggregated Accuracies: 0.9214285714285714 53
Communication round: 83, Eavesdropper Accuracy: 0.9204545454545454 53 1
Communication round: 84, Eavesdropper Accuracy: 0.9090909090909091 53 0
Communication round: 85, Eavesdropper Accuracy: 0.9136363636363637 53 0
Communication round: 86, Eavesdropper Accuracy: 0.9181818181818182 53 0
Communication round: 87, Eavesdropper Accuracy: 0.9159090909090909 53 0
Communication round: 88, Eavesdropper Accuracy: 0.9227272727272727 53 0
Communication round: 89, Eavesdropper Accuracy: 0.9227272727272727 53 0
Communication round: 90, Eavesdropper Accuracy: 0.9204545454545454 53 0
Communication round: 91, Eavesdropper Accuracy: 0.9204545454545454 53 0
Communication round: 92, Eavesdropper Accuracy: 0.9227272727272727 53 0
Communication round: 93, Aggregated Accuracies: 0.9213095238095237 54
Communication round: 93, Eavesdropper Accuracy: 0.9295454545454546 54 1
Communication round: 94, Eavesdropper Accuracy: 0.9136363636363637 54 0
Communication round: 95, Eavesdropper Accuracy: 0.9204545454545454 54 0
Communication round: 96, Eavesdropper Accuracy: 0.9295454545454546 54 0
Communication round: 97, Eavesdropper Accuracy: 0.9227272727272727 54 0
Communication round: 98, Eavesdropper Accuracy: 0.9363636363636364 54 0
Communication round: 99, Eavesdropper Accuracy: 0.9181818181818182 54 0
----------------------------------------------------------------------------------------------------
----------------------------------------------------------------------------------------------------
20_30_100_0.1_5_0.99_False_
----------------------------------------------------------------------------------------------------
Communication round: 0, Smart Eavesdropper Accuracy: 0.16590909090909092 0 0
Communication round: 1, Smart Eavesdropper Accuracy: 0.3522727272727273 0 0
Communication round: 2, Smart Eavesdropper Accuracy: 0.375 0 0
Communication round: 3, Smart Eavesdropper Accuracy: 0.4068181818181818 0 0
Communication round: 4, Smart Eavesdropper Accuracy: 0.42954545454545456 1 1
Communication round: 5, Smart Eavesdropper Accuracy: 0.49318181818181817 2 1
Communication round: 6, Smart Eavesdropper Accuracy: 0.4590909090909091 2 0
Communication round: 7, Smart Eavesdropper Accuracy: 0.509090909090909 2 0
Communication round: 8, Smart Eavesdropper Accuracy: 0.42727272727272725 2 0
Communication round: 9, Aggregated Accuracies: 0.15416666666666665 3
Communication round: 9, Smart Eavesdropper Accuracy: 0.4659090909090909 3 1
Communication round: 10, Smart Eavesdropper Accuracy: 0.4863636363636364 4 1
Communication round: 11, Aggregated Accuracies: 0.20773809523809522 5
Communication round: 11, Smart Eavesdropper Accuracy: 0.4636363636363636 5 1
Communication round: 12, Smart Eavesdropper Accuracy: 0.5204545454545455 6 1
Communication round: 13, Smart Eavesdropper Accuracy: 0.47954545454545455 6 0
Communication round: 14, Smart Eavesdropper Accuracy: 0.4954545454545455 6 0
Communication round: 15, Smart Eavesdropper Accuracy: 0.4681818181818182 6 0
Communication round: 16, Smart Eavesdropper Accuracy: 0.5272727272727272 7 1
Communication round: 17, Smart Eavesdropper Accuracy: 0.5 8 1
Communication round: 18, Smart Eavesdropper Accuracy: 0.49772727272727274 8 0
Communication round: 19, Smart Eavesdropper Accuracy: 0.49772727272727274 8 0
Communication round: 20, Aggregated Accuracies: 0.33369047619047615 9
Communication round: 20, Smart Eavesdropper Accuracy: 0.4863636363636364 9 1
Communication round: 21, Smart Eavesdropper Accuracy: 0.5227272727272727 9 0
Communication round: 22, Aggregated Accuracies: 0.4286904761904761 10
Communication round: 22, Smart Eavesdropper Accuracy: 0.5340909090909091 10 1
Communication round: 23, Aggregated Accuracies: 0.5130952380952382 11
Communication round: 23, Smart Eavesdropper Accuracy: 0.5159090909090909 11 1
Communication round: 24, Smart Eavesdropper Accuracy: 0.5113636363636364 11 0
Communication round: 25, Aggregated Accuracies: 0.5951190476190477 12
Communication round: 25, Smart Eavesdropper Accuracy: 0.509090909090909 12 1
Communication round: 26, Smart Eavesdropper Accuracy: 0.5 12 0
Communication round: 27, Aggregated Accuracies: 0.6649999999999999 13
Communication round: 27, Smart Eavesdropper Accuracy: 0.5431818181818182 13 1
Communication round: 28, Aggregated Accuracies: 0.7015476190476189 14
Communication round: 28, Smart Eavesdropper Accuracy: 0.49772727272727274 14 1
Communication round: 29, Aggregated Accuracies: 0.7338095238095239 15
Communication round: 29, Smart Eavesdropper Accuracy: 0.46136363636363636 15 1
Communication round: 30, Eavesdropper Accuracy: 0.7659090909090909 16 1
Communication round: 31, Eavesdropper Accuracy: 0.7727272727272727 17 1
Communication round: 32, Eavesdropper Accuracy: 0.7681818181818182 18 1
Communication round: 33, Eavesdropper Accuracy: 0.7386363636363636 18 0
Communication round: 34, Eavesdropper Accuracy: 0.7681818181818182 19 1
Communication round: 35, Aggregated Accuracies: 0.7566666666666666 20
Communication round: 35, Eavesdropper Accuracy: 0.7863636363636364 20 1
Communication round: 36, Aggregated Accuracies: 0.7804761904761904 21
Communication round: 36, Eavesdropper Accuracy: 0.775 21 1
Communication round: 37, Eavesdropper Accuracy: 0.7977272727272727 22 1
Communication round: 38, Eavesdropper Accuracy: 0.7977272727272727 23 1
Communication round: 39, Eavesdropper Accuracy: 0.7909090909090909 24 1
Communication round: 40, Eavesdropper Accuracy: 0.8022727272727272 25 1
Communication round: 41, Eavesdropper Accuracy: 0.7977272727272727 26 1
Communication round: 42, Eavesdropper Accuracy: 0.8295454545454546 27 1
Communication round: 43, Eavesdropper Accuracy: 0.8090909090909091 27 0
Communication round: 44, Aggregated Accuracies: 0.7823809523809524 28
Communication round: 44, Eavesdropper Accuracy: 0.7954545454545454 28 1
Communication round: 45, Eavesdropper Accuracy: 0.8068181818181818 28 0
Communication round: 46, Eavesdropper Accuracy: 0.7863636363636364 29 1
Communication round: 47, Eavesdropper Accuracy: 0.7931818181818182 29 0
Communication round: 48, Eavesdropper Accuracy: 0.8181818181818182 29 0
Communication round: 49, Eavesdropper Accuracy: 0.8295454545454546 29 0
Communication round: 50, Eavesdropper Accuracy: 0.7795454545454545 29 0
Communication round: 51, Eavesdropper Accuracy: 0.7613636363636364 29 0
Communication round: 52, Eavesdropper Accuracy: 0.8045454545454546 30 1
Communication round: 53, Eavesdropper Accuracy: 0.7681818181818182 31 1
Communication round: 54, Eavesdropper Accuracy: 0.7931818181818182 31 0
Communication round: 55, Eavesdropper Accuracy: 0.825 32 1
Communication round: 56, Aggregated Accuracies: 0.808452380952381 33
Communication round: 56, Eavesdropper Accuracy: 0.8136363636363636 33 1
Communication round: 57, Eavesdropper Accuracy: 0.8204545454545454 33 0
Communication round: 58, Eavesdropper Accuracy: 0.8613636363636363 33 0
Communication round: 59, Eavesdropper Accuracy: 0.8227272727272728 33 0
Communication round: 60, Eavesdropper Accuracy: 0.8159090909090909 33 0
Communication round: 61, Eavesdropper Accuracy: 0.8204545454545454 33 0
Communication round: 62, Eavesdropper Accuracy: 0.8295454545454546 33 0
Communication round: 63, Eavesdropper Accuracy: 0.7977272727272727 33 0
Communication round: 64, Aggregated Accuracies: 0.8192857142857143 34
Communication round: 64, Eavesdropper Accuracy: 0.8431818181818181 34 1
Communication round: 65, Eavesdropper Accuracy: 0.8590909090909091 34 0
Communication round: 66, Aggregated Accuracies: 0.8414285714285713 35
Communication round: 66, Eavesdropper Accuracy: 0.8522727272727273 35 1
Communication round: 67, Eavesdropper Accuracy: 0.8477272727272728 35 0
Communication round: 68, Eavesdropper Accuracy: 0.8386363636363636 35 0
Communication round: 69, Smart Eavesdropper Accuracy: 0.6818181818181818 35 0
Communication round: 70, Eavesdropper Accuracy: 0.865909090909091 36 1
Communication round: 71, Smart Eavesdropper Accuracy: 0.7113636363636363 36 0
Communication round: 72, Aggregated Accuracies: 0.8427380952380952 37
Communication round: 72, Eavesdropper Accuracy: 0.8477272727272728 37 1
Communication round: 73, Aggregated Accuracies: 0.8453571428571429 38
Communication round: 73, Eavesdropper Accuracy: 0.8545454545454545 38 1
Communication round: 74, Eavesdropper Accuracy: 0.8545454545454545 38 0
Communication round: 75, Eavesdropper Accuracy: 0.865909090909091 39 1
Communication round: 76, Eavesdropper Accuracy: 0.8363636363636363 39 0
Communication round: 77, Smart Eavesdropper Accuracy: 0.7181818181818181 39 0
Communication round: 78, Aggregated Accuracies: 0.8600000000000001 40
Communication round: 78, Eavesdropper Accuracy: 0.8681818181818182 40 1
Communication round: 79, Eavesdropper Accuracy: 0.8386363636363636 41 1
Communication round: 80, Eavesdropper Accuracy: 0.8545454545454545 41 0
Communication round: 81, Aggregated Accuracies: 0.8658333333333333 42
Communication round: 81, Eavesdropper Accuracy: 0.8795454545454545 42 1
Communication round: 82, Eavesdropper Accuracy: 0.8886363636363637 43 1
Communication round: 83, Eavesdropper Accuracy: 0.8772727272727273 43 0
Communication round: 84, Eavesdropper Accuracy: 0.8613636363636363 44 1
Communication round: 85, Eavesdropper Accuracy: 0.8727272727272727 45 1
Communication round: 86, Eavesdropper Accuracy: 0.8568181818181818 46 1
Communication round: 87, Eavesdropper Accuracy: 0.8613636363636363 46 0
Communication round: 88, Eavesdropper Accuracy: 0.8477272727272728 46 0
Communication round: 89, Eavesdropper Accuracy: 0.875 46 0
Communication round: 90, Eavesdropper Accuracy: 0.8818181818181818 46 0
Communication round: 91, Smart Eavesdropper Accuracy: 0.7227272727272728 46 0
Communication round: 92, Smart Eavesdropper Accuracy: 0.725 46 0
Communication round: 93, Smart Eavesdropper Accuracy: 0.6840909090909091 46 0
Communication round: 94, Smart Eavesdropper Accuracy: 0.7204545454545455 46 0
Communication round: 95, Smart Eavesdropper Accuracy: 0.6931818181818182 46 0
Communication round: 96, Smart Eavesdropper Accuracy: 0.6545454545454545 46 0
Communication round: 97, Smart Eavesdropper Accuracy: 0.6636363636363637 47 1
Communication round: 98, Aggregated Accuracies: 0.8696428571428572 48
Communication round: 98, Smart Eavesdropper Accuracy: 0.675 48 1
Communication round: 99, Smart Eavesdropper Accuracy: 0.675 49 1
----------------------------------------------------------------------------------------------------
----------------------------------------------------------------------------------------------------
20_30_100_0.1_5_0.99_False_
----------------------------------------------------------------------------------------------------
Communication round: 0, Smart Eavesdropper Accuracy: 0.10454545454545454 0 0
Communication round: 1, Smart Eavesdropper Accuracy: 0.23636363636363636 0 0
Communication round: 2, Smart Eavesdropper Accuracy: 0.31363636363636366 0 0
Communication round: 3, Smart Eavesdropper Accuracy: 0.37272727272727274 0 0
Communication round: 4, Smart Eavesdropper Accuracy: 0.37727272727272726 1 1
Communication round: 5, Smart Eavesdropper Accuracy: 0.3886363636363636 2 1
Communication round: 6, Aggregated Accuracies: 0.12857142857142861 3
Communication round: 6, Smart Eavesdropper Accuracy: 0.4590909090909091 3 1
Communication round: 7, Aggregated Accuracies: 0.18166666666666667 4
Communication round: 7, Smart Eavesdropper Accuracy: 0.4159090909090909 4 1
Communication round: 8, Eavesdropper Accuracy: 0.15227272727272728 5 1
Communication round: 9, Aggregated Accuracies: 0.2723809523809524 6
Communication round: 9, Eavesdropper Accuracy: 0.3522727272727273 6 1
Communication round: 10, Aggregated Accuracies: 0.39083333333333325 7
Communication round: 10, Eavesdropper Accuracy: 0.42272727272727273 7 1
Communication round: 11, Eavesdropper Accuracy: 0.4431818181818182 7 0
Communication round: 12, Eavesdropper Accuracy: 0.4863636363636364 7 0
Communication round: 13, Eavesdropper Accuracy: 0.4954545454545455 8 1
Communication round: 14, Eavesdropper Accuracy: 0.4681818181818182 9 1
Communication round: 15, Aggregated Accuracies: 0.4970238095238095 10
Communication round: 15, Eavesdropper Accuracy: 0.5159090909090909 10 1
Communication round: 16, Eavesdropper Accuracy: 0.5340909090909091 10 0
Communication round: 17, Eavesdropper Accuracy: 0.5045454545454545 11 1
Communication round: 18, Eavesdropper Accuracy: 0.5181818181818182 12 1
Communication round: 19, Eavesdropper Accuracy: 0.5613636363636364 13 1
Communication round: 20, Aggregated Accuracies: 0.5823809523809523 14
Communication round: 20, Eavesdropper Accuracy: 0.6113636363636363 14 1
Communication round: 21, Eavesdropper Accuracy: 0.6113636363636363 15 1
Communication round: 22, Eavesdropper Accuracy: 0.6227272727272727 15 0
Communication round: 23, Aggregated Accuracies: 0.6360714285714284 16
Communication round: 23, Eavesdropper Accuracy: 0.6704545454545454 16 1
Communication round: 24, Eavesdropper Accuracy: 0.6704545454545454 16 0
Communication round: 25, Eavesdropper Accuracy: 0.7227272727272728 17 1
Communication round: 26, Eavesdropper Accuracy: 0.6909090909090909 17 0
Communication round: 27, Aggregated Accuracies: 0.6765476190476191 18
Communication round: 27, Eavesdropper Accuracy: 0.7227272727272728 18 1
Communication round: 28, Eavesdropper Accuracy: 0.7227272727272728 19 1
Communication round: 29, Eavesdropper Accuracy: 0.7272727272727273 20 1
Communication round: 30, Aggregated Accuracies: 0.7227380952380951 21
Communication round: 30, Eavesdropper Accuracy: 0.7477272727272727 21 1
Communication round: 31, Eavesdropper Accuracy: 0.7386363636363636 21 0
Communication round: 32, Eavesdropper Accuracy: 0.7340909090909091 21 0
Communication round: 33, Eavesdropper Accuracy: 0.7522727272727273 21 0
Communication round: 34, Aggregated Accuracies: 0.7710714285714284 22
Communication round: 34, Eavesdropper Accuracy: 0.7704545454545455 22 1
Communication round: 35, Aggregated Accuracies: 0.7986904761904763 23
Communication round: 35, Eavesdropper Accuracy: 0.8045454545454546 23 1
Communication round: 36, Aggregated Accuracies: 0.807857142857143 24
Communication round: 36, Eavesdropper Accuracy: 0.825 24 1
Communication round: 37, Eavesdropper Accuracy: 0.8113636363636364 25 1
Communication round: 38, Aggregated Accuracies: 0.8252380952380951 26
Communication round: 38, Eavesdropper Accuracy: 0.8409090909090909 26 1
Communication round: 39, Eavesdropper Accuracy: 0.8386363636363636 27 1
Communication round: 40, Aggregated Accuracies: 0.8421428571428573 28
Communication round: 40, Eavesdropper Accuracy: 0.8795454545454545 28 1
Communication round: 41, Eavesdropper Accuracy: 0.8704545454545455 28 0
Communication round: 42, Eavesdropper Accuracy: 0.8590909090909091 28 0
Communication round: 43, Eavesdropper Accuracy: 0.8636363636363636 28 0
Communication round: 44, Eavesdropper Accuracy: 0.8568181818181818 28 0
Communication round: 45, Eavesdropper Accuracy: 0.8340909090909091 28 0
Communication round: 46, Eavesdropper Accuracy: 0.8545454545454545 29 1
Communication round: 47, Eavesdropper Accuracy: 0.8590909090909091 30 1
Communication round: 48, Eavesdropper Accuracy: 0.8613636363636363 30 0
Communication round: 49, Eavesdropper Accuracy: 0.8795454545454545 30 0
Communication round: 50, Eavesdropper Accuracy: 0.8181818181818182 30 0
Communication round: 51, Eavesdropper Accuracy: 0.8568181818181818 30 0
Communication round: 52, Eavesdropper Accuracy: 0.8477272727272728 30 0
Communication round: 53, Eavesdropper Accuracy: 0.8431818181818181 30 0
Communication round: 54, Eavesdropper Accuracy: 0.8681818181818182 30 0
Communication round: 55, Eavesdropper Accuracy: 0.8454545454545455 30 0
Communication round: 56, Eavesdropper Accuracy: 0.865909090909091 30 0
Communication round: 57, Aggregated Accuracies: 0.8476190476190476 31
Communication round: 57, Eavesdropper Accuracy: 0.8727272727272727 31 1
Communication round: 58, Aggregated Accuracies: 0.8577380952380953 32
Communication round: 58, Eavesdropper Accuracy: 0.8477272727272728 32 1
Communication round: 59, Eavesdropper Accuracy: 0.8681818181818182 33 1
Communication round: 60, Eavesdropper Accuracy: 0.884090909090909 33 0
Communication round: 61, Eavesdropper Accuracy: 0.8681818181818182 33 0
Communication round: 62, Eavesdropper Accuracy: 0.8568181818181818 33 0
Communication round: 63, Aggregated Accuracies: 0.8649999999999999 34
Communication round: 63, Eavesdropper Accuracy: 0.8863636363636364 34 1
Communication round: 64, Eavesdropper Accuracy: 0.8590909090909091 34 0
Communication round: 65, Eavesdropper Accuracy: 0.875 34 0
Communication round: 66, Eavesdropper Accuracy: 0.8909090909090909 34 0
Communication round: 67, Aggregated Accuracies: 0.8666666666666666 35
Communication round: 67, Eavesdropper Accuracy: 0.8704545454545455 35 1
Communication round: 68, Aggregated Accuracies: 0.881904761904762 36
Communication round: 68, Eavesdropper Accuracy: 0.9 36 1
Communication round: 69, Aggregated Accuracies: 0.8846428571428572 37
Communication round: 69, Eavesdropper Accuracy: 0.8909090909090909 37 1
Communication round: 70, Aggregated Accuracies: 0.8891666666666665 38
Communication round: 70, Eavesdropper Accuracy: 0.9022727272727272 38 1
Communication round: 71, Aggregated Accuracies: 0.899642857142857 39
Communication round: 71, Eavesdropper Accuracy: 0.9136363636363637 39 1
Communication round: 72, Aggregated Accuracies: 0.9001190476190477 40
Communication round: 72, Eavesdropper Accuracy: 0.9318181818181818 40 1
Communication round: 73, Eavesdropper Accuracy: 0.9227272727272727 40 0
Communication round: 74, Eavesdropper Accuracy: 0.9159090909090909 40 0
Communication round: 75, Eavesdropper Accuracy: 0.9090909090909091 40 0
Communication round: 76, Eavesdropper Accuracy: 0.8977272727272727 40 0
Communication round: 77, Eavesdropper Accuracy: 0.9022727272727272 40 0
Communication round: 78, Eavesdropper Accuracy: 0.9113636363636364 40 0
Communication round: 79, Smart Eavesdropper Accuracy: 0.8272727272727273 40 0
Communication round: 80, Smart Eavesdropper Accuracy: 0.8545454545454545 40 0
Communication round: 81, Smart Eavesdropper Accuracy: 0.7931818181818182 40 0
Communication round: 82, Smart Eavesdropper Accuracy: 0.7522727272727273 41 1
Communication round: 83, Aggregated Accuracies: 0.9048809523809525 42
Communication round: 83, Smart Eavesdropper Accuracy: 0.7204545454545455 42 1
Communication round: 84, Smart Eavesdropper Accuracy: 0.759090909090909 42 0
Communication round: 85, Smart Eavesdropper Accuracy: 0.7204545454545455 43 1
Communication round: 86, Aggregated Accuracies: 0.908690476190476 44
Communication round: 86, Eavesdropper Accuracy: 0.9272727272727272 44 1
Communication round: 87, Aggregated Accuracies: 0.9113095238095237 45
Communication round: 87, Eavesdropper Accuracy: 0.9318181818181818 45 1
Communication round: 88, Eavesdropper Accuracy: 0.9113636363636364 46 1
Communication round: 89, Eavesdropper Accuracy: 0.9181818181818182 46 0
Communication round: 90, Eavesdropper Accuracy: 0.9318181818181818 47 1
Communication round: 91, Eavesdropper Accuracy: 0.9090909090909091 47 0
Communication round: 92, Eavesdropper Accuracy: 0.9295454545454546 47 0
Communication round: 93, Smart Eavesdropper Accuracy: 0.8818181818181818 47 0
Communication round: 94, Eavesdropper Accuracy: 0.9409090909090909 48 1
Communication round: 95, Eavesdropper Accuracy: 0.925 49 1
Communication round: 96, Eavesdropper Accuracy: 0.9318181818181818 49 0
Communication round: 97, Aggregated Accuracies: 0.9132142857142856 50
Communication round: 97, Eavesdropper Accuracy: 0.9227272727272727 50 1
Communication round: 98, Eavesdropper Accuracy: 0.9045454545454545 50 0
Communication round: 99, Smart Eavesdropper Accuracy: 0.8454545454545455 50 0
----------------------------------------------------------------------------------------------------
----------------------------------------------------------------------------------------------------
20_30_100_0.1_5_0.99_False_
----------------------------------------------------------------------------------------------------
Communication round: 0, Smart Eavesdropper Accuracy: 0.17954545454545454 0 0
Communication round: 1, Aggregated Accuracies: 0.1680952380952381 1
Communication round: 1, Smart Eavesdropper Accuracy: 0.25 1 1
Communication round: 2, Smart Eavesdropper Accuracy: 0.28863636363636364 1 0
Communication round: 3, Smart Eavesdropper Accuracy: 0.3704545454545455 2 1
Communication round: 4, Eavesdropper Accuracy: 0.16363636363636364 3 1
Communication round: 5, Aggregated Accuracies: 0.21833333333333335 4
Communication round: 5, Eavesdropper Accuracy: 0.21818181818181817 4 1
Communication round: 6, Eavesdropper Accuracy: 0.23863636363636365 5 1
Communication round: 7, Eavesdropper Accuracy: 0.22272727272727272 6 1
Communication round: 8, Eavesdropper Accuracy: 0.19772727272727272 7 1
Communication round: 9, Eavesdropper Accuracy: 0.20909090909090908 7 0
Communication round: 10, Eavesdropper Accuracy: 0.19545454545454546 7 0
Communication round: 11, Eavesdropper Accuracy: 0.20454545454545456 8 1
Communication round: 12, Eavesdropper Accuracy: 0.26136363636363635 9 1
Communication round: 13, Eavesdropper Accuracy: 0.2409090909090909 9 0
Communication round: 14, Eavesdropper Accuracy: 0.225 9 0
Communication round: 15, Aggregated Accuracies: 0.2955952380952381 10
Communication round: 15, Eavesdropper Accuracy: 0.3340909090909091 10 1
Communication round: 16, Eavesdropper Accuracy: 0.28863636363636364 10 0
Communication round: 17, Aggregated Accuracies: 0.3761904761904762 11
Communication round: 17, Eavesdropper Accuracy: 0.41818181818181815 11 1
Communication round: 18, Eavesdropper Accuracy: 0.425 11 0
Communication round: 19, Eavesdropper Accuracy: 0.38181818181818183 11 0
Communication round: 20, Aggregated Accuracies: 0.5029761904761905 12
Communication round: 20, Eavesdropper Accuracy: 0.5431818181818182 12 1
Communication round: 21, Eavesdropper Accuracy: 0.5454545454545454 12 0
Communication round: 22, Eavesdropper Accuracy: 0.5340909090909091 12 0
Communication round: 23, Aggregated Accuracies: 0.5930952380952381 13
Communication round: 23, Eavesdropper Accuracy: 0.6181818181818182 13 1
Communication round: 24, Eavesdropper Accuracy: 0.6227272727272727 13 0
Communication round: 25, Aggregated Accuracies: 0.6435714285714285 14
Communication round: 25, Eavesdropper Accuracy: 0.7545454545454545 14 1
Communication round: 26, Aggregated Accuracies: 0.7046428571428571 15
Communication round: 26, Eavesdropper Accuracy: 0.7477272727272727 15 1
Communication round: 27, Aggregated Accuracies: 0.7658333333333331 16
Communication round: 27, Eavesdropper Accuracy: 0.8136363636363636 16 1
Communication round: 28, Aggregated Accuracies: 0.7997619047619049 17
Communication round: 28, Eavesdropper Accuracy: 0.8545454545454545 17 1
Communication round: 29, Aggregated Accuracies: 0.8345238095238094 18
Communication round: 29, Eavesdropper Accuracy: 0.865909090909091 18 1
Communication round: 30, Eavesdropper Accuracy: 0.8795454545454545 18 0
Communication round: 31, Aggregated Accuracies: 0.8458333333333332 19
Communication round: 31, Eavesdropper Accuracy: 0.8704545454545455 19 1
Communication round: 32, Eavesdropper Accuracy: 0.8818181818181818 19 0
Communication round: 33, Eavesdropper Accuracy: 0.8545454545454545 19 0
Communication round: 34, Aggregated Accuracies: 0.8698809523809521 20
Communication round: 34, Eavesdropper Accuracy: 0.8636363636363636 20 1
Communication round: 35, Eavesdropper Accuracy: 0.8795454545454545 20 0
Communication round: 36, Aggregated Accuracies: 0.8729761904761908 21
Communication round: 36, Eavesdropper Accuracy: 0.8954545454545455 21 1
Communication round: 37, Aggregated Accuracies: 0.8842857142857141 22
Communication round: 37, Eavesdropper Accuracy: 0.9 22 1
Communication round: 38, Aggregated Accuracies: 0.8929761904761904 23
Communication round: 38, Eavesdropper Accuracy: 0.9113636363636364 23 1
Communication round: 39, Aggregated Accuracies: 0.8963095238095239 24
Communication round: 39, Eavesdropper Accuracy: 0.9181818181818182 24 1
Communication round: 40, Eavesdropper Accuracy: 0.9136363636363637 24 0
Communication round: 41, Eavesdropper Accuracy: 0.8954545454545455 24 0
Communication round: 42, Eavesdropper Accuracy: 0.9045454545454545 24 0
Communication round: 43, Eavesdropper Accuracy: 0.9045454545454545 24 0
Communication round: 44, Eavesdropper Accuracy: 0.9159090909090909 24 0
Communication round: 45, Eavesdropper Accuracy: 0.9090909090909091 24 0
Communication round: 46, Eavesdropper Accuracy: 0.9090909090909091 24 0
Communication round: 47, Smart Eavesdropper Accuracy: 0.75 24 0
Communication round: 48, Smart Eavesdropper Accuracy: 0.7295454545454545 24 0
Communication round: 49, Smart Eavesdropper Accuracy: 0.7181818181818181 24 0
Communication round: 50, Aggregated Accuracies: 0.9013095238095236 25
Communication round: 50, Smart Eavesdropper Accuracy: 0.7204545454545455 25 1
Communication round: 51, Smart Eavesdropper Accuracy: 0.6840909090909091 25 0
Communication round: 52, Smart Eavesdropper Accuracy: 0.6659090909090909 25 0
Communication round: 53, Smart Eavesdropper Accuracy: 0.6636363636363637 25 0
Communication round: 54, Smart Eavesdropper Accuracy: 0.6818181818181818 25 0
Communication round: 55, Smart Eavesdropper Accuracy: 0.6363636363636364 25 0
Communication round: 56, Smart Eavesdropper Accuracy: 0.634090909090909 26 1
Communication round: 57, Smart Eavesdropper Accuracy: 0.6636363636363637 26 0
Communication round: 58, Smart Eavesdropper Accuracy: 0.6431818181818182 26 0
Communication round: 59, Smart Eavesdropper Accuracy: 0.6227272727272727 26 0
Communication round: 60, Aggregated Accuracies: 0.9067857142857143 27
Communication round: 60, Smart Eavesdropper Accuracy: 0.675 27 1
Communication round: 61, Smart Eavesdropper Accuracy: 0.6681818181818182 28 1
Communication round: 62, Aggregated Accuracies: 0.9136904761904763 29
Communication round: 62, Smart Eavesdropper Accuracy: 0.7227272727272728 29 1
Communication round: 63, Aggregated Accuracies: 0.9161904761904763 30
Communication round: 63, Smart Eavesdropper Accuracy: 0.6727272727272727 30 1
Communication round: 64, Aggregated Accuracies: 0.9164285714285715 31
Communication round: 64, Smart Eavesdropper Accuracy: 0.6772727272727272 31 1
Communication round: 65, Aggregated Accuracies: 0.9245238095238093 32
Communication round: 65, Smart Eavesdropper Accuracy: 0.6431818181818182 32 1
Communication round: 66, Aggregated Accuracies: 0.9260714285714284 33
Communication round: 66, Smart Eavesdropper Accuracy: 0.615909090909091 33 1
Communication round: 67, Aggregated Accuracies: 0.9276190476190477 34
Communication round: 67, Smart Eavesdropper Accuracy: 0.6113636363636363 34 1
Communication round: 68, Aggregated Accuracies: 0.9264285714285714 35
Communication round: 68, Eavesdropper Accuracy: 0.9318181818181818 35 1
Communication round: 69, Aggregated Accuracies: 0.9259523809523811 36
Communication round: 69, Eavesdropper Accuracy: 0.9522727272727273 36 1
Communication round: 70, Aggregated Accuracies: 0.9290476190476191 37
Communication round: 70, Eavesdropper Accuracy: 0.95 37 1
Communication round: 71, Aggregated Accuracies: 0.9340476190476188 38
Communication round: 71, Eavesdropper Accuracy: 0.9318181818181818 38 1
Communication round: 72, Eavesdropper Accuracy: 0.9318181818181818 38 0
Communication round: 73, Aggregated Accuracies: 0.9366666666666665 39
Communication round: 73, Eavesdropper Accuracy: 0.9340909090909091 39 1
Communication round: 74, Eavesdropper Accuracy: 0.9522727272727273 39 0
Communication round: 75, Eavesdropper Accuracy: 0.9590909090909091 39 0
Communication round: 76, Eavesdropper Accuracy: 0.9386363636363636 39 0
Communication round: 77, Smart Eavesdropper Accuracy: 0.8568181818181818 39 0
Communication round: 78, Smart Eavesdropper Accuracy: 0.8272727272727273 39 0
Communication round: 79, Smart Eavesdropper Accuracy: 0.8477272727272728 39 0
Communication round: 80, Smart Eavesdropper Accuracy: 0.7954545454545454 39 0
Communication round: 81, Smart Eavesdropper Accuracy: 0.8181818181818182 39 0
Communication round: 82, Smart Eavesdropper Accuracy: 0.7772727272727272 39 0
Communication round: 83, Smart Eavesdropper Accuracy: 0.7818181818181819 39 0
Communication round: 84, Smart Eavesdropper Accuracy: 0.7863636363636364 39 0
Communication round: 85, Smart Eavesdropper Accuracy: 0.7931818181818182 39 0
Communication round: 86, Smart Eavesdropper Accuracy: 0.7636363636363637 39 0
Communication round: 87, Smart Eavesdropper Accuracy: 0.7545454545454545 39 0
Communication round: 88, Smart Eavesdropper Accuracy: 0.7863636363636364 39 0
Communication round: 89, Smart Eavesdropper Accuracy: 0.7318181818181818 39 0
Communication round: 90, Smart Eavesdropper Accuracy: 0.7636363636363637 39 0
Communication round: 91, Smart Eavesdropper Accuracy: 0.7454545454545455 39 0
Communication round: 92, Smart Eavesdropper Accuracy: 0.7727272727272727 39 0
Communication round: 93, Smart Eavesdropper Accuracy: 0.7113636363636363 39 0
Communication round: 94, Smart Eavesdropper Accuracy: 0.7363636363636363 39 0
Communication round: 95, Smart Eavesdropper Accuracy: 0.6613636363636364 39 0
Communication round: 96, Smart Eavesdropper Accuracy: 0.7318181818181818 39 0
Communication round: 97, Smart Eavesdropper Accuracy: 0.6727272727272727 39 0
Communication round: 98, Smart Eavesdropper Accuracy: 0.7363636363636363 39 0
Communication round: 99, Smart Eavesdropper Accuracy: 0.7295454545454545 39 0
----------------------------------------------------------------------------------------------------
----------------------------------------------------------------------------------------------------
20_30_100_0.1_5_0.99_False_
----------------------------------------------------------------------------------------------------
Communication round: 0, Eavesdropper Accuracy: 0.04772727272727273 1 1
Communication round: 1, Smart Eavesdropper Accuracy: 0.11136363636363636 1 0
Communication round: 2, Smart Eavesdropper Accuracy: 0.20454545454545456 1 0
Communication round: 3, Smart Eavesdropper Accuracy: 0.3340909090909091 2 1
Communication round: 4, Eavesdropper Accuracy: 0.045454545454545456 3 1
Communication round: 5, Eavesdropper Accuracy: 0.05 4 1
Communication round: 6, Eavesdropper Accuracy: 0.08181818181818182 4 0
Communication round: 7, Smart Eavesdropper Accuracy: 0.08636363636363636 4 0
Communication round: 8, Aggregated Accuracies: 0.10904761904761906 5
Communication round: 8, Eavesdropper Accuracy: 0.09318181818181819 5 1
Communication round: 9, Aggregated Accuracies: 0.21202380952380953 6
Communication round: 9, Eavesdropper Accuracy: 0.23636363636363636 6 1
Communication round: 10, Eavesdropper Accuracy: 0.2431818181818182 6 0
Communication round: 11, Aggregated Accuracies: 0.32392857142857145 7
Communication round: 11, Eavesdropper Accuracy: 0.3568181818181818 7 1
Communication round: 12, Eavesdropper Accuracy: 0.35 7 0
Communication round: 13, Eavesdropper Accuracy: 0.37272727272727274 8 1
Communication round: 14, Eavesdropper Accuracy: 0.3568181818181818 8 0
Communication round: 15, Eavesdropper Accuracy: 0.34545454545454546 9 1
Communication round: 16, Aggregated Accuracies: 0.41261904761904766 10
Communication round: 16, Eavesdropper Accuracy: 0.44545454545454544 10 1
Communication round: 17, Eavesdropper Accuracy: 0.4409090909090909 10 0
Communication round: 18, Eavesdropper Accuracy: 0.43863636363636366 11 1
Communication round: 19, Eavesdropper Accuracy: 0.45227272727272727 11 0
Communication round: 20, Eavesdropper Accuracy: 0.42727272727272725 12 1
Communication round: 21, Eavesdropper Accuracy: 0.45227272727272727 13 1
Communication round: 22, Eavesdropper Accuracy: 0.43636363636363634 13 0
Communication round: 23, Eavesdropper Accuracy: 0.4090909090909091 13 0
Communication round: 24, Eavesdropper Accuracy: 0.4590909090909091 14 1
Communication round: 25, Eavesdropper Accuracy: 0.4113636363636364 15 1
Communication round: 26, Eavesdropper Accuracy: 0.43636363636363634 16 1
Communication round: 27, Aggregated Accuracies: 0.49523809523809526 17
Communication round: 27, Eavesdropper Accuracy: 0.5136363636363637 17 1
Communication round: 28, Eavesdropper Accuracy: 0.509090909090909 18 1
Communication round: 29, Eavesdropper Accuracy: 0.5340909090909091 18 0
Communication round: 30, Eavesdropper Accuracy: 0.4954545454545455 18 0
Communication round: 31, Aggregated Accuracies: 0.5710714285714285 19
Communication round: 31, Eavesdropper Accuracy: 0.5840909090909091 19 1
Communication round: 32, Eavesdropper Accuracy: 0.5886363636363636 19 0
Communication round: 33, Eavesdropper Accuracy: 0.5954545454545455 19 0
Communication round: 34, Eavesdropper Accuracy: 0.6045454545454545 19 0
Communication round: 35, Aggregated Accuracies: 0.6289285714285714 20
Communication round: 35, Eavesdropper Accuracy: 0.6386363636363637 20 1
Communication round: 36, Aggregated Accuracies: 0.6788095238095238 21
Communication round: 36, Eavesdropper Accuracy: 0.6704545454545454 21 1
Communication round: 37, Aggregated Accuracies: 0.7161904761904759 22
Communication round: 37, Eavesdropper Accuracy: 0.7 22 1
Communication round: 38, Eavesdropper Accuracy: 0.7227272727272728 22 0
Communication round: 39, Eavesdropper Accuracy: 0.7318181818181818 23 1
Communication round: 40, Eavesdropper Accuracy: 0.759090909090909 24 1
Communication round: 41, Aggregated Accuracies: 0.7347619047619047 25
Communication round: 41, Eavesdropper Accuracy: 0.7659090909090909 25 1
Communication round: 42, Eavesdropper Accuracy: 0.7522727272727273 26 1
Communication round: 43, Eavesdropper Accuracy: 0.7522727272727273 27 1
Communication round: 44, Aggregated Accuracies: 0.7584523809523809 28
Communication round: 44, Eavesdropper Accuracy: 0.7659090909090909 28 1
Communication round: 45, Eavesdropper Accuracy: 0.7522727272727273 29 1
Communication round: 46, Eavesdropper Accuracy: 0.7909090909090909 30 1
Communication round: 47, Eavesdropper Accuracy: 0.7613636363636364 31 1
Communication round: 48, Aggregated Accuracies: 0.7802380952380952 32
Communication round: 48, Eavesdropper Accuracy: 0.7909090909090909 32 1
Communication round: 49, Aggregated Accuracies: 0.8060714285714287 33
Communication round: 49, Eavesdropper Accuracy: 0.8363636363636363 33 1
Communication round: 50, Eavesdropper Accuracy: 0.8 33 0
Communication round: 51, Aggregated Accuracies: 0.8252380952380953 34
Communication round: 51, Eavesdropper Accuracy: 0.8386363636363636 34 1
Communication round: 52, Eavesdropper Accuracy: 0.8636363636363636 34 0
Communication round: 53, Eavesdropper Accuracy: 0.8477272727272728 34 0
Communication round: 54, Eavesdropper Accuracy: 0.8295454545454546 34 0
Communication round: 55, Eavesdropper Accuracy: 0.8136363636363636 34 0
Communication round: 56, Eavesdropper Accuracy: 0.8431818181818181 34 0
Communication round: 57, Eavesdropper Accuracy: 0.85 34 0
Communication round: 58, Aggregated Accuracies: 0.832857142857143 35
Communication round: 58, Eavesdropper Accuracy: 0.85 35 1
Communication round: 59, Aggregated Accuracies: 0.8472619047619048 36
Communication round: 59, Eavesdropper Accuracy: 0.8454545454545455 36 1
Communication round: 60, Eavesdropper Accuracy: 0.8795454545454545 36 0
Communication round: 61, Aggregated Accuracies: 0.8584523809523811 37
Communication round: 61, Eavesdropper Accuracy: 0.8590909090909091 37 1
Communication round: 62, Eavesdropper Accuracy: 0.875 37 0
Communication round: 63, Eavesdropper Accuracy: 0.8772727272727273 37 0
Communication round: 64, Eavesdropper Accuracy: 0.8545454545454545 38 1
Communication round: 65, Aggregated Accuracies: 0.8633333333333335 39
Communication round: 65, Eavesdropper Accuracy: 0.8772727272727273 39 1
Communication round: 66, Eavesdropper Accuracy: 0.8818181818181818 39 0
Communication round: 67, Aggregated Accuracies: 0.8777380952380953 40
Communication round: 67, Eavesdropper Accuracy: 0.8931818181818182 40 1
Communication round: 68, Aggregated Accuracies: 0.8785714285714287 41
Communication round: 68, Eavesdropper Accuracy: 0.884090909090909 41 1
Communication round: 69, Aggregated Accuracies: 0.8884523809523811 42
Communication round: 69, Eavesdropper Accuracy: 0.884090909090909 42 1
Communication round: 70, Aggregated Accuracies: 0.8966666666666665 43
Communication round: 70, Eavesdropper Accuracy: 0.9159090909090909 43 1
Communication round: 71, Aggregated Accuracies: 0.9009523809523807 44
Communication round: 71, Eavesdropper Accuracy: 0.9340909090909091 44 1
Communication round: 72, Aggregated Accuracies: 0.9020238095238096 45
Communication round: 72, Eavesdropper Accuracy: 0.9 45 1
Communication round: 73, Aggregated Accuracies: 0.9094047619047618 46
Communication round: 73, Eavesdropper Accuracy: 0.9227272727272727 46 1
Communication round: 74, Aggregated Accuracies: 0.9126190476190474 47
Communication round: 74, Eavesdropper Accuracy: 0.9181818181818182 47 1
Communication round: 75, Aggregated Accuracies: 0.9123809523809525 48
Communication round: 75, Eavesdropper Accuracy: 0.9318181818181818 48 1
Communication round: 76, Aggregated Accuracies: 0.9191666666666667 49
Communication round: 76, Eavesdropper Accuracy: 0.9454545454545454 49 1
Communication round: 77, Aggregated Accuracies: 0.9222619047619046 50
Communication round: 77, Eavesdropper Accuracy: 0.9363636363636364 50 1
Communication round: 78, Eavesdropper Accuracy: 0.9340909090909091 50 0
Communication round: 79, Eavesdropper Accuracy: 0.9272727272727272 50 0
Communication round: 80, Eavesdropper Accuracy: 0.9272727272727272 50 0
Communication round: 81, Eavesdropper Accuracy: 0.9409090909090909 50 0
Communication round: 82, Aggregated Accuracies: 0.9244047619047617 51
Communication round: 82, Eavesdropper Accuracy: 0.9340909090909091 51 1
Communication round: 83, Eavesdropper Accuracy: 0.9295454545454546 51 0
Communication round: 84, Eavesdropper Accuracy: 0.9477272727272728 51 0
Communication round: 85, Eavesdropper Accuracy: 0.9409090909090909 51 0
Communication round: 86, Eavesdropper Accuracy: 0.9340909090909091 51 0
Communication round: 87, Eavesdropper Accuracy: 0.9295454545454546 51 0
Communication round: 88, Eavesdropper Accuracy: 0.9295454545454546 51 0
Communication round: 89, Eavesdropper Accuracy: 0.9295454545454546 51 0
Communication round: 90, Eavesdropper Accuracy: 0.9318181818181818 51 0
Communication round: 91, Eavesdropper Accuracy: 0.9386363636363636 51 0
Communication round: 92, Eavesdropper Accuracy: 0.9136363636363637 51 0
Communication round: 93, Eavesdropper Accuracy: 0.9386363636363636 51 0
Communication round: 94, Eavesdropper Accuracy: 0.9272727272727272 51 0
Communication round: 95, Eavesdropper Accuracy: 0.9272727272727272 51 0
Communication round: 96, Eavesdropper Accuracy: 0.9227272727272727 51 0
Communication round: 97, Eavesdropper Accuracy: 0.9522727272727273 51 0
Communication round: 98, Eavesdropper Accuracy: 0.9340909090909091 51 0
Communication round: 99, Eavesdropper Accuracy: 0.9181818181818182 51 0
----------------------------------------------------------------------------------------------------
----------------------------------------------------------------------------------------------------
20_30_100_0.1_5_0.99_False_
----------------------------------------------------------------------------------------------------
Communication round: 0, Smart Eavesdropper Accuracy: 0.16818181818181818 0 0
Communication round: 1, Smart Eavesdropper Accuracy: 0.2840909090909091 0 0
Communication round: 2, Smart Eavesdropper Accuracy: 0.23636363636363636 1 1
Communication round: 3, Smart Eavesdropper Accuracy: 0.3386363636363636 1 0
Communication round: 4, Smart Eavesdropper Accuracy: 0.32272727272727275 1 0
Communication round: 5, Smart Eavesdropper Accuracy: 0.39090909090909093 1 0
Communication round: 6, Smart Eavesdropper Accuracy: 0.32727272727272727 2 1
Communication round: 7, Smart Eavesdropper Accuracy: 0.3886363636363636 2 0
Communication round: 8, Aggregated Accuracies: 0.1253571428571429 3
Communication round: 8, Smart Eavesdropper Accuracy: 0.3568181818181818 3 1
Communication round: 9, Aggregated Accuracies: 0.20083333333333334 4
Communication round: 9, Smart Eavesdropper Accuracy: 0.4159090909090909 4 1
Communication round: 10, Smart Eavesdropper Accuracy: 0.4 4 0
Communication round: 11, Smart Eavesdropper Accuracy: 0.40454545454545454 4 0
Communication round: 12, Smart Eavesdropper Accuracy: 0.4113636363636364 4 0
Communication round: 13, Smart Eavesdropper Accuracy: 0.4090909090909091 4 0
Communication round: 14, Smart Eavesdropper Accuracy: 0.37727272727272726 4 0
Communication round: 15, Aggregated Accuracies: 0.2554761904761905 5
Communication round: 15, Smart Eavesdropper Accuracy: 0.44545454545454544 5 1
Communication round: 16, Aggregated Accuracies: 0.3486904761904761 6
Communication round: 16, Smart Eavesdropper Accuracy: 0.425 6 1
Communication round: 17, Smart Eavesdropper Accuracy: 0.4590909090909091 6 0
Communication round: 18, Smart Eavesdropper Accuracy: 0.45227272727272727 6 0
Communication round: 19, Smart Eavesdropper Accuracy: 0.4159090909090909 6 0
Communication round: 20, Smart Eavesdropper Accuracy: 0.4909090909090909 6 0
Communication round: 21, Smart Eavesdropper Accuracy: 0.4340909090909091 7 1
Communication round: 22, Smart Eavesdropper Accuracy: 0.4727272727272727 8 1
Communication round: 23, Aggregated Accuracies: 0.4705952380952382 9
Communication round: 23, Smart Eavesdropper Accuracy: 0.45681818181818185 9 1
Communication round: 24, Aggregated Accuracies: 0.5630952380952381 10
Communication round: 24, Smart Eavesdropper Accuracy: 0.4863636363636364 10 1
Communication round: 25, Smart Eavesdropper Accuracy: 0.47045454545454546 11 1
Communication round: 26, Smart Eavesdropper Accuracy: 0.4863636363636364 12 1
Communication round: 27, Smart Eavesdropper Accuracy: 0.5045454545454545 13 1
Communication round: 28, Aggregated Accuracies: 0.6342857142857141 14
Communication round: 28, Smart Eavesdropper Accuracy: 0.49772727272727274 14 1
Communication round: 29, Smart Eavesdropper Accuracy: 0.4681818181818182 14 0
Communication round: 30, Smart Eavesdropper Accuracy: 0.5340909090909091 15 1
Communication round: 31, Smart Eavesdropper Accuracy: 0.44545454545454544 15 0
Communication round: 32, Smart Eavesdropper Accuracy: 0.5227272727272727 15 0
Communication round: 33, Smart Eavesdropper Accuracy: 0.49772727272727274 16 1
Communication round: 34, Smart Eavesdropper Accuracy: 0.4636363636363636 17 1
Communication round: 35, Smart Eavesdropper Accuracy: 0.5181818181818182 17 0
Communication round: 36, Smart Eavesdropper Accuracy: 0.45454545454545453 17 0
Communication round: 37, Smart Eavesdropper Accuracy: 0.5022727272727273 18 1
Communication round: 38, Smart Eavesdropper Accuracy: 0.5136363636363637 19 1
Communication round: 39, Smart Eavesdropper Accuracy: 0.509090909090909 19 0
Communication round: 40, Smart Eavesdropper Accuracy: 0.49318181818181817 19 0
Communication round: 41, Smart Eavesdropper Accuracy: 0.5159090909090909 19 0
Communication round: 42, Smart Eavesdropper Accuracy: 0.5227272727272727 20 1
Communication round: 43, Smart Eavesdropper Accuracy: 0.49318181818181817 21 1
Communication round: 44, Smart Eavesdropper Accuracy: 0.5181818181818182 22 1
Communication round: 45, Aggregated Accuracies: 0.6849999999999999 23
Communication round: 45, Smart Eavesdropper Accuracy: 0.5204545454545455 23 1
Communication round: 46, Smart Eavesdropper Accuracy: 0.5522727272727272 23 0
Communication round: 47, Smart Eavesdropper Accuracy: 0.5159090909090909 24 1
Communication round: 48, Aggregated Accuracies: 0.7273809523809522 25
Communication round: 48, Eavesdropper Accuracy: 0.7704545454545455 25 1
Communication round: 49, Eavesdropper Accuracy: 0.7636363636363637 26 1
Communication round: 50, Aggregated Accuracies: 0.7596428571428573 27
Communication round: 50, Eavesdropper Accuracy: 0.7977272727272727 27 1
Communication round: 51, Aggregated Accuracies: 0.7933333333333334 28
Communication round: 51, Eavesdropper Accuracy: 0.8 28 1
Communication round: 52, Eavesdropper Accuracy: 0.7954545454545454 28 0
Communication round: 53, Aggregated Accuracies: 0.8158333333333333 29
Communication round: 53, Eavesdropper Accuracy: 0.8181818181818182 29 1
Communication round: 54, Eavesdropper Accuracy: 0.8386363636363636 29 0
Communication round: 55, Eavesdropper Accuracy: 0.8159090909090909 29 0
Communication round: 56, Eavesdropper Accuracy: 0.8295454545454546 30 1
Communication round: 57, Eavesdropper Accuracy: 0.8477272727272728 30 0
Communication round: 58, Eavesdropper Accuracy: 0.8295454545454546 30 0
Communication round: 59, Smart Eavesdropper Accuracy: 0.7090909090909091 30 0
Communication round: 60, Smart Eavesdropper Accuracy: 0.6477272727272727 30 0
Communication round: 61, Smart Eavesdropper Accuracy: 0.6590909090909091 30 0
Communication round: 62, Aggregated Accuracies: 0.8347619047619048 31
Communication round: 62, Smart Eavesdropper Accuracy: 0.625 31 1
Communication round: 63, Smart Eavesdropper Accuracy: 0.5886363636363636 31 0
Communication round: 64, Smart Eavesdropper Accuracy: 0.6 31 0
Communication round: 65, Smart Eavesdropper Accuracy: 0.5613636363636364 32 1
Communication round: 66, Aggregated Accuracies: 0.8404761904761905 33
Communication round: 66, Smart Eavesdropper Accuracy: 0.5522727272727272 33 1
Communication round: 67, Smart Eavesdropper Accuracy: 0.5613636363636364 33 0
Communication round: 68, Smart Eavesdropper Accuracy: 0.4954545454545455 33 0
Communication round: 69, Smart Eavesdropper Accuracy: 0.5659090909090909 33 0
Communication round: 70, Smart Eavesdropper Accuracy: 0.5318181818181819 33 0
Communication round: 71, Smart Eavesdropper Accuracy: 0.5340909090909091 33 0
Communication round: 72, Smart Eavesdropper Accuracy: 0.5545454545454546 33 0
Communication round: 73, Smart Eavesdropper Accuracy: 0.509090909090909 33 0
Communication round: 74, Smart Eavesdropper Accuracy: 0.5295454545454545 33 0
Communication round: 75, Smart Eavesdropper Accuracy: 0.5409090909090909 33 0
Communication round: 76, Smart Eavesdropper Accuracy: 0.5386363636363637 33 0
Communication round: 77, Aggregated Accuracies: 0.8505952380952382 34
Communication round: 77, Smart Eavesdropper Accuracy: 0.5568181818181818 34 1
Communication round: 78, Aggregated Accuracies: 0.8661904761904763 35
Communication round: 78, Smart Eavesdropper Accuracy: 0.5545454545454546 35 1
Communication round: 79, Smart Eavesdropper Accuracy: 0.5363636363636364 35 0
Communication round: 80, Aggregated Accuracies: 0.8747619047619049 36
Communication round: 80, Smart Eavesdropper Accuracy: 0.525 36 1
Communication round: 81, Smart Eavesdropper Accuracy: 0.55 36 0
Communication round: 82, Smart Eavesdropper Accuracy: 0.525 36 0
Communication round: 83, Smart Eavesdropper Accuracy: 0.5545454545454546 36 0
Communication round: 84, Smart Eavesdropper Accuracy: 0.5454545454545454 36 0
Communication round: 85, Smart Eavesdropper Accuracy: 0.5772727272727273 36 0
Communication round: 86, Smart Eavesdropper Accuracy: 0.509090909090909 36 0
Communication round: 87, Smart Eavesdropper Accuracy: 0.55 36 0
Communication round: 88, Smart Eavesdropper Accuracy: 0.5522727272727272 36 0
Communication round: 89, Smart Eavesdropper Accuracy: 0.5545454545454546 36 0
Communication round: 90, Aggregated Accuracies: 0.8838095238095238 37
Communication round: 90, Smart Eavesdropper Accuracy: 0.5431818181818182 37 1
Communication round: 91, Aggregated Accuracies: 0.8872619047619048 38
Communication round: 91, Smart Eavesdropper Accuracy: 0.5136363636363637 38 1
Communication round: 92, Aggregated Accuracies: 0.8916666666666666 39
Communication round: 92, Smart Eavesdropper Accuracy: 0.5318181818181819 39 1
Communication round: 93, Smart Eavesdropper Accuracy: 0.5318181818181819 39 0
Communication round: 94, Smart Eavesdropper Accuracy: 0.5 39 0
Communication round: 95, Smart Eavesdropper Accuracy: 0.5363636363636364 39 0
Communication round: 96, Smart Eavesdropper Accuracy: 0.5431818181818182 39 0
Communication round: 97, Smart Eavesdropper Accuracy: 0.5659090909090909 39 0
Communication round: 98, Smart Eavesdropper Accuracy: 0.5545454545454546 39 0
Communication round: 99, Smart Eavesdropper Accuracy: 0.575 39 0
----------------------------------------------------------------------------------------------------
