----------------------------------------------------------------------------------------------------
20_30_120_1_5_0.5_False_
----------------------------------------------------------------------------------------------------
Communication round: 0, Smart Eavesdropper Accuracy: 0.4772727272727273 0 0
Communication round: 1, Aggregated Accuracies: 0.19488095238095235 1
Communication round: 1, Smart Eavesdropper Accuracy: 0.8090909090909091 1 1
Communication round: 2, Aggregated Accuracies: 0.2901190476190476 2
Communication round: 2, Eavesdropper Accuracy: 0.3386363636363636 2 1
Communication round: 3, Smart Eavesdropper Accuracy: 0.7318181818181818 2 0
Communication round: 4, Aggregated Accuracies: 0.3934523809523809 3
Communication round: 4, Eavesdropper Accuracy: 0.45 3 1
Communication round: 5, Eavesdropper Accuracy: 0.4636363636363636 4 1
Communication round: 6, Eavesdropper Accuracy: 0.43863636363636366 4 0
Communication round: 7, Smart Eavesdropper Accuracy: 0.7954545454545454 4 0
Communication round: 8, Smart Eavesdropper Accuracy: 0.8818181818181818 4 0
Communication round: 9, Aggregated Accuracies: 0.45547619047619065 5
Communication round: 9, Smart Eavesdropper Accuracy: 0.9318181818181818 5 1
Communication round: 10, Eavesdropper Accuracy: 0.5477272727272727 6 1
Communication round: 11, Smart Eavesdropper Accuracy: 0.7659090909090909 6 0
Communication round: 12, Eavesdropper Accuracy: 0.4909090909090909 7 1
Communication round: 13, Smart Eavesdropper Accuracy: 0.7886363636363637 7 0
Communication round: 14, Aggregated Accuracies: 0.5338095238095238 8
Communication round: 14, Eavesdropper Accuracy: 0.5840909090909091 8 1
Communication round: 15, Smart Eavesdropper Accuracy: 0.8045454545454546 8 0
Communication round: 16, Aggregated Accuracies: 0.5776190476190476 9
Communication round: 16, Eavesdropper Accuracy: 0.5977272727272728 9 1
Communication round: 17, Aggregated Accuracies: 0.6435714285714285 10
Communication round: 17, Eavesdropper Accuracy: 0.7295454545454545 10 1
Communication round: 18, Eavesdropper Accuracy: 0.7159090909090909 10 0
Communication round: 19, Eavesdropper Accuracy: 0.6886363636363636 11 1
Communication round: 20, Aggregated Accuracies: 0.6815476190476191 12
Communication round: 20, Eavesdropper Accuracy: 0.7227272727272728 12 1
Communication round: 21, Eavesdropper Accuracy: 0.7113636363636363 12 0
Communication round: 22, Eavesdropper Accuracy: 0.7477272727272727 12 0
Communication round: 23, Eavesdropper Accuracy: 0.725 13 1
Communication round: 24, Eavesdropper Accuracy: 0.7272727272727273 13 0
Communication round: 25, Eavesdropper Accuracy: 0.7386363636363636 14 1
Communication round: 26, Eavesdropper Accuracy: 0.7295454545454545 15 1
Communication round: 27, Eavesdropper Accuracy: 0.725 15 0
Communication round: 28, Eavesdropper Accuracy: 0.7227272727272728 16 1
Communication round: 29, Aggregated Accuracies: 0.7154761904761904 17
Communication round: 29, Eavesdropper Accuracy: 0.7681818181818182 17 1
Communication round: 30, Eavesdropper Accuracy: 0.7704545454545455 18 1
Communication round: 31, Aggregated Accuracies: 0.7514285714285716 19
Communication round: 31, Eavesdropper Accuracy: 0.8113636363636364 19 1
Communication round: 32, Eavesdropper Accuracy: 0.7863636363636364 20 1
Communication round: 33, Eavesdropper Accuracy: 0.7795454545454545 20 0
Communication round: 34, Eavesdropper Accuracy: 0.7977272727272727 21 1
Communication round: 35, Aggregated Accuracies: 0.7741666666666667 22
Communication round: 35, Eavesdropper Accuracy: 0.8 22 1
Communication round: 36, Aggregated Accuracies: 0.7976190476190477 23
Communication round: 36, Eavesdropper Accuracy: 0.8340909090909091 23 1
Communication round: 37, Aggregated Accuracies: 0.8288095238095238 24
Communication round: 37, Eavesdropper Accuracy: 0.8681818181818182 24 1
Communication round: 38, Aggregated Accuracies: 0.8398809523809525 25
Communication round: 38, Eavesdropper Accuracy: 0.8431818181818181 25 1
Communication round: 39, Aggregated Accuracies: 0.8565476190476191 26
Communication round: 39, Eavesdropper Accuracy: 0.8772727272727273 26 1
Communication round: 40, Aggregated Accuracies: 0.8683333333333334 27
Communication round: 40, Eavesdropper Accuracy: 0.875 27 1
Communication round: 41, Aggregated Accuracies: 0.8727380952380951 28
Communication round: 41, Eavesdropper Accuracy: 0.8522727272727273 28 1
Communication round: 42, Aggregated Accuracies: 0.8804761904761904 29
Communication round: 42, Eavesdropper Accuracy: 0.8818181818181818 29 1
Communication round: 43, Aggregated Accuracies: 0.8814285714285717 30
Communication round: 43, Eavesdropper Accuracy: 0.9181818181818182 30 1
Communication round: 44, Aggregated Accuracies: 0.8917857142857143 31
Communication round: 44, Eavesdropper Accuracy: 0.8818181818181818 31 1
Communication round: 45, Eavesdropper Accuracy: 0.9136363636363637 31 0
Communication round: 46, Eavesdropper Accuracy: 0.9227272727272727 31 0
Communication round: 47, Aggregated Accuracies: 0.895357142857143 32
Communication round: 47, Eavesdropper Accuracy: 0.8886363636363637 32 1
Communication round: 48, Aggregated Accuracies: 0.900357142857143 33
Communication round: 48, Eavesdropper Accuracy: 0.9181818181818182 33 1
Communication round: 49, Eavesdropper Accuracy: 0.9068181818181819 33 0
Communication round: 50, Eavesdropper Accuracy: 0.9159090909090909 33 0
Communication round: 51, Eavesdropper Accuracy: 0.9409090909090909 33 0
Communication round: 52, Eavesdropper Accuracy: 0.8977272727272727 33 0
Communication round: 53, Eavesdropper Accuracy: 0.8977272727272727 33 0
Communication round: 54, Eavesdropper Accuracy: 0.9340909090909091 33 0
Communication round: 55, Eavesdropper Accuracy: 0.9136363636363637 33 0
Communication round: 56, Eavesdropper Accuracy: 0.9272727272727272 33 0
Communication round: 57, Eavesdropper Accuracy: 0.9295454545454546 33 0
Communication round: 58, Eavesdropper Accuracy: 0.925 33 0
Communication round: 59, Eavesdropper Accuracy: 0.9159090909090909 33 0
Communication round: 60, Eavesdropper Accuracy: 0.8954545454545455 33 0
Communication round: 61, Eavesdropper Accuracy: 0.9090909090909091 33 0
Communication round: 62, Eavesdropper Accuracy: 0.9045454545454545 34 1
Communication round: 63, Aggregated Accuracies: 0.9053571428571429 35
Communication round: 63, Eavesdropper Accuracy: 0.9227272727272727 35 1
Communication round: 64, Aggregated Accuracies: 0.9076190476190475 36
Communication round: 64, Eavesdropper Accuracy: 0.9409090909090909 36 1
Communication round: 65, Aggregated Accuracies: 0.910952380952381 37
Communication round: 65, Eavesdropper Accuracy: 0.9318181818181818 37 1
Communication round: 66, Aggregated Accuracies: 0.9164285714285715 38
Communication round: 66, Eavesdropper Accuracy: 0.9272727272727272 38 1
Communication round: 67, Eavesdropper Accuracy: 0.9227272727272727 38 0
Communication round: 68, Aggregated Accuracies: 0.9175000000000001 39
Communication round: 68, Eavesdropper Accuracy: 0.9340909090909091 39 1
Communication round: 69, Aggregated Accuracies: 0.9208333333333334 40
Communication round: 69, Eavesdropper Accuracy: 0.9386363636363636 40 1
Communication round: 70, Aggregated Accuracies: 0.9248809523809521 41
Communication round: 70, Eavesdropper Accuracy: 0.9386363636363636 41 1
Communication round: 71, Aggregated Accuracies: 0.9257142857142859 42
Communication round: 71, Eavesdropper Accuracy: 0.9545454545454546 42 1
Communication round: 72, Eavesdropper Accuracy: 0.925 42 0
Communication round: 73, Eavesdropper Accuracy: 0.9454545454545454 42 0
Communication round: 74, Eavesdropper Accuracy: 0.9431818181818182 42 0
Communication round: 75, Eavesdropper Accuracy: 0.95 42 0
Communication round: 76, Eavesdropper Accuracy: 0.9136363636363637 42 0
Communication round: 77, Eavesdropper Accuracy: 0.9431818181818182 42 0
Communication round: 78, Eavesdropper Accuracy: 0.9363636363636364 42 0
Communication round: 79, Eavesdropper Accuracy: 0.9409090909090909 42 0
Communication round: 80, Eavesdropper Accuracy: 0.9454545454545454 42 0
Communication round: 81, Eavesdropper Accuracy: 0.9295454545454546 42 0
Communication round: 82, Eavesdropper Accuracy: 0.925 42 0
Communication round: 83, Smart Eavesdropper Accuracy: 0.9431818181818182 42 0
Communication round: 84, Smart Eavesdropper Accuracy: 0.9636363636363636 42 0
Communication round: 85, Smart Eavesdropper Accuracy: 0.9636363636363636 42 0
Communication round: 86, Smart Eavesdropper Accuracy: 0.9386363636363636 42 0
Communication round: 87, Smart Eavesdropper Accuracy: 0.9477272727272728 42 0
Communication round: 88, Smart Eavesdropper Accuracy: 0.9522727272727273 42 0
Communication round: 89, Smart Eavesdropper Accuracy: 0.975 42 0
Communication round: 90, Smart Eavesdropper Accuracy: 0.9568181818181818 42 0
Communication round: 91, Smart Eavesdropper Accuracy: 0.9568181818181818 42 0
Communication round: 92, Smart Eavesdropper Accuracy: 0.9590909090909091 42 0
Communication round: 93, Smart Eavesdropper Accuracy: 0.9590909090909091 42 0
Communication round: 94, Smart Eavesdropper Accuracy: 0.9659090909090909 42 0
Communication round: 95, Smart Eavesdropper Accuracy: 0.9659090909090909 42 0
Communication round: 96, Smart Eavesdropper Accuracy: 0.9772727272727273 42 0
Communication round: 97, Smart Eavesdropper Accuracy: 0.9727272727272728 42 0
Communication round: 98, Smart Eavesdropper Accuracy: 0.9613636363636363 42 0
Communication round: 99, Smart Eavesdropper Accuracy: 0.9795454545454545 42 0
Communication round: 100, Smart Eavesdropper Accuracy: 0.9681818181818181 42 0
Communication round: 101, Smart Eavesdropper Accuracy: 0.9681818181818181 42 0
Communication round: 102, Smart Eavesdropper Accuracy: 0.9590909090909091 42 0
Communication round: 103, Smart Eavesdropper Accuracy: 0.9613636363636363 42 0
Communication round: 104, Smart Eavesdropper Accuracy: 0.9681818181818181 42 0
Communication round: 105, Smart Eavesdropper Accuracy: 0.990909090909091 42 0
Communication round: 106, Smart Eavesdropper Accuracy: 0.9727272727272728 42 0
Communication round: 107, Smart Eavesdropper Accuracy: 0.9818181818181818 42 0
Communication round: 108, Smart Eavesdropper Accuracy: 0.9818181818181818 42 0
Communication round: 109, Smart Eavesdropper Accuracy: 0.9795454545454545 42 0
Communication round: 110, Smart Eavesdropper Accuracy: 0.9840909090909091 42 0
Communication round: 111, Smart Eavesdropper Accuracy: 0.9659090909090909 42 0
Communication round: 112, Smart Eavesdropper Accuracy: 0.9636363636363636 42 0
Communication round: 113, Smart Eavesdropper Accuracy: 0.9772727272727273 42 0
Communication round: 114, Smart Eavesdropper Accuracy: 0.9772727272727273 42 0
Communication round: 115, Smart Eavesdropper Accuracy: 0.9613636363636363 42 0
Communication round: 116, Smart Eavesdropper Accuracy: 0.9772727272727273 42 0
Communication round: 117, Smart Eavesdropper Accuracy: 0.9545454545454546 42 0
Communication round: 118, Smart Eavesdropper Accuracy: 0.9727272727272728 42 0
Communication round: 119, Smart Eavesdropper Accuracy: 0.9772727272727273 42 0
----------------------------------------------------------------------------------------------------
