----------------------------------------------------------------------------------------------------
20_30_120_0.4_8_0.99_False_
----------------------------------------------------------------------------------------------------
Communication round: 0, Eavesdropper Accuracy: 0.09545454545454546 1 1
Communication round: 1, Eavesdropper Accuracy: 0.1 2 1
Communication round: 2, Eavesdropper Accuracy: 0.075 2 0
Communication round: 3, Smart Eavesdropper Accuracy: 0.44545454545454544 2 0
Communication round: 4, Smart Eavesdropper Accuracy: 0.615909090909091 2 0
Communication round: 5, Smart Eavesdropper Accuracy: 0.6727272727272727 3 1
Communication round: 6, Eavesdropper Accuracy: 0.08863636363636364 4 1
Communication round: 7, Eavesdropper Accuracy: 0.09318181818181819 5 1
Communication round: 8, Eavesdropper Accuracy: 0.08863636363636364 5 0
Communication round: 9, Eavesdropper Accuracy: 0.0659090909090909 6 1
Communication round: 10, Eavesdropper Accuracy: 0.075 7 1
Communication round: 11, Aggregated Accuracies: 0.16202380952380951 8
Communication round: 11, Eavesdropper Accuracy: 0.1590909090909091 8 1
Communication round: 12, Aggregated Accuracies: 0.30321428571428577 9
Communication round: 12, Eavesdropper Accuracy: 0.3886363636363636 9 1
Communication round: 13, Eavesdropper Accuracy: 0.37727272727272726 9 0
Communication round: 14, Aggregated Accuracies: 0.41345238095238096 10
Communication round: 14, Eavesdropper Accuracy: 0.49772727272727274 10 1
Communication round: 15, Aggregated Accuracies: 0.5159523809523809 11
Communication round: 15, Eavesdropper Accuracy: 0.5772727272727273 11 1
Communication round: 16, Eavesdropper Accuracy: 0.6068181818181818 11 0
Communication round: 17, Eavesdropper Accuracy: 0.5704545454545454 11 0
Communication round: 18, Eavesdropper Accuracy: 0.5477272727272727 11 0
Communication round: 19, Aggregated Accuracies: 0.5872619047619049 12
Communication round: 19, Eavesdropper Accuracy: 0.6318181818181818 12 1
Communication round: 20, Eavesdropper Accuracy: 0.6568181818181819 13 1
Communication round: 21, Eavesdropper Accuracy: 0.6704545454545454 14 1
Communication round: 22, Eavesdropper Accuracy: 0.6477272727272727 15 1
Communication round: 23, Eavesdropper Accuracy: 0.6568181818181819 15 0
Communication round: 24, Eavesdropper Accuracy: 0.6636363636363637 15 0
Communication round: 25, Aggregated Accuracies: 0.6397619047619048 16
Communication round: 25, Eavesdropper Accuracy: 0.7113636363636363 16 1
Communication round: 26, Eavesdropper Accuracy: 0.6772727272727272 17 1
Communication round: 27, Eavesdropper Accuracy: 0.7159090909090909 18 1
Communication round: 28, Eavesdropper Accuracy: 0.7022727272727273 19 1
Communication round: 29, Eavesdropper Accuracy: 0.65 19 0
Communication round: 30, Eavesdropper Accuracy: 0.6954545454545454 19 0
Communication round: 31, Eavesdropper Accuracy: 0.6795454545454546 20 1
Communication round: 32, Eavesdropper Accuracy: 0.7386363636363636 20 0
Communication round: 33, Eavesdropper Accuracy: 0.6659090909090909 20 0
Communication round: 34, Aggregated Accuracies: 0.6797619047619046 21
Communication round: 34, Eavesdropper Accuracy: 0.725 21 1
Communication round: 35, Eavesdropper Accuracy: 0.7318181818181818 21 0
Communication round: 36, Eavesdropper Accuracy: 0.7318181818181818 21 0
Communication round: 37, Eavesdropper Accuracy: 0.7454545454545455 21 0
Communication round: 38, Aggregated Accuracies: 0.7164285714285714 22
Communication round: 38, Eavesdropper Accuracy: 0.7340909090909091 22 1
Communication round: 39, Eavesdropper Accuracy: 0.7431818181818182 22 0
Communication round: 40, Eavesdropper Accuracy: 0.740909090909091 23 1
Communication round: 41, Eavesdropper Accuracy: 0.7454545454545455 23 0
Communication round: 42, Eavesdropper Accuracy: 0.7477272727272727 24 1
Communication round: 43, Eavesdropper Accuracy: 0.7681818181818182 25 1
Communication round: 44, Eavesdropper Accuracy: 0.7477272727272727 25 0
Communication round: 45, Eavesdropper Accuracy: 0.7545454545454545 26 1
Communication round: 46, Eavesdropper Accuracy: 0.7840909090909091 27 1
Communication round: 47, Eavesdropper Accuracy: 0.7636363636363637 28 1
Communication round: 48, Eavesdropper Accuracy: 0.7386363636363636 29 1
Communication round: 49, Eavesdropper Accuracy: 0.75 29 0
Communication round: 50, Eavesdropper Accuracy: 0.7613636363636364 29 0
Communication round: 51, Eavesdropper Accuracy: 0.7681818181818182 30 1
Communication round: 52, Aggregated Accuracies: 0.743452380952381 31
Communication round: 52, Eavesdropper Accuracy: 0.7613636363636364 31 1
Communication round: 53, Eavesdropper Accuracy: 0.7772727272727272 31 0
Communication round: 54, Eavesdropper Accuracy: 0.7659090909090909 32 1
Communication round: 55, Eavesdropper Accuracy: 0.7659090909090909 33 1
Communication round: 56, Aggregated Accuracies: 0.7827380952380953 34
Communication round: 56, Eavesdropper Accuracy: 0.8227272727272728 34 1
Communication round: 57, Eavesdropper Accuracy: 0.8409090909090909 34 0
Communication round: 58, Eavesdropper Accuracy: 0.8318181818181818 34 0
Communication round: 59, Eavesdropper Accuracy: 0.8068181818181818 34 0
Communication round: 60, Eavesdropper Accuracy: 0.8318181818181818 34 0
Communication round: 61, Aggregated Accuracies: 0.795952380952381 35
Communication round: 61, Eavesdropper Accuracy: 0.8 35 1
Communication round: 62, Aggregated Accuracies: 0.8282142857142857 36
Communication round: 62, Eavesdropper Accuracy: 0.8431818181818181 36 1
Communication round: 63, Aggregated Accuracies: 0.8378571428571429 37
Communication round: 63, Eavesdropper Accuracy: 0.8454545454545455 37 1
Communication round: 64, Aggregated Accuracies: 0.8517857142857144 38
Communication round: 64, Eavesdropper Accuracy: 0.8681818181818182 38 1
Communication round: 65, Aggregated Accuracies: 0.8589285714285714 39
Communication round: 65, Eavesdropper Accuracy: 0.8704545454545455 39 1
Communication round: 66, Aggregated Accuracies: 0.871904761904762 40
Communication round: 66, Eavesdropper Accuracy: 0.8772727272727273 40 1
Communication round: 67, Eavesdropper Accuracy: 0.8931818181818182 40 0
Communication round: 68, Aggregated Accuracies: 0.8754761904761905 41
Communication round: 68, Eavesdropper Accuracy: 0.9068181818181819 41 1
Communication round: 69, Aggregated Accuracies: 0.8854761904761903 42
Communication round: 69, Eavesdropper Accuracy: 0.884090909090909 42 1
Communication round: 70, Aggregated Accuracies: 0.8907142857142858 43
Communication round: 70, Eavesdropper Accuracy: 0.8931818181818182 43 1
Communication round: 71, Eavesdropper Accuracy: 0.8954545454545455 43 0
Communication round: 72, Eavesdropper Accuracy: 0.8863636363636364 43 0
Communication round: 73, Eavesdropper Accuracy: 0.9136363636363637 43 0
Communication round: 74, Eavesdropper Accuracy: 0.9 43 0
Communication round: 75, Eavesdropper Accuracy: 0.9113636363636364 43 0
Communication round: 76, Eavesdropper Accuracy: 0.9 43 0
Communication round: 77, Eavesdropper Accuracy: 0.9159090909090909 43 0
Communication round: 78, Eavesdropper Accuracy: 0.9090909090909091 43 0
Communication round: 79, Eavesdropper Accuracy: 0.8954545454545455 43 0
Communication round: 80, Eavesdropper Accuracy: 0.8863636363636364 43 0
Communication round: 81, Eavesdropper Accuracy: 0.9181818181818182 43 0
Communication round: 82, Eavesdropper Accuracy: 0.9045454545454545 43 0
Communication round: 83, Eavesdropper Accuracy: 0.9136363636363637 44 1
Communication round: 84, Aggregated Accuracies: 0.8955952380952381 45
Communication round: 84, Eavesdropper Accuracy: 0.9454545454545454 45 1
Communication round: 85, Aggregated Accuracies: 0.8979761904761905 46
Communication round: 85, Eavesdropper Accuracy: 0.9204545454545454 46 1
Communication round: 86, Aggregated Accuracies: 0.9051190476190477 47
Communication round: 86, Eavesdropper Accuracy: 0.8977272727272727 47 1
Communication round: 87, Aggregated Accuracies: 0.9105952380952379 48
Communication round: 87, Eavesdropper Accuracy: 0.9227272727272727 48 1
Communication round: 88, Aggregated Accuracies: 0.9127380952380951 49
Communication round: 88, Eavesdropper Accuracy: 0.9113636363636364 49 1
Communication round: 89, Aggregated Accuracies: 0.9145238095238095 50
Communication round: 89, Eavesdropper Accuracy: 0.9363636363636364 50 1
Communication round: 90, Aggregated Accuracies: 0.9179761904761904 51
Communication round: 90, Eavesdropper Accuracy: 0.9181818181818182 51 1
Communication round: 91, Aggregated Accuracies: 0.9183333333333333 52
Communication round: 91, Eavesdropper Accuracy: 0.9295454545454546 52 1
Communication round: 92, Eavesdropper Accuracy: 0.9545454545454546 52 0
Communication round: 93, Aggregated Accuracies: 0.9220238095238095 53
Communication round: 93, Eavesdropper Accuracy: 0.925 53 1
Communication round: 94, Aggregated Accuracies: 0.9239285714285712 54
Communication round: 94, Eavesdropper Accuracy: 0.9340909090909091 54 1
Communication round: 95, Aggregated Accuracies: 0.9257142857142858 55
Communication round: 95, Eavesdropper Accuracy: 0.9204545454545454 55 1
Communication round: 96, Eavesdropper Accuracy: 0.9431818181818182 55 0
Communication round: 97, Eavesdropper Accuracy: 0.925 55 0
Communication round: 98, Eavesdropper Accuracy: 0.9454545454545454 55 0
Communication round: 99, Eavesdropper Accuracy: 0.9340909090909091 55 0
Communication round: 100, Eavesdropper Accuracy: 0.9568181818181818 55 0
Communication round: 101, Eavesdropper Accuracy: 0.9045454545454545 55 0
Communication round: 102, Eavesdropper Accuracy: 0.9090909090909091 55 0
Communication round: 103, Eavesdropper Accuracy: 0.9045454545454545 55 0
Communication round: 104, Eavesdropper Accuracy: 0.9363636363636364 55 0
Communication round: 105, Eavesdropper Accuracy: 0.9363636363636364 55 0
Communication round: 106, Eavesdropper Accuracy: 0.9318181818181818 55 0
Communication round: 107, Eavesdropper Accuracy: 0.9477272727272728 55 0
Communication round: 108, Eavesdropper Accuracy: 0.9318181818181818 55 0
Communication round: 109, Smart Eavesdropper Accuracy: 0.8545454545454545 55 0
Communication round: 110, Smart Eavesdropper Accuracy: 0.8772727272727273 55 0
Communication round: 111, Smart Eavesdropper Accuracy: 0.9 55 0
Communication round: 112, Smart Eavesdropper Accuracy: 0.8954545454545455 55 0
Communication round: 113, Smart Eavesdropper Accuracy: 0.8954545454545455 55 0
Communication round: 114, Smart Eavesdropper Accuracy: 0.8681818181818182 55 0
Communication round: 115, Smart Eavesdropper Accuracy: 0.9113636363636364 55 0
Communication round: 116, Smart Eavesdropper Accuracy: 0.9159090909090909 55 0
Communication round: 117, Smart Eavesdropper Accuracy: 0.9090909090909091 55 0
Communication round: 118, Smart Eavesdropper Accuracy: 0.9068181818181819 55 0
Communication round: 119, Smart Eavesdropper Accuracy: 0.8977272727272727 55 0
----------------------------------------------------------------------------------------------------
