----------------------------------------------------------------------------------------------------
20_30_100_1_5_0.9_False_
----------------------------------------------------------------------------------------------------
Communication round: 0, Smart Eavesdropper Accuracy: 0.4022727272727273 0 0
Communication round: 1, Aggregated Accuracies: 0.19488095238095235 1
Communication round: 1, Smart Eavesdropper Accuracy: 0.509090909090909 1 1
Communication round: 2, Aggregated Accuracies: 0.2901190476190476 2
Communication round: 2, Eavesdropper Accuracy: 0.3 2 1
Communication round: 3, Smart Eavesdropper Accuracy: 0.4431818181818182 2 0
Communication round: 4, Aggregated Accuracies: 0.3934523809523809 3
Communication round: 4, Eavesdropper Accuracy: 0.48409090909090907 3 1
Communication round: 5, Eavesdropper Accuracy: 0.44545454545454544 4 1
Communication round: 6, Eavesdropper Accuracy: 0.3977272727272727 4 0
Communication round: 7, Smart Eavesdropper Accuracy: 0.5522727272727272 4 0
Communication round: 8, Smart Eavesdropper Accuracy: 0.6886363636363636 4 0
Communication round: 9, Aggregated Accuracies: 0.45547619047619065 5
Communication round: 9, Smart Eavesdropper Accuracy: 0.7636363636363637 5 1
Communication round: 10, Eavesdropper Accuracy: 0.5227272727272727 6 1
Communication round: 11, Smart Eavesdropper Accuracy: 0.5522727272727272 6 0
Communication round: 12, Eavesdropper Accuracy: 0.4909090909090909 7 1
Communication round: 13, Smart Eavesdropper Accuracy: 0.5431818181818182 7 0
Communication round: 14, Aggregated Accuracies: 0.5338095238095238 8
Communication round: 14, Eavesdropper Accuracy: 0.5704545454545454 8 1
Communication round: 15, Smart Eavesdropper Accuracy: 0.5704545454545454 8 0
Communication round: 16, Aggregated Accuracies: 0.5776190476190476 9
Communication round: 16, Eavesdropper Accuracy: 0.6386363636363637 9 1
Communication round: 17, Aggregated Accuracies: 0.6435714285714285 10
Communication round: 17, Eavesdropper Accuracy: 0.6659090909090909 10 1
Communication round: 18, Eavesdropper Accuracy: 0.6681818181818182 10 0
Communication round: 19, Eavesdropper Accuracy: 0.7068181818181818 11 1
Communication round: 20, Aggregated Accuracies: 0.6815476190476191 12
Communication round: 20, Eavesdropper Accuracy: 0.7522727272727273 12 1
Communication round: 21, Eavesdropper Accuracy: 0.7545454545454545 12 0
Communication round: 22, Eavesdropper Accuracy: 0.7522727272727273 12 0
Communication round: 23, Eavesdropper Accuracy: 0.7431818181818182 13 1
Communication round: 24, Eavesdropper Accuracy: 0.7363636363636363 13 0
Communication round: 25, Eavesdropper Accuracy: 0.7522727272727273 14 1
Communication round: 26, Eavesdropper Accuracy: 0.7613636363636364 15 1
Communication round: 27, Eavesdropper Accuracy: 0.7022727272727273 15 0
Communication round: 28, Eavesdropper Accuracy: 0.7477272727272727 16 1
Communication round: 29, Aggregated Accuracies: 0.7154761904761904 17
Communication round: 29, Eavesdropper Accuracy: 0.7772727272727272 17 1
Communication round: 30, Eavesdropper Accuracy: 0.7818181818181819 18 1
Communication round: 31, Aggregated Accuracies: 0.7514285714285716 19
Communication round: 31, Eavesdropper Accuracy: 0.8090909090909091 19 1
Communication round: 32, Eavesdropper Accuracy: 0.8 20 1
Communication round: 33, Eavesdropper Accuracy: 0.775 20 0
Communication round: 34, Eavesdropper Accuracy: 0.8 21 1
Communication round: 35, Aggregated Accuracies: 0.7741666666666667 22
Communication round: 35, Eavesdropper Accuracy: 0.8318181818181818 22 1
Communication round: 36, Eavesdropper Accuracy: 0.8136363636363636 22 0
Communication round: 37, Eavesdropper Accuracy: 0.8090909090909091 22 0
Communication round: 38, Eavesdropper Accuracy: 0.8295454545454546 22 0
Communication round: 39, Aggregated Accuracies: 0.8050000000000003 23
Communication round: 39, Eavesdropper Accuracy: 0.8409090909090909 23 1
Communication round: 40, Aggregated Accuracies: 0.8310714285714287 24
Communication round: 40, Eavesdropper Accuracy: 0.875 24 1
Communication round: 41, Eavesdropper Accuracy: 0.8704545454545455 24 0
Communication round: 42, Aggregated Accuracies: 0.8416666666666666 25
Communication round: 42, Eavesdropper Accuracy: 0.8409090909090909 25 1
Communication round: 43, Aggregated Accuracies: 0.849047619047619 26
Communication round: 43, Eavesdropper Accuracy: 0.884090909090909 26 1
Communication round: 44, Aggregated Accuracies: 0.8632142857142858 27
Communication round: 44, Eavesdropper Accuracy: 0.8704545454545455 27 1
Communication round: 45, Eavesdropper Accuracy: 0.8681818181818182 27 0
Communication round: 46, Eavesdropper Accuracy: 0.8886363636363637 27 0
Communication round: 47, Aggregated Accuracies: 0.865952380952381 28
Communication round: 47, Eavesdropper Accuracy: 0.9022727272727272 28 1
Communication round: 48, Eavesdropper Accuracy: 0.8795454545454545 28 0
Communication round: 49, Eavesdropper Accuracy: 0.8727272727272727 28 0
Communication round: 50, Eavesdropper Accuracy: 0.8977272727272727 28 0
Communication round: 51, Eavesdropper Accuracy: 0.8954545454545455 29 1
Communication round: 52, Eavesdropper Accuracy: 0.884090909090909 30 1
Communication round: 53, Eavesdropper Accuracy: 0.8931818181818182 31 1
Communication round: 54, Eavesdropper Accuracy: 0.8772727272727273 31 0
Communication round: 55, Eavesdropper Accuracy: 0.9045454545454545 31 0
Communication round: 56, Eavesdropper Accuracy: 0.8909090909090909 31 0
Communication round: 57, Eavesdropper Accuracy: 0.8818181818181818 31 0
Communication round: 58, Eavesdropper Accuracy: 0.8863636363636364 31 0
Communication round: 59, Eavesdropper Accuracy: 0.875 32 1
Communication round: 60, Eavesdropper Accuracy: 0.8863636363636364 33 1
Communication round: 61, Eavesdropper Accuracy: 0.8704545454545455 33 0
Communication round: 62, Eavesdropper Accuracy: 0.9 34 1
Communication round: 63, Eavesdropper Accuracy: 0.884090909090909 34 0
Communication round: 64, Aggregated Accuracies: 0.875 35
Communication round: 64, Eavesdropper Accuracy: 0.9136363636363637 35 1
Communication round: 65, Eavesdropper Accuracy: 0.8886363636363637 35 0
Communication round: 66, Aggregated Accuracies: 0.8834523809523811 36
Communication round: 66, Eavesdropper Accuracy: 0.9068181818181819 36 1
Communication round: 67, Aggregated Accuracies: 0.8933333333333333 37
Communication round: 67, Eavesdropper Accuracy: 0.9090909090909091 37 1
Communication round: 68, Aggregated Accuracies: 0.8945238095238096 38
Communication round: 68, Eavesdropper Accuracy: 0.9090909090909091 38 1
Communication round: 69, Aggregated Accuracies: 0.9016666666666666 39
Communication round: 69, Eavesdropper Accuracy: 0.9136363636363637 39 1
Communication round: 70, Aggregated Accuracies: 0.9076190476190475 40
Communication round: 70, Eavesdropper Accuracy: 0.9136363636363637 40 1
Communication round: 71, Aggregated Accuracies: 0.906190476190476 41
Communication round: 71, Eavesdropper Accuracy: 0.9068181818181819 41 1
Communication round: 72, Aggregated Accuracies: 0.9146428571428571 42
Communication round: 72, Eavesdropper Accuracy: 0.9272727272727272 42 1
Communication round: 73, Aggregated Accuracies: 0.9159523809523812 43
Communication round: 73, Eavesdropper Accuracy: 0.9295454545454546 43 1
Communication round: 74, Aggregated Accuracies: 0.9172619047619047 44
Communication round: 74, Eavesdropper Accuracy: 0.9363636363636364 44 1
Communication round: 75, Aggregated Accuracies: 0.9186904761904762 45
Communication round: 75, Eavesdropper Accuracy: 0.9022727272727272 45 1
Communication round: 76, Aggregated Accuracies: 0.9223809523809521 46
Communication round: 76, Eavesdropper Accuracy: 0.9454545454545454 46 1
Communication round: 77, Eavesdropper Accuracy: 0.9340909090909091 47 1
Communication round: 78, Aggregated Accuracies: 0.9216666666666665 48
Communication round: 78, Eavesdropper Accuracy: 0.9318181818181818 48 1
Communication round: 79, Eavesdropper Accuracy: 0.9431818181818182 48 0
Communication round: 80, Eavesdropper Accuracy: 0.9295454545454546 48 0
Communication round: 81, Eavesdropper Accuracy: 0.9295454545454546 48 0
Communication round: 82, Eavesdropper Accuracy: 0.9295454545454546 48 0
Communication round: 83, Eavesdropper Accuracy: 0.9431818181818182 48 0
Communication round: 84, Eavesdropper Accuracy: 0.9318181818181818 48 0
Communication round: 85, Eavesdropper Accuracy: 0.9386363636363636 48 0
Communication round: 86, Eavesdropper Accuracy: 0.9340909090909091 48 0
Communication round: 87, Eavesdropper Accuracy: 0.9431818181818182 48 0
Communication round: 88, Eavesdropper Accuracy: 0.9613636363636363 48 0
Communication round: 89, Eavesdropper Accuracy: 0.9409090909090909 48 0
Communication round: 90, Eavesdropper Accuracy: 0.9340909090909091 48 0
Communication round: 91, Eavesdropper Accuracy: 0.9477272727272728 48 0
Communication round: 92, Eavesdropper Accuracy: 0.9386363636363636 48 0
Communication round: 93, Eavesdropper Accuracy: 0.9386363636363636 48 0
Communication round: 94, Eavesdropper Accuracy: 0.9318181818181818 48 0
Communication round: 95, Smart Eavesdropper Accuracy: 0.9204545454545454 48 0
Communication round: 96, Smart Eavesdropper Accuracy: 0.9181818181818182 48 0
Communication round: 97, Smart Eavesdropper Accuracy: 0.9204545454545454 48 0
Communication round: 98, Smart Eavesdropper Accuracy: 0.9295454545454546 48 0
Communication round: 99, Smart Eavesdropper Accuracy: 0.9409090909090909 48 0
----------------------------------------------------------------------------------------------------
----------------------------------------------------------------------------------------------------
20_30_100_1_5_0.9_False_
----------------------------------------------------------------------------------------------------
Communication round: 0, Smart Eavesdropper Accuracy: 0.37727272727272726 0 0
Communication round: 1, Aggregated Accuracies: 0.2267857142857143 1
Communication round: 1, Smart Eavesdropper Accuracy: 0.6045454545454545 1 1
Communication round: 2, Aggregated Accuracies: 0.30250000000000005 2
Communication round: 2, Eavesdropper Accuracy: 0.3159090909090909 2 1
Communication round: 3, Smart Eavesdropper Accuracy: 0.5159090909090909 2 0
Communication round: 4, Smart Eavesdropper Accuracy: 0.6772727272727272 2 0
Communication round: 5, Smart Eavesdropper Accuracy: 0.7636363636363637 2 0
Communication round: 6, Smart Eavesdropper Accuracy: 0.7886363636363637 3 1
Communication round: 7, Smart Eavesdropper Accuracy: 0.8727272727272727 3 0
Communication round: 8, Smart Eavesdropper Accuracy: 0.8772727272727273 3 0
Communication round: 9, Smart Eavesdropper Accuracy: 0.8977272727272727 3 0
Communication round: 10, Smart Eavesdropper Accuracy: 0.9295454545454546 3 0
Communication round: 11, Smart Eavesdropper Accuracy: 0.9136363636363637 4 1
Communication round: 12, Smart Eavesdropper Accuracy: 0.9568181818181818 4 0
Communication round: 13, Smart Eavesdropper Accuracy: 0.9386363636363636 5 1
Communication round: 14, Aggregated Accuracies: 0.4045238095238094 6
Communication round: 14, Smart Eavesdropper Accuracy: 0.9590909090909091 6 1
Communication round: 15, Smart Eavesdropper Accuracy: 0.9386363636363636 6 0
Communication round: 16, Aggregated Accuracies: 0.47619047619047616 7
Communication round: 16, Smart Eavesdropper Accuracy: 0.9477272727272728 7 1
Communication round: 17, Smart Eavesdropper Accuracy: 0.9613636363636363 7 0
Communication round: 18, Smart Eavesdropper Accuracy: 0.9590909090909091 8 1
Communication round: 19, Smart Eavesdropper Accuracy: 0.95 9 1
Communication round: 20, Smart Eavesdropper Accuracy: 0.9727272727272728 9 0
Communication round: 21, Aggregated Accuracies: 0.5769047619047619 10
Communication round: 21, Smart Eavesdropper Accuracy: 0.9454545454545454 10 1
Communication round: 22, Smart Eavesdropper Accuracy: 0.9568181818181818 10 0
Communication round: 23, Aggregated Accuracies: 0.6392857142857142 11
Communication round: 23, Smart Eavesdropper Accuracy: 0.9636363636363636 11 1
Communication round: 24, Aggregated Accuracies: 0.6815476190476191 12
Communication round: 24, Smart Eavesdropper Accuracy: 0.9363636363636364 12 1
Communication round: 25, Aggregated Accuracies: 0.7219047619047618 13
Communication round: 25, Smart Eavesdropper Accuracy: 0.9704545454545455 13 1
Communication round: 26, Aggregated Accuracies: 0.7557142857142857 14
Communication round: 26, Eavesdropper Accuracy: 0.7931818181818182 14 1
Communication round: 27, Aggregated Accuracies: 0.7908333333333335 15
Communication round: 27, Eavesdropper Accuracy: 0.8318181818181818 15 1
Communication round: 28, Aggregated Accuracies: 0.8133333333333335 16
Communication round: 28, Eavesdropper Accuracy: 0.825 16 1
Communication round: 29, Aggregated Accuracies: 0.8288095238095238 17
Communication round: 29, Eavesdropper Accuracy: 0.8704545454545455 17 1
Communication round: 30, Eavesdropper Accuracy: 0.865909090909091 17 0
Communication round: 31, Eavesdropper Accuracy: 0.8386363636363636 17 0
Communication round: 32, Aggregated Accuracies: 0.8450000000000001 18
Communication round: 32, Eavesdropper Accuracy: 0.8568181818181818 18 1
Communication round: 33, Eavesdropper Accuracy: 0.8681818181818182 18 0
Communication round: 34, Eavesdropper Accuracy: 0.865909090909091 19 1
Communication round: 35, Eavesdropper Accuracy: 0.8477272727272728 19 0
Communication round: 36, Eavesdropper Accuracy: 0.8818181818181818 19 0
Communication round: 37, Smart Eavesdropper Accuracy: 0.85 19 0
Communication round: 38, Smart Eavesdropper Accuracy: 0.8795454545454545 19 0
Communication round: 39, Aggregated Accuracies: 0.8533333333333332 20
Communication round: 39, Smart Eavesdropper Accuracy: 0.9272727272727272 20 1
Communication round: 40, Smart Eavesdropper Accuracy: 0.9 20 0
Communication round: 41, Smart Eavesdropper Accuracy: 0.9022727272727272 20 0
Communication round: 42, Smart Eavesdropper Accuracy: 0.9409090909090909 20 0
Communication round: 43, Smart Eavesdropper Accuracy: 0.9318181818181818 20 0
Communication round: 44, Smart Eavesdropper Accuracy: 0.9340909090909091 20 0
Communication round: 45, Smart Eavesdropper Accuracy: 0.9613636363636363 20 0
Communication round: 46, Smart Eavesdropper Accuracy: 0.9272727272727272 20 0
Communication round: 47, Smart Eavesdropper Accuracy: 0.9181818181818182 20 0
Communication round: 48, Smart Eavesdropper Accuracy: 0.9181818181818182 20 0
Communication round: 49, Smart Eavesdropper Accuracy: 0.9568181818181818 20 0
Communication round: 50, Aggregated Accuracies: 0.8558333333333333 21
Communication round: 50, Smart Eavesdropper Accuracy: 0.9454545454545454 21 1
Communication round: 51, Smart Eavesdropper Accuracy: 0.9454545454545454 21 0
Communication round: 52, Aggregated Accuracies: 0.8604761904761904 22
Communication round: 52, Smart Eavesdropper Accuracy: 0.9340909090909091 22 1
Communication round: 53, Smart Eavesdropper Accuracy: 0.95 22 0
Communication round: 54, Smart Eavesdropper Accuracy: 0.9590909090909091 22 0
Communication round: 55, Smart Eavesdropper Accuracy: 0.9613636363636363 22 0
Communication round: 56, Aggregated Accuracies: 0.8807142857142857 23
Communication round: 56, Smart Eavesdropper Accuracy: 0.9568181818181818 23 1
Communication round: 57, Aggregated Accuracies: 0.8855952380952381 24
Communication round: 57, Smart Eavesdropper Accuracy: 0.9727272727272728 24 1
Communication round: 58, Smart Eavesdropper Accuracy: 0.9454545454545454 24 0
Communication round: 59, Aggregated Accuracies: 0.89 25
Communication round: 59, Smart Eavesdropper Accuracy: 0.9659090909090909 25 1
Communication round: 60, Aggregated Accuracies: 0.8976190476190478 26
Communication round: 60, Smart Eavesdropper Accuracy: 0.9340909090909091 26 1
Communication round: 61, Aggregated Accuracies: 0.8977380952380953 27
Communication round: 61, Smart Eavesdropper Accuracy: 0.9477272727272728 27 1
Communication round: 62, Aggregated Accuracies: 0.9050000000000002 28
Communication round: 62, Smart Eavesdropper Accuracy: 0.9477272727272728 28 1
Communication round: 63, Aggregated Accuracies: 0.9079761904761904 29
Communication round: 63, Smart Eavesdropper Accuracy: 0.9522727272727273 29 1
Communication round: 64, Aggregated Accuracies: 0.9096428571428572 30
Communication round: 64, Smart Eavesdropper Accuracy: 0.9681818181818181 30 1
Communication round: 65, Aggregated Accuracies: 0.9128571428571428 31
Communication round: 65, Smart Eavesdropper Accuracy: 0.9522727272727273 31 1
Communication round: 66, Aggregated Accuracies: 0.9140476190476192 32
Communication round: 66, Smart Eavesdropper Accuracy: 0.9659090909090909 32 1
Communication round: 67, Aggregated Accuracies: 0.9179761904761905 33
Communication round: 67, Smart Eavesdropper Accuracy: 0.9522727272727273 33 1
Communication round: 68, Aggregated Accuracies: 0.919047619047619 34
Communication round: 68, Smart Eavesdropper Accuracy: 0.9568181818181818 34 1
Communication round: 69, Smart Eavesdropper Accuracy: 0.9522727272727273 34 0
Communication round: 70, Aggregated Accuracies: 0.9220238095238095 35
Communication round: 70, Smart Eavesdropper Accuracy: 0.9704545454545455 35 1
Communication round: 71, Smart Eavesdropper Accuracy: 0.9545454545454546 35 0
Communication round: 72, Smart Eavesdropper Accuracy: 0.9568181818181818 35 0
Communication round: 73, Smart Eavesdropper Accuracy: 0.9454545454545454 35 0
Communication round: 74, Smart Eavesdropper Accuracy: 0.9659090909090909 36 1
Communication round: 75, Smart Eavesdropper Accuracy: 0.9613636363636363 36 0
Communication round: 76, Aggregated Accuracies: 0.924642857142857 37
Communication round: 76, Smart Eavesdropper Accuracy: 0.9477272727272728 37 1
Communication round: 77, Smart Eavesdropper Accuracy: 0.9659090909090909 37 0
Communication round: 78, Smart Eavesdropper Accuracy: 0.9568181818181818 37 0
Communication round: 79, Smart Eavesdropper Accuracy: 0.9568181818181818 37 0
Communication round: 80, Smart Eavesdropper Accuracy: 0.9545454545454546 37 0
Communication round: 81, Smart Eavesdropper Accuracy: 0.9409090909090909 37 0
Communication round: 82, Smart Eavesdropper Accuracy: 0.9636363636363636 37 0
Communication round: 83, Smart Eavesdropper Accuracy: 0.9545454545454546 37 0
Communication round: 84, Smart Eavesdropper Accuracy: 0.9704545454545455 37 0
Communication round: 85, Smart Eavesdropper Accuracy: 0.9727272727272728 37 0
Communication round: 86, Smart Eavesdropper Accuracy: 0.9681818181818181 37 0
Communication round: 87, Smart Eavesdropper Accuracy: 0.9522727272727273 37 0
Communication round: 88, Smart Eavesdropper Accuracy: 0.9681818181818181 37 0
Communication round: 89, Smart Eavesdropper Accuracy: 0.9613636363636363 37 0
Communication round: 90, Smart Eavesdropper Accuracy: 0.9454545454545454 37 0
Communication round: 91, Smart Eavesdropper Accuracy: 0.9613636363636363 37 0
Communication round: 92, Smart Eavesdropper Accuracy: 0.9636363636363636 37 0
Communication round: 93, Smart Eavesdropper Accuracy: 0.9568181818181818 37 0
Communication round: 94, Smart Eavesdropper Accuracy: 0.9681818181818181 37 0
Communication round: 95, Smart Eavesdropper Accuracy: 0.95 37 0
Communication round: 96, Smart Eavesdropper Accuracy: 0.95 37 0
Communication round: 97, Smart Eavesdropper Accuracy: 0.9636363636363636 37 0
Communication round: 98, Smart Eavesdropper Accuracy: 0.9727272727272728 37 0
Communication round: 99, Smart Eavesdropper Accuracy: 0.9727272727272728 37 0
----------------------------------------------------------------------------------------------------
----------------------------------------------------------------------------------------------------
20_30_100_1_5_0.9_False_
----------------------------------------------------------------------------------------------------
Communication round: 0, Smart Eavesdropper Accuracy: 0.47045454545454546 0 0
Communication round: 1, Smart Eavesdropper Accuracy: 0.5659090909090909 1 1
Communication round: 2, Smart Eavesdropper Accuracy: 0.6909090909090909 1 0
Communication round: 3, Smart Eavesdropper Accuracy: 0.7522727272727273 2 1
Communication round: 4, Eavesdropper Accuracy: 0.04772727272727273 3 1
Communication round: 5, Aggregated Accuracies: 0.17142857142857143 4
Communication round: 5, Eavesdropper Accuracy: 0.1318181818181818 4 1
Communication round: 6, Eavesdropper Accuracy: 0.11818181818181818 4 0
Communication round: 7, Aggregated Accuracies: 0.3102380952380952 5
Communication round: 7, Eavesdropper Accuracy: 0.3613636363636364 5 1
Communication round: 8, Aggregated Accuracies: 0.4211904761904761 6
Communication round: 8, Eavesdropper Accuracy: 0.48863636363636365 6 1
Communication round: 9, Aggregated Accuracies: 0.516904761904762 7
Communication round: 9, Eavesdropper Accuracy: 0.5431818181818182 7 1
Communication round: 10, Eavesdropper Accuracy: 0.5318181818181819 7 0
Communication round: 11, Eavesdropper Accuracy: 0.5772727272727273 7 0
Communication round: 12, Aggregated Accuracies: 0.585 8
Communication round: 12, Eavesdropper Accuracy: 0.6227272727272727 8 1
Communication round: 13, Eavesdropper Accuracy: 0.6477272727272727 9 1
Communication round: 14, Aggregated Accuracies: 0.6358333333333335 10
Communication round: 14, Eavesdropper Accuracy: 0.6522727272727272 10 1
Communication round: 15, Eavesdropper Accuracy: 0.7 11 1
Communication round: 16, Eavesdropper Accuracy: 0.6954545454545454 12 1
Communication round: 17, Eavesdropper Accuracy: 0.6636363636363637 13 1
Communication round: 18, Eavesdropper Accuracy: 0.6909090909090909 14 1
Communication round: 19, Eavesdropper Accuracy: 0.6681818181818182 15 1
Communication round: 20, Eavesdropper Accuracy: 0.6477272727272727 15 0
Communication round: 21, Eavesdropper Accuracy: 0.6704545454545454 15 0
Communication round: 22, Eavesdropper Accuracy: 0.6659090909090909 16 1
Communication round: 23, Eavesdropper Accuracy: 0.6636363636363637 16 0
Communication round: 24, Eavesdropper Accuracy: 0.634090909090909 16 0
Communication round: 25, Eavesdropper Accuracy: 0.6545454545454545 16 0
Communication round: 26, Eavesdropper Accuracy: 0.6522727272727272 17 1
Communication round: 27, Eavesdropper Accuracy: 0.6704545454545454 17 0
Communication round: 28, Eavesdropper Accuracy: 0.6863636363636364 18 1
Communication round: 29, Eavesdropper Accuracy: 0.6795454545454546 19 1
Communication round: 30, Eavesdropper Accuracy: 0.6431818181818182 20 1
Communication round: 31, Eavesdropper Accuracy: 0.6477272727272727 21 1
Communication round: 32, Aggregated Accuracies: 0.6779761904761904 22
Communication round: 32, Eavesdropper Accuracy: 0.7068181818181818 22 1
Communication round: 33, Eavesdropper Accuracy: 0.6909090909090909 22 0
Communication round: 34, Eavesdropper Accuracy: 0.7022727272727273 22 0
Communication round: 35, Eavesdropper Accuracy: 0.7 22 0
Communication round: 36, Aggregated Accuracies: 0.7083333333333334 23
Communication round: 36, Eavesdropper Accuracy: 0.7318181818181818 23 1
Communication round: 37, Eavesdropper Accuracy: 0.7727272727272727 24 1
Communication round: 38, Eavesdropper Accuracy: 0.75 25 1
Communication round: 39, Aggregated Accuracies: 0.7551190476190477 26
Communication round: 39, Eavesdropper Accuracy: 0.7386363636363636 26 1
Communication round: 40, Aggregated Accuracies: 0.787857142857143 27
Communication round: 40, Eavesdropper Accuracy: 0.8068181818181818 27 1
Communication round: 41, Aggregated Accuracies: 0.8064285714285715 28
Communication round: 41, Eavesdropper Accuracy: 0.7954545454545454 28 1
Communication round: 42, Aggregated Accuracies: 0.8279761904761905 29
Communication round: 42, Eavesdropper Accuracy: 0.8386363636363636 29 1
Communication round: 43, Aggregated Accuracies: 0.8445238095238097 30
Communication round: 43, Eavesdropper Accuracy: 0.865909090909091 30 1
Communication round: 44, Eavesdropper Accuracy: 0.8227272727272728 30 0
Communication round: 45, Eavesdropper Accuracy: 0.8386363636363636 30 0
Communication round: 46, Eavesdropper Accuracy: 0.865909090909091 30 0
Communication round: 47, Eavesdropper Accuracy: 0.8795454545454545 30 0
Communication round: 48, Aggregated Accuracies: 0.8582142857142857 31
Communication round: 48, Eavesdropper Accuracy: 0.8363636363636363 31 1
Communication round: 49, Eavesdropper Accuracy: 0.8522727272727273 31 0
Communication round: 50, Eavesdropper Accuracy: 0.8636363636363636 31 0
Communication round: 51, Eavesdropper Accuracy: 0.8522727272727273 31 0
Communication round: 52, Eavesdropper Accuracy: 0.884090909090909 31 0
Communication round: 53, Eavesdropper Accuracy: 0.8568181818181818 31 0
Communication round: 54, Eavesdropper Accuracy: 0.8704545454545455 31 0
Communication round: 55, Eavesdropper Accuracy: 0.8681818181818182 31 0
Communication round: 56, Eavesdropper Accuracy: 0.8590909090909091 31 0
Communication round: 57, Eavesdropper Accuracy: 0.8909090909090909 31 0
Communication round: 58, Eavesdropper Accuracy: 0.8227272727272728 31 0
Communication round: 59, Eavesdropper Accuracy: 0.8545454545454545 31 0
Communication round: 60, Eavesdropper Accuracy: 0.8704545454545455 31 0
Communication round: 61, Smart Eavesdropper Accuracy: 0.8113636363636364 31 0
Communication round: 62, Smart Eavesdropper Accuracy: 0.8727272727272727 31 0
Communication round: 63, Smart Eavesdropper Accuracy: 0.8636363636363636 31 0
Communication round: 64, Smart Eavesdropper Accuracy: 0.8772727272727273 31 0
Communication round: 65, Smart Eavesdropper Accuracy: 0.884090909090909 31 0
Communication round: 66, Smart Eavesdropper Accuracy: 0.8863636363636364 31 0
Communication round: 67, Smart Eavesdropper Accuracy: 0.8954545454545455 31 0
Communication round: 68, Smart Eavesdropper Accuracy: 0.9068181818181819 31 0
Communication round: 69, Smart Eavesdropper Accuracy: 0.9340909090909091 31 0
Communication round: 70, Smart Eavesdropper Accuracy: 0.9159090909090909 31 0
Communication round: 71, Smart Eavesdropper Accuracy: 0.9477272727272728 31 0
Communication round: 72, Smart Eavesdropper Accuracy: 0.8977272727272727 31 0
Communication round: 73, Smart Eavesdropper Accuracy: 0.9113636363636364 31 0
Communication round: 74, Smart Eavesdropper Accuracy: 0.9409090909090909 31 0
Communication round: 75, Smart Eavesdropper Accuracy: 0.9159090909090909 31 0
Communication round: 76, Smart Eavesdropper Accuracy: 0.9159090909090909 31 0
Communication round: 77, Smart Eavesdropper Accuracy: 0.9363636363636364 31 0
Communication round: 78, Smart Eavesdropper Accuracy: 0.9340909090909091 31 0
Communication round: 79, Aggregated Accuracies: 0.8634523809523807 32
Communication round: 79, Smart Eavesdropper Accuracy: 0.95 32 1
Communication round: 80, Aggregated Accuracies: 0.8738095238095239 33
Communication round: 80, Smart Eavesdropper Accuracy: 0.9477272727272728 33 1
Communication round: 81, Aggregated Accuracies: 0.8825 34
Communication round: 81, Smart Eavesdropper Accuracy: 0.9227272727272727 34 1
Communication round: 82, Aggregated Accuracies: 0.8897619047619048 35
Communication round: 82, Smart Eavesdropper Accuracy: 0.9522727272727273 35 1
Communication round: 83, Smart Eavesdropper Accuracy: 0.9386363636363636 36 1
Communication round: 84, Aggregated Accuracies: 0.8907142857142855 37
Communication round: 84, Smart Eavesdropper Accuracy: 0.9227272727272727 37 1
Communication round: 85, Smart Eavesdropper Accuracy: 0.9068181818181819 38 1
Communication round: 86, Smart Eavesdropper Accuracy: 0.9272727272727272 38 0
Communication round: 87, Smart Eavesdropper Accuracy: 0.9545454545454546 38 0
Communication round: 88, Smart Eavesdropper Accuracy: 0.9454545454545454 38 0
Communication round: 89, Smart Eavesdropper Accuracy: 0.9454545454545454 38 0
Communication round: 90, Smart Eavesdropper Accuracy: 0.9477272727272728 38 0
Communication round: 91, Smart Eavesdropper Accuracy: 0.9545454545454546 38 0
Communication round: 92, Smart Eavesdropper Accuracy: 0.9181818181818182 38 0
Communication round: 93, Smart Eavesdropper Accuracy: 0.9409090909090909 39 1
Communication round: 94, Smart Eavesdropper Accuracy: 0.9363636363636364 39 0
Communication round: 95, Smart Eavesdropper Accuracy: 0.9522727272727273 39 0
Communication round: 96, Aggregated Accuracies: 0.8932142857142857 40
Communication round: 96, Smart Eavesdropper Accuracy: 0.9295454545454546 40 1
Communication round: 97, Smart Eavesdropper Accuracy: 0.9363636363636364 41 1
Communication round: 98, Smart Eavesdropper Accuracy: 0.9431818181818182 41 0
Communication round: 99, Smart Eavesdropper Accuracy: 0.9522727272727273 41 0
----------------------------------------------------------------------------------------------------
----------------------------------------------------------------------------------------------------
20_30_100_1_5_0.9_False_
----------------------------------------------------------------------------------------------------
Communication round: 0, Eavesdropper Accuracy: 0.1 1 1
Communication round: 1, Eavesdropper Accuracy: 0.10454545454545454 2 1
Communication round: 2, Eavesdropper Accuracy: 0.11363636363636363 2 0
Communication round: 3, Aggregated Accuracies: 0.14964285714285713 3
Communication round: 3, Eavesdropper Accuracy: 0.15 3 1
Communication round: 4, Aggregated Accuracies: 0.26250000000000007 4
Communication round: 4, Eavesdropper Accuracy: 0.2818181818181818 4 1
Communication round: 5, Eavesdropper Accuracy: 0.2772727272727273 5 1
Communication round: 6, Eavesdropper Accuracy: 0.2409090909090909 5 0
Communication round: 7, Aggregated Accuracies: 0.3516666666666667 6
Communication round: 7, Eavesdropper Accuracy: 0.3431818181818182 6 1
Communication round: 8, Aggregated Accuracies: 0.4564285714285714 7
Communication round: 8, Eavesdropper Accuracy: 0.5045454545454545 7 1
Communication round: 9, Eavesdropper Accuracy: 0.5204545454545455 7 0
Communication round: 10, Aggregated Accuracies: 0.5416666666666665 8
Communication round: 10, Eavesdropper Accuracy: 0.5954545454545455 8 1
Communication round: 11, Eavesdropper Accuracy: 0.5886363636363636 8 0
Communication round: 12, Eavesdropper Accuracy: 0.5909090909090909 8 0
Communication round: 13, Aggregated Accuracies: 0.612857142857143 9
Communication round: 13, Eavesdropper Accuracy: 0.6431818181818182 9 1
Communication round: 14, Eavesdropper Accuracy: 0.6613636363636364 9 0
Communication round: 15, Aggregated Accuracies: 0.665595238095238 10
Communication round: 15, Eavesdropper Accuracy: 0.6795454545454546 10 1
Communication round: 16, Aggregated Accuracies: 0.7071428571428571 11
Communication round: 16, Eavesdropper Accuracy: 0.7045454545454546 11 1
Communication round: 17, Eavesdropper Accuracy: 0.7363636363636363 11 0
Communication round: 18, Eavesdropper Accuracy: 0.7181818181818181 11 0
Communication round: 19, Aggregated Accuracies: 0.7295238095238095 12
Communication round: 19, Eavesdropper Accuracy: 0.7159090909090909 12 1
Communication round: 20, Eavesdropper Accuracy: 0.7636363636363637 12 0
Communication round: 21, Eavesdropper Accuracy: 0.75 13 1
Communication round: 22, Aggregated Accuracies: 0.7611904761904763 14
Communication round: 22, Eavesdropper Accuracy: 0.7977272727272727 14 1
Communication round: 23, Eavesdropper Accuracy: 0.759090909090909 15 1
Communication round: 24, Aggregated Accuracies: 0.778095238095238 16
Communication round: 24, Eavesdropper Accuracy: 0.7886363636363637 16 1
Communication round: 25, Aggregated Accuracies: 0.7922619047619047 17
Communication round: 25, Eavesdropper Accuracy: 0.8181818181818182 17 1
Communication round: 26, Aggregated Accuracies: 0.8104761904761905 18
Communication round: 26, Eavesdropper Accuracy: 0.8045454545454546 18 1
Communication round: 27, Eavesdropper Accuracy: 0.8113636363636364 18 0
Communication round: 28, Eavesdropper Accuracy: 0.8386363636363636 18 0
Communication round: 29, Eavesdropper Accuracy: 0.8159090909090909 19 1
Communication round: 30, Aggregated Accuracies: 0.8186904761904763 20
Communication round: 30, Eavesdropper Accuracy: 0.8022727272727272 20 1
Communication round: 31, Eavesdropper Accuracy: 0.8045454545454546 20 0
Communication round: 32, Eavesdropper Accuracy: 0.8454545454545455 20 0
Communication round: 33, Eavesdropper Accuracy: 0.8136363636363636 20 0
Communication round: 34, Eavesdropper Accuracy: 0.7954545454545454 20 0
Communication round: 35, Eavesdropper Accuracy: 0.8386363636363636 20 0
Communication round: 36, Aggregated Accuracies: 0.8320238095238096 21
Communication round: 36, Eavesdropper Accuracy: 0.825 21 1
Communication round: 37, Eavesdropper Accuracy: 0.825 22 1
Communication round: 38, Eavesdropper Accuracy: 0.85 22 0
Communication round: 39, Aggregated Accuracies: 0.8382142857142858 23
Communication round: 39, Eavesdropper Accuracy: 0.8477272727272728 23 1
Communication round: 40, Eavesdropper Accuracy: 0.8409090909090909 24 1
Communication round: 41, Eavesdropper Accuracy: 0.8227272727272728 25 1
Communication round: 42, Eavesdropper Accuracy: 0.8386363636363636 26 1
Communication round: 43, Eavesdropper Accuracy: 0.8681818181818182 27 1
Communication round: 44, Eavesdropper Accuracy: 0.8295454545454546 28 1
Communication round: 45, Aggregated Accuracies: 0.8535714285714284 29
Communication round: 45, Eavesdropper Accuracy: 0.8568181818181818 29 1
Communication round: 46, Eavesdropper Accuracy: 0.8704545454545455 30 1
Communication round: 47, Aggregated Accuracies: 0.8553571428571429 31
Communication round: 47, Eavesdropper Accuracy: 0.8772727272727273 31 1
Communication round: 48, Eavesdropper Accuracy: 0.8681818181818182 31 0
Communication round: 49, Eavesdropper Accuracy: 0.8772727272727273 31 0
Communication round: 50, Eavesdropper Accuracy: 0.8727272727272727 31 0
Communication round: 51, Eavesdropper Accuracy: 0.884090909090909 31 0
Communication round: 52, Eavesdropper Accuracy: 0.8454545454545455 31 0
Communication round: 53, Aggregated Accuracies: 0.8622619047619049 32
Communication round: 53, Eavesdropper Accuracy: 0.865909090909091 32 1
Communication round: 54, Aggregated Accuracies: 0.8633333333333333 33
Communication round: 54, Eavesdropper Accuracy: 0.875 33 1
Communication round: 55, Aggregated Accuracies: 0.8754761904761903 34
Communication round: 55, Eavesdropper Accuracy: 0.865909090909091 34 1
Communication round: 56, Aggregated Accuracies: 0.8808333333333334 35
Communication round: 56, Eavesdropper Accuracy: 0.8863636363636364 35 1
Communication round: 57, Aggregated Accuracies: 0.8834523809523807 36
Communication round: 57, Eavesdropper Accuracy: 0.8636363636363636 36 1
Communication round: 58, Aggregated Accuracies: 0.8903571428571426 37
Communication round: 58, Eavesdropper Accuracy: 0.9136363636363637 37 1
Communication round: 59, Aggregated Accuracies: 0.8967857142857142 38
Communication round: 59, Eavesdropper Accuracy: 0.8931818181818182 38 1
Communication round: 60, Aggregated Accuracies: 0.8977380952380951 39
Communication round: 60, Eavesdropper Accuracy: 0.9022727272727272 39 1
Communication round: 61, Aggregated Accuracies: 0.9028571428571427 40
Communication round: 61, Eavesdropper Accuracy: 0.9022727272727272 40 1
Communication round: 62, Aggregated Accuracies: 0.905595238095238 41
Communication round: 62, Eavesdropper Accuracy: 0.9068181818181819 41 1
Communication round: 63, Aggregated Accuracies: 0.9082142857142858 42
Communication round: 63, Eavesdropper Accuracy: 0.9204545454545454 42 1
Communication round: 64, Eavesdropper Accuracy: 0.9090909090909091 42 0
Communication round: 65, Eavesdropper Accuracy: 0.925 42 0
Communication round: 66, Eavesdropper Accuracy: 0.9136363636363637 42 0
Communication round: 67, Eavesdropper Accuracy: 0.8931818181818182 42 0
Communication round: 68, Aggregated Accuracies: 0.913690476190476 43
Communication round: 68, Eavesdropper Accuracy: 0.9204545454545454 43 1
Communication round: 69, Eavesdropper Accuracy: 0.9204545454545454 43 0
Communication round: 70, Eavesdropper Accuracy: 0.8954545454545455 43 0
Communication round: 71, Eavesdropper Accuracy: 0.9204545454545454 43 0
Communication round: 72, Eavesdropper Accuracy: 0.9227272727272727 43 0
Communication round: 73, Eavesdropper Accuracy: 0.9340909090909091 43 0
Communication round: 74, Eavesdropper Accuracy: 0.9363636363636364 43 0
Communication round: 75, Eavesdropper Accuracy: 0.9272727272727272 43 0
Communication round: 76, Eavesdropper Accuracy: 0.9204545454545454 43 0
Communication round: 77, Eavesdropper Accuracy: 0.9159090909090909 43 0
Communication round: 78, Eavesdropper Accuracy: 0.8909090909090909 43 0
Communication round: 79, Eavesdropper Accuracy: 0.9204545454545454 43 0
Communication round: 80, Eavesdropper Accuracy: 0.9159090909090909 43 0
Communication round: 81, Eavesdropper Accuracy: 0.9113636363636364 43 0
Communication round: 82, Eavesdropper Accuracy: 0.9227272727272727 43 0
Communication round: 83, Eavesdropper Accuracy: 0.925 43 0
Communication round: 84, Eavesdropper Accuracy: 0.925 43 0
Communication round: 85, Smart Eavesdropper Accuracy: 0.9045454545454545 43 0
Communication round: 86, Smart Eavesdropper Accuracy: 0.925 43 0
Communication round: 87, Smart Eavesdropper Accuracy: 0.9318181818181818 43 0
Communication round: 88, Smart Eavesdropper Accuracy: 0.9113636363636364 43 0
Communication round: 89, Smart Eavesdropper Accuracy: 0.9068181818181819 43 0
Communication round: 90, Smart Eavesdropper Accuracy: 0.9318181818181818 43 0
Communication round: 91, Smart Eavesdropper Accuracy: 0.9272727272727272 43 0
Communication round: 92, Smart Eavesdropper Accuracy: 0.9340909090909091 43 0
Communication round: 93, Smart Eavesdropper Accuracy: 0.9568181818181818 43 0
Communication round: 94, Smart Eavesdropper Accuracy: 0.9568181818181818 43 0
Communication round: 95, Smart Eavesdropper Accuracy: 0.9545454545454546 43 0
Communication round: 96, Smart Eavesdropper Accuracy: 0.9522727272727273 43 0
Communication round: 97, Smart Eavesdropper Accuracy: 0.9636363636363636 43 0
Communication round: 98, Smart Eavesdropper Accuracy: 0.9636363636363636 43 0
Communication round: 99, Smart Eavesdropper Accuracy: 0.9704545454545455 43 0
----------------------------------------------------------------------------------------------------
----------------------------------------------------------------------------------------------------
20_30_100_1_5_0.9_False_
----------------------------------------------------------------------------------------------------
Communication round: 0, Smart Eavesdropper Accuracy: 0.42954545454545456 0 0
Communication round: 1, Smart Eavesdropper Accuracy: 0.5477272727272727 0 0
Communication round: 2, Smart Eavesdropper Accuracy: 0.6818181818181818 0 0
Communication round: 3, Smart Eavesdropper Accuracy: 0.7704545454545455 0 0
Communication round: 4, Smart Eavesdropper Accuracy: 0.8090909090909091 0 0
Communication round: 5, Aggregated Accuracies: 0.1472619047619048 1
Communication round: 5, Smart Eavesdropper Accuracy: 0.8136363636363636 1 1
Communication round: 6, Aggregated Accuracies: 0.2067857142857143 2
Communication round: 6, Smart Eavesdropper Accuracy: 0.8704545454545455 2 1
Communication round: 7, Smart Eavesdropper Accuracy: 0.8863636363636364 2 0
Communication round: 8, Smart Eavesdropper Accuracy: 0.8977272727272727 2 0
Communication round: 9, Aggregated Accuracies: 0.30226190476190473 3
Communication round: 9, Smart Eavesdropper Accuracy: 0.9272727272727272 3 1
Communication round: 10, Smart Eavesdropper Accuracy: 0.9295454545454546 3 0
Communication round: 11, Aggregated Accuracies: 0.43273809523809514 4
Communication round: 11, Smart Eavesdropper Accuracy: 0.9068181818181819 4 1
Communication round: 12, Smart Eavesdropper Accuracy: 0.9181818181818182 5 1
Communication round: 13, Aggregated Accuracies: 0.5045238095238094 6
Communication round: 13, Smart Eavesdropper Accuracy: 0.9454545454545454 6 1
Communication round: 14, Aggregated Accuracies: 0.5761904761904761 7
Communication round: 14, Smart Eavesdropper Accuracy: 0.925 7 1
Communication round: 15, Smart Eavesdropper Accuracy: 0.9295454545454546 8 1
Communication round: 16, Aggregated Accuracies: 0.633095238095238 9
Communication round: 16, Eavesdropper Accuracy: 0.6545454545454545 9 1
Communication round: 17, Smart Eavesdropper Accuracy: 0.7045454545454546 9 0
Communication round: 18, Eavesdropper Accuracy: 0.6545454545454545 10 1
Communication round: 19, Eavesdropper Accuracy: 0.6545454545454545 11 1
Communication round: 20, Eavesdropper Accuracy: 0.6613636363636364 12 1
Communication round: 21, Aggregated Accuracies: 0.6779761904761905 13
Communication round: 21, Eavesdropper Accuracy: 0.7204545454545455 13 1
Communication round: 22, Aggregated Accuracies: 0.7121428571428571 14
Communication round: 22, Eavesdropper Accuracy: 0.7386363636363636 14 1
Communication round: 23, Eavesdropper Accuracy: 0.7522727272727273 15 1
Communication round: 24, Eavesdropper Accuracy: 0.7681818181818182 16 1
Communication round: 25, Aggregated Accuracies: 0.753690476190476 17
Communication round: 25, Eavesdropper Accuracy: 0.7681818181818182 17 1
Communication round: 26, Eavesdropper Accuracy: 0.7795454545454545 18 1
Communication round: 27, Aggregated Accuracies: 0.778214285714286 19
Communication round: 27, Eavesdropper Accuracy: 0.8227272727272728 19 1
Communication round: 28, Aggregated Accuracies: 0.8014285714285716 20
Communication round: 28, Eavesdropper Accuracy: 0.8068181818181818 20 1
Communication round: 29, Eavesdropper Accuracy: 0.8227272727272728 21 1
Communication round: 30, Eavesdropper Accuracy: 0.85 22 1
Communication round: 31, Eavesdropper Accuracy: 0.8 22 0
Communication round: 32, Eavesdropper Accuracy: 0.8181818181818182 22 0
Communication round: 33, Eavesdropper Accuracy: 0.8068181818181818 23 1
Communication round: 34, Aggregated Accuracies: 0.8150000000000002 24
Communication round: 34, Eavesdropper Accuracy: 0.8295454545454546 24 1
Communication round: 35, Aggregated Accuracies: 0.8428571428571431 25
Communication round: 35, Eavesdropper Accuracy: 0.8409090909090909 25 1
Communication round: 36, Eavesdropper Accuracy: 0.8522727272727273 25 0
Communication round: 37, Aggregated Accuracies: 0.8544047619047619 26
Communication round: 37, Eavesdropper Accuracy: 0.8704545454545455 26 1
Communication round: 38, Aggregated Accuracies: 0.8597619047619048 27
Communication round: 38, Eavesdropper Accuracy: 0.9181818181818182 27 1
Communication round: 39, Aggregated Accuracies: 0.866904761904762 28
Communication round: 39, Eavesdropper Accuracy: 0.8818181818181818 28 1
Communication round: 40, Eavesdropper Accuracy: 0.884090909090909 28 0
Communication round: 41, Eavesdropper Accuracy: 0.9022727272727272 29 1
Communication round: 42, Eavesdropper Accuracy: 0.8977272727272727 29 0
Communication round: 43, Eavesdropper Accuracy: 0.8886363636363637 30 1
Communication round: 44, Aggregated Accuracies: 0.8779761904761905 31
Communication round: 44, Eavesdropper Accuracy: 0.9045454545454545 31 1
Communication round: 45, Eavesdropper Accuracy: 0.9090909090909091 31 0
Communication round: 46, Eavesdropper Accuracy: 0.8909090909090909 31 0
Communication round: 47, Eavesdropper Accuracy: 0.884090909090909 31 0
Communication round: 48, Aggregated Accuracies: 0.8848809523809523 32
Communication round: 48, Eavesdropper Accuracy: 0.8886363636363637 32 1
Communication round: 49, Eavesdropper Accuracy: 0.8909090909090909 32 0
Communication round: 50, Eavesdropper Accuracy: 0.9022727272727272 32 0
Communication round: 51, Eavesdropper Accuracy: 0.8931818181818182 32 0
Communication round: 52, Eavesdropper Accuracy: 0.884090909090909 32 0
Communication round: 53, Eavesdropper Accuracy: 0.8954545454545455 32 0
Communication round: 54, Eavesdropper Accuracy: 0.9 32 0
Communication round: 55, Eavesdropper Accuracy: 0.9181818181818182 32 0
Communication round: 56, Eavesdropper Accuracy: 0.9090909090909091 32 0
Communication round: 57, Eavesdropper Accuracy: 0.9068181818181819 32 0
Communication round: 58, Eavesdropper Accuracy: 0.9045454545454545 32 0
Communication round: 59, Eavesdropper Accuracy: 0.8977272727272727 32 0
Communication round: 60, Eavesdropper Accuracy: 0.9045454545454545 32 0
Communication round: 61, Eavesdropper Accuracy: 0.9045454545454545 32 0
Communication round: 62, Eavesdropper Accuracy: 0.9022727272727272 32 0
Communication round: 63, Smart Eavesdropper Accuracy: 0.8795454545454545 32 0
Communication round: 64, Smart Eavesdropper Accuracy: 0.865909090909091 32 0
Communication round: 65, Aggregated Accuracies: 0.8890476190476191 33
Communication round: 65, Smart Eavesdropper Accuracy: 0.9022727272727272 33 1
Communication round: 66, Smart Eavesdropper Accuracy: 0.9022727272727272 33 0
Communication round: 67, Smart Eavesdropper Accuracy: 0.8818181818181818 33 0
Communication round: 68, Smart Eavesdropper Accuracy: 0.9318181818181818 33 0
Communication round: 69, Smart Eavesdropper Accuracy: 0.9363636363636364 33 0
Communication round: 70, Smart Eavesdropper Accuracy: 0.9545454545454546 33 0
Communication round: 71, Smart Eavesdropper Accuracy: 0.9090909090909091 33 0
Communication round: 72, Smart Eavesdropper Accuracy: 0.9431818181818182 33 0
Communication round: 73, Aggregated Accuracies: 0.8895238095238096 34
Communication round: 73, Smart Eavesdropper Accuracy: 0.9477272727272728 34 1
Communication round: 74, Aggregated Accuracies: 0.8964285714285714 35
Communication round: 74, Smart Eavesdropper Accuracy: 0.9363636363636364 35 1
Communication round: 75, Smart Eavesdropper Accuracy: 0.9522727272727273 35 0
Communication round: 76, Smart Eavesdropper Accuracy: 0.9409090909090909 36 1
Communication round: 77, Smart Eavesdropper Accuracy: 0.925 36 0
Communication round: 78, Aggregated Accuracies: 0.9008333333333336 37
Communication round: 78, Smart Eavesdropper Accuracy: 0.9568181818181818 37 1
Communication round: 79, Smart Eavesdropper Accuracy: 0.9386363636363636 37 0
Communication round: 80, Smart Eavesdropper Accuracy: 0.9613636363636363 37 0
Communication round: 81, Smart Eavesdropper Accuracy: 0.9431818181818182 37 0
Communication round: 82, Smart Eavesdropper Accuracy: 0.95 37 0
Communication round: 83, Smart Eavesdropper Accuracy: 0.9568181818181818 37 0
Communication round: 84, Smart Eavesdropper Accuracy: 0.9431818181818182 37 0
Communication round: 85, Smart Eavesdropper Accuracy: 0.95 37 0
Communication round: 86, Smart Eavesdropper Accuracy: 0.9431818181818182 37 0
Communication round: 87, Smart Eavesdropper Accuracy: 0.9636363636363636 38 1
Communication round: 88, Aggregated Accuracies: 0.9102380952380951 39
Communication round: 88, Smart Eavesdropper Accuracy: 0.9704545454545455 39 1
Communication round: 89, Aggregated Accuracies: 0.9064285714285715 40
Communication round: 89, Smart Eavesdropper Accuracy: 0.9522727272727273 40 1
Communication round: 90, Aggregated Accuracies: 0.9138095238095236 41
Communication round: 90, Smart Eavesdropper Accuracy: 0.9318181818181818 41 1
Communication round: 91, Aggregated Accuracies: 0.9121428571428574 42
Communication round: 91, Smart Eavesdropper Accuracy: 0.9477272727272728 42 1
Communication round: 92, Aggregated Accuracies: 0.9183333333333332 43
Communication round: 92, Smart Eavesdropper Accuracy: 0.9431818181818182 43 1
Communication round: 93, Aggregated Accuracies: 0.920595238095238 44
Communication round: 93, Smart Eavesdropper Accuracy: 0.9363636363636364 44 1
Communication round: 94, Smart Eavesdropper Accuracy: 0.9431818181818182 44 0
Communication round: 95, Smart Eavesdropper Accuracy: 0.9545454545454546 44 0
Communication round: 96, Smart Eavesdropper Accuracy: 0.9431818181818182 44 0
Communication round: 97, Smart Eavesdropper Accuracy: 0.9545454545454546 44 0
Communication round: 98, Smart Eavesdropper Accuracy: 0.9568181818181818 44 0
Communication round: 99, Smart Eavesdropper Accuracy: 0.9568181818181818 44 0
----------------------------------------------------------------------------------------------------
----------------------------------------------------------------------------------------------------
20_30_100_1_5_0.9_False_
----------------------------------------------------------------------------------------------------
Communication round: 0, Smart Eavesdropper Accuracy: 0.4659090909090909 0 0
Communication round: 1, Smart Eavesdropper Accuracy: 0.5590909090909091 1 1
Communication round: 2, Eavesdropper Accuracy: 0.09772727272727273 2 1
Communication round: 3, Aggregated Accuracies: 0.18535714285714286 3
Communication round: 3, Eavesdropper Accuracy: 0.17045454545454544 3 1
Communication round: 4, Eavesdropper Accuracy: 0.17272727272727273 4 1
Communication round: 5, Aggregated Accuracies: 0.2745238095238095 5
Communication round: 5, Eavesdropper Accuracy: 0.30227272727272725 5 1
Communication round: 6, Eavesdropper Accuracy: 0.32954545454545453 6 1
Communication round: 7, Eavesdropper Accuracy: 0.2840909090909091 6 0
Communication round: 8, Eavesdropper Accuracy: 0.3340909090909091 6 0
Communication round: 9, Eavesdropper Accuracy: 0.30454545454545456 6 0
Communication round: 10, Aggregated Accuracies: 0.39702380952380945 7
Communication round: 10, Eavesdropper Accuracy: 0.4 7 1
Communication round: 11, Eavesdropper Accuracy: 0.42272727272727273 7 0
Communication round: 12, Eavesdropper Accuracy: 0.3795454545454545 7 0
Communication round: 13, Aggregated Accuracies: 0.5191666666666667 8
Communication round: 13, Eavesdropper Accuracy: 0.5772727272727273 8 1
Communication round: 14, Aggregated Accuracies: 0.6269047619047619 9
Communication round: 14, Eavesdropper Accuracy: 0.6863636363636364 9 1
Communication round: 15, Eavesdropper Accuracy: 0.7113636363636363 9 0
Communication round: 16, Eavesdropper Accuracy: 0.6704545454545454 9 0
Communication round: 17, Smart Eavesdropper Accuracy: 0.6295454545454545 9 0
Communication round: 18, Smart Eavesdropper Accuracy: 0.740909090909091 9 0
Communication round: 19, Smart Eavesdropper Accuracy: 0.7977272727272727 10 1
Communication round: 20, Eavesdropper Accuracy: 0.7136363636363636 11 1
Communication round: 21, Aggregated Accuracies: 0.6854761904761906 12
Communication round: 21, Eavesdropper Accuracy: 0.7159090909090909 12 1
Communication round: 22, Eavesdropper Accuracy: 0.7272727272727273 12 0
Communication round: 23, Aggregated Accuracies: 0.7360714285714287 13
Communication round: 23, Eavesdropper Accuracy: 0.7954545454545454 13 1
Communication round: 24, Eavesdropper Accuracy: 0.775 14 1
Communication round: 25, Eavesdropper Accuracy: 0.775 15 1
Communication round: 26, Eavesdropper Accuracy: 0.7704545454545455 15 0
Communication round: 27, Eavesdropper Accuracy: 0.7431818181818182 15 0
Communication round: 28, Eavesdropper Accuracy: 0.7727272727272727 15 0
Communication round: 29, Aggregated Accuracies: 0.7645238095238096 16
Communication round: 29, Eavesdropper Accuracy: 0.7840909090909091 16 1
Communication round: 30, Eavesdropper Accuracy: 0.7522727272727273 16 0
Communication round: 31, Aggregated Accuracies: 0.7848809523809525 17
Communication round: 31, Eavesdropper Accuracy: 0.7840909090909091 17 1
Communication round: 32, Aggregated Accuracies: 0.8077380952380955 18
Communication round: 32, Eavesdropper Accuracy: 0.8181818181818182 18 1
Communication round: 33, Eavesdropper Accuracy: 0.8477272727272728 18 0
Communication round: 34, Eavesdropper Accuracy: 0.8068181818181818 19 1
Communication round: 35, Eavesdropper Accuracy: 0.7954545454545454 20 1
Communication round: 36, Eavesdropper Accuracy: 0.825 20 0
Communication round: 37, Eavesdropper Accuracy: 0.7772727272727272 20 0
Communication round: 38, Aggregated Accuracies: 0.820595238095238 21
Communication round: 38, Eavesdropper Accuracy: 0.8613636363636363 21 1
Communication round: 39, Eavesdropper Accuracy: 0.8431818181818181 21 0
Communication round: 40, Eavesdropper Accuracy: 0.8681818181818182 22 1
Communication round: 41, Aggregated Accuracies: 0.8420238095238094 23
Communication round: 41, Eavesdropper Accuracy: 0.875 23 1
Communication round: 42, Aggregated Accuracies: 0.8495238095238096 24
Communication round: 42, Eavesdropper Accuracy: 0.8795454545454545 24 1
Communication round: 43, Eavesdropper Accuracy: 0.884090909090909 25 1
Communication round: 44, Eavesdropper Accuracy: 0.8272727272727273 26 1
Communication round: 45, Eavesdropper Accuracy: 0.8568181818181818 27 1
Communication round: 46, Eavesdropper Accuracy: 0.8931818181818182 27 0
Communication round: 47, Eavesdropper Accuracy: 0.8522727272727273 28 1
Communication round: 48, Eavesdropper Accuracy: 0.8613636363636363 28 0
Communication round: 49, Eavesdropper Accuracy: 0.8613636363636363 28 0
Communication round: 50, Eavesdropper Accuracy: 0.8704545454545455 28 0
Communication round: 51, Aggregated Accuracies: 0.8651190476190477 29
Communication round: 51, Eavesdropper Accuracy: 0.8681818181818182 29 1
Communication round: 52, Aggregated Accuracies: 0.8786904761904761 30
Communication round: 52, Eavesdropper Accuracy: 0.8977272727272727 30 1
Communication round: 53, Eavesdropper Accuracy: 0.9045454545454545 30 0
Communication round: 54, Aggregated Accuracies: 0.888452380952381 31
Communication round: 54, Eavesdropper Accuracy: 0.9090909090909091 31 1
Communication round: 55, Aggregated Accuracies: 0.894761904761905 32
Communication round: 55, Eavesdropper Accuracy: 0.9090909090909091 32 1
Communication round: 56, Aggregated Accuracies: 0.8995238095238095 33
Communication round: 56, Eavesdropper Accuracy: 0.8977272727272727 33 1
Communication round: 57, Eavesdropper Accuracy: 0.9045454545454545 33 0
Communication round: 58, Eavesdropper Accuracy: 0.9136363636363637 33 0
Communication round: 59, Aggregated Accuracies: 0.9047619047619045 34
Communication round: 59, Eavesdropper Accuracy: 0.9159090909090909 34 1
Communication round: 60, Eavesdropper Accuracy: 0.9340909090909091 34 0
Communication round: 61, Aggregated Accuracies: 0.9072619047619049 35
Communication round: 61, Eavesdropper Accuracy: 0.9 35 1
Communication round: 62, Aggregated Accuracies: 0.9129761904761905 36
Communication round: 62, Eavesdropper Accuracy: 0.9181818181818182 36 1
Communication round: 63, Eavesdropper Accuracy: 0.9204545454545454 36 0
Communication round: 64, Aggregated Accuracies: 0.9152380952380955 37
Communication round: 64, Eavesdropper Accuracy: 0.9181818181818182 37 1
Communication round: 65, Aggregated Accuracies: 0.9247619047619049 38
Communication round: 65, Eavesdropper Accuracy: 0.9454545454545454 38 1
Communication round: 66, Aggregated Accuracies: 0.9204761904761902 39
Communication round: 66, Eavesdropper Accuracy: 0.9363636363636364 39 1
Communication round: 67, Aggregated Accuracies: 0.9269047619047617 40
Communication round: 67, Eavesdropper Accuracy: 0.9431818181818182 40 1
Communication round: 68, Aggregated Accuracies: 0.9302380952380952 41
Communication round: 68, Eavesdropper Accuracy: 0.9340909090909091 41 1
Communication round: 69, Aggregated Accuracies: 0.9304761904761903 42
Communication round: 69, Eavesdropper Accuracy: 0.9522727272727273 42 1
Communication round: 70, Aggregated Accuracies: 0.9309523809523809 43
Communication round: 70, Eavesdropper Accuracy: 0.9431818181818182 43 1
Communication round: 71, Aggregated Accuracies: 0.9358333333333333 44
Communication round: 71, Eavesdropper Accuracy: 0.9454545454545454 44 1
Communication round: 72, Eavesdropper Accuracy: 0.9477272727272728 44 0
Communication round: 73, Eavesdropper Accuracy: 0.9340909090909091 44 0
Communication round: 74, Aggregated Accuracies: 0.937142857142857 45
Communication round: 74, Eavesdropper Accuracy: 0.9431818181818182 45 1
Communication round: 75, Eavesdropper Accuracy: 0.9454545454545454 45 0
Communication round: 76, Eavesdropper Accuracy: 0.9386363636363636 45 0
Communication round: 77, Eavesdropper Accuracy: 0.95 45 0
Communication round: 78, Eavesdropper Accuracy: 0.9545454545454546 45 0
Communication round: 79, Eavesdropper Accuracy: 0.95 45 0
Communication round: 80, Eavesdropper Accuracy: 0.9340909090909091 45 0
Communication round: 81, Eavesdropper Accuracy: 0.9386363636363636 45 0
Communication round: 82, Eavesdropper Accuracy: 0.9522727272727273 45 0
Communication round: 83, Eavesdropper Accuracy: 0.9568181818181818 45 0
Communication round: 84, Eavesdropper Accuracy: 0.95 45 0
Communication round: 85, Eavesdropper Accuracy: 0.9409090909090909 45 0
Communication round: 86, Eavesdropper Accuracy: 0.9295454545454546 45 0
Communication round: 87, Eavesdropper Accuracy: 0.9522727272727273 45 0
Communication round: 88, Eavesdropper Accuracy: 0.9454545454545454 45 0
Communication round: 89, Smart Eavesdropper Accuracy: 0.9022727272727272 45 0
Communication round: 90, Smart Eavesdropper Accuracy: 0.9204545454545454 45 0
Communication round: 91, Smart Eavesdropper Accuracy: 0.9363636363636364 45 0
Communication round: 92, Smart Eavesdropper Accuracy: 0.9477272727272728 45 0
Communication round: 93, Smart Eavesdropper Accuracy: 0.9590909090909091 45 0
Communication round: 94, Smart Eavesdropper Accuracy: 0.9636363636363636 45 0
Communication round: 95, Smart Eavesdropper Accuracy: 0.9545454545454546 45 0
Communication round: 96, Smart Eavesdropper Accuracy: 0.9386363636363636 45 0
Communication round: 97, Smart Eavesdropper Accuracy: 0.9318181818181818 45 0
Communication round: 98, Smart Eavesdropper Accuracy: 0.9590909090909091 45 0
Communication round: 99, Smart Eavesdropper Accuracy: 0.925 45 0
----------------------------------------------------------------------------------------------------
----------------------------------------------------------------------------------------------------
20_30_100_1_5_0.9_False_
----------------------------------------------------------------------------------------------------
Communication round: 0, Smart Eavesdropper Accuracy: 0.35 0 0
Communication round: 1, Smart Eavesdropper Accuracy: 0.5727272727272728 1 1
Communication round: 2, Eavesdropper Accuracy: 0.05909090909090909 2 1
Communication round: 3, Smart Eavesdropper Accuracy: 0.3886363636363636 2 0
Communication round: 4, Aggregated Accuracies: 0.12083333333333335 3
Communication round: 4, Eavesdropper Accuracy: 0.12045454545454545 3 1
Communication round: 5, Smart Eavesdropper Accuracy: 0.44545454545454544 3 0
Communication round: 6, Smart Eavesdropper Accuracy: 0.6636363636363637 3 0
Communication round: 7, Smart Eavesdropper Accuracy: 0.759090909090909 3 0
Communication round: 8, Smart Eavesdropper Accuracy: 0.8522727272727273 4 1
Communication round: 9, Smart Eavesdropper Accuracy: 0.8727272727272727 4 0
Communication round: 10, Aggregated Accuracies: 0.20047619047619047 5
Communication round: 10, Smart Eavesdropper Accuracy: 0.8886363636363637 5 1
Communication round: 11, Smart Eavesdropper Accuracy: 0.9136363636363637 5 0
Communication round: 12, Smart Eavesdropper Accuracy: 0.9090909090909091 6 1
Communication round: 13, Smart Eavesdropper Accuracy: 0.9068181818181819 7 1
Communication round: 14, Smart Eavesdropper Accuracy: 0.9136363636363637 7 0
Communication round: 15, Aggregated Accuracies: 0.3209523809523809 8
Communication round: 15, Smart Eavesdropper Accuracy: 0.9272727272727272 8 1
Communication round: 16, Smart Eavesdropper Accuracy: 0.9022727272727272 8 0
Communication round: 17, Smart Eavesdropper Accuracy: 0.9409090909090909 8 0
Communication round: 18, Smart Eavesdropper Accuracy: 0.9386363636363636 8 0
Communication round: 19, Smart Eavesdropper Accuracy: 0.9295454545454546 9 1
Communication round: 20, Smart Eavesdropper Accuracy: 0.9409090909090909 10 1
Communication round: 21, Aggregated Accuracies: 0.47380952380952374 11
Communication round: 21, Smart Eavesdropper Accuracy: 0.9545454545454546 11 1
Communication round: 22, Aggregated Accuracies: 0.5700000000000001 12
Communication round: 22, Eavesdropper Accuracy: 0.575 12 1
Communication round: 23, Aggregated Accuracies: 0.6486904761904762 13
Communication round: 23, Eavesdropper Accuracy: 0.6590909090909091 13 1
Communication round: 24, Aggregated Accuracies: 0.7171428571428572 14
Communication round: 24, Eavesdropper Accuracy: 0.7681818181818182 14 1
Communication round: 25, Eavesdropper Accuracy: 0.7227272727272728 14 0
Communication round: 26, Aggregated Accuracies: 0.7591666666666665 15
Communication round: 26, Eavesdropper Accuracy: 0.7977272727272727 15 1
Communication round: 27, Eavesdropper Accuracy: 0.7818181818181819 15 0
Communication round: 28, Eavesdropper Accuracy: 0.7659090909090909 15 0
Communication round: 29, Smart Eavesdropper Accuracy: 0.7659090909090909 15 0
Communication round: 30, Aggregated Accuracies: 0.7875 16
Communication round: 30, Eavesdropper Accuracy: 0.8431818181818181 16 1
Communication round: 31, Smart Eavesdropper Accuracy: 0.8204545454545454 16 0
Communication round: 32, Smart Eavesdropper Accuracy: 0.8636363636363636 16 0
Communication round: 33, Aggregated Accuracies: 0.8067857142857143 17
Communication round: 33, Smart Eavesdropper Accuracy: 0.875 17 1
Communication round: 34, Aggregated Accuracies: 0.8198809523809525 18
Communication round: 34, Eavesdropper Accuracy: 0.8295454545454546 18 1
Communication round: 35, Aggregated Accuracies: 0.8315476190476192 19
Communication round: 35, Eavesdropper Accuracy: 0.865909090909091 19 1
Communication round: 36, Eavesdropper Accuracy: 0.8363636363636363 20 1
Communication round: 37, Aggregated Accuracies: 0.8411904761904762 21
Communication round: 37, Eavesdropper Accuracy: 0.8636363636363636 21 1
Communication round: 38, Aggregated Accuracies: 0.8523809523809524 22
Communication round: 38, Eavesdropper Accuracy: 0.865909090909091 22 1
Communication round: 39, Eavesdropper Accuracy: 0.8568181818181818 22 0
Communication round: 40, Eavesdropper Accuracy: 0.8431818181818181 22 0
Communication round: 41, Eavesdropper Accuracy: 0.875 23 1
Communication round: 42, Eavesdropper Accuracy: 0.8431818181818181 24 1
Communication round: 43, Aggregated Accuracies: 0.8578571428571429 25
Communication round: 43, Eavesdropper Accuracy: 0.8795454545454545 25 1
Communication round: 44, Aggregated Accuracies: 0.8714285714285717 26
Communication round: 44, Eavesdropper Accuracy: 0.8909090909090909 26 1
Communication round: 45, Eavesdropper Accuracy: 0.8909090909090909 26 0
Communication round: 46, Eavesdropper Accuracy: 0.8863636363636364 26 0
Communication round: 47, Eavesdropper Accuracy: 0.8681818181818182 27 1
Communication round: 48, Eavesdropper Accuracy: 0.8613636363636363 27 0
Communication round: 49, Eavesdropper Accuracy: 0.8863636363636364 28 1
Communication round: 50, Eavesdropper Accuracy: 0.875 29 1
Communication round: 51, Eavesdropper Accuracy: 0.8909090909090909 30 1
Communication round: 52, Eavesdropper Accuracy: 0.9136363636363637 30 0
Communication round: 53, Eavesdropper Accuracy: 0.8613636363636363 30 0
Communication round: 54, Aggregated Accuracies: 0.8711904761904761 31
Communication round: 54, Eavesdropper Accuracy: 0.8909090909090909 31 1
Communication round: 55, Aggregated Accuracies: 0.8775000000000001 32
Communication round: 55, Eavesdropper Accuracy: 0.8977272727272727 32 1
Communication round: 56, Aggregated Accuracies: 0.8857142857142858 33
Communication round: 56, Eavesdropper Accuracy: 0.8977272727272727 33 1
Communication round: 57, Aggregated Accuracies: 0.8876190476190476 34
Communication round: 57, Eavesdropper Accuracy: 0.8977272727272727 34 1
Communication round: 58, Aggregated Accuracies: 0.8971428571428571 35
Communication round: 58, Eavesdropper Accuracy: 0.9318181818181818 35 1
Communication round: 59, Aggregated Accuracies: 0.8982142857142857 36
Communication round: 59, Eavesdropper Accuracy: 0.9045454545454545 36 1
Communication round: 60, Aggregated Accuracies: 0.9013095238095238 37
Communication round: 60, Eavesdropper Accuracy: 0.9090909090909091 37 1
Communication round: 61, Aggregated Accuracies: 0.9116666666666667 38
Communication round: 61, Eavesdropper Accuracy: 0.925 38 1
Communication round: 62, Aggregated Accuracies: 0.9140476190476191 39
Communication round: 62, Eavesdropper Accuracy: 0.9136363636363637 39 1
Communication round: 63, Eavesdropper Accuracy: 0.9227272727272727 40 1
Communication round: 64, Aggregated Accuracies: 0.9155952380952381 41
Communication round: 64, Eavesdropper Accuracy: 0.9318181818181818 41 1
Communication round: 65, Aggregated Accuracies: 0.9172619047619046 42
Communication round: 65, Eavesdropper Accuracy: 0.9409090909090909 42 1
Communication round: 66, Aggregated Accuracies: 0.9191666666666667 43
Communication round: 66, Eavesdropper Accuracy: 0.9159090909090909 43 1
Communication round: 67, Aggregated Accuracies: 0.9253571428571428 44
Communication round: 67, Eavesdropper Accuracy: 0.9386363636363636 44 1
Communication round: 68, Eavesdropper Accuracy: 0.9227272727272727 44 0
Communication round: 69, Eavesdropper Accuracy: 0.9090909090909091 44 0
Communication round: 70, Eavesdropper Accuracy: 0.9363636363636364 44 0
Communication round: 71, Eavesdropper Accuracy: 0.925 44 0
Communication round: 72, Eavesdropper Accuracy: 0.9272727272727272 44 0
Communication round: 73, Eavesdropper Accuracy: 0.925 44 0
Communication round: 74, Eavesdropper Accuracy: 0.9318181818181818 44 0
Communication round: 75, Eavesdropper Accuracy: 0.8931818181818182 44 0
Communication round: 76, Eavesdropper Accuracy: 0.9386363636363636 44 0
Communication round: 77, Eavesdropper Accuracy: 0.9295454545454546 44 0
Communication round: 78, Aggregated Accuracies: 0.923095238095238 45
Communication round: 78, Eavesdropper Accuracy: 0.9340909090909091 45 1
Communication round: 79, Eavesdropper Accuracy: 0.9568181818181818 45 0
Communication round: 80, Eavesdropper Accuracy: 0.95 45 0
Communication round: 81, Eavesdropper Accuracy: 0.925 45 0
Communication round: 82, Eavesdropper Accuracy: 0.9454545454545454 45 0
Communication round: 83, Eavesdropper Accuracy: 0.9295454545454546 45 0
Communication round: 84, Eavesdropper Accuracy: 0.9159090909090909 45 0
Communication round: 85, Eavesdropper Accuracy: 0.9295454545454546 45 0
Communication round: 86, Eavesdropper Accuracy: 0.9295454545454546 45 0
Communication round: 87, Eavesdropper Accuracy: 0.9181818181818182 45 0
Communication round: 88, Eavesdropper Accuracy: 0.9454545454545454 45 0
Communication round: 89, Smart Eavesdropper Accuracy: 0.9181818181818182 45 0
Communication round: 90, Smart Eavesdropper Accuracy: 0.9454545454545454 45 0
Communication round: 91, Smart Eavesdropper Accuracy: 0.9227272727272727 45 0
Communication round: 92, Smart Eavesdropper Accuracy: 0.9363636363636364 45 0
Communication round: 93, Smart Eavesdropper Accuracy: 0.9545454545454546 45 0
Communication round: 94, Smart Eavesdropper Accuracy: 0.9318181818181818 45 0
Communication round: 95, Smart Eavesdropper Accuracy: 0.95 45 0
Communication round: 96, Smart Eavesdropper Accuracy: 0.9477272727272728 45 0
Communication round: 97, Smart Eavesdropper Accuracy: 0.9613636363636363 45 0
Communication round: 98, Smart Eavesdropper Accuracy: 0.9431818181818182 45 0
Communication round: 99, Smart Eavesdropper Accuracy: 0.9340909090909091 45 0
----------------------------------------------------------------------------------------------------
----------------------------------------------------------------------------------------------------
20_30_100_1_5_0.9_False_
----------------------------------------------------------------------------------------------------
Communication round: 0, Eavesdropper Accuracy: 0.10227272727272728 1 1
Communication round: 1, Eavesdropper Accuracy: 0.09772727272727273 2 1
Communication round: 2, Eavesdropper Accuracy: 0.08863636363636364 2 0
Communication round: 3, Smart Eavesdropper Accuracy: 0.3704545454545455 2 0
Communication round: 4, Eavesdropper Accuracy: 0.10454545454545454 3 1
Communication round: 5, Aggregated Accuracies: 0.11797619047619053 4
Communication round: 5, Eavesdropper Accuracy: 0.13863636363636364 4 1
Communication round: 6, Aggregated Accuracies: 0.22809523809523807 5
Communication round: 6, Eavesdropper Accuracy: 0.2818181818181818 5 1
Communication round: 7, Eavesdropper Accuracy: 0.2636363636363636 6 1
Communication round: 8, Aggregated Accuracies: 0.29500000000000004 7
Communication round: 8, Eavesdropper Accuracy: 0.3 7 1
Communication round: 9, Aggregated Accuracies: 0.40083333333333326 8
Communication round: 9, Eavesdropper Accuracy: 0.4409090909090909 8 1
Communication round: 10, Eavesdropper Accuracy: 0.45681818181818185 9 1
Communication round: 11, Aggregated Accuracies: 0.4798809523809525 10
Communication round: 11, Eavesdropper Accuracy: 0.5068181818181818 10 1
Communication round: 12, Eavesdropper Accuracy: 0.5181818181818182 10 0
Communication round: 13, Eavesdropper Accuracy: 0.4818181818181818 10 0
Communication round: 14, Eavesdropper Accuracy: 0.5022727272727273 11 1
Communication round: 15, Eavesdropper Accuracy: 0.5363636363636364 12 1
Communication round: 16, Eavesdropper Accuracy: 0.4909090909090909 12 0
Communication round: 17, Eavesdropper Accuracy: 0.5454545454545454 12 0
Communication round: 18, Aggregated Accuracies: 0.5511904761904762 13
Communication round: 18, Eavesdropper Accuracy: 0.6090909090909091 13 1
Communication round: 19, Eavesdropper Accuracy: 0.5909090909090909 13 0
Communication round: 20, Eavesdropper Accuracy: 0.6068181818181818 14 1
Communication round: 21, Eavesdropper Accuracy: 0.6363636363636364 15 1
Communication round: 22, Aggregated Accuracies: 0.5954761904761904 16
Communication round: 22, Eavesdropper Accuracy: 0.6977272727272728 16 1
Communication round: 23, Aggregated Accuracies: 0.6864285714285714 17
Communication round: 23, Eavesdropper Accuracy: 0.7431818181818182 17 1
Communication round: 24, Aggregated Accuracies: 0.7338095238095237 18
Communication round: 24, Eavesdropper Accuracy: 0.7977272727272727 18 1
Communication round: 25, Eavesdropper Accuracy: 0.7727272727272727 18 0
Communication round: 26, Eavesdropper Accuracy: 0.7863636363636364 18 0
Communication round: 27, Eavesdropper Accuracy: 0.7909090909090909 18 0
Communication round: 28, Eavesdropper Accuracy: 0.7977272727272727 19 1
Communication round: 29, Eavesdropper Accuracy: 0.8 20 1
Communication round: 30, Eavesdropper Accuracy: 0.7704545454545455 20 0
Communication round: 31, Eavesdropper Accuracy: 0.7613636363636364 20 0
Communication round: 32, Aggregated Accuracies: 0.7636904761904763 21
Communication round: 32, Eavesdropper Accuracy: 0.8181818181818182 21 1
Communication round: 33, Aggregated Accuracies: 0.7901190476190478 22
Communication round: 33, Eavesdropper Accuracy: 0.8090909090909091 22 1
Communication round: 34, Eavesdropper Accuracy: 0.7977272727272727 22 0
Communication round: 35, Eavesdropper Accuracy: 0.8 22 0
Communication round: 36, Eavesdropper Accuracy: 0.8272727272727273 22 0
Communication round: 37, Eavesdropper Accuracy: 0.8340909090909091 23 1
Communication round: 38, Aggregated Accuracies: 0.8088095238095236 24
Communication round: 38, Eavesdropper Accuracy: 0.8454545454545455 24 1
Communication round: 39, Eavesdropper Accuracy: 0.8454545454545455 24 0
Communication round: 40, Eavesdropper Accuracy: 0.8590909090909091 24 0
Communication round: 41, Eavesdropper Accuracy: 0.8227272727272728 25 1
Communication round: 42, Aggregated Accuracies: 0.8244047619047619 26
Communication round: 42, Eavesdropper Accuracy: 0.8227272727272728 26 1
Communication round: 43, Eavesdropper Accuracy: 0.8522727272727273 27 1
Communication round: 44, Eavesdropper Accuracy: 0.8613636363636363 27 0
Communication round: 45, Aggregated Accuracies: 0.8382142857142856 28
Communication round: 45, Eavesdropper Accuracy: 0.85 28 1
Communication round: 46, Aggregated Accuracies: 0.8505952380952382 29
Communication round: 46, Eavesdropper Accuracy: 0.8704545454545455 29 1
Communication round: 47, Aggregated Accuracies: 0.8627380952380952 30
Communication round: 47, Eavesdropper Accuracy: 0.8863636363636364 30 1
Communication round: 48, Aggregated Accuracies: 0.8686904761904761 31
Communication round: 48, Eavesdropper Accuracy: 0.9045454545454545 31 1
Communication round: 49, Aggregated Accuracies: 0.8810714285714285 32
Communication round: 49, Eavesdropper Accuracy: 0.9022727272727272 32 1
Communication round: 50, Aggregated Accuracies: 0.8909523809523808 33
Communication round: 50, Eavesdropper Accuracy: 0.9181818181818182 33 1
Communication round: 51, Aggregated Accuracies: 0.8910714285714285 34
Communication round: 51, Eavesdropper Accuracy: 0.9136363636363637 34 1
Communication round: 52, Aggregated Accuracies: 0.9022619047619047 35
Communication round: 52, Eavesdropper Accuracy: 0.9136363636363637 35 1
Communication round: 53, Aggregated Accuracies: 0.9044047619047617 36
Communication round: 53, Eavesdropper Accuracy: 0.9409090909090909 36 1
Communication round: 54, Aggregated Accuracies: 0.9098809523809521 37
Communication round: 54, Eavesdropper Accuracy: 0.9068181818181819 37 1
Communication round: 55, Aggregated Accuracies: 0.9138095238095236 38
Communication round: 55, Eavesdropper Accuracy: 0.9204545454545454 38 1
Communication round: 56, Aggregated Accuracies: 0.9195238095238093 39
Communication round: 56, Eavesdropper Accuracy: 0.9454545454545454 39 1
Communication round: 57, Eavesdropper Accuracy: 0.9386363636363636 39 0
Communication round: 58, Eavesdropper Accuracy: 0.9295454545454546 39 0
Communication round: 59, Eavesdropper Accuracy: 0.9159090909090909 39 0
Communication round: 60, Eavesdropper Accuracy: 0.9340909090909091 39 0
Communication round: 61, Eavesdropper Accuracy: 0.9318181818181818 39 0
Communication round: 62, Eavesdropper Accuracy: 0.9477272727272728 39 0
Communication round: 63, Eavesdropper Accuracy: 0.9272727272727272 39 0
Communication round: 64, Eavesdropper Accuracy: 0.9295454545454546 39 0
Communication round: 65, Eavesdropper Accuracy: 0.9340909090909091 39 0
Communication round: 66, Eavesdropper Accuracy: 0.9454545454545454 39 0
Communication round: 67, Eavesdropper Accuracy: 0.9431818181818182 39 0
Communication round: 68, Eavesdropper Accuracy: 0.9363636363636364 39 0
Communication round: 69, Eavesdropper Accuracy: 0.9454545454545454 39 0
Communication round: 70, Eavesdropper Accuracy: 0.9227272727272727 39 0
Communication round: 71, Eavesdropper Accuracy: 0.9590909090909091 39 0
Communication round: 72, Eavesdropper Accuracy: 0.9454545454545454 39 0
Communication round: 73, Eavesdropper Accuracy: 0.9386363636363636 39 0
Communication round: 74, Eavesdropper Accuracy: 0.9363636363636364 39 0
Communication round: 75, Eavesdropper Accuracy: 0.9409090909090909 39 0
Communication round: 76, Eavesdropper Accuracy: 0.9295454545454546 39 0
Communication round: 77, Smart Eavesdropper Accuracy: 0.9318181818181818 39 0
Communication round: 78, Smart Eavesdropper Accuracy: 0.9227272727272727 39 0
Communication round: 79, Smart Eavesdropper Accuracy: 0.9295454545454546 39 0
Communication round: 80, Aggregated Accuracies: 0.9219047619047618 40
Communication round: 80, Smart Eavesdropper Accuracy: 0.9522727272727273 40 1
Communication round: 81, Aggregated Accuracies: 0.9232142857142855 41
Communication round: 81, Smart Eavesdropper Accuracy: 0.9386363636363636 41 1
Communication round: 82, Smart Eavesdropper Accuracy: 0.9522727272727273 41 0
Communication round: 83, Smart Eavesdropper Accuracy: 0.9568181818181818 41 0
Communication round: 84, Smart Eavesdropper Accuracy: 0.9522727272727273 41 0
Communication round: 85, Smart Eavesdropper Accuracy: 0.9545454545454546 41 0
Communication round: 86, Smart Eavesdropper Accuracy: 0.9590909090909091 41 0
Communication round: 87, Smart Eavesdropper Accuracy: 0.9636363636363636 41 0
Communication round: 88, Smart Eavesdropper Accuracy: 0.9636363636363636 41 0
Communication round: 89, Smart Eavesdropper Accuracy: 0.9636363636363636 41 0
Communication round: 90, Smart Eavesdropper Accuracy: 0.9613636363636363 41 0
Communication round: 91, Smart Eavesdropper Accuracy: 0.9704545454545455 41 0
Communication round: 92, Smart Eavesdropper Accuracy: 0.9659090909090909 41 0
Communication round: 93, Smart Eavesdropper Accuracy: 0.9727272727272728 41 0
Communication round: 94, Smart Eavesdropper Accuracy: 0.9568181818181818 41 0
Communication round: 95, Smart Eavesdropper Accuracy: 0.9636363636363636 41 0
Communication round: 96, Smart Eavesdropper Accuracy: 0.9636363636363636 41 0
Communication round: 97, Smart Eavesdropper Accuracy: 0.9613636363636363 41 0
Communication round: 98, Smart Eavesdropper Accuracy: 0.9568181818181818 41 0
Communication round: 99, Smart Eavesdropper Accuracy: 0.9590909090909091 41 0
----------------------------------------------------------------------------------------------------
