----------------------------------------------------------------------------------------------------
20_30_100_0.4_8_0.9_False_
----------------------------------------------------------------------------------------------------
Communication round: 0, Eavesdropper Accuracy: 0.0659090909090909 1 1
Communication round: 1, Eavesdropper Accuracy: 0.08863636363636364 2 1
Communication round: 2, Eavesdropper Accuracy: 0.0659090909090909 2 0
Communication round: 3, Smart Eavesdropper Accuracy: 0.39545454545454545 2 0
Communication round: 4, Smart Eavesdropper Accuracy: 0.5613636363636364 2 0
Communication round: 5, Smart Eavesdropper Accuracy: 0.7318181818181818 3 1
Communication round: 6, Eavesdropper Accuracy: 0.1 4 1
Communication round: 7, Eavesdropper Accuracy: 0.08409090909090909 5 1
Communication round: 8, Eavesdropper Accuracy: 0.09545454545454546 5 0
Communication round: 9, Eavesdropper Accuracy: 0.09090909090909091 6 1
Communication round: 10, Eavesdropper Accuracy: 0.1 7 1
Communication round: 11, Aggregated Accuracies: 0.16202380952380951 8
Communication round: 11, Eavesdropper Accuracy: 0.15 8 1
Communication round: 12, Aggregated Accuracies: 0.30321428571428577 9
Communication round: 12, Eavesdropper Accuracy: 0.3477272727272727 9 1
Communication round: 13, Eavesdropper Accuracy: 0.37272727272727274 9 0
Communication round: 14, Aggregated Accuracies: 0.41345238095238096 10
Communication round: 14, Eavesdropper Accuracy: 0.45454545454545453 10 1
Communication round: 15, Aggregated Accuracies: 0.5159523809523809 11
Communication round: 15, Eavesdropper Accuracy: 0.6181818181818182 11 1
Communication round: 16, Eavesdropper Accuracy: 0.5272727272727272 11 0
Communication round: 17, Eavesdropper Accuracy: 0.5772727272727273 11 0
Communication round: 18, Eavesdropper Accuracy: 0.5840909090909091 11 0
Communication round: 19, Aggregated Accuracies: 0.5872619047619049 12
Communication round: 19, Eavesdropper Accuracy: 0.6454545454545455 12 1
Communication round: 20, Eavesdropper Accuracy: 0.6727272727272727 13 1
Communication round: 21, Eavesdropper Accuracy: 0.6045454545454545 14 1
Communication round: 22, Eavesdropper Accuracy: 0.6386363636363637 15 1
Communication round: 23, Eavesdropper Accuracy: 0.6227272727272727 15 0
Communication round: 24, Eavesdropper Accuracy: 0.615909090909091 15 0
Communication round: 25, Aggregated Accuracies: 0.6397619047619048 16
Communication round: 25, Eavesdropper Accuracy: 0.6568181818181819 16 1
Communication round: 26, Eavesdropper Accuracy: 0.6545454545454545 17 1
Communication round: 27, Eavesdropper Accuracy: 0.6818181818181818 18 1
Communication round: 28, Eavesdropper Accuracy: 0.6477272727272727 19 1
Communication round: 29, Eavesdropper Accuracy: 0.6909090909090909 19 0
Communication round: 30, Eavesdropper Accuracy: 0.6568181818181819 19 0
Communication round: 31, Eavesdropper Accuracy: 0.7022727272727273 20 1
Communication round: 32, Eavesdropper Accuracy: 0.6931818181818182 20 0
Communication round: 33, Eavesdropper Accuracy: 0.7 20 0
Communication round: 34, Aggregated Accuracies: 0.6797619047619046 21
Communication round: 34, Eavesdropper Accuracy: 0.7204545454545455 21 1
Communication round: 35, Eavesdropper Accuracy: 0.6886363636363636 21 0
Communication round: 36, Eavesdropper Accuracy: 0.7159090909090909 21 0
Communication round: 37, Eavesdropper Accuracy: 0.7045454545454546 21 0
Communication round: 38, Aggregated Accuracies: 0.7164285714285714 22
Communication round: 38, Eavesdropper Accuracy: 0.7681818181818182 22 1
Communication round: 39, Eavesdropper Accuracy: 0.7522727272727273 22 0
Communication round: 40, Eavesdropper Accuracy: 0.7340909090909091 23 1
Communication round: 41, Eavesdropper Accuracy: 0.7545454545454545 23 0
Communication round: 42, Eavesdropper Accuracy: 0.7386363636363636 24 1
Communication round: 43, Eavesdropper Accuracy: 0.759090909090909 25 1
Communication round: 44, Eavesdropper Accuracy: 0.740909090909091 25 0
Communication round: 45, Eavesdropper Accuracy: 0.7340909090909091 26 1
Communication round: 46, Eavesdropper Accuracy: 0.7545454545454545 27 1
Communication round: 47, Eavesdropper Accuracy: 0.75 28 1
Communication round: 48, Eavesdropper Accuracy: 0.7318181818181818 29 1
Communication round: 49, Eavesdropper Accuracy: 0.740909090909091 29 0
Communication round: 50, Eavesdropper Accuracy: 0.7363636363636363 29 0
Communication round: 51, Eavesdropper Accuracy: 0.7318181818181818 30 1
Communication round: 52, Aggregated Accuracies: 0.743452380952381 31
Communication round: 52, Eavesdropper Accuracy: 0.7818181818181819 31 1
Communication round: 53, Eavesdropper Accuracy: 0.7659090909090909 31 0
Communication round: 54, Eavesdropper Accuracy: 0.7613636363636364 32 1
Communication round: 55, Eavesdropper Accuracy: 0.7704545454545455 33 1
Communication round: 56, Aggregated Accuracies: 0.7827380952380953 34
Communication round: 56, Eavesdropper Accuracy: 0.7909090909090909 34 1
Communication round: 57, Eavesdropper Accuracy: 0.8090909090909091 34 0
Communication round: 58, Eavesdropper Accuracy: 0.8045454545454546 34 0
Communication round: 59, Eavesdropper Accuracy: 0.7886363636363637 34 0
Communication round: 60, Eavesdropper Accuracy: 0.8204545454545454 34 0
Communication round: 61, Aggregated Accuracies: 0.795952380952381 35
Communication round: 61, Eavesdropper Accuracy: 0.8522727272727273 35 1
Communication round: 62, Aggregated Accuracies: 0.8282142857142857 36
Communication round: 62, Eavesdropper Accuracy: 0.8318181818181818 36 1
Communication round: 63, Aggregated Accuracies: 0.8378571428571429 37
Communication round: 63, Eavesdropper Accuracy: 0.8704545454545455 37 1
Communication round: 64, Aggregated Accuracies: 0.8517857142857144 38
Communication round: 64, Eavesdropper Accuracy: 0.8795454545454545 38 1
Communication round: 65, Aggregated Accuracies: 0.8589285714285714 39
Communication round: 65, Eavesdropper Accuracy: 0.8863636363636364 39 1
Communication round: 66, Aggregated Accuracies: 0.871904761904762 40
Communication round: 66, Eavesdropper Accuracy: 0.8909090909090909 40 1
Communication round: 67, Eavesdropper Accuracy: 0.8795454545454545 40 0
Communication round: 68, Aggregated Accuracies: 0.8754761904761905 41
Communication round: 68, Eavesdropper Accuracy: 0.8931818181818182 41 1
Communication round: 69, Aggregated Accuracies: 0.8854761904761903 42
Communication round: 69, Eavesdropper Accuracy: 0.9 42 1
Communication round: 70, Aggregated Accuracies: 0.8907142857142858 43
Communication round: 70, Eavesdropper Accuracy: 0.9181818181818182 43 1
Communication round: 71, Eavesdropper Accuracy: 0.8818181818181818 43 0
Communication round: 72, Eavesdropper Accuracy: 0.8931818181818182 43 0
Communication round: 73, Eavesdropper Accuracy: 0.884090909090909 43 0
Communication round: 74, Eavesdropper Accuracy: 0.9 43 0
Communication round: 75, Eavesdropper Accuracy: 0.8931818181818182 43 0
Communication round: 76, Eavesdropper Accuracy: 0.8977272727272727 43 0
Communication round: 77, Eavesdropper Accuracy: 0.9113636363636364 43 0
Communication round: 78, Eavesdropper Accuracy: 0.9068181818181819 43 0
Communication round: 79, Eavesdropper Accuracy: 0.9136363636363637 43 0
Communication round: 80, Eavesdropper Accuracy: 0.9 43 0
Communication round: 81, Eavesdropper Accuracy: 0.8863636363636364 43 0
Communication round: 82, Eavesdropper Accuracy: 0.8613636363636363 43 0
Communication round: 83, Eavesdropper Accuracy: 0.9136363636363637 44 1
Communication round: 84, Aggregated Accuracies: 0.8955952380952381 45
Communication round: 84, Eavesdropper Accuracy: 0.9113636363636364 45 1
Communication round: 85, Aggregated Accuracies: 0.8979761904761905 46
Communication round: 85, Eavesdropper Accuracy: 0.9 46 1
Communication round: 86, Aggregated Accuracies: 0.9051190476190477 47
Communication round: 86, Eavesdropper Accuracy: 0.9227272727272727 47 1
Communication round: 87, Aggregated Accuracies: 0.9105952380952379 48
Communication round: 87, Eavesdropper Accuracy: 0.9159090909090909 48 1
Communication round: 88, Aggregated Accuracies: 0.9127380952380951 49
Communication round: 88, Eavesdropper Accuracy: 0.925 49 1
Communication round: 89, Aggregated Accuracies: 0.9145238095238095 50
Communication round: 89, Eavesdropper Accuracy: 0.9386363636363636 50 1
Communication round: 90, Aggregated Accuracies: 0.9179761904761904 51
Communication round: 90, Eavesdropper Accuracy: 0.9363636363636364 51 1
Communication round: 91, Aggregated Accuracies: 0.9183333333333333 52
Communication round: 91, Eavesdropper Accuracy: 0.9386363636363636 52 1
Communication round: 92, Aggregated Accuracies: 0.9219047619047618 53
Communication round: 92, Eavesdropper Accuracy: 0.9204545454545454 53 1
Communication round: 93, Aggregated Accuracies: 0.9236904761904761 54
Communication round: 93, Eavesdropper Accuracy: 0.9318181818181818 54 1
Communication round: 94, Eavesdropper Accuracy: 0.9272727272727272 54 0
Communication round: 95, Aggregated Accuracies: 0.9260714285714287 55
Communication round: 95, Eavesdropper Accuracy: 0.9386363636363636 55 1
Communication round: 96, Eavesdropper Accuracy: 0.9431818181818182 55 0
Communication round: 97, Eavesdropper Accuracy: 0.9386363636363636 55 0
Communication round: 98, Eavesdropper Accuracy: 0.9363636363636364 55 0
Communication round: 99, Eavesdropper Accuracy: 0.9272727272727272 55 0
----------------------------------------------------------------------------------------------------
----------------------------------------------------------------------------------------------------
20_30_100_0.4_8_0.9_False_
----------------------------------------------------------------------------------------------------
Communication round: 0, Eavesdropper Accuracy: 0.14545454545454545 1 1
Communication round: 1, Smart Eavesdropper Accuracy: 0.3659090909090909 1 0
Communication round: 2, Smart Eavesdropper Accuracy: 0.6090909090909091 1 0
Communication round: 3, Aggregated Accuracies: 0.18904761904761902 2
Communication round: 3, Smart Eavesdropper Accuracy: 0.6704545454545454 2 1
Communication round: 4, Aggregated Accuracies: 0.2682142857142858 3
Communication round: 4, Eavesdropper Accuracy: 0.3 3 1
Communication round: 5, Smart Eavesdropper Accuracy: 0.5772727272727273 3 0
Communication round: 6, Smart Eavesdropper Accuracy: 0.6704545454545454 3 0
Communication round: 7, Smart Eavesdropper Accuracy: 0.7818181818181819 3 0
Communication round: 8, Aggregated Accuracies: 0.41988095238095224 4
Communication round: 8, Smart Eavesdropper Accuracy: 0.8363636363636363 4 1
Communication round: 9, Smart Eavesdropper Accuracy: 0.8227272727272728 4 0
Communication round: 10, Smart Eavesdropper Accuracy: 0.8704545454545455 5 1
Communication round: 11, Smart Eavesdropper Accuracy: 0.8886363636363637 5 0
Communication round: 12, Smart Eavesdropper Accuracy: 0.9136363636363637 6 1
Communication round: 13, Aggregated Accuracies: 0.4966666666666667 7
Communication round: 13, Smart Eavesdropper Accuracy: 0.9295454545454546 7 1
Communication round: 14, Smart Eavesdropper Accuracy: 0.9181818181818182 7 0
Communication round: 15, Aggregated Accuracies: 0.5611904761904764 8
Communication round: 15, Smart Eavesdropper Accuracy: 0.884090909090909 8 1
Communication round: 16, Aggregated Accuracies: 0.6188095238095238 9
Communication round: 16, Eavesdropper Accuracy: 0.6613636363636364 9 1
Communication round: 17, Eavesdropper Accuracy: 0.6318181818181818 10 1
Communication round: 18, Eavesdropper Accuracy: 0.675 11 1
Communication round: 19, Aggregated Accuracies: 0.656904761904762 12
Communication round: 19, Eavesdropper Accuracy: 0.7045454545454546 12 1
Communication round: 20, Eavesdropper Accuracy: 0.7295454545454545 12 0
Communication round: 21, Eavesdropper Accuracy: 0.7431818181818182 12 0
Communication round: 22, Eavesdropper Accuracy: 0.6636363636363637 13 1
Communication round: 23, Eavesdropper Accuracy: 0.7204545454545455 13 0
Communication round: 24, Eavesdropper Accuracy: 0.6954545454545454 13 0
Communication round: 25, Smart Eavesdropper Accuracy: 0.7295454545454545 13 0
Communication round: 26, Smart Eavesdropper Accuracy: 0.775 13 0
Communication round: 27, Aggregated Accuracies: 0.6813095238095238 14
Communication round: 27, Smart Eavesdropper Accuracy: 0.8454545454545455 14 1
Communication round: 28, Eavesdropper Accuracy: 0.7113636363636363 15 1
Communication round: 29, Eavesdropper Accuracy: 0.7272727272727273 16 1
Communication round: 30, Eavesdropper Accuracy: 0.7318181818181818 17 1
Communication round: 31, Eavesdropper Accuracy: 0.7295454545454545 18 1
Communication round: 32, Aggregated Accuracies: 0.7192857142857142 19
Communication round: 32, Eavesdropper Accuracy: 0.7477272727272727 19 1
Communication round: 33, Aggregated Accuracies: 0.7486904761904761 20
Communication round: 33, Eavesdropper Accuracy: 0.7977272727272727 20 1
Communication round: 34, Eavesdropper Accuracy: 0.7886363636363637 20 0
Communication round: 35, Aggregated Accuracies: 0.7840476190476192 21
Communication round: 35, Eavesdropper Accuracy: 0.8045454545454546 21 1
Communication round: 36, Eavesdropper Accuracy: 0.7931818181818182 21 0
Communication round: 37, Eavesdropper Accuracy: 0.825 21 0
Communication round: 38, Eavesdropper Accuracy: 0.8363636363636363 21 0
Communication round: 39, Eavesdropper Accuracy: 0.8340909090909091 21 0
Communication round: 40, Aggregated Accuracies: 0.8078571428571429 22
Communication round: 40, Eavesdropper Accuracy: 0.8295454545454546 22 1
Communication round: 41, Aggregated Accuracies: 0.8234523809523809 23
Communication round: 41, Eavesdropper Accuracy: 0.8409090909090909 23 1
Communication round: 42, Aggregated Accuracies: 0.8445238095238095 24
Communication round: 42, Eavesdropper Accuracy: 0.8636363636363636 24 1
Communication round: 43, Aggregated Accuracies: 0.8572619047619046 25
Communication round: 43, Eavesdropper Accuracy: 0.884090909090909 25 1
Communication round: 44, Aggregated Accuracies: 0.8582142857142857 26
Communication round: 44, Eavesdropper Accuracy: 0.875 26 1
Communication round: 45, Eavesdropper Accuracy: 0.8818181818181818 27 1
Communication round: 46, Eavesdropper Accuracy: 0.8818181818181818 28 1
Communication round: 47, Eavesdropper Accuracy: 0.8704545454545455 28 0
Communication round: 48, Eavesdropper Accuracy: 0.884090909090909 29 1
Communication round: 49, Eavesdropper Accuracy: 0.9068181818181819 30 1
Communication round: 50, Eavesdropper Accuracy: 0.8727272727272727 30 0
Communication round: 51, Eavesdropper Accuracy: 0.8818181818181818 30 0
Communication round: 52, Eavesdropper Accuracy: 0.8818181818181818 30 0
Communication round: 53, Aggregated Accuracies: 0.8758333333333335 31
Communication round: 53, Eavesdropper Accuracy: 0.9 31 1
Communication round: 54, Eavesdropper Accuracy: 0.9181818181818182 32 1
Communication round: 55, Eavesdropper Accuracy: 0.8931818181818182 32 0
Communication round: 56, Eavesdropper Accuracy: 0.8886363636363637 32 0
Communication round: 57, Eavesdropper Accuracy: 0.8795454545454545 32 0
Communication round: 58, Eavesdropper Accuracy: 0.8772727272727273 32 0
Communication round: 59, Eavesdropper Accuracy: 0.8954545454545455 32 0
Communication round: 60, Eavesdropper Accuracy: 0.8727272727272727 32 0
Communication round: 61, Aggregated Accuracies: 0.8777380952380952 33
Communication round: 61, Eavesdropper Accuracy: 0.8931818181818182 33 1
Communication round: 62, Eavesdropper Accuracy: 0.8977272727272727 33 0
Communication round: 63, Aggregated Accuracies: 0.8822619047619049 34
Communication round: 63, Eavesdropper Accuracy: 0.8931818181818182 34 1
Communication round: 64, Eavesdropper Accuracy: 0.9159090909090909 34 0
Communication round: 65, Aggregated Accuracies: 0.8885714285714286 35
Communication round: 65, Eavesdropper Accuracy: 0.9090909090909091 35 1
Communication round: 66, Aggregated Accuracies: 0.8963095238095239 36
Communication round: 66, Eavesdropper Accuracy: 0.8954545454545455 36 1
Communication round: 67, Aggregated Accuracies: 0.8974999999999997 37
Communication round: 67, Eavesdropper Accuracy: 0.9136363636363637 37 1
Communication round: 68, Aggregated Accuracies: 0.8995238095238095 38
Communication round: 68, Eavesdropper Accuracy: 0.9227272727272727 38 1
Communication round: 69, Aggregated Accuracies: 0.9046428571428571 39
Communication round: 69, Eavesdropper Accuracy: 0.9204545454545454 39 1
Communication round: 70, Aggregated Accuracies: 0.9088095238095237 40
Communication round: 70, Eavesdropper Accuracy: 0.9227272727272727 40 1
Communication round: 71, Aggregated Accuracies: 0.9153571428571426 41
Communication round: 71, Eavesdropper Accuracy: 0.9295454545454546 41 1
Communication round: 72, Aggregated Accuracies: 0.9191666666666667 42
Communication round: 72, Eavesdropper Accuracy: 0.9363636363636364 42 1
Communication round: 73, Aggregated Accuracies: 0.9188095238095236 43
Communication round: 73, Eavesdropper Accuracy: 0.925 43 1
Communication round: 74, Aggregated Accuracies: 0.9203571428571428 44
Communication round: 74, Eavesdropper Accuracy: 0.9181818181818182 44 1
Communication round: 75, Aggregated Accuracies: 0.9235714285714286 45
Communication round: 75, Eavesdropper Accuracy: 0.9204545454545454 45 1
Communication round: 76, Eavesdropper Accuracy: 0.9386363636363636 45 0
Communication round: 77, Eavesdropper Accuracy: 0.9181818181818182 45 0
Communication round: 78, Eavesdropper Accuracy: 0.9363636363636364 45 0
Communication round: 79, Eavesdropper Accuracy: 0.9340909090909091 45 0
Communication round: 80, Eavesdropper Accuracy: 0.9272727272727272 45 0
Communication round: 81, Eavesdropper Accuracy: 0.9363636363636364 45 0
Communication round: 82, Eavesdropper Accuracy: 0.9363636363636364 45 0
Communication round: 83, Eavesdropper Accuracy: 0.9363636363636364 45 0
Communication round: 84, Eavesdropper Accuracy: 0.9227272727272727 45 0
Communication round: 85, Eavesdropper Accuracy: 0.9477272727272728 45 0
Communication round: 86, Eavesdropper Accuracy: 0.9272727272727272 45 0
Communication round: 87, Eavesdropper Accuracy: 0.9386363636363636 45 0
Communication round: 88, Eavesdropper Accuracy: 0.9272727272727272 45 0
Communication round: 89, Smart Eavesdropper Accuracy: 0.9568181818181818 45 0
Communication round: 90, Smart Eavesdropper Accuracy: 0.95 45 0
Communication round: 91, Smart Eavesdropper Accuracy: 0.9545454545454546 45 0
Communication round: 92, Smart Eavesdropper Accuracy: 0.9204545454545454 45 0
Communication round: 93, Smart Eavesdropper Accuracy: 0.9318181818181818 45 0
Communication round: 94, Smart Eavesdropper Accuracy: 0.9363636363636364 45 0
Communication round: 95, Smart Eavesdropper Accuracy: 0.9545454545454546 45 0
Communication round: 96, Smart Eavesdropper Accuracy: 0.9409090909090909 45 0
Communication round: 97, Smart Eavesdropper Accuracy: 0.9409090909090909 45 0
Communication round: 98, Smart Eavesdropper Accuracy: 0.9477272727272728 45 0
Communication round: 99, Smart Eavesdropper Accuracy: 0.9545454545454546 45 0
----------------------------------------------------------------------------------------------------
----------------------------------------------------------------------------------------------------
20_30_100_0.4_8_0.9_False_
----------------------------------------------------------------------------------------------------
Communication round: 0, Eavesdropper Accuracy: 0.03636363636363636 1 1
Communication round: 1, Smart Eavesdropper Accuracy: 0.35909090909090907 1 0
Communication round: 2, Eavesdropper Accuracy: 0.038636363636363635 2 1
Communication round: 3, Eavesdropper Accuracy: 0.03636363636363636 3 1
Communication round: 4, Eavesdropper Accuracy: 0.04318181818181818 3 0
Communication round: 5, Eavesdropper Accuracy: 0.05227272727272727 4 1
Communication round: 6, Eavesdropper Accuracy: 0.05 5 1
Communication round: 7, Eavesdropper Accuracy: 0.038636363636363635 6 1
Communication round: 8, Eavesdropper Accuracy: 0.038636363636363635 6 0
Communication round: 9, Eavesdropper Accuracy: 0.05227272727272727 6 0
Communication round: 10, Eavesdropper Accuracy: 0.031818181818181815 6 0
Communication round: 11, Eavesdropper Accuracy: 0.04090909090909091 7 1
Communication round: 12, Aggregated Accuracies: 0.10726190476190478 8
Communication round: 12, Eavesdropper Accuracy: 0.05909090909090909 8 1
Communication round: 13, Eavesdropper Accuracy: 0.05227272727272727 9 1
Communication round: 14, Aggregated Accuracies: 0.18714285714285717 10
Communication round: 14, Eavesdropper Accuracy: 0.1431818181818182 10 1
Communication round: 15, Eavesdropper Accuracy: 0.15681818181818183 10 0
Communication round: 16, Eavesdropper Accuracy: 0.16136363636363638 10 0
Communication round: 17, Eavesdropper Accuracy: 0.1159090909090909 10 0
Communication round: 18, Eavesdropper Accuracy: 0.13636363636363635 11 1
Communication round: 19, Eavesdropper Accuracy: 0.1431818181818182 12 1
Communication round: 20, Eavesdropper Accuracy: 0.14545454545454545 13 1
Communication round: 21, Aggregated Accuracies: 0.2742857142857143 14
Communication round: 21, Eavesdropper Accuracy: 0.2636363636363636 14 1
Communication round: 22, Aggregated Accuracies: 0.4027380952380953 15
Communication round: 22, Eavesdropper Accuracy: 0.42045454545454547 15 1
Communication round: 23, Aggregated Accuracies: 0.4654761904761903 16
Communication round: 23, Eavesdropper Accuracy: 0.5068181818181818 16 1
Communication round: 24, Eavesdropper Accuracy: 0.49318181818181817 16 0
Communication round: 25, Eavesdropper Accuracy: 0.48863636363636365 17 1
Communication round: 26, Eavesdropper Accuracy: 0.47045454545454546 18 1
Communication round: 27, Eavesdropper Accuracy: 0.5136363636363637 18 0
Communication round: 28, Eavesdropper Accuracy: 0.47954545454545455 18 0
Communication round: 29, Eavesdropper Accuracy: 0.4909090909090909 19 1
Communication round: 30, Eavesdropper Accuracy: 0.4818181818181818 19 0
Communication round: 31, Eavesdropper Accuracy: 0.45227272727272727 20 1
Communication round: 32, Eavesdropper Accuracy: 0.4818181818181818 20 0
Communication round: 33, Eavesdropper Accuracy: 0.4909090909090909 21 1
Communication round: 34, Aggregated Accuracies: 0.5410714285714285 22
Communication round: 34, Eavesdropper Accuracy: 0.5522727272727272 22 1
Communication round: 35, Eavesdropper Accuracy: 0.5613636363636364 23 1
Communication round: 36, Eavesdropper Accuracy: 0.5386363636363637 23 0
Communication round: 37, Eavesdropper Accuracy: 0.5613636363636364 24 1
Communication round: 38, Aggregated Accuracies: 0.5941666666666666 25
Communication round: 38, Eavesdropper Accuracy: 0.6522727272727272 25 1
Communication round: 39, Eavesdropper Accuracy: 0.6113636363636363 26 1
Communication round: 40, Eavesdropper Accuracy: 0.6295454545454545 27 1
Communication round: 41, Eavesdropper Accuracy: 0.5909090909090909 28 1
Communication round: 42, Aggregated Accuracies: 0.6538095238095237 29
Communication round: 42, Eavesdropper Accuracy: 0.7136363636363636 29 1
Communication round: 43, Eavesdropper Accuracy: 0.7045454545454546 30 1
Communication round: 44, Eavesdropper Accuracy: 0.6886363636363636 31 1
Communication round: 45, Eavesdropper Accuracy: 0.6636363636363637 32 1
Communication round: 46, Aggregated Accuracies: 0.6902380952380953 33
Communication round: 46, Eavesdropper Accuracy: 0.7113636363636363 33 1
Communication round: 47, Aggregated Accuracies: 0.7197619047619048 34
Communication round: 47, Eavesdropper Accuracy: 0.7863636363636364 34 1
Communication round: 48, Eavesdropper Accuracy: 0.7295454545454545 35 1
Communication round: 49, Aggregated Accuracies: 0.762857142857143 36
Communication round: 49, Eavesdropper Accuracy: 0.7681818181818182 36 1
Communication round: 50, Eavesdropper Accuracy: 0.7863636363636364 36 0
Communication round: 51, Eavesdropper Accuracy: 0.7840909090909091 36 0
Communication round: 52, Eavesdropper Accuracy: 0.7522727272727273 36 0
Communication round: 53, Eavesdropper Accuracy: 0.7795454545454545 36 0
Communication round: 54, Eavesdropper Accuracy: 0.8045454545454546 36 0
Communication round: 55, Eavesdropper Accuracy: 0.7931818181818182 36 0
Communication round: 56, Eavesdropper Accuracy: 0.7659090909090909 37 1
Communication round: 57, Aggregated Accuracies: 0.7871428571428571 38
Communication round: 57, Eavesdropper Accuracy: 0.8068181818181818 38 1
Communication round: 58, Eavesdropper Accuracy: 0.8159090909090909 39 1
Communication round: 59, Eavesdropper Accuracy: 0.7931818181818182 40 1
Communication round: 60, Eavesdropper Accuracy: 0.8204545454545454 41 1
Communication round: 61, Eavesdropper Accuracy: 0.8386363636363636 42 1
Communication round: 62, Eavesdropper Accuracy: 0.8113636363636364 43 1
Communication round: 63, Aggregated Accuracies: 0.8052380952380952 44
Communication round: 63, Eavesdropper Accuracy: 0.7931818181818182 44 1
Communication round: 64, Eavesdropper Accuracy: 0.8090909090909091 44 0
Communication round: 65, Aggregated Accuracies: 0.8247619047619047 45
Communication round: 65, Eavesdropper Accuracy: 0.8181818181818182 45 1
Communication round: 66, Eavesdropper Accuracy: 0.8159090909090909 45 0
Communication round: 67, Aggregated Accuracies: 0.8407142857142856 46
Communication round: 67, Eavesdropper Accuracy: 0.865909090909091 46 1
Communication round: 68, Aggregated Accuracies: 0.8507142857142856 47
Communication round: 68, Eavesdropper Accuracy: 0.8454545454545455 47 1
Communication round: 69, Aggregated Accuracies: 0.8619047619047618 48
Communication round: 69, Eavesdropper Accuracy: 0.8909090909090909 48 1
Communication round: 70, Aggregated Accuracies: 0.877857142857143 49
Communication round: 70, Eavesdropper Accuracy: 0.8681818181818182 49 1
Communication round: 71, Eavesdropper Accuracy: 0.8704545454545455 49 0
Communication round: 72, Eavesdropper Accuracy: 0.8909090909090909 49 0
Communication round: 73, Eavesdropper Accuracy: 0.8818181818181818 49 0
Communication round: 74, Eavesdropper Accuracy: 0.8818181818181818 50 1
Communication round: 75, Eavesdropper Accuracy: 0.8909090909090909 50 0
Communication round: 76, Eavesdropper Accuracy: 0.8954545454545455 50 0
Communication round: 77, Eavesdropper Accuracy: 0.9045454545454545 50 0
Communication round: 78, Eavesdropper Accuracy: 0.9113636363636364 50 0
Communication round: 79, Eavesdropper Accuracy: 0.8772727272727273 50 0
Communication round: 80, Eavesdropper Accuracy: 0.8886363636363637 50 0
Communication round: 81, Eavesdropper Accuracy: 0.8772727272727273 50 0
Communication round: 82, Aggregated Accuracies: 0.8803571428571427 51
Communication round: 82, Eavesdropper Accuracy: 0.8772727272727273 51 1
Communication round: 83, Eavesdropper Accuracy: 0.8909090909090909 51 0
Communication round: 84, Aggregated Accuracies: 0.8832142857142857 52
Communication round: 84, Eavesdropper Accuracy: 0.9 52 1
Communication round: 85, Eavesdropper Accuracy: 0.8977272727272727 53 1
Communication round: 86, Eavesdropper Accuracy: 0.8954545454545455 53 0
Communication round: 87, Eavesdropper Accuracy: 0.8931818181818182 53 0
Communication round: 88, Eavesdropper Accuracy: 0.8863636363636364 53 0
Communication round: 89, Eavesdropper Accuracy: 0.8886363636363637 53 0
Communication round: 90, Eavesdropper Accuracy: 0.8772727272727273 53 0
Communication round: 91, Eavesdropper Accuracy: 0.8863636363636364 53 0
Communication round: 92, Eavesdropper Accuracy: 0.8909090909090909 53 0
Communication round: 93, Eavesdropper Accuracy: 0.8704545454545455 53 0
Communication round: 94, Eavesdropper Accuracy: 0.8886363636363637 53 0
Communication round: 95, Eavesdropper Accuracy: 0.9045454545454545 53 0
Communication round: 96, Eavesdropper Accuracy: 0.8931818181818182 54 1
Communication round: 97, Eavesdropper Accuracy: 0.9 54 0
Communication round: 98, Aggregated Accuracies: 0.8915476190476189 55
Communication round: 98, Eavesdropper Accuracy: 0.8954545454545455 55 1
Communication round: 99, Eavesdropper Accuracy: 0.8886363636363637 55 0
----------------------------------------------------------------------------------------------------
----------------------------------------------------------------------------------------------------
20_30_100_0.4_8_0.9_False_
----------------------------------------------------------------------------------------------------
Communication round: 0, Smart Eavesdropper Accuracy: 0.3568181818181818 0 0
Communication round: 1, Smart Eavesdropper Accuracy: 0.4909090909090909 0 0
Communication round: 2, Smart Eavesdropper Accuracy: 0.7204545454545455 0 0
Communication round: 3, Aggregated Accuracies: 0.15904761904761905 1
Communication round: 3, Smart Eavesdropper Accuracy: 0.8227272727272728 1 1
Communication round: 4, Smart Eavesdropper Accuracy: 0.8863636363636364 2 1
Communication round: 5, Smart Eavesdropper Accuracy: 0.8818181818181818 3 1
Communication round: 6, Aggregated Accuracies: 0.21726190476190474 4
Communication round: 6, Eavesdropper Accuracy: 0.2409090909090909 4 1
Communication round: 7, Eavesdropper Accuracy: 0.24772727272727274 5 1
Communication round: 8, Eavesdropper Accuracy: 0.2727272727272727 6 1
Communication round: 9, Eavesdropper Accuracy: 0.2318181818181818 6 0
Communication round: 10, Aggregated Accuracies: 0.3063095238095238 7
Communication round: 10, Eavesdropper Accuracy: 0.375 7 1
Communication round: 11, Eavesdropper Accuracy: 0.37272727272727274 8 1
Communication round: 12, Eavesdropper Accuracy: 0.37272727272727274 8 0
Communication round: 13, Aggregated Accuracies: 0.390595238095238 9
Communication round: 13, Eavesdropper Accuracy: 0.4954545454545455 9 1
Communication round: 14, Eavesdropper Accuracy: 0.46136363636363636 9 0
Communication round: 15, Aggregated Accuracies: 0.4875000000000001 10
Communication round: 15, Eavesdropper Accuracy: 0.509090909090909 10 1
Communication round: 16, Eavesdropper Accuracy: 0.5454545454545454 11 1
Communication round: 17, Eavesdropper Accuracy: 0.5522727272727272 12 1
Communication round: 18, Aggregated Accuracies: 0.5727380952380953 13
Communication round: 18, Eavesdropper Accuracy: 0.634090909090909 13 1
Communication round: 19, Aggregated Accuracies: 0.6335714285714287 14
Communication round: 19, Eavesdropper Accuracy: 0.6545454545454545 14 1
Communication round: 20, Eavesdropper Accuracy: 0.6727272727272727 14 0
Communication round: 21, Eavesdropper Accuracy: 0.6863636363636364 15 1
Communication round: 22, Eavesdropper Accuracy: 0.6931818181818182 16 1
Communication round: 23, Eavesdropper Accuracy: 0.6863636363636364 17 1
Communication round: 24, Eavesdropper Accuracy: 0.6772727272727272 18 1
Communication round: 25, Eavesdropper Accuracy: 0.6863636363636364 18 0
Communication round: 26, Eavesdropper Accuracy: 0.6795454545454546 18 0
Communication round: 27, Eavesdropper Accuracy: 0.6681818181818182 18 0
Communication round: 28, Eavesdropper Accuracy: 0.6613636363636364 18 0
Communication round: 29, Eavesdropper Accuracy: 0.6931818181818182 19 1
Communication round: 30, Eavesdropper Accuracy: 0.6886363636363636 19 0
Communication round: 31, Eavesdropper Accuracy: 0.6795454545454546 19 0
Communication round: 32, Eavesdropper Accuracy: 0.6477272727272727 19 0
Communication round: 33, Eavesdropper Accuracy: 0.6840909090909091 19 0
Communication round: 34, Aggregated Accuracies: 0.6799999999999999 20
Communication round: 34, Eavesdropper Accuracy: 0.7227272727272728 20 1
Communication round: 35, Eavesdropper Accuracy: 0.6886363636363636 20 0
Communication round: 36, Eavesdropper Accuracy: 0.6954545454545454 21 1
Communication round: 37, Eavesdropper Accuracy: 0.7068181818181818 21 0
Communication round: 38, Aggregated Accuracies: 0.7017857142857142 22
Communication round: 38, Eavesdropper Accuracy: 0.7318181818181818 22 1
Communication round: 39, Eavesdropper Accuracy: 0.7454545454545455 23 1
Communication round: 40, Eavesdropper Accuracy: 0.7136363636363636 24 1
Communication round: 41, Aggregated Accuracies: 0.7392857142857141 25
Communication round: 41, Eavesdropper Accuracy: 0.7704545454545455 25 1
Communication round: 42, Eavesdropper Accuracy: 0.7909090909090909 25 0
Communication round: 43, Eavesdropper Accuracy: 0.7318181818181818 25 0
Communication round: 44, Aggregated Accuracies: 0.7545238095238095 26
Communication round: 44, Eavesdropper Accuracy: 0.740909090909091 26 1
Communication round: 45, Eavesdropper Accuracy: 0.7863636363636364 26 0
Communication round: 46, Eavesdropper Accuracy: 0.7863636363636364 26 0
Communication round: 47, Eavesdropper Accuracy: 0.759090909090909 26 0
Communication round: 48, Eavesdropper Accuracy: 0.7659090909090909 27 1
Communication round: 49, Eavesdropper Accuracy: 0.7568181818181818 28 1
Communication round: 50, Eavesdropper Accuracy: 0.7886363636363637 29 1
Communication round: 51, Eavesdropper Accuracy: 0.7681818181818182 29 0
Communication round: 52, Aggregated Accuracies: 0.7784523809523811 30
Communication round: 52, Eavesdropper Accuracy: 0.7886363636363637 30 1
Communication round: 53, Eavesdropper Accuracy: 0.7886363636363637 31 1
Communication round: 54, Eavesdropper Accuracy: 0.8340909090909091 31 0
Communication round: 55, Eavesdropper Accuracy: 0.7818181818181819 31 0
Communication round: 56, Eavesdropper Accuracy: 0.7772727272727272 32 1
Communication round: 57, Eavesdropper Accuracy: 0.8 33 1
Communication round: 58, Eavesdropper Accuracy: 0.7954545454545454 33 0
Communication round: 59, Eavesdropper Accuracy: 0.8272727272727273 33 0
Communication round: 60, Eavesdropper Accuracy: 0.7931818181818182 33 0
Communication round: 61, Eavesdropper Accuracy: 0.8068181818181818 34 1
Communication round: 62, Eavesdropper Accuracy: 0.7636363636363637 34 0
Communication round: 63, Eavesdropper Accuracy: 0.8068181818181818 35 1
Communication round: 64, Eavesdropper Accuracy: 0.8022727272727272 35 0
Communication round: 65, Eavesdropper Accuracy: 0.775 35 0
Communication round: 66, Eavesdropper Accuracy: 0.7954545454545454 36 1
Communication round: 67, Eavesdropper Accuracy: 0.7909090909090909 36 0
Communication round: 68, Eavesdropper Accuracy: 0.7977272727272727 37 1
Communication round: 69, Eavesdropper Accuracy: 0.8090909090909091 37 0
Communication round: 70, Eavesdropper Accuracy: 0.8 38 1
Communication round: 71, Eavesdropper Accuracy: 0.825 38 0
Communication round: 72, Eavesdropper Accuracy: 0.8068181818181818 38 0
Communication round: 73, Eavesdropper Accuracy: 0.8113636363636364 38 0
Communication round: 74, Aggregated Accuracies: 0.7899999999999999 39
Communication round: 74, Eavesdropper Accuracy: 0.8295454545454546 39 1
Communication round: 75, Eavesdropper Accuracy: 0.8409090909090909 39 0
Communication round: 76, Aggregated Accuracies: 0.8026190476190477 40
Communication round: 76, Eavesdropper Accuracy: 0.8204545454545454 40 1
Communication round: 77, Aggregated Accuracies: 0.8233333333333335 41
Communication round: 77, Eavesdropper Accuracy: 0.8227272727272728 41 1
Communication round: 78, Eavesdropper Accuracy: 0.8340909090909091 41 0
Communication round: 79, Eavesdropper Accuracy: 0.8545454545454545 41 0
Communication round: 80, Aggregated Accuracies: 0.8386904761904761 42
Communication round: 80, Eavesdropper Accuracy: 0.85 42 1
Communication round: 81, Eavesdropper Accuracy: 0.8477272727272728 42 0
Communication round: 82, Eavesdropper Accuracy: 0.8363636363636363 42 0
Communication round: 83, Smart Eavesdropper Accuracy: 0.8909090909090909 42 0
Communication round: 84, Smart Eavesdropper Accuracy: 0.9113636363636364 42 0
Communication round: 85, Aggregated Accuracies: 0.8520238095238094 43
Communication round: 85, Smart Eavesdropper Accuracy: 0.884090909090909 43 1
Communication round: 86, Aggregated Accuracies: 0.8542857142857143 44
Communication round: 86, Eavesdropper Accuracy: 0.8818181818181818 44 1
Communication round: 87, Smart Eavesdropper Accuracy: 0.8909090909090909 44 0
Communication round: 88, Smart Eavesdropper Accuracy: 0.8863636363636364 44 0
Communication round: 89, Smart Eavesdropper Accuracy: 0.9204545454545454 45 1
Communication round: 90, Aggregated Accuracies: 0.8686904761904761 46
Communication round: 90, Eavesdropper Accuracy: 0.865909090909091 46 1
Communication round: 91, Aggregated Accuracies: 0.8722619047619048 47
Communication round: 91, Eavesdropper Accuracy: 0.8863636363636364 47 1
Communication round: 92, Aggregated Accuracies: 0.8748809523809525 48
Communication round: 92, Eavesdropper Accuracy: 0.9136363636363637 48 1
Communication round: 93, Eavesdropper Accuracy: 0.8681818181818182 49 1
Communication round: 94, Eavesdropper Accuracy: 0.9045454545454545 49 0
Communication round: 95, Aggregated Accuracies: 0.8782142857142856 50
Communication round: 95, Eavesdropper Accuracy: 0.884090909090909 50 1
Communication round: 96, Eavesdropper Accuracy: 0.9045454545454545 50 0
Communication round: 97, Aggregated Accuracies: 0.888452380952381 51
Communication round: 97, Eavesdropper Accuracy: 0.8886363636363637 51 1
Communication round: 98, Aggregated Accuracies: 0.8896428571428572 52
Communication round: 98, Eavesdropper Accuracy: 0.9227272727272727 52 1
Communication round: 99, Aggregated Accuracies: 0.897142857142857 53
Communication round: 99, Eavesdropper Accuracy: 0.9068181818181819 53 1
----------------------------------------------------------------------------------------------------
----------------------------------------------------------------------------------------------------
20_30_100_0.4_8_0.9_False_
----------------------------------------------------------------------------------------------------
Communication round: 0, Smart Eavesdropper Accuracy: 0.27045454545454545 0 0
Communication round: 1, Smart Eavesdropper Accuracy: 0.43863636363636366 0 0
Communication round: 2, Smart Eavesdropper Accuracy: 0.6704545454545454 1 1
Communication round: 3, Smart Eavesdropper Accuracy: 0.7454545454545455 1 0
Communication round: 4, Aggregated Accuracies: 0.14214285714285715 2
Communication round: 4, Smart Eavesdropper Accuracy: 0.85 2 1
Communication round: 5, Aggregated Accuracies: 0.2233333333333333 3
Communication round: 5, Smart Eavesdropper Accuracy: 0.8431818181818181 3 1
Communication round: 6, Smart Eavesdropper Accuracy: 0.865909090909091 3 0
Communication round: 7, Aggregated Accuracies: 0.37238095238095237 4
Communication round: 7, Smart Eavesdropper Accuracy: 0.8795454545454545 4 1
Communication round: 8, Aggregated Accuracies: 0.4957142857142857 5
Communication round: 8, Eavesdropper Accuracy: 0.49318181818181817 5 1
Communication round: 9, Aggregated Accuracies: 0.5741666666666666 6
Communication round: 9, Eavesdropper Accuracy: 0.6272727272727273 6 1
Communication round: 10, Aggregated Accuracies: 0.6457142857142857 7
Communication round: 10, Eavesdropper Accuracy: 0.6977272727272728 7 1
Communication round: 11, Eavesdropper Accuracy: 0.6568181818181819 8 1
Communication round: 12, Aggregated Accuracies: 0.6895238095238095 9
Communication round: 12, Eavesdropper Accuracy: 0.7363636363636363 9 1
Communication round: 13, Eavesdropper Accuracy: 0.7272727272727273 10 1
Communication round: 14, Aggregated Accuracies: 0.7282142857142857 11
Communication round: 14, Eavesdropper Accuracy: 0.7386363636363636 11 1
Communication round: 15, Aggregated Accuracies: 0.752738095238095 12
Communication round: 15, Eavesdropper Accuracy: 0.7659090909090909 12 1
Communication round: 16, Aggregated Accuracies: 0.7783333333333334 13
Communication round: 16, Eavesdropper Accuracy: 0.8 13 1
Communication round: 17, Eavesdropper Accuracy: 0.8340909090909091 13 0
Communication round: 18, Eavesdropper Accuracy: 0.8022727272727272 13 0
Communication round: 19, Eavesdropper Accuracy: 0.775 13 0
Communication round: 20, Eavesdropper Accuracy: 0.7795454545454545 14 1
Communication round: 21, Eavesdropper Accuracy: 0.7886363636363637 15 1
Communication round: 22, Eavesdropper Accuracy: 0.7886363636363637 15 0
Communication round: 23, Aggregated Accuracies: 0.7996428571428572 16
Communication round: 23, Eavesdropper Accuracy: 0.8068181818181818 16 1
Communication round: 24, Eavesdropper Accuracy: 0.7795454545454545 16 0
Communication round: 25, Aggregated Accuracies: 0.8097619047619048 17
Communication round: 25, Eavesdropper Accuracy: 0.8454545454545455 17 1
Communication round: 26, Aggregated Accuracies: 0.8252380952380951 18
Communication round: 26, Eavesdropper Accuracy: 0.8522727272727273 18 1
Communication round: 27, Eavesdropper Accuracy: 0.8386363636363636 19 1
Communication round: 28, Eavesdropper Accuracy: 0.8363636363636363 19 0
Communication round: 29, Eavesdropper Accuracy: 0.8431818181818181 19 0
Communication round: 30, Eavesdropper Accuracy: 0.8386363636363636 19 0
Communication round: 31, Eavesdropper Accuracy: 0.8318181818181818 19 0
Communication round: 32, Eavesdropper Accuracy: 0.8477272727272728 19 0
Communication round: 33, Eavesdropper Accuracy: 0.8409090909090909 19 0
Communication round: 34, Eavesdropper Accuracy: 0.8181818181818182 19 0
Communication round: 35, Eavesdropper Accuracy: 0.8227272727272728 20 1
Communication round: 36, Eavesdropper Accuracy: 0.8409090909090909 21 1
Communication round: 37, Eavesdropper Accuracy: 0.8318181818181818 21 0
Communication round: 38, Eavesdropper Accuracy: 0.8545454545454545 21 0
Communication round: 39, Aggregated Accuracies: 0.832857142857143 22
Communication round: 39, Eavesdropper Accuracy: 0.8340909090909091 22 1
Communication round: 40, Eavesdropper Accuracy: 0.8181818181818182 22 0
Communication round: 41, Eavesdropper Accuracy: 0.8431818181818181 22 0
Communication round: 42, Eavesdropper Accuracy: 0.8386363636363636 22 0
Communication round: 43, Smart Eavesdropper Accuracy: 0.8568181818181818 22 0
Communication round: 44, Smart Eavesdropper Accuracy: 0.8886363636363637 22 0
Communication round: 45, Smart Eavesdropper Accuracy: 0.8977272727272727 22 0
Communication round: 46, Smart Eavesdropper Accuracy: 0.865909090909091 22 0
Communication round: 47, Smart Eavesdropper Accuracy: 0.9090909090909091 22 0
Communication round: 48, Aggregated Accuracies: 0.8448809523809524 23
Communication round: 48, Smart Eavesdropper Accuracy: 0.9136363636363637 23 1
Communication round: 49, Smart Eavesdropper Accuracy: 0.9204545454545454 23 0
Communication round: 50, Smart Eavesdropper Accuracy: 0.9340909090909091 24 1
Communication round: 51, Smart Eavesdropper Accuracy: 0.9181818181818182 24 0
Communication round: 52, Smart Eavesdropper Accuracy: 0.9340909090909091 24 0
Communication round: 53, Aggregated Accuracies: 0.8532142857142858 25
Communication round: 53, Smart Eavesdropper Accuracy: 0.95 25 1
Communication round: 54, Aggregated Accuracies: 0.8586904761904762 26
Communication round: 54, Smart Eavesdropper Accuracy: 0.925 26 1
Communication round: 55, Smart Eavesdropper Accuracy: 0.9363636363636364 26 0
Communication round: 56, Smart Eavesdropper Accuracy: 0.9318181818181818 26 0
Communication round: 57, Aggregated Accuracies: 0.8695238095238096 27
Communication round: 57, Smart Eavesdropper Accuracy: 0.9590909090909091 27 1
Communication round: 58, Smart Eavesdropper Accuracy: 0.9431818181818182 27 0
Communication round: 59, Smart Eavesdropper Accuracy: 0.95 27 0
Communication round: 60, Smart Eavesdropper Accuracy: 0.9431818181818182 27 0
Communication round: 61, Smart Eavesdropper Accuracy: 0.9340909090909091 27 0
Communication round: 62, Smart Eavesdropper Accuracy: 0.9477272727272728 28 1
Communication round: 63, Smart Eavesdropper Accuracy: 0.9522727272727273 28 0
Communication round: 64, Smart Eavesdropper Accuracy: 0.9727272727272728 29 1
Communication round: 65, Smart Eavesdropper Accuracy: 0.9340909090909091 29 0
Communication round: 66, Smart Eavesdropper Accuracy: 0.9409090909090909 29 0
Communication round: 67, Smart Eavesdropper Accuracy: 0.9545454545454546 29 0
Communication round: 68, Smart Eavesdropper Accuracy: 0.9386363636363636 29 0
Communication round: 69, Smart Eavesdropper Accuracy: 0.9454545454545454 29 0
Communication round: 70, Smart Eavesdropper Accuracy: 0.9522727272727273 29 0
Communication round: 71, Smart Eavesdropper Accuracy: 0.9704545454545455 29 0
Communication round: 72, Smart Eavesdropper Accuracy: 0.9590909090909091 29 0
Communication round: 73, Smart Eavesdropper Accuracy: 0.9613636363636363 29 0
Communication round: 74, Smart Eavesdropper Accuracy: 0.9409090909090909 29 0
Communication round: 75, Smart Eavesdropper Accuracy: 0.9659090909090909 29 0
Communication round: 76, Smart Eavesdropper Accuracy: 0.9681818181818181 29 0
Communication round: 77, Smart Eavesdropper Accuracy: 0.9545454545454546 29 0
Communication round: 78, Smart Eavesdropper Accuracy: 0.9590909090909091 29 0
Communication round: 79, Smart Eavesdropper Accuracy: 0.9545454545454546 29 0
Communication round: 80, Smart Eavesdropper Accuracy: 0.95 29 0
Communication round: 81, Smart Eavesdropper Accuracy: 0.9727272727272728 29 0
Communication round: 82, Smart Eavesdropper Accuracy: 0.9454545454545454 29 0
Communication round: 83, Smart Eavesdropper Accuracy: 0.9454545454545454 29 0
Communication round: 84, Smart Eavesdropper Accuracy: 0.9454545454545454 29 0
Communication round: 85, Smart Eavesdropper Accuracy: 0.9590909090909091 29 0
Communication round: 86, Smart Eavesdropper Accuracy: 0.9522727272727273 29 0
Communication round: 87, Smart Eavesdropper Accuracy: 0.9727272727272728 29 0
Communication round: 88, Smart Eavesdropper Accuracy: 0.9704545454545455 29 0
Communication round: 89, Smart Eavesdropper Accuracy: 0.9522727272727273 29 0
Communication round: 90, Aggregated Accuracies: 0.8773809523809524 30
Communication round: 90, Smart Eavesdropper Accuracy: 0.9636363636363636 30 1
Communication round: 91, Aggregated Accuracies: 0.8777380952380952 31
Communication round: 91, Smart Eavesdropper Accuracy: 0.9568181818181818 31 1
Communication round: 92, Smart Eavesdropper Accuracy: 0.9545454545454546 32 1
Communication round: 93, Smart Eavesdropper Accuracy: 0.9613636363636363 33 1
Communication round: 94, Smart Eavesdropper Accuracy: 0.975 33 0
Communication round: 95, Smart Eavesdropper Accuracy: 0.9363636363636364 33 0
Communication round: 96, Smart Eavesdropper Accuracy: 0.95 33 0
Communication round: 97, Smart Eavesdropper Accuracy: 0.9409090909090909 33 0
Communication round: 98, Smart Eavesdropper Accuracy: 0.9545454545454546 33 0
Communication round: 99, Smart Eavesdropper Accuracy: 0.9636363636363636 33 0
----------------------------------------------------------------------------------------------------
----------------------------------------------------------------------------------------------------
20_30_100_0.4_8_0.9_False_
----------------------------------------------------------------------------------------------------
Communication round: 0, Smart Eavesdropper Accuracy: 0.3886363636363636 0 0
Communication round: 1, Smart Eavesdropper Accuracy: 0.5772727272727273 0 0
Communication round: 2, Smart Eavesdropper Accuracy: 0.7636363636363637 0 0
Communication round: 3, Smart Eavesdropper Accuracy: 0.8545454545454545 0 0
Communication round: 4, Smart Eavesdropper Accuracy: 0.8477272727272728 1 1
Communication round: 5, Aggregated Accuracies: 0.1436904761904762 2
Communication round: 5, Smart Eavesdropper Accuracy: 0.8863636363636364 2 1
Communication round: 6, Smart Eavesdropper Accuracy: 0.9045454545454545 3 1
Communication round: 7, Smart Eavesdropper Accuracy: 0.9045454545454545 4 1
Communication round: 8, Smart Eavesdropper Accuracy: 0.9113636363636364 4 0
Communication round: 9, Smart Eavesdropper Accuracy: 0.9204545454545454 5 1
Communication round: 10, Smart Eavesdropper Accuracy: 0.9068181818181819 5 0
Communication round: 11, Smart Eavesdropper Accuracy: 0.9204545454545454 5 0
Communication round: 12, Smart Eavesdropper Accuracy: 0.925 5 0
Communication round: 13, Smart Eavesdropper Accuracy: 0.9295454545454546 5 0
Communication round: 14, Smart Eavesdropper Accuracy: 0.9454545454545454 6 1
Communication round: 15, Smart Eavesdropper Accuracy: 0.9454545454545454 6 0
Communication round: 16, Smart Eavesdropper Accuracy: 0.9545454545454546 6 0
Communication round: 17, Smart Eavesdropper Accuracy: 0.9545454545454546 6 0
Communication round: 18, Smart Eavesdropper Accuracy: 0.9340909090909091 6 0
Communication round: 19, Smart Eavesdropper Accuracy: 0.9522727272727273 7 1
Communication round: 20, Smart Eavesdropper Accuracy: 0.9545454545454546 8 1
Communication round: 21, Smart Eavesdropper Accuracy: 0.9386363636363636 8 0
Communication round: 22, Smart Eavesdropper Accuracy: 0.9409090909090909 8 0
Communication round: 23, Smart Eavesdropper Accuracy: 0.95 8 0
Communication round: 24, Smart Eavesdropper Accuracy: 0.9613636363636363 8 0
Communication round: 25, Smart Eavesdropper Accuracy: 0.9431818181818182 8 0
Communication round: 26, Aggregated Accuracies: 0.22809523809523807 9
Communication round: 26, Smart Eavesdropper Accuracy: 0.9318181818181818 9 1
Communication round: 27, Aggregated Accuracies: 0.34761904761904766 10
Communication round: 27, Smart Eavesdropper Accuracy: 0.9477272727272728 10 1
Communication round: 28, Smart Eavesdropper Accuracy: 0.9431818181818182 10 0
Communication round: 29, Smart Eavesdropper Accuracy: 0.9409090909090909 10 0
Communication round: 30, Smart Eavesdropper Accuracy: 0.9409090909090909 10 0
Communication round: 31, Smart Eavesdropper Accuracy: 0.9522727272727273 10 0
Communication round: 32, Smart Eavesdropper Accuracy: 0.9545454545454546 11 1
Communication round: 33, Smart Eavesdropper Accuracy: 0.9568181818181818 11 0
Communication round: 34, Smart Eavesdropper Accuracy: 0.9545454545454546 11 0
Communication round: 35, Aggregated Accuracies: 0.4353571428571428 12
Communication round: 35, Smart Eavesdropper Accuracy: 0.9568181818181818 12 1
Communication round: 36, Smart Eavesdropper Accuracy: 0.9545454545454546 13 1
Communication round: 37, Smart Eavesdropper Accuracy: 0.9636363636363636 13 0
Communication round: 38, Smart Eavesdropper Accuracy: 0.9704545454545455 14 1
Communication round: 39, Smart Eavesdropper Accuracy: 0.9522727272727273 14 0
Communication round: 40, Smart Eavesdropper Accuracy: 0.9727272727272728 14 0
Communication round: 41, Smart Eavesdropper Accuracy: 0.9568181818181818 14 0
Communication round: 42, Smart Eavesdropper Accuracy: 0.9681818181818181 14 0
Communication round: 43, Smart Eavesdropper Accuracy: 0.9727272727272728 14 0
Communication round: 44, Smart Eavesdropper Accuracy: 0.9545454545454546 14 0
Communication round: 45, Smart Eavesdropper Accuracy: 0.9590909090909091 14 0
Communication round: 46, Smart Eavesdropper Accuracy: 0.9613636363636363 14 0
Communication round: 47, Smart Eavesdropper Accuracy: 0.9477272727272728 14 0
Communication round: 48, Aggregated Accuracies: 0.5632142857142857 15
Communication round: 48, Smart Eavesdropper Accuracy: 0.9545454545454546 15 1
Communication round: 49, Aggregated Accuracies: 0.6561904761904762 16
Communication round: 49, Smart Eavesdropper Accuracy: 0.9590909090909091 16 1
Communication round: 50, Aggregated Accuracies: 0.7040476190476189 17
Communication round: 50, Smart Eavesdropper Accuracy: 0.9704545454545455 17 1
Communication round: 51, Aggregated Accuracies: 0.7523809523809522 18
Communication round: 51, Smart Eavesdropper Accuracy: 0.9386363636363636 18 1
Communication round: 52, Smart Eavesdropper Accuracy: 0.9545454545454546 18 0
Communication round: 53, Smart Eavesdropper Accuracy: 0.9613636363636363 18 0
Communication round: 54, Smart Eavesdropper Accuracy: 0.9568181818181818 18 0
Communication round: 55, Smart Eavesdropper Accuracy: 0.9522727272727273 18 0
Communication round: 56, Smart Eavesdropper Accuracy: 0.9522727272727273 18 0
Communication round: 57, Smart Eavesdropper Accuracy: 0.9613636363636363 18 0
Communication round: 58, Aggregated Accuracies: 0.7848809523809525 19
Communication round: 58, Smart Eavesdropper Accuracy: 0.9590909090909091 19 1
Communication round: 59, Aggregated Accuracies: 0.8190476190476191 20
Communication round: 59, Smart Eavesdropper Accuracy: 0.9772727272727273 20 1
Communication round: 60, Smart Eavesdropper Accuracy: 0.9568181818181818 20 0
Communication round: 61, Smart Eavesdropper Accuracy: 0.9681818181818181 20 0
Communication round: 62, Aggregated Accuracies: 0.8375 21
Communication round: 62, Smart Eavesdropper Accuracy: 0.9454545454545454 21 1
Communication round: 63, Smart Eavesdropper Accuracy: 0.9590909090909091 22 1
Communication round: 64, Smart Eavesdropper Accuracy: 0.9590909090909091 22 0
Communication round: 65, Smart Eavesdropper Accuracy: 0.9613636363636363 22 0
Communication round: 66, Smart Eavesdropper Accuracy: 0.9636363636363636 23 1
Communication round: 67, Smart Eavesdropper Accuracy: 0.9613636363636363 24 1
Communication round: 68, Smart Eavesdropper Accuracy: 0.9454545454545454 25 1
Communication round: 69, Smart Eavesdropper Accuracy: 0.9704545454545455 26 1
Communication round: 70, Smart Eavesdropper Accuracy: 0.9613636363636363 26 0
Communication round: 71, Aggregated Accuracies: 0.8480952380952381 27
Communication round: 71, Smart Eavesdropper Accuracy: 0.9659090909090909 27 1
Communication round: 72, Smart Eavesdropper Accuracy: 0.9522727272727273 27 0
Communication round: 73, Aggregated Accuracies: 0.8614285714285714 28
Communication round: 73, Smart Eavesdropper Accuracy: 0.9704545454545455 28 1
Communication round: 74, Smart Eavesdropper Accuracy: 0.9568181818181818 28 0
Communication round: 75, Smart Eavesdropper Accuracy: 0.9545454545454546 28 0
Communication round: 76, Smart Eavesdropper Accuracy: 0.9681818181818181 28 0
Communication round: 77, Smart Eavesdropper Accuracy: 0.9613636363636363 28 0
Communication round: 78, Smart Eavesdropper Accuracy: 0.9431818181818182 28 0
Communication round: 79, Smart Eavesdropper Accuracy: 0.9636363636363636 28 0
Communication round: 80, Smart Eavesdropper Accuracy: 0.9704545454545455 28 0
Communication round: 81, Smart Eavesdropper Accuracy: 0.9590909090909091 28 0
Communication round: 82, Aggregated Accuracies: 0.874285714285714 29
Communication round: 82, Smart Eavesdropper Accuracy: 0.9636363636363636 29 1
Communication round: 83, Aggregated Accuracies: 0.8872619047619048 30
Communication round: 83, Smart Eavesdropper Accuracy: 0.9545454545454546 30 1
Communication round: 84, Smart Eavesdropper Accuracy: 0.9681818181818181 30 0
Communication round: 85, Aggregated Accuracies: 0.8894047619047619 31
Communication round: 85, Smart Eavesdropper Accuracy: 0.9522727272727273 31 1
Communication round: 86, Smart Eavesdropper Accuracy: 0.9636363636363636 31 0
Communication round: 87, Smart Eavesdropper Accuracy: 0.9454545454545454 31 0
Communication round: 88, Smart Eavesdropper Accuracy: 0.9704545454545455 31 0
Communication round: 89, Smart Eavesdropper Accuracy: 0.9727272727272728 31 0
Communication round: 90, Smart Eavesdropper Accuracy: 0.9568181818181818 31 0
Communication round: 91, Smart Eavesdropper Accuracy: 0.975 31 0
Communication round: 92, Smart Eavesdropper Accuracy: 0.9409090909090909 31 0
Communication round: 93, Smart Eavesdropper Accuracy: 0.9795454545454545 31 0
Communication round: 94, Smart Eavesdropper Accuracy: 0.975 31 0
Communication round: 95, Smart Eavesdropper Accuracy: 0.9704545454545455 31 0
Communication round: 96, Smart Eavesdropper Accuracy: 0.9636363636363636 31 0
Communication round: 97, Smart Eavesdropper Accuracy: 0.9727272727272728 31 0
Communication round: 98, Smart Eavesdropper Accuracy: 0.9727272727272728 31 0
Communication round: 99, Smart Eavesdropper Accuracy: 0.9795454545454545 31 0
----------------------------------------------------------------------------------------------------
----------------------------------------------------------------------------------------------------
20_30_100_0.4_8_0.9_False_
----------------------------------------------------------------------------------------------------
Communication round: 0, Smart Eavesdropper Accuracy: 0.2727272727272727 0 0
Communication round: 1, Aggregated Accuracies: 0.12166666666666667 1
Communication round: 1, Smart Eavesdropper Accuracy: 0.5136363636363637 1 1
Communication round: 2, Smart Eavesdropper Accuracy: 0.7295454545454545 1 0
Communication round: 3, Smart Eavesdropper Accuracy: 0.7954545454545454 2 1
Communication round: 4, Eavesdropper Accuracy: 0.12954545454545455 3 1
Communication round: 5, Smart Eavesdropper Accuracy: 0.44772727272727275 3 0
Communication round: 6, Eavesdropper Accuracy: 0.10454545454545454 4 1
Communication round: 7, Smart Eavesdropper Accuracy: 0.38636363636363635 4 0
Communication round: 8, Eavesdropper Accuracy: 0.10227272727272728 5 1
Communication round: 9, Smart Eavesdropper Accuracy: 0.39090909090909093 5 0
Communication round: 10, Smart Eavesdropper Accuracy: 0.6204545454545455 5 0
Communication round: 11, Aggregated Accuracies: 0.2067857142857143 6
Communication round: 11, Smart Eavesdropper Accuracy: 0.7181818181818181 6 1
Communication round: 12, Aggregated Accuracies: 0.3557142857142857 7
Communication round: 12, Eavesdropper Accuracy: 0.4159090909090909 7 1
Communication round: 13, Aggregated Accuracies: 0.5105952380952382 8
Communication round: 13, Eavesdropper Accuracy: 0.5795454545454546 8 1
Communication round: 14, Aggregated Accuracies: 0.6065476190476191 9
Communication round: 14, Eavesdropper Accuracy: 0.6636363636363637 9 1
Communication round: 15, Aggregated Accuracies: 0.6822619047619047 10
Communication round: 15, Eavesdropper Accuracy: 0.7022727272727273 10 1
Communication round: 16, Aggregated Accuracies: 0.7279761904761906 11
Communication round: 16, Eavesdropper Accuracy: 0.7613636363636364 11 1
Communication round: 17, Aggregated Accuracies: 0.7671428571428572 12
Communication round: 17, Eavesdropper Accuracy: 0.7772727272727272 12 1
Communication round: 18, Eavesdropper Accuracy: 0.8159090909090909 13 1
Communication round: 19, Eavesdropper Accuracy: 0.7704545454545455 14 1
Communication round: 20, Aggregated Accuracies: 0.7921428571428573 15
Communication round: 20, Eavesdropper Accuracy: 0.7909090909090909 15 1
Communication round: 21, Eavesdropper Accuracy: 0.7954545454545454 15 0
Communication round: 22, Eavesdropper Accuracy: 0.7954545454545454 16 1
Communication round: 23, Eavesdropper Accuracy: 0.8159090909090909 17 1
Communication round: 24, Aggregated Accuracies: 0.8145238095238095 18
Communication round: 24, Eavesdropper Accuracy: 0.8181818181818182 18 1
Communication round: 25, Eavesdropper Accuracy: 0.8159090909090909 18 0
Communication round: 26, Aggregated Accuracies: 0.8286904761904763 19
Communication round: 26, Eavesdropper Accuracy: 0.8613636363636363 19 1
Communication round: 27, Aggregated Accuracies: 0.8366666666666667 20
Communication round: 27, Eavesdropper Accuracy: 0.8727272727272727 20 1
Communication round: 28, Aggregated Accuracies: 0.8539285714285715 21
Communication round: 28, Eavesdropper Accuracy: 0.8454545454545455 21 1
Communication round: 29, Eavesdropper Accuracy: 0.8931818181818182 22 1
Communication round: 30, Eavesdropper Accuracy: 0.8454545454545455 23 1
Communication round: 31, Aggregated Accuracies: 0.8645238095238094 24
Communication round: 31, Eavesdropper Accuracy: 0.8772727272727273 24 1
Communication round: 32, Aggregated Accuracies: 0.8697619047619047 25
Communication round: 32, Eavesdropper Accuracy: 0.8545454545454545 25 1
Communication round: 33, Aggregated Accuracies: 0.8860714285714287 26
Communication round: 33, Eavesdropper Accuracy: 0.8977272727272727 26 1
Communication round: 34, Eavesdropper Accuracy: 0.8863636363636364 26 0
Communication round: 35, Aggregated Accuracies: 0.8870238095238095 27
Communication round: 35, Eavesdropper Accuracy: 0.8886363636363637 27 1
Communication round: 36, Eavesdropper Accuracy: 0.8772727272727273 27 0
Communication round: 37, Aggregated Accuracies: 0.8960714285714285 28
Communication round: 37, Eavesdropper Accuracy: 0.9136363636363637 28 1
Communication round: 38, Aggregated Accuracies: 0.9013095238095238 29
Communication round: 38, Eavesdropper Accuracy: 0.8977272727272727 29 1
Communication round: 39, Aggregated Accuracies: 0.9026190476190475 30
Communication round: 39, Eavesdropper Accuracy: 0.8977272727272727 30 1
Communication round: 40, Aggregated Accuracies: 0.9095238095238095 31
Communication round: 40, Eavesdropper Accuracy: 0.9454545454545454 31 1
Communication round: 41, Aggregated Accuracies: 0.9103571428571428 32
Communication round: 41, Eavesdropper Accuracy: 0.9068181818181819 32 1
Communication round: 42, Aggregated Accuracies: 0.9126190476190477 33
Communication round: 42, Eavesdropper Accuracy: 0.9113636363636364 33 1
Communication round: 43, Aggregated Accuracies: 0.9158333333333335 34
Communication round: 43, Eavesdropper Accuracy: 0.9227272727272727 34 1
Communication round: 44, Eavesdropper Accuracy: 0.9204545454545454 34 0
Communication round: 45, Aggregated Accuracies: 0.9178571428571429 35
Communication round: 45, Eavesdropper Accuracy: 0.9181818181818182 35 1
Communication round: 46, Eavesdropper Accuracy: 0.9 35 0
Communication round: 47, Eavesdropper Accuracy: 0.9159090909090909 35 0
Communication round: 48, Eavesdropper Accuracy: 0.9090909090909091 35 0
Communication round: 49, Eavesdropper Accuracy: 0.9340909090909091 35 0
Communication round: 50, Eavesdropper Accuracy: 0.9113636363636364 35 0
Communication round: 51, Eavesdropper Accuracy: 0.9 35 0
Communication round: 52, Eavesdropper Accuracy: 0.9227272727272727 35 0
Communication round: 53, Eavesdropper Accuracy: 0.8931818181818182 35 0
Communication round: 54, Eavesdropper Accuracy: 0.9204545454545454 35 0
Communication round: 55, Eavesdropper Accuracy: 0.9227272727272727 35 0
Communication round: 56, Eavesdropper Accuracy: 0.9045454545454545 35 0
Communication round: 57, Eavesdropper Accuracy: 0.9181818181818182 35 0
Communication round: 58, Eavesdropper Accuracy: 0.9113636363636364 35 0
Communication round: 59, Eavesdropper Accuracy: 0.9363636363636364 35 0
Communication round: 60, Eavesdropper Accuracy: 0.9068181818181819 35 0
Communication round: 61, Eavesdropper Accuracy: 0.9409090909090909 35 0
Communication round: 62, Eavesdropper Accuracy: 0.9227272727272727 35 0
Communication round: 63, Eavesdropper Accuracy: 0.9386363636363636 35 0
Communication round: 64, Eavesdropper Accuracy: 0.9136363636363637 35 0
Communication round: 65, Aggregated Accuracies: 0.9197619047619048 36
Communication round: 65, Eavesdropper Accuracy: 0.9159090909090909 36 1
Communication round: 66, Aggregated Accuracies: 0.9254761904761901 37
Communication round: 66, Eavesdropper Accuracy: 0.9113636363636364 37 1
Communication round: 67, Aggregated Accuracies: 0.9257142857142858 38
Communication round: 67, Eavesdropper Accuracy: 0.9181818181818182 38 1
Communication round: 68, Aggregated Accuracies: 0.9277380952380951 39
Communication round: 68, Eavesdropper Accuracy: 0.9340909090909091 39 1
Communication round: 69, Aggregated Accuracies: 0.927142857142857 40
Communication round: 69, Eavesdropper Accuracy: 0.9522727272727273 40 1
Communication round: 70, Eavesdropper Accuracy: 0.925 40 0
Communication round: 71, Eavesdropper Accuracy: 0.9227272727272727 40 0
Communication round: 72, Eavesdropper Accuracy: 0.9136363636363637 40 0
Communication round: 73, Eavesdropper Accuracy: 0.9068181818181819 40 0
Communication round: 74, Eavesdropper Accuracy: 0.925 40 0
Communication round: 75, Eavesdropper Accuracy: 0.9431818181818182 40 0
Communication round: 76, Eavesdropper Accuracy: 0.9204545454545454 40 0
Communication round: 77, Eavesdropper Accuracy: 0.9522727272727273 40 0
Communication round: 78, Eavesdropper Accuracy: 0.9409090909090909 40 0
Communication round: 79, Smart Eavesdropper Accuracy: 0.9363636363636364 40 0
Communication round: 80, Smart Eavesdropper Accuracy: 0.9431818181818182 40 0
Communication round: 81, Smart Eavesdropper Accuracy: 0.9272727272727272 40 0
Communication round: 82, Smart Eavesdropper Accuracy: 0.95 40 0
Communication round: 83, Smart Eavesdropper Accuracy: 0.9545454545454546 40 0
Communication round: 84, Smart Eavesdropper Accuracy: 0.9340909090909091 40 0
Communication round: 85, Smart Eavesdropper Accuracy: 0.9431818181818182 40 0
Communication round: 86, Smart Eavesdropper Accuracy: 0.9386363636363636 40 0
Communication round: 87, Smart Eavesdropper Accuracy: 0.95 40 0
Communication round: 88, Smart Eavesdropper Accuracy: 0.9431818181818182 40 0
Communication round: 89, Smart Eavesdropper Accuracy: 0.9386363636363636 40 0
Communication round: 90, Smart Eavesdropper Accuracy: 0.9431818181818182 40 0
Communication round: 91, Smart Eavesdropper Accuracy: 0.9340909090909091 40 0
Communication round: 92, Smart Eavesdropper Accuracy: 0.9227272727272727 40 0
Communication round: 93, Smart Eavesdropper Accuracy: 0.9272727272727272 40 0
Communication round: 94, Smart Eavesdropper Accuracy: 0.9568181818181818 40 0
Communication round: 95, Smart Eavesdropper Accuracy: 0.9431818181818182 40 0
Communication round: 96, Smart Eavesdropper Accuracy: 0.9340909090909091 40 0
Communication round: 97, Smart Eavesdropper Accuracy: 0.9545454545454546 40 0
Communication round: 98, Smart Eavesdropper Accuracy: 0.9613636363636363 40 0
Communication round: 99, Smart Eavesdropper Accuracy: 0.9386363636363636 40 0
----------------------------------------------------------------------------------------------------
----------------------------------------------------------------------------------------------------
20_30_100_0.4_8_0.9_False_
----------------------------------------------------------------------------------------------------
Communication round: 0, Eavesdropper Accuracy: 0.08181818181818182 1 1
Communication round: 1, Smart Eavesdropper Accuracy: 0.29772727272727273 1 0
Communication round: 2, Eavesdropper Accuracy: 0.10227272727272728 2 1
Communication round: 3, Aggregated Accuracies: 0.14547619047619048 3
Communication round: 3, Eavesdropper Accuracy: 0.14772727272727273 3 1
Communication round: 4, Eavesdropper Accuracy: 0.17045454545454544 3 0
Communication round: 5, Eavesdropper Accuracy: 0.12272727272727273 4 1
Communication round: 6, Eavesdropper Accuracy: 0.1431818181818182 4 0
Communication round: 7, Smart Eavesdropper Accuracy: 0.3931818181818182 4 0
Communication round: 8, Smart Eavesdropper Accuracy: 0.5659090909090909 4 0
Communication round: 9, Smart Eavesdropper Accuracy: 0.7340909090909091 4 0
Communication round: 10, Smart Eavesdropper Accuracy: 0.7954545454545454 5 1
Communication round: 11, Smart Eavesdropper Accuracy: 0.8295454545454546 6 1
Communication round: 12, Smart Eavesdropper Accuracy: 0.8568181818181818 6 0
Communication round: 13, Aggregated Accuracies: 0.2263095238095238 7
Communication round: 13, Smart Eavesdropper Accuracy: 0.8977272727272727 7 1
Communication round: 14, Smart Eavesdropper Accuracy: 0.8977272727272727 7 0
Communication round: 15, Smart Eavesdropper Accuracy: 0.9090909090909091 7 0
Communication round: 16, Aggregated Accuracies: 0.38797619047619053 8
Communication round: 16, Smart Eavesdropper Accuracy: 0.9113636363636364 8 1
Communication round: 17, Smart Eavesdropper Accuracy: 0.9068181818181819 8 0
Communication round: 18, Smart Eavesdropper Accuracy: 0.9272727272727272 8 0
Communication round: 19, Aggregated Accuracies: 0.489404761904762 9
Communication round: 19, Smart Eavesdropper Accuracy: 0.9318181818181818 9 1
Communication round: 20, Aggregated Accuracies: 0.6138095238095238 10
Communication round: 20, Smart Eavesdropper Accuracy: 0.9431818181818182 10 1
Communication round: 21, Smart Eavesdropper Accuracy: 0.9227272727272727 11 1
Communication round: 22, Aggregated Accuracies: 0.686547619047619 12
Communication round: 22, Eavesdropper Accuracy: 0.7159090909090909 12 1
Communication round: 23, Eavesdropper Accuracy: 0.7295454545454545 13 1
Communication round: 24, Eavesdropper Accuracy: 0.7 14 1
Communication round: 25, Eavesdropper Accuracy: 0.7204545454545455 14 0
Communication round: 26, Eavesdropper Accuracy: 0.7159090909090909 15 1
Communication round: 27, Eavesdropper Accuracy: 0.6886363636363636 16 1
Communication round: 28, Aggregated Accuracies: 0.7214285714285714 17
Communication round: 28, Eavesdropper Accuracy: 0.7522727272727273 17 1
Communication round: 29, Eavesdropper Accuracy: 0.7681818181818182 18 1
Communication round: 30, Eavesdropper Accuracy: 0.7613636363636364 19 1
Communication round: 31, Eavesdropper Accuracy: 0.7431818181818182 20 1
Communication round: 32, Aggregated Accuracies: 0.7454761904761906 21
Communication round: 32, Eavesdropper Accuracy: 0.7886363636363637 21 1
Communication round: 33, Eavesdropper Accuracy: 0.7818181818181819 21 0
Communication round: 34, Aggregated Accuracies: 0.7792857142857142 22
Communication round: 34, Eavesdropper Accuracy: 0.8295454545454546 22 1
Communication round: 35, Aggregated Accuracies: 0.8020238095238096 23
Communication round: 35, Eavesdropper Accuracy: 0.8227272727272728 23 1
Communication round: 36, Aggregated Accuracies: 0.8169047619047619 24
Communication round: 36, Eavesdropper Accuracy: 0.8409090909090909 24 1
Communication round: 37, Eavesdropper Accuracy: 0.8454545454545455 24 0
Communication round: 38, Eavesdropper Accuracy: 0.8386363636363636 25 1
Communication round: 39, Eavesdropper Accuracy: 0.825 26 1
Communication round: 40, Eavesdropper Accuracy: 0.8477272727272728 27 1
Communication round: 41, Eavesdropper Accuracy: 0.865909090909091 27 0
Communication round: 42, Aggregated Accuracies: 0.8401190476190477 28
Communication round: 42, Eavesdropper Accuracy: 0.8727272727272727 28 1
Communication round: 43, Aggregated Accuracies: 0.8526190476190477 29
Communication round: 43, Eavesdropper Accuracy: 0.8727272727272727 29 1
Communication round: 44, Eavesdropper Accuracy: 0.8704545454545455 30 1
Communication round: 45, Eavesdropper Accuracy: 0.865909090909091 30 0
Communication round: 46, Eavesdropper Accuracy: 0.8863636363636364 30 0
Communication round: 47, Eavesdropper Accuracy: 0.8590909090909091 31 1
Communication round: 48, Eavesdropper Accuracy: 0.8431818181818181 31 0
Communication round: 49, Eavesdropper Accuracy: 0.8909090909090909 31 0
Communication round: 50, Eavesdropper Accuracy: 0.8704545454545455 31 0
Communication round: 51, Eavesdropper Accuracy: 0.8818181818181818 31 0
Communication round: 52, Eavesdropper Accuracy: 0.884090909090909 31 0
Communication round: 53, Eavesdropper Accuracy: 0.8590909090909091 31 0
Communication round: 54, Eavesdropper Accuracy: 0.8795454545454545 31 0
Communication round: 55, Aggregated Accuracies: 0.8564285714285713 32
Communication round: 55, Eavesdropper Accuracy: 0.8886363636363637 32 1
Communication round: 56, Aggregated Accuracies: 0.8688095238095237 33
Communication round: 56, Eavesdropper Accuracy: 0.9090909090909091 33 1
Communication round: 57, Aggregated Accuracies: 0.8815476190476191 34
Communication round: 57, Eavesdropper Accuracy: 0.9 34 1
Communication round: 58, Eavesdropper Accuracy: 0.8727272727272727 34 0
Communication round: 59, Aggregated Accuracies: 0.8852380952380949 35
Communication round: 59, Eavesdropper Accuracy: 0.8909090909090909 35 1
Communication round: 60, Aggregated Accuracies: 0.8895238095238097 36
Communication round: 60, Eavesdropper Accuracy: 0.9090909090909091 36 1
Communication round: 61, Eavesdropper Accuracy: 0.9022727272727272 36 0
Communication round: 62, Eavesdropper Accuracy: 0.9045454545454545 36 0
Communication round: 63, Eavesdropper Accuracy: 0.8818181818181818 36 0
Communication round: 64, Aggregated Accuracies: 0.8954761904761902 37
Communication round: 64, Eavesdropper Accuracy: 0.9045454545454545 37 1
Communication round: 65, Eavesdropper Accuracy: 0.9363636363636364 37 0
Communication round: 66, Aggregated Accuracies: 0.9053571428571431 38
Communication round: 66, Eavesdropper Accuracy: 0.9090909090909091 38 1
Communication round: 67, Eavesdropper Accuracy: 0.8977272727272727 38 0
Communication round: 68, Eavesdropper Accuracy: 0.9136363636363637 38 0
Communication round: 69, Eavesdropper Accuracy: 0.9068181818181819 39 1
Communication round: 70, Aggregated Accuracies: 0.9111904761904761 40
Communication round: 70, Eavesdropper Accuracy: 0.9272727272727272 40 1
Communication round: 71, Eavesdropper Accuracy: 0.925 40 0
Communication round: 72, Eavesdropper Accuracy: 0.925 40 0
Communication round: 73, Eavesdropper Accuracy: 0.9136363636363637 40 0
Communication round: 74, Eavesdropper Accuracy: 0.925 40 0
Communication round: 75, Eavesdropper Accuracy: 0.9022727272727272 40 0
Communication round: 76, Aggregated Accuracies: 0.9108333333333329 41
Communication round: 76, Eavesdropper Accuracy: 0.925 41 1
Communication round: 77, Aggregated Accuracies: 0.9138095238095237 42
Communication round: 77, Eavesdropper Accuracy: 0.884090909090909 42 1
Communication round: 78, Eavesdropper Accuracy: 0.9295454545454546 43 1
Communication round: 79, Eavesdropper Accuracy: 0.9318181818181818 43 0
Communication round: 80, Eavesdropper Accuracy: 0.9136363636363637 43 0
Communication round: 81, Eavesdropper Accuracy: 0.9318181818181818 43 0
Communication round: 82, Aggregated Accuracies: 0.9167857142857141 44
Communication round: 82, Eavesdropper Accuracy: 0.9227272727272727 44 1
Communication round: 83, Aggregated Accuracies: 0.9197619047619046 45
Communication round: 83, Eavesdropper Accuracy: 0.9318181818181818 45 1
Communication round: 84, Eavesdropper Accuracy: 0.9272727272727272 45 0
Communication round: 85, Eavesdropper Accuracy: 0.9181818181818182 45 0
Communication round: 86, Eavesdropper Accuracy: 0.9363636363636364 45 0
Communication round: 87, Eavesdropper Accuracy: 0.9159090909090909 45 0
Communication round: 88, Eavesdropper Accuracy: 0.9068181818181819 45 0
Communication round: 89, Eavesdropper Accuracy: 0.95 46 1
Communication round: 90, Aggregated Accuracies: 0.9191666666666665 47
Communication round: 90, Eavesdropper Accuracy: 0.9068181818181819 47 1
Communication round: 91, Aggregated Accuracies: 0.9247619047619047 48
Communication round: 91, Eavesdropper Accuracy: 0.9295454545454546 48 1
Communication round: 92, Eavesdropper Accuracy: 0.925 49 1
Communication round: 93, Eavesdropper Accuracy: 0.9295454545454546 50 1
Communication round: 94, Eavesdropper Accuracy: 0.9 51 1
Communication round: 95, Eavesdropper Accuracy: 0.9272727272727272 51 0
Communication round: 96, Eavesdropper Accuracy: 0.9181818181818182 51 0
Communication round: 97, Eavesdropper Accuracy: 0.9159090909090909 51 0
Communication round: 98, Eavesdropper Accuracy: 0.9318181818181818 51 0
Communication round: 99, Eavesdropper Accuracy: 0.9363636363636364 51 0
----------------------------------------------------------------------------------------------------
----------------------------------------------------------------------------------------------------
20_30_100_0.4_8_0.9_False_
----------------------------------------------------------------------------------------------------
Communication round: 0, Eavesdropper Accuracy: 0.03636363636363636 1 1
Communication round: 1, Smart Eavesdropper Accuracy: 0.3409090909090909 1 0
Communication round: 2, Smart Eavesdropper Accuracy: 0.5159090909090909 1 0
Communication round: 3, Smart Eavesdropper Accuracy: 0.6840909090909091 1 0
Communication round: 4, Smart Eavesdropper Accuracy: 0.8 1 0
Communication round: 5, Smart Eavesdropper Accuracy: 0.8045454545454546 2 1
Communication round: 6, Aggregated Accuracies: 0.10785714285714287 3
Communication round: 6, Smart Eavesdropper Accuracy: 0.8568181818181818 3 1
Communication round: 7, Aggregated Accuracies: 0.21988095238095232 4
Communication round: 7, Smart Eavesdropper Accuracy: 0.8681818181818182 4 1
Communication round: 8, Aggregated Accuracies: 0.30452380952380953 5
Communication round: 8, Eavesdropper Accuracy: 0.3704545454545455 5 1
Communication round: 9, Smart Eavesdropper Accuracy: 0.5613636363636364 5 0
Communication round: 10, Smart Eavesdropper Accuracy: 0.7227272727272728 5 0
Communication round: 11, Smart Eavesdropper Accuracy: 0.7795454545454545 5 0
Communication round: 12, Smart Eavesdropper Accuracy: 0.8181818181818182 5 0
Communication round: 13, Smart Eavesdropper Accuracy: 0.8545454545454545 5 0
Communication round: 14, Smart Eavesdropper Accuracy: 0.8772727272727273 5 0
Communication round: 15, Aggregated Accuracies: 0.40071428571428563 6
Communication round: 15, Smart Eavesdropper Accuracy: 0.8886363636363637 6 1
Communication round: 16, Aggregated Accuracies: 0.49023809523809525 7
Communication round: 16, Smart Eavesdropper Accuracy: 0.8636363636363636 7 1
Communication round: 17, Aggregated Accuracies: 0.5779761904761905 8
Communication round: 17, Smart Eavesdropper Accuracy: 0.8954545454545455 8 1
Communication round: 18, Aggregated Accuracies: 0.6611904761904761 9
Communication round: 18, Smart Eavesdropper Accuracy: 0.8977272727272727 9 1
Communication round: 19, Aggregated Accuracies: 0.7008333333333333 10
Communication round: 19, Smart Eavesdropper Accuracy: 0.9090909090909091 10 1
Communication round: 20, Aggregated Accuracies: 0.7435714285714285 11
Communication round: 20, Eavesdropper Accuracy: 0.7545454545454545 11 1
Communication round: 21, Aggregated Accuracies: 0.7849999999999999 12
Communication round: 21, Eavesdropper Accuracy: 0.8136363636363636 12 1
Communication round: 22, Aggregated Accuracies: 0.8045238095238094 13
Communication round: 22, Eavesdropper Accuracy: 0.8340909090909091 13 1
Communication round: 23, Aggregated Accuracies: 0.8198809523809525 14
Communication round: 23, Eavesdropper Accuracy: 0.8545454545454545 14 1
Communication round: 24, Aggregated Accuracies: 0.8396428571428572 15
Communication round: 24, Eavesdropper Accuracy: 0.8636363636363636 15 1
Communication round: 25, Aggregated Accuracies: 0.840952380952381 16
Communication round: 25, Eavesdropper Accuracy: 0.8704545454545455 16 1
Communication round: 26, Aggregated Accuracies: 0.8588095238095239 17
Communication round: 26, Eavesdropper Accuracy: 0.865909090909091 17 1
Communication round: 27, Aggregated Accuracies: 0.8660714285714286 18
Communication round: 27, Eavesdropper Accuracy: 0.8863636363636364 18 1
Communication round: 28, Aggregated Accuracies: 0.8703571428571427 19
Communication round: 28, Eavesdropper Accuracy: 0.875 19 1
Communication round: 29, Aggregated Accuracies: 0.8735714285714286 20
Communication round: 29, Eavesdropper Accuracy: 0.8772727272727273 20 1
Communication round: 30, Aggregated Accuracies: 0.8825000000000001 21
Communication round: 30, Eavesdropper Accuracy: 0.9 21 1
Communication round: 31, Aggregated Accuracies: 0.8903571428571428 22
Communication round: 31, Eavesdropper Accuracy: 0.9022727272727272 22 1
Communication round: 32, Eavesdropper Accuracy: 0.9068181818181819 22 0
Communication round: 33, Eavesdropper Accuracy: 0.9181818181818182 22 0
Communication round: 34, Eavesdropper Accuracy: 0.925 22 0
Communication round: 35, Aggregated Accuracies: 0.8938095238095238 23
Communication round: 35, Eavesdropper Accuracy: 0.925 23 1
Communication round: 36, Aggregated Accuracies: 0.8984523809523809 24
Communication round: 36, Eavesdropper Accuracy: 0.9159090909090909 24 1
Communication round: 37, Aggregated Accuracies: 0.9060714285714285 25
Communication round: 37, Eavesdropper Accuracy: 0.9022727272727272 25 1
Communication round: 38, Aggregated Accuracies: 0.9096428571428572 26
Communication round: 38, Eavesdropper Accuracy: 0.9409090909090909 26 1
Communication round: 39, Eavesdropper Accuracy: 0.8931818181818182 26 0
Communication round: 40, Eavesdropper Accuracy: 0.9227272727272727 26 0
Communication round: 41, Eavesdropper Accuracy: 0.9295454545454546 26 0
Communication round: 42, Aggregated Accuracies: 0.9195238095238094 27
Communication round: 42, Eavesdropper Accuracy: 0.9227272727272727 27 1
Communication round: 43, Aggregated Accuracies: 0.9145238095238094 28
Communication round: 43, Eavesdropper Accuracy: 0.9318181818181818 28 1
Communication round: 44, Eavesdropper Accuracy: 0.9363636363636364 28 0
Communication round: 45, Eavesdropper Accuracy: 0.9272727272727272 28 0
Communication round: 46, Eavesdropper Accuracy: 0.9045454545454545 28 0
Communication round: 47, Eavesdropper Accuracy: 0.925 28 0
Communication round: 48, Aggregated Accuracies: 0.9192857142857142 29
Communication round: 48, Eavesdropper Accuracy: 0.9227272727272727 29 1
Communication round: 49, Eavesdropper Accuracy: 0.9068181818181819 29 0
Communication round: 50, Eavesdropper Accuracy: 0.9363636363636364 29 0
Communication round: 51, Eavesdropper Accuracy: 0.9409090909090909 29 0
Communication round: 52, Eavesdropper Accuracy: 0.9363636363636364 29 0
Communication round: 53, Eavesdropper Accuracy: 0.9136363636363637 29 0
Communication round: 54, Eavesdropper Accuracy: 0.9227272727272727 29 0
Communication round: 55, Eavesdropper Accuracy: 0.925 29 0
Communication round: 56, Eavesdropper Accuracy: 0.925 29 0
Communication round: 57, Aggregated Accuracies: 0.9248809523809524 30
Communication round: 57, Eavesdropper Accuracy: 0.9204545454545454 30 1
Communication round: 58, Eavesdropper Accuracy: 0.9545454545454546 31 1
Communication round: 59, Eavesdropper Accuracy: 0.925 31 0
Communication round: 60, Eavesdropper Accuracy: 0.9272727272727272 31 0
Communication round: 61, Smart Eavesdropper Accuracy: 0.9045454545454545 31 0
Communication round: 62, Aggregated Accuracies: 0.928690476190476 32
Communication round: 62, Eavesdropper Accuracy: 0.9363636363636364 32 1
Communication round: 63, Aggregated Accuracies: 0.928214285714286 33
Communication round: 63, Eavesdropper Accuracy: 0.9340909090909091 33 1
Communication round: 64, Eavesdropper Accuracy: 0.9363636363636364 33 0
Communication round: 65, Smart Eavesdropper Accuracy: 0.9136363636363637 33 0
Communication round: 66, Smart Eavesdropper Accuracy: 0.9409090909090909 33 0
Communication round: 67, Smart Eavesdropper Accuracy: 0.9295454545454546 33 0
Communication round: 68, Smart Eavesdropper Accuracy: 0.9613636363636363 33 0
Communication round: 69, Smart Eavesdropper Accuracy: 0.9477272727272728 33 0
Communication round: 70, Smart Eavesdropper Accuracy: 0.9386363636363636 33 0
Communication round: 71, Smart Eavesdropper Accuracy: 0.9409090909090909 33 0
Communication round: 72, Smart Eavesdropper Accuracy: 0.9568181818181818 33 0
Communication round: 73, Smart Eavesdropper Accuracy: 0.9545454545454546 33 0
Communication round: 74, Smart Eavesdropper Accuracy: 0.9409090909090909 33 0
Communication round: 75, Smart Eavesdropper Accuracy: 0.9659090909090909 33 0
Communication round: 76, Smart Eavesdropper Accuracy: 0.9522727272727273 33 0
Communication round: 77, Smart Eavesdropper Accuracy: 0.9636363636363636 33 0
Communication round: 78, Smart Eavesdropper Accuracy: 0.95 33 0
Communication round: 79, Smart Eavesdropper Accuracy: 0.9613636363636363 33 0
Communication round: 80, Smart Eavesdropper Accuracy: 0.9568181818181818 33 0
Communication round: 81, Smart Eavesdropper Accuracy: 0.9545454545454546 33 0
Communication round: 82, Smart Eavesdropper Accuracy: 0.9409090909090909 33 0
Communication round: 83, Smart Eavesdropper Accuracy: 0.9477272727272728 33 0
Communication round: 84, Smart Eavesdropper Accuracy: 0.9295454545454546 33 0
Communication round: 85, Smart Eavesdropper Accuracy: 0.9522727272727273 33 0
Communication round: 86, Smart Eavesdropper Accuracy: 0.9454545454545454 33 0
Communication round: 87, Smart Eavesdropper Accuracy: 0.9681818181818181 33 0
Communication round: 88, Smart Eavesdropper Accuracy: 0.9522727272727273 33 0
Communication round: 89, Smart Eavesdropper Accuracy: 0.9386363636363636 33 0
Communication round: 90, Smart Eavesdropper Accuracy: 0.9636363636363636 33 0
Communication round: 91, Smart Eavesdropper Accuracy: 0.9431818181818182 33 0
Communication round: 92, Smart Eavesdropper Accuracy: 0.9545454545454546 33 0
Communication round: 93, Smart Eavesdropper Accuracy: 0.9454545454545454 33 0
Communication round: 94, Smart Eavesdropper Accuracy: 0.95 33 0
Communication round: 95, Smart Eavesdropper Accuracy: 0.9590909090909091 33 0
Communication round: 96, Smart Eavesdropper Accuracy: 0.9590909090909091 33 0
Communication round: 97, Smart Eavesdropper Accuracy: 0.9340909090909091 33 0
Communication round: 98, Smart Eavesdropper Accuracy: 0.9568181818181818 33 0
Communication round: 99, Smart Eavesdropper Accuracy: 0.9681818181818181 33 0
----------------------------------------------------------------------------------------------------
----------------------------------------------------------------------------------------------------
20_30_100_0.4_8_0.9_False_
----------------------------------------------------------------------------------------------------
Communication round: 0, Smart Eavesdropper Accuracy: 0.3090909090909091 0 0
Communication round: 1, Smart Eavesdropper Accuracy: 0.5272727272727272 0 0
Communication round: 2, Smart Eavesdropper Accuracy: 0.7136363636363636 0 0
Communication round: 3, Smart Eavesdropper Accuracy: 0.8113636363636364 1 1
Communication round: 4, Smart Eavesdropper Accuracy: 0.8545454545454545 2 1
Communication round: 5, Aggregated Accuracies: 0.09440476190476191 3
Communication round: 5, Smart Eavesdropper Accuracy: 0.8886363636363637 3 1
Communication round: 6, Aggregated Accuracies: 0.24273809523809517 4
Communication round: 6, Eavesdropper Accuracy: 0.23863636363636365 4 1
Communication round: 7, Aggregated Accuracies: 0.3888095238095238 5
Communication round: 7, Eavesdropper Accuracy: 0.4727272727272727 5 1
Communication round: 8, Aggregated Accuracies: 0.48476190476190484 6
Communication round: 8, Eavesdropper Accuracy: 0.5431818181818182 6 1
Communication round: 9, Aggregated Accuracies: 0.5791666666666666 7
Communication round: 9, Eavesdropper Accuracy: 0.615909090909091 7 1
Communication round: 10, Aggregated Accuracies: 0.6459523809523811 8
Communication round: 10, Eavesdropper Accuracy: 0.7204545454545455 8 1
Communication round: 11, Aggregated Accuracies: 0.712142857142857 9
Communication round: 11, Eavesdropper Accuracy: 0.7522727272727273 9 1
Communication round: 12, Aggregated Accuracies: 0.7596428571428572 10
Communication round: 12, Eavesdropper Accuracy: 0.7909090909090909 10 1
Communication round: 13, Aggregated Accuracies: 0.7872619047619047 11
Communication round: 13, Eavesdropper Accuracy: 0.8022727272727272 11 1
Communication round: 14, Eavesdropper Accuracy: 0.825 11 0
Communication round: 15, Eavesdropper Accuracy: 0.8068181818181818 11 0
Communication round: 16, Eavesdropper Accuracy: 0.8386363636363636 12 1
Communication round: 17, Eavesdropper Accuracy: 0.8295454545454546 13 1
Communication round: 18, Eavesdropper Accuracy: 0.8068181818181818 13 0
Communication round: 19, Eavesdropper Accuracy: 0.8386363636363636 14 1
Communication round: 20, Aggregated Accuracies: 0.802857142857143 15
Communication round: 20, Eavesdropper Accuracy: 0.8613636363636363 15 1
Communication round: 21, Eavesdropper Accuracy: 0.85 15 0
Communication round: 22, Eavesdropper Accuracy: 0.8363636363636363 16 1
Communication round: 23, Eavesdropper Accuracy: 0.8363636363636363 16 0
Communication round: 24, Aggregated Accuracies: 0.8234523809523809 17
Communication round: 24, Eavesdropper Accuracy: 0.8545454545454545 17 1
Communication round: 25, Eavesdropper Accuracy: 0.8704545454545455 17 0
Communication round: 26, Eavesdropper Accuracy: 0.8363636363636363 17 0
Communication round: 27, Aggregated Accuracies: 0.8335714285714285 18
Communication round: 27, Eavesdropper Accuracy: 0.865909090909091 18 1
Communication round: 28, Aggregated Accuracies: 0.8544047619047619 19
Communication round: 28, Eavesdropper Accuracy: 0.8818181818181818 19 1
Communication round: 29, Aggregated Accuracies: 0.8642857142857144 20
Communication round: 29, Eavesdropper Accuracy: 0.8863636363636364 20 1
Communication round: 30, Aggregated Accuracies: 0.8713095238095236 21
Communication round: 30, Eavesdropper Accuracy: 0.9090909090909091 21 1
Communication round: 31, Aggregated Accuracies: 0.8747619047619051 22
Communication round: 31, Eavesdropper Accuracy: 0.8909090909090909 22 1
Communication round: 32, Aggregated Accuracies: 0.8873809523809525 23
Communication round: 32, Eavesdropper Accuracy: 0.884090909090909 23 1
Communication round: 33, Aggregated Accuracies: 0.8895238095238096 24
Communication round: 33, Eavesdropper Accuracy: 0.9136363636363637 24 1
Communication round: 34, Aggregated Accuracies: 0.894642857142857 25
Communication round: 34, Eavesdropper Accuracy: 0.925 25 1
Communication round: 35, Aggregated Accuracies: 0.9010714285714284 26
Communication round: 35, Eavesdropper Accuracy: 0.9068181818181819 26 1
Communication round: 36, Aggregated Accuracies: 0.9070238095238095 27
Communication round: 36, Eavesdropper Accuracy: 0.9227272727272727 27 1
Communication round: 37, Eavesdropper Accuracy: 0.925 27 0
Communication round: 38, Eavesdropper Accuracy: 0.9318181818181818 27 0
Communication round: 39, Aggregated Accuracies: 0.9083333333333334 28
Communication round: 39, Eavesdropper Accuracy: 0.9204545454545454 28 1
Communication round: 40, Eavesdropper Accuracy: 0.9340909090909091 28 0
Communication round: 41, Eavesdropper Accuracy: 0.9181818181818182 28 0
Communication round: 42, Aggregated Accuracies: 0.9110714285714285 29
Communication round: 42, Eavesdropper Accuracy: 0.9181818181818182 29 1
Communication round: 43, Aggregated Accuracies: 0.9182142857142856 30
Communication round: 43, Eavesdropper Accuracy: 0.9363636363636364 30 1
Communication round: 44, Eavesdropper Accuracy: 0.9227272727272727 30 0
Communication round: 45, Aggregated Accuracies: 0.9229761904761903 31
Communication round: 45, Eavesdropper Accuracy: 0.9090909090909091 31 1
Communication round: 46, Aggregated Accuracies: 0.9241666666666667 32
Communication round: 46, Eavesdropper Accuracy: 0.9272727272727272 32 1
Communication round: 47, Aggregated Accuracies: 0.9205952380952382 33
Communication round: 47, Eavesdropper Accuracy: 0.925 33 1
Communication round: 48, Aggregated Accuracies: 0.9225 34
Communication round: 48, Eavesdropper Accuracy: 0.9204545454545454 34 1
Communication round: 49, Aggregated Accuracies: 0.9269047619047617 35
Communication round: 49, Eavesdropper Accuracy: 0.925 35 1
Communication round: 50, Eavesdropper Accuracy: 0.9136363636363637 35 0
Communication round: 51, Eavesdropper Accuracy: 0.9340909090909091 35 0
Communication round: 52, Eavesdropper Accuracy: 0.9363636363636364 35 0
Communication round: 53, Eavesdropper Accuracy: 0.9363636363636364 35 0
Communication round: 54, Eavesdropper Accuracy: 0.9204545454545454 35 0
Communication round: 55, Eavesdropper Accuracy: 0.9227272727272727 35 0
Communication round: 56, Eavesdropper Accuracy: 0.925 35 0
Communication round: 57, Eavesdropper Accuracy: 0.9272727272727272 35 0
Communication round: 58, Aggregated Accuracies: 0.9276190476190476 36
Communication round: 58, Eavesdropper Accuracy: 0.9181818181818182 36 1
Communication round: 59, Eavesdropper Accuracy: 0.9272727272727272 36 0
Communication round: 60, Eavesdropper Accuracy: 0.9522727272727273 36 0
Communication round: 61, Eavesdropper Accuracy: 0.9363636363636364 36 0
Communication round: 62, Eavesdropper Accuracy: 0.9318181818181818 36 0
Communication round: 63, Eavesdropper Accuracy: 0.9363636363636364 36 0
Communication round: 64, Eavesdropper Accuracy: 0.9227272727272727 36 0
Communication round: 65, Eavesdropper Accuracy: 0.9363636363636364 36 0
Communication round: 66, Eavesdropper Accuracy: 0.9204545454545454 36 0
Communication round: 67, Eavesdropper Accuracy: 0.9409090909090909 36 0
Communication round: 68, Eavesdropper Accuracy: 0.9431818181818182 36 0
Communication round: 69, Eavesdropper Accuracy: 0.9204545454545454 36 0
Communication round: 70, Eavesdropper Accuracy: 0.9386363636363636 36 0
Communication round: 71, Smart Eavesdropper Accuracy: 0.9272727272727272 36 0
Communication round: 72, Smart Eavesdropper Accuracy: 0.95 36 0
Communication round: 73, Smart Eavesdropper Accuracy: 0.9363636363636364 36 0
Communication round: 74, Smart Eavesdropper Accuracy: 0.9613636363636363 36 0
Communication round: 75, Smart Eavesdropper Accuracy: 0.925 36 0
Communication round: 76, Smart Eavesdropper Accuracy: 0.9431818181818182 36 0
Communication round: 77, Smart Eavesdropper Accuracy: 0.9590909090909091 36 0
Communication round: 78, Smart Eavesdropper Accuracy: 0.9386363636363636 36 0
Communication round: 79, Smart Eavesdropper Accuracy: 0.9568181818181818 36 0
Communication round: 80, Smart Eavesdropper Accuracy: 0.9590909090909091 36 0
Communication round: 81, Smart Eavesdropper Accuracy: 0.95 36 0
Communication round: 82, Smart Eavesdropper Accuracy: 0.9590909090909091 36 0
Communication round: 83, Smart Eavesdropper Accuracy: 0.9636363636363636 36 0
Communication round: 84, Smart Eavesdropper Accuracy: 0.95 36 0
Communication round: 85, Smart Eavesdropper Accuracy: 0.9431818181818182 36 0
Communication round: 86, Smart Eavesdropper Accuracy: 0.9431818181818182 36 0
Communication round: 87, Smart Eavesdropper Accuracy: 0.9477272727272728 36 0
Communication round: 88, Smart Eavesdropper Accuracy: 0.9386363636363636 36 0
Communication round: 89, Smart Eavesdropper Accuracy: 0.9636363636363636 36 0
Communication round: 90, Smart Eavesdropper Accuracy: 0.9590909090909091 36 0
Communication round: 91, Smart Eavesdropper Accuracy: 0.9636363636363636 36 0
Communication round: 92, Smart Eavesdropper Accuracy: 0.9659090909090909 36 0
Communication round: 93, Smart Eavesdropper Accuracy: 0.9454545454545454 36 0
Communication round: 94, Smart Eavesdropper Accuracy: 0.9590909090909091 36 0
Communication round: 95, Smart Eavesdropper Accuracy: 0.9681818181818181 36 0
Communication round: 96, Smart Eavesdropper Accuracy: 0.9590909090909091 36 0
Communication round: 97, Smart Eavesdropper Accuracy: 0.9636363636363636 36 0
Communication round: 98, Smart Eavesdropper Accuracy: 0.9659090909090909 36 0
Communication round: 99, Smart Eavesdropper Accuracy: 0.9659090909090909 36 0
----------------------------------------------------------------------------------------------------
