Communication round: 0, Smart Eavesdropper Accuracy: 0.0 0 0
Communication round: 1, Smart Eavesdropper Accuracy: 0.006818181818181818 1 1
Communication round: 2, Smart Eavesdropper Accuracy: 0.06818181818181818 1 0
Communication round: 3, Smart Eavesdropper Accuracy: 0.16363636363636364 2 1
Communication round: 4, Smart Eavesdropper Accuracy: 0.23863636363636365 2 0
Communication round: 5, Smart Eavesdropper Accuracy: 0.3159090909090909 2 0
Communication round: 6, Smart Eavesdropper Accuracy: 0.39545454545454545 2 0
Communication round: 7, Aggregated Accuracies: 0.20904761904761907 3
Communication round: 7, Smart Eavesdropper Accuracy: 0.44772727272727275 3 1
Communication round: 8, Smart Eavesdropper Accuracy: 0.47045454545454546 3 0
Communication round: 9, Smart Eavesdropper Accuracy: 0.5454545454545454 3 0
Communication round: 10, Smart Eavesdropper Accuracy: 0.5022727272727273 3 0
Communication round: 11, Smart Eavesdropper Accuracy: 0.6136363636363636 3 0
Communication round: 12, Smart Eavesdropper Accuracy: 0.55 3 0
Communication round: 13, Smart Eavesdropper Accuracy: 0.5954545454545455 3 0
Communication round: 14, Smart Eavesdropper Accuracy: 0.6113636363636363 3 0
Communication round: 15, Smart Eavesdropper Accuracy: 0.6295454545454545 3 0
Communication round: 16, Smart Eavesdropper Accuracy: 0.7181818181818181 4 1
Communication round: 17, Smart Eavesdropper Accuracy: 0.6681818181818182 5 1
Communication round: 18, Smart Eavesdropper Accuracy: 0.6954545454545454 6 1
Communication round: 19, Smart Eavesdropper Accuracy: 0.6522727272727272 6 0
Communication round: 20, Smart Eavesdropper Accuracy: 0.725 6 0
Communication round: 21, Smart Eavesdropper Accuracy: 0.6522727272727272 7 1
Communication round: 22, Smart Eavesdropper Accuracy: 0.7 8 1
Communication round: 23, Smart Eavesdropper Accuracy: 0.7340909090909091 8 0
Communication round: 24, Smart Eavesdropper Accuracy: 0.7204545454545455 8 0
Communication round: 25, Smart Eavesdropper Accuracy: 0.7136363636363636 9 1
Communication round: 26, Smart Eavesdropper Accuracy: 0.7159090909090909 10 1
Communication round: 27, Smart Eavesdropper Accuracy: 0.7113636363636363 11 1
Communication round: 28, Smart Eavesdropper Accuracy: 0.7318181818181818 11 0
Communication round: 29, Smart Eavesdropper Accuracy: 0.7886363636363637 11 0
Communication round: 30, Smart Eavesdropper Accuracy: 0.775 12 1
Communication round: 31, Smart Eavesdropper Accuracy: 0.7204545454545455 13 1
Communication round: 32, Smart Eavesdropper Accuracy: 0.6977272727272728 14 1
Communication round: 33, Smart Eavesdropper Accuracy: 0.6931818181818182 14 0
Communication round: 34, Smart Eavesdropper Accuracy: 0.7704545454545455 14 0
Communication round: 35, Smart Eavesdropper Accuracy: 0.7977272727272727 14 0
Communication round: 36, Smart Eavesdropper Accuracy: 0.7045454545454546 14 0
Communication round: 37, Smart Eavesdropper Accuracy: 0.740909090909091 15 1
Communication round: 38, Smart Eavesdropper Accuracy: 0.7727272727272727 16 1
Communication round: 39, Smart Eavesdropper Accuracy: 0.7795454545454545 16 0
Communication round: 40, Smart Eavesdropper Accuracy: 0.7727272727272727 16 0
Communication round: 41, Smart Eavesdropper Accuracy: 0.8 16 0
Communication round: 42, Smart Eavesdropper Accuracy: 0.8045454545454546 16 0
Communication round: 43, Smart Eavesdropper Accuracy: 0.740909090909091 16 0
Communication round: 44, Smart Eavesdropper Accuracy: 0.8136363636363636 17 1
Communication round: 45, Smart Eavesdropper Accuracy: 0.7931818181818182 17 0
Communication round: 46, Smart Eavesdropper Accuracy: 0.8022727272727272 17 0
Communication round: 47, Smart Eavesdropper Accuracy: 0.7795454545454545 17 0
Communication round: 48, Smart Eavesdropper Accuracy: 0.85 17 0
Communication round: 49, Smart Eavesdropper Accuracy: 0.8045454545454546 17 0
Communication round: 50, Smart Eavesdropper Accuracy: 0.7727272727272727 18 1
Communication round: 51, Smart Eavesdropper Accuracy: 0.8 18 0
Communication round: 52, Smart Eavesdropper Accuracy: 0.7818181818181819 19 1
Communication round: 53, Aggregated Accuracies: 0.2705952380952381 20
Communication round: 53, Smart Eavesdropper Accuracy: 0.825 20 1
Communication round: 54, Smart Eavesdropper Accuracy: 0.8545454545454545 21 1
Communication round: 55, Smart Eavesdropper Accuracy: 0.8227272727272728 21 0
Communication round: 56, Smart Eavesdropper Accuracy: 0.7863636363636364 21 0
Communication round: 57, Aggregated Accuracies: 0.4163095238095237 22
Communication round: 57, Smart Eavesdropper Accuracy: 0.7681818181818182 22 1
Communication round: 58, Smart Eavesdropper Accuracy: 0.8090909090909091 22 0
Communication round: 59, Aggregated Accuracies: 0.500357142857143 23
Communication round: 59, Smart Eavesdropper Accuracy: 0.8113636363636364 23 1
Communication round: 60, Smart Eavesdropper Accuracy: 0.7840909090909091 23 0
Communication round: 61, Smart Eavesdropper Accuracy: 0.8136363636363636 24 1
Communication round: 62, Aggregated Accuracies: 0.5589285714285713 25
Communication round: 62, Smart Eavesdropper Accuracy: 0.8113636363636364 25 1
Communication round: 63, Smart Eavesdropper Accuracy: 0.8636363636363636 26 1
Communication round: 64, Smart Eavesdropper Accuracy: 0.85 27 1
Communication round: 65, Smart Eavesdropper Accuracy: 0.8772727272727273 27 0
Communication round: 66, Smart Eavesdropper Accuracy: 0.8386363636363636 28 1
Communication round: 67, Smart Eavesdropper Accuracy: 0.7863636363636364 28 0
Communication round: 68, Smart Eavesdropper Accuracy: 0.7909090909090909 29 1
Communication round: 69, Smart Eavesdropper Accuracy: 0.825 30 1
Communication round: 70, Aggregated Accuracies: 0.6090476190476191 31
Communication round: 70, Smart Eavesdropper Accuracy: 0.8181818181818182 31 1
Communication round: 71, Smart Eavesdropper Accuracy: 0.8090909090909091 31 0
Communication round: 72, Aggregated Accuracies: 0.6658333333333333 32
Communication round: 72, Smart Eavesdropper Accuracy: 0.8477272727272728 32 1
Communication round: 73, Smart Eavesdropper Accuracy: 0.8454545454545455 32 0
Communication round: 74, Smart Eavesdropper Accuracy: 0.8295454545454546 32 0
Communication round: 75, Smart Eavesdropper Accuracy: 0.8090909090909091 32 0
Communication round: 76, Smart Eavesdropper Accuracy: 0.7818181818181819 32 0
Communication round: 77, Aggregated Accuracies: 0.7198809523809523 33
Communication round: 77, Smart Eavesdropper Accuracy: 0.8159090909090909 33 1
Communication round: 78, Smart Eavesdropper Accuracy: 0.8181818181818182 33 0
Communication round: 79, Aggregated Accuracies: 0.7613095238095239 34
Communication round: 79, Smart Eavesdropper Accuracy: 0.8204545454545454 34 1
Communication round: 80, Aggregated Accuracies: 0.7946428571428571 35
Communication round: 80, Smart Eavesdropper Accuracy: 0.8295454545454546 35 1
Communication round: 81, Aggregated Accuracies: 0.8061904761904761 36
Communication round: 81, Smart Eavesdropper Accuracy: 0.8045454545454546 36 1
Communication round: 82, Aggregated Accuracies: 0.8335714285714287 37
Communication round: 82, Smart Eavesdropper Accuracy: 0.8295454545454546 37 1
Communication round: 83, Aggregated Accuracies: 0.8489285714285716 38
Communication round: 83, Smart Eavesdropper Accuracy: 0.8477272727272728 38 1
Communication round: 84, Smart Eavesdropper Accuracy: 0.8522727272727273 38 0
Communication round: 85, Smart Eavesdropper Accuracy: 0.8113636363636364 38 0
Communication round: 86, Aggregated Accuracies: 0.8544047619047619 39
Communication round: 86, Smart Eavesdropper Accuracy: 0.7840909090909091 39 1
Communication round: 87, Smart Eavesdropper Accuracy: 0.8545454545454545 39 0
Communication round: 88, Aggregated Accuracies: 0.8777380952380953 40
Communication round: 88, Smart Eavesdropper Accuracy: 0.8068181818181818 40 1
Communication round: 89, Smart Eavesdropper Accuracy: 0.8181818181818182 40 0
Communication round: 90, Aggregated Accuracies: 0.8798809523809525 41
Communication round: 90, Smart Eavesdropper Accuracy: 0.8181818181818182 41 1
Communication round: 91, Smart Eavesdropper Accuracy: 0.8636363636363636 41 0
Communication round: 92, Aggregated Accuracies: 0.8829761904761904 42
Communication round: 92, Smart Eavesdropper Accuracy: 0.8409090909090909 42 1
Communication round: 93, Smart Eavesdropper Accuracy: 0.9136363636363637 42 0
Communication round: 94, Smart Eavesdropper Accuracy: 0.8613636363636363 42 0
Communication round: 95, Aggregated Accuracies: 0.8834523809523809 43
Communication round: 95, Smart Eavesdropper Accuracy: 0.7909090909090909 43 1
Communication round: 96, Aggregated Accuracies: 0.8938095238095238 44
Communication round: 96, Smart Eavesdropper Accuracy: 0.8272727272727273 44 1
Communication round: 97, Aggregated Accuracies: 0.8984523809523809 45
Communication round: 97, Smart Eavesdropper Accuracy: 0.8409090909090909 45 1
Communication round: 98, Aggregated Accuracies: 0.9026190476190477 46
Communication round: 98, Smart Eavesdropper Accuracy: 0.7954545454545454 46 1
Communication round: 99, Aggregated Accuracies: 0.9058333333333334 47
Communication round: 99, Smart Eavesdropper Accuracy: 0.884090909090909 47 1
----------------------------------------------------------------------------------------------------
Communication round: 0, Eavesdropper Accuracy: 0.19772727272727272 1 1
Communication round: 1, Eavesdropper Accuracy: 0.21136363636363636 2 1
Communication round: 2, Eavesdropper Accuracy: 0.20454545454545456 3 1
Communication round: 3, Eavesdropper Accuracy: 0.19318181818181818 4 1
Communication round: 4, Eavesdropper Accuracy: 0.2318181818181818 5 1
Communication round: 5, Eavesdropper Accuracy: 0.17727272727272728 6 1
Communication round: 6, Aggregated Accuracies: 0.18892857142857142 7
Communication round: 6, Eavesdropper Accuracy: 0.24772727272727274 7 1
Communication round: 7, Eavesdropper Accuracy: 0.2340909090909091 7 0
Communication round: 8, Aggregated Accuracies: 0.30833333333333335 8
Communication round: 8, Eavesdropper Accuracy: 0.3 8 1
Communication round: 9, Eavesdropper Accuracy: 0.3386363636363636 8 0
Communication round: 10, Eavesdropper Accuracy: 0.3431818181818182 8 0
Communication round: 11, Eavesdropper Accuracy: 0.3090909090909091 8 0
Communication round: 12, Eavesdropper Accuracy: 0.29545454545454547 8 0
Communication round: 13, Aggregated Accuracies: 0.425952380952381 9
Communication round: 13, Eavesdropper Accuracy: 0.4159090909090909 9 1
Communication round: 14, Aggregated Accuracies: 0.5245238095238094 10
Communication round: 14, Eavesdropper Accuracy: 0.48409090909090907 10 1
Communication round: 15, Eavesdropper Accuracy: 0.5113636363636364 10 0
Communication round: 16, Aggregated Accuracies: 0.6028571428571428 11
Communication round: 16, Eavesdropper Accuracy: 0.5545454545454546 11 1
Communication round: 17, Eavesdropper Accuracy: 0.5522727272727272 11 0
Communication round: 18, Aggregated Accuracies: 0.650357142857143 12
Communication round: 18, Eavesdropper Accuracy: 0.625 12 1
Communication round: 19, Eavesdropper Accuracy: 0.615909090909091 13 1
Communication round: 20, Aggregated Accuracies: 0.6941666666666666 14
Communication round: 20, Eavesdropper Accuracy: 0.6386363636363637 14 1
Communication round: 21, Aggregated Accuracies: 0.7333333333333335 15
Communication round: 21, Eavesdropper Accuracy: 0.6727272727272727 15 1
Communication round: 22, Aggregated Accuracies: 0.7476190476190476 16
Communication round: 22, Eavesdropper Accuracy: 0.7454545454545455 16 1
Communication round: 23, Eavesdropper Accuracy: 0.7204545454545455 16 0
Communication round: 24, Eavesdropper Accuracy: 0.7522727272727273 17 1
Communication round: 25, Eavesdropper Accuracy: 0.725 17 0
Communication round: 26, Aggregated Accuracies: 0.7835714285714287 18
Communication round: 26, Eavesdropper Accuracy: 0.7659090909090909 18 1
Communication round: 27, Eavesdropper Accuracy: 0.7772727272727272 18 0
Communication round: 28, Eavesdropper Accuracy: 0.7522727272727273 19 1
Communication round: 29, Eavesdropper Accuracy: 0.7840909090909091 19 0
Communication round: 30, Eavesdropper Accuracy: 0.7613636363636364 19 0
Communication round: 31, Eavesdropper Accuracy: 0.7909090909090909 19 0
Communication round: 32, Eavesdropper Accuracy: 0.7636363636363637 19 0
Communication round: 33, Eavesdropper Accuracy: 0.7772727272727272 19 0
Communication round: 34, Eavesdropper Accuracy: 0.75 19 0
Communication round: 35, Eavesdropper Accuracy: 0.7704545454545455 19 0
Communication round: 36, Eavesdropper Accuracy: 0.7454545454545455 19 0
Communication round: 37, Smart Eavesdropper Accuracy: 0.2909090909090909 19 0
Communication round: 38, Smart Eavesdropper Accuracy: 0.4 19 0
Communication round: 39, Smart Eavesdropper Accuracy: 0.5136363636363637 19 0
Communication round: 40, Smart Eavesdropper Accuracy: 0.5045454545454545 19 0
Communication round: 41, Smart Eavesdropper Accuracy: 0.575 20 1
Communication round: 42, Smart Eavesdropper Accuracy: 0.6795454545454546 20 0
Communication round: 43, Smart Eavesdropper Accuracy: 0.7181818181818181 20 0
Communication round: 44, Smart Eavesdropper Accuracy: 0.7204545454545455 21 1
Communication round: 45, Smart Eavesdropper Accuracy: 0.8 22 1
Communication round: 46, Smart Eavesdropper Accuracy: 0.8068181818181818 22 0
Communication round: 47, Smart Eavesdropper Accuracy: 0.7340909090909091 22 0
Communication round: 48, Smart Eavesdropper Accuracy: 0.740909090909091 22 0
Communication round: 49, Smart Eavesdropper Accuracy: 0.8 22 0
Communication round: 50, Smart Eavesdropper Accuracy: 0.8295454545454546 22 0
Communication round: 51, Aggregated Accuracies: 0.8032142857142857 23
Communication round: 51, Smart Eavesdropper Accuracy: 0.8340909090909091 23 1
Communication round: 52, Aggregated Accuracies: 0.8230952380952381 24
Communication round: 52, Smart Eavesdropper Accuracy: 0.7863636363636364 24 1
Communication round: 53, Smart Eavesdropper Accuracy: 0.8204545454545454 24 0
Communication round: 54, Smart Eavesdropper Accuracy: 0.865909090909091 24 0
Communication round: 55, Smart Eavesdropper Accuracy: 0.8522727272727273 24 0
Communication round: 56, Aggregated Accuracies: 0.8455952380952383 25
Communication round: 56, Smart Eavesdropper Accuracy: 0.8863636363636364 25 1
Communication round: 57, Aggregated Accuracies: 0.8616666666666666 26
Communication round: 57, Smart Eavesdropper Accuracy: 0.8613636363636363 26 1
Communication round: 58, Aggregated Accuracies: 0.863452380952381 27
Communication round: 58, Smart Eavesdropper Accuracy: 0.8363636363636363 27 1
Communication round: 59, Aggregated Accuracies: 0.8761904761904761 28
Communication round: 59, Smart Eavesdropper Accuracy: 0.8681818181818182 28 1
Communication round: 60, Aggregated Accuracies: 0.8805952380952382 29
Communication round: 60, Smart Eavesdropper Accuracy: 0.8522727272727273 29 1
Communication round: 61, Aggregated Accuracies: 0.8889285714285714 30
Communication round: 61, Smart Eavesdropper Accuracy: 0.8545454545454545 30 1
Communication round: 62, Aggregated Accuracies: 0.8920238095238092 31
Communication round: 62, Smart Eavesdropper Accuracy: 0.8340909090909091 31 1
Communication round: 63, Aggregated Accuracies: 0.8989285714285714 32
Communication round: 63, Smart Eavesdropper Accuracy: 0.884090909090909 32 1
Communication round: 64, Aggregated Accuracies: 0.9039285714285713 33
Communication round: 64, Eavesdropper Accuracy: 0.8954545454545455 33 1
Communication round: 65, Eavesdropper Accuracy: 0.9113636363636364 34 1
Communication round: 66, Aggregated Accuracies: 0.9059523809523811 35
Communication round: 66, Eavesdropper Accuracy: 0.9113636363636364 35 1
Communication round: 67, Aggregated Accuracies: 0.9102380952380953 36
Communication round: 67, Eavesdropper Accuracy: 0.8954545454545455 36 1
Communication round: 68, Aggregated Accuracies: 0.910357142857143 37
Communication round: 68, Eavesdropper Accuracy: 0.925 37 1
Communication round: 69, Aggregated Accuracies: 0.9140476190476191 38
Communication round: 69, Eavesdropper Accuracy: 0.9159090909090909 38 1
Communication round: 70, Aggregated Accuracies: 0.9165476190476189 39
Communication round: 70, Eavesdropper Accuracy: 0.9113636363636364 39 1
Communication round: 71, Eavesdropper Accuracy: 0.9363636363636364 40 1
Communication round: 72, Aggregated Accuracies: 0.9234523809523809 41
Communication round: 72, Eavesdropper Accuracy: 0.9227272727272727 41 1
Communication round: 73, Eavesdropper Accuracy: 0.9 41 0
Communication round: 74, Eavesdropper Accuracy: 0.9159090909090909 41 0
Communication round: 75, Eavesdropper Accuracy: 0.9068181818181819 41 0
Communication round: 76, Eavesdropper Accuracy: 0.9227272727272727 41 0
Communication round: 77, Eavesdropper Accuracy: 0.9227272727272727 41 0
Communication round: 78, Eavesdropper Accuracy: 0.9045454545454545 41 0
Communication round: 79, Eavesdropper Accuracy: 0.9295454545454546 41 0
Communication round: 80, Eavesdropper Accuracy: 0.9181818181818182 41 0
Communication round: 81, Smart Eavesdropper Accuracy: 0.8090909090909091 41 0
Communication round: 82, Smart Eavesdropper Accuracy: 0.8409090909090909 41 0
Communication round: 83, Smart Eavesdropper Accuracy: 0.8431818181818181 41 0
Communication round: 84, Smart Eavesdropper Accuracy: 0.825 41 0
Communication round: 85, Aggregated Accuracies: 0.9233333333333331 42
Communication round: 85, Smart Eavesdropper Accuracy: 0.8568181818181818 42 1
Communication round: 86, Smart Eavesdropper Accuracy: 0.8431818181818181 42 0
Communication round: 87, Smart Eavesdropper Accuracy: 0.8431818181818181 42 0
Communication round: 88, Smart Eavesdropper Accuracy: 0.8068181818181818 42 0
Communication round: 89, Smart Eavesdropper Accuracy: 0.8 42 0
Communication round: 90, Smart Eavesdropper Accuracy: 0.8454545454545455 42 0
Communication round: 91, Smart Eavesdropper Accuracy: 0.8613636363636363 42 0
Communication round: 92, Smart Eavesdropper Accuracy: 0.8704545454545455 42 0
Communication round: 93, Smart Eavesdropper Accuracy: 0.8477272727272728 42 0
Communication round: 94, Smart Eavesdropper Accuracy: 0.85 42 0
Communication round: 95, Smart Eavesdropper Accuracy: 0.8818181818181818 42 0
Communication round: 96, Smart Eavesdropper Accuracy: 0.8590909090909091 42 0
Communication round: 97, Smart Eavesdropper Accuracy: 0.8545454545454545 42 0
Communication round: 98, Smart Eavesdropper Accuracy: 0.8704545454545455 42 0
Communication round: 99, Smart Eavesdropper Accuracy: 0.8454545454545455 42 0
----------------------------------------------------------------------------------------------------
Communication round: 0, Smart Eavesdropper Accuracy: 0.0022727272727272726 0 0
Communication round: 1, Smart Eavesdropper Accuracy: 0.022727272727272728 1 1
Communication round: 2, Eavesdropper Accuracy: 0.08181818181818182 2 1
Communication round: 3, Smart Eavesdropper Accuracy: 0.011363636363636364 2 0
Communication round: 4, Eavesdropper Accuracy: 0.10454545454545454 3 1
Communication round: 5, Eavesdropper Accuracy: 0.10227272727272728 4 1
Communication round: 6, Eavesdropper Accuracy: 0.10227272727272728 5 1
Communication round: 7, Eavesdropper Accuracy: 0.08636363636363636 6 1
Communication round: 8, Eavesdropper Accuracy: 0.09545454545454546 6 0
Communication round: 9, Eavesdropper Accuracy: 0.07727272727272727 7 1
Communication round: 10, Eavesdropper Accuracy: 0.09545454545454546 8 1
Communication round: 11, Eavesdropper Accuracy: 0.10681818181818181 9 1
Communication round: 12, Eavesdropper Accuracy: 0.10909090909090909 10 1
Communication round: 13, Eavesdropper Accuracy: 0.09772727272727273 11 1
Communication round: 14, Eavesdropper Accuracy: 0.09545454545454546 12 1
Communication round: 15, Eavesdropper Accuracy: 0.08409090909090909 13 1
Communication round: 16, Eavesdropper Accuracy: 0.075 13 0
Communication round: 17, Eavesdropper Accuracy: 0.08636363636363636 13 0
Communication round: 18, Eavesdropper Accuracy: 0.09318181818181819 13 0
Communication round: 19, Eavesdropper Accuracy: 0.07272727272727272 13 0
Communication round: 20, Eavesdropper Accuracy: 0.10909090909090909 13 0
Communication round: 21, Eavesdropper Accuracy: 0.075 14 1
Communication round: 22, Eavesdropper Accuracy: 0.10909090909090909 14 0
Communication round: 23, Eavesdropper Accuracy: 0.10227272727272728 15 1
Communication round: 24, Aggregated Accuracies: 0.1667857142857143 16
Communication round: 24, Eavesdropper Accuracy: 0.08636363636363636 16 1
Communication round: 25, Eavesdropper Accuracy: 0.09090909090909091 16 0
Communication round: 26, Eavesdropper Accuracy: 0.07954545454545454 16 0
Communication round: 27, Eavesdropper Accuracy: 0.08863636363636364 16 0
Communication round: 28, Eavesdropper Accuracy: 0.06818181818181818 16 0
Communication round: 29, Eavesdropper Accuracy: 0.07272727272727272 16 0
Communication round: 30, Eavesdropper Accuracy: 0.09318181818181819 16 0
Communication round: 31, Aggregated Accuracies: 0.28988095238095235 17
Communication round: 31, Eavesdropper Accuracy: 0.22727272727272727 17 1
Communication round: 32, Eavesdropper Accuracy: 0.25227272727272726 17 0
Communication round: 33, Aggregated Accuracies: 0.42488095238095236 18
Communication round: 33, Eavesdropper Accuracy: 0.3886363636363636 18 1
Communication round: 34, Aggregated Accuracies: 0.5025000000000001 19
Communication round: 34, Eavesdropper Accuracy: 0.509090909090909 19 1
Communication round: 35, Eavesdropper Accuracy: 0.5 20 1
Communication round: 36, Aggregated Accuracies: 0.570952380952381 21
Communication round: 36, Eavesdropper Accuracy: 0.5522727272727272 21 1
Communication round: 37, Eavesdropper Accuracy: 0.5636363636363636 22 1
Communication round: 38, Eavesdropper Accuracy: 0.5340909090909091 23 1
Communication round: 39, Eavesdropper Accuracy: 0.5704545454545454 24 1
Communication round: 40, Aggregated Accuracies: 0.6385714285714286 25
Communication round: 40, Eavesdropper Accuracy: 0.6318181818181818 25 1
Communication round: 41, Eavesdropper Accuracy: 0.6136363636363636 26 1
Communication round: 42, Eavesdropper Accuracy: 0.6590909090909091 26 0
Communication round: 43, Eavesdropper Accuracy: 0.6409090909090909 27 1
Communication round: 44, Eavesdropper Accuracy: 0.6181818181818182 27 0
Communication round: 45, Aggregated Accuracies: 0.6844047619047618 28
Communication round: 45, Eavesdropper Accuracy: 0.6386363636363637 28 1
Communication round: 46, Aggregated Accuracies: 0.7233333333333333 29
Communication round: 46, Eavesdropper Accuracy: 0.6840909090909091 29 1
Communication round: 47, Eavesdropper Accuracy: 0.6545454545454545 30 1
Communication round: 48, Eavesdropper Accuracy: 0.7090909090909091 31 1
Communication round: 49, Eavesdropper Accuracy: 0.7022727272727273 31 0
Communication round: 50, Eavesdropper Accuracy: 0.6909090909090909 31 0
Communication round: 51, Eavesdropper Accuracy: 0.6977272727272728 31 0
Communication round: 52, Eavesdropper Accuracy: 0.6795454545454546 32 1
Communication round: 53, Eavesdropper Accuracy: 0.6840909090909091 33 1
Communication round: 54, Eavesdropper Accuracy: 0.6886363636363636 34 1
Communication round: 55, Aggregated Accuracies: 0.7723809523809523 35
Communication round: 55, Eavesdropper Accuracy: 0.7522727272727273 35 1
Communication round: 56, Eavesdropper Accuracy: 0.7659090909090909 35 0
Communication round: 57, Aggregated Accuracies: 0.7950000000000002 36
Communication round: 57, Eavesdropper Accuracy: 0.7818181818181819 36 1
Communication round: 58, Eavesdropper Accuracy: 0.7931818181818182 36 0
Communication round: 59, Eavesdropper Accuracy: 0.8 36 0
Communication round: 60, Aggregated Accuracies: 0.8245238095238097 37
Communication round: 60, Eavesdropper Accuracy: 0.8204545454545454 37 1
Communication round: 61, Aggregated Accuracies: 0.8376190476190477 38
Communication round: 61, Eavesdropper Accuracy: 0.8545454545454545 38 1
Communication round: 62, Eavesdropper Accuracy: 0.8522727272727273 38 0
Communication round: 63, Aggregated Accuracies: 0.8508333333333331 39
Communication round: 63, Eavesdropper Accuracy: 0.865909090909091 39 1
Communication round: 64, Eavesdropper Accuracy: 0.8590909090909091 39 0
Communication round: 65, Eavesdropper Accuracy: 0.8477272727272728 39 0
Communication round: 66, Eavesdropper Accuracy: 0.8636363636363636 39 0
Communication round: 67, Eavesdropper Accuracy: 0.8227272727272728 39 0
Communication round: 68, Eavesdropper Accuracy: 0.8522727272727273 39 0
Communication round: 69, Eavesdropper Accuracy: 0.8568181818181818 39 0
Communication round: 70, Eavesdropper Accuracy: 0.8522727272727273 40 1
Communication round: 71, Eavesdropper Accuracy: 0.8272727272727273 41 1
Communication round: 72, Eavesdropper Accuracy: 0.8477272727272728 42 1
Communication round: 73, Eavesdropper Accuracy: 0.8454545454545455 42 0
Communication round: 74, Eavesdropper Accuracy: 0.8227272727272728 43 1
Communication round: 75, Eavesdropper Accuracy: 0.8386363636363636 44 1
Communication round: 76, Eavesdropper Accuracy: 0.8568181818181818 44 0
Communication round: 77, Eavesdropper Accuracy: 0.8568181818181818 45 1
Communication round: 78, Eavesdropper Accuracy: 0.8386363636363636 46 1
Communication round: 79, Eavesdropper Accuracy: 0.8704545454545455 46 0
Communication round: 80, Eavesdropper Accuracy: 0.8545454545454545 46 0
Communication round: 81, Eavesdropper Accuracy: 0.8613636363636363 46 0
Communication round: 82, Eavesdropper Accuracy: 0.8613636363636363 46 0
Communication round: 83, Eavesdropper Accuracy: 0.8704545454545455 46 0
Communication round: 84, Eavesdropper Accuracy: 0.8522727272727273 46 0
Communication round: 85, Eavesdropper Accuracy: 0.8613636363636363 46 0
Communication round: 86, Eavesdropper Accuracy: 0.8340909090909091 46 0
Communication round: 87, Eavesdropper Accuracy: 0.8318181818181818 46 0
Communication round: 88, Eavesdropper Accuracy: 0.8477272727272728 46 0
Communication round: 89, Eavesdropper Accuracy: 0.8522727272727273 46 0
Communication round: 90, Aggregated Accuracies: 0.8639285714285714 47
Communication round: 90, Eavesdropper Accuracy: 0.8636363636363636 47 1
Communication round: 91, Eavesdropper Accuracy: 0.8386363636363636 47 0
Communication round: 92, Eavesdropper Accuracy: 0.8613636363636363 48 1
Communication round: 93, Eavesdropper Accuracy: 0.875 48 0
Communication round: 94, Eavesdropper Accuracy: 0.8590909090909091 48 0
Communication round: 95, Smart Eavesdropper Accuracy: 0.5431818181818182 48 0
Communication round: 96, Eavesdropper Accuracy: 0.8295454545454546 49 1
Communication round: 97, Eavesdropper Accuracy: 0.8886363636363637 50 1
Communication round: 98, Eavesdropper Accuracy: 0.8909090909090909 50 0
Communication round: 99, Eavesdropper Accuracy: 0.8568181818181818 51 1
----------------------------------------------------------------------------------------------------
Communication round: 0, Smart Eavesdropper Accuracy: 0.0022727272727272726 0 0
Communication round: 1, Smart Eavesdropper Accuracy: 0.08636363636363636 1 1
Communication round: 2, Eavesdropper Accuracy: 0.12045454545454545 2 1
Communication round: 3, Eavesdropper Accuracy: 0.12045454545454545 3 1
Communication round: 4, Eavesdropper Accuracy: 0.1340909090909091 3 0
Communication round: 5, Eavesdropper Accuracy: 0.12727272727272726 4 1
Communication round: 6, Eavesdropper Accuracy: 0.11363636363636363 4 0
Communication round: 7, Eavesdropper Accuracy: 0.1431818181818182 5 1
Communication round: 8, Aggregated Accuracies: 0.19869047619047617 6
Communication round: 8, Eavesdropper Accuracy: 0.15227272727272728 6 1
Communication round: 9, Aggregated Accuracies: 0.3176190476190477 7
Communication round: 9, Eavesdropper Accuracy: 0.27045454545454545 7 1
Communication round: 10, Eavesdropper Accuracy: 0.27045454545454545 7 0
Communication round: 11, Eavesdropper Accuracy: 0.2318181818181818 7 0
Communication round: 12, Eavesdropper Accuracy: 0.25681818181818183 8 1
Communication round: 13, Aggregated Accuracies: 0.4096428571428571 9
Communication round: 13, Eavesdropper Accuracy: 0.35 9 1
Communication round: 14, Eavesdropper Accuracy: 0.3568181818181818 10 1
Communication round: 15, Eavesdropper Accuracy: 0.3613636363636364 11 1
Communication round: 16, Eavesdropper Accuracy: 0.35454545454545455 12 1
Communication round: 17, Eavesdropper Accuracy: 0.37727272727272726 13 1
Communication round: 18, Eavesdropper Accuracy: 0.35 14 1
Communication round: 19, Eavesdropper Accuracy: 0.33636363636363636 15 1
Communication round: 20, Eavesdropper Accuracy: 0.32272727272727275 16 1
Communication round: 21, Eavesdropper Accuracy: 0.3386363636363636 17 1
Communication round: 22, Eavesdropper Accuracy: 0.3181818181818182 18 1
Communication round: 23, Eavesdropper Accuracy: 0.36363636363636365 19 1
Communication round: 24, Eavesdropper Accuracy: 0.325 20 1
Communication round: 25, Aggregated Accuracies: 0.47428571428571437 21
Communication round: 25, Eavesdropper Accuracy: 0.45454545454545453 21 1
Communication round: 26, Eavesdropper Accuracy: 0.45227272727272727 21 0
Communication round: 27, Eavesdropper Accuracy: 0.43636363636363634 21 0
Communication round: 28, Eavesdropper Accuracy: 0.4068181818181818 21 0
Communication round: 29, Eavesdropper Accuracy: 0.45681818181818185 21 0
Communication round: 30, Eavesdropper Accuracy: 0.4113636363636364 22 1
Communication round: 31, Eavesdropper Accuracy: 0.4318181818181818 22 0
Communication round: 32, Eavesdropper Accuracy: 0.3840909090909091 22 0
Communication round: 33, Eavesdropper Accuracy: 0.4113636363636364 22 0
Communication round: 34, Eavesdropper Accuracy: 0.41363636363636364 22 0
Communication round: 35, Eavesdropper Accuracy: 0.4318181818181818 22 0
Communication round: 36, Eavesdropper Accuracy: 0.4022727272727273 22 0
Communication round: 37, Eavesdropper Accuracy: 0.4113636363636364 22 0
Communication round: 38, Eavesdropper Accuracy: 0.4431818181818182 22 0
Communication round: 39, Eavesdropper Accuracy: 0.4090909090909091 22 0
Communication round: 40, Eavesdropper Accuracy: 0.42954545454545456 22 0
Communication round: 41, Eavesdropper Accuracy: 0.45227272727272727 22 0
Communication round: 42, Eavesdropper Accuracy: 0.4409090909090909 22 0
Communication round: 43, Smart Eavesdropper Accuracy: 0.02727272727272727 22 0
Communication round: 44, Smart Eavesdropper Accuracy: 0.17727272727272728 22 0
Communication round: 45, Smart Eavesdropper Accuracy: 0.225 22 0
Communication round: 46, Smart Eavesdropper Accuracy: 0.30227272727272725 22 0
Communication round: 47, Smart Eavesdropper Accuracy: 0.44772727272727275 22 0
Communication round: 48, Smart Eavesdropper Accuracy: 0.5 22 0
Communication round: 49, Aggregated Accuracies: 0.5666666666666667 23
Communication round: 49, Smart Eavesdropper Accuracy: 0.5568181818181818 23 1
Communication round: 50, Smart Eavesdropper Accuracy: 0.6545454545454545 23 0
Communication round: 51, Smart Eavesdropper Accuracy: 0.5818181818181818 23 0
Communication round: 52, Aggregated Accuracies: 0.6119047619047618 24
Communication round: 52, Smart Eavesdropper Accuracy: 0.7159090909090909 24 1
Communication round: 53, Smart Eavesdropper Accuracy: 0.7522727272727273 24 0
Communication round: 54, Aggregated Accuracies: 0.6669047619047619 25
Communication round: 54, Smart Eavesdropper Accuracy: 0.6909090909090909 25 1
Communication round: 55, Aggregated Accuracies: 0.7089285714285716 26
Communication round: 55, Smart Eavesdropper Accuracy: 0.7522727272727273 26 1
Communication round: 56, Aggregated Accuracies: 0.7486904761904764 27
Communication round: 56, Smart Eavesdropper Accuracy: 0.7931818181818182 27 1
Communication round: 57, Aggregated Accuracies: 0.7778571428571429 28
Communication round: 57, Smart Eavesdropper Accuracy: 0.7659090909090909 28 1
Communication round: 58, Aggregated Accuracies: 0.791547619047619 29
Communication round: 58, Smart Eavesdropper Accuracy: 0.7863636363636364 29 1
Communication round: 59, Smart Eavesdropper Accuracy: 0.8204545454545454 29 0
Communication round: 60, Smart Eavesdropper Accuracy: 0.8045454545454546 29 0
Communication round: 61, Aggregated Accuracies: 0.8116666666666669 30
Communication round: 61, Smart Eavesdropper Accuracy: 0.8318181818181818 30 1
Communication round: 62, Aggregated Accuracies: 0.8263095238095239 31
Communication round: 62, Smart Eavesdropper Accuracy: 0.8386363636363636 31 1
Communication round: 63, Aggregated Accuracies: 0.8382142857142858 32
Communication round: 63, Smart Eavesdropper Accuracy: 0.8204545454545454 32 1
Communication round: 64, Aggregated Accuracies: 0.8463095238095238 33
Communication round: 64, Eavesdropper Accuracy: 0.8295454545454546 33 1
Communication round: 65, Aggregated Accuracies: 0.8590476190476191 34
Communication round: 65, Eavesdropper Accuracy: 0.865909090909091 34 1
Communication round: 66, Aggregated Accuracies: 0.8663095238095236 35
Communication round: 66, Eavesdropper Accuracy: 0.8227272727272728 35 1
Communication round: 67, Eavesdropper Accuracy: 0.8431818181818181 35 0
Communication round: 68, Eavesdropper Accuracy: 0.8454545454545455 35 0
Communication round: 69, Aggregated Accuracies: 0.8724999999999999 36
Communication round: 69, Eavesdropper Accuracy: 0.8704545454545455 36 1
Communication round: 70, Eavesdropper Accuracy: 0.8636363636363636 36 0
Communication round: 71, Smart Eavesdropper Accuracy: 0.6409090909090909 36 0
Communication round: 72, Smart Eavesdropper Accuracy: 0.6113636363636363 36 0
Communication round: 73, Aggregated Accuracies: 0.880952380952381 37
Communication round: 73, Smart Eavesdropper Accuracy: 0.6772727272727272 37 1
Communication round: 74, Smart Eavesdropper Accuracy: 0.6954545454545454 37 0
Communication round: 75, Aggregated Accuracies: 0.8878571428571428 38
Communication round: 75, Smart Eavesdropper Accuracy: 0.6772727272727272 38 1
Communication round: 76, Smart Eavesdropper Accuracy: 0.740909090909091 38 0
Communication round: 77, Smart Eavesdropper Accuracy: 0.7340909090909091 38 0
Communication round: 78, Smart Eavesdropper Accuracy: 0.8318181818181818 38 0
Communication round: 79, Smart Eavesdropper Accuracy: 0.8045454545454546 38 0
Communication round: 80, Smart Eavesdropper Accuracy: 0.7613636363636364 38 0
Communication round: 81, Smart Eavesdropper Accuracy: 0.7977272727272727 38 0
Communication round: 82, Smart Eavesdropper Accuracy: 0.8181818181818182 38 0
Communication round: 83, Smart Eavesdropper Accuracy: 0.8022727272727272 38 0
Communication round: 84, Smart Eavesdropper Accuracy: 0.8295454545454546 38 0
Communication round: 85, Smart Eavesdropper Accuracy: 0.8159090909090909 38 0
Communication round: 86, Smart Eavesdropper Accuracy: 0.8227272727272728 38 0
Communication round: 87, Smart Eavesdropper Accuracy: 0.825 38 0
Communication round: 88, Smart Eavesdropper Accuracy: 0.8159090909090909 38 0
Communication round: 89, Smart Eavesdropper Accuracy: 0.8909090909090909 38 0
Communication round: 90, Smart Eavesdropper Accuracy: 0.8340909090909091 38 0
Communication round: 91, Smart Eavesdropper Accuracy: 0.8931818181818182 38 0
Communication round: 92, Smart Eavesdropper Accuracy: 0.865909090909091 38 0
Communication round: 93, Smart Eavesdropper Accuracy: 0.8568181818181818 38 0
Communication round: 94, Smart Eavesdropper Accuracy: 0.8022727272727272 38 0
Communication round: 95, Smart Eavesdropper Accuracy: 0.7954545454545454 38 0
Communication round: 96, Smart Eavesdropper Accuracy: 0.8613636363636363 38 0
Communication round: 97, Smart Eavesdropper Accuracy: 0.8590909090909091 38 0
Communication round: 98, Smart Eavesdropper Accuracy: 0.9022727272727272 38 0
Communication round: 99, Smart Eavesdropper Accuracy: 0.8590909090909091 38 0
----------------------------------------------------------------------------------------------------
Communication round: 0, Smart Eavesdropper Accuracy: 0.0 0 0
Communication round: 1, Smart Eavesdropper Accuracy: 0.0 0 0
Communication round: 2, Aggregated Accuracies: 0.12726190476190477 1
Communication round: 2, Smart Eavesdropper Accuracy: 0.02727272727272727 1 1
Communication round: 3, Aggregated Accuracies: 0.20797619047619048 2
Communication round: 3, Smart Eavesdropper Accuracy: 0.10454545454545454 2 1
Communication round: 4, Aggregated Accuracies: 0.36059523809523814 3
Communication round: 4, Eavesdropper Accuracy: 0.275 3 1
Communication round: 5, Aggregated Accuracies: 0.4913095238095237 4
Communication round: 5, Eavesdropper Accuracy: 0.3431818181818182 4 1
Communication round: 6, Eavesdropper Accuracy: 0.37727272727272726 5 1
Communication round: 7, Aggregated Accuracies: 0.5770238095238095 6
Communication round: 7, Eavesdropper Accuracy: 0.48863636363636365 6 1
Communication round: 8, Eavesdropper Accuracy: 0.4818181818181818 6 0
Communication round: 9, Aggregated Accuracies: 0.6507142857142857 7
Communication round: 9, Eavesdropper Accuracy: 0.6113636363636363 7 1
Communication round: 10, Aggregated Accuracies: 0.6979761904761905 8
Communication round: 10, Eavesdropper Accuracy: 0.6568181818181819 8 1
Communication round: 11, Eavesdropper Accuracy: 0.6590909090909091 8 0
Communication round: 12, Eavesdropper Accuracy: 0.6477272727272727 8 0
Communication round: 13, Eavesdropper Accuracy: 0.6659090909090909 8 0
Communication round: 14, Eavesdropper Accuracy: 0.6227272727272727 8 0
Communication round: 15, Eavesdropper Accuracy: 0.634090909090909 9 1
Communication round: 16, Eavesdropper Accuracy: 0.6568181818181819 10 1
Communication round: 17, Eavesdropper Accuracy: 0.6454545454545455 11 1
Communication round: 18, Eavesdropper Accuracy: 0.6659090909090909 12 1
Communication round: 19, Eavesdropper Accuracy: 0.6431818181818182 13 1
Communication round: 20, Eavesdropper Accuracy: 0.6431818181818182 14 1
Communication round: 21, Eavesdropper Accuracy: 0.6659090909090909 15 1
Communication round: 22, Eavesdropper Accuracy: 0.634090909090909 16 1
Communication round: 23, Aggregated Accuracies: 0.7334523809523807 17
Communication round: 23, Eavesdropper Accuracy: 0.65 17 1
Communication round: 24, Eavesdropper Accuracy: 0.6659090909090909 18 1
Communication round: 25, Aggregated Accuracies: 0.7638095238095237 19
Communication round: 25, Eavesdropper Accuracy: 0.7568181818181818 19 1
Communication round: 26, Eavesdropper Accuracy: 0.7159090909090909 19 0
Communication round: 27, Eavesdropper Accuracy: 0.759090909090909 20 1
Communication round: 28, Aggregated Accuracies: 0.781547619047619 21
Communication round: 28, Eavesdropper Accuracy: 0.7454545454545455 21 1
Communication round: 29, Eavesdropper Accuracy: 0.7704545454545455 21 0
Communication round: 30, Aggregated Accuracies: 0.809404761904762 22
Communication round: 30, Eavesdropper Accuracy: 0.775 22 1
Communication round: 31, Aggregated Accuracies: 0.8276190476190477 23
Communication round: 31, Eavesdropper Accuracy: 0.8 23 1
Communication round: 32, Aggregated Accuracies: 0.8380952380952381 24
Communication round: 32, Eavesdropper Accuracy: 0.8431818181818181 24 1
Communication round: 33, Aggregated Accuracies: 0.8423809523809525 25
Communication round: 33, Eavesdropper Accuracy: 0.8340909090909091 25 1
Communication round: 34, Aggregated Accuracies: 0.8608333333333332 26
Communication round: 34, Eavesdropper Accuracy: 0.8409090909090909 26 1
Communication round: 35, Aggregated Accuracies: 0.8704761904761904 27
Communication round: 35, Eavesdropper Accuracy: 0.8681818181818182 27 1
Communication round: 36, Aggregated Accuracies: 0.8723809523809525 28
Communication round: 36, Eavesdropper Accuracy: 0.8477272727272728 28 1
Communication round: 37, Aggregated Accuracies: 0.8864285714285716 29
Communication round: 37, Eavesdropper Accuracy: 0.8795454545454545 29 1
Communication round: 38, Aggregated Accuracies: 0.8890476190476191 30
Communication round: 38, Eavesdropper Accuracy: 0.865909090909091 30 1
Communication round: 39, Aggregated Accuracies: 0.8971428571428571 31
Communication round: 39, Eavesdropper Accuracy: 0.8977272727272727 31 1
Communication round: 40, Eavesdropper Accuracy: 0.8863636363636364 31 0
Communication round: 41, Eavesdropper Accuracy: 0.8863636363636364 32 1
Communication round: 42, Eavesdropper Accuracy: 0.8818181818181818 32 0
Communication round: 43, Eavesdropper Accuracy: 0.8954545454545455 32 0
Communication round: 44, Eavesdropper Accuracy: 0.875 32 0
Communication round: 45, Eavesdropper Accuracy: 0.8772727272727273 32 0
Communication round: 46, Aggregated Accuracies: 0.9033333333333333 33
Communication round: 46, Eavesdropper Accuracy: 0.8931818181818182 33 1
Communication round: 47, Eavesdropper Accuracy: 0.884090909090909 33 0
Communication round: 48, Eavesdropper Accuracy: 0.9090909090909091 33 0
Communication round: 49, Eavesdropper Accuracy: 0.8931818181818182 33 0
Communication round: 50, Eavesdropper Accuracy: 0.884090909090909 33 0
Communication round: 51, Aggregated Accuracies: 0.9020238095238098 34
Communication round: 51, Eavesdropper Accuracy: 0.9 34 1
Communication round: 52, Aggregated Accuracies: 0.9114285714285713 35
Communication round: 52, Eavesdropper Accuracy: 0.9068181818181819 35 1
Communication round: 53, Eavesdropper Accuracy: 0.8977272727272727 36 1
Communication round: 54, Aggregated Accuracies: 0.9116666666666665 37
Communication round: 54, Eavesdropper Accuracy: 0.8954545454545455 37 1
Communication round: 55, Aggregated Accuracies: 0.9167857142857143 38
Communication round: 55, Eavesdropper Accuracy: 0.9227272727272727 38 1
Communication round: 56, Aggregated Accuracies: 0.9183333333333333 39
Communication round: 56, Eavesdropper Accuracy: 0.9181818181818182 39 1
Communication round: 57, Eavesdropper Accuracy: 0.9318181818181818 39 0
Communication round: 58, Eavesdropper Accuracy: 0.9272727272727272 39 0
Communication round: 59, Eavesdropper Accuracy: 0.9113636363636364 39 0
Communication round: 60, Aggregated Accuracies: 0.9215476190476191 40
Communication round: 60, Eavesdropper Accuracy: 0.9136363636363637 40 1
Communication round: 61, Aggregated Accuracies: 0.9247619047619047 41
Communication round: 61, Eavesdropper Accuracy: 0.9159090909090909 41 1
Communication round: 62, Aggregated Accuracies: 0.9245238095238095 42
Communication round: 62, Eavesdropper Accuracy: 0.9 42 1
Communication round: 63, Eavesdropper Accuracy: 0.9318181818181818 42 0
Communication round: 64, Eavesdropper Accuracy: 0.9204545454545454 42 0
Communication round: 65, Eavesdropper Accuracy: 0.9136363636363637 42 0
Communication round: 66, Eavesdropper Accuracy: 0.9 42 0
Communication round: 67, Eavesdropper Accuracy: 0.8977272727272727 42 0
Communication round: 68, Eavesdropper Accuracy: 0.9159090909090909 42 0
Communication round: 69, Eavesdropper Accuracy: 0.9295454545454546 42 0
Communication round: 70, Eavesdropper Accuracy: 0.9181818181818182 42 0
Communication round: 71, Eavesdropper Accuracy: 0.9340909090909091 42 0
Communication round: 72, Eavesdropper Accuracy: 0.9181818181818182 42 0
Communication round: 73, Eavesdropper Accuracy: 0.9409090909090909 42 0
Communication round: 74, Eavesdropper Accuracy: 0.9068181818181819 42 0
Communication round: 75, Eavesdropper Accuracy: 0.9386363636363636 42 0
Communication round: 76, Eavesdropper Accuracy: 0.9090909090909091 42 0
Communication round: 77, Eavesdropper Accuracy: 0.925 42 0
Communication round: 78, Eavesdropper Accuracy: 0.9227272727272727 42 0
Communication round: 79, Eavesdropper Accuracy: 0.9363636363636364 42 0
Communication round: 80, Eavesdropper Accuracy: 0.9340909090909091 42 0
Communication round: 81, Eavesdropper Accuracy: 0.9204545454545454 42 0
Communication round: 82, Eavesdropper Accuracy: 0.9227272727272727 42 0
Communication round: 83, Smart Eavesdropper Accuracy: 0.725 42 0
Communication round: 84, Smart Eavesdropper Accuracy: 0.7386363636363636 42 0
Communication round: 85, Smart Eavesdropper Accuracy: 0.7772727272727272 42 0
Communication round: 86, Smart Eavesdropper Accuracy: 0.7727272727272727 42 0
Communication round: 87, Smart Eavesdropper Accuracy: 0.7772727272727272 42 0
Communication round: 88, Smart Eavesdropper Accuracy: 0.8318181818181818 42 0
Communication round: 89, Smart Eavesdropper Accuracy: 0.7159090909090909 42 0
Communication round: 90, Smart Eavesdropper Accuracy: 0.775 42 0
Communication round: 91, Smart Eavesdropper Accuracy: 0.8022727272727272 42 0
Communication round: 92, Smart Eavesdropper Accuracy: 0.725 42 0
Communication round: 93, Smart Eavesdropper Accuracy: 0.7636363636363637 42 0
Communication round: 94, Smart Eavesdropper Accuracy: 0.775 42 0
Communication round: 95, Smart Eavesdropper Accuracy: 0.7818181818181819 42 0
Communication round: 96, Smart Eavesdropper Accuracy: 0.7340909090909091 42 0
Communication round: 97, Smart Eavesdropper Accuracy: 0.8045454545454546 42 0
Communication round: 98, Smart Eavesdropper Accuracy: 0.775 42 0
Communication round: 99, Smart Eavesdropper Accuracy: 0.7818181818181819 42 0
----------------------------------------------------------------------------------------------------
