Communication round: 0, Eavesdropper Accuracy: 0.09772727272727273 1 1
Communication round: 1, Eavesdropper Accuracy: 0.09772727272727273 2 1
Communication round: 2, Aggregated Accuracies: 0.16845238095238096 3
Communication round: 2, Eavesdropper Accuracy: 0.15 3 1
Communication round: 3, Aggregated Accuracies: 0.2779761904761905 4
Communication round: 3, Eavesdropper Accuracy: 0.3477272727272727 4 1
Communication round: 4, Aggregated Accuracies: 0.3688095238095238 5
Communication round: 4, Eavesdropper Accuracy: 0.39545454545454545 5 1
Communication round: 5, Eavesdropper Accuracy: 0.4 6 1
Communication round: 6, Aggregated Accuracies: 0.49380952380952375 7
Communication round: 6, Eavesdropper Accuracy: 0.5431818181818182 7 1
Communication round: 7, Aggregated Accuracies: 0.567857142857143 8
Communication round: 7, Eavesdropper Accuracy: 0.6113636363636363 8 1
Communication round: 8, Aggregated Accuracies: 0.6342857142857145 9
Communication round: 8, Eavesdropper Accuracy: 0.6545454545454545 9 1
Communication round: 9, Aggregated Accuracies: 0.6853571428571428 10
Communication round: 9, Eavesdropper Accuracy: 0.7295454545454545 10 1
Communication round: 10, Eavesdropper Accuracy: 0.7136363636363636 11 1
Communication round: 11, Aggregated Accuracies: 0.7403571428571427 12
Communication round: 11, Eavesdropper Accuracy: 0.7568181818181818 12 1
Communication round: 12, Aggregated Accuracies: 0.7720238095238096 13
Communication round: 12, Eavesdropper Accuracy: 0.8204545454545454 13 1
Communication round: 13, Eavesdropper Accuracy: 0.8045454545454546 14 1
Communication round: 14, Eavesdropper Accuracy: 0.8272727272727273 15 1
Communication round: 15, Aggregated Accuracies: 0.7965476190476192 16
Communication round: 15, Eavesdropper Accuracy: 0.8409090909090909 16 1
Communication round: 16, Aggregated Accuracies: 0.8172619047619047 17
Communication round: 16, Eavesdropper Accuracy: 0.8636363636363636 17 1
Communication round: 17, Aggregated Accuracies: 0.839047619047619 18
Communication round: 17, Eavesdropper Accuracy: 0.8772727272727273 18 1
Communication round: 18, Aggregated Accuracies: 0.8555952380952381 19
Communication round: 18, Eavesdropper Accuracy: 0.8636363636363636 19 1
Communication round: 19, Aggregated Accuracies: 0.854642857142857 20
Communication round: 19, Eavesdropper Accuracy: 0.8977272727272727 20 1
Communication round: 20, Aggregated Accuracies: 0.8709523809523809 21
Communication round: 20, Eavesdropper Accuracy: 0.8818181818181818 21 1
Communication round: 21, Aggregated Accuracies: 0.8776190476190475 22
Communication round: 21, Eavesdropper Accuracy: 0.9068181818181819 22 1
Communication round: 22, Eavesdropper Accuracy: 0.9 22 0
Communication round: 23, Eavesdropper Accuracy: 0.8977272727272727 22 0
Communication round: 24, Eavesdropper Accuracy: 0.8977272727272727 22 0
Communication round: 25, Eavesdropper Accuracy: 0.9204545454545454 22 0
Communication round: 26, Eavesdropper Accuracy: 0.8818181818181818 22 0
Communication round: 27, Eavesdropper Accuracy: 0.8909090909090909 22 0
Communication round: 28, Eavesdropper Accuracy: 0.8863636363636364 22 0
Communication round: 29, Eavesdropper Accuracy: 0.9227272727272727 22 0
Communication round: 30, Eavesdropper Accuracy: 0.8931818181818182 22 0
Communication round: 31, Eavesdropper Accuracy: 0.8636363636363636 22 0
Communication round: 32, Eavesdropper Accuracy: 0.8931818181818182 22 0
Communication round: 33, Eavesdropper Accuracy: 0.8886363636363637 22 0
Communication round: 34, Eavesdropper Accuracy: 0.9045454545454545 22 0
Communication round: 35, Eavesdropper Accuracy: 0.8909090909090909 22 0
Communication round: 36, Eavesdropper Accuracy: 0.8863636363636364 22 0
Communication round: 37, Eavesdropper Accuracy: 0.8977272727272727 22 0
Communication round: 38, Eavesdropper Accuracy: 0.8954545454545455 22 0
Communication round: 39, Eavesdropper Accuracy: 0.8954545454545455 22 0
Communication round: 40, Eavesdropper Accuracy: 0.8909090909090909 22 0
Communication round: 41, Eavesdropper Accuracy: 0.8954545454545455 22 0
Communication round: 42, Eavesdropper Accuracy: 0.9 22 0
Communication round: 43, Smart Eavesdropper Accuracy: 0.85 22 0
Communication round: 44, Smart Eavesdropper Accuracy: 0.9204545454545454 22 0
----------------------------------------------------------------------------------------------------
Communication round: 0, Eavesdropper Accuracy: 0.15227272727272728 1 1
Communication round: 1, Eavesdropper Accuracy: 0.14772727272727273 2 1
Communication round: 2, Eavesdropper Accuracy: 0.14545454545454545 3 1
Communication round: 3, Eavesdropper Accuracy: 0.1409090909090909 4 1
Communication round: 4, Eavesdropper Accuracy: 0.13636363636363635 5 1
Communication round: 5, Eavesdropper Accuracy: 0.125 6 1
Communication round: 6, Aggregated Accuracies: 0.20214285714285712 7
Communication round: 6, Eavesdropper Accuracy: 0.21363636363636362 7 1
Communication round: 7, Aggregated Accuracies: 0.3329761904761905 8
Communication round: 7, Eavesdropper Accuracy: 0.3840909090909091 8 1
Communication round: 8, Aggregated Accuracies: 0.44035714285714284 9
Communication round: 8, Eavesdropper Accuracy: 0.5022727272727273 9 1
Communication round: 9, Aggregated Accuracies: 0.5158333333333334 10
Communication round: 9, Eavesdropper Accuracy: 0.5636363636363636 10 1
Communication round: 10, Aggregated Accuracies: 0.5726190476190476 11
Communication round: 10, Eavesdropper Accuracy: 0.6045454545454545 11 1
Communication round: 11, Aggregated Accuracies: 0.6533333333333332 12
Communication round: 11, Eavesdropper Accuracy: 0.6681818181818182 12 1
Communication round: 12, Aggregated Accuracies: 0.6976190476190476 13
Communication round: 12, Eavesdropper Accuracy: 0.7295454545454545 13 1
Communication round: 13, Aggregated Accuracies: 0.7397619047619048 14
Communication round: 13, Eavesdropper Accuracy: 0.7568181818181818 14 1
Communication round: 14, Aggregated Accuracies: 0.7780952380952382 15
Communication round: 14, Eavesdropper Accuracy: 0.7522727272727273 15 1
Communication round: 15, Aggregated Accuracies: 0.7973809523809525 16
Communication round: 15, Eavesdropper Accuracy: 0.7954545454545454 16 1
Communication round: 16, Aggregated Accuracies: 0.8144047619047621 17
Communication round: 16, Eavesdropper Accuracy: 0.8090909090909091 17 1
Communication round: 17, Aggregated Accuracies: 0.8335714285714285 18
Communication round: 17, Eavesdropper Accuracy: 0.8454545454545455 18 1
Communication round: 18, Aggregated Accuracies: 0.8461904761904762 19
Communication round: 18, Eavesdropper Accuracy: 0.8818181818181818 19 1
Communication round: 19, Aggregated Accuracies: 0.8582142857142859 20
Communication round: 19, Eavesdropper Accuracy: 0.8681818181818182 20 1
Communication round: 20, Aggregated Accuracies: 0.8639285714285716 21
Communication round: 20, Eavesdropper Accuracy: 0.8636363636363636 21 1
Communication round: 21, Aggregated Accuracies: 0.8741666666666668 22
Communication round: 21, Eavesdropper Accuracy: 0.9 22 1
Communication round: 22, Eavesdropper Accuracy: 0.8863636363636364 22 0
Communication round: 23, Eavesdropper Accuracy: 0.9 22 0
Communication round: 24, Eavesdropper Accuracy: 0.8909090909090909 22 0
Communication round: 25, Eavesdropper Accuracy: 0.8795454545454545 22 0
Communication round: 26, Eavesdropper Accuracy: 0.8977272727272727 22 0
Communication round: 27, Eavesdropper Accuracy: 0.9045454545454545 22 0
Communication round: 28, Eavesdropper Accuracy: 0.9090909090909091 22 0
Communication round: 29, Eavesdropper Accuracy: 0.8863636363636364 22 0
Communication round: 30, Eavesdropper Accuracy: 0.9022727272727272 22 0
Communication round: 31, Eavesdropper Accuracy: 0.8795454545454545 22 0
Communication round: 32, Eavesdropper Accuracy: 0.8909090909090909 22 0
Communication round: 33, Eavesdropper Accuracy: 0.8954545454545455 22 0
Communication round: 34, Eavesdropper Accuracy: 0.8863636363636364 22 0
Communication round: 35, Eavesdropper Accuracy: 0.8681818181818182 22 0
Communication round: 36, Eavesdropper Accuracy: 0.865909090909091 22 0
Communication round: 37, Eavesdropper Accuracy: 0.8772727272727273 22 0
Communication round: 38, Eavesdropper Accuracy: 0.875 22 0
Communication round: 39, Eavesdropper Accuracy: 0.8772727272727273 22 0
Communication round: 40, Eavesdropper Accuracy: 0.8863636363636364 22 0
Communication round: 41, Eavesdropper Accuracy: 0.8795454545454545 22 0
Communication round: 42, Eavesdropper Accuracy: 0.8681818181818182 22 0
Communication round: 43, Smart Eavesdropper Accuracy: 0.8568181818181818 22 0
Communication round: 44, Smart Eavesdropper Accuracy: 0.865909090909091 22 0
----------------------------------------------------------------------------------------------------
Communication round: 0, Eavesdropper Accuracy: 0.03636363636363636 1 1
Communication round: 1, Eavesdropper Accuracy: 0.04090909090909091 2 1
Communication round: 2, Eavesdropper Accuracy: 0.05454545454545454 3 1
Communication round: 3, Eavesdropper Accuracy: 0.031818181818181815 4 1
Communication round: 4, Eavesdropper Accuracy: 0.056818181818181816 5 1
Communication round: 5, Eavesdropper Accuracy: 0.03409090909090909 6 1
Communication round: 6, Eavesdropper Accuracy: 0.031818181818181815 7 1
Communication round: 7, Eavesdropper Accuracy: 0.025 8 1
Communication round: 8, Aggregated Accuracies: 0.15904761904761905 9
Communication round: 8, Eavesdropper Accuracy: 0.1 9 1
Communication round: 9, Aggregated Accuracies: 0.25285714285714284 10
Communication round: 9, Eavesdropper Accuracy: 0.2340909090909091 10 1
Communication round: 10, Aggregated Accuracies: 0.38428571428571423 11
Communication round: 10, Eavesdropper Accuracy: 0.39545454545454545 11 1
Communication round: 11, Aggregated Accuracies: 0.45476190476190476 12
Communication round: 11, Eavesdropper Accuracy: 0.5227272727272727 12 1
Communication round: 12, Aggregated Accuracies: 0.5642857142857143 13
Communication round: 12, Eavesdropper Accuracy: 0.6545454545454545 13 1
Communication round: 13, Aggregated Accuracies: 0.6519047619047619 14
Communication round: 13, Eavesdropper Accuracy: 0.6568181818181819 14 1
Communication round: 14, Aggregated Accuracies: 0.6998809523809524 15
Communication round: 14, Eavesdropper Accuracy: 0.7431818181818182 15 1
Communication round: 15, Aggregated Accuracies: 0.7467857142857143 16
Communication round: 15, Eavesdropper Accuracy: 0.7568181818181818 16 1
Communication round: 16, Aggregated Accuracies: 0.7841666666666667 17
Communication round: 16, Eavesdropper Accuracy: 0.7795454545454545 17 1
Communication round: 17, Aggregated Accuracies: 0.8080952380952381 18
Communication round: 17, Eavesdropper Accuracy: 0.8340909090909091 18 1
Communication round: 18, Aggregated Accuracies: 0.8344047619047619 19
Communication round: 18, Eavesdropper Accuracy: 0.875 19 1
Communication round: 19, Aggregated Accuracies: 0.846904761904762 20
Communication round: 19, Eavesdropper Accuracy: 0.8681818181818182 20 1
Communication round: 20, Eavesdropper Accuracy: 0.8727272727272727 21 1
Communication round: 21, Aggregated Accuracies: 0.865952380952381 22
Communication round: 21, Eavesdropper Accuracy: 0.875 22 1
Communication round: 22, Eavesdropper Accuracy: 0.8818181818181818 23 1
Communication round: 23, Aggregated Accuracies: 0.8690476190476192 24
Communication round: 23, Eavesdropper Accuracy: 0.8704545454545455 24 1
Communication round: 24, Aggregated Accuracies: 0.8704761904761904 25
Communication round: 24, Eavesdropper Accuracy: 0.8863636363636364 25 1
Communication round: 25, Aggregated Accuracies: 0.8813095238095239 26
Communication round: 25, Eavesdropper Accuracy: 0.9090909090909091 26 1
Communication round: 26, Eavesdropper Accuracy: 0.8727272727272727 26 0
Communication round: 27, Eavesdropper Accuracy: 0.9 26 0
Communication round: 28, Eavesdropper Accuracy: 0.9181818181818182 26 0
Communication round: 29, Eavesdropper Accuracy: 0.8977272727272727 26 0
Communication round: 30, Eavesdropper Accuracy: 0.9022727272727272 26 0
Communication round: 31, Eavesdropper Accuracy: 0.8886363636363637 26 0
Communication round: 32, Eavesdropper Accuracy: 0.8590909090909091 26 0
Communication round: 33, Eavesdropper Accuracy: 0.875 26 0
Communication round: 34, Eavesdropper Accuracy: 0.8886363636363637 26 0
Communication round: 35, Eavesdropper Accuracy: 0.9 26 0
Communication round: 36, Eavesdropper Accuracy: 0.8909090909090909 26 0
Communication round: 37, Eavesdropper Accuracy: 0.9204545454545454 26 0
Communication round: 38, Eavesdropper Accuracy: 0.8909090909090909 26 0
Communication round: 39, Eavesdropper Accuracy: 0.8795454545454545 26 0
Communication round: 40, Eavesdropper Accuracy: 0.8795454545454545 26 0
Communication round: 41, Eavesdropper Accuracy: 0.8931818181818182 26 0
Communication round: 42, Eavesdropper Accuracy: 0.9068181818181819 26 0
Communication round: 43, Eavesdropper Accuracy: 0.8909090909090909 26 0
Communication round: 44, Eavesdropper Accuracy: 0.8795454545454545 26 0
----------------------------------------------------------------------------------------------------
Communication round: 0, Eavesdropper Accuracy: 0.11136363636363636 1 1
Communication round: 1, Eavesdropper Accuracy: 0.12272727272727273 2 1
Communication round: 2, Aggregated Accuracies: 0.140952380952381 3
Communication round: 2, Eavesdropper Accuracy: 0.10909090909090909 3 1
Communication round: 3, Aggregated Accuracies: 0.21928571428571425 4
Communication round: 3, Eavesdropper Accuracy: 0.22045454545454546 4 1
Communication round: 4, Aggregated Accuracies: 0.33119047619047626 5
Communication round: 4, Eavesdropper Accuracy: 0.36818181818181817 5 1
Communication round: 5, Aggregated Accuracies: 0.440952380952381 6
Communication round: 5, Eavesdropper Accuracy: 0.4727272727272727 6 1
Communication round: 6, Aggregated Accuracies: 0.533095238095238 7
Communication round: 6, Eavesdropper Accuracy: 0.5704545454545454 7 1
Communication round: 7, Aggregated Accuracies: 0.5995238095238095 8
Communication round: 7, Eavesdropper Accuracy: 0.6613636363636364 8 1
Communication round: 8, Eavesdropper Accuracy: 0.6363636363636364 9 1
Communication round: 9, Aggregated Accuracies: 0.6479761904761905 10
Communication round: 9, Eavesdropper Accuracy: 0.7 10 1
Communication round: 10, Eavesdropper Accuracy: 0.6863636363636364 11 1
Communication round: 11, Aggregated Accuracies: 0.689642857142857 12
Communication round: 11, Eavesdropper Accuracy: 0.7113636363636363 12 1
Communication round: 12, Eavesdropper Accuracy: 0.7340909090909091 13 1
Communication round: 13, Eavesdropper Accuracy: 0.6954545454545454 14 1
Communication round: 14, Eavesdropper Accuracy: 0.7113636363636363 15 1
Communication round: 15, Eavesdropper Accuracy: 0.7068181818181818 16 1
Communication round: 16, Eavesdropper Accuracy: 0.6840909090909091 17 1
Communication round: 17, Eavesdropper Accuracy: 0.7159090909090909 18 1
Communication round: 18, Eavesdropper Accuracy: 0.7363636363636363 19 1
Communication round: 19, Aggregated Accuracies: 0.7296428571428571 20
Communication round: 19, Eavesdropper Accuracy: 0.7340909090909091 20 1
Communication round: 20, Aggregated Accuracies: 0.7478571428571428 21
Communication round: 20, Eavesdropper Accuracy: 0.7613636363636364 21 1
Communication round: 21, Eavesdropper Accuracy: 0.7795454545454545 22 1
Communication round: 22, Eavesdropper Accuracy: 0.7636363636363637 23 1
Communication round: 23, Aggregated Accuracies: 0.7661904761904761 24
Communication round: 23, Eavesdropper Accuracy: 0.8227272727272728 24 1
Communication round: 24, Eavesdropper Accuracy: 0.7977272727272727 25 1
Communication round: 25, Aggregated Accuracies: 0.7961904761904763 26
Communication round: 25, Eavesdropper Accuracy: 0.8181818181818182 26 1
Communication round: 26, Eavesdropper Accuracy: 0.8136363636363636 27 1
Communication round: 27, Eavesdropper Accuracy: 0.8 28 1
Communication round: 28, Eavesdropper Accuracy: 0.8022727272727272 29 1
Communication round: 29, Eavesdropper Accuracy: 0.8204545454545454 30 1
Communication round: 30, Aggregated Accuracies: 0.8052380952380954 31
Communication round: 30, Eavesdropper Accuracy: 0.7909090909090909 31 1
Communication round: 31, Eavesdropper Accuracy: 0.8318181818181818 32 1
Communication round: 32, Eavesdropper Accuracy: 0.8181818181818182 33 1
Communication round: 33, Eavesdropper Accuracy: 0.8204545454545454 34 1
Communication round: 34, Eavesdropper Accuracy: 0.8022727272727272 35 1
Communication round: 35, Eavesdropper Accuracy: 0.7659090909090909 36 1
Communication round: 36, Eavesdropper Accuracy: 0.85 37 1
Communication round: 37, Aggregated Accuracies: 0.8099999999999999 38
Communication round: 37, Eavesdropper Accuracy: 0.8113636363636364 38 1
Communication round: 38, Eavesdropper Accuracy: 0.8181818181818182 39 1
Communication round: 39, Eavesdropper Accuracy: 0.8136363636363636 40 1
Communication round: 40, Aggregated Accuracies: 0.8313095238095238 41
Communication round: 40, Eavesdropper Accuracy: 0.8363636363636363 41 1
Communication round: 41, Aggregated Accuracies: 0.8377380952380952 42
Communication round: 41, Eavesdropper Accuracy: 0.875 42 1
Communication round: 42, Eavesdropper Accuracy: 0.8704545454545455 42 0
Communication round: 43, Eavesdropper Accuracy: 0.8613636363636363 42 0
Communication round: 44, Eavesdropper Accuracy: 0.8522727272727273 42 0
----------------------------------------------------------------------------------------------------
Communication round: 0, Eavesdropper Accuracy: 0.075 1 1
Communication round: 1, Eavesdropper Accuracy: 0.07954545454545454 2 1
Communication round: 2, Eavesdropper Accuracy: 0.08636363636363636 3 1
Communication round: 3, Aggregated Accuracies: 0.15309523809523812 4
Communication round: 3, Eavesdropper Accuracy: 0.10681818181818181 4 1
Communication round: 4, Eavesdropper Accuracy: 0.1159090909090909 5 1
Communication round: 5, Eavesdropper Accuracy: 0.10909090909090909 6 1
Communication round: 6, Eavesdropper Accuracy: 0.12727272727272726 7 1
Communication round: 7, Eavesdropper Accuracy: 0.1 8 1
Communication round: 8, Eavesdropper Accuracy: 0.10227272727272728 9 1
Communication round: 9, Eavesdropper Accuracy: 0.1 10 1
Communication round: 10, Eavesdropper Accuracy: 0.12272727272727273 11 1
Communication round: 11, Eavesdropper Accuracy: 0.10681818181818181 12 1
Communication round: 12, Eavesdropper Accuracy: 0.10454545454545454 13 1
Communication round: 13, Aggregated Accuracies: 0.21297619047619049 14
Communication round: 13, Eavesdropper Accuracy: 0.16818181818181818 14 1
Communication round: 14, Eavesdropper Accuracy: 0.1590909090909091 15 1
Communication round: 15, Eavesdropper Accuracy: 0.18636363636363637 16 1
Communication round: 16, Eavesdropper Accuracy: 0.21136363636363636 17 1
Communication round: 17, Eavesdropper Accuracy: 0.18863636363636363 18 1
Communication round: 18, Eavesdropper Accuracy: 0.1590909090909091 19 1
Communication round: 19, Aggregated Accuracies: 0.25892857142857145 20
Communication round: 19, Eavesdropper Accuracy: 0.275 20 1
Communication round: 20, Eavesdropper Accuracy: 0.2431818181818182 21 1
Communication round: 21, Eavesdropper Accuracy: 0.23636363636363636 22 1
Communication round: 22, Eavesdropper Accuracy: 0.2727272727272727 23 1
Communication round: 23, Eavesdropper Accuracy: 0.2727272727272727 24 1
Communication round: 24, Eavesdropper Accuracy: 0.24545454545454545 25 1
Communication round: 25, Eavesdropper Accuracy: 0.27954545454545454 26 1
Communication round: 26, Eavesdropper Accuracy: 0.2636363636363636 27 1
Communication round: 27, Aggregated Accuracies: 0.3644047619047619 28
Communication round: 27, Eavesdropper Accuracy: 0.3977272727272727 28 1
Communication round: 28, Eavesdropper Accuracy: 0.40454545454545454 29 1
Communication round: 29, Eavesdropper Accuracy: 0.3840909090909091 30 1
Communication round: 30, Eavesdropper Accuracy: 0.3795454545454545 31 1
Communication round: 31, Aggregated Accuracies: 0.45011904761904775 32
Communication round: 31, Eavesdropper Accuracy: 0.5113636363636364 32 1
Communication round: 32, Eavesdropper Accuracy: 0.4954545454545455 33 1
Communication round: 33, Aggregated Accuracies: 0.5398809523809525 34
Communication round: 33, Eavesdropper Accuracy: 0.5886363636363636 34 1
Communication round: 34, Aggregated Accuracies: 0.5971428571428572 35
Communication round: 34, Eavesdropper Accuracy: 0.6272727272727273 35 1
Communication round: 35, Aggregated Accuracies: 0.6423809523809524 36
Communication round: 35, Eavesdropper Accuracy: 0.6909090909090909 36 1
Communication round: 36, Eavesdropper Accuracy: 0.6613636363636364 37 1
Communication round: 37, Eavesdropper Accuracy: 0.6727272727272727 38 1
Communication round: 38, Eavesdropper Accuracy: 0.6886363636363636 39 1
Communication round: 39, Eavesdropper Accuracy: 0.6409090909090909 40 1
Communication round: 40, Eavesdropper Accuracy: 0.6295454545454545 41 1
Communication round: 41, Aggregated Accuracies: 0.6919047619047619 42
Communication round: 41, Eavesdropper Accuracy: 0.7227272727272728 42 1
Communication round: 42, Eavesdropper Accuracy: 0.7113636363636363 43 1
Communication round: 43, Eavesdropper Accuracy: 0.7613636363636364 44 1
Communication round: 44, Eavesdropper Accuracy: 0.7181818181818181 45 1
----------------------------------------------------------------------------------------------------
Communication round: 0, Eavesdropper Accuracy: 0.1 1 1
Communication round: 1, Eavesdropper Accuracy: 0.11363636363636363 2 1
Communication round: 2, Eavesdropper Accuracy: 0.10681818181818181 3 1
Communication round: 3, Eavesdropper Accuracy: 0.1 4 1
Communication round: 4, Eavesdropper Accuracy: 0.11818181818181818 5 1
Communication round: 5, Eavesdropper Accuracy: 0.1159090909090909 6 1
Communication round: 6, Eavesdropper Accuracy: 0.1 7 1
Communication round: 7, Aggregated Accuracies: 0.15535714285714283 8
Communication round: 7, Eavesdropper Accuracy: 0.16590909090909092 8 1
Communication round: 8, Eavesdropper Accuracy: 0.11818181818181818 9 1
Communication round: 9, Eavesdropper Accuracy: 0.14772727272727273 10 1
Communication round: 10, Eavesdropper Accuracy: 0.11363636363636363 11 1
Communication round: 11, Eavesdropper Accuracy: 0.125 12 1
Communication round: 12, Eavesdropper Accuracy: 0.14772727272727273 13 1
Communication round: 13, Eavesdropper Accuracy: 0.12272727272727273 14 1
Communication round: 14, Eavesdropper Accuracy: 0.1318181818181818 15 1
Communication round: 15, Eavesdropper Accuracy: 0.13863636363636364 16 1
Communication round: 16, Eavesdropper Accuracy: 0.12727272727272726 17 1
Communication round: 17, Eavesdropper Accuracy: 0.15454545454545454 18 1
Communication round: 18, Eavesdropper Accuracy: 0.1409090909090909 19 1
Communication round: 19, Eavesdropper Accuracy: 0.1340909090909091 20 1
Communication round: 20, Aggregated Accuracies: 0.21416666666666667 21
Communication round: 20, Eavesdropper Accuracy: 0.22045454545454546 21 1
Communication round: 21, Aggregated Accuracies: 0.3216666666666667 22
Communication round: 21, Eavesdropper Accuracy: 0.3613636363636364 22 1
Communication round: 22, Eavesdropper Accuracy: 0.32045454545454544 23 1
Communication round: 23, Aggregated Accuracies: 0.4094047619047618 24
Communication round: 23, Eavesdropper Accuracy: 0.38636363636363635 24 1
Communication round: 24, Eavesdropper Accuracy: 0.45227272727272727 25 1
Communication round: 25, Eavesdropper Accuracy: 0.4636363636363636 26 1
Communication round: 26, Eavesdropper Accuracy: 0.37727272727272726 27 1
Communication round: 27, Eavesdropper Accuracy: 0.43863636363636366 28 1
Communication round: 28, Eavesdropper Accuracy: 0.40454545454545454 29 1
Communication round: 29, Eavesdropper Accuracy: 0.39090909090909093 30 1
Communication round: 30, Eavesdropper Accuracy: 0.4090909090909091 31 1
Communication round: 31, Eavesdropper Accuracy: 0.42954545454545456 32 1
Communication round: 32, Eavesdropper Accuracy: 0.42272727272727273 33 1
Communication round: 33, Aggregated Accuracies: 0.5007142857142856 34
Communication round: 33, Eavesdropper Accuracy: 0.5568181818181818 34 1
Communication round: 34, Eavesdropper Accuracy: 0.5431818181818182 35 1
Communication round: 35, Aggregated Accuracies: 0.6077380952380951 36
Communication round: 35, Eavesdropper Accuracy: 0.6068181818181818 36 1
Communication round: 36, Aggregated Accuracies: 0.6722619047619046 37
Communication round: 36, Eavesdropper Accuracy: 0.7022727272727273 37 1
Communication round: 37, Aggregated Accuracies: 0.729285714285714 38
Communication round: 37, Eavesdropper Accuracy: 0.7795454545454545 38 1
Communication round: 38, Aggregated Accuracies: 0.7729761904761906 39
Communication round: 38, Eavesdropper Accuracy: 0.8022727272727272 39 1
Communication round: 39, Aggregated Accuracies: 0.7979761904761906 40
Communication round: 39, Eavesdropper Accuracy: 0.8159090909090909 40 1
Communication round: 40, Eavesdropper Accuracy: 0.7954545454545454 41 1
Communication round: 41, Eavesdropper Accuracy: 0.8022727272727272 42 1
Communication round: 42, Aggregated Accuracies: 0.8222619047619049 43
Communication round: 42, Eavesdropper Accuracy: 0.8295454545454546 43 1
Communication round: 43, Eavesdropper Accuracy: 0.8613636363636363 44 1
Communication round: 44, Eavesdropper Accuracy: 0.8295454545454546 45 1
----------------------------------------------------------------------------------------------------
Communication round: 0, Eavesdropper Accuracy: 0.03636363636363636 1 1
Communication round: 1, Eavesdropper Accuracy: 0.04318181818181818 2 1
Communication round: 2, Eavesdropper Accuracy: 0.03636363636363636 3 1
Communication round: 3, Eavesdropper Accuracy: 0.031818181818181815 4 1
Communication round: 4, Eavesdropper Accuracy: 0.04318181818181818 5 1
Communication round: 5, Eavesdropper Accuracy: 0.04318181818181818 6 1
Communication round: 6, Eavesdropper Accuracy: 0.04772727272727273 7 1
Communication round: 7, Aggregated Accuracies: 0.11083333333333331 8
Communication round: 7, Eavesdropper Accuracy: 0.09545454545454546 8 1
Communication round: 8, Aggregated Accuracies: 0.2001190476190476 9
Communication round: 8, Eavesdropper Accuracy: 0.17727272727272728 9 1
Communication round: 9, Eavesdropper Accuracy: 0.2 10 1
Communication round: 10, Aggregated Accuracies: 0.2839285714285714 11
Communication round: 10, Eavesdropper Accuracy: 0.29772727272727273 11 1
Communication round: 11, Aggregated Accuracies: 0.3584523809523809 12
Communication round: 11, Eavesdropper Accuracy: 0.35 12 1
Communication round: 12, Eavesdropper Accuracy: 0.36818181818181817 13 1
Communication round: 13, Aggregated Accuracies: 0.485 14
Communication round: 13, Eavesdropper Accuracy: 0.4954545454545455 14 1
Communication round: 14, Aggregated Accuracies: 0.5797619047619049 15
Communication round: 14, Eavesdropper Accuracy: 0.5659090909090909 15 1
Communication round: 15, Aggregated Accuracies: 0.6285714285714286 16
Communication round: 15, Eavesdropper Accuracy: 0.6454545454545455 16 1
Communication round: 16, Aggregated Accuracies: 0.6797619047619048 17
Communication round: 16, Eavesdropper Accuracy: 0.6909090909090909 17 1
Communication round: 17, Eavesdropper Accuracy: 0.6659090909090909 18 1
Communication round: 18, Aggregated Accuracies: 0.7225 19
Communication round: 18, Eavesdropper Accuracy: 0.7363636363636363 19 1
Communication round: 19, Eavesdropper Accuracy: 0.7318181818181818 20 1
Communication round: 20, Eavesdropper Accuracy: 0.725 21 1
Communication round: 21, Eavesdropper Accuracy: 0.7613636363636364 22 1
Communication round: 22, Aggregated Accuracies: 0.7458333333333333 23
Communication round: 22, Eavesdropper Accuracy: 0.7522727272727273 23 1
Communication round: 23, Eavesdropper Accuracy: 0.7840909090909091 24 1
Communication round: 24, Eavesdropper Accuracy: 0.7772727272727272 25 1
Communication round: 25, Eavesdropper Accuracy: 0.7318181818181818 26 1
Communication round: 26, Aggregated Accuracies: 0.7703571428571427 27
Communication round: 26, Eavesdropper Accuracy: 0.7636363636363637 27 1
Communication round: 27, Aggregated Accuracies: 0.785357142857143 28
Communication round: 27, Eavesdropper Accuracy: 0.7931818181818182 28 1
Communication round: 28, Eavesdropper Accuracy: 0.7977272727272727 29 1
Communication round: 29, Eavesdropper Accuracy: 0.7772727272727272 30 1
Communication round: 30, Aggregated Accuracies: 0.8077380952380953 31
Communication round: 30, Eavesdropper Accuracy: 0.8318181818181818 31 1
Communication round: 31, Aggregated Accuracies: 0.8254761904761907 32
Communication round: 31, Eavesdropper Accuracy: 0.8340909090909091 32 1
Communication round: 32, Eavesdropper Accuracy: 0.8454545454545455 33 1
Communication round: 33, Aggregated Accuracies: 0.8286904761904763 34
Communication round: 33, Eavesdropper Accuracy: 0.8454545454545455 34 1
Communication round: 34, Eavesdropper Accuracy: 0.8636363636363636 35 1
Communication round: 35, Eavesdropper Accuracy: 0.8477272727272728 36 1
Communication round: 36, Eavesdropper Accuracy: 0.8386363636363636 37 1
Communication round: 37, Aggregated Accuracies: 0.839047619047619 38
Communication round: 37, Eavesdropper Accuracy: 0.8522727272727273 38 1
Communication round: 38, Eavesdropper Accuracy: 0.8409090909090909 38 0
Communication round: 39, Eavesdropper Accuracy: 0.8909090909090909 38 0
Communication round: 40, Eavesdropper Accuracy: 0.8409090909090909 38 0
Communication round: 41, Eavesdropper Accuracy: 0.8704545454545455 38 0
Communication round: 42, Eavesdropper Accuracy: 0.8454545454545455 38 0
Communication round: 43, Eavesdropper Accuracy: 0.85 38 0
Communication round: 44, Eavesdropper Accuracy: 0.865909090909091 38 0
----------------------------------------------------------------------------------------------------
Communication round: 0, Eavesdropper Accuracy: 0.07954545454545454 1 1
Communication round: 1, Eavesdropper Accuracy: 0.09318181818181819 2 1
Communication round: 2, Eavesdropper Accuracy: 0.09318181818181819 3 1
Communication round: 3, Eavesdropper Accuracy: 0.07272727272727272 4 1
Communication round: 4, Eavesdropper Accuracy: 0.11818181818181818 5 1
Communication round: 5, Eavesdropper Accuracy: 0.09090909090909091 6 1
Communication round: 6, Eavesdropper Accuracy: 0.08181818181818182 7 1
Communication round: 7, Eavesdropper Accuracy: 0.09545454545454546 8 1
Communication round: 8, Eavesdropper Accuracy: 0.10227272727272728 9 1
Communication round: 9, Eavesdropper Accuracy: 0.08863636363636364 10 1
Communication round: 10, Eavesdropper Accuracy: 0.08636363636363636 11 1
Communication round: 11, Eavesdropper Accuracy: 0.08636363636363636 12 1
Communication round: 12, Eavesdropper Accuracy: 0.0659090909090909 13 1
Communication round: 13, Eavesdropper Accuracy: 0.07045454545454545 14 1
Communication round: 14, Aggregated Accuracies: 0.13285714285714287 15
Communication round: 14, Eavesdropper Accuracy: 0.125 15 1
Communication round: 15, Aggregated Accuracies: 0.18869047619047616 16
Communication round: 15, Eavesdropper Accuracy: 0.13863636363636364 16 1
Communication round: 16, Eavesdropper Accuracy: 0.16363636363636364 17 1
Communication round: 17, Eavesdropper Accuracy: 0.18409090909090908 18 1
Communication round: 18, Eavesdropper Accuracy: 0.16818181818181818 19 1
Communication round: 19, Eavesdropper Accuracy: 0.175 20 1
Communication round: 20, Aggregated Accuracies: 0.27940476190476193 21
Communication round: 20, Eavesdropper Accuracy: 0.26590909090909093 21 1
Communication round: 21, Aggregated Accuracies: 0.4435714285714286 22
Communication round: 21, Eavesdropper Accuracy: 0.5113636363636364 22 1
Communication round: 22, Aggregated Accuracies: 0.5448809523809524 23
Communication round: 22, Eavesdropper Accuracy: 0.5931818181818181 23 1
Communication round: 23, Aggregated Accuracies: 0.6382142857142857 24
Communication round: 23, Eavesdropper Accuracy: 0.6659090909090909 24 1
Communication round: 24, Aggregated Accuracies: 0.7117857142857142 25
Communication round: 24, Eavesdropper Accuracy: 0.7431818181818182 25 1
Communication round: 25, Aggregated Accuracies: 0.758452380952381 26
Communication round: 25, Eavesdropper Accuracy: 0.7818181818181819 26 1
Communication round: 26, Aggregated Accuracies: 0.7804761904761907 27
Communication round: 26, Eavesdropper Accuracy: 0.8181818181818182 27 1
Communication round: 27, Aggregated Accuracies: 0.808452380952381 28
Communication round: 27, Eavesdropper Accuracy: 0.8340909090909091 28 1
Communication round: 28, Eavesdropper Accuracy: 0.7840909090909091 29 1
Communication round: 29, Eavesdropper Accuracy: 0.8181818181818182 30 1
Communication round: 30, Aggregated Accuracies: 0.8298809523809524 31
Communication round: 30, Eavesdropper Accuracy: 0.8340909090909091 31 1
Communication round: 31, Aggregated Accuracies: 0.8315476190476193 32
Communication round: 31, Eavesdropper Accuracy: 0.8363636363636363 32 1
Communication round: 32, Eavesdropper Accuracy: 0.8545454545454545 33 1
Communication round: 33, Eavesdropper Accuracy: 0.8477272727272728 34 1
Communication round: 34, Eavesdropper Accuracy: 0.8409090909090909 35 1
Communication round: 35, Eavesdropper Accuracy: 0.8363636363636363 36 1
Communication round: 36, Eavesdropper Accuracy: 0.8613636363636363 37 1
Communication round: 37, Eavesdropper Accuracy: 0.8568181818181818 38 1
Communication round: 38, Aggregated Accuracies: 0.8446428571428571 39
Communication round: 38, Eavesdropper Accuracy: 0.8431818181818181 39 1
Communication round: 39, Aggregated Accuracies: 0.8514285714285714 40
Communication round: 39, Eavesdropper Accuracy: 0.8204545454545454 40 1
Communication round: 40, Aggregated Accuracies: 0.8632142857142858 41
Communication round: 40, Eavesdropper Accuracy: 0.8795454545454545 41 1
Communication round: 41, Eavesdropper Accuracy: 0.8863636363636364 42 1
Communication round: 42, Aggregated Accuracies: 0.874642857142857 43
Communication round: 42, Eavesdropper Accuracy: 0.8704545454545455 43 1
Communication round: 43, Eavesdropper Accuracy: 0.8818181818181818 43 0
Communication round: 44, Eavesdropper Accuracy: 0.8931818181818182 43 0
----------------------------------------------------------------------------------------------------
Communication round: 0, Eavesdropper Accuracy: 0.038636363636363635 1 1
Communication round: 1, Eavesdropper Accuracy: 0.031818181818181815 2 1
Communication round: 2, Eavesdropper Accuracy: 0.025 3 1
Communication round: 3, Eavesdropper Accuracy: 0.029545454545454545 4 1
Communication round: 4, Eavesdropper Accuracy: 0.025 5 1
Communication round: 5, Eavesdropper Accuracy: 0.031818181818181815 6 1
Communication round: 6, Eavesdropper Accuracy: 0.03636363636363636 7 1
Communication round: 7, Eavesdropper Accuracy: 0.02727272727272727 8 1
Communication round: 8, Eavesdropper Accuracy: 0.03409090909090909 9 1
Communication round: 9, Eavesdropper Accuracy: 0.020454545454545454 10 1
Communication round: 10, Eavesdropper Accuracy: 0.025 11 1
Communication round: 11, Eavesdropper Accuracy: 0.022727272727272728 12 1
Communication round: 12, Eavesdropper Accuracy: 0.02727272727272727 13 1
Communication round: 13, Eavesdropper Accuracy: 0.03409090909090909 14 1
Communication round: 14, Eavesdropper Accuracy: 0.03636363636363636 15 1
Communication round: 15, Eavesdropper Accuracy: 0.04090909090909091 16 1
Communication round: 16, Eavesdropper Accuracy: 0.029545454545454545 17 1
Communication round: 17, Eavesdropper Accuracy: 0.045454545454545456 18 1
Communication round: 18, Aggregated Accuracies: 0.17047619047619045 19
Communication round: 18, Eavesdropper Accuracy: 0.2 19 1
Communication round: 19, Aggregated Accuracies: 0.25119047619047624 20
Communication round: 19, Eavesdropper Accuracy: 0.27045454545454545 20 1
Communication round: 20, Eavesdropper Accuracy: 0.25227272727272726 21 1
Communication round: 21, Eavesdropper Accuracy: 0.2727272727272727 22 1
Communication round: 22, Eavesdropper Accuracy: 0.2590909090909091 23 1
Communication round: 23, Eavesdropper Accuracy: 0.2727272727272727 24 1
Communication round: 24, Eavesdropper Accuracy: 0.26590909090909093 25 1
Communication round: 25, Eavesdropper Accuracy: 0.28863636363636364 26 1
Communication round: 26, Eavesdropper Accuracy: 0.29545454545454547 27 1
Communication round: 27, Eavesdropper Accuracy: 0.26590909090909093 28 1
Communication round: 28, Eavesdropper Accuracy: 0.25 29 1
Communication round: 29, Eavesdropper Accuracy: 0.2681818181818182 30 1
Communication round: 30, Eavesdropper Accuracy: 0.29545454545454547 31 1
Communication round: 31, Eavesdropper Accuracy: 0.27045454545454545 32 1
Communication round: 32, Eavesdropper Accuracy: 0.2840909090909091 33 1
Communication round: 33, Eavesdropper Accuracy: 0.2318181818181818 34 1
Communication round: 34, Eavesdropper Accuracy: 0.2727272727272727 35 1
Communication round: 35, Eavesdropper Accuracy: 0.2863636363636364 36 1
Communication round: 36, Eavesdropper Accuracy: 0.2863636363636364 37 1
Communication round: 37, Aggregated Accuracies: 0.3058333333333333 38
Communication round: 37, Eavesdropper Accuracy: 0.33181818181818185 38 1
Communication round: 38, Eavesdropper Accuracy: 0.32272727272727275 39 1
Communication round: 39, Eavesdropper Accuracy: 0.325 40 1
Communication round: 40, Eavesdropper Accuracy: 0.33181818181818185 41 1
Communication round: 41, Eavesdropper Accuracy: 0.32272727272727275 42 1
Communication round: 42, Eavesdropper Accuracy: 0.31136363636363634 43 1
Communication round: 43, Eavesdropper Accuracy: 0.3068181818181818 44 1
Communication round: 44, Eavesdropper Accuracy: 0.35 45 1
----------------------------------------------------------------------------------------------------
Communication round: 0, Eavesdropper Accuracy: 0.07045454545454545 1 1
Communication round: 1, Eavesdropper Accuracy: 0.06136363636363636 2 1
Communication round: 2, Eavesdropper Accuracy: 0.06363636363636363 3 1
Communication round: 3, Eavesdropper Accuracy: 0.05454545454545454 4 1
Communication round: 4, Aggregated Accuracies: 0.10654761904761904 5
Communication round: 4, Eavesdropper Accuracy: 0.08409090909090909 5 1
Communication round: 5, Aggregated Accuracies: 0.18464285714285714 6
Communication round: 5, Eavesdropper Accuracy: 0.23863636363636365 6 1
Communication round: 6, Aggregated Accuracies: 0.30238095238095236 7
Communication round: 6, Eavesdropper Accuracy: 0.3522727272727273 7 1
Communication round: 7, Aggregated Accuracies: 0.42107142857142865 8
Communication round: 7, Eavesdropper Accuracy: 0.475 8 1
Communication round: 8, Aggregated Accuracies: 0.5200000000000001 9
Communication round: 8, Eavesdropper Accuracy: 0.5613636363636364 9 1
Communication round: 9, Aggregated Accuracies: 0.6067857142857143 10
Communication round: 9, Eavesdropper Accuracy: 0.6818181818181818 10 1
Communication round: 10, Aggregated Accuracies: 0.6758333333333334 11
Communication round: 10, Eavesdropper Accuracy: 0.7090909090909091 11 1
Communication round: 11, Aggregated Accuracies: 0.7177380952380952 12
Communication round: 11, Eavesdropper Accuracy: 0.75 12 1
Communication round: 12, Aggregated Accuracies: 0.7548809523809524 13
Communication round: 12, Eavesdropper Accuracy: 0.7636363636363637 13 1
Communication round: 13, Eavesdropper Accuracy: 0.7886363636363637 14 1
Communication round: 14, Aggregated Accuracies: 0.7816666666666668 15
Communication round: 14, Eavesdropper Accuracy: 0.7954545454545454 15 1
Communication round: 15, Eavesdropper Accuracy: 0.8 16 1
Communication round: 16, Eavesdropper Accuracy: 0.8 17 1
Communication round: 17, Eavesdropper Accuracy: 0.7704545454545455 18 1
Communication round: 18, Eavesdropper Accuracy: 0.7954545454545454 19 1
Communication round: 19, Eavesdropper Accuracy: 0.8090909090909091 20 1
Communication round: 20, Eavesdropper Accuracy: 0.7977272727272727 21 1
Communication round: 21, Eavesdropper Accuracy: 0.7840909090909091 22 1
Communication round: 22, Eavesdropper Accuracy: 0.8022727272727272 23 1
Communication round: 23, Eavesdropper Accuracy: 0.8113636363636364 24 1
Communication round: 24, Eavesdropper Accuracy: 0.7909090909090909 25 1
Communication round: 25, Aggregated Accuracies: 0.7978571428571429 26
Communication round: 25, Eavesdropper Accuracy: 0.8204545454545454 26 1
Communication round: 26, Aggregated Accuracies: 0.819404761904762 27
Communication round: 26, Eavesdropper Accuracy: 0.8159090909090909 27 1
Communication round: 27, Eavesdropper Accuracy: 0.8295454545454546 28 1
Communication round: 28, Eavesdropper Accuracy: 0.8227272727272728 29 1
Communication round: 29, Aggregated Accuracies: 0.839047619047619 30
Communication round: 29, Eavesdropper Accuracy: 0.8522727272727273 30 1
Communication round: 30, Eavesdropper Accuracy: 0.8363636363636363 31 1
Communication round: 31, Aggregated Accuracies: 0.8472619047619047 32
Communication round: 31, Eavesdropper Accuracy: 0.875 32 1
Communication round: 32, Aggregated Accuracies: 0.8463095238095238 33
Communication round: 32, Eavesdropper Accuracy: 0.8636363636363636 33 1
Communication round: 33, Aggregated Accuracies: 0.863452380952381 34
Communication round: 33, Eavesdropper Accuracy: 0.8704545454545455 34 1
Communication round: 34, Eavesdropper Accuracy: 0.884090909090909 34 0
Communication round: 35, Eavesdropper Accuracy: 0.8818181818181818 34 0
Communication round: 36, Eavesdropper Accuracy: 0.8704545454545455 34 0
Communication round: 37, Eavesdropper Accuracy: 0.8590909090909091 34 0
Communication round: 38, Eavesdropper Accuracy: 0.8727272727272727 34 0
Communication round: 39, Eavesdropper Accuracy: 0.8931818181818182 34 0
Communication round: 40, Eavesdropper Accuracy: 0.884090909090909 34 0
Communication round: 41, Eavesdropper Accuracy: 0.8681818181818182 34 0
Communication round: 42, Eavesdropper Accuracy: 0.8636363636363636 34 0
Communication round: 43, Eavesdropper Accuracy: 0.9 34 0
Communication round: 44, Eavesdropper Accuracy: 0.8954545454545455 34 0
----------------------------------------------------------------------------------------------------
