Communication round: 0, Eavesdropper Accuracy: 0.09090909090909091 1 1
Communication round: 1, Eavesdropper Accuracy: 0.1 2 1
Communication round: 2, Aggregated Accuracies: 0.1871428571428571 3
Communication round: 2, Eavesdropper Accuracy: 0.2 3 1
Communication round: 3, Eavesdropper Accuracy: 0.19545454545454546 3 0
Communication round: 4, Eavesdropper Accuracy: 0.1590909090909091 4 1
Communication round: 5, Aggregated Accuracies: 0.2566666666666667 5
Communication round: 5, Eavesdropper Accuracy: 0.3159090909090909 5 1
Communication round: 6, Aggregated Accuracies: 0.3495238095238095 6
Communication round: 6, Eavesdropper Accuracy: 0.42045454545454547 6 1
Communication round: 7, Eavesdropper Accuracy: 0.4068181818181818 7 1
Communication round: 8, Eavesdropper Accuracy: 0.4 8 1
Communication round: 9, Eavesdropper Accuracy: 0.42272727272727273 9 1
Communication round: 10, Eavesdropper Accuracy: 0.42954545454545456 10 1
Communication round: 11, Aggregated Accuracies: 0.4404761904761905 11
Communication round: 11, Eavesdropper Accuracy: 0.4727272727272727 11 1
Communication round: 12, Aggregated Accuracies: 0.5096428571428572 12
Communication round: 12, Eavesdropper Accuracy: 0.5818181818181818 12 1
Communication round: 13, Eavesdropper Accuracy: 0.5545454545454546 12 0
Communication round: 14, Eavesdropper Accuracy: 0.5340909090909091 13 1
Communication round: 15, Eavesdropper Accuracy: 0.5386363636363637 14 1
Communication round: 16, Eavesdropper Accuracy: 0.5159090909090909 15 1
Communication round: 17, Aggregated Accuracies: 0.5686904761904762 16
Communication round: 17, Eavesdropper Accuracy: 0.5931818181818181 16 1
Communication round: 18, Eavesdropper Accuracy: 0.6113636363636363 17 1
Communication round: 19, Eavesdropper Accuracy: 0.5818181818181818 18 1
Communication round: 20, Eavesdropper Accuracy: 0.5886363636363636 18 0
Communication round: 21, Eavesdropper Accuracy: 0.5840909090909091 18 0
Communication round: 22, Eavesdropper Accuracy: 0.5931818181818181 19 1
Communication round: 23, Eavesdropper Accuracy: 0.5909090909090909 20 1
Communication round: 24, Eavesdropper Accuracy: 0.5818181818181818 21 1
Communication round: 25, Eavesdropper Accuracy: 0.5909090909090909 22 1
Communication round: 26, Eavesdropper Accuracy: 0.5659090909090909 23 1
Communication round: 27, Eavesdropper Accuracy: 0.6295454545454545 24 1
Communication round: 28, Eavesdropper Accuracy: 0.5454545454545454 24 0
Communication round: 29, Eavesdropper Accuracy: 0.6204545454545455 24 0
Communication round: 30, Eavesdropper Accuracy: 0.6272727272727273 24 0
Communication round: 31, Eavesdropper Accuracy: 0.575 25 1
Communication round: 32, Eavesdropper Accuracy: 0.6318181818181818 25 0
Communication round: 33, Aggregated Accuracies: 0.6180952380952381 26
Communication round: 33, Eavesdropper Accuracy: 0.6363636363636364 26 1
Communication round: 34, Aggregated Accuracies: 0.6732142857142855 27
Communication round: 34, Eavesdropper Accuracy: 0.7363636363636363 27 1
Communication round: 35, Aggregated Accuracies: 0.7303571428571427 28
Communication round: 35, Eavesdropper Accuracy: 0.7568181818181818 28 1
Communication round: 36, Aggregated Accuracies: 0.7730952380952381 29
Communication round: 36, Eavesdropper Accuracy: 0.8181818181818182 29 1
Communication round: 37, Eavesdropper Accuracy: 0.7931818181818182 29 0
Communication round: 38, Aggregated Accuracies: 0.7883333333333334 30
Communication round: 38, Eavesdropper Accuracy: 0.8204545454545454 30 1
Communication round: 39, Eavesdropper Accuracy: 0.8204545454545454 30 0
Communication round: 40, Aggregated Accuracies: 0.8111904761904765 31
Communication round: 40, Eavesdropper Accuracy: 0.8272727272727273 31 1
Communication round: 41, Aggregated Accuracies: 0.8319047619047618 32
Communication round: 41, Eavesdropper Accuracy: 0.8409090909090909 32 1
Communication round: 42, Aggregated Accuracies: 0.8470238095238095 33
Communication round: 42, Eavesdropper Accuracy: 0.8772727272727273 33 1
Communication round: 43, Aggregated Accuracies: 0.8609523809523809 34
Communication round: 43, Eavesdropper Accuracy: 0.8795454545454545 34 1
Communication round: 44, Aggregated Accuracies: 0.8692857142857143 35
Communication round: 44, Eavesdropper Accuracy: 0.8886363636363637 35 1
Communication round: 45, Aggregated Accuracies: 0.8776190476190477 36
Communication round: 45, Eavesdropper Accuracy: 0.8931818181818182 36 1
Communication round: 46, Aggregated Accuracies: 0.8860714285714287 37
Communication round: 46, Eavesdropper Accuracy: 0.8863636363636364 37 1
Communication round: 47, Aggregated Accuracies: 0.8876190476190475 38
Communication round: 47, Eavesdropper Accuracy: 0.9113636363636364 38 1
Communication round: 48, Aggregated Accuracies: 0.8924999999999998 39
Communication round: 48, Eavesdropper Accuracy: 0.925 39 1
Communication round: 49, Aggregated Accuracies: 0.9005952380952381 40
Communication round: 49, Eavesdropper Accuracy: 0.9204545454545454 40 1
Communication round: 50, Aggregated Accuracies: 0.8996428571428572 41
Communication round: 50, Eavesdropper Accuracy: 0.9136363636363637 41 1
Communication round: 51, Aggregated Accuracies: 0.9063095238095238 42
Communication round: 51, Eavesdropper Accuracy: 0.925 42 1
Communication round: 52, Aggregated Accuracies: 0.9057142857142855 43
Communication round: 52, Eavesdropper Accuracy: 0.9 43 1
Communication round: 53, Aggregated Accuracies: 0.9132142857142858 44
Communication round: 53, Eavesdropper Accuracy: 0.9318181818181818 44 1
Communication round: 54, Aggregated Accuracies: 0.9127380952380953 45
Communication round: 54, Eavesdropper Accuracy: 0.9409090909090909 45 1
Communication round: 55, Aggregated Accuracies: 0.919047619047619 46
Communication round: 55, Eavesdropper Accuracy: 0.9545454545454546 46 1
Communication round: 56, Aggregated Accuracies: 0.918809523809524 47
Communication round: 56, Eavesdropper Accuracy: 0.9386363636363636 47 1
Communication round: 57, Aggregated Accuracies: 0.9260714285714284 48
Communication round: 57, Eavesdropper Accuracy: 0.925 48 1
Communication round: 58, Eavesdropper Accuracy: 0.9227272727272727 48 0
Communication round: 59, Eavesdropper Accuracy: 0.95 48 0
Communication round: 60, Eavesdropper Accuracy: 0.9204545454545454 48 0
Communication round: 61, Eavesdropper Accuracy: 0.9295454545454546 48 0
Communication round: 62, Eavesdropper Accuracy: 0.9159090909090909 48 0
Communication round: 63, Eavesdropper Accuracy: 0.9318181818181818 48 0
Communication round: 64, Eavesdropper Accuracy: 0.9340909090909091 48 0
Communication round: 65, Eavesdropper Accuracy: 0.95 48 0
Communication round: 66, Eavesdropper Accuracy: 0.9545454545454546 48 0
Communication round: 67, Eavesdropper Accuracy: 0.9340909090909091 48 0
Communication round: 68, Eavesdropper Accuracy: 0.9340909090909091 48 0
Communication round: 69, Eavesdropper Accuracy: 0.9295454545454546 48 0
Communication round: 70, Eavesdropper Accuracy: 0.9363636363636364 48 0
Communication round: 71, Eavesdropper Accuracy: 0.9409090909090909 48 0
Communication round: 72, Eavesdropper Accuracy: 0.9204545454545454 48 0
Communication round: 73, Eavesdropper Accuracy: 0.9181818181818182 48 0
Communication round: 74, Eavesdropper Accuracy: 0.9431818181818182 48 0
Communication round: 75, Eavesdropper Accuracy: 0.9295454545454546 48 0
Communication round: 76, Eavesdropper Accuracy: 0.9272727272727272 48 0
Communication round: 77, Eavesdropper Accuracy: 0.9363636363636364 48 0
Communication round: 78, Eavesdropper Accuracy: 0.9431818181818182 48 0
Communication round: 79, Eavesdropper Accuracy: 0.9477272727272728 48 0
Communication round: 80, Eavesdropper Accuracy: 0.9454545454545454 48 0
Communication round: 81, Eavesdropper Accuracy: 0.9295454545454546 48 0
Communication round: 82, Eavesdropper Accuracy: 0.9386363636363636 48 0
Communication round: 83, Eavesdropper Accuracy: 0.9272727272727272 48 0
Communication round: 84, Eavesdropper Accuracy: 0.9272727272727272 48 0
Communication round: 85, Eavesdropper Accuracy: 0.9409090909090909 48 0
Communication round: 86, Eavesdropper Accuracy: 0.9545454545454546 48 0
Communication round: 87, Eavesdropper Accuracy: 0.925 48 0
Communication round: 88, Eavesdropper Accuracy: 0.9386363636363636 48 0
Communication round: 89, Eavesdropper Accuracy: 0.9522727272727273 48 0
Communication round: 90, Eavesdropper Accuracy: 0.925 48 0
Communication round: 91, Eavesdropper Accuracy: 0.9363636363636364 48 0
Communication round: 92, Eavesdropper Accuracy: 0.9340909090909091 48 0
Communication round: 93, Eavesdropper Accuracy: 0.9318181818181818 48 0
Communication round: 94, Eavesdropper Accuracy: 0.9363636363636364 48 0
Communication round: 95, Smart Eavesdropper Accuracy: 0.925 48 0
Communication round: 96, Smart Eavesdropper Accuracy: 0.9159090909090909 48 0
Communication round: 97, Smart Eavesdropper Accuracy: 0.9454545454545454 48 0
Communication round: 98, Smart Eavesdropper Accuracy: 0.9318181818181818 48 0
Communication round: 99, Smart Eavesdropper Accuracy: 0.9318181818181818 48 0
----------------------------------------------------------------------------------------------------
Communication round: 0, Eavesdropper Accuracy: 0.13636363636363635 1 1
Communication round: 1, Eavesdropper Accuracy: 0.12727272727272726 2 1
Communication round: 2, Eavesdropper Accuracy: 0.11136363636363636 2 0
Communication round: 3, Eavesdropper Accuracy: 0.1409090909090909 3 1
Communication round: 4, Eavesdropper Accuracy: 0.15454545454545454 3 0
Communication round: 5, Smart Eavesdropper Accuracy: 0.3977272727272727 3 0
Communication round: 6, Smart Eavesdropper Accuracy: 0.5113636363636364 3 0
Communication round: 7, Smart Eavesdropper Accuracy: 0.6954545454545454 4 1
Communication round: 8, Aggregated Accuracies: 0.1986904761904762 5
Communication round: 8, Eavesdropper Accuracy: 0.23863636363636365 5 1
Communication round: 9, Smart Eavesdropper Accuracy: 0.42954545454545456 5 0
Communication round: 10, Eavesdropper Accuracy: 0.2159090909090909 6 1
Communication round: 11, Smart Eavesdropper Accuracy: 0.39090909090909093 6 0
Communication round: 12, Eavesdropper Accuracy: 0.19318181818181818 7 1
Communication round: 13, Eavesdropper Accuracy: 0.21363636363636362 8 1
Communication round: 14, Eavesdropper Accuracy: 0.2 9 1
Communication round: 15, Eavesdropper Accuracy: 0.20227272727272727 10 1
Communication round: 16, Eavesdropper Accuracy: 0.225 11 1
Communication round: 17, Aggregated Accuracies: 0.3107142857142857 12
Communication round: 17, Eavesdropper Accuracy: 0.375 12 1
Communication round: 18, Eavesdropper Accuracy: 0.3613636363636364 12 0
Communication round: 19, Aggregated Accuracies: 0.39988095238095245 13
Communication round: 19, Eavesdropper Accuracy: 0.45 13 1
Communication round: 20, Eavesdropper Accuracy: 0.42045454545454547 14 1
Communication round: 21, Eavesdropper Accuracy: 0.48409090909090907 15 1
Communication round: 22, Eavesdropper Accuracy: 0.45 15 0
Communication round: 23, Eavesdropper Accuracy: 0.4590909090909091 16 1
Communication round: 24, Eavesdropper Accuracy: 0.4954545454545455 16 0
Communication round: 25, Eavesdropper Accuracy: 0.4409090909090909 17 1
Communication round: 26, Eavesdropper Accuracy: 0.47954545454545455 18 1
Communication round: 27, Eavesdropper Accuracy: 0.48409090909090907 19 1
Communication round: 28, Aggregated Accuracies: 0.4720238095238095 20
Communication round: 28, Eavesdropper Accuracy: 0.5386363636363637 20 1
Communication round: 29, Eavesdropper Accuracy: 0.5318181818181819 21 1
Communication round: 30, Eavesdropper Accuracy: 0.5340909090909091 22 1
Communication round: 31, Eavesdropper Accuracy: 0.5363636363636364 23 1
Communication round: 32, Eavesdropper Accuracy: 0.525 24 1
Communication round: 33, Eavesdropper Accuracy: 0.5386363636363637 24 0
Communication round: 34, Eavesdropper Accuracy: 0.5045454545454545 25 1
Communication round: 35, Aggregated Accuracies: 0.5710714285714286 26
Communication round: 35, Eavesdropper Accuracy: 0.6295454545454545 26 1
Communication round: 36, Aggregated Accuracies: 0.640595238095238 27
Communication round: 36, Eavesdropper Accuracy: 0.6818181818181818 27 1
Communication round: 37, Eavesdropper Accuracy: 0.6568181818181819 28 1
Communication round: 38, Eavesdropper Accuracy: 0.6954545454545454 28 0
Communication round: 39, Aggregated Accuracies: 0.6789285714285713 29
Communication round: 39, Eavesdropper Accuracy: 0.7204545454545455 29 1
Communication round: 40, Eavesdropper Accuracy: 0.7295454545454545 30 1
Communication round: 41, Eavesdropper Accuracy: 0.7022727272727273 31 1
Communication round: 42, Eavesdropper Accuracy: 0.6863636363636364 31 0
Communication round: 43, Aggregated Accuracies: 0.7230952380952381 32
Communication round: 43, Eavesdropper Accuracy: 0.7431818181818182 32 1
Communication round: 44, Aggregated Accuracies: 0.7597619047619047 33
Communication round: 44, Eavesdropper Accuracy: 0.7840909090909091 33 1
Communication round: 45, Aggregated Accuracies: 0.8039285714285714 34
Communication round: 45, Eavesdropper Accuracy: 0.8340909090909091 34 1
Communication round: 46, Eavesdropper Accuracy: 0.7863636363636364 34 0
Communication round: 47, Aggregated Accuracies: 0.8173809523809524 35
Communication round: 47, Eavesdropper Accuracy: 0.8227272727272728 35 1
Communication round: 48, Eavesdropper Accuracy: 0.825 36 1
Communication round: 49, Eavesdropper Accuracy: 0.8318181818181818 36 0
Communication round: 50, Eavesdropper Accuracy: 0.8272727272727273 37 1
Communication round: 51, Aggregated Accuracies: 0.8382142857142856 38
Communication round: 51, Eavesdropper Accuracy: 0.8522727272727273 38 1
Communication round: 52, Aggregated Accuracies: 0.8478571428571428 39
Communication round: 52, Eavesdropper Accuracy: 0.85 39 1
Communication round: 53, Eavesdropper Accuracy: 0.8409090909090909 40 1
Communication round: 54, Eavesdropper Accuracy: 0.85 41 1
Communication round: 55, Aggregated Accuracies: 0.8545238095238096 42
Communication round: 55, Eavesdropper Accuracy: 0.85 42 1
Communication round: 56, Eavesdropper Accuracy: 0.8477272727272728 43 1
Communication round: 57, Eavesdropper Accuracy: 0.8590909090909091 44 1
Communication round: 58, Eavesdropper Accuracy: 0.8795454545454545 45 1
Communication round: 59, Eavesdropper Accuracy: 0.8727272727272727 45 0
Communication round: 60, Eavesdropper Accuracy: 0.865909090909091 46 1
Communication round: 61, Eavesdropper Accuracy: 0.8386363636363636 46 0
Communication round: 62, Eavesdropper Accuracy: 0.8909090909090909 46 0
Communication round: 63, Eavesdropper Accuracy: 0.8704545454545455 46 0
Communication round: 64, Eavesdropper Accuracy: 0.8863636363636364 46 0
Communication round: 65, Eavesdropper Accuracy: 0.8477272727272728 46 0
Communication round: 66, Eavesdropper Accuracy: 0.8772727272727273 46 0
Communication round: 67, Eavesdropper Accuracy: 0.8681818181818182 46 0
Communication round: 68, Eavesdropper Accuracy: 0.825 46 0
Communication round: 69, Eavesdropper Accuracy: 0.8454545454545455 46 0
Communication round: 70, Aggregated Accuracies: 0.8590476190476192 47
Communication round: 70, Eavesdropper Accuracy: 0.8545454545454545 47 1
Communication round: 71, Eavesdropper Accuracy: 0.8772727272727273 47 0
Communication round: 72, Eavesdropper Accuracy: 0.8931818181818182 47 0
Communication round: 73, Aggregated Accuracies: 0.8715476190476192 48
Communication round: 73, Eavesdropper Accuracy: 0.884090909090909 48 1
Communication round: 74, Eavesdropper Accuracy: 0.9022727272727272 48 0
Communication round: 75, Eavesdropper Accuracy: 0.8818181818181818 48 0
Communication round: 76, Eavesdropper Accuracy: 0.8727272727272727 48 0
Communication round: 77, Eavesdropper Accuracy: 0.9068181818181819 48 0
Communication round: 78, Aggregated Accuracies: 0.8770238095238095 49
Communication round: 78, Eavesdropper Accuracy: 0.8909090909090909 49 1
Communication round: 79, Eavesdropper Accuracy: 0.8727272727272727 49 0
Communication round: 80, Aggregated Accuracies: 0.8872619047619048 50
Communication round: 80, Eavesdropper Accuracy: 0.8931818181818182 50 1
Communication round: 81, Eavesdropper Accuracy: 0.884090909090909 50 0
Communication round: 82, Eavesdropper Accuracy: 0.8977272727272727 50 0
Communication round: 83, Eavesdropper Accuracy: 0.9181818181818182 50 0
Communication round: 84, Eavesdropper Accuracy: 0.8818181818181818 51 1
Communication round: 85, Aggregated Accuracies: 0.8883333333333333 52
Communication round: 85, Eavesdropper Accuracy: 0.9090909090909091 52 1
Communication round: 86, Eavesdropper Accuracy: 0.8954545454545455 53 1
Communication round: 87, Eavesdropper Accuracy: 0.8795454545454545 53 0
Communication round: 88, Eavesdropper Accuracy: 0.8681818181818182 53 0
Communication round: 89, Eavesdropper Accuracy: 0.9022727272727272 53 0
Communication round: 90, Eavesdropper Accuracy: 0.8931818181818182 53 0
Communication round: 91, Eavesdropper Accuracy: 0.8931818181818182 53 0
Communication round: 92, Eavesdropper Accuracy: 0.8931818181818182 54 1
Communication round: 93, Aggregated Accuracies: 0.8960714285714285 55
Communication round: 93, Eavesdropper Accuracy: 0.8772727272727273 55 1
Communication round: 94, Aggregated Accuracies: 0.8997619047619049 56
Communication round: 94, Eavesdropper Accuracy: 0.9090909090909091 56 1
Communication round: 95, Aggregated Accuracies: 0.9042857142857142 57
Communication round: 95, Eavesdropper Accuracy: 0.9136363636363637 57 1
Communication round: 96, Aggregated Accuracies: 0.9080952380952381 58
Communication round: 96, Eavesdropper Accuracy: 0.925 58 1
Communication round: 97, Aggregated Accuracies: 0.9121428571428571 59
Communication round: 97, Eavesdropper Accuracy: 0.9272727272727272 59 1
Communication round: 98, Aggregated Accuracies: 0.9167857142857143 60
Communication round: 98, Eavesdropper Accuracy: 0.925 60 1
Communication round: 99, Eavesdropper Accuracy: 0.9113636363636364 61 1
----------------------------------------------------------------------------------------------------
Communication round: 0, Smart Eavesdropper Accuracy: 0.3613636363636364 0 0
Communication round: 1, Smart Eavesdropper Accuracy: 0.5454545454545454 1 1
Communication round: 2, Smart Eavesdropper Accuracy: 0.6613636363636364 1 0
Communication round: 3, Smart Eavesdropper Accuracy: 0.775 2 1
Communication round: 4, Eavesdropper Accuracy: 0.05454545454545454 3 1
Communication round: 5, Smart Eavesdropper Accuracy: 0.29545454545454547 3 0
Communication round: 6, Eavesdropper Accuracy: 0.04090909090909091 4 1
Communication round: 7, Smart Eavesdropper Accuracy: 0.325 4 0
Communication round: 8, Smart Eavesdropper Accuracy: 0.44545454545454544 4 0
Communication round: 9, Aggregated Accuracies: 0.12523809523809523 5
Communication round: 9, Smart Eavesdropper Accuracy: 0.6113636363636363 5 1
Communication round: 10, Eavesdropper Accuracy: 0.05227272727272727 6 1
Communication round: 11, Eavesdropper Accuracy: 0.05909090909090909 7 1
Communication round: 12, Eavesdropper Accuracy: 0.06818181818181818 7 0
Communication round: 13, Eavesdropper Accuracy: 0.06818181818181818 8 1
Communication round: 14, Eavesdropper Accuracy: 0.06136363636363636 8 0
Communication round: 15, Smart Eavesdropper Accuracy: 0.34545454545454546 8 0
Communication round: 16, Smart Eavesdropper Accuracy: 0.5477272727272727 8 0
Communication round: 17, Smart Eavesdropper Accuracy: 0.7431818181818182 8 0
Communication round: 18, Aggregated Accuracies: 0.2255952380952381 9
Communication round: 18, Smart Eavesdropper Accuracy: 0.7181818181818181 9 1
Communication round: 19, Aggregated Accuracies: 0.33452380952380956 10
Communication round: 19, Smart Eavesdropper Accuracy: 0.8181818181818182 10 1
Communication round: 20, Smart Eavesdropper Accuracy: 0.8431818181818181 10 0
Communication round: 21, Aggregated Accuracies: 0.4902380952380952 11
Communication round: 21, Smart Eavesdropper Accuracy: 0.8340909090909091 11 1
Communication round: 22, Smart Eavesdropper Accuracy: 0.8863636363636364 11 0
Communication round: 23, Aggregated Accuracies: 0.5844047619047619 12
Communication round: 23, Smart Eavesdropper Accuracy: 0.8613636363636363 12 1
Communication round: 24, Aggregated Accuracies: 0.6690476190476191 13
Communication round: 24, Eavesdropper Accuracy: 0.6636363636363637 13 1
Communication round: 25, Smart Eavesdropper Accuracy: 0.6409090909090909 13 0
Communication round: 26, Aggregated Accuracies: 0.7115476190476191 14
Communication round: 26, Eavesdropper Accuracy: 0.7272727272727273 14 1
Communication round: 27, Smart Eavesdropper Accuracy: 0.7363636363636363 14 0
Communication round: 28, Smart Eavesdropper Accuracy: 0.7681818181818182 14 0
Communication round: 29, Smart Eavesdropper Accuracy: 0.8181818181818182 14 0
Communication round: 30, Smart Eavesdropper Accuracy: 0.8909090909090909 14 0
Communication round: 31, Smart Eavesdropper Accuracy: 0.85 14 0
Communication round: 32, Smart Eavesdropper Accuracy: 0.8522727272727273 14 0
Communication round: 33, Smart Eavesdropper Accuracy: 0.8772727272727273 14 0
Communication round: 34, Aggregated Accuracies: 0.7545238095238096 15
Communication round: 34, Smart Eavesdropper Accuracy: 0.8909090909090909 15 1
Communication round: 35, Smart Eavesdropper Accuracy: 0.9022727272727272 15 0
Communication round: 36, Smart Eavesdropper Accuracy: 0.8977272727272727 15 0
Communication round: 37, Aggregated Accuracies: 0.7803571428571429 16
Communication round: 37, Smart Eavesdropper Accuracy: 0.8931818181818182 16 1
Communication round: 38, Aggregated Accuracies: 0.8172619047619047 17
Communication round: 38, Smart Eavesdropper Accuracy: 0.9159090909090909 17 1
Communication round: 39, Smart Eavesdropper Accuracy: 0.9159090909090909 17 0
Communication round: 40, Aggregated Accuracies: 0.8316666666666667 18
Communication round: 40, Smart Eavesdropper Accuracy: 0.9136363636363637 18 1
Communication round: 41, Aggregated Accuracies: 0.849404761904762 19
Communication round: 41, Smart Eavesdropper Accuracy: 0.9295454545454546 19 1
Communication round: 42, Aggregated Accuracies: 0.8671428571428571 20
Communication round: 42, Smart Eavesdropper Accuracy: 0.9431818181818182 20 1
Communication round: 43, Smart Eavesdropper Accuracy: 0.9022727272727272 20 0
Communication round: 44, Smart Eavesdropper Accuracy: 0.9181818181818182 20 0
Communication round: 45, Aggregated Accuracies: 0.8738095238095239 21
Communication round: 45, Smart Eavesdropper Accuracy: 0.9386363636363636 21 1
Communication round: 46, Smart Eavesdropper Accuracy: 0.9545454545454546 21 0
Communication round: 47, Smart Eavesdropper Accuracy: 0.9318181818181818 21 0
Communication round: 48, Smart Eavesdropper Accuracy: 0.9295454545454546 21 0
Communication round: 49, Smart Eavesdropper Accuracy: 0.9386363636363636 21 0
Communication round: 50, Smart Eavesdropper Accuracy: 0.9522727272727273 21 0
Communication round: 51, Smart Eavesdropper Accuracy: 0.9272727272727272 21 0
Communication round: 52, Smart Eavesdropper Accuracy: 0.95 21 0
Communication round: 53, Smart Eavesdropper Accuracy: 0.9136363636363637 21 0
Communication round: 54, Smart Eavesdropper Accuracy: 0.9454545454545454 21 0
Communication round: 55, Smart Eavesdropper Accuracy: 0.9318181818181818 21 0
Communication round: 56, Smart Eavesdropper Accuracy: 0.9318181818181818 21 0
Communication round: 57, Smart Eavesdropper Accuracy: 0.9431818181818182 21 0
Communication round: 58, Smart Eavesdropper Accuracy: 0.9204545454545454 21 0
Communication round: 59, Smart Eavesdropper Accuracy: 0.9340909090909091 21 0
Communication round: 60, Smart Eavesdropper Accuracy: 0.9295454545454546 21 0
Communication round: 61, Smart Eavesdropper Accuracy: 0.9363636363636364 21 0
Communication round: 62, Smart Eavesdropper Accuracy: 0.9272727272727272 21 0
Communication round: 63, Smart Eavesdropper Accuracy: 0.9136363636363637 21 0
Communication round: 64, Smart Eavesdropper Accuracy: 0.9181818181818182 21 0
Communication round: 65, Smart Eavesdropper Accuracy: 0.9409090909090909 21 0
Communication round: 66, Smart Eavesdropper Accuracy: 0.9568181818181818 21 0
Communication round: 67, Smart Eavesdropper Accuracy: 0.9431818181818182 21 0
Communication round: 68, Smart Eavesdropper Accuracy: 0.9409090909090909 21 0
Communication round: 69, Smart Eavesdropper Accuracy: 0.95 21 0
Communication round: 70, Smart Eavesdropper Accuracy: 0.9363636363636364 21 0
Communication round: 71, Smart Eavesdropper Accuracy: 0.9590909090909091 21 0
Communication round: 72, Smart Eavesdropper Accuracy: 0.9477272727272728 21 0
Communication round: 73, Smart Eavesdropper Accuracy: 0.9454545454545454 21 0
Communication round: 74, Smart Eavesdropper Accuracy: 0.9227272727272727 21 0
Communication round: 75, Smart Eavesdropper Accuracy: 0.9568181818181818 21 0
Communication round: 76, Smart Eavesdropper Accuracy: 0.9181818181818182 21 0
Communication round: 77, Smart Eavesdropper Accuracy: 0.9454545454545454 21 0
Communication round: 78, Smart Eavesdropper Accuracy: 0.9477272727272728 21 0
Communication round: 79, Smart Eavesdropper Accuracy: 0.9340909090909091 21 0
Communication round: 80, Smart Eavesdropper Accuracy: 0.9522727272727273 21 0
Communication round: 81, Smart Eavesdropper Accuracy: 0.9431818181818182 21 0
Communication round: 82, Smart Eavesdropper Accuracy: 0.9363636363636364 21 0
Communication round: 83, Smart Eavesdropper Accuracy: 0.9477272727272728 21 0
Communication round: 84, Smart Eavesdropper Accuracy: 0.9522727272727273 21 0
Communication round: 85, Smart Eavesdropper Accuracy: 0.9454545454545454 21 0
Communication round: 86, Smart Eavesdropper Accuracy: 0.925 21 0
Communication round: 87, Smart Eavesdropper Accuracy: 0.925 21 0
Communication round: 88, Smart Eavesdropper Accuracy: 0.9204545454545454 21 0
Communication round: 89, Smart Eavesdropper Accuracy: 0.9386363636363636 21 0
Communication round: 90, Smart Eavesdropper Accuracy: 0.9613636363636363 21 0
Communication round: 91, Smart Eavesdropper Accuracy: 0.9545454545454546 21 0
Communication round: 92, Smart Eavesdropper Accuracy: 0.9409090909090909 21 0
Communication round: 93, Smart Eavesdropper Accuracy: 0.9318181818181818 21 0
Communication round: 94, Smart Eavesdropper Accuracy: 0.9568181818181818 21 0
Communication round: 95, Smart Eavesdropper Accuracy: 0.9636363636363636 21 0
Communication round: 96, Smart Eavesdropper Accuracy: 0.9522727272727273 21 0
Communication round: 97, Smart Eavesdropper Accuracy: 0.95 21 0
Communication round: 98, Smart Eavesdropper Accuracy: 0.95 21 0
Communication round: 99, Smart Eavesdropper Accuracy: 0.9454545454545454 21 0
----------------------------------------------------------------------------------------------------
Communication round: 0, Smart Eavesdropper Accuracy: 0.3931818181818182 0 0
Communication round: 1, Smart Eavesdropper Accuracy: 0.5204545454545455 0 0
Communication round: 2, Smart Eavesdropper Accuracy: 0.7113636363636363 0 0
Communication round: 3, Smart Eavesdropper Accuracy: 0.8181818181818182 1 1
Communication round: 4, Aggregated Accuracies: 0.17011904761904764 2
Communication round: 4, Smart Eavesdropper Accuracy: 0.8409090909090909 2 1
Communication round: 5, Smart Eavesdropper Accuracy: 0.8522727272727273 3 1
Communication round: 6, Aggregated Accuracies: 0.25535714285714284 4
Communication round: 6, Eavesdropper Accuracy: 0.3090909090909091 4 1
Communication round: 7, Eavesdropper Accuracy: 0.25 5 1
Communication round: 8, Eavesdropper Accuracy: 0.2636363636363636 6 1
Communication round: 9, Aggregated Accuracies: 0.3778571428571428 7
Communication round: 9, Eavesdropper Accuracy: 0.43636363636363634 7 1
Communication round: 10, Aggregated Accuracies: 0.4855952380952382 8
Communication round: 10, Eavesdropper Accuracy: 0.5272727272727272 8 1
Communication round: 11, Eavesdropper Accuracy: 0.5272727272727272 8 0
Communication round: 12, Aggregated Accuracies: 0.5585714285714285 9
Communication round: 12, Eavesdropper Accuracy: 0.5818181818181818 9 1
Communication round: 13, Eavesdropper Accuracy: 0.6068181818181818 9 0
Communication round: 14, Aggregated Accuracies: 0.6229761904761905 10
Communication round: 14, Eavesdropper Accuracy: 0.6681818181818182 10 1
Communication round: 15, Aggregated Accuracies: 0.6760714285714287 11
Communication round: 15, Eavesdropper Accuracy: 0.7022727272727273 11 1
Communication round: 16, Eavesdropper Accuracy: 0.7022727272727273 11 0
Communication round: 17, Aggregated Accuracies: 0.7007142857142856 12
Communication round: 17, Eavesdropper Accuracy: 0.7204545454545455 12 1
Communication round: 18, Eavesdropper Accuracy: 0.7022727272727273 12 0
Communication round: 19, Eavesdropper Accuracy: 0.7295454545454545 12 0
Communication round: 20, Eavesdropper Accuracy: 0.7045454545454546 12 0
Communication round: 21, Aggregated Accuracies: 0.7425 13
Communication round: 21, Eavesdropper Accuracy: 0.7795454545454545 13 1
Communication round: 22, Eavesdropper Accuracy: 0.7886363636363637 13 0
Communication round: 23, Aggregated Accuracies: 0.7783333333333333 14
Communication round: 23, Eavesdropper Accuracy: 0.8113636363636364 14 1
Communication round: 24, Eavesdropper Accuracy: 0.7840909090909091 14 0
Communication round: 25, Eavesdropper Accuracy: 0.7909090909090909 14 0
Communication round: 26, Eavesdropper Accuracy: 0.7772727272727272 15 1
Communication round: 27, Eavesdropper Accuracy: 0.7886363636363637 15 0
Communication round: 28, Eavesdropper Accuracy: 0.7931818181818182 16 1
Communication round: 29, Eavesdropper Accuracy: 0.8045454545454546 16 0
Communication round: 30, Eavesdropper Accuracy: 0.7886363636363637 17 1
Communication round: 31, Eavesdropper Accuracy: 0.7818181818181819 18 1
Communication round: 32, Eavesdropper Accuracy: 0.8204545454545454 19 1
Communication round: 33, Eavesdropper Accuracy: 0.8136363636363636 20 1
Communication round: 34, Eavesdropper Accuracy: 0.8227272727272728 21 1
Communication round: 35, Eavesdropper Accuracy: 0.8022727272727272 21 0
Communication round: 36, Eavesdropper Accuracy: 0.7954545454545454 22 1
Communication round: 37, Eavesdropper Accuracy: 0.8022727272727272 23 1
Communication round: 38, Eavesdropper Accuracy: 0.7886363636363637 24 1
Communication round: 39, Eavesdropper Accuracy: 0.8045454545454546 25 1
Communication round: 40, Eavesdropper Accuracy: 0.8386363636363636 25 0
Communication round: 41, Eavesdropper Accuracy: 0.8227272727272728 25 0
Communication round: 42, Aggregated Accuracies: 0.8016666666666665 26
Communication round: 42, Eavesdropper Accuracy: 0.8159090909090909 26 1
Communication round: 43, Eavesdropper Accuracy: 0.8136363636363636 26 0
Communication round: 44, Eavesdropper Accuracy: 0.8431818181818181 26 0
Communication round: 45, Eavesdropper Accuracy: 0.8431818181818181 26 0
Communication round: 46, Aggregated Accuracies: 0.8125 27
Communication round: 46, Eavesdropper Accuracy: 0.8522727272727273 27 1
Communication round: 47, Eavesdropper Accuracy: 0.8272727272727273 27 0
Communication round: 48, Eavesdropper Accuracy: 0.8090909090909091 27 0
Communication round: 49, Eavesdropper Accuracy: 0.825 28 1
Communication round: 50, Eavesdropper Accuracy: 0.8136363636363636 28 0
Communication round: 51, Eavesdropper Accuracy: 0.8454545454545455 28 0
Communication round: 52, Aggregated Accuracies: 0.8239285714285713 29
Communication round: 52, Eavesdropper Accuracy: 0.8454545454545455 29 1
Communication round: 53, Eavesdropper Accuracy: 0.8318181818181818 29 0
Communication round: 54, Aggregated Accuracies: 0.8366666666666667 30
Communication round: 54, Eavesdropper Accuracy: 0.8477272727272728 30 1
Communication round: 55, Aggregated Accuracies: 0.8433333333333334 31
Communication round: 55, Eavesdropper Accuracy: 0.8818181818181818 31 1
Communication round: 56, Aggregated Accuracies: 0.8553571428571427 32
Communication round: 56, Eavesdropper Accuracy: 0.875 32 1
Communication round: 57, Eavesdropper Accuracy: 0.8772727272727273 32 0
Communication round: 58, Aggregated Accuracies: 0.8626190476190478 33
Communication round: 58, Eavesdropper Accuracy: 0.8727272727272727 33 1
Communication round: 59, Aggregated Accuracies: 0.8764285714285716 34
Communication round: 59, Eavesdropper Accuracy: 0.8909090909090909 34 1
Communication round: 60, Aggregated Accuracies: 0.8788095238095236 35
Communication round: 60, Eavesdropper Accuracy: 0.875 35 1
Communication round: 61, Aggregated Accuracies: 0.885357142857143 36
Communication round: 61, Eavesdropper Accuracy: 0.9159090909090909 36 1
Communication round: 62, Aggregated Accuracies: 0.8927380952380952 37
Communication round: 62, Eavesdropper Accuracy: 0.9 37 1
Communication round: 63, Aggregated Accuracies: 0.8935714285714285 38
Communication round: 63, Eavesdropper Accuracy: 0.8909090909090909 38 1
Communication round: 64, Aggregated Accuracies: 0.899642857142857 39
Communication round: 64, Eavesdropper Accuracy: 0.8909090909090909 39 1
Communication round: 65, Eavesdropper Accuracy: 0.9022727272727272 39 0
Communication round: 66, Eavesdropper Accuracy: 0.9363636363636364 39 0
Communication round: 67, Eavesdropper Accuracy: 0.9022727272727272 39 0
Communication round: 68, Eavesdropper Accuracy: 0.925 39 0
Communication round: 69, Eavesdropper Accuracy: 0.8954545454545455 39 0
Communication round: 70, Aggregated Accuracies: 0.900952380952381 40
Communication round: 70, Eavesdropper Accuracy: 0.9 40 1
Communication round: 71, Aggregated Accuracies: 0.9061904761904763 41
Communication round: 71, Eavesdropper Accuracy: 0.9272727272727272 41 1
Communication round: 72, Eavesdropper Accuracy: 0.925 41 0
Communication round: 73, Eavesdropper Accuracy: 0.9045454545454545 41 0
Communication round: 74, Eavesdropper Accuracy: 0.9295454545454546 41 0
Communication round: 75, Eavesdropper Accuracy: 0.9022727272727272 41 0
Communication round: 76, Aggregated Accuracies: 0.9086904761904762 42
Communication round: 76, Eavesdropper Accuracy: 0.9090909090909091 42 1
Communication round: 77, Eavesdropper Accuracy: 0.9045454545454545 42 0
Communication round: 78, Aggregated Accuracies: 0.9145238095238095 43
Communication round: 78, Eavesdropper Accuracy: 0.8954545454545455 43 1
Communication round: 79, Eavesdropper Accuracy: 0.9090909090909091 44 1
Communication round: 80, Eavesdropper Accuracy: 0.9181818181818182 44 0
Communication round: 81, Eavesdropper Accuracy: 0.9022727272727272 44 0
Communication round: 82, Eavesdropper Accuracy: 0.8863636363636364 44 0
Communication round: 83, Eavesdropper Accuracy: 0.9068181818181819 44 0
Communication round: 84, Aggregated Accuracies: 0.9135714285714286 45
Communication round: 84, Eavesdropper Accuracy: 0.8954545454545455 45 1
Communication round: 85, Eavesdropper Accuracy: 0.9068181818181819 45 0
Communication round: 86, Eavesdropper Accuracy: 0.9181818181818182 45 0
Communication round: 87, Eavesdropper Accuracy: 0.9 45 0
Communication round: 88, Eavesdropper Accuracy: 0.9340909090909091 45 0
Communication round: 89, Smart Eavesdropper Accuracy: 0.9090909090909091 45 0
Communication round: 90, Smart Eavesdropper Accuracy: 0.9454545454545454 45 0
Communication round: 91, Smart Eavesdropper Accuracy: 0.9136363636363637 45 0
Communication round: 92, Smart Eavesdropper Accuracy: 0.925 45 0
Communication round: 93, Aggregated Accuracies: 0.9148809523809522 46
Communication round: 93, Smart Eavesdropper Accuracy: 0.9295454545454546 46 1
Communication round: 94, Smart Eavesdropper Accuracy: 0.9136363636363637 46 0
Communication round: 95, Smart Eavesdropper Accuracy: 0.9181818181818182 46 0
Communication round: 96, Smart Eavesdropper Accuracy: 0.9204545454545454 47 1
Communication round: 97, Smart Eavesdropper Accuracy: 0.9159090909090909 48 1
Communication round: 98, Aggregated Accuracies: 0.9180952380952381 49
Communication round: 98, Smart Eavesdropper Accuracy: 0.9227272727272727 49 1
Communication round: 99, Smart Eavesdropper Accuracy: 0.9318181818181818 49 0
----------------------------------------------------------------------------------------------------
Communication round: 0, Aggregated Accuracies: 0.1436904761904762 1
Communication round: 0, Eavesdropper Accuracy: 0.13636363636363635 1 1
Communication round: 1, Eavesdropper Accuracy: 0.11363636363636363 2 1
Communication round: 2, Eavesdropper Accuracy: 0.12954545454545455 2 0
Communication round: 3, Smart Eavesdropper Accuracy: 0.32954545454545453 2 0
Communication round: 4, Eavesdropper Accuracy: 0.1340909090909091 3 1
Communication round: 5, Eavesdropper Accuracy: 0.14545454545454545 4 1
Communication round: 6, Aggregated Accuracies: 0.18535714285714283 5
Communication round: 6, Eavesdropper Accuracy: 0.17045454545454544 5 1
Communication round: 7, Eavesdropper Accuracy: 0.14545454545454545 5 0
Communication round: 8, Eavesdropper Accuracy: 0.175 5 0
Communication round: 9, Eavesdropper Accuracy: 0.16136363636363638 6 1
Communication round: 10, Aggregated Accuracies: 0.28250000000000003 7
Communication round: 10, Eavesdropper Accuracy: 0.2840909090909091 7 1
Communication round: 11, Eavesdropper Accuracy: 0.2909090909090909 8 1
Communication round: 12, Eavesdropper Accuracy: 0.3181818181818182 9 1
Communication round: 13, Eavesdropper Accuracy: 0.3 10 1
Communication round: 14, Eavesdropper Accuracy: 0.31136363636363634 10 0
Communication round: 15, Eavesdropper Accuracy: 0.27954545454545454 11 1
Communication round: 16, Aggregated Accuracies: 0.37011904761904757 12
Communication round: 16, Eavesdropper Accuracy: 0.375 12 1
Communication round: 17, Eavesdropper Accuracy: 0.42045454545454547 12 0
Communication round: 18, Eavesdropper Accuracy: 0.42045454545454547 13 1
Communication round: 19, Eavesdropper Accuracy: 0.38181818181818183 14 1
Communication round: 20, Aggregated Accuracies: 0.49309523809523814 15
Communication round: 20, Eavesdropper Accuracy: 0.5340909090909091 15 1
Communication round: 21, Eavesdropper Accuracy: 0.5045454545454545 15 0
Communication round: 22, Aggregated Accuracies: 0.5864285714285715 16
Communication round: 22, Eavesdropper Accuracy: 0.5704545454545454 16 1
Communication round: 23, Aggregated Accuracies: 0.651547619047619 17
Communication round: 23, Eavesdropper Accuracy: 0.6772727272727272 17 1
Communication round: 24, Eavesdropper Accuracy: 0.740909090909091 18 1
Communication round: 25, Eavesdropper Accuracy: 0.6954545454545454 18 0
Communication round: 26, Aggregated Accuracies: 0.7049999999999998 19
Communication round: 26, Eavesdropper Accuracy: 0.7318181818181818 19 1
Communication round: 27, Aggregated Accuracies: 0.7514285714285713 20
Communication round: 27, Eavesdropper Accuracy: 0.7636363636363637 20 1
Communication round: 28, Eavesdropper Accuracy: 0.7431818181818182 20 0
Communication round: 29, Eavesdropper Accuracy: 0.7795454545454545 20 0
Communication round: 30, Eavesdropper Accuracy: 0.7863636363636364 20 0
Communication round: 31, Aggregated Accuracies: 0.7778571428571429 21
Communication round: 31, Eavesdropper Accuracy: 0.7909090909090909 21 1
Communication round: 32, Eavesdropper Accuracy: 0.8022727272727272 21 0
Communication round: 33, Eavesdropper Accuracy: 0.8181818181818182 21 0
Communication round: 34, Aggregated Accuracies: 0.8048809523809526 22
Communication round: 34, Eavesdropper Accuracy: 0.8113636363636364 22 1
Communication round: 35, Eavesdropper Accuracy: 0.8636363636363636 23 1
Communication round: 36, Eavesdropper Accuracy: 0.825 24 1
Communication round: 37, Eavesdropper Accuracy: 0.8227272727272728 24 0
Communication round: 38, Eavesdropper Accuracy: 0.8227272727272728 25 1
Communication round: 39, Eavesdropper Accuracy: 0.8090909090909091 26 1
Communication round: 40, Eavesdropper Accuracy: 0.8318181818181818 27 1
Communication round: 41, Eavesdropper Accuracy: 0.8090909090909091 27 0
Communication round: 42, Eavesdropper Accuracy: 0.8227272727272728 27 0
Communication round: 43, Aggregated Accuracies: 0.8303571428571429 28
Communication round: 43, Eavesdropper Accuracy: 0.8727272727272727 28 1
Communication round: 44, Eavesdropper Accuracy: 0.8477272727272728 29 1
Communication round: 45, Eavesdropper Accuracy: 0.8363636363636363 29 0
Communication round: 46, Eavesdropper Accuracy: 0.8318181818181818 29 0
Communication round: 47, Eavesdropper Accuracy: 0.8590909090909091 30 1
Communication round: 48, Eavesdropper Accuracy: 0.8568181818181818 30 0
Communication round: 49, Eavesdropper Accuracy: 0.8022727272727272 30 0
Communication round: 50, Eavesdropper Accuracy: 0.8181818181818182 30 0
Communication round: 51, Aggregated Accuracies: 0.8319047619047619 31
Communication round: 51, Eavesdropper Accuracy: 0.8545454545454545 31 1
Communication round: 52, Eavesdropper Accuracy: 0.8636363636363636 31 0
Communication round: 53, Eavesdropper Accuracy: 0.8090909090909091 31 0
Communication round: 54, Eavesdropper Accuracy: 0.8227272727272728 31 0
Communication round: 55, Eavesdropper Accuracy: 0.8431818181818181 31 0
Communication round: 56, Eavesdropper Accuracy: 0.8409090909090909 31 0
Communication round: 57, Eavesdropper Accuracy: 0.8454545454545455 31 0
Communication round: 58, Aggregated Accuracies: 0.8464285714285713 32
Communication round: 58, Eavesdropper Accuracy: 0.8545454545454545 32 1
Communication round: 59, Aggregated Accuracies: 0.8623809523809524 33
Communication round: 59, Eavesdropper Accuracy: 0.8931818181818182 33 1
Communication round: 60, Aggregated Accuracies: 0.8673809523809524 34
Communication round: 60, Eavesdropper Accuracy: 0.8613636363636363 34 1
Communication round: 61, Aggregated Accuracies: 0.8834523809523811 35
Communication round: 61, Eavesdropper Accuracy: 0.8704545454545455 35 1
Communication round: 62, Aggregated Accuracies: 0.8870238095238095 36
Communication round: 62, Eavesdropper Accuracy: 0.8954545454545455 36 1
Communication round: 63, Eavesdropper Accuracy: 0.9272727272727272 36 0
Communication round: 64, Eavesdropper Accuracy: 0.8909090909090909 37 1
Communication round: 65, Eavesdropper Accuracy: 0.9090909090909091 37 0
Communication round: 66, Aggregated Accuracies: 0.8951190476190476 38
Communication round: 66, Eavesdropper Accuracy: 0.9113636363636364 38 1
Communication round: 67, Aggregated Accuracies: 0.8969047619047619 39
Communication round: 67, Eavesdropper Accuracy: 0.925 39 1
Communication round: 68, Aggregated Accuracies: 0.9032142857142856 40
Communication round: 68, Eavesdropper Accuracy: 0.9159090909090909 40 1
Communication round: 69, Aggregated Accuracies: 0.9079761904761906 41
Communication round: 69, Eavesdropper Accuracy: 0.9090909090909091 41 1
Communication round: 70, Eavesdropper Accuracy: 0.9159090909090909 41 0
Communication round: 71, Eavesdropper Accuracy: 0.9068181818181819 42 1
Communication round: 72, Eavesdropper Accuracy: 0.9022727272727272 43 1
Communication round: 73, Aggregated Accuracies: 0.9130952380952382 44
Communication round: 73, Eavesdropper Accuracy: 0.9090909090909091 44 1
Communication round: 74, Eavesdropper Accuracy: 0.925 44 0
Communication round: 75, Eavesdropper Accuracy: 0.9272727272727272 44 0
Communication round: 76, Eavesdropper Accuracy: 0.9022727272727272 45 1
Communication round: 77, Eavesdropper Accuracy: 0.9113636363636364 46 1
Communication round: 78, Aggregated Accuracies: 0.9159523809523809 47
Communication round: 78, Eavesdropper Accuracy: 0.9272727272727272 47 1
Communication round: 79, Aggregated Accuracies: 0.911547619047619 48
Communication round: 79, Eavesdropper Accuracy: 0.9340909090909091 48 1
Communication round: 80, Aggregated Accuracies: 0.9166666666666667 49
Communication round: 80, Eavesdropper Accuracy: 0.9454545454545454 49 1
Communication round: 81, Aggregated Accuracies: 0.9211904761904762 50
Communication round: 81, Eavesdropper Accuracy: 0.9272727272727272 50 1
Communication round: 82, Aggregated Accuracies: 0.9233333333333335 51
Communication round: 82, Eavesdropper Accuracy: 0.95 51 1
Communication round: 83, Aggregated Accuracies: 0.9228571428571428 52
Communication round: 83, Eavesdropper Accuracy: 0.9454545454545454 52 1
Communication round: 84, Eavesdropper Accuracy: 0.9340909090909091 52 0
Communication round: 85, Eavesdropper Accuracy: 0.925 52 0
Communication round: 86, Eavesdropper Accuracy: 0.9295454545454546 52 0
Communication round: 87, Eavesdropper Accuracy: 0.9204545454545454 52 0
Communication round: 88, Eavesdropper Accuracy: 0.9318181818181818 52 0
Communication round: 89, Eavesdropper Accuracy: 0.9295454545454546 52 0
Communication round: 90, Eavesdropper Accuracy: 0.9363636363636364 52 0
Communication round: 91, Eavesdropper Accuracy: 0.9295454545454546 52 0
Communication round: 92, Eavesdropper Accuracy: 0.9295454545454546 52 0
Communication round: 93, Eavesdropper Accuracy: 0.925 52 0
Communication round: 94, Eavesdropper Accuracy: 0.9409090909090909 52 0
Communication round: 95, Eavesdropper Accuracy: 0.9409090909090909 52 0
Communication round: 96, Eavesdropper Accuracy: 0.9272727272727272 52 0
Communication round: 97, Aggregated Accuracies: 0.9267857142857142 53
Communication round: 97, Eavesdropper Accuracy: 0.9409090909090909 53 1
Communication round: 98, Eavesdropper Accuracy: 0.9113636363636364 53 0
Communication round: 99, Eavesdropper Accuracy: 0.9227272727272727 53 0
----------------------------------------------------------------------------------------------------
Communication round: 0, Smart Eavesdropper Accuracy: 0.32045454545454544 0 0
Communication round: 1, Smart Eavesdropper Accuracy: 0.5431818181818182 1 1
Communication round: 2, Eavesdropper Accuracy: 0.11363636363636363 2 1
Communication round: 3, Smart Eavesdropper Accuracy: 0.33636363636363636 2 0
Communication round: 4, Aggregated Accuracies: 0.16666666666666669 3
Communication round: 4, Eavesdropper Accuracy: 0.15454545454545454 3 1
Communication round: 5, Aggregated Accuracies: 0.258452380952381 4
Communication round: 5, Eavesdropper Accuracy: 0.3 4 1
Communication round: 6, Eavesdropper Accuracy: 0.2909090909090909 4 0
Communication round: 7, Aggregated Accuracies: 0.3375 5
Communication round: 7, Eavesdropper Accuracy: 0.3886363636363636 5 1
Communication round: 8, Eavesdropper Accuracy: 0.37727272727272726 5 0
Communication round: 9, Smart Eavesdropper Accuracy: 0.41818181818181815 5 0
Communication round: 10, Aggregated Accuracies: 0.49595238095238087 6
Communication round: 10, Eavesdropper Accuracy: 0.5227272727272727 6 1
Communication round: 11, Aggregated Accuracies: 0.5697619047619048 7
Communication round: 11, Eavesdropper Accuracy: 0.5863636363636363 7 1
Communication round: 12, Aggregated Accuracies: 0.6329761904761904 8
Communication round: 12, Eavesdropper Accuracy: 0.6909090909090909 8 1
Communication round: 13, Aggregated Accuracies: 0.690595238095238 9
Communication round: 13, Eavesdropper Accuracy: 0.7295454545454545 9 1
Communication round: 14, Aggregated Accuracies: 0.7508333333333332 10
Communication round: 14, Eavesdropper Accuracy: 0.7818181818181819 10 1
Communication round: 15, Eavesdropper Accuracy: 0.7659090909090909 10 0
Communication round: 16, Eavesdropper Accuracy: 0.7886363636363637 10 0
Communication round: 17, Eavesdropper Accuracy: 0.775 10 0
Communication round: 18, Eavesdropper Accuracy: 0.7704545454545455 11 1
Communication round: 19, Eavesdropper Accuracy: 0.8 11 0
Communication round: 20, Eavesdropper Accuracy: 0.7795454545454545 11 0
Communication round: 21, Smart Eavesdropper Accuracy: 0.7363636363636363 11 0
Communication round: 22, Smart Eavesdropper Accuracy: 0.7840909090909091 11 0
Communication round: 23, Smart Eavesdropper Accuracy: 0.8568181818181818 11 0
Communication round: 24, Aggregated Accuracies: 0.7901190476190478 12
Communication round: 24, Smart Eavesdropper Accuracy: 0.8704545454545455 12 1
Communication round: 25, Smart Eavesdropper Accuracy: 0.884090909090909 13 1
Communication round: 26, Smart Eavesdropper Accuracy: 0.8909090909090909 13 0
Communication round: 27, Smart Eavesdropper Accuracy: 0.8977272727272727 13 0
Communication round: 28, Smart Eavesdropper Accuracy: 0.925 13 0
Communication round: 29, Smart Eavesdropper Accuracy: 0.9181818181818182 13 0
Communication round: 30, Smart Eavesdropper Accuracy: 0.9295454545454546 13 0
Communication round: 31, Smart Eavesdropper Accuracy: 0.9227272727272727 13 0
Communication round: 32, Smart Eavesdropper Accuracy: 0.9545454545454546 13 0
Communication round: 33, Aggregated Accuracies: 0.8140476190476191 14
Communication round: 33, Smart Eavesdropper Accuracy: 0.9318181818181818 14 1
Communication round: 34, Smart Eavesdropper Accuracy: 0.9340909090909091 14 0
Communication round: 35, Smart Eavesdropper Accuracy: 0.9272727272727272 15 1
Communication round: 36, Smart Eavesdropper Accuracy: 0.9318181818181818 16 1
Communication round: 37, Smart Eavesdropper Accuracy: 0.9431818181818182 16 0
Communication round: 38, Smart Eavesdropper Accuracy: 0.9568181818181818 16 0
Communication round: 39, Smart Eavesdropper Accuracy: 0.9431818181818182 16 0
Communication round: 40, Smart Eavesdropper Accuracy: 0.9454545454545454 16 0
Communication round: 41, Smart Eavesdropper Accuracy: 0.9477272727272728 16 0
Communication round: 42, Smart Eavesdropper Accuracy: 0.9340909090909091 16 0
Communication round: 43, Smart Eavesdropper Accuracy: 0.925 16 0
Communication round: 44, Aggregated Accuracies: 0.8348809523809525 17
Communication round: 44, Smart Eavesdropper Accuracy: 0.9295454545454546 17 1
Communication round: 45, Smart Eavesdropper Accuracy: 0.9409090909090909 17 0
Communication round: 46, Aggregated Accuracies: 0.8498809523809523 18
Communication round: 46, Smart Eavesdropper Accuracy: 0.9477272727272728 18 1
Communication round: 47, Aggregated Accuracies: 0.8632142857142856 19
Communication round: 47, Smart Eavesdropper Accuracy: 0.9431818181818182 19 1
Communication round: 48, Smart Eavesdropper Accuracy: 0.9386363636363636 19 0
Communication round: 49, Aggregated Accuracies: 0.8669047619047617 20
Communication round: 49, Smart Eavesdropper Accuracy: 0.9568181818181818 20 1
Communication round: 50, Aggregated Accuracies: 0.8880952380952379 21
Communication round: 50, Smart Eavesdropper Accuracy: 0.9522727272727273 21 1
Communication round: 51, Aggregated Accuracies: 0.8905952380952382 22
Communication round: 51, Smart Eavesdropper Accuracy: 0.9522727272727273 22 1
Communication round: 52, Aggregated Accuracies: 0.8967857142857142 23
Communication round: 52, Smart Eavesdropper Accuracy: 0.9363636363636364 23 1
Communication round: 53, Smart Eavesdropper Accuracy: 0.9522727272727273 23 0
Communication round: 54, Smart Eavesdropper Accuracy: 0.9477272727272728 23 0
Communication round: 55, Smart Eavesdropper Accuracy: 0.9590909090909091 23 0
Communication round: 56, Aggregated Accuracies: 0.9 24
Communication round: 56, Smart Eavesdropper Accuracy: 0.9181818181818182 24 1
Communication round: 57, Smart Eavesdropper Accuracy: 0.9522727272727273 24 0
Communication round: 58, Smart Eavesdropper Accuracy: 0.9409090909090909 24 0
Communication round: 59, Smart Eavesdropper Accuracy: 0.9477272727272728 24 0
Communication round: 60, Smart Eavesdropper Accuracy: 0.9363636363636364 24 0
Communication round: 61, Smart Eavesdropper Accuracy: 0.9522727272727273 24 0
Communication round: 62, Smart Eavesdropper Accuracy: 0.9545454545454546 24 0
Communication round: 63, Smart Eavesdropper Accuracy: 0.9522727272727273 24 0
Communication round: 64, Smart Eavesdropper Accuracy: 0.9545454545454546 24 0
Communication round: 65, Smart Eavesdropper Accuracy: 0.9522727272727273 24 0
Communication round: 66, Smart Eavesdropper Accuracy: 0.9545454545454546 24 0
Communication round: 67, Smart Eavesdropper Accuracy: 0.9636363636363636 24 0
Communication round: 68, Smart Eavesdropper Accuracy: 0.9613636363636363 24 0
Communication round: 69, Smart Eavesdropper Accuracy: 0.9386363636363636 24 0
Communication round: 70, Smart Eavesdropper Accuracy: 0.9681818181818181 24 0
Communication round: 71, Smart Eavesdropper Accuracy: 0.9386363636363636 24 0
Communication round: 72, Smart Eavesdropper Accuracy: 0.9681818181818181 24 0
Communication round: 73, Smart Eavesdropper Accuracy: 0.9545454545454546 24 0
Communication round: 74, Smart Eavesdropper Accuracy: 0.9454545454545454 24 0
Communication round: 75, Smart Eavesdropper Accuracy: 0.9613636363636363 24 0
Communication round: 76, Smart Eavesdropper Accuracy: 0.9431818181818182 24 0
Communication round: 77, Smart Eavesdropper Accuracy: 0.9477272727272728 24 0
Communication round: 78, Smart Eavesdropper Accuracy: 0.9545454545454546 24 0
Communication round: 79, Smart Eavesdropper Accuracy: 0.9545454545454546 25 1
Communication round: 80, Smart Eavesdropper Accuracy: 0.95 25 0
Communication round: 81, Smart Eavesdropper Accuracy: 0.9590909090909091 26 1
Communication round: 82, Smart Eavesdropper Accuracy: 0.9522727272727273 26 0
Communication round: 83, Smart Eavesdropper Accuracy: 0.9590909090909091 26 0
Communication round: 84, Smart Eavesdropper Accuracy: 0.9522727272727273 27 1
Communication round: 85, Smart Eavesdropper Accuracy: 0.9613636363636363 27 0
Communication round: 86, Smart Eavesdropper Accuracy: 0.9772727272727273 27 0
Communication round: 87, Smart Eavesdropper Accuracy: 0.95 27 0
Communication round: 88, Smart Eavesdropper Accuracy: 0.9590909090909091 27 0
Communication round: 89, Smart Eavesdropper Accuracy: 0.9568181818181818 27 0
Communication round: 90, Smart Eavesdropper Accuracy: 0.9545454545454546 27 0
Communication round: 91, Smart Eavesdropper Accuracy: 0.9590909090909091 27 0
Communication round: 92, Smart Eavesdropper Accuracy: 0.9636363636363636 27 0
Communication round: 93, Smart Eavesdropper Accuracy: 0.9409090909090909 27 0
Communication round: 94, Smart Eavesdropper Accuracy: 0.9613636363636363 27 0
Communication round: 95, Smart Eavesdropper Accuracy: 0.95 27 0
Communication round: 96, Smart Eavesdropper Accuracy: 0.9409090909090909 27 0
Communication round: 97, Smart Eavesdropper Accuracy: 0.95 27 0
Communication round: 98, Smart Eavesdropper Accuracy: 0.95 27 0
Communication round: 99, Smart Eavesdropper Accuracy: 0.9590909090909091 27 0
----------------------------------------------------------------------------------------------------
Communication round: 0, Smart Eavesdropper Accuracy: 0.275 0 0
Communication round: 1, Smart Eavesdropper Accuracy: 0.5045454545454545 1 1
Communication round: 2, Eavesdropper Accuracy: 0.04772727272727273 2 1
Communication round: 3, Smart Eavesdropper Accuracy: 0.325 2 0
Communication round: 4, Eavesdropper Accuracy: 0.04090909090909091 3 1
Communication round: 5, Eavesdropper Accuracy: 0.0659090909090909 4 1
Communication round: 6, Eavesdropper Accuracy: 0.056818181818181816 4 0
Communication round: 7, Smart Eavesdropper Accuracy: 0.2863636363636364 4 0
Communication round: 8, Aggregated Accuracies: 0.1254761904761905 5
Communication round: 8, Eavesdropper Accuracy: 0.1 5 1
Communication round: 9, Aggregated Accuracies: 0.19 6
Communication round: 9, Eavesdropper Accuracy: 0.18863636363636363 6 1
Communication round: 10, Aggregated Accuracies: 0.28095238095238095 7
Communication round: 10, Eavesdropper Accuracy: 0.30227272727272725 7 1
Communication round: 11, Aggregated Accuracies: 0.37452380952380954 8
Communication round: 11, Eavesdropper Accuracy: 0.3704545454545455 8 1
Communication round: 12, Eavesdropper Accuracy: 0.3840909090909091 9 1
Communication round: 13, Eavesdropper Accuracy: 0.3568181818181818 9 0
Communication round: 14, Eavesdropper Accuracy: 0.4409090909090909 10 1
Communication round: 15, Eavesdropper Accuracy: 0.41363636363636364 10 0
Communication round: 16, Eavesdropper Accuracy: 0.3886363636363636 11 1
Communication round: 17, Eavesdropper Accuracy: 0.37272727272727274 12 1
Communication round: 18, Eavesdropper Accuracy: 0.41363636363636364 13 1
Communication round: 19, Aggregated Accuracies: 0.44595238095238104 14
Communication round: 19, Eavesdropper Accuracy: 0.49318181818181817 14 1
Communication round: 20, Eavesdropper Accuracy: 0.47954545454545455 15 1
Communication round: 21, Eavesdropper Accuracy: 0.45454545454545453 16 1
Communication round: 22, Eavesdropper Accuracy: 0.4340909090909091 17 1
Communication round: 23, Eavesdropper Accuracy: 0.4818181818181818 18 1
Communication round: 24, Aggregated Accuracies: 0.5403571428571429 19
Communication round: 24, Eavesdropper Accuracy: 0.6045454545454545 19 1
Communication round: 25, Eavesdropper Accuracy: 0.5636363636363636 20 1
Communication round: 26, Eavesdropper Accuracy: 0.5931818181818181 21 1
Communication round: 27, Eavesdropper Accuracy: 0.5818181818181818 22 1
Communication round: 28, Aggregated Accuracies: 0.6174999999999999 23
Communication round: 28, Eavesdropper Accuracy: 0.6545454545454545 23 1
Communication round: 29, Eavesdropper Accuracy: 0.6659090909090909 24 1
Communication round: 30, Aggregated Accuracies: 0.6676190476190476 25
Communication round: 30, Eavesdropper Accuracy: 0.7159090909090909 25 1
Communication round: 31, Aggregated Accuracies: 0.7161904761904759 26
Communication round: 31, Eavesdropper Accuracy: 0.7454545454545455 26 1
Communication round: 32, Eavesdropper Accuracy: 0.7431818181818182 27 1
Communication round: 33, Eavesdropper Accuracy: 0.7431818181818182 28 1
Communication round: 34, Eavesdropper Accuracy: 0.7136363636363636 28 0
Communication round: 35, Eavesdropper Accuracy: 0.7 28 0
Communication round: 36, Aggregated Accuracies: 0.7461904761904761 29
Communication round: 36, Eavesdropper Accuracy: 0.759090909090909 29 1
Communication round: 37, Eavesdropper Accuracy: 0.7704545454545455 29 0
Communication round: 38, Eavesdropper Accuracy: 0.7681818181818182 29 0
Communication round: 39, Eavesdropper Accuracy: 0.7704545454545455 29 0
Communication round: 40, Eavesdropper Accuracy: 0.7863636363636364 29 0
Communication round: 41, Aggregated Accuracies: 0.7839285714285715 30
Communication round: 41, Eavesdropper Accuracy: 0.8113636363636364 30 1
Communication round: 42, Aggregated Accuracies: 0.8126190476190478 31
Communication round: 42, Eavesdropper Accuracy: 0.8386363636363636 31 1
Communication round: 43, Aggregated Accuracies: 0.8308333333333333 32
Communication round: 43, Eavesdropper Accuracy: 0.825 32 1
Communication round: 44, Eavesdropper Accuracy: 0.8318181818181818 32 0
Communication round: 45, Aggregated Accuracies: 0.8477380952380953 33
Communication round: 45, Eavesdropper Accuracy: 0.8431818181818181 33 1
Communication round: 46, Aggregated Accuracies: 0.8574999999999999 34
Communication round: 46, Eavesdropper Accuracy: 0.875 34 1
Communication round: 47, Eavesdropper Accuracy: 0.865909090909091 34 0
Communication round: 48, Aggregated Accuracies: 0.8610714285714284 35
Communication round: 48, Eavesdropper Accuracy: 0.8818181818181818 35 1
Communication round: 49, Eavesdropper Accuracy: 0.8886363636363637 35 0
Communication round: 50, Eavesdropper Accuracy: 0.875 35 0
Communication round: 51, Aggregated Accuracies: 0.8776190476190477 36
Communication round: 51, Eavesdropper Accuracy: 0.8704545454545455 36 1
Communication round: 52, Eavesdropper Accuracy: 0.8704545454545455 36 0
Communication round: 53, Aggregated Accuracies: 0.8796428571428571 37
Communication round: 53, Eavesdropper Accuracy: 0.8863636363636364 37 1
Communication round: 54, Aggregated Accuracies: 0.8901190476190475 38
Communication round: 54, Eavesdropper Accuracy: 0.8931818181818182 38 1
Communication round: 55, Aggregated Accuracies: 0.8945238095238095 39
Communication round: 55, Eavesdropper Accuracy: 0.9022727272727272 39 1
Communication round: 56, Aggregated Accuracies: 0.8990476190476191 40
Communication round: 56, Eavesdropper Accuracy: 0.9113636363636364 40 1
Communication round: 57, Aggregated Accuracies: 0.9026190476190477 41
Communication round: 57, Eavesdropper Accuracy: 0.9090909090909091 41 1
Communication round: 58, Aggregated Accuracies: 0.909047619047619 42
Communication round: 58, Eavesdropper Accuracy: 0.9477272727272728 42 1
Communication round: 59, Aggregated Accuracies: 0.9115476190476188 43
Communication round: 59, Eavesdropper Accuracy: 0.9113636363636364 43 1
Communication round: 60, Aggregated Accuracies: 0.9151190476190478 44
Communication round: 60, Eavesdropper Accuracy: 0.9 44 1
Communication round: 61, Aggregated Accuracies: 0.917142857142857 45
Communication round: 61, Eavesdropper Accuracy: 0.9113636363636364 45 1
Communication round: 62, Eavesdropper Accuracy: 0.8954545454545455 45 0
Communication round: 63, Aggregated Accuracies: 0.9223809523809525 46
Communication round: 63, Eavesdropper Accuracy: 0.9227272727272727 46 1
Communication round: 64, Eavesdropper Accuracy: 0.9113636363636364 46 0
Communication round: 65, Eavesdropper Accuracy: 0.9386363636363636 46 0
Communication round: 66, Eavesdropper Accuracy: 0.9386363636363636 46 0
Communication round: 67, Eavesdropper Accuracy: 0.925 46 0
Communication round: 68, Eavesdropper Accuracy: 0.9295454545454546 46 0
Communication round: 69, Eavesdropper Accuracy: 0.9 46 0
Communication round: 70, Eavesdropper Accuracy: 0.9204545454545454 46 0
Communication round: 71, Eavesdropper Accuracy: 0.9068181818181819 46 0
Communication round: 72, Eavesdropper Accuracy: 0.9204545454545454 47 1
Communication round: 73, Eavesdropper Accuracy: 0.9295454545454546 47 0
Communication round: 74, Eavesdropper Accuracy: 0.9045454545454545 47 0
Communication round: 75, Eavesdropper Accuracy: 0.9159090909090909 47 0
Communication round: 76, Eavesdropper Accuracy: 0.9363636363636364 47 0
Communication round: 77, Eavesdropper Accuracy: 0.9090909090909091 47 0
Communication round: 78, Eavesdropper Accuracy: 0.9318181818181818 47 0
Communication round: 79, Eavesdropper Accuracy: 0.925 47 0
Communication round: 80, Eavesdropper Accuracy: 0.9431818181818182 47 0
Communication round: 81, Eavesdropper Accuracy: 0.9181818181818182 47 0
Communication round: 82, Eavesdropper Accuracy: 0.9295454545454546 48 1
Communication round: 83, Eavesdropper Accuracy: 0.925 48 0
Communication round: 84, Eavesdropper Accuracy: 0.9181818181818182 48 0
Communication round: 85, Eavesdropper Accuracy: 0.9363636363636364 48 0
Communication round: 86, Eavesdropper Accuracy: 0.9136363636363637 48 0
Communication round: 87, Eavesdropper Accuracy: 0.9386363636363636 48 0
Communication round: 88, Eavesdropper Accuracy: 0.9159090909090909 48 0
Communication round: 89, Aggregated Accuracies: 0.924047619047619 49
Communication round: 89, Eavesdropper Accuracy: 0.9068181818181819 49 1
Communication round: 90, Eavesdropper Accuracy: 0.9204545454545454 49 0
Communication round: 91, Eavesdropper Accuracy: 0.9477272727272728 49 0
Communication round: 92, Eavesdropper Accuracy: 0.9113636363636364 49 0
Communication round: 93, Eavesdropper Accuracy: 0.9113636363636364 49 0
Communication round: 94, Eavesdropper Accuracy: 0.9318181818181818 49 0
Communication round: 95, Eavesdropper Accuracy: 0.925 49 0
Communication round: 96, Aggregated Accuracies: 0.9251190476190475 50
Communication round: 96, Eavesdropper Accuracy: 0.95 50 1
Communication round: 97, Aggregated Accuracies: 0.9291666666666666 51
Communication round: 97, Eavesdropper Accuracy: 0.9295454545454546 51 1
Communication round: 98, Eavesdropper Accuracy: 0.9340909090909091 51 0
Communication round: 99, Eavesdropper Accuracy: 0.9272727272727272 51 0
----------------------------------------------------------------------------------------------------
Communication round: 0, Eavesdropper Accuracy: 0.08409090909090909 1 1
Communication round: 1, Eavesdropper Accuracy: 0.08636363636363636 2 1
Communication round: 2, Eavesdropper Accuracy: 0.06818181818181818 3 1
Communication round: 3, Eavesdropper Accuracy: 0.075 3 0
Communication round: 4, Eavesdropper Accuracy: 0.075 3 0
Communication round: 5, Smart Eavesdropper Accuracy: 0.2772727272727273 3 0
Communication round: 6, Smart Eavesdropper Accuracy: 0.5613636363636364 3 0
Communication round: 7, Smart Eavesdropper Accuracy: 0.6863636363636364 3 0
Communication round: 8, Smart Eavesdropper Accuracy: 0.7636363636363637 3 0
Communication round: 9, Smart Eavesdropper Accuracy: 0.8318181818181818 4 1
Communication round: 10, Smart Eavesdropper Accuracy: 0.8568181818181818 5 1
Communication round: 11, Aggregated Accuracies: 0.10797619047619048 6
Communication round: 11, Smart Eavesdropper Accuracy: 0.8431818181818181 6 1
Communication round: 12, Eavesdropper Accuracy: 0.10454545454545454 7 1
Communication round: 13, Smart Eavesdropper Accuracy: 0.26590909090909093 7 0
Communication round: 14, Eavesdropper Accuracy: 0.10227272727272728 8 1
Communication round: 15, Smart Eavesdropper Accuracy: 0.29772727272727273 8 0
Communication round: 16, Eavesdropper Accuracy: 0.1340909090909091 9 1
Communication round: 17, Smart Eavesdropper Accuracy: 0.32045454545454544 9 0
Communication round: 18, Smart Eavesdropper Accuracy: 0.5045454545454545 9 0
Communication round: 19, Smart Eavesdropper Accuracy: 0.7159090909090909 10 1
Communication round: 20, Smart Eavesdropper Accuracy: 0.7659090909090909 10 0
Communication round: 21, Smart Eavesdropper Accuracy: 0.8227272727272728 10 0
Communication round: 22, Smart Eavesdropper Accuracy: 0.85 11 1
Communication round: 23, Smart Eavesdropper Accuracy: 0.8704545454545455 11 0
Communication round: 24, Smart Eavesdropper Accuracy: 0.8863636363636364 12 1
Communication round: 25, Smart Eavesdropper Accuracy: 0.884090909090909 12 0
Communication round: 26, Smart Eavesdropper Accuracy: 0.8886363636363637 12 0
Communication round: 27, Smart Eavesdropper Accuracy: 0.9090909090909091 12 0
Communication round: 28, Smart Eavesdropper Accuracy: 0.9363636363636364 12 0
Communication round: 29, Smart Eavesdropper Accuracy: 0.9022727272727272 13 1
Communication round: 30, Smart Eavesdropper Accuracy: 0.9318181818181818 14 1
Communication round: 31, Smart Eavesdropper Accuracy: 0.9068181818181819 14 0
Communication round: 32, Smart Eavesdropper Accuracy: 0.9113636363636364 14 0
Communication round: 33, Smart Eavesdropper Accuracy: 0.9340909090909091 15 1
Communication round: 34, Smart Eavesdropper Accuracy: 0.9181818181818182 16 1
Communication round: 35, Smart Eavesdropper Accuracy: 0.9431818181818182 17 1
Communication round: 36, Aggregated Accuracies: 0.17226190476190478 18
Communication round: 36, Smart Eavesdropper Accuracy: 0.9545454545454546 18 1
Communication round: 37, Smart Eavesdropper Accuracy: 0.95 18 0
Communication round: 38, Smart Eavesdropper Accuracy: 0.9386363636363636 19 1
Communication round: 39, Smart Eavesdropper Accuracy: 0.9454545454545454 20 1
Communication round: 40, Eavesdropper Accuracy: 0.15 21 1
Communication round: 41, Smart Eavesdropper Accuracy: 0.29772727272727273 21 0
Communication round: 42, Eavesdropper Accuracy: 0.1590909090909091 22 1
Communication round: 43, Eavesdropper Accuracy: 0.15454545454545454 23 1
Communication round: 44, Aggregated Accuracies: 0.23178571428571426 24
Communication round: 44, Eavesdropper Accuracy: 0.22727272727272727 24 1
Communication round: 45, Eavesdropper Accuracy: 0.27045454545454545 24 0
Communication round: 46, Eavesdropper Accuracy: 0.26136363636363635 24 0
Communication round: 47, Smart Eavesdropper Accuracy: 0.37272727272727274 24 0
Communication round: 48, Smart Eavesdropper Accuracy: 0.6704545454545454 24 0
Communication round: 49, Smart Eavesdropper Accuracy: 0.7181818181818181 24 0
Communication round: 50, Smart Eavesdropper Accuracy: 0.8204545454545454 24 0
Communication round: 51, Smart Eavesdropper Accuracy: 0.8363636363636363 24 0
Communication round: 52, Smart Eavesdropper Accuracy: 0.8295454545454546 24 0
Communication round: 53, Aggregated Accuracies: 0.33416666666666667 25
Communication round: 53, Smart Eavesdropper Accuracy: 0.8795454545454545 25 1
Communication round: 54, Smart Eavesdropper Accuracy: 0.9045454545454545 25 0
Communication round: 55, Aggregated Accuracies: 0.44166666666666676 26
Communication round: 55, Smart Eavesdropper Accuracy: 0.8977272727272727 26 1
Communication round: 56, Smart Eavesdropper Accuracy: 0.8909090909090909 26 0
Communication round: 57, Smart Eavesdropper Accuracy: 0.9159090909090909 26 0
Communication round: 58, Smart Eavesdropper Accuracy: 0.9204545454545454 26 0
Communication round: 59, Smart Eavesdropper Accuracy: 0.925 27 1
Communication round: 60, Aggregated Accuracies: 0.5232142857142856 28
Communication round: 60, Smart Eavesdropper Accuracy: 0.9272727272727272 28 1
Communication round: 61, Aggregated Accuracies: 0.5786904761904762 29
Communication round: 61, Smart Eavesdropper Accuracy: 0.9181818181818182 29 1
Communication round: 62, Aggregated Accuracies: 0.6504761904761904 30
Communication round: 62, Smart Eavesdropper Accuracy: 0.9181818181818182 30 1
Communication round: 63, Smart Eavesdropper Accuracy: 0.9068181818181819 30 0
Communication round: 64, Smart Eavesdropper Accuracy: 0.9340909090909091 30 0
Communication round: 65, Aggregated Accuracies: 0.7191666666666667 31
Communication round: 65, Smart Eavesdropper Accuracy: 0.9409090909090909 31 1
Communication round: 66, Aggregated Accuracies: 0.7563095238095239 32
Communication round: 66, Smart Eavesdropper Accuracy: 0.9386363636363636 32 1
Communication round: 67, Smart Eavesdropper Accuracy: 0.9295454545454546 33 1
Communication round: 68, Smart Eavesdropper Accuracy: 0.9522727272727273 34 1
Communication round: 69, Smart Eavesdropper Accuracy: 0.9227272727272727 35 1
Communication round: 70, Eavesdropper Accuracy: 0.7818181818181819 36 1
Communication round: 71, Eavesdropper Accuracy: 0.75 37 1
Communication round: 72, Eavesdropper Accuracy: 0.775 37 0
Communication round: 73, Smart Eavesdropper Accuracy: 0.740909090909091 37 0
Communication round: 74, Smart Eavesdropper Accuracy: 0.8 37 0
Communication round: 75, Smart Eavesdropper Accuracy: 0.8409090909090909 38 1
Communication round: 76, Smart Eavesdropper Accuracy: 0.8613636363636363 38 0
Communication round: 77, Smart Eavesdropper Accuracy: 0.8954545454545455 39 1
Communication round: 78, Eavesdropper Accuracy: 0.8204545454545454 40 1
Communication round: 79, Eavesdropper Accuracy: 0.8022727272727272 41 1
Communication round: 80, Aggregated Accuracies: 0.7850000000000001 42
Communication round: 80, Eavesdropper Accuracy: 0.8204545454545454 42 1
Communication round: 81, Aggregated Accuracies: 0.8051190476190477 43
Communication round: 81, Eavesdropper Accuracy: 0.8409090909090909 43 1
Communication round: 82, Eavesdropper Accuracy: 0.8340909090909091 44 1
Communication round: 83, Aggregated Accuracies: 0.8247619047619047 45
Communication round: 83, Eavesdropper Accuracy: 0.825 45 1
Communication round: 84, Eavesdropper Accuracy: 0.8272727272727273 45 0
Communication round: 85, Eavesdropper Accuracy: 0.8545454545454545 45 0
Communication round: 86, Eavesdropper Accuracy: 0.8045454545454546 46 1
Communication round: 87, Eavesdropper Accuracy: 0.8159090909090909 46 0
Communication round: 88, Eavesdropper Accuracy: 0.8090909090909091 47 1
Communication round: 89, Eavesdropper Accuracy: 0.8159090909090909 47 0
Communication round: 90, Eavesdropper Accuracy: 0.8318181818181818 48 1
Communication round: 91, Eavesdropper Accuracy: 0.8340909090909091 48 0
Communication round: 92, Eavesdropper Accuracy: 0.8522727272727273 48 0
Communication round: 93, Eavesdropper Accuracy: 0.8431818181818181 48 0
Communication round: 94, Aggregated Accuracies: 0.8401190476190477 49
Communication round: 94, Eavesdropper Accuracy: 0.8795454545454545 49 1
Communication round: 95, Aggregated Accuracies: 0.8501190476190477 50
Communication round: 95, Eavesdropper Accuracy: 0.8795454545454545 50 1
Communication round: 96, Aggregated Accuracies: 0.8678571428571429 51
Communication round: 96, Eavesdropper Accuracy: 0.8772727272727273 51 1
Communication round: 97, Eavesdropper Accuracy: 0.875 51 0
Communication round: 98, Eavesdropper Accuracy: 0.875 51 0
Communication round: 99, Eavesdropper Accuracy: 0.875 51 0
----------------------------------------------------------------------------------------------------
Communication round: 0, Eavesdropper Accuracy: 0.03636363636363636 1 1
Communication round: 1, Aggregated Accuracies: 0.13190476190476189 2
Communication round: 1, Eavesdropper Accuracy: 0.09545454545454546 2 1
Communication round: 2, Eavesdropper Accuracy: 0.13636363636363635 3 1
Communication round: 3, Eavesdropper Accuracy: 0.10909090909090909 3 0
Communication round: 4, Eavesdropper Accuracy: 0.10227272727272728 3 0
Communication round: 5, Smart Eavesdropper Accuracy: 0.3795454545454545 3 0
Communication round: 6, Eavesdropper Accuracy: 0.12045454545454545 4 1
Communication round: 7, Smart Eavesdropper Accuracy: 0.325 4 0
Communication round: 8, Smart Eavesdropper Accuracy: 0.55 4 0
Communication round: 9, Smart Eavesdropper Accuracy: 0.6590909090909091 4 0
Communication round: 10, Smart Eavesdropper Accuracy: 0.8363636363636363 5 1
Communication round: 11, Aggregated Accuracies: 0.1775 6
Communication round: 11, Smart Eavesdropper Accuracy: 0.8 6 1
Communication round: 12, Eavesdropper Accuracy: 0.20454545454545456 7 1
Communication round: 13, Smart Eavesdropper Accuracy: 0.36363636363636365 7 0
Communication round: 14, Eavesdropper Accuracy: 0.2340909090909091 8 1
Communication round: 15, Eavesdropper Accuracy: 0.18409090909090908 9 1
Communication round: 16, Eavesdropper Accuracy: 0.20909090909090908 10 1
Communication round: 17, Eavesdropper Accuracy: 0.20454545454545456 11 1
Communication round: 18, Eavesdropper Accuracy: 0.18409090909090908 12 1
Communication round: 19, Aggregated Accuracies: 0.2564285714285714 13
Communication round: 19, Eavesdropper Accuracy: 0.2545454545454545 13 1
Communication round: 20, Aggregated Accuracies: 0.4008333333333334 14
Communication round: 20, Eavesdropper Accuracy: 0.42272727272727273 14 1
Communication round: 21, Aggregated Accuracies: 0.5126190476190476 15
Communication round: 21, Eavesdropper Accuracy: 0.5818181818181818 15 1
Communication round: 22, Aggregated Accuracies: 0.5882142857142858 16
Communication round: 22, Eavesdropper Accuracy: 0.6659090909090909 16 1
Communication round: 23, Aggregated Accuracies: 0.6649999999999998 17
Communication round: 23, Eavesdropper Accuracy: 0.6204545454545455 17 1
Communication round: 24, Eavesdropper Accuracy: 0.7022727272727273 17 0
Communication round: 25, Aggregated Accuracies: 0.6976190476190476 18
Communication round: 25, Eavesdropper Accuracy: 0.7431818181818182 18 1
Communication round: 26, Aggregated Accuracies: 0.7327380952380953 19
Communication round: 26, Eavesdropper Accuracy: 0.7477272727272727 19 1
Communication round: 27, Eavesdropper Accuracy: 0.7636363636363637 19 0
Communication round: 28, Eavesdropper Accuracy: 0.7477272727272727 19 0
Communication round: 29, Aggregated Accuracies: 0.7711904761904763 20
Communication round: 29, Eavesdropper Accuracy: 0.7818181818181819 20 1
Communication round: 30, Eavesdropper Accuracy: 0.7681818181818182 21 1
Communication round: 31, Aggregated Accuracies: 0.7982142857142859 22
Communication round: 31, Eavesdropper Accuracy: 0.8159090909090909 22 1
Communication round: 32, Aggregated Accuracies: 0.8113095238095239 23
Communication round: 32, Eavesdropper Accuracy: 0.865909090909091 23 1
Communication round: 33, Eavesdropper Accuracy: 0.825 23 0
Communication round: 34, Eavesdropper Accuracy: 0.8159090909090909 24 1
Communication round: 35, Aggregated Accuracies: 0.8214285714285714 25
Communication round: 35, Eavesdropper Accuracy: 0.8545454545454545 25 1
Communication round: 36, Eavesdropper Accuracy: 0.8431818181818181 25 0
Communication round: 37, Eavesdropper Accuracy: 0.8431818181818181 26 1
Communication round: 38, Eavesdropper Accuracy: 0.8477272727272728 26 0
Communication round: 39, Eavesdropper Accuracy: 0.8522727272727273 26 0
Communication round: 40, Eavesdropper Accuracy: 0.875 26 0
Communication round: 41, Eavesdropper Accuracy: 0.8477272727272728 27 1
Communication round: 42, Eavesdropper Accuracy: 0.8704545454545455 27 0
Communication round: 43, Eavesdropper Accuracy: 0.8454545454545455 28 1
Communication round: 44, Eavesdropper Accuracy: 0.8409090909090909 28 0
Communication round: 45, Eavesdropper Accuracy: 0.8409090909090909 28 0
Communication round: 46, Eavesdropper Accuracy: 0.825 28 0
Communication round: 47, Aggregated Accuracies: 0.8351190476190476 29
Communication round: 47, Eavesdropper Accuracy: 0.8363636363636363 29 1
Communication round: 48, Aggregated Accuracies: 0.8484523809523811 30
Communication round: 48, Eavesdropper Accuracy: 0.8613636363636363 30 1
Communication round: 49, Aggregated Accuracies: 0.8589285714285715 31
Communication round: 49, Eavesdropper Accuracy: 0.8590909090909091 31 1
Communication round: 50, Aggregated Accuracies: 0.8676190476190477 32
Communication round: 50, Eavesdropper Accuracy: 0.865909090909091 32 1
Communication round: 51, Aggregated Accuracies: 0.881547619047619 33
Communication round: 51, Eavesdropper Accuracy: 0.9 33 1
Communication round: 52, Eavesdropper Accuracy: 0.8681818181818182 33 0
Communication round: 53, Eavesdropper Accuracy: 0.9045454545454545 33 0
Communication round: 54, Eavesdropper Accuracy: 0.9045454545454545 34 1
Communication round: 55, Eavesdropper Accuracy: 0.9136363636363637 35 1
Communication round: 56, Eavesdropper Accuracy: 0.8590909090909091 36 1
Communication round: 57, Aggregated Accuracies: 0.8863095238095238 37
Communication round: 57, Eavesdropper Accuracy: 0.8977272727272727 37 1
Communication round: 58, Eavesdropper Accuracy: 0.8795454545454545 37 0
Communication round: 59, Aggregated Accuracies: 0.8853571428571427 38
Communication round: 59, Eavesdropper Accuracy: 0.9022727272727272 38 1
Communication round: 60, Eavesdropper Accuracy: 0.8863636363636364 38 0
Communication round: 61, Eavesdropper Accuracy: 0.8886363636363637 38 0
Communication round: 62, Eavesdropper Accuracy: 0.8886363636363637 38 0
Communication round: 63, Eavesdropper Accuracy: 0.9227272727272727 38 0
Communication round: 64, Eavesdropper Accuracy: 0.9 38 0
Communication round: 65, Eavesdropper Accuracy: 0.8954545454545455 38 0
Communication round: 66, Eavesdropper Accuracy: 0.8818181818181818 39 1
Communication round: 67, Aggregated Accuracies: 0.8890476190476191 40
Communication round: 67, Eavesdropper Accuracy: 0.9318181818181818 40 1
Communication round: 68, Aggregated Accuracies: 0.8916666666666668 41
Communication round: 68, Eavesdropper Accuracy: 0.8818181818181818 41 1
Communication round: 69, Aggregated Accuracies: 0.8969047619047616 42
Communication round: 69, Eavesdropper Accuracy: 0.9 42 1
Communication round: 70, Aggregated Accuracies: 0.9036904761904759 43
Communication round: 70, Eavesdropper Accuracy: 0.9136363636363637 43 1
Communication round: 71, Aggregated Accuracies: 0.9055952380952382 44
Communication round: 71, Eavesdropper Accuracy: 0.8977272727272727 44 1
Communication round: 72, Eavesdropper Accuracy: 0.9227272727272727 44 0
Communication round: 73, Eavesdropper Accuracy: 0.8954545454545455 45 1
Communication round: 74, Eavesdropper Accuracy: 0.925 45 0
Communication round: 75, Eavesdropper Accuracy: 0.9068181818181819 45 0
Communication round: 76, Aggregated Accuracies: 0.9122619047619048 46
Communication round: 76, Eavesdropper Accuracy: 0.9022727272727272 46 1
Communication round: 77, Eavesdropper Accuracy: 0.9136363636363637 46 0
Communication round: 78, Eavesdropper Accuracy: 0.9318181818181818 46 0
Communication round: 79, Eavesdropper Accuracy: 0.9068181818181819 46 0
Communication round: 80, Eavesdropper Accuracy: 0.9204545454545454 46 0
Communication round: 81, Aggregated Accuracies: 0.9117857142857145 47
Communication round: 81, Eavesdropper Accuracy: 0.9159090909090909 47 1
Communication round: 82, Aggregated Accuracies: 0.9166666666666667 48
Communication round: 82, Eavesdropper Accuracy: 0.9090909090909091 48 1
Communication round: 83, Aggregated Accuracies: 0.9208333333333332 49
Communication round: 83, Eavesdropper Accuracy: 0.9340909090909091 49 1
Communication round: 84, Eavesdropper Accuracy: 0.9113636363636364 49 0
Communication round: 85, Eavesdropper Accuracy: 0.9068181818181819 49 0
Communication round: 86, Eavesdropper Accuracy: 0.9181818181818182 49 0
Communication round: 87, Eavesdropper Accuracy: 0.9204545454545454 49 0
Communication round: 88, Eavesdropper Accuracy: 0.9 49 0
Communication round: 89, Eavesdropper Accuracy: 0.9318181818181818 49 0
Communication round: 90, Eavesdropper Accuracy: 0.8954545454545455 49 0
Communication round: 91, Eavesdropper Accuracy: 0.9431818181818182 49 0
Communication round: 92, Eavesdropper Accuracy: 0.9204545454545454 49 0
Communication round: 93, Eavesdropper Accuracy: 0.9340909090909091 49 0
Communication round: 94, Eavesdropper Accuracy: 0.9090909090909091 49 0
Communication round: 95, Eavesdropper Accuracy: 0.9181818181818182 49 0
Communication round: 96, Eavesdropper Accuracy: 0.9181818181818182 49 0
Communication round: 97, Eavesdropper Accuracy: 0.9295454545454546 50 1
Communication round: 98, Eavesdropper Accuracy: 0.9090909090909091 50 0
Communication round: 99, Smart Eavesdropper Accuracy: 0.9022727272727272 50 0
----------------------------------------------------------------------------------------------------
Communication round: 0, Smart Eavesdropper Accuracy: 0.3068181818181818 0 0
Communication round: 1, Smart Eavesdropper Accuracy: 0.5045454545454545 0 0
Communication round: 2, Smart Eavesdropper Accuracy: 0.7386363636363636 1 1
Communication round: 3, Smart Eavesdropper Accuracy: 0.8181818181818182 1 0
Communication round: 4, Smart Eavesdropper Accuracy: 0.875 2 1
Communication round: 5, Smart Eavesdropper Accuracy: 0.865909090909091 3 1
Communication round: 6, Smart Eavesdropper Accuracy: 0.8931818181818182 3 0
Communication round: 7, Aggregated Accuracies: 0.13607142857142857 4
Communication round: 7, Smart Eavesdropper Accuracy: 0.8909090909090909 4 1
Communication round: 8, Aggregated Accuracies: 0.2790476190476191 5
Communication round: 8, Eavesdropper Accuracy: 0.3159090909090909 5 1
Communication round: 9, Smart Eavesdropper Accuracy: 0.32272727272727275 5 0
Communication round: 10, Smart Eavesdropper Accuracy: 0.5818181818181818 5 0
Communication round: 11, Aggregated Accuracies: 0.39416666666666667 6
Communication round: 11, Smart Eavesdropper Accuracy: 0.7545454545454545 6 1
Communication round: 12, Aggregated Accuracies: 0.5 7
Communication round: 12, Eavesdropper Accuracy: 0.5431818181818182 7 1
Communication round: 13, Aggregated Accuracies: 0.5708333333333334 8
Communication round: 13, Eavesdropper Accuracy: 0.6204545454545455 8 1
Communication round: 14, Aggregated Accuracies: 0.6307142857142857 9
Communication round: 14, Eavesdropper Accuracy: 0.6454545454545455 9 1
Communication round: 15, Eavesdropper Accuracy: 0.625 10 1
Communication round: 16, Aggregated Accuracies: 0.6733333333333331 11
Communication round: 16, Eavesdropper Accuracy: 0.6909090909090909 11 1
Communication round: 17, Eavesdropper Accuracy: 0.7363636363636363 12 1
Communication round: 18, Eavesdropper Accuracy: 0.725 12 0
Communication round: 19, Eavesdropper Accuracy: 0.7204545454545455 13 1
Communication round: 20, Eavesdropper Accuracy: 0.7272727272727273 14 1
Communication round: 21, Eavesdropper Accuracy: 0.6863636363636364 14 0
Communication round: 22, Eavesdropper Accuracy: 0.7181818181818181 14 0
Communication round: 23, Eavesdropper Accuracy: 0.7272727272727273 15 1
Communication round: 24, Eavesdropper Accuracy: 0.7159090909090909 15 0
Communication round: 25, Eavesdropper Accuracy: 0.7068181818181818 16 1
Communication round: 26, Eavesdropper Accuracy: 0.6863636363636364 16 0
Communication round: 27, Eavesdropper Accuracy: 0.7022727272727273 17 1
Communication round: 28, Eavesdropper Accuracy: 0.725 18 1
Communication round: 29, Eavesdropper Accuracy: 0.7272727272727273 19 1
Communication round: 30, Eavesdropper Accuracy: 0.7272727272727273 20 1
Communication round: 31, Eavesdropper Accuracy: 0.7159090909090909 21 1
Communication round: 32, Eavesdropper Accuracy: 0.725 21 0
Communication round: 33, Eavesdropper Accuracy: 0.7045454545454546 21 0
Communication round: 34, Eavesdropper Accuracy: 0.6909090909090909 21 0
Communication round: 35, Eavesdropper Accuracy: 0.6954545454545454 21 0
Communication round: 36, Eavesdropper Accuracy: 0.7318181818181818 22 1
Communication round: 37, Eavesdropper Accuracy: 0.6977272727272728 23 1
Communication round: 38, Eavesdropper Accuracy: 0.7045454545454546 24 1
Communication round: 39, Eavesdropper Accuracy: 0.6931818181818182 25 1
Communication round: 40, Eavesdropper Accuracy: 0.7113636363636363 26 1
Communication round: 41, Aggregated Accuracies: 0.7214285714285714 27
Communication round: 41, Eavesdropper Accuracy: 0.7431818181818182 27 1
Communication round: 42, Aggregated Accuracies: 0.7535714285714286 28
Communication round: 42, Eavesdropper Accuracy: 0.7568181818181818 28 1
Communication round: 43, Aggregated Accuracies: 0.7854761904761904 29
Communication round: 43, Eavesdropper Accuracy: 0.7886363636363637 29 1
Communication round: 44, Eavesdropper Accuracy: 0.7977272727272727 29 0
Communication round: 45, Eavesdropper Accuracy: 0.8227272727272728 29 0
Communication round: 46, Eavesdropper Accuracy: 0.8227272727272728 29 0
Communication round: 47, Eavesdropper Accuracy: 0.7931818181818182 29 0
Communication round: 48, Eavesdropper Accuracy: 0.7954545454545454 29 0
Communication round: 49, Eavesdropper Accuracy: 0.8090909090909091 29 0
Communication round: 50, Eavesdropper Accuracy: 0.7977272727272727 29 0
Communication round: 51, Eavesdropper Accuracy: 0.7568181818181818 29 0
Communication round: 52, Eavesdropper Accuracy: 0.8340909090909091 29 0
Communication round: 53, Aggregated Accuracies: 0.8008333333333335 30
Communication round: 53, Eavesdropper Accuracy: 0.8340909090909091 30 1
Communication round: 54, Eavesdropper Accuracy: 0.8136363636363636 30 0
Communication round: 55, Eavesdropper Accuracy: 0.8090909090909091 30 0
Communication round: 56, Eavesdropper Accuracy: 0.8386363636363636 31 1
Communication round: 57, Eavesdropper Accuracy: 0.8204545454545454 31 0
Communication round: 58, Eavesdropper Accuracy: 0.8 31 0
Communication round: 59, Aggregated Accuracies: 0.8120238095238097 32
Communication round: 59, Eavesdropper Accuracy: 0.8318181818181818 32 1
Communication round: 60, Eavesdropper Accuracy: 0.8159090909090909 32 0
Communication round: 61, Eavesdropper Accuracy: 0.8568181818181818 32 0
Communication round: 62, Eavesdropper Accuracy: 0.7954545454545454 32 0
Communication round: 63, Smart Eavesdropper Accuracy: 0.7704545454545455 32 0
Communication round: 64, Smart Eavesdropper Accuracy: 0.8181818181818182 32 0
Communication round: 65, Smart Eavesdropper Accuracy: 0.875 32 0
Communication round: 66, Aggregated Accuracies: 0.8346428571428571 33
Communication round: 66, Smart Eavesdropper Accuracy: 0.8704545454545455 33 1
Communication round: 67, Aggregated Accuracies: 0.8480952380952381 34
Communication round: 67, Smart Eavesdropper Accuracy: 0.9181818181818182 34 1
Communication round: 68, Aggregated Accuracies: 0.8579761904761904 35
Communication round: 68, Eavesdropper Accuracy: 0.8772727272727273 35 1
Communication round: 69, Aggregated Accuracies: 0.8696428571428569 36
Communication round: 69, Eavesdropper Accuracy: 0.8545454545454545 36 1
Communication round: 70, Aggregated Accuracies: 0.8764285714285711 37
Communication round: 70, Eavesdropper Accuracy: 0.8818181818181818 37 1
Communication round: 71, Aggregated Accuracies: 0.8880952380952382 38
Communication round: 71, Eavesdropper Accuracy: 0.8818181818181818 38 1
Communication round: 72, Aggregated Accuracies: 0.8929761904761904 39
Communication round: 72, Eavesdropper Accuracy: 0.8954545454545455 39 1
Communication round: 73, Aggregated Accuracies: 0.8939285714285713 40
Communication round: 73, Eavesdropper Accuracy: 0.8886363636363637 40 1
Communication round: 74, Aggregated Accuracies: 0.8977380952380951 41
Communication round: 74, Eavesdropper Accuracy: 0.9045454545454545 41 1
Communication round: 75, Aggregated Accuracies: 0.9057142857142859 42
Communication round: 75, Eavesdropper Accuracy: 0.9272727272727272 42 1
Communication round: 76, Eavesdropper Accuracy: 0.9 43 1
Communication round: 77, Eavesdropper Accuracy: 0.925 44 1
Communication round: 78, Aggregated Accuracies: 0.9065476190476189 45
Communication round: 78, Eavesdropper Accuracy: 0.9295454545454546 45 1
Communication round: 79, Aggregated Accuracies: 0.9149999999999998 46
Communication round: 79, Eavesdropper Accuracy: 0.9340909090909091 46 1
Communication round: 80, Aggregated Accuracies: 0.9184523809523808 47
Communication round: 80, Eavesdropper Accuracy: 0.9340909090909091 47 1
Communication round: 81, Aggregated Accuracies: 0.9188095238095239 48
Communication round: 81, Eavesdropper Accuracy: 0.9090909090909091 48 1
Communication round: 82, Eavesdropper Accuracy: 0.9159090909090909 48 0
Communication round: 83, Eavesdropper Accuracy: 0.9227272727272727 48 0
Communication round: 84, Eavesdropper Accuracy: 0.9318181818181818 48 0
Communication round: 85, Eavesdropper Accuracy: 0.9181818181818182 49 1
Communication round: 86, Eavesdropper Accuracy: 0.9363636363636364 49 0
Communication round: 87, Eavesdropper Accuracy: 0.9363636363636364 49 0
Communication round: 88, Eavesdropper Accuracy: 0.9090909090909091 49 0
Communication round: 89, Eavesdropper Accuracy: 0.9386363636363636 49 0
Communication round: 90, Eavesdropper Accuracy: 0.9204545454545454 49 0
Communication round: 91, Eavesdropper Accuracy: 0.9340909090909091 49 0
Communication round: 92, Eavesdropper Accuracy: 0.9386363636363636 49 0
Communication round: 93, Eavesdropper Accuracy: 0.9204545454545454 49 0
Communication round: 94, Eavesdropper Accuracy: 0.9 49 0
Communication round: 95, Eavesdropper Accuracy: 0.9181818181818182 50 1
Communication round: 96, Eavesdropper Accuracy: 0.9181818181818182 50 0
Communication round: 97, Eavesdropper Accuracy: 0.9113636363636364 50 0
Communication round: 98, Eavesdropper Accuracy: 0.9113636363636364 51 1
Communication round: 99, Aggregated Accuracies: 0.9217857142857142 52
Communication round: 99, Eavesdropper Accuracy: 0.9295454545454546 52 1
----------------------------------------------------------------------------------------------------
