Communication round: 0, Smart Eavesdropper Accuracy: 0.0 0 0
Communication round: 1, Smart Eavesdropper Accuracy: 0.006818181818181818 1 1
Communication round: 2, Smart Eavesdropper Accuracy: 0.06818181818181818 1 0
Communication round: 3, Smart Eavesdropper Accuracy: 0.16363636363636364 1 0
Communication round: 4, Smart Eavesdropper Accuracy: 0.23863636363636365 1 0
Communication round: 5, Aggregated Accuracies: 0.17130952380952383 2
Communication round: 5, Smart Eavesdropper Accuracy: 0.3409090909090909 2 1
Communication round: 6, Smart Eavesdropper Accuracy: 0.27954545454545454 2 0
Communication round: 7, Aggregated Accuracies: 0.27642857142857147 3
Communication round: 7, Smart Eavesdropper Accuracy: 0.42727272727272725 3 1
Communication round: 8, Aggregated Accuracies: 0.36583333333333334 4
Communication round: 8, Smart Eavesdropper Accuracy: 0.47954545454545455 4 1
Communication round: 9, Aggregated Accuracies: 0.43619047619047613 5
Communication round: 9, Smart Eavesdropper Accuracy: 0.5522727272727272 5 1
Communication round: 10, Smart Eavesdropper Accuracy: 0.5318181818181819 5 0
Communication round: 11, Aggregated Accuracies: 0.5430952380952381 6
Communication round: 11, Smart Eavesdropper Accuracy: 0.5568181818181818 6 1
Communication round: 12, Smart Eavesdropper Accuracy: 0.5795454545454546 6 0
Communication round: 13, Aggregated Accuracies: 0.5961904761904762 7
Communication round: 13, Smart Eavesdropper Accuracy: 0.6909090909090909 7 1
Communication round: 14, Aggregated Accuracies: 0.6767857142857141 8
Communication round: 14, Eavesdropper Accuracy: 0.6681818181818182 8 1
Communication round: 15, Aggregated Accuracies: 0.7117857142857142 9
Communication round: 15, Eavesdropper Accuracy: 0.7431818181818182 9 1
Communication round: 16, Aggregated Accuracies: 0.7507142857142858 10
Communication round: 16, Eavesdropper Accuracy: 0.7568181818181818 10 1
Communication round: 17, Eavesdropper Accuracy: 0.7363636363636363 10 0
Communication round: 18, Aggregated Accuracies: 0.7814285714285716 11
Communication round: 18, Eavesdropper Accuracy: 0.8090909090909091 11 1
Communication round: 19, Aggregated Accuracies: 0.8020238095238096 12
Communication round: 19, Eavesdropper Accuracy: 0.8068181818181818 12 1
Communication round: 20, Aggregated Accuracies: 0.8247619047619048 13
Communication round: 20, Eavesdropper Accuracy: 0.825 13 1
Communication round: 21, Eavesdropper Accuracy: 0.8227272727272728 14 1
Communication round: 22, Aggregated Accuracies: 0.8341666666666668 15
Communication round: 22, Eavesdropper Accuracy: 0.825 15 1
Communication round: 23, Aggregated Accuracies: 0.8497619047619047 16
Communication round: 23, Eavesdropper Accuracy: 0.8545454545454545 16 1
Communication round: 24, Eavesdropper Accuracy: 0.8454545454545455 16 0
Communication round: 25, Eavesdropper Accuracy: 0.8545454545454545 16 0
Communication round: 26, Eavesdropper Accuracy: 0.8522727272727273 16 0
Communication round: 27, Aggregated Accuracies: 0.856190476190476 17
Communication round: 27, Eavesdropper Accuracy: 0.85 17 1
Communication round: 28, Eavesdropper Accuracy: 0.8636363636363636 17 0
Communication round: 29, Eavesdropper Accuracy: 0.865909090909091 17 0
Communication round: 30, Eavesdropper Accuracy: 0.8409090909090909 17 0
Communication round: 31, Eavesdropper Accuracy: 0.8568181818181818 18 1
Communication round: 32, Eavesdropper Accuracy: 0.8772727272727273 19 1
Communication round: 33, Eavesdropper Accuracy: 0.8386363636363636 20 1
Communication round: 34, Aggregated Accuracies: 0.8629761904761905 21
Communication round: 34, Eavesdropper Accuracy: 0.8568181818181818 21 1
Communication round: 35, Eavesdropper Accuracy: 0.8704545454545455 21 0
Communication round: 36, Eavesdropper Accuracy: 0.865909090909091 21 0
Communication round: 37, Eavesdropper Accuracy: 0.8863636363636364 21 0
Communication round: 38, Aggregated Accuracies: 0.8715476190476192 22
Communication round: 38, Eavesdropper Accuracy: 0.8568181818181818 22 1
Communication round: 39, Aggregated Accuracies: 0.8772619047619047 23
Communication round: 39, Eavesdropper Accuracy: 0.8795454545454545 23 1
Communication round: 40, Aggregated Accuracies: 0.8889285714285713 24
Communication round: 40, Eavesdropper Accuracy: 0.8909090909090909 24 1
Communication round: 41, Aggregated Accuracies: 0.8949999999999999 25
Communication round: 41, Eavesdropper Accuracy: 0.8909090909090909 25 1
Communication round: 42, Eavesdropper Accuracy: 0.9 25 0
Communication round: 43, Eavesdropper Accuracy: 0.9068181818181819 25 0
Communication round: 44, Eavesdropper Accuracy: 0.8977272727272727 26 1
Communication round: 45, Eavesdropper Accuracy: 0.9159090909090909 26 0
Communication round: 46, Eavesdropper Accuracy: 0.9 26 0
Communication round: 47, Eavesdropper Accuracy: 0.8977272727272727 26 0
Communication round: 48, Eavesdropper Accuracy: 0.9090909090909091 26 0
Communication round: 49, Eavesdropper Accuracy: 0.8863636363636364 26 0
Communication round: 50, Eavesdropper Accuracy: 0.8931818181818182 26 0
Communication round: 51, Smart Eavesdropper Accuracy: 0.6545454545454545 26 0
Communication round: 52, Aggregated Accuracies: 0.8923809523809523 27
Communication round: 52, Eavesdropper Accuracy: 0.8818181818181818 27 1
Communication round: 53, Smart Eavesdropper Accuracy: 0.5840909090909091 27 0
Communication round: 54, Aggregated Accuracies: 0.9008333333333335 28
Communication round: 54, Eavesdropper Accuracy: 0.9068181818181819 28 1
Communication round: 55, Aggregated Accuracies: 0.9054761904761905 29
Communication round: 55, Eavesdropper Accuracy: 0.9409090909090909 29 1
Communication round: 56, Eavesdropper Accuracy: 0.9090909090909091 29 0
Communication round: 57, Smart Eavesdropper Accuracy: 0.7795454545454545 29 0
Communication round: 58, Eavesdropper Accuracy: 0.9136363636363637 30 1
Communication round: 59, Smart Eavesdropper Accuracy: 0.6863636363636364 30 0
Communication round: 60, Smart Eavesdropper Accuracy: 0.740909090909091 30 0
Communication round: 61, Smart Eavesdropper Accuracy: 0.6477272727272727 30 0
Communication round: 62, Smart Eavesdropper Accuracy: 0.7 30 0
Communication round: 63, Smart Eavesdropper Accuracy: 0.65 30 0
Communication round: 64, Smart Eavesdropper Accuracy: 0.7159090909090909 30 0
Communication round: 65, Smart Eavesdropper Accuracy: 0.7386363636363636 30 0
Communication round: 66, Smart Eavesdropper Accuracy: 0.7022727272727273 30 0
Communication round: 67, Smart Eavesdropper Accuracy: 0.7772727272727272 30 0
Communication round: 68, Smart Eavesdropper Accuracy: 0.7272727272727273 30 0
Communication round: 69, Smart Eavesdropper Accuracy: 0.7204545454545455 30 0
Communication round: 70, Smart Eavesdropper Accuracy: 0.7909090909090909 30 0
Communication round: 71, Smart Eavesdropper Accuracy: 0.7704545454545455 30 0
Communication round: 72, Smart Eavesdropper Accuracy: 0.7568181818181818 31 1
Communication round: 73, Smart Eavesdropper Accuracy: 0.775 32 1
Communication round: 74, Smart Eavesdropper Accuracy: 0.7954545454545454 32 0
Communication round: 75, Smart Eavesdropper Accuracy: 0.8113636363636364 32 0
Communication round: 76, Smart Eavesdropper Accuracy: 0.7704545454545455 32 0
Communication round: 77, Aggregated Accuracies: 0.9077380952380952 33
Communication round: 77, Smart Eavesdropper Accuracy: 0.8090909090909091 33 1
Communication round: 78, Smart Eavesdropper Accuracy: 0.7227272727272728 33 0
Communication round: 79, Aggregated Accuracies: 0.912857142857143 34
Communication round: 79, Smart Eavesdropper Accuracy: 0.8113636363636364 34 1
Communication round: 80, Aggregated Accuracies: 0.9138095238095237 35
Communication round: 80, Smart Eavesdropper Accuracy: 0.7613636363636364 35 1
Communication round: 81, Smart Eavesdropper Accuracy: 0.8227272727272728 35 0
Communication round: 82, Smart Eavesdropper Accuracy: 0.8136363636363636 35 0
Communication round: 83, Smart Eavesdropper Accuracy: 0.8272727272727273 35 0
Communication round: 84, Smart Eavesdropper Accuracy: 0.8272727272727273 35 0
Communication round: 85, Aggregated Accuracies: 0.9158333333333333 36
Communication round: 85, Smart Eavesdropper Accuracy: 0.8431818181818181 36 1
Communication round: 86, Aggregated Accuracies: 0.917142857142857 37
Communication round: 86, Smart Eavesdropper Accuracy: 0.8431818181818181 37 1
Communication round: 87, Aggregated Accuracies: 0.9226190476190477 38
Communication round: 87, Smart Eavesdropper Accuracy: 0.8363636363636363 38 1
Communication round: 88, Smart Eavesdropper Accuracy: 0.8477272727272728 38 0
Communication round: 89, Smart Eavesdropper Accuracy: 0.8204545454545454 38 0
Communication round: 90, Aggregated Accuracies: 0.9225000000000003 39
Communication round: 90, Smart Eavesdropper Accuracy: 0.8159090909090909 39 1
Communication round: 91, Smart Eavesdropper Accuracy: 0.8181818181818182 39 0
Communication round: 92, Smart Eavesdropper Accuracy: 0.8409090909090909 39 0
Communication round: 93, Smart Eavesdropper Accuracy: 0.8295454545454546 39 0
Communication round: 94, Smart Eavesdropper Accuracy: 0.8295454545454546 39 0
Communication round: 95, Smart Eavesdropper Accuracy: 0.7840909090909091 39 0
Communication round: 96, Smart Eavesdropper Accuracy: 0.7704545454545455 39 0
Communication round: 97, Smart Eavesdropper Accuracy: 0.8295454545454546 39 0
Communication round: 98, Smart Eavesdropper Accuracy: 0.7909090909090909 39 0
Communication round: 99, Smart Eavesdropper Accuracy: 0.8477272727272728 39 0
----------------------------------------------------------------------------------------------------
Communication round: 0, Eavesdropper Accuracy: 0.19772727272727272 1 1
Communication round: 1, Smart Eavesdropper Accuracy: 0.0022727272727272726 1 0
Communication round: 2, Eavesdropper Accuracy: 0.19318181818181818 2 1
Communication round: 3, Eavesdropper Accuracy: 0.2318181818181818 3 1
Communication round: 4, Eavesdropper Accuracy: 0.17727272727272728 4 1
Communication round: 5, Eavesdropper Accuracy: 0.22045454545454546 5 1
Communication round: 6, Aggregated Accuracies: 0.18369047619047618 6
Communication round: 6, Eavesdropper Accuracy: 0.22954545454545455 6 1
Communication round: 7, Eavesdropper Accuracy: 0.24545454545454545 6 0
Communication round: 8, Aggregated Accuracies: 0.29904761904761906 7
Communication round: 8, Eavesdropper Accuracy: 0.32045454545454544 7 1
Communication round: 9, Eavesdropper Accuracy: 0.33636363636363636 7 0
Communication round: 10, Eavesdropper Accuracy: 0.2909090909090909 7 0
Communication round: 11, Eavesdropper Accuracy: 0.2772727272727273 7 0
Communication round: 12, Aggregated Accuracies: 0.4325 8
Communication round: 12, Eavesdropper Accuracy: 0.42045454545454547 8 1
Communication round: 13, Eavesdropper Accuracy: 0.3795454545454545 8 0
Communication round: 14, Eavesdropper Accuracy: 0.42045454545454547 8 0
Communication round: 15, Aggregated Accuracies: 0.5419047619047619 9
Communication round: 15, Eavesdropper Accuracy: 0.5295454545454545 9 1
Communication round: 16, Eavesdropper Accuracy: 0.5227272727272727 9 0
Communication round: 17, Smart Eavesdropper Accuracy: 0.1 9 0
Communication round: 18, Aggregated Accuracies: 0.5898809523809525 10
Communication round: 18, Eavesdropper Accuracy: 0.5636363636363636 10 1
Communication round: 19, Eavesdropper Accuracy: 0.5954545454545455 11 1
Communication round: 20, Aggregated Accuracies: 0.6407142857142858 12
Communication round: 20, Eavesdropper Accuracy: 0.6045454545454545 12 1
Communication round: 21, Aggregated Accuracies: 0.6901190476190477 13
Communication round: 21, Eavesdropper Accuracy: 0.6659090909090909 13 1
Communication round: 22, Aggregated Accuracies: 0.7086904761904762 14
Communication round: 22, Eavesdropper Accuracy: 0.7363636363636363 14 1
Communication round: 23, Eavesdropper Accuracy: 0.7068181818181818 14 0
Communication round: 24, Eavesdropper Accuracy: 0.6772727272727272 15 1
Communication round: 25, Aggregated Accuracies: 0.7424999999999999 16
Communication round: 25, Eavesdropper Accuracy: 0.740909090909091 16 1
Communication round: 26, Eavesdropper Accuracy: 0.7477272727272727 16 0
Communication round: 27, Eavesdropper Accuracy: 0.7318181818181818 17 1
Communication round: 28, Eavesdropper Accuracy: 0.7431818181818182 18 1
Communication round: 29, Eavesdropper Accuracy: 0.6772727272727272 19 1
Communication round: 30, Eavesdropper Accuracy: 0.7454545454545455 20 1
Communication round: 31, Eavesdropper Accuracy: 0.7113636363636363 21 1
Communication round: 32, Aggregated Accuracies: 0.7764285714285715 22
Communication round: 32, Eavesdropper Accuracy: 0.7477272727272727 22 1
Communication round: 33, Aggregated Accuracies: 0.789404761904762 23
Communication round: 33, Eavesdropper Accuracy: 0.8136363636363636 23 1
Communication round: 34, Eavesdropper Accuracy: 0.7636363636363637 24 1
Communication round: 35, Eavesdropper Accuracy: 0.7818181818181819 25 1
Communication round: 36, Eavesdropper Accuracy: 0.8090909090909091 26 1
Communication round: 37, Aggregated Accuracies: 0.8115476190476191 27
Communication round: 37, Eavesdropper Accuracy: 0.7840909090909091 27 1
Communication round: 38, Aggregated Accuracies: 0.8254761904761905 28
Communication round: 38, Eavesdropper Accuracy: 0.8318181818181818 28 1
Communication round: 39, Aggregated Accuracies: 0.8425000000000002 29
Communication round: 39, Eavesdropper Accuracy: 0.8340909090909091 29 1
Communication round: 40, Aggregated Accuracies: 0.8533333333333333 30
Communication round: 40, Eavesdropper Accuracy: 0.865909090909091 30 1
Communication round: 41, Aggregated Accuracies: 0.8663095238095238 31
Communication round: 41, Eavesdropper Accuracy: 0.8704545454545455 31 1
Communication round: 42, Aggregated Accuracies: 0.8758333333333335 32
Communication round: 42, Eavesdropper Accuracy: 0.8931818181818182 32 1
Communication round: 43, Eavesdropper Accuracy: 0.8727272727272727 33 1
Communication round: 44, Aggregated Accuracies: 0.8821428571428571 34
Communication round: 44, Eavesdropper Accuracy: 0.8909090909090909 34 1
Communication round: 45, Aggregated Accuracies: 0.8820238095238097 35
Communication round: 45, Eavesdropper Accuracy: 0.8931818181818182 35 1
Communication round: 46, Aggregated Accuracies: 0.8926190476190478 36
Communication round: 46, Eavesdropper Accuracy: 0.8931818181818182 36 1
Communication round: 47, Aggregated Accuracies: 0.8953571428571427 37
Communication round: 47, Eavesdropper Accuracy: 0.9204545454545454 37 1
Communication round: 48, Aggregated Accuracies: 0.8997619047619047 38
Communication round: 48, Eavesdropper Accuracy: 0.9318181818181818 38 1
Communication round: 49, Aggregated Accuracies: 0.9065476190476189 39
Communication round: 49, Eavesdropper Accuracy: 0.9068181818181819 39 1
Communication round: 50, Eavesdropper Accuracy: 0.9181818181818182 40 1
Communication round: 51, Eavesdropper Accuracy: 0.9113636363636364 41 1
Communication round: 52, Aggregated Accuracies: 0.909047619047619 42
Communication round: 52, Eavesdropper Accuracy: 0.9022727272727272 42 1
Communication round: 53, Aggregated Accuracies: 0.9152380952380952 43
Communication round: 53, Eavesdropper Accuracy: 0.9204545454545454 43 1
Communication round: 54, Aggregated Accuracies: 0.9179761904761905 44
Communication round: 54, Eavesdropper Accuracy: 0.9068181818181819 44 1
Communication round: 55, Aggregated Accuracies: 0.9158333333333332 45
Communication round: 55, Eavesdropper Accuracy: 0.9136363636363637 45 1
Communication round: 56, Aggregated Accuracies: 0.9180952380952379 46
Communication round: 56, Eavesdropper Accuracy: 0.9181818181818182 46 1
Communication round: 57, Aggregated Accuracies: 0.921190476190476 47
Communication round: 57, Eavesdropper Accuracy: 0.9204545454545454 47 1
Communication round: 58, Eavesdropper Accuracy: 0.9204545454545454 47 0
Communication round: 59, Eavesdropper Accuracy: 0.9318181818181818 47 0
Communication round: 60, Eavesdropper Accuracy: 0.9136363636363637 47 0
Communication round: 61, Eavesdropper Accuracy: 0.9022727272727272 47 0
Communication round: 62, Eavesdropper Accuracy: 0.9159090909090909 47 0
Communication round: 63, Eavesdropper Accuracy: 0.9340909090909091 47 0
Communication round: 64, Eavesdropper Accuracy: 0.9090909090909091 47 0
Communication round: 65, Eavesdropper Accuracy: 0.9204545454545454 47 0
Communication round: 66, Eavesdropper Accuracy: 0.9045454545454545 47 0
Communication round: 67, Eavesdropper Accuracy: 0.9159090909090909 47 0
Communication round: 68, Eavesdropper Accuracy: 0.9227272727272727 47 0
Communication round: 69, Eavesdropper Accuracy: 0.925 47 0
Communication round: 70, Eavesdropper Accuracy: 0.9159090909090909 47 0
Communication round: 71, Eavesdropper Accuracy: 0.9159090909090909 47 0
Communication round: 72, Eavesdropper Accuracy: 0.9159090909090909 47 0
Communication round: 73, Eavesdropper Accuracy: 0.9318181818181818 47 0
Communication round: 74, Eavesdropper Accuracy: 0.925 47 0
Communication round: 75, Eavesdropper Accuracy: 0.9159090909090909 47 0
Communication round: 76, Aggregated Accuracies: 0.9247619047619047 48
Communication round: 76, Eavesdropper Accuracy: 0.9 48 1
Communication round: 77, Eavesdropper Accuracy: 0.9113636363636364 48 0
Communication round: 78, Eavesdropper Accuracy: 0.9340909090909091 48 0
Communication round: 79, Eavesdropper Accuracy: 0.9068181818181819 48 0
Communication round: 80, Eavesdropper Accuracy: 0.9022727272727272 48 0
Communication round: 81, Eavesdropper Accuracy: 0.9363636363636364 48 0
Communication round: 82, Eavesdropper Accuracy: 0.9340909090909091 48 0
Communication round: 83, Eavesdropper Accuracy: 0.9181818181818182 48 0
Communication round: 84, Eavesdropper Accuracy: 0.9340909090909091 48 0
Communication round: 85, Eavesdropper Accuracy: 0.9159090909090909 48 0
Communication round: 86, Eavesdropper Accuracy: 0.9318181818181818 48 0
Communication round: 87, Eavesdropper Accuracy: 0.9227272727272727 48 0
Communication round: 88, Eavesdropper Accuracy: 0.9159090909090909 48 0
Communication round: 89, Eavesdropper Accuracy: 0.9363636363636364 48 0
Communication round: 90, Eavesdropper Accuracy: 0.925 48 0
Communication round: 91, Eavesdropper Accuracy: 0.9068181818181819 48 0
Communication round: 92, Eavesdropper Accuracy: 0.9409090909090909 48 0
Communication round: 93, Eavesdropper Accuracy: 0.9181818181818182 48 0
Communication round: 94, Eavesdropper Accuracy: 0.9318181818181818 48 0
Communication round: 95, Smart Eavesdropper Accuracy: 0.8318181818181818 48 0
Communication round: 96, Smart Eavesdropper Accuracy: 0.8431818181818181 48 0
Communication round: 97, Smart Eavesdropper Accuracy: 0.8 48 0
Communication round: 98, Smart Eavesdropper Accuracy: 0.8477272727272728 48 0
Communication round: 99, Smart Eavesdropper Accuracy: 0.7909090909090909 48 0
----------------------------------------------------------------------------------------------------
Communication round: 0, Smart Eavesdropper Accuracy: 0.0022727272727272726 0 0
Communication round: 1, Smart Eavesdropper Accuracy: 0.022727272727272728 0 0
Communication round: 2, Aggregated Accuracies: 0.12547619047619046 1
Communication round: 2, Smart Eavesdropper Accuracy: 0.12045454545454545 1 1
Communication round: 3, Smart Eavesdropper Accuracy: 0.23863636363636365 2 1
Communication round: 4, Aggregated Accuracies: 0.1930952380952381 3
Communication round: 4, Eavesdropper Accuracy: 0.12272727272727273 3 1
Communication round: 5, Eavesdropper Accuracy: 0.13863636363636364 4 1
Communication round: 6, Aggregated Accuracies: 0.29773809523809525 5
Communication round: 6, Eavesdropper Accuracy: 0.22954545454545455 5 1
Communication round: 7, Eavesdropper Accuracy: 0.2545454545454545 5 0
Communication round: 8, Eavesdropper Accuracy: 0.2636363636363636 5 0
Communication round: 9, Eavesdropper Accuracy: 0.26590909090909093 6 1
Communication round: 10, Aggregated Accuracies: 0.41357142857142853 7
Communication round: 10, Eavesdropper Accuracy: 0.35909090909090907 7 1
Communication round: 11, Eavesdropper Accuracy: 0.3704545454545455 7 0
Communication round: 12, Eavesdropper Accuracy: 0.3386363636363636 7 0
Communication round: 13, Smart Eavesdropper Accuracy: 0.04090909090909091 7 0
Communication round: 14, Aggregated Accuracies: 0.4798809523809524 8
Communication round: 14, Eavesdropper Accuracy: 0.43863636363636366 8 1
Communication round: 15, Eavesdropper Accuracy: 0.43636363636363634 9 1
Communication round: 16, Aggregated Accuracies: 0.5492857142857142 10
Communication round: 16, Eavesdropper Accuracy: 0.4863636363636364 10 1
Communication round: 17, Aggregated Accuracies: 0.603452380952381 11
Communication round: 17, Eavesdropper Accuracy: 0.5931818181818181 11 1
Communication round: 18, Eavesdropper Accuracy: 0.5954545454545455 12 1
Communication round: 19, Eavesdropper Accuracy: 0.5727272727272728 13 1
Communication round: 20, Aggregated Accuracies: 0.6601190476190475 14
Communication round: 20, Eavesdropper Accuracy: 0.6409090909090909 14 1
Communication round: 21, Aggregated Accuracies: 0.6988095238095238 15
Communication round: 21, Eavesdropper Accuracy: 0.6795454545454546 15 1
Communication round: 22, Aggregated Accuracies: 0.730952380952381 16
Communication round: 22, Eavesdropper Accuracy: 0.7431818181818182 16 1
Communication round: 23, Aggregated Accuracies: 0.7665476190476189 17
Communication round: 23, Eavesdropper Accuracy: 0.7840909090909091 17 1
Communication round: 24, Eavesdropper Accuracy: 0.759090909090909 18 1
Communication round: 25, Aggregated Accuracies: 0.7927380952380954 19
Communication round: 25, Eavesdropper Accuracy: 0.7659090909090909 19 1
Communication round: 26, Eavesdropper Accuracy: 0.7545454545454545 20 1
Communication round: 27, Eavesdropper Accuracy: 0.7818181818181819 21 1
Communication round: 28, Eavesdropper Accuracy: 0.8022727272727272 22 1
Communication round: 29, Aggregated Accuracies: 0.8121428571428574 23
Communication round: 29, Eavesdropper Accuracy: 0.8022727272727272 23 1
Communication round: 30, Eavesdropper Accuracy: 0.7727272727272727 23 0
Communication round: 31, Eavesdropper Accuracy: 0.7477272727272727 23 0
Communication round: 32, Eavesdropper Accuracy: 0.8 23 0
Communication round: 33, Aggregated Accuracies: 0.825952380952381 24
Communication round: 33, Eavesdropper Accuracy: 0.7909090909090909 24 1
Communication round: 34, Aggregated Accuracies: 0.8434523809523811 25
Communication round: 34, Eavesdropper Accuracy: 0.8545454545454545 25 1
Communication round: 35, Aggregated Accuracies: 0.8572619047619048 26
Communication round: 35, Eavesdropper Accuracy: 0.8386363636363636 26 1
Communication round: 36, Aggregated Accuracies: 0.8657142857142857 27
Communication round: 36, Eavesdropper Accuracy: 0.8386363636363636 27 1
Communication round: 37, Aggregated Accuracies: 0.8713095238095239 28
Communication round: 37, Eavesdropper Accuracy: 0.8522727272727273 28 1
Communication round: 38, Aggregated Accuracies: 0.8864285714285716 29
Communication round: 38, Eavesdropper Accuracy: 0.8772727272727273 29 1
Communication round: 39, Eavesdropper Accuracy: 0.8454545454545455 29 0
Communication round: 40, Eavesdropper Accuracy: 0.875 29 0
Communication round: 41, Eavesdropper Accuracy: 0.875 29 0
Communication round: 42, Eavesdropper Accuracy: 0.8886363636363637 30 1
Communication round: 43, Eavesdropper Accuracy: 0.8613636363636363 30 0
Communication round: 44, Eavesdropper Accuracy: 0.8886363636363637 30 0
Communication round: 45, Eavesdropper Accuracy: 0.9022727272727272 30 0
Communication round: 46, Aggregated Accuracies: 0.8900000000000002 31
Communication round: 46, Eavesdropper Accuracy: 0.8818181818181818 31 1
Communication round: 47, Eavesdropper Accuracy: 0.8977272727272727 32 1
Communication round: 48, Aggregated Accuracies: 0.8923809523809524 33
Communication round: 48, Eavesdropper Accuracy: 0.8795454545454545 33 1
Communication round: 49, Eavesdropper Accuracy: 0.8818181818181818 33 0
Communication round: 50, Eavesdropper Accuracy: 0.8886363636363637 33 0
Communication round: 51, Eavesdropper Accuracy: 0.875 33 0
Communication round: 52, Eavesdropper Accuracy: 0.8954545454545455 33 0
Communication round: 53, Eavesdropper Accuracy: 0.884090909090909 34 1
Communication round: 54, Eavesdropper Accuracy: 0.9204545454545454 34 0
Communication round: 55, Eavesdropper Accuracy: 0.8590909090909091 34 0
Communication round: 56, Aggregated Accuracies: 0.8977380952380951 35
Communication round: 56, Eavesdropper Accuracy: 0.875 35 1
Communication round: 57, Eavesdropper Accuracy: 0.8863636363636364 35 0
Communication round: 58, Aggregated Accuracies: 0.8921428571428572 36
Communication round: 58, Eavesdropper Accuracy: 0.8886363636363637 36 1
Communication round: 59, Eavesdropper Accuracy: 0.8818181818181818 37 1
Communication round: 60, Eavesdropper Accuracy: 0.8704545454545455 37 0
Communication round: 61, Aggregated Accuracies: 0.903095238095238 38
Communication round: 61, Eavesdropper Accuracy: 0.9068181818181819 38 1
Communication round: 62, Eavesdropper Accuracy: 0.9090909090909091 39 1
Communication round: 63, Eavesdropper Accuracy: 0.8886363636363637 40 1
Communication round: 64, Eavesdropper Accuracy: 0.9022727272727272 40 0
Communication round: 65, Eavesdropper Accuracy: 0.884090909090909 40 0
Communication round: 66, Eavesdropper Accuracy: 0.9 40 0
Communication round: 67, Eavesdropper Accuracy: 0.8886363636363637 41 1
Communication round: 68, Aggregated Accuracies: 0.9046428571428571 42
Communication round: 68, Eavesdropper Accuracy: 0.9 42 1
Communication round: 69, Eavesdropper Accuracy: 0.8818181818181818 42 0
Communication round: 70, Aggregated Accuracies: 0.9051190476190476 43
Communication round: 70, Eavesdropper Accuracy: 0.9181818181818182 43 1
Communication round: 71, Eavesdropper Accuracy: 0.8795454545454545 43 0
Communication round: 72, Eavesdropper Accuracy: 0.9181818181818182 43 0
Communication round: 73, Eavesdropper Accuracy: 0.9090909090909091 43 0
Communication round: 74, Eavesdropper Accuracy: 0.9136363636363637 44 1
Communication round: 75, Aggregated Accuracies: 0.9077380952380951 45
Communication round: 75, Eavesdropper Accuracy: 0.8931818181818182 45 1
Communication round: 76, Aggregated Accuracies: 0.9144047619047617 46
Communication round: 76, Eavesdropper Accuracy: 0.9136363636363637 46 1
Communication round: 77, Aggregated Accuracies: 0.9178571428571429 47
Communication round: 77, Eavesdropper Accuracy: 0.9295454545454546 47 1
Communication round: 78, Eavesdropper Accuracy: 0.9318181818181818 47 0
Communication round: 79, Eavesdropper Accuracy: 0.9113636363636364 47 0
Communication round: 80, Eavesdropper Accuracy: 0.9090909090909091 47 0
Communication round: 81, Eavesdropper Accuracy: 0.9090909090909091 47 0
Communication round: 82, Eavesdropper Accuracy: 0.9363636363636364 47 0
Communication round: 83, Eavesdropper Accuracy: 0.9227272727272727 48 1
Communication round: 84, Eavesdropper Accuracy: 0.8954545454545455 48 0
Communication round: 85, Eavesdropper Accuracy: 0.9272727272727272 48 0
Communication round: 86, Eavesdropper Accuracy: 0.9295454545454546 48 0
Communication round: 87, Eavesdropper Accuracy: 0.9318181818181818 48 0
Communication round: 88, Eavesdropper Accuracy: 0.9136363636363637 48 0
Communication round: 89, Eavesdropper Accuracy: 0.925 48 0
Communication round: 90, Aggregated Accuracies: 0.918690476190476 49
Communication round: 90, Eavesdropper Accuracy: 0.9068181818181819 49 1
Communication round: 91, Eavesdropper Accuracy: 0.9204545454545454 49 0
Communication round: 92, Eavesdropper Accuracy: 0.8977272727272727 49 0
Communication round: 93, Eavesdropper Accuracy: 0.9022727272727272 49 0
Communication round: 94, Eavesdropper Accuracy: 0.9181818181818182 49 0
Communication round: 95, Eavesdropper Accuracy: 0.9090909090909091 49 0
Communication round: 96, Eavesdropper Accuracy: 0.9386363636363636 49 0
Communication round: 97, Smart Eavesdropper Accuracy: 0.7522727272727273 49 0
Communication round: 98, Smart Eavesdropper Accuracy: 0.7636363636363637 49 0
Communication round: 99, Smart Eavesdropper Accuracy: 0.7704545454545455 49 0
----------------------------------------------------------------------------------------------------
Communication round: 0, Smart Eavesdropper Accuracy: 0.0022727272727272726 0 0
Communication round: 1, Smart Eavesdropper Accuracy: 0.08636363636363636 0 0
Communication round: 2, Smart Eavesdropper Accuracy: 0.125 0 0
Communication round: 3, Smart Eavesdropper Accuracy: 0.3159090909090909 0 0
Communication round: 4, Smart Eavesdropper Accuracy: 0.4409090909090909 1 1
Communication round: 5, Smart Eavesdropper Accuracy: 0.575 2 1
Communication round: 6, Smart Eavesdropper Accuracy: 0.5931818181818181 2 0
Communication round: 7, Smart Eavesdropper Accuracy: 0.65 2 0
Communication round: 8, Smart Eavesdropper Accuracy: 0.6386363636363637 2 0
Communication round: 9, Aggregated Accuracies: 0.15833333333333333 3
Communication round: 9, Smart Eavesdropper Accuracy: 0.7113636363636363 3 1
Communication round: 10, Smart Eavesdropper Accuracy: 0.7340909090909091 4 1
Communication round: 11, Aggregated Accuracies: 0.2236904761904762 5
Communication round: 11, Smart Eavesdropper Accuracy: 0.7636363636363637 5 1
Communication round: 12, Smart Eavesdropper Accuracy: 0.740909090909091 6 1
Communication round: 13, Smart Eavesdropper Accuracy: 0.7363636363636363 6 0
Communication round: 14, Smart Eavesdropper Accuracy: 0.7431818181818182 6 0
Communication round: 15, Smart Eavesdropper Accuracy: 0.8159090909090909 6 0
Communication round: 16, Smart Eavesdropper Accuracy: 0.7795454545454545 7 1
Communication round: 17, Smart Eavesdropper Accuracy: 0.8181818181818182 8 1
Communication round: 18, Smart Eavesdropper Accuracy: 0.7772727272727272 8 0
Communication round: 19, Smart Eavesdropper Accuracy: 0.7659090909090909 8 0
Communication round: 20, Aggregated Accuracies: 0.3347619047619047 9
Communication round: 20, Smart Eavesdropper Accuracy: 0.7886363636363637 9 1
Communication round: 21, Smart Eavesdropper Accuracy: 0.8363636363636363 9 0
Communication round: 22, Aggregated Accuracies: 0.4301190476190476 10
Communication round: 22, Smart Eavesdropper Accuracy: 0.8522727272727273 10 1
Communication round: 23, Aggregated Accuracies: 0.5245238095238094 11
Communication round: 23, Smart Eavesdropper Accuracy: 0.825 11 1
Communication round: 24, Smart Eavesdropper Accuracy: 0.8318181818181818 11 0
Communication round: 25, Aggregated Accuracies: 0.5992857142857144 12
Communication round: 25, Smart Eavesdropper Accuracy: 0.8545454545454545 12 1
Communication round: 26, Smart Eavesdropper Accuracy: 0.8340909090909091 12 0
Communication round: 27, Aggregated Accuracies: 0.6651190476190476 13
Communication round: 27, Smart Eavesdropper Accuracy: 0.8613636363636363 13 1
Communication round: 28, Aggregated Accuracies: 0.7053571428571428 14
Communication round: 28, Smart Eavesdropper Accuracy: 0.7863636363636364 14 1
Communication round: 29, Aggregated Accuracies: 0.7290476190476192 15
Communication round: 29, Smart Eavesdropper Accuracy: 0.8386363636363636 15 1
Communication round: 30, Eavesdropper Accuracy: 0.7431818181818182 16 1
Communication round: 31, Eavesdropper Accuracy: 0.7340909090909091 17 1
Communication round: 32, Eavesdropper Accuracy: 0.7295454545454545 18 1
Communication round: 33, Eavesdropper Accuracy: 0.7431818181818182 18 0
Communication round: 34, Eavesdropper Accuracy: 0.7295454545454545 19 1
Communication round: 35, Aggregated Accuracies: 0.7589285714285715 20
Communication round: 35, Eavesdropper Accuracy: 0.7431818181818182 20 1
Communication round: 36, Aggregated Accuracies: 0.7795238095238096 21
Communication round: 36, Eavesdropper Accuracy: 0.75 21 1
Communication round: 37, Eavesdropper Accuracy: 0.759090909090909 22 1
Communication round: 38, Eavesdropper Accuracy: 0.7545454545454545 23 1
Communication round: 39, Eavesdropper Accuracy: 0.7704545454545455 24 1
Communication round: 40, Eavesdropper Accuracy: 0.7818181818181819 25 1
Communication round: 41, Eavesdropper Accuracy: 0.7909090909090909 26 1
Communication round: 42, Eavesdropper Accuracy: 0.7363636363636363 27 1
Communication round: 43, Eavesdropper Accuracy: 0.7568181818181818 27 0
Communication round: 44, Aggregated Accuracies: 0.785 28
Communication round: 44, Eavesdropper Accuracy: 0.7840909090909091 28 1
Communication round: 45, Eavesdropper Accuracy: 0.7954545454545454 28 0
Communication round: 46, Eavesdropper Accuracy: 0.7795454545454545 29 1
Communication round: 47, Eavesdropper Accuracy: 0.7931818181818182 29 0
Communication round: 48, Eavesdropper Accuracy: 0.7863636363636364 29 0
Communication round: 49, Eavesdropper Accuracy: 0.7636363636363637 29 0
Communication round: 50, Eavesdropper Accuracy: 0.7840909090909091 29 0
Communication round: 51, Eavesdropper Accuracy: 0.7886363636363637 29 0
Communication round: 52, Eavesdropper Accuracy: 0.7977272727272727 30 1
Communication round: 53, Eavesdropper Accuracy: 0.8340909090909091 31 1
Communication round: 54, Eavesdropper Accuracy: 0.8090909090909091 31 0
Communication round: 55, Eavesdropper Accuracy: 0.7818181818181819 32 1
Communication round: 56, Aggregated Accuracies: 0.8076190476190478 33
Communication round: 56, Eavesdropper Accuracy: 0.7886363636363637 33 1
Communication round: 57, Eavesdropper Accuracy: 0.8045454545454546 33 0
Communication round: 58, Eavesdropper Accuracy: 0.8227272727272728 33 0
Communication round: 59, Eavesdropper Accuracy: 0.8204545454545454 33 0
Communication round: 60, Eavesdropper Accuracy: 0.775 33 0
Communication round: 61, Eavesdropper Accuracy: 0.7772727272727272 33 0
Communication round: 62, Eavesdropper Accuracy: 0.8022727272727272 33 0
Communication round: 63, Eavesdropper Accuracy: 0.7818181818181819 33 0
Communication round: 64, Aggregated Accuracies: 0.8117857142857143 34
Communication round: 64, Eavesdropper Accuracy: 0.8159090909090909 34 1
Communication round: 65, Eavesdropper Accuracy: 0.8022727272727272 34 0
Communication round: 66, Aggregated Accuracies: 0.8334523809523811 35
Communication round: 66, Eavesdropper Accuracy: 0.8159090909090909 35 1
Communication round: 67, Eavesdropper Accuracy: 0.8227272727272728 35 0
Communication round: 68, Eavesdropper Accuracy: 0.8386363636363636 35 0
Communication round: 69, Smart Eavesdropper Accuracy: 0.5204545454545455 35 0
Communication round: 70, Eavesdropper Accuracy: 0.7863636363636364 36 1
Communication round: 71, Smart Eavesdropper Accuracy: 0.4954545454545455 36 0
Communication round: 72, Aggregated Accuracies: 0.8464285714285713 37
Communication round: 72, Eavesdropper Accuracy: 0.8045454545454546 37 1
Communication round: 73, Aggregated Accuracies: 0.8514285714285714 38
Communication round: 73, Eavesdropper Accuracy: 0.8409090909090909 38 1
Communication round: 74, Eavesdropper Accuracy: 0.825 38 0
Communication round: 75, Eavesdropper Accuracy: 0.865909090909091 39 1
Communication round: 76, Eavesdropper Accuracy: 0.8159090909090909 39 0
Communication round: 77, Smart Eavesdropper Accuracy: 0.5386363636363637 39 0
Communication round: 78, Aggregated Accuracies: 0.8610714285714286 40
Communication round: 78, Eavesdropper Accuracy: 0.8431818181818181 40 1
Communication round: 79, Eavesdropper Accuracy: 0.8545454545454545 41 1
Communication round: 80, Eavesdropper Accuracy: 0.8409090909090909 41 0
Communication round: 81, Aggregated Accuracies: 0.8678571428571427 42
Communication round: 81, Eavesdropper Accuracy: 0.8522727272727273 42 1
Communication round: 82, Eavesdropper Accuracy: 0.8295454545454546 43 1
Communication round: 83, Eavesdropper Accuracy: 0.8295454545454546 43 0
Communication round: 84, Eavesdropper Accuracy: 0.8636363636363636 44 1
Communication round: 85, Eavesdropper Accuracy: 0.8522727272727273 45 1
Communication round: 86, Eavesdropper Accuracy: 0.8545454545454545 46 1
Communication round: 87, Eavesdropper Accuracy: 0.8409090909090909 46 0
Communication round: 88, Eavesdropper Accuracy: 0.8704545454545455 46 0
Communication round: 89, Eavesdropper Accuracy: 0.8295454545454546 46 0
Communication round: 90, Eavesdropper Accuracy: 0.8431818181818181 46 0
Communication round: 91, Smart Eavesdropper Accuracy: 0.5886363636363636 46 0
Communication round: 92, Smart Eavesdropper Accuracy: 0.6272727272727273 46 0
Communication round: 93, Smart Eavesdropper Accuracy: 0.6795454545454546 46 0
Communication round: 94, Smart Eavesdropper Accuracy: 0.6909090909090909 46 0
Communication round: 95, Smart Eavesdropper Accuracy: 0.7431818181818182 46 0
Communication round: 96, Smart Eavesdropper Accuracy: 0.7477272727272727 46 0
Communication round: 97, Smart Eavesdropper Accuracy: 0.7545454545454545 47 1
Communication round: 98, Aggregated Accuracies: 0.8692857142857143 48
Communication round: 98, Smart Eavesdropper Accuracy: 0.7818181818181819 48 1
Communication round: 99, Smart Eavesdropper Accuracy: 0.6772727272727272 49 1
----------------------------------------------------------------------------------------------------
Communication round: 0, Smart Eavesdropper Accuracy: 0.0 0 0
Communication round: 1, Aggregated Accuracies: 0.17297619047619048 1
Communication round: 1, Smart Eavesdropper Accuracy: 0.0 1 1
Communication round: 2, Smart Eavesdropper Accuracy: 0.029545454545454545 1 0
Communication round: 3, Smart Eavesdropper Accuracy: 0.056818181818181816 2 1
Communication round: 4, Smart Eavesdropper Accuracy: 0.22045454545454546 2 0
Communication round: 5, Smart Eavesdropper Accuracy: 0.2590909090909091 2 0
Communication round: 6, Smart Eavesdropper Accuracy: 0.3431818181818182 2 0
Communication round: 7, Aggregated Accuracies: 0.21857142857142856 3
Communication round: 7, Smart Eavesdropper Accuracy: 0.41363636363636364 3 1
Communication round: 8, Smart Eavesdropper Accuracy: 0.375 3 0
Communication round: 9, Smart Eavesdropper Accuracy: 0.5363636363636364 3 0
Communication round: 10, Smart Eavesdropper Accuracy: 0.5590909090909091 3 0
Communication round: 11, Smart Eavesdropper Accuracy: 0.6636363636363637 4 1
Communication round: 12, Smart Eavesdropper Accuracy: 0.6022727272727273 5 1
Communication round: 13, Smart Eavesdropper Accuracy: 0.5977272727272728 5 0
Communication round: 14, Aggregated Accuracies: 0.38500000000000006 6
Communication round: 14, Smart Eavesdropper Accuracy: 0.6613636363636364 6 1
Communication round: 15, Smart Eavesdropper Accuracy: 0.6681818181818182 7 1
Communication round: 16, Smart Eavesdropper Accuracy: 0.634090909090909 8 1
Communication round: 17, Smart Eavesdropper Accuracy: 0.6681818181818182 9 1
Communication round: 18, Aggregated Accuracies: 0.47511904761904766 10
Communication round: 18, Eavesdropper Accuracy: 0.3522727272727273 10 1
Communication round: 19, Smart Eavesdropper Accuracy: 0.02727272727272727 10 0
Communication round: 20, Smart Eavesdropper Accuracy: 0.10681818181818181 10 0
Communication round: 21, Aggregated Accuracies: 0.5614285714285713 11
Communication round: 21, Smart Eavesdropper Accuracy: 0.20909090909090908 11 1
Communication round: 22, Smart Eavesdropper Accuracy: 0.3090909090909091 11 0
Communication round: 23, Smart Eavesdropper Accuracy: 0.3 12 1
Communication round: 24, Eavesdropper Accuracy: 0.4681818181818182 13 1
Communication round: 25, Smart Eavesdropper Accuracy: 0.038636363636363635 13 0
Communication round: 26, Eavesdropper Accuracy: 0.475 14 1
Communication round: 27, Eavesdropper Accuracy: 0.48409090909090907 15 1
Communication round: 28, Eavesdropper Accuracy: 0.5045454545454545 15 0
Communication round: 29, Aggregated Accuracies: 0.6230952380952381 16
Communication round: 29, Eavesdropper Accuracy: 0.5545454545454546 16 1
Communication round: 30, Eavesdropper Accuracy: 0.5545454545454546 16 0
Communication round: 31, Aggregated Accuracies: 0.6648809523809525 17
Communication round: 31, Eavesdropper Accuracy: 0.6272727272727273 17 1
Communication round: 32, Aggregated Accuracies: 0.7115476190476191 18
Communication round: 32, Eavesdropper Accuracy: 0.6636363636363637 18 1
Communication round: 33, Aggregated Accuracies: 0.7478571428571429 19
Communication round: 33, Eavesdropper Accuracy: 0.7227272727272728 19 1
Communication round: 34, Aggregated Accuracies: 0.7755952380952381 20
Communication round: 34, Eavesdropper Accuracy: 0.75 20 1
Communication round: 35, Eavesdropper Accuracy: 0.7340909090909091 20 0
Communication round: 36, Aggregated Accuracies: 0.7972619047619048 21
Communication round: 36, Eavesdropper Accuracy: 0.7568181818181818 21 1
Communication round: 37, Eavesdropper Accuracy: 0.7545454545454545 21 0
Communication round: 38, Aggregated Accuracies: 0.809047619047619 22
Communication round: 38, Eavesdropper Accuracy: 0.759090909090909 22 1
Communication round: 39, Eavesdropper Accuracy: 0.7772727272727272 23 1
Communication round: 40, Aggregated Accuracies: 0.8248809523809524 24
Communication round: 40, Eavesdropper Accuracy: 0.8272727272727273 24 1
Communication round: 41, Eavesdropper Accuracy: 0.7909090909090909 24 0
Communication round: 42, Eavesdropper Accuracy: 0.7954545454545454 24 0
Communication round: 43, Eavesdropper Accuracy: 0.8227272727272728 25 1
Communication round: 44, Eavesdropper Accuracy: 0.8181818181818182 25 0
Communication round: 45, Eavesdropper Accuracy: 0.7818181818181819 25 0
Communication round: 46, Eavesdropper Accuracy: 0.8227272727272728 25 0
Communication round: 47, Eavesdropper Accuracy: 0.8090909090909091 25 0
Communication round: 48, Eavesdropper Accuracy: 0.7863636363636364 25 0
Communication round: 49, Smart Eavesdropper Accuracy: 0.36818181818181817 25 0
Communication round: 50, Smart Eavesdropper Accuracy: 0.45227272727272727 25 0
Communication round: 51, Smart Eavesdropper Accuracy: 0.4590909090909091 25 0
Communication round: 52, Smart Eavesdropper Accuracy: 0.4909090909090909 25 0
Communication round: 53, Smart Eavesdropper Accuracy: 0.5954545454545455 25 0
Communication round: 54, Aggregated Accuracies: 0.8321428571428571 26
Communication round: 54, Smart Eavesdropper Accuracy: 0.5954545454545455 26 1
Communication round: 55, Smart Eavesdropper Accuracy: 0.6227272727272727 26 0
Communication round: 56, Smart Eavesdropper Accuracy: 0.6772727272727272 26 0
Communication round: 57, Smart Eavesdropper Accuracy: 0.6681818181818182 26 0
Communication round: 58, Aggregated Accuracies: 0.8502380952380953 27
Communication round: 58, Smart Eavesdropper Accuracy: 0.634090909090909 27 1
Communication round: 59, Smart Eavesdropper Accuracy: 0.6659090909090909 27 0
Communication round: 60, Smart Eavesdropper Accuracy: 0.7318181818181818 27 0
Communication round: 61, Aggregated Accuracies: 0.8635714285714287 28
Communication round: 61, Smart Eavesdropper Accuracy: 0.6204545454545455 28 1
Communication round: 62, Smart Eavesdropper Accuracy: 0.6772727272727272 29 1
Communication round: 63, Smart Eavesdropper Accuracy: 0.6727272727272727 29 0
Communication round: 64, Aggregated Accuracies: 0.870952380952381 30
Communication round: 64, Smart Eavesdropper Accuracy: 0.7181818181818181 30 1
Communication round: 65, Aggregated Accuracies: 0.8741666666666668 31
Communication round: 65, Smart Eavesdropper Accuracy: 0.7704545454545455 31 1
Communication round: 66, Aggregated Accuracies: 0.8786904761904761 32
Communication round: 66, Smart Eavesdropper Accuracy: 0.7227272727272728 32 1
Communication round: 67, Aggregated Accuracies: 0.884404761904762 33
Communication round: 67, Smart Eavesdropper Accuracy: 0.7522727272727273 33 1
Communication round: 68, Aggregated Accuracies: 0.8929761904761906 34
Communication round: 68, Smart Eavesdropper Accuracy: 0.7659090909090909 34 1
Communication round: 69, Aggregated Accuracies: 0.8954761904761904 35
Communication round: 69, Smart Eavesdropper Accuracy: 0.75 35 1
Communication round: 70, Smart Eavesdropper Accuracy: 0.8 35 0
Communication round: 71, Smart Eavesdropper Accuracy: 0.7772727272727272 36 1
Communication round: 72, Smart Eavesdropper Accuracy: 0.7522727272727273 36 0
Communication round: 73, Smart Eavesdropper Accuracy: 0.6886363636363636 36 0
Communication round: 74, Smart Eavesdropper Accuracy: 0.7431818181818182 36 0
Communication round: 75, Smart Eavesdropper Accuracy: 0.7181818181818181 36 0
Communication round: 76, Smart Eavesdropper Accuracy: 0.7727272727272727 36 0
Communication round: 77, Smart Eavesdropper Accuracy: 0.7909090909090909 36 0
Communication round: 78, Smart Eavesdropper Accuracy: 0.7318181818181818 36 0
Communication round: 79, Smart Eavesdropper Accuracy: 0.7977272727272727 36 0
Communication round: 80, Smart Eavesdropper Accuracy: 0.7454545454545455 36 0
Communication round: 81, Smart Eavesdropper Accuracy: 0.7159090909090909 36 0
Communication round: 82, Aggregated Accuracies: 0.8982142857142857 37
Communication round: 82, Smart Eavesdropper Accuracy: 0.759090909090909 37 1
Communication round: 83, Smart Eavesdropper Accuracy: 0.775 37 0
Communication round: 84, Aggregated Accuracies: 0.9064285714285714 38
Communication round: 84, Smart Eavesdropper Accuracy: 0.75 38 1
Communication round: 85, Aggregated Accuracies: 0.9095238095238095 39
Communication round: 85, Smart Eavesdropper Accuracy: 0.7613636363636364 39 1
Communication round: 86, Smart Eavesdropper Accuracy: 0.7204545454545455 39 0
Communication round: 87, Aggregated Accuracies: 0.9083333333333334 40
Communication round: 87, Smart Eavesdropper Accuracy: 0.7863636363636364 40 1
Communication round: 88, Smart Eavesdropper Accuracy: 0.759090909090909 41 1
Communication round: 89, Smart Eavesdropper Accuracy: 0.759090909090909 41 0
Communication round: 90, Smart Eavesdropper Accuracy: 0.7886363636363637 41 0
Communication round: 91, Smart Eavesdropper Accuracy: 0.7545454545454545 41 0
Communication round: 92, Smart Eavesdropper Accuracy: 0.7863636363636364 41 0
Communication round: 93, Smart Eavesdropper Accuracy: 0.7272727272727273 42 1
Communication round: 94, Smart Eavesdropper Accuracy: 0.7727272727272727 42 0
Communication round: 95, Smart Eavesdropper Accuracy: 0.7159090909090909 42 0
Communication round: 96, Smart Eavesdropper Accuracy: 0.7886363636363637 42 0
Communication round: 97, Smart Eavesdropper Accuracy: 0.8113636363636364 42 0
Communication round: 98, Smart Eavesdropper Accuracy: 0.7545454545454545 42 0
Communication round: 99, Aggregated Accuracies: 0.9167857142857141 43
Communication round: 99, Smart Eavesdropper Accuracy: 0.8159090909090909 43 1
----------------------------------------------------------------------------------------------------
Communication round: 0, Smart Eavesdropper Accuracy: 0.004545454545454545 0 0
Communication round: 1, Smart Eavesdropper Accuracy: 0.075 0 0
Communication round: 2, Smart Eavesdropper Accuracy: 0.1159090909090909 1 1
Communication round: 3, Smart Eavesdropper Accuracy: 0.31136363636363634 2 1
Communication round: 4, Smart Eavesdropper Accuracy: 0.40454545454545454 2 0
Communication round: 5, Smart Eavesdropper Accuracy: 0.5 3 1
Communication round: 6, Eavesdropper Accuracy: 0.16818181818181818 4 1
Communication round: 7, Eavesdropper Accuracy: 0.12954545454545455 5 1
Communication round: 8, Eavesdropper Accuracy: 0.1159090909090909 6 1
Communication round: 9, Eavesdropper Accuracy: 0.16590909090909092 7 1
Communication round: 10, Aggregated Accuracies: 0.1505952380952381 8
Communication round: 10, Eavesdropper Accuracy: 0.20909090909090908 8 1
Communication round: 11, Eavesdropper Accuracy: 0.26136363636363635 9 1
Communication round: 12, Eavesdropper Accuracy: 0.2318181818181818 9 0
Communication round: 13, Aggregated Accuracies: 0.23095238095238094 10
Communication round: 13, Eavesdropper Accuracy: 0.33181818181818185 10 1
Communication round: 14, Eavesdropper Accuracy: 0.325 10 0
Communication round: 15, Eavesdropper Accuracy: 0.34545454545454546 10 0
Communication round: 16, Aggregated Accuracies: 0.34607142857142853 11
Communication round: 16, Eavesdropper Accuracy: 0.45681818181818185 11 1
Communication round: 17, Aggregated Accuracies: 0.46571428571428575 12
Communication round: 17, Eavesdropper Accuracy: 0.5977272727272728 12 1
Communication round: 18, Eavesdropper Accuracy: 0.5818181818181818 12 0
Communication round: 19, Eavesdropper Accuracy: 0.5840909090909091 12 0
Communication round: 20, Aggregated Accuracies: 0.579404761904762 13
Communication round: 20, Eavesdropper Accuracy: 0.6681818181818182 13 1
Communication round: 21, Aggregated Accuracies: 0.6583333333333332 14
Communication round: 21, Eavesdropper Accuracy: 0.6977272727272728 14 1
Communication round: 22, Eavesdropper Accuracy: 0.7068181818181818 14 0
Communication round: 23, Aggregated Accuracies: 0.7233333333333334 15
Communication round: 23, Eavesdropper Accuracy: 0.75 15 1
Communication round: 24, Aggregated Accuracies: 0.7728571428571429 16
Communication round: 24, Eavesdropper Accuracy: 0.7863636363636364 16 1
Communication round: 25, Eavesdropper Accuracy: 0.7909090909090909 16 0
Communication round: 26, Aggregated Accuracies: 0.803452380952381 17
Communication round: 26, Eavesdropper Accuracy: 0.8090909090909091 17 1
Communication round: 27, Aggregated Accuracies: 0.8227380952380953 18
Communication round: 27, Eavesdropper Accuracy: 0.8068181818181818 18 1
Communication round: 28, Aggregated Accuracies: 0.8520238095238094 19
Communication round: 28, Eavesdropper Accuracy: 0.8295454545454546 19 1
Communication round: 29, Aggregated Accuracies: 0.8644047619047619 20
Communication round: 29, Eavesdropper Accuracy: 0.8636363636363636 20 1
Communication round: 30, Aggregated Accuracies: 0.8713095238095239 21
Communication round: 30, Eavesdropper Accuracy: 0.865909090909091 21 1
Communication round: 31, Eavesdropper Accuracy: 0.8772727272727273 21 0
Communication round: 32, Eavesdropper Accuracy: 0.8613636363636363 21 0
Communication round: 33, Eavesdropper Accuracy: 0.865909090909091 21 0
Communication round: 34, Aggregated Accuracies: 0.8761904761904761 22
Communication round: 34, Eavesdropper Accuracy: 0.8704545454545455 22 1
Communication round: 35, Eavesdropper Accuracy: 0.884090909090909 23 1
Communication round: 36, Eavesdropper Accuracy: 0.8795454545454545 23 0
Communication round: 37, Eavesdropper Accuracy: 0.8636363636363636 24 1
Communication round: 38, Eavesdropper Accuracy: 0.8590909090909091 24 0
Communication round: 39, Eavesdropper Accuracy: 0.8409090909090909 24 0
Communication round: 40, Aggregated Accuracies: 0.8821428571428571 25
Communication round: 40, Eavesdropper Accuracy: 0.8613636363636363 25 1
Communication round: 41, Aggregated Accuracies: 0.896547619047619 26
Communication round: 41, Eavesdropper Accuracy: 0.8772727272727273 26 1
Communication round: 42, Eavesdropper Accuracy: 0.9022727272727272 26 0
Communication round: 43, Aggregated Accuracies: 0.9022619047619047 27
Communication round: 43, Eavesdropper Accuracy: 0.8977272727272727 27 1
Communication round: 44, Aggregated Accuracies: 0.9014285714285715 28
Communication round: 44, Eavesdropper Accuracy: 0.8704545454545455 28 1
Communication round: 45, Eavesdropper Accuracy: 0.9136363636363637 28 0
Communication round: 46, Eavesdropper Accuracy: 0.8977272727272727 28 0
Communication round: 47, Eavesdropper Accuracy: 0.8818181818181818 28 0
Communication round: 48, Eavesdropper Accuracy: 0.8772727272727273 28 0
Communication round: 49, Eavesdropper Accuracy: 0.8977272727272727 28 0
Communication round: 50, Eavesdropper Accuracy: 0.9022727272727272 28 0
Communication round: 51, Aggregated Accuracies: 0.9078571428571429 29
Communication round: 51, Eavesdropper Accuracy: 0.8818181818181818 29 1
Communication round: 52, Eavesdropper Accuracy: 0.8931818181818182 29 0
Communication round: 53, Eavesdropper Accuracy: 0.884090909090909 29 0
Communication round: 54, Aggregated Accuracies: 0.9113095238095237 30
Communication round: 54, Eavesdropper Accuracy: 0.9068181818181819 30 1
Communication round: 55, Aggregated Accuracies: 0.9173809523809524 31
Communication round: 55, Eavesdropper Accuracy: 0.925 31 1
Communication round: 56, Aggregated Accuracies: 0.9140476190476189 32
Communication round: 56, Eavesdropper Accuracy: 0.9272727272727272 32 1
Communication round: 57, Aggregated Accuracies: 0.9211904761904762 33
Communication round: 57, Eavesdropper Accuracy: 0.9 33 1
Communication round: 58, Aggregated Accuracies: 0.9239285714285714 34
Communication round: 58, Eavesdropper Accuracy: 0.9136363636363637 34 1
Communication round: 59, Aggregated Accuracies: 0.927738095238095 35
Communication round: 59, Eavesdropper Accuracy: 0.9272727272727272 35 1
Communication round: 60, Aggregated Accuracies: 0.9313095238095237 36
Communication round: 60, Eavesdropper Accuracy: 0.9113636363636364 36 1
Communication round: 61, Aggregated Accuracies: 0.9317857142857143 37
Communication round: 61, Eavesdropper Accuracy: 0.9204545454545454 37 1
Communication round: 62, Aggregated Accuracies: 0.937142857142857 38
Communication round: 62, Eavesdropper Accuracy: 0.9227272727272727 38 1
Communication round: 63, Aggregated Accuracies: 0.936190476190476 39
Communication round: 63, Eavesdropper Accuracy: 0.9090909090909091 39 1
Communication round: 64, Eavesdropper Accuracy: 0.9113636363636364 39 0
Communication round: 65, Aggregated Accuracies: 0.9403571428571427 40
Communication round: 65, Eavesdropper Accuracy: 0.9136363636363637 40 1
Communication round: 66, Eavesdropper Accuracy: 0.9363636363636364 40 0
Communication round: 67, Eavesdropper Accuracy: 0.9181818181818182 40 0
Communication round: 68, Eavesdropper Accuracy: 0.9363636363636364 40 0
Communication round: 69, Eavesdropper Accuracy: 0.9295454545454546 40 0
Communication round: 70, Eavesdropper Accuracy: 0.9136363636363637 40 0
Communication round: 71, Eavesdropper Accuracy: 0.9068181818181819 40 0
Communication round: 72, Eavesdropper Accuracy: 0.9204545454545454 40 0
Communication round: 73, Eavesdropper Accuracy: 0.9227272727272727 40 0
Communication round: 74, Eavesdropper Accuracy: 0.9045454545454545 40 0
Communication round: 75, Eavesdropper Accuracy: 0.9136363636363637 40 0
Communication round: 76, Eavesdropper Accuracy: 0.9295454545454546 40 0
Communication round: 77, Eavesdropper Accuracy: 0.9022727272727272 40 0
Communication round: 78, Eavesdropper Accuracy: 0.9272727272727272 40 0
Communication round: 79, Smart Eavesdropper Accuracy: 0.8181818181818182 40 0
Communication round: 80, Smart Eavesdropper Accuracy: 0.865909090909091 40 0
Communication round: 81, Smart Eavesdropper Accuracy: 0.7477272727272727 40 0
Communication round: 82, Smart Eavesdropper Accuracy: 0.8204545454545454 40 0
Communication round: 83, Smart Eavesdropper Accuracy: 0.8295454545454546 40 0
Communication round: 84, Smart Eavesdropper Accuracy: 0.8113636363636364 40 0
Communication round: 85, Smart Eavesdropper Accuracy: 0.825 40 0
Communication round: 86, Smart Eavesdropper Accuracy: 0.8113636363636364 40 0
Communication round: 87, Smart Eavesdropper Accuracy: 0.8204545454545454 40 0
Communication round: 88, Smart Eavesdropper Accuracy: 0.8136363636363636 40 0
Communication round: 89, Smart Eavesdropper Accuracy: 0.825 40 0
Communication round: 90, Smart Eavesdropper Accuracy: 0.8159090909090909 40 0
Communication round: 91, Smart Eavesdropper Accuracy: 0.8318181818181818 40 0
Communication round: 92, Smart Eavesdropper Accuracy: 0.8204545454545454 40 0
Communication round: 93, Smart Eavesdropper Accuracy: 0.8318181818181818 40 0
Communication round: 94, Smart Eavesdropper Accuracy: 0.8613636363636363 40 0
Communication round: 95, Smart Eavesdropper Accuracy: 0.865909090909091 40 0
Communication round: 96, Smart Eavesdropper Accuracy: 0.8227272727272728 40 0
Communication round: 97, Smart Eavesdropper Accuracy: 0.8454545454545455 40 0
Communication round: 98, Smart Eavesdropper Accuracy: 0.825 40 0
Communication round: 99, Smart Eavesdropper Accuracy: 0.8136363636363636 40 0
----------------------------------------------------------------------------------------------------
Communication round: 0, Smart Eavesdropper Accuracy: 0.0 0 0
Communication round: 1, Smart Eavesdropper Accuracy: 0.0 0 0
Communication round: 2, Smart Eavesdropper Accuracy: 0.045454545454545456 0 0
Communication round: 3, Smart Eavesdropper Accuracy: 0.06136363636363636 1 1
Communication round: 4, Smart Eavesdropper Accuracy: 0.23636363636363636 1 0
Communication round: 5, Smart Eavesdropper Accuracy: 0.27045454545454545 2 1
Communication round: 6, Smart Eavesdropper Accuracy: 0.49318181818181817 3 1
Communication round: 7, Smart Eavesdropper Accuracy: 0.4909090909090909 4 1
Communication round: 8, Eavesdropper Accuracy: 0.09772727272727273 5 1
Communication round: 9, Eavesdropper Accuracy: 0.11136363636363636 6 1
Communication round: 10, Aggregated Accuracies: 0.12964285714285712 7
Communication round: 10, Eavesdropper Accuracy: 0.21818181818181817 7 1
Communication round: 11, Aggregated Accuracies: 0.21821428571428575 8
Communication round: 11, Eavesdropper Accuracy: 0.3090909090909091 8 1
Communication round: 12, Eavesdropper Accuracy: 0.33636363636363636 8 0
Communication round: 13, Aggregated Accuracies: 0.34666666666666657 9
Communication round: 13, Eavesdropper Accuracy: 0.39545454545454545 9 1
Communication round: 14, Aggregated Accuracies: 0.47940476190476194 10
Communication round: 14, Eavesdropper Accuracy: 0.42954545454545456 10 1
Communication round: 15, Aggregated Accuracies: 0.6074999999999998 11
Communication round: 15, Eavesdropper Accuracy: 0.5409090909090909 11 1
Communication round: 16, Eavesdropper Accuracy: 0.5340909090909091 12 1
Communication round: 17, Aggregated Accuracies: 0.6692857142857143 13
Communication round: 17, Eavesdropper Accuracy: 0.6090909090909091 13 1
Communication round: 18, Eavesdropper Accuracy: 0.5886363636363636 14 1
Communication round: 19, Eavesdropper Accuracy: 0.6 14 0
Communication round: 20, Eavesdropper Accuracy: 0.5863636363636363 15 1
Communication round: 21, Eavesdropper Accuracy: 0.5590909090909091 15 0
Communication round: 22, Eavesdropper Accuracy: 0.6295454545454545 16 1
Communication round: 23, Eavesdropper Accuracy: 0.6090909090909091 16 0
Communication round: 24, Eavesdropper Accuracy: 0.5590909090909091 17 1
Communication round: 25, Eavesdropper Accuracy: 0.6113636363636363 17 0
Communication round: 26, Eavesdropper Accuracy: 0.6409090909090909 17 0
Communication round: 27, Eavesdropper Accuracy: 0.5568181818181818 18 1
Communication round: 28, Eavesdropper Accuracy: 0.625 18 0
Communication round: 29, Eavesdropper Accuracy: 0.6204545454545455 19 1
Communication round: 30, Aggregated Accuracies: 0.7033333333333333 20
Communication round: 30, Eavesdropper Accuracy: 0.6295454545454545 20 1
Communication round: 31, Eavesdropper Accuracy: 0.6295454545454545 21 1
Communication round: 32, Eavesdropper Accuracy: 0.6477272727272727 21 0
Communication round: 33, Eavesdropper Accuracy: 0.615909090909091 22 1
Communication round: 34, Aggregated Accuracies: 0.7357142857142858 23
Communication round: 34, Eavesdropper Accuracy: 0.6772727272727272 23 1
Communication round: 35, Eavesdropper Accuracy: 0.6659090909090909 23 0
Communication round: 36, Eavesdropper Accuracy: 0.6477272727272727 24 1
Communication round: 37, Aggregated Accuracies: 0.7544047619047618 25
Communication round: 37, Eavesdropper Accuracy: 0.6886363636363636 25 1
Communication round: 38, Aggregated Accuracies: 0.7758333333333335 26
Communication round: 38, Eavesdropper Accuracy: 0.675 26 1
Communication round: 39, Aggregated Accuracies: 0.7917857142857144 27
Communication round: 39, Eavesdropper Accuracy: 0.7022727272727273 27 1
Communication round: 40, Eavesdropper Accuracy: 0.725 27 0
Communication round: 41, Eavesdropper Accuracy: 0.7272727272727273 27 0
Communication round: 42, Eavesdropper Accuracy: 0.775 28 1
Communication round: 43, Eavesdropper Accuracy: 0.7431818181818182 28 0
Communication round: 44, Aggregated Accuracies: 0.8051190476190477 29
Communication round: 44, Eavesdropper Accuracy: 0.75 29 1
Communication round: 45, Eavesdropper Accuracy: 0.7295454545454545 29 0
Communication round: 46, Eavesdropper Accuracy: 0.7340909090909091 30 1
Communication round: 47, Eavesdropper Accuracy: 0.7022727272727273 30 0
Communication round: 48, Eavesdropper Accuracy: 0.7272727272727273 31 1
Communication round: 49, Eavesdropper Accuracy: 0.7545454545454545 32 1
Communication round: 50, Eavesdropper Accuracy: 0.7659090909090909 32 0
Communication round: 51, Aggregated Accuracies: 0.8239285714285716 33
Communication round: 51, Eavesdropper Accuracy: 0.7863636363636364 33 1
Communication round: 52, Eavesdropper Accuracy: 0.8318181818181818 33 0
Communication round: 53, Eavesdropper Accuracy: 0.7886363636363637 33 0
Communication round: 54, Aggregated Accuracies: 0.8355952380952381 34
Communication round: 54, Eavesdropper Accuracy: 0.7727272727272727 34 1
Communication round: 55, Eavesdropper Accuracy: 0.7659090909090909 34 0
Communication round: 56, Eavesdropper Accuracy: 0.8068181818181818 34 0
Communication round: 57, Eavesdropper Accuracy: 0.8 34 0
Communication round: 58, Eavesdropper Accuracy: 0.8068181818181818 34 0
Communication round: 59, Aggregated Accuracies: 0.8448809523809526 35
Communication round: 59, Eavesdropper Accuracy: 0.8272727272727273 35 1
Communication round: 60, Aggregated Accuracies: 0.8607142857142858 36
Communication round: 60, Eavesdropper Accuracy: 0.8454545454545455 36 1
Communication round: 61, Aggregated Accuracies: 0.8640476190476193 37
Communication round: 61, Eavesdropper Accuracy: 0.8681818181818182 37 1
Communication round: 62, Eavesdropper Accuracy: 0.8363636363636363 37 0
Communication round: 63, Eavesdropper Accuracy: 0.8090909090909091 37 0
Communication round: 64, Aggregated Accuracies: 0.8677380952380952 38
Communication round: 64, Eavesdropper Accuracy: 0.8522727272727273 38 1
Communication round: 65, Eavesdropper Accuracy: 0.8522727272727273 38 0
Communication round: 66, Aggregated Accuracies: 0.8784523809523812 39
Communication round: 66, Eavesdropper Accuracy: 0.8590909090909091 39 1
Communication round: 67, Eavesdropper Accuracy: 0.875 40 1
Communication round: 68, Aggregated Accuracies: 0.8740476190476191 41
Communication round: 68, Eavesdropper Accuracy: 0.8431818181818181 41 1
Communication round: 69, Aggregated Accuracies: 0.8882142857142856 42
Communication round: 69, Eavesdropper Accuracy: 0.8636363636363636 42 1
Communication round: 70, Aggregated Accuracies: 0.8951190476190476 43
Communication round: 70, Eavesdropper Accuracy: 0.85 43 1
Communication round: 71, Aggregated Accuracies: 0.9014285714285716 44
Communication round: 71, Eavesdropper Accuracy: 0.8681818181818182 44 1
Communication round: 72, Aggregated Accuracies: 0.8985714285714286 45
Communication round: 72, Eavesdropper Accuracy: 0.8454545454545455 45 1
Communication round: 73, Aggregated Accuracies: 0.9097619047619048 46
Communication round: 73, Eavesdropper Accuracy: 0.9159090909090909 46 1
Communication round: 74, Aggregated Accuracies: 0.914285714285714 47
Communication round: 74, Eavesdropper Accuracy: 0.9 47 1
Communication round: 75, Eavesdropper Accuracy: 0.9 47 0
Communication round: 76, Eavesdropper Accuracy: 0.9295454545454546 47 0
Communication round: 77, Eavesdropper Accuracy: 0.9068181818181819 47 0
Communication round: 78, Eavesdropper Accuracy: 0.9022727272727272 47 0
Communication round: 79, Aggregated Accuracies: 0.9146428571428571 48
Communication round: 79, Eavesdropper Accuracy: 0.9295454545454546 48 1
Communication round: 80, Eavesdropper Accuracy: 0.8954545454545455 48 0
Communication round: 81, Eavesdropper Accuracy: 0.9068181818181819 48 0
Communication round: 82, Aggregated Accuracies: 0.9188095238095236 49
Communication round: 82, Eavesdropper Accuracy: 0.9090909090909091 49 1
Communication round: 83, Aggregated Accuracies: 0.9267857142857144 50
Communication round: 83, Eavesdropper Accuracy: 0.9204545454545454 50 1
Communication round: 84, Eavesdropper Accuracy: 0.9045454545454545 50 0
Communication round: 85, Eavesdropper Accuracy: 0.9136363636363637 50 0
Communication round: 86, Aggregated Accuracies: 0.9261904761904761 51
Communication round: 86, Eavesdropper Accuracy: 0.9136363636363637 51 1
Communication round: 87, Eavesdropper Accuracy: 0.9159090909090909 51 0
Communication round: 88, Eavesdropper Accuracy: 0.9136363636363637 51 0
Communication round: 89, Eavesdropper Accuracy: 0.9318181818181818 51 0
Communication round: 90, Eavesdropper Accuracy: 0.9295454545454546 51 0
Communication round: 91, Eavesdropper Accuracy: 0.9272727272727272 51 0
Communication round: 92, Eavesdropper Accuracy: 0.9181818181818182 51 0
Communication round: 93, Eavesdropper Accuracy: 0.9272727272727272 51 0
Communication round: 94, Eavesdropper Accuracy: 0.9295454545454546 51 0
Communication round: 95, Eavesdropper Accuracy: 0.9227272727272727 51 0
Communication round: 96, Eavesdropper Accuracy: 0.9340909090909091 51 0
Communication round: 97, Eavesdropper Accuracy: 0.925 51 0
Communication round: 98, Eavesdropper Accuracy: 0.9363636363636364 51 0
Communication round: 99, Eavesdropper Accuracy: 0.9204545454545454 51 0
----------------------------------------------------------------------------------------------------
Communication round: 0, Eavesdropper Accuracy: 0.04772727272727273 1 1
Communication round: 1, Eavesdropper Accuracy: 0.06818181818181818 2 1
Communication round: 2, Eavesdropper Accuracy: 0.07954545454545454 2 0
Communication round: 3, Aggregated Accuracies: 0.12511904761904766 3
Communication round: 3, Eavesdropper Accuracy: 0.05 3 1
Communication round: 4, Aggregated Accuracies: 0.17535714285714288 4
Communication round: 4, Eavesdropper Accuracy: 0.11363636363636363 4 1
Communication round: 5, Eavesdropper Accuracy: 0.12272727272727273 4 0
Communication round: 6, Eavesdropper Accuracy: 0.12045454545454545 4 0
Communication round: 7, Smart Eavesdropper Accuracy: 0.0 4 0
Communication round: 8, Eavesdropper Accuracy: 0.11363636363636363 5 1
Communication round: 9, Smart Eavesdropper Accuracy: 0.0 5 0
Communication round: 10, Smart Eavesdropper Accuracy: 0.0 5 0
Communication round: 11, Aggregated Accuracies: 0.2525 6
Communication round: 11, Smart Eavesdropper Accuracy: 0.07272727272727272 6 1
Communication round: 12, Aggregated Accuracies: 0.39440476190476187 7
Communication round: 12, Eavesdropper Accuracy: 0.2772727272727273 7 1
Communication round: 13, Aggregated Accuracies: 0.49642857142857133 8
Communication round: 13, Eavesdropper Accuracy: 0.3840909090909091 8 1
Communication round: 14, Aggregated Accuracies: 0.6001190476190476 9
Communication round: 14, Eavesdropper Accuracy: 0.5613636363636364 9 1
Communication round: 15, Aggregated Accuracies: 0.6447619047619049 10
Communication round: 15, Eavesdropper Accuracy: 0.5909090909090909 10 1
Communication round: 16, Aggregated Accuracies: 0.7139285714285714 11
Communication round: 16, Eavesdropper Accuracy: 0.7113636363636363 11 1
Communication round: 17, Eavesdropper Accuracy: 0.7045454545454546 11 0
Communication round: 18, Eavesdropper Accuracy: 0.6818181818181818 11 0
Communication round: 19, Eavesdropper Accuracy: 0.6909090909090909 12 1
Communication round: 20, Eavesdropper Accuracy: 0.7159090909090909 12 0
Communication round: 21, Eavesdropper Accuracy: 0.6977272727272728 13 1
Communication round: 22, Eavesdropper Accuracy: 0.6886363636363636 13 0
Communication round: 23, Eavesdropper Accuracy: 0.6704545454545454 14 1
Communication round: 24, Eavesdropper Accuracy: 0.6772727272727272 15 1
Communication round: 25, Eavesdropper Accuracy: 0.6863636363636364 15 0
Communication round: 26, Eavesdropper Accuracy: 0.6954545454545454 16 1
Communication round: 27, Aggregated Accuracies: 0.7473809523809525 17
Communication round: 27, Eavesdropper Accuracy: 0.7431818181818182 17 1
Communication round: 28, Eavesdropper Accuracy: 0.7295454545454545 18 1
Communication round: 29, Aggregated Accuracies: 0.7730952380952382 19
Communication round: 29, Eavesdropper Accuracy: 0.7568181818181818 19 1
Communication round: 30, Aggregated Accuracies: 0.7926190476190476 20
Communication round: 30, Eavesdropper Accuracy: 0.7840909090909091 20 1
Communication round: 31, Eavesdropper Accuracy: 0.7318181818181818 20 0
Communication round: 32, Eavesdropper Accuracy: 0.7227272727272728 20 0
Communication round: 33, Aggregated Accuracies: 0.8221428571428572 21
Communication round: 33, Eavesdropper Accuracy: 0.7613636363636364 21 1
Communication round: 34, Eavesdropper Accuracy: 0.7772727272727272 21 0
Communication round: 35, Aggregated Accuracies: 0.8317857142857144 22
Communication round: 35, Eavesdropper Accuracy: 0.8045454545454546 22 1
Communication round: 36, Eavesdropper Accuracy: 0.8045454545454546 22 0
Communication round: 37, Eavesdropper Accuracy: 0.8181818181818182 22 0
Communication round: 38, Eavesdropper Accuracy: 0.8022727272727272 22 0
Communication round: 39, Eavesdropper Accuracy: 0.7909090909090909 22 0
Communication round: 40, Eavesdropper Accuracy: 0.8295454545454546 22 0
Communication round: 41, Eavesdropper Accuracy: 0.8113636363636364 22 0
Communication round: 42, Eavesdropper Accuracy: 0.8090909090909091 22 0
Communication round: 43, Eavesdropper Accuracy: 0.8 23 1
Communication round: 44, Aggregated Accuracies: 0.8458333333333334 24
Communication round: 44, Eavesdropper Accuracy: 0.8386363636363636 24 1
Communication round: 45, Eavesdropper Accuracy: 0.8409090909090909 24 0
Communication round: 46, Eavesdropper Accuracy: 0.8568181818181818 25 1
Communication round: 47, Eavesdropper Accuracy: 0.825 25 0
Communication round: 48, Eavesdropper Accuracy: 0.8090909090909091 25 0
Communication round: 49, Smart Eavesdropper Accuracy: 0.5295454545454545 25 0
Communication round: 50, Eavesdropper Accuracy: 0.8227272727272728 26 1
Communication round: 51, Smart Eavesdropper Accuracy: 0.5431818181818182 26 0
Communication round: 52, Smart Eavesdropper Accuracy: 0.6590909090909091 26 0
Communication round: 53, Smart Eavesdropper Accuracy: 0.6409090909090909 26 0
Communication round: 54, Smart Eavesdropper Accuracy: 0.6840909090909091 26 0
Communication round: 55, Smart Eavesdropper Accuracy: 0.6886363636363636 26 0
Communication round: 56, Smart Eavesdropper Accuracy: 0.6840909090909091 26 0
Communication round: 57, Smart Eavesdropper Accuracy: 0.6840909090909091 26 0
Communication round: 58, Smart Eavesdropper Accuracy: 0.725 26 0
Communication round: 59, Smart Eavesdropper Accuracy: 0.6931818181818182 26 0
Communication round: 60, Smart Eavesdropper Accuracy: 0.775 26 0
Communication round: 61, Smart Eavesdropper Accuracy: 0.7886363636363637 26 0
Communication round: 62, Smart Eavesdropper Accuracy: 0.7840909090909091 26 0
Communication round: 63, Smart Eavesdropper Accuracy: 0.7681818181818182 27 1
Communication round: 64, Smart Eavesdropper Accuracy: 0.8386363636363636 28 1
Communication round: 65, Smart Eavesdropper Accuracy: 0.8318181818181818 28 0
Communication round: 66, Smart Eavesdropper Accuracy: 0.7477272727272727 28 0
Communication round: 67, Smart Eavesdropper Accuracy: 0.8363636363636363 28 0
Communication round: 68, Aggregated Accuracies: 0.8558333333333333 29
Communication round: 68, Smart Eavesdropper Accuracy: 0.8431818181818181 29 1
Communication round: 69, Aggregated Accuracies: 0.8603571428571429 30
Communication round: 69, Smart Eavesdropper Accuracy: 0.7863636363636364 30 1
Communication round: 70, Smart Eavesdropper Accuracy: 0.8318181818181818 30 0
Communication round: 71, Aggregated Accuracies: 0.8788095238095238 31
Communication round: 71, Smart Eavesdropper Accuracy: 0.8136363636363636 31 1
Communication round: 72, Aggregated Accuracies: 0.8810714285714287 32
Communication round: 72, Smart Eavesdropper Accuracy: 0.8454545454545455 32 1
Communication round: 73, Smart Eavesdropper Accuracy: 0.8340909090909091 32 0
Communication round: 74, Aggregated Accuracies: 0.8867857142857142 33
Communication round: 74, Smart Eavesdropper Accuracy: 0.759090909090909 33 1
Communication round: 75, Aggregated Accuracies: 0.8976190476190476 34
Communication round: 75, Smart Eavesdropper Accuracy: 0.7431818181818182 34 1
Communication round: 76, Aggregated Accuracies: 0.902142857142857 35
Communication round: 76, Smart Eavesdropper Accuracy: 0.7909090909090909 35 1
Communication round: 77, Smart Eavesdropper Accuracy: 0.8272727272727273 35 0
Communication round: 78, Smart Eavesdropper Accuracy: 0.8318181818181818 35 0
Communication round: 79, Smart Eavesdropper Accuracy: 0.8136363636363636 35 0
Communication round: 80, Aggregated Accuracies: 0.9067857142857143 36
Communication round: 80, Smart Eavesdropper Accuracy: 0.8159090909090909 36 1
Communication round: 81, Aggregated Accuracies: 0.9061904761904763 37
Communication round: 81, Smart Eavesdropper Accuracy: 0.8613636363636363 37 1
Communication round: 82, Aggregated Accuracies: 0.9121428571428571 38
Communication round: 82, Smart Eavesdropper Accuracy: 0.8522727272727273 38 1
Communication round: 83, Aggregated Accuracies: 0.9165476190476192 39
Communication round: 83, Smart Eavesdropper Accuracy: 0.8522727272727273 39 1
Communication round: 84, Smart Eavesdropper Accuracy: 0.8363636363636363 40 1
Communication round: 85, Aggregated Accuracies: 0.9214285714285715 41
Communication round: 85, Smart Eavesdropper Accuracy: 0.8363636363636363 41 1
Communication round: 86, Aggregated Accuracies: 0.9204761904761904 42
Communication round: 86, Smart Eavesdropper Accuracy: 0.8272727272727273 42 1
Communication round: 87, Smart Eavesdropper Accuracy: 0.8886363636363637 42 0
Communication round: 88, Smart Eavesdropper Accuracy: 0.8409090909090909 43 1
Communication round: 89, Smart Eavesdropper Accuracy: 0.85 43 0
Communication round: 90, Smart Eavesdropper Accuracy: 0.8318181818181818 44 1
Communication round: 91, Aggregated Accuracies: 0.924047619047619 45
Communication round: 91, Smart Eavesdropper Accuracy: 0.8818181818181818 45 1
Communication round: 92, Aggregated Accuracies: 0.928452380952381 46
Communication round: 92, Smart Eavesdropper Accuracy: 0.8522727272727273 46 1
Communication round: 93, Smart Eavesdropper Accuracy: 0.8227272727272728 47 1
Communication round: 94, Eavesdropper Accuracy: 0.9272727272727272 48 1
Communication round: 95, Smart Eavesdropper Accuracy: 0.8704545454545455 48 0
Communication round: 96, Aggregated Accuracies: 0.9290476190476191 49
Communication round: 96, Eavesdropper Accuracy: 0.9204545454545454 49 1
Communication round: 97, Smart Eavesdropper Accuracy: 0.8045454545454546 49 0
Communication round: 98, Smart Eavesdropper Accuracy: 0.7795454545454545 49 0
Communication round: 99, Smart Eavesdropper Accuracy: 0.8340909090909091 49 0
----------------------------------------------------------------------------------------------------
Communication round: 0, Smart Eavesdropper Accuracy: 0.0 0 0
Communication round: 1, Smart Eavesdropper Accuracy: 0.0 0 0
Communication round: 2, Smart Eavesdropper Accuracy: 0.04090909090909091 0 0
Communication round: 3, Aggregated Accuracies: 0.11404761904761904 1
Communication round: 3, Smart Eavesdropper Accuracy: 0.10227272727272728 1 1
Communication round: 4, Smart Eavesdropper Accuracy: 0.16136363636363638 1 0
Communication round: 5, Smart Eavesdropper Accuracy: 0.33636363636363636 1 0
Communication round: 6, Smart Eavesdropper Accuracy: 0.37727272727272726 1 0
Communication round: 7, Smart Eavesdropper Accuracy: 0.46136363636363636 1 0
Communication round: 8, Smart Eavesdropper Accuracy: 0.625 1 0
Communication round: 9, Aggregated Accuracies: 0.1972619047619048 2
Communication round: 9, Smart Eavesdropper Accuracy: 0.5659090909090909 2 1
Communication round: 10, Smart Eavesdropper Accuracy: 0.6613636363636364 2 0
Communication round: 11, Smart Eavesdropper Accuracy: 0.6295454545454545 2 0
Communication round: 12, Aggregated Accuracies: 0.26809523809523805 3
Communication round: 12, Smart Eavesdropper Accuracy: 0.7068181818181818 3 1
Communication round: 13, Aggregated Accuracies: 0.3552380952380952 4
Communication round: 13, Smart Eavesdropper Accuracy: 0.7272727272727273 4 1
Communication round: 14, Smart Eavesdropper Accuracy: 0.7659090909090909 4 0
Communication round: 15, Smart Eavesdropper Accuracy: 0.7863636363636364 4 0
Communication round: 16, Aggregated Accuracies: 0.4335714285714286 5
Communication round: 16, Smart Eavesdropper Accuracy: 0.75 5 1
Communication round: 17, Smart Eavesdropper Accuracy: 0.6840909090909091 6 1
Communication round: 18, Aggregated Accuracies: 0.5139285714285715 7
Communication round: 18, Smart Eavesdropper Accuracy: 0.725 7 1
Communication round: 19, Aggregated Accuracies: 0.5819047619047619 8
Communication round: 19, Smart Eavesdropper Accuracy: 0.8113636363636364 8 1
Communication round: 20, Smart Eavesdropper Accuracy: 0.8068181818181818 9 1
Communication round: 21, Smart Eavesdropper Accuracy: 0.8227272727272728 10 1
Communication round: 22, Aggregated Accuracies: 0.6376190476190475 11
Communication round: 22, Smart Eavesdropper Accuracy: 0.7886363636363637 11 1
Communication round: 23, Smart Eavesdropper Accuracy: 0.8454545454545455 12 1
Communication round: 24, Eavesdropper Accuracy: 0.5318181818181819 13 1
Communication round: 25, Aggregated Accuracies: 0.6761904761904761 14
Communication round: 25, Eavesdropper Accuracy: 0.6522727272727272 14 1
Communication round: 26, Aggregated Accuracies: 0.7030952380952379 15
Communication round: 26, Eavesdropper Accuracy: 0.6590909090909091 15 1
Communication round: 27, Eavesdropper Accuracy: 0.675 15 0
Communication round: 28, Eavesdropper Accuracy: 0.6363636363636364 15 0
Communication round: 29, Smart Eavesdropper Accuracy: 0.21136363636363636 15 0
Communication round: 30, Smart Eavesdropper Accuracy: 0.30227272727272725 15 0
Communication round: 31, Smart Eavesdropper Accuracy: 0.31136363636363634 15 0
Communication round: 32, Smart Eavesdropper Accuracy: 0.3704545454545455 15 0
Communication round: 33, Aggregated Accuracies: 0.7541666666666664 16
Communication round: 33, Smart Eavesdropper Accuracy: 0.44545454545454544 16 1
Communication round: 34, Smart Eavesdropper Accuracy: 0.4590909090909091 16 0
Communication round: 35, Aggregated Accuracies: 0.7823809523809525 17
Communication round: 35, Smart Eavesdropper Accuracy: 0.5590909090909091 17 1
Communication round: 36, Smart Eavesdropper Accuracy: 0.65 17 0
Communication round: 37, Aggregated Accuracies: 0.8158333333333335 18
Communication round: 37, Smart Eavesdropper Accuracy: 0.740909090909091 18 1
Communication round: 38, Smart Eavesdropper Accuracy: 0.6909090909090909 18 0
Communication round: 39, Smart Eavesdropper Accuracy: 0.6386363636363637 18 0
Communication round: 40, Smart Eavesdropper Accuracy: 0.7318181818181818 18 0
Communication round: 41, Smart Eavesdropper Accuracy: 0.7454545454545455 18 0
Communication round: 42, Smart Eavesdropper Accuracy: 0.7272727272727273 18 0
Communication round: 43, Smart Eavesdropper Accuracy: 0.8181818181818182 18 0
Communication round: 44, Smart Eavesdropper Accuracy: 0.7159090909090909 18 0
Communication round: 45, Smart Eavesdropper Accuracy: 0.7727272727272727 18 0
Communication round: 46, Smart Eavesdropper Accuracy: 0.7818181818181819 18 0
Communication round: 47, Smart Eavesdropper Accuracy: 0.7545454545454545 18 0
Communication round: 48, Smart Eavesdropper Accuracy: 0.7545454545454545 18 0
Communication round: 49, Smart Eavesdropper Accuracy: 0.75 18 0
Communication round: 50, Aggregated Accuracies: 0.8263095238095239 19
Communication round: 50, Smart Eavesdropper Accuracy: 0.8068181818181818 19 1
Communication round: 51, Smart Eavesdropper Accuracy: 0.8227272727272728 19 0
Communication round: 52, Aggregated Accuracies: 0.8416666666666668 20
Communication round: 52, Smart Eavesdropper Accuracy: 0.8113636363636364 20 1
Communication round: 53, Aggregated Accuracies: 0.853095238095238 21
Communication round: 53, Smart Eavesdropper Accuracy: 0.7931818181818182 21 1
Communication round: 54, Aggregated Accuracies: 0.8630952380952381 22
Communication round: 54, Smart Eavesdropper Accuracy: 0.8318181818181818 22 1
Communication round: 55, Smart Eavesdropper Accuracy: 0.8159090909090909 23 1
Communication round: 56, Smart Eavesdropper Accuracy: 0.825 23 0
Communication round: 57, Smart Eavesdropper Accuracy: 0.8727272727272727 23 0
Communication round: 58, Smart Eavesdropper Accuracy: 0.8409090909090909 23 0
Communication round: 59, Smart Eavesdropper Accuracy: 0.8386363636363636 23 0
Communication round: 60, Smart Eavesdropper Accuracy: 0.8272727272727273 23 0
Communication round: 61, Aggregated Accuracies: 0.8780952380952382 24
Communication round: 61, Smart Eavesdropper Accuracy: 0.8045454545454546 24 1
Communication round: 62, Aggregated Accuracies: 0.8780952380952382 25
Communication round: 62, Smart Eavesdropper Accuracy: 0.85 25 1
Communication round: 63, Aggregated Accuracies: 0.8870238095238093 26
Communication round: 63, Smart Eavesdropper Accuracy: 0.8340909090909091 26 1
Communication round: 64, Aggregated Accuracies: 0.8954761904761905 27
Communication round: 64, Smart Eavesdropper Accuracy: 0.8795454545454545 27 1
Communication round: 65, Aggregated Accuracies: 0.9045238095238096 28
Communication round: 65, Smart Eavesdropper Accuracy: 0.85 28 1
Communication round: 66, Aggregated Accuracies: 0.9059523809523811 29
Communication round: 66, Smart Eavesdropper Accuracy: 0.8409090909090909 29 1
Communication round: 67, Aggregated Accuracies: 0.9098809523809521 30
Communication round: 67, Smart Eavesdropper Accuracy: 0.8409090909090909 30 1
Communication round: 68, Aggregated Accuracies: 0.9140476190476191 31
Communication round: 68, Smart Eavesdropper Accuracy: 0.85 31 1
Communication round: 69, Aggregated Accuracies: 0.9148809523809524 32
Communication round: 69, Smart Eavesdropper Accuracy: 0.825 32 1
Communication round: 70, Smart Eavesdropper Accuracy: 0.8545454545454545 32 0
Communication round: 71, Smart Eavesdropper Accuracy: 0.8227272727272728 33 1
Communication round: 72, Aggregated Accuracies: 0.9207142857142857 34
Communication round: 72, Smart Eavesdropper Accuracy: 0.8613636363636363 34 1
Communication round: 73, Smart Eavesdropper Accuracy: 0.8386363636363636 34 0
Communication round: 74, Smart Eavesdropper Accuracy: 0.8295454545454546 34 0
Communication round: 75, Smart Eavesdropper Accuracy: 0.8340909090909091 34 0
Communication round: 76, Aggregated Accuracies: 0.9194047619047618 35
Communication round: 76, Smart Eavesdropper Accuracy: 0.8318181818181818 35 1
Communication round: 77, Smart Eavesdropper Accuracy: 0.7863636363636364 35 0
Communication round: 78, Smart Eavesdropper Accuracy: 0.8909090909090909 35 0
Communication round: 79, Smart Eavesdropper Accuracy: 0.8613636363636363 35 0
Communication round: 80, Smart Eavesdropper Accuracy: 0.8522727272727273 36 1
Communication round: 81, Smart Eavesdropper Accuracy: 0.8704545454545455 36 0
Communication round: 82, Aggregated Accuracies: 0.9242857142857142 37
Communication round: 82, Smart Eavesdropper Accuracy: 0.884090909090909 37 1
Communication round: 83, Aggregated Accuracies: 0.9258333333333333 38
Communication round: 83, Smart Eavesdropper Accuracy: 0.8590909090909091 38 1
Communication round: 84, Smart Eavesdropper Accuracy: 0.8727272727272727 38 0
Communication round: 85, Smart Eavesdropper Accuracy: 0.8477272727272728 38 0
Communication round: 86, Smart Eavesdropper Accuracy: 0.8818181818181818 38 0
Communication round: 87, Smart Eavesdropper Accuracy: 0.884090909090909 38 0
Communication round: 88, Smart Eavesdropper Accuracy: 0.8909090909090909 38 0
Communication round: 89, Smart Eavesdropper Accuracy: 0.8886363636363637 38 0
Communication round: 90, Smart Eavesdropper Accuracy: 0.8340909090909091 38 0
Communication round: 91, Smart Eavesdropper Accuracy: 0.865909090909091 38 0
Communication round: 92, Smart Eavesdropper Accuracy: 0.8818181818181818 38 0
Communication round: 93, Smart Eavesdropper Accuracy: 0.875 38 0
Communication round: 94, Smart Eavesdropper Accuracy: 0.8568181818181818 38 0
Communication round: 95, Smart Eavesdropper Accuracy: 0.8068181818181818 38 0
Communication round: 96, Smart Eavesdropper Accuracy: 0.8181818181818182 38 0
Communication round: 97, Smart Eavesdropper Accuracy: 0.8613636363636363 38 0
Communication round: 98, Smart Eavesdropper Accuracy: 0.8590909090909091 38 0
Communication round: 99, Smart Eavesdropper Accuracy: 0.8568181818181818 38 0
----------------------------------------------------------------------------------------------------
Communication round: 0, Aggregated Accuracies: 0.11750000000000001 1
Communication round: 0, Eavesdropper Accuracy: 0.08636363636363636 1 1
Communication round: 1, Smart Eavesdropper Accuracy: 0.0022727272727272726 1 0
Communication round: 2, Smart Eavesdropper Accuracy: 0.0022727272727272726 1 0
Communication round: 3, Smart Eavesdropper Accuracy: 0.075 1 0
Communication round: 4, Smart Eavesdropper Accuracy: 0.16590909090909092 1 0
Communication round: 5, Smart Eavesdropper Accuracy: 0.22045454545454546 1 0
Communication round: 6, Smart Eavesdropper Accuracy: 0.38181818181818183 2 1
Communication round: 7, Smart Eavesdropper Accuracy: 0.475 2 0
Communication round: 8, Smart Eavesdropper Accuracy: 0.5590909090909091 2 0
Communication round: 9, Aggregated Accuracies: 0.24571428571428577 3
Communication round: 9, Smart Eavesdropper Accuracy: 0.5340909090909091 3 1
Communication round: 10, Aggregated Accuracies: 0.37642857142857145 4
Communication round: 10, Smart Eavesdropper Accuracy: 0.615909090909091 4 1
Communication round: 11, Smart Eavesdropper Accuracy: 0.6681818181818182 4 0
Communication round: 12, Smart Eavesdropper Accuracy: 0.7068181818181818 4 0
Communication round: 13, Aggregated Accuracies: 0.4673809523809524 5
Communication round: 13, Smart Eavesdropper Accuracy: 0.7113636363636363 5 1
Communication round: 14, Aggregated Accuracies: 0.5692857142857143 6
Communication round: 14, Smart Eavesdropper Accuracy: 0.6204545454545455 6 1
Communication round: 15, Aggregated Accuracies: 0.6345238095238096 7
Communication round: 15, Smart Eavesdropper Accuracy: 0.7113636363636363 7 1
Communication round: 16, Aggregated Accuracies: 0.7039285714285715 8
Communication round: 16, Smart Eavesdropper Accuracy: 0.6954545454545454 8 1
Communication round: 17, Aggregated Accuracies: 0.7564285714285715 9
Communication round: 17, Smart Eavesdropper Accuracy: 0.7363636363636363 9 1
Communication round: 18, Aggregated Accuracies: 0.7867857142857142 10
Communication round: 18, Eavesdropper Accuracy: 0.7431818181818182 10 1
Communication round: 19, Aggregated Accuracies: 0.8163095238095238 11
Communication round: 19, Eavesdropper Accuracy: 0.8022727272727272 11 1
Communication round: 20, Aggregated Accuracies: 0.8310714285714287 12
Communication round: 20, Eavesdropper Accuracy: 0.8181818181818182 12 1
Communication round: 21, Aggregated Accuracies: 0.8520238095238095 13
Communication round: 21, Eavesdropper Accuracy: 0.8181818181818182 13 1
Communication round: 22, Aggregated Accuracies: 0.8607142857142858 14
Communication round: 22, Eavesdropper Accuracy: 0.8522727272727273 14 1
Communication round: 23, Aggregated Accuracies: 0.8722619047619048 15
Communication round: 23, Eavesdropper Accuracy: 0.8772727272727273 15 1
Communication round: 24, Aggregated Accuracies: 0.8789285714285715 16
Communication round: 24, Eavesdropper Accuracy: 0.8818181818181818 16 1
Communication round: 25, Eavesdropper Accuracy: 0.8568181818181818 17 1
Communication round: 26, Aggregated Accuracies: 0.8867857142857144 18
Communication round: 26, Eavesdropper Accuracy: 0.8795454545454545 18 1
Communication round: 27, Aggregated Accuracies: 0.8897619047619048 19
Communication round: 27, Eavesdropper Accuracy: 0.9136363636363637 19 1
Communication round: 28, Eavesdropper Accuracy: 0.8886363636363637 20 1
Communication round: 29, Eavesdropper Accuracy: 0.8954545454545455 20 0
Communication round: 30, Eavesdropper Accuracy: 0.8886363636363637 20 0
Communication round: 31, Eavesdropper Accuracy: 0.8863636363636364 21 1
Communication round: 32, Eavesdropper Accuracy: 0.9181818181818182 21 0
Communication round: 33, Aggregated Accuracies: 0.9007142857142856 22
Communication round: 33, Eavesdropper Accuracy: 0.8977272727272727 22 1
Communication round: 34, Aggregated Accuracies: 0.9013095238095238 23
Communication round: 34, Eavesdropper Accuracy: 0.9181818181818182 23 1
Communication round: 35, Eavesdropper Accuracy: 0.9022727272727272 24 1
Communication round: 36, Eavesdropper Accuracy: 0.8954545454545455 24 0
Communication round: 37, Eavesdropper Accuracy: 0.8931818181818182 24 0
Communication round: 38, Eavesdropper Accuracy: 0.9227272727272727 24 0
Communication round: 39, Eavesdropper Accuracy: 0.9159090909090909 24 0
Communication round: 40, Eavesdropper Accuracy: 0.9045454545454545 24 0
Communication round: 41, Eavesdropper Accuracy: 0.8954545454545455 24 0
Communication round: 42, Eavesdropper Accuracy: 0.8977272727272727 24 0
Communication round: 43, Eavesdropper Accuracy: 0.9136363636363637 24 0
Communication round: 44, Eavesdropper Accuracy: 0.8954545454545455 24 0
Communication round: 45, Eavesdropper Accuracy: 0.9204545454545454 24 0
Communication round: 46, Eavesdropper Accuracy: 0.8954545454545455 24 0
Communication round: 47, Smart Eavesdropper Accuracy: 0.5886363636363636 24 0
Communication round: 48, Smart Eavesdropper Accuracy: 0.6022727272727273 24 0
Communication round: 49, Smart Eavesdropper Accuracy: 0.6386363636363637 24 0
Communication round: 50, Smart Eavesdropper Accuracy: 0.7454545454545455 24 0
Communication round: 51, Smart Eavesdropper Accuracy: 0.7068181818181818 24 0
Communication round: 52, Smart Eavesdropper Accuracy: 0.7340909090909091 24 0
Communication round: 53, Smart Eavesdropper Accuracy: 0.7795454545454545 24 0
Communication round: 54, Smart Eavesdropper Accuracy: 0.7613636363636364 24 0
Communication round: 55, Smart Eavesdropper Accuracy: 0.775 24 0
Communication round: 56, Smart Eavesdropper Accuracy: 0.7636363636363637 24 0
Communication round: 57, Smart Eavesdropper Accuracy: 0.7977272727272727 24 0
Communication round: 58, Aggregated Accuracies: 0.9116666666666667 25
Communication round: 58, Smart Eavesdropper Accuracy: 0.7931818181818182 25 1
Communication round: 59, Smart Eavesdropper Accuracy: 0.8204545454545454 25 0
Communication round: 60, Smart Eavesdropper Accuracy: 0.8772727272727273 25 0
Communication round: 61, Smart Eavesdropper Accuracy: 0.8409090909090909 25 0
Communication round: 62, Smart Eavesdropper Accuracy: 0.8340909090909091 25 0
Communication round: 63, Smart Eavesdropper Accuracy: 0.8136363636363636 25 0
Communication round: 64, Smart Eavesdropper Accuracy: 0.8386363636363636 25 0
Communication round: 65, Aggregated Accuracies: 0.9104761904761904 26
Communication round: 65, Smart Eavesdropper Accuracy: 0.8454545454545455 26 1
Communication round: 66, Smart Eavesdropper Accuracy: 0.8568181818181818 26 0
Communication round: 67, Aggregated Accuracies: 0.9120238095238096 27
Communication round: 67, Smart Eavesdropper Accuracy: 0.7795454545454545 27 1
Communication round: 68, Smart Eavesdropper Accuracy: 0.8590909090909091 28 1
Communication round: 69, Aggregated Accuracies: 0.9097619047619044 29
Communication round: 69, Smart Eavesdropper Accuracy: 0.8636363636363636 29 1
Communication round: 70, Smart Eavesdropper Accuracy: 0.8454545454545455 30 1
Communication round: 71, Smart Eavesdropper Accuracy: 0.7863636363636364 30 0
Communication round: 72, Smart Eavesdropper Accuracy: 0.8318181818181818 30 0
Communication round: 73, Smart Eavesdropper Accuracy: 0.8181818181818182 30 0
Communication round: 74, Smart Eavesdropper Accuracy: 0.8522727272727273 30 0
Communication round: 75, Smart Eavesdropper Accuracy: 0.8409090909090909 30 0
Communication round: 76, Smart Eavesdropper Accuracy: 0.7681818181818182 30 0
Communication round: 77, Smart Eavesdropper Accuracy: 0.85 30 0
Communication round: 78, Smart Eavesdropper Accuracy: 0.8363636363636363 30 0
Communication round: 79, Smart Eavesdropper Accuracy: 0.85 30 0
Communication round: 80, Smart Eavesdropper Accuracy: 0.825 30 0
Communication round: 81, Smart Eavesdropper Accuracy: 0.8568181818181818 30 0
Communication round: 82, Smart Eavesdropper Accuracy: 0.8340909090909091 30 0
Communication round: 83, Smart Eavesdropper Accuracy: 0.8681818181818182 30 0
Communication round: 84, Smart Eavesdropper Accuracy: 0.8363636363636363 30 0
Communication round: 85, Smart Eavesdropper Accuracy: 0.8181818181818182 30 0
Communication round: 86, Smart Eavesdropper Accuracy: 0.875 30 0
Communication round: 87, Smart Eavesdropper Accuracy: 0.7931818181818182 30 0
Communication round: 88, Smart Eavesdropper Accuracy: 0.8613636363636363 30 0
Communication round: 89, Smart Eavesdropper Accuracy: 0.8409090909090909 30 0
Communication round: 90, Smart Eavesdropper Accuracy: 0.8159090909090909 30 0
Communication round: 91, Smart Eavesdropper Accuracy: 0.8909090909090909 30 0
Communication round: 92, Smart Eavesdropper Accuracy: 0.8818181818181818 30 0
Communication round: 93, Smart Eavesdropper Accuracy: 0.884090909090909 30 0
Communication round: 94, Smart Eavesdropper Accuracy: 0.8795454545454545 30 0
Communication round: 95, Smart Eavesdropper Accuracy: 0.8818181818181818 30 0
Communication round: 96, Smart Eavesdropper Accuracy: 0.8568181818181818 30 0
Communication round: 97, Smart Eavesdropper Accuracy: 0.8613636363636363 30 0
Communication round: 98, Smart Eavesdropper Accuracy: 0.8931818181818182 30 0
Communication round: 99, Smart Eavesdropper Accuracy: 0.8704545454545455 30 0
----------------------------------------------------------------------------------------------------
