----------------------------------------------------------------------------------------------------
20_30_100_0.1_8_0.9_False_
----------------------------------------------------------------------------------------------------
Communication round: 0, Smart Eavesdropper Accuracy: 0.15454545454545454 0 0
Communication round: 1, Aggregated Accuracies: 0.1933333333333333 1
Communication round: 1, Smart Eavesdropper Accuracy: 0.20909090909090908 1 1
Communication round: 2, Eavesdropper Accuracy: 0.20227272727272727 2 1
Communication round: 3, Smart Eavesdropper Accuracy: 0.25227272727272726 2 0
Communication round: 4, Aggregated Accuracies: 0.2671428571428571 3
Communication round: 4, Eavesdropper Accuracy: 0.3 3 1
Communication round: 5, Aggregated Accuracies: 0.3563095238095238 4
Communication round: 5, Eavesdropper Accuracy: 0.44772727272727275 4 1
Communication round: 6, Eavesdropper Accuracy: 0.3840909090909091 4 0
Communication round: 7, Smart Eavesdropper Accuracy: 0.4431818181818182 4 0
Communication round: 8, Smart Eavesdropper Accuracy: 0.5613636363636364 4 0
Communication round: 9, Aggregated Accuracies: 0.43583333333333324 5
Communication round: 9, Smart Eavesdropper Accuracy: 0.5681818181818182 5 1
Communication round: 10, Aggregated Accuracies: 0.49130952380952386 6
Communication round: 10, Eavesdropper Accuracy: 0.5431818181818182 6 1
Communication round: 11, Eavesdropper Accuracy: 0.5590909090909091 7 1
Communication round: 12, Aggregated Accuracies: 0.5504761904761905 8
Communication round: 12, Eavesdropper Accuracy: 0.6045454545454545 8 1
Communication round: 13, Aggregated Accuracies: 0.6053571428571427 9
Communication round: 13, Eavesdropper Accuracy: 0.6795454545454546 9 1
Communication round: 14, Eavesdropper Accuracy: 0.6704545454545454 10 1
Communication round: 15, Eavesdropper Accuracy: 0.6613636363636364 11 1
Communication round: 16, Aggregated Accuracies: 0.6519047619047619 12
Communication round: 16, Eavesdropper Accuracy: 0.6795454545454546 12 1
Communication round: 17, Aggregated Accuracies: 0.6874999999999999 13
Communication round: 17, Eavesdropper Accuracy: 0.725 13 1
Communication round: 18, Aggregated Accuracies: 0.731190476190476 14
Communication round: 18, Eavesdropper Accuracy: 0.7568181818181818 14 1
Communication round: 19, Eavesdropper Accuracy: 0.7568181818181818 15 1
Communication round: 20, Aggregated Accuracies: 0.7633333333333333 16
Communication round: 20, Eavesdropper Accuracy: 0.8045454545454546 16 1
Communication round: 21, Aggregated Accuracies: 0.7940476190476192 17
Communication round: 21, Eavesdropper Accuracy: 0.8022727272727272 17 1
Communication round: 22, Aggregated Accuracies: 0.8030952380952382 18
Communication round: 22, Eavesdropper Accuracy: 0.8295454545454546 18 1
Communication round: 23, Aggregated Accuracies: 0.825 19
Communication round: 23, Eavesdropper Accuracy: 0.865909090909091 19 1
Communication round: 24, Eavesdropper Accuracy: 0.8568181818181818 19 0
Communication round: 25, Aggregated Accuracies: 0.8364285714285715 20
Communication round: 25, Eavesdropper Accuracy: 0.8727272727272727 20 1
Communication round: 26, Aggregated Accuracies: 0.8477380952380953 21
Communication round: 26, Eavesdropper Accuracy: 0.8636363636363636 21 1
Communication round: 27, Eavesdropper Accuracy: 0.8590909090909091 21 0
Communication round: 28, Aggregated Accuracies: 0.8611904761904763 22
Communication round: 28, Eavesdropper Accuracy: 0.8863636363636364 22 1
Communication round: 29, Aggregated Accuracies: 0.8701190476190476 23
Communication round: 29, Eavesdropper Accuracy: 0.8681818181818182 23 1
Communication round: 30, Aggregated Accuracies: 0.880952380952381 24
Communication round: 30, Eavesdropper Accuracy: 0.9 24 1
Communication round: 31, Aggregated Accuracies: 0.8863095238095239 25
Communication round: 31, Eavesdropper Accuracy: 0.8909090909090909 25 1
Communication round: 32, Aggregated Accuracies: 0.8913095238095238 26
Communication round: 32, Eavesdropper Accuracy: 0.9227272727272727 26 1
Communication round: 33, Aggregated Accuracies: 0.8972619047619046 27
Communication round: 33, Eavesdropper Accuracy: 0.9113636363636364 27 1
Communication round: 34, Aggregated Accuracies: 0.9040476190476191 28
Communication round: 34, Eavesdropper Accuracy: 0.9340909090909091 28 1
Communication round: 35, Aggregated Accuracies: 0.9042857142857141 29
Communication round: 35, Eavesdropper Accuracy: 0.9295454545454546 29 1
Communication round: 36, Eavesdropper Accuracy: 0.9363636363636364 29 0
Communication round: 37, Aggregated Accuracies: 0.9054761904761903 30
Communication round: 37, Eavesdropper Accuracy: 0.9340909090909091 30 1
Communication round: 38, Aggregated Accuracies: 0.9102380952380951 31
Communication round: 38, Eavesdropper Accuracy: 0.925 31 1
Communication round: 39, Aggregated Accuracies: 0.9127380952380951 32
Communication round: 39, Eavesdropper Accuracy: 0.9204545454545454 32 1
Communication round: 40, Aggregated Accuracies: 0.9197619047619048 33
Communication round: 40, Eavesdropper Accuracy: 0.9318181818181818 33 1
Communication round: 41, Aggregated Accuracies: 0.9223809523809523 34
Communication round: 41, Eavesdropper Accuracy: 0.9363636363636364 34 1
Communication round: 42, Aggregated Accuracies: 0.9263095238095238 35
Communication round: 42, Eavesdropper Accuracy: 0.9386363636363636 35 1
Communication round: 43, Eavesdropper Accuracy: 0.925 35 0
Communication round: 44, Eavesdropper Accuracy: 0.9318181818181818 35 0
Communication round: 45, Eavesdropper Accuracy: 0.9363636363636364 35 0
Communication round: 46, Eavesdropper Accuracy: 0.9204545454545454 35 0
Communication round: 47, Eavesdropper Accuracy: 0.925 35 0
Communication round: 48, Eavesdropper Accuracy: 0.9363636363636364 35 0
Communication round: 49, Eavesdropper Accuracy: 0.9522727272727273 35 0
Communication round: 50, Eavesdropper Accuracy: 0.9454545454545454 35 0
Communication round: 51, Eavesdropper Accuracy: 0.925 35 0
Communication round: 52, Eavesdropper Accuracy: 0.9386363636363636 35 0
Communication round: 53, Eavesdropper Accuracy: 0.9409090909090909 35 0
Communication round: 54, Eavesdropper Accuracy: 0.9545454545454546 35 0
Communication round: 55, Eavesdropper Accuracy: 0.9204545454545454 35 0
Communication round: 56, Eavesdropper Accuracy: 0.9363636363636364 35 0
Communication round: 57, Eavesdropper Accuracy: 0.9318181818181818 35 0
Communication round: 58, Eavesdropper Accuracy: 0.9181818181818182 35 0
Communication round: 59, Eavesdropper Accuracy: 0.9409090909090909 35 0
Communication round: 60, Eavesdropper Accuracy: 0.9204545454545454 35 0
Communication round: 61, Eavesdropper Accuracy: 0.9295454545454546 35 0
Communication round: 62, Eavesdropper Accuracy: 0.9295454545454546 35 0
Communication round: 63, Eavesdropper Accuracy: 0.9431818181818182 35 0
Communication round: 64, Eavesdropper Accuracy: 0.9409090909090909 35 0
Communication round: 65, Eavesdropper Accuracy: 0.9386363636363636 35 0
Communication round: 66, Eavesdropper Accuracy: 0.9386363636363636 35 0
Communication round: 67, Eavesdropper Accuracy: 0.9386363636363636 35 0
Communication round: 68, Eavesdropper Accuracy: 0.9045454545454545 35 0
Communication round: 69, Smart Eavesdropper Accuracy: 0.9136363636363637 35 0
Communication round: 70, Smart Eavesdropper Accuracy: 0.9204545454545454 35 0
Communication round: 71, Smart Eavesdropper Accuracy: 0.9204545454545454 35 0
Communication round: 72, Smart Eavesdropper Accuracy: 0.9136363636363637 35 0
Communication round: 73, Smart Eavesdropper Accuracy: 0.9090909090909091 35 0
Communication round: 74, Smart Eavesdropper Accuracy: 0.9090909090909091 35 0
Communication round: 75, Smart Eavesdropper Accuracy: 0.9181818181818182 35 0
Communication round: 76, Smart Eavesdropper Accuracy: 0.9181818181818182 35 0
Communication round: 77, Smart Eavesdropper Accuracy: 0.9363636363636364 35 0
Communication round: 78, Smart Eavesdropper Accuracy: 0.9568181818181818 35 0
Communication round: 79, Smart Eavesdropper Accuracy: 0.9272727272727272 35 0
Communication round: 80, Smart Eavesdropper Accuracy: 0.9113636363636364 35 0
Communication round: 81, Smart Eavesdropper Accuracy: 0.9113636363636364 35 0
Communication round: 82, Smart Eavesdropper Accuracy: 0.9181818181818182 35 0
Communication round: 83, Smart Eavesdropper Accuracy: 0.9318181818181818 35 0
Communication round: 84, Smart Eavesdropper Accuracy: 0.9409090909090909 35 0
Communication round: 85, Smart Eavesdropper Accuracy: 0.9 35 0
Communication round: 86, Smart Eavesdropper Accuracy: 0.9295454545454546 35 0
Communication round: 87, Smart Eavesdropper Accuracy: 0.9295454545454546 35 0
Communication round: 88, Smart Eavesdropper Accuracy: 0.9068181818181819 35 0
Communication round: 89, Smart Eavesdropper Accuracy: 0.9295454545454546 35 0
Communication round: 90, Smart Eavesdropper Accuracy: 0.9340909090909091 35 0
Communication round: 91, Smart Eavesdropper Accuracy: 0.9409090909090909 35 0
Communication round: 92, Smart Eavesdropper Accuracy: 0.9113636363636364 35 0
Communication round: 93, Smart Eavesdropper Accuracy: 0.9204545454545454 35 0
Communication round: 94, Smart Eavesdropper Accuracy: 0.9272727272727272 35 0
Communication round: 95, Smart Eavesdropper Accuracy: 0.9272727272727272 35 0
Communication round: 96, Smart Eavesdropper Accuracy: 0.9204545454545454 35 0
Communication round: 97, Smart Eavesdropper Accuracy: 0.9181818181818182 35 0
Communication round: 98, Smart Eavesdropper Accuracy: 0.9409090909090909 35 0
Communication round: 99, Smart Eavesdropper Accuracy: 0.9 35 0
----------------------------------------------------------------------------------------------------
----------------------------------------------------------------------------------------------------
20_30_100_0.1_8_0.9_False_
----------------------------------------------------------------------------------------------------
Communication round: 0, Smart Eavesdropper Accuracy: 0.09545454545454546 0 0
Communication round: 1, Smart Eavesdropper Accuracy: 0.20909090909090908 1 1
Communication round: 2, Eavesdropper Accuracy: 0.15227272727272728 2 1
Communication round: 3, Eavesdropper Accuracy: 0.16136363636363638 3 1
Communication round: 4, Eavesdropper Accuracy: 0.12045454545454545 3 0
Communication round: 5, Eavesdropper Accuracy: 0.1431818181818182 4 1
Communication round: 6, Eavesdropper Accuracy: 0.1340909090909091 5 1
Communication round: 7, Eavesdropper Accuracy: 0.12272727272727273 5 0
Communication round: 8, Eavesdropper Accuracy: 0.1318181818181818 5 0
Communication round: 9, Smart Eavesdropper Accuracy: 0.17272727272727273 5 0
Communication round: 10, Eavesdropper Accuracy: 0.125 6 1
Communication round: 11, Smart Eavesdropper Accuracy: 0.175 6 0
Communication round: 12, Aggregated Accuracies: 0.18619047619047616 7
Communication round: 12, Eavesdropper Accuracy: 0.20909090909090908 7 1
Communication round: 13, Aggregated Accuracies: 0.2557142857142858 8
Communication round: 13, Eavesdropper Accuracy: 0.2772727272727273 8 1
Communication round: 14, Eavesdropper Accuracy: 0.25 9 1
Communication round: 15, Eavesdropper Accuracy: 0.30454545454545456 10 1
Communication round: 16, Aggregated Accuracies: 0.33035714285714285 11
Communication round: 16, Eavesdropper Accuracy: 0.3613636363636364 11 1
Communication round: 17, Eavesdropper Accuracy: 0.3613636363636364 11 0
Communication round: 18, Eavesdropper Accuracy: 0.375 12 1
Communication round: 19, Eavesdropper Accuracy: 0.3840909090909091 13 1
Communication round: 20, Aggregated Accuracies: 0.4223809523809524 14
Communication round: 20, Eavesdropper Accuracy: 0.525 14 1
Communication round: 21, Eavesdropper Accuracy: 0.4727272727272727 15 1
Communication round: 22, Eavesdropper Accuracy: 0.5659090909090909 16 1
Communication round: 23, Eavesdropper Accuracy: 0.4772727272727273 17 1
Communication round: 24, Eavesdropper Accuracy: 0.5136363636363637 18 1
Communication round: 25, Eavesdropper Accuracy: 0.475 18 0
Communication round: 26, Eavesdropper Accuracy: 0.5204545454545455 19 1
Communication round: 27, Eavesdropper Accuracy: 0.5159090909090909 19 0
Communication round: 28, Eavesdropper Accuracy: 0.5068181818181818 19 0
Communication round: 29, Eavesdropper Accuracy: 0.5022727272727273 19 0
Communication round: 30, Aggregated Accuracies: 0.5160714285714285 20
Communication round: 30, Eavesdropper Accuracy: 0.6045454545454545 20 1
Communication round: 31, Aggregated Accuracies: 0.5816666666666668 21
Communication round: 31, Eavesdropper Accuracy: 0.6886363636363636 21 1
Communication round: 32, Eavesdropper Accuracy: 0.6045454545454545 22 1
Communication round: 33, Eavesdropper Accuracy: 0.634090909090909 23 1
Communication round: 34, Aggregated Accuracies: 0.6275 24
Communication round: 34, Eavesdropper Accuracy: 0.625 24 1
Communication round: 35, Aggregated Accuracies: 0.6872619047619046 25
Communication round: 35, Eavesdropper Accuracy: 0.7363636363636363 25 1
Communication round: 36, Aggregated Accuracies: 0.7236904761904761 26
Communication round: 36, Eavesdropper Accuracy: 0.7795454545454545 26 1
Communication round: 37, Aggregated Accuracies: 0.7639285714285714 27
Communication round: 37, Eavesdropper Accuracy: 0.8181818181818182 27 1
Communication round: 38, Aggregated Accuracies: 0.7905952380952381 28
Communication round: 38, Eavesdropper Accuracy: 0.8295454545454546 28 1
Communication round: 39, Eavesdropper Accuracy: 0.7977272727272727 28 0
Communication round: 40, Eavesdropper Accuracy: 0.8431818181818181 28 0
Communication round: 41, Eavesdropper Accuracy: 0.8045454545454546 28 0
Communication round: 42, Eavesdropper Accuracy: 0.8113636363636364 28 0
Communication round: 43, Eavesdropper Accuracy: 0.8090909090909091 28 0
Communication round: 44, Eavesdropper Accuracy: 0.8363636363636363 28 0
Communication round: 45, Eavesdropper Accuracy: 0.8227272727272728 28 0
Communication round: 46, Eavesdropper Accuracy: 0.8068181818181818 28 0
Communication round: 47, Eavesdropper Accuracy: 0.8204545454545454 28 0
Communication round: 48, Eavesdropper Accuracy: 0.825 28 0
Communication round: 49, Eavesdropper Accuracy: 0.8363636363636363 28 0
Communication round: 50, Eavesdropper Accuracy: 0.8227272727272728 28 0
Communication round: 51, Eavesdropper Accuracy: 0.8386363636363636 28 0
Communication round: 52, Eavesdropper Accuracy: 0.8318181818181818 28 0
Communication round: 53, Eavesdropper Accuracy: 0.8136363636363636 28 0
Communication round: 54, Eavesdropper Accuracy: 0.8272727272727273 28 0
Communication round: 55, Smart Eavesdropper Accuracy: 0.7886363636363637 28 0
Communication round: 56, Smart Eavesdropper Accuracy: 0.8613636363636363 28 0
Communication round: 57, Smart Eavesdropper Accuracy: 0.8272727272727273 28 0
Communication round: 58, Smart Eavesdropper Accuracy: 0.8613636363636363 28 0
Communication round: 59, Smart Eavesdropper Accuracy: 0.8454545454545455 29 1
Communication round: 60, Smart Eavesdropper Accuracy: 0.8818181818181818 30 1
Communication round: 61, Smart Eavesdropper Accuracy: 0.8522727272727273 31 1
Communication round: 62, Aggregated Accuracies: 0.8145238095238095 32
Communication round: 62, Eavesdropper Accuracy: 0.8363636363636363 32 1
Communication round: 63, Aggregated Accuracies: 0.8285714285714286 33
Communication round: 63, Eavesdropper Accuracy: 0.85 33 1
Communication round: 64, Aggregated Accuracies: 0.8367857142857144 34
Communication round: 64, Eavesdropper Accuracy: 0.8545454545454545 34 1
Communication round: 65, Aggregated Accuracies: 0.852857142857143 35
Communication round: 65, Eavesdropper Accuracy: 0.8954545454545455 35 1
Communication round: 66, Aggregated Accuracies: 0.8654761904761905 36
Communication round: 66, Eavesdropper Accuracy: 0.8863636363636364 36 1
Communication round: 67, Aggregated Accuracies: 0.8767857142857144 37
Communication round: 67, Eavesdropper Accuracy: 0.9022727272727272 37 1
Communication round: 68, Aggregated Accuracies: 0.8834523809523811 38
Communication round: 68, Eavesdropper Accuracy: 0.884090909090909 38 1
Communication round: 69, Aggregated Accuracies: 0.8889285714285714 39
Communication round: 69, Eavesdropper Accuracy: 0.8886363636363637 39 1
Communication round: 70, Aggregated Accuracies: 0.8933333333333333 40
Communication round: 70, Eavesdropper Accuracy: 0.9022727272727272 40 1
Communication round: 71, Aggregated Accuracies: 0.9003571428571426 41
Communication round: 71, Eavesdropper Accuracy: 0.9295454545454546 41 1
Communication round: 72, Aggregated Accuracies: 0.9021428571428572 42
Communication round: 72, Eavesdropper Accuracy: 0.9159090909090909 42 1
Communication round: 73, Aggregated Accuracies: 0.9016666666666667 43
Communication round: 73, Eavesdropper Accuracy: 0.9386363636363636 43 1
Communication round: 74, Aggregated Accuracies: 0.9097619047619047 44
Communication round: 74, Eavesdropper Accuracy: 0.9022727272727272 44 1
Communication round: 75, Eavesdropper Accuracy: 0.9295454545454546 45 1
Communication round: 76, Eavesdropper Accuracy: 0.9295454545454546 45 0
Communication round: 77, Aggregated Accuracies: 0.911904761904762 46
Communication round: 77, Eavesdropper Accuracy: 0.9363636363636364 46 1
Communication round: 78, Aggregated Accuracies: 0.9129761904761905 47
Communication round: 78, Eavesdropper Accuracy: 0.9340909090909091 47 1
Communication round: 79, Aggregated Accuracies: 0.9192857142857143 48
Communication round: 79, Eavesdropper Accuracy: 0.925 48 1
Communication round: 80, Eavesdropper Accuracy: 0.9409090909090909 48 0
Communication round: 81, Eavesdropper Accuracy: 0.9272727272727272 48 0
Communication round: 82, Eavesdropper Accuracy: 0.9522727272727273 48 0
Communication round: 83, Eavesdropper Accuracy: 0.9386363636363636 48 0
Communication round: 84, Eavesdropper Accuracy: 0.9295454545454546 48 0
Communication round: 85, Eavesdropper Accuracy: 0.925 48 0
Communication round: 86, Eavesdropper Accuracy: 0.9386363636363636 48 0
Communication round: 87, Eavesdropper Accuracy: 0.9295454545454546 48 0
Communication round: 88, Eavesdropper Accuracy: 0.9204545454545454 48 0
Communication round: 89, Eavesdropper Accuracy: 0.9409090909090909 48 0
Communication round: 90, Eavesdropper Accuracy: 0.9545454545454546 48 0
Communication round: 91, Eavesdropper Accuracy: 0.9159090909090909 48 0
Communication round: 92, Eavesdropper Accuracy: 0.9295454545454546 48 0
Communication round: 93, Eavesdropper Accuracy: 0.9363636363636364 48 0
Communication round: 94, Eavesdropper Accuracy: 0.9181818181818182 48 0
Communication round: 95, Smart Eavesdropper Accuracy: 0.925 48 0
Communication round: 96, Aggregated Accuracies: 0.9207142857142857 49
Communication round: 96, Eavesdropper Accuracy: 0.9363636363636364 49 1
Communication round: 97, Smart Eavesdropper Accuracy: 0.9227272727272727 49 0
Communication round: 98, Smart Eavesdropper Accuracy: 0.9272727272727272 49 0
Communication round: 99, Smart Eavesdropper Accuracy: 0.9318181818181818 49 0
----------------------------------------------------------------------------------------------------
----------------------------------------------------------------------------------------------------
20_30_100_0.1_8_0.9_False_
----------------------------------------------------------------------------------------------------
Communication round: 0, Smart Eavesdropper Accuracy: 0.18181818181818182 0 0
Communication round: 1, Smart Eavesdropper Accuracy: 0.2545454545454545 0 0
Communication round: 2, Smart Eavesdropper Accuracy: 0.3659090909090909 1 1
Communication round: 3, Smart Eavesdropper Accuracy: 0.44545454545454544 2 1
Communication round: 4, Smart Eavesdropper Accuracy: 0.49772727272727274 2 0
Communication round: 5, Aggregated Accuracies: 0.11785714285714288 3
Communication round: 5, Smart Eavesdropper Accuracy: 0.6272727272727273 3 1
Communication round: 6, Smart Eavesdropper Accuracy: 0.575 3 0
Communication round: 7, Smart Eavesdropper Accuracy: 0.625 3 0
Communication round: 8, Smart Eavesdropper Accuracy: 0.6909090909090909 4 1
Communication round: 9, Aggregated Accuracies: 0.1792857142857143 5
Communication round: 9, Smart Eavesdropper Accuracy: 0.7204545454545455 5 1
Communication round: 10, Aggregated Accuracies: 0.2927380952380952 6
Communication round: 10, Eavesdropper Accuracy: 0.30227272727272725 6 1
Communication round: 11, Eavesdropper Accuracy: 0.34545454545454546 7 1
Communication round: 12, Aggregated Accuracies: 0.3828571428571429 8
Communication round: 12, Eavesdropper Accuracy: 0.42727272727272725 8 1
Communication round: 13, Aggregated Accuracies: 0.4570238095238096 9
Communication round: 13, Eavesdropper Accuracy: 0.47954545454545455 9 1
Communication round: 14, Eavesdropper Accuracy: 0.4909090909090909 10 1
Communication round: 15, Aggregated Accuracies: 0.5355952380952381 11
Communication round: 15, Eavesdropper Accuracy: 0.6090909090909091 11 1
Communication round: 16, Aggregated Accuracies: 0.600952380952381 12
Communication round: 16, Eavesdropper Accuracy: 0.615909090909091 12 1
Communication round: 17, Aggregated Accuracies: 0.6478571428571429 13
Communication round: 17, Eavesdropper Accuracy: 0.6590909090909091 13 1
Communication round: 18, Aggregated Accuracies: 0.6974999999999999 14
Communication round: 18, Eavesdropper Accuracy: 0.6954545454545454 14 1
Communication round: 19, Aggregated Accuracies: 0.7415476190476189 15
Communication round: 19, Eavesdropper Accuracy: 0.7931818181818182 15 1
Communication round: 20, Aggregated Accuracies: 0.7854761904761905 16
Communication round: 20, Eavesdropper Accuracy: 0.8 16 1
Communication round: 21, Eavesdropper Accuracy: 0.7886363636363637 17 1
Communication round: 22, Aggregated Accuracies: 0.8060714285714287 18
Communication round: 22, Eavesdropper Accuracy: 0.7909090909090909 18 1
Communication round: 23, Eavesdropper Accuracy: 0.7954545454545454 19 1
Communication round: 24, Eavesdropper Accuracy: 0.8022727272727272 20 1
Communication round: 25, Eavesdropper Accuracy: 0.825 21 1
Communication round: 26, Aggregated Accuracies: 0.8169047619047621 22
Communication round: 26, Eavesdropper Accuracy: 0.7954545454545454 22 1
Communication round: 27, Aggregated Accuracies: 0.8341666666666667 23
Communication round: 27, Eavesdropper Accuracy: 0.825 23 1
Communication round: 28, Eavesdropper Accuracy: 0.8363636363636363 23 0
Communication round: 29, Eavesdropper Accuracy: 0.8295454545454546 23 0
Communication round: 30, Eavesdropper Accuracy: 0.8613636363636363 23 0
Communication round: 31, Eavesdropper Accuracy: 0.8181818181818182 23 0
Communication round: 32, Eavesdropper Accuracy: 0.8613636363636363 23 0
Communication round: 33, Eavesdropper Accuracy: 0.8181818181818182 23 0
Communication round: 34, Eavesdropper Accuracy: 0.8295454545454546 23 0
Communication round: 35, Eavesdropper Accuracy: 0.8545454545454545 23 0
Communication round: 36, Eavesdropper Accuracy: 0.8409090909090909 23 0
Communication round: 37, Eavesdropper Accuracy: 0.8704545454545455 23 0
Communication round: 38, Eavesdropper Accuracy: 0.8318181818181818 23 0
Communication round: 39, Eavesdropper Accuracy: 0.8477272727272728 23 0
Communication round: 40, Eavesdropper Accuracy: 0.8522727272727273 23 0
Communication round: 41, Eavesdropper Accuracy: 0.8568181818181818 23 0
Communication round: 42, Eavesdropper Accuracy: 0.85 23 0
Communication round: 43, Eavesdropper Accuracy: 0.8363636363636363 23 0
Communication round: 44, Eavesdropper Accuracy: 0.8431818181818181 23 0
Communication round: 45, Smart Eavesdropper Accuracy: 0.8113636363636364 23 0
Communication round: 46, Smart Eavesdropper Accuracy: 0.8340909090909091 23 0
Communication round: 47, Aggregated Accuracies: 0.8296428571428571 24
Communication round: 47, Smart Eavesdropper Accuracy: 0.8045454545454546 24 1
Communication round: 48, Aggregated Accuracies: 0.8544047619047618 25
Communication round: 48, Eavesdropper Accuracy: 0.8727272727272727 25 1
Communication round: 49, Aggregated Accuracies: 0.8666666666666666 26
Communication round: 49, Eavesdropper Accuracy: 0.865909090909091 26 1
Communication round: 50, Aggregated Accuracies: 0.876309523809524 27
Communication round: 50, Eavesdropper Accuracy: 0.8795454545454545 27 1
Communication round: 51, Eavesdropper Accuracy: 0.8636363636363636 27 0
Communication round: 52, Eavesdropper Accuracy: 0.884090909090909 27 0
Communication round: 53, Smart Eavesdropper Accuracy: 0.8818181818181818 27 0
Communication round: 54, Smart Eavesdropper Accuracy: 0.8681818181818182 27 0
Communication round: 55, Smart Eavesdropper Accuracy: 0.8954545454545455 27 0
Communication round: 56, Smart Eavesdropper Accuracy: 0.8613636363636363 27 0
Communication round: 57, Smart Eavesdropper Accuracy: 0.8454545454545455 27 0
Communication round: 58, Smart Eavesdropper Accuracy: 0.8886363636363637 27 0
Communication round: 59, Smart Eavesdropper Accuracy: 0.8613636363636363 27 0
Communication round: 60, Smart Eavesdropper Accuracy: 0.865909090909091 27 0
Communication round: 61, Smart Eavesdropper Accuracy: 0.8977272727272727 27 0
Communication round: 62, Smart Eavesdropper Accuracy: 0.8636363636363636 27 0
Communication round: 63, Smart Eavesdropper Accuracy: 0.8545454545454545 27 0
Communication round: 64, Smart Eavesdropper Accuracy: 0.8772727272727273 27 0
Communication round: 65, Smart Eavesdropper Accuracy: 0.8954545454545455 27 0
Communication round: 66, Smart Eavesdropper Accuracy: 0.8545454545454545 27 0
Communication round: 67, Smart Eavesdropper Accuracy: 0.8818181818181818 27 0
Communication round: 68, Smart Eavesdropper Accuracy: 0.8886363636363637 27 0
Communication round: 69, Smart Eavesdropper Accuracy: 0.884090909090909 27 0
Communication round: 70, Smart Eavesdropper Accuracy: 0.8772727272727273 27 0
Communication round: 71, Smart Eavesdropper Accuracy: 0.8909090909090909 27 0
Communication round: 72, Smart Eavesdropper Accuracy: 0.8727272727272727 27 0
Communication round: 73, Smart Eavesdropper Accuracy: 0.8977272727272727 27 0
Communication round: 74, Smart Eavesdropper Accuracy: 0.8977272727272727 27 0
Communication round: 75, Smart Eavesdropper Accuracy: 0.9 27 0
Communication round: 76, Smart Eavesdropper Accuracy: 0.8931818181818182 27 0
Communication round: 77, Smart Eavesdropper Accuracy: 0.9 27 0
Communication round: 78, Smart Eavesdropper Accuracy: 0.8977272727272727 27 0
Communication round: 79, Smart Eavesdropper Accuracy: 0.8954545454545455 27 0
Communication round: 80, Smart Eavesdropper Accuracy: 0.9181818181818182 27 0
Communication round: 81, Smart Eavesdropper Accuracy: 0.9181818181818182 27 0
Communication round: 82, Smart Eavesdropper Accuracy: 0.8863636363636364 27 0
Communication round: 83, Smart Eavesdropper Accuracy: 0.9022727272727272 27 0
Communication round: 84, Smart Eavesdropper Accuracy: 0.8818181818181818 27 0
Communication round: 85, Smart Eavesdropper Accuracy: 0.925 27 0
Communication round: 86, Smart Eavesdropper Accuracy: 0.8863636363636364 27 0
Communication round: 87, Smart Eavesdropper Accuracy: 0.9 27 0
Communication round: 88, Smart Eavesdropper Accuracy: 0.9022727272727272 27 0
Communication round: 89, Smart Eavesdropper Accuracy: 0.8704545454545455 27 0
Communication round: 90, Aggregated Accuracies: 0.8825000000000001 28
Communication round: 90, Smart Eavesdropper Accuracy: 0.9 28 1
Communication round: 91, Aggregated Accuracies: 0.8860714285714286 29
Communication round: 91, Smart Eavesdropper Accuracy: 0.9022727272727272 29 1
Communication round: 92, Aggregated Accuracies: 0.8922619047619047 30
Communication round: 92, Smart Eavesdropper Accuracy: 0.9068181818181819 30 1
Communication round: 93, Aggregated Accuracies: 0.8982142857142856 31
Communication round: 93, Smart Eavesdropper Accuracy: 0.884090909090909 31 1
Communication round: 94, Aggregated Accuracies: 0.9022619047619047 32
Communication round: 94, Smart Eavesdropper Accuracy: 0.9068181818181819 32 1
Communication round: 95, Aggregated Accuracies: 0.9077380952380951 33
Communication round: 95, Smart Eavesdropper Accuracy: 0.9068181818181819 33 1
Communication round: 96, Aggregated Accuracies: 0.9053571428571429 34
Communication round: 96, Smart Eavesdropper Accuracy: 0.9159090909090909 34 1
Communication round: 97, Aggregated Accuracies: 0.9158333333333335 35
Communication round: 97, Smart Eavesdropper Accuracy: 0.9068181818181819 35 1
Communication round: 98, Smart Eavesdropper Accuracy: 0.9181818181818182 35 0
Communication round: 99, Smart Eavesdropper Accuracy: 0.8886363636363637 35 0
----------------------------------------------------------------------------------------------------
----------------------------------------------------------------------------------------------------
20_30_100_0.1_8_0.9_False_
----------------------------------------------------------------------------------------------------
Communication round: 0, Smart Eavesdropper Accuracy: 0.1431818181818182 0 0
Communication round: 1, Smart Eavesdropper Accuracy: 0.30227272727272725 0 0
Communication round: 2, Smart Eavesdropper Accuracy: 0.36818181818181817 1 1
Communication round: 3, Smart Eavesdropper Accuracy: 0.42954545454545456 1 0
Communication round: 4, Aggregated Accuracies: 0.16261904761904764 2
Communication round: 4, Smart Eavesdropper Accuracy: 0.5136363636363637 2 1
Communication round: 5, Aggregated Accuracies: 0.2019047619047619 3
Communication round: 5, Smart Eavesdropper Accuracy: 0.5681818181818182 3 1
Communication round: 6, Smart Eavesdropper Accuracy: 0.625 3 0
Communication round: 7, Aggregated Accuracies: 0.2953571428571429 4
Communication round: 7, Smart Eavesdropper Accuracy: 0.65 4 1
Communication round: 8, Aggregated Accuracies: 0.39464285714285713 5
Communication round: 8, Eavesdropper Accuracy: 0.49772727272727274 5 1
Communication round: 9, Eavesdropper Accuracy: 0.43863636363636366 6 1
Communication round: 10, Eavesdropper Accuracy: 0.41363636363636364 7 1
Communication round: 11, Eavesdropper Accuracy: 0.39090909090909093 7 0
Communication round: 12, Eavesdropper Accuracy: 0.4318181818181818 8 1
Communication round: 13, Eavesdropper Accuracy: 0.44772727272727275 8 0
Communication round: 14, Aggregated Accuracies: 0.4717857142857144 9
Communication round: 14, Eavesdropper Accuracy: 0.5295454545454545 9 1
Communication round: 15, Aggregated Accuracies: 0.5536904761904763 10
Communication round: 15, Eavesdropper Accuracy: 0.634090909090909 10 1
Communication round: 16, Eavesdropper Accuracy: 0.5818181818181818 11 1
Communication round: 17, Eavesdropper Accuracy: 0.5795454545454546 11 0
Communication round: 18, Eavesdropper Accuracy: 0.55 11 0
Communication round: 19, Eavesdropper Accuracy: 0.5772727272727273 11 0
Communication round: 20, Aggregated Accuracies: 0.6126190476190477 12
Communication round: 20, Eavesdropper Accuracy: 0.6477272727272727 12 1
Communication round: 21, Eavesdropper Accuracy: 0.6204545454545455 12 0
Communication round: 22, Eavesdropper Accuracy: 0.6386363636363637 13 1
Communication round: 23, Aggregated Accuracies: 0.6732142857142858 14
Communication round: 23, Eavesdropper Accuracy: 0.6954545454545454 14 1
Communication round: 24, Eavesdropper Accuracy: 0.7136363636363636 15 1
Communication round: 25, Aggregated Accuracies: 0.7044047619047619 16
Communication round: 25, Eavesdropper Accuracy: 0.7068181818181818 16 1
Communication round: 26, Aggregated Accuracies: 0.7352380952380952 17
Communication round: 26, Eavesdropper Accuracy: 0.7659090909090909 17 1
Communication round: 27, Aggregated Accuracies: 0.7515476190476191 18
Communication round: 27, Eavesdropper Accuracy: 0.7795454545454545 18 1
Communication round: 28, Aggregated Accuracies: 0.7723809523809525 19
Communication round: 28, Eavesdropper Accuracy: 0.7863636363636364 19 1
Communication round: 29, Eavesdropper Accuracy: 0.7840909090909091 20 1
Communication round: 30, Eavesdropper Accuracy: 0.7795454545454545 20 0
Communication round: 31, Aggregated Accuracies: 0.7879761904761906 21
Communication round: 31, Eavesdropper Accuracy: 0.8022727272727272 21 1
Communication round: 32, Eavesdropper Accuracy: 0.775 21 0
Communication round: 33, Aggregated Accuracies: 0.803809523809524 22
Communication round: 33, Eavesdropper Accuracy: 0.8 22 1
Communication round: 34, Eavesdropper Accuracy: 0.825 22 0
Communication round: 35, Eavesdropper Accuracy: 0.8 22 0
Communication round: 36, Eavesdropper Accuracy: 0.8204545454545454 22 0
Communication round: 37, Eavesdropper Accuracy: 0.8386363636363636 22 0
Communication round: 38, Eavesdropper Accuracy: 0.8363636363636363 22 0
Communication round: 39, Eavesdropper Accuracy: 0.8136363636363636 22 0
Communication round: 40, Eavesdropper Accuracy: 0.8204545454545454 22 0
Communication round: 41, Eavesdropper Accuracy: 0.8295454545454546 22 0
Communication round: 42, Eavesdropper Accuracy: 0.8090909090909091 22 0
Communication round: 43, Smart Eavesdropper Accuracy: 0.8272727272727273 22 0
Communication round: 44, Smart Eavesdropper Accuracy: 0.8568181818181818 22 0
Communication round: 45, Smart Eavesdropper Accuracy: 0.8227272727272728 22 0
Communication round: 46, Smart Eavesdropper Accuracy: 0.7909090909090909 22 0
Communication round: 47, Smart Eavesdropper Accuracy: 0.8340909090909091 22 0
Communication round: 48, Aggregated Accuracies: 0.8167857142857144 23
Communication round: 48, Smart Eavesdropper Accuracy: 0.8681818181818182 23 1
Communication round: 49, Smart Eavesdropper Accuracy: 0.8363636363636363 24 1
Communication round: 50, Smart Eavesdropper Accuracy: 0.8590909090909091 25 1
Communication round: 51, Aggregated Accuracies: 0.8290476190476189 26
Communication round: 51, Smart Eavesdropper Accuracy: 0.8318181818181818 26 1
Communication round: 52, Aggregated Accuracies: 0.8366666666666666 27
Communication round: 52, Eavesdropper Accuracy: 0.8431818181818181 27 1
Communication round: 53, Smart Eavesdropper Accuracy: 0.8431818181818181 27 0
Communication round: 54, Aggregated Accuracies: 0.8498809523809527 28
Communication round: 54, Eavesdropper Accuracy: 0.8613636363636363 28 1
Communication round: 55, Aggregated Accuracies: 0.8577380952380953 29
Communication round: 55, Eavesdropper Accuracy: 0.8704545454545455 29 1
Communication round: 56, Aggregated Accuracies: 0.8679761904761906 30
Communication round: 56, Eavesdropper Accuracy: 0.8590909090909091 30 1
Communication round: 57, Aggregated Accuracies: 0.8723809523809525 31
Communication round: 57, Eavesdropper Accuracy: 0.9 31 1
Communication round: 58, Aggregated Accuracies: 0.8803571428571428 32
Communication round: 58, Eavesdropper Accuracy: 0.8704545454545455 32 1
Communication round: 59, Aggregated Accuracies: 0.8869047619047619 33
Communication round: 59, Eavesdropper Accuracy: 0.8886363636363637 33 1
Communication round: 60, Aggregated Accuracies: 0.8895238095238096 34
Communication round: 60, Eavesdropper Accuracy: 0.9045454545454545 34 1
Communication round: 61, Aggregated Accuracies: 0.894047619047619 35
Communication round: 61, Eavesdropper Accuracy: 0.8954545454545455 35 1
Communication round: 62, Aggregated Accuracies: 0.896904761904762 36
Communication round: 62, Eavesdropper Accuracy: 0.9 36 1
Communication round: 63, Aggregated Accuracies: 0.9046428571428573 37
Communication round: 63, Eavesdropper Accuracy: 0.9136363636363637 37 1
Communication round: 64, Aggregated Accuracies: 0.9070238095238095 38
Communication round: 64, Eavesdropper Accuracy: 0.9181818181818182 38 1
Communication round: 65, Aggregated Accuracies: 0.9117857142857142 39
Communication round: 65, Eavesdropper Accuracy: 0.9363636363636364 39 1
Communication round: 66, Eavesdropper Accuracy: 0.9431818181818182 39 0
Communication round: 67, Aggregated Accuracies: 0.9135714285714286 40
Communication round: 67, Eavesdropper Accuracy: 0.9318181818181818 40 1
Communication round: 68, Eavesdropper Accuracy: 0.9181818181818182 40 0
Communication round: 69, Eavesdropper Accuracy: 0.9204545454545454 40 0
Communication round: 70, Eavesdropper Accuracy: 0.9204545454545454 40 0
Communication round: 71, Eavesdropper Accuracy: 0.9272727272727272 40 0
Communication round: 72, Eavesdropper Accuracy: 0.9136363636363637 40 0
Communication round: 73, Eavesdropper Accuracy: 0.9340909090909091 40 0
Communication round: 74, Eavesdropper Accuracy: 0.9409090909090909 40 0
Communication round: 75, Eavesdropper Accuracy: 0.9204545454545454 40 0
Communication round: 76, Eavesdropper Accuracy: 0.9 40 0
Communication round: 77, Eavesdropper Accuracy: 0.9181818181818182 40 0
Communication round: 78, Eavesdropper Accuracy: 0.9181818181818182 40 0
Communication round: 79, Smart Eavesdropper Accuracy: 0.9295454545454546 40 0
Communication round: 80, Smart Eavesdropper Accuracy: 0.9318181818181818 40 0
Communication round: 81, Smart Eavesdropper Accuracy: 0.9431818181818182 40 0
Communication round: 82, Smart Eavesdropper Accuracy: 0.9204545454545454 40 0
Communication round: 83, Smart Eavesdropper Accuracy: 0.9068181818181819 40 0
Communication round: 84, Smart Eavesdropper Accuracy: 0.9022727272727272 40 0
Communication round: 85, Smart Eavesdropper Accuracy: 0.925 40 0
Communication round: 86, Smart Eavesdropper Accuracy: 0.9136363636363637 40 0
Communication round: 87, Smart Eavesdropper Accuracy: 0.9227272727272727 40 0
Communication round: 88, Smart Eavesdropper Accuracy: 0.9136363636363637 40 0
Communication round: 89, Smart Eavesdropper Accuracy: 0.9409090909090909 40 0
Communication round: 90, Smart Eavesdropper Accuracy: 0.9227272727272727 40 0
Communication round: 91, Smart Eavesdropper Accuracy: 0.9363636363636364 40 0
Communication round: 92, Smart Eavesdropper Accuracy: 0.9136363636363637 40 0
Communication round: 93, Smart Eavesdropper Accuracy: 0.9181818181818182 40 0
Communication round: 94, Smart Eavesdropper Accuracy: 0.9068181818181819 40 0
Communication round: 95, Smart Eavesdropper Accuracy: 0.9272727272727272 40 0
Communication round: 96, Smart Eavesdropper Accuracy: 0.9204545454545454 40 0
Communication round: 97, Smart Eavesdropper Accuracy: 0.9409090909090909 40 0
Communication round: 98, Smart Eavesdropper Accuracy: 0.9045454545454545 40 0
Communication round: 99, Smart Eavesdropper Accuracy: 0.9090909090909091 40 0
----------------------------------------------------------------------------------------------------
----------------------------------------------------------------------------------------------------
20_30_100_0.1_8_0.9_False_
----------------------------------------------------------------------------------------------------
Communication round: 0, Smart Eavesdropper Accuracy: 0.1590909090909091 0 0
Communication round: 1, Smart Eavesdropper Accuracy: 0.23863636363636365 1 1
Communication round: 2, Smart Eavesdropper Accuracy: 0.29545454545454547 1 0
Communication round: 3, Aggregated Accuracies: 0.13952380952380955 2
Communication round: 3, Smart Eavesdropper Accuracy: 0.3522727272727273 2 1
Communication round: 4, Aggregated Accuracies: 0.18464285714285714 3
Communication round: 4, Eavesdropper Accuracy: 0.15681818181818183 3 1
Communication round: 5, Aggregated Accuracies: 0.24928571428571428 4
Communication round: 5, Eavesdropper Accuracy: 0.22727272727272727 4 1
Communication round: 6, Eavesdropper Accuracy: 0.25227272727272726 5 1
Communication round: 7, Eavesdropper Accuracy: 0.25227272727272726 5 0
Communication round: 8, Eavesdropper Accuracy: 0.27045454545454545 6 1
Communication round: 9, Aggregated Accuracies: 0.3419047619047619 7
Communication round: 9, Eavesdropper Accuracy: 0.35909090909090907 7 1
Communication round: 10, Aggregated Accuracies: 0.4552380952380952 8
Communication round: 10, Eavesdropper Accuracy: 0.5045454545454545 8 1
Communication round: 11, Eavesdropper Accuracy: 0.5522727272727272 9 1
Communication round: 12, Aggregated Accuracies: 0.5217857142857143 10
Communication round: 12, Eavesdropper Accuracy: 0.525 10 1
Communication round: 13, Eavesdropper Accuracy: 0.5863636363636363 10 0
Communication round: 14, Eavesdropper Accuracy: 0.5386363636363637 11 1
Communication round: 15, Eavesdropper Accuracy: 0.5909090909090909 12 1
Communication round: 16, Eavesdropper Accuracy: 0.5363636363636364 13 1
Communication round: 17, Aggregated Accuracies: 0.5920238095238095 14
Communication round: 17, Eavesdropper Accuracy: 0.5727272727272728 14 1
Communication round: 18, Aggregated Accuracies: 0.6273809523809524 15
Communication round: 18, Eavesdropper Accuracy: 0.6045454545454545 15 1
Communication round: 19, Eavesdropper Accuracy: 0.6431818181818182 16 1
Communication round: 20, Eavesdropper Accuracy: 0.6545454545454545 17 1
Communication round: 21, Aggregated Accuracies: 0.6779761904761904 18
Communication round: 21, Eavesdropper Accuracy: 0.6818181818181818 18 1
Communication round: 22, Eavesdropper Accuracy: 0.6568181818181819 19 1
Communication round: 23, Aggregated Accuracies: 0.7221428571428571 20
Communication round: 23, Eavesdropper Accuracy: 0.7704545454545455 20 1
Communication round: 24, Aggregated Accuracies: 0.7607142857142858 21
Communication round: 24, Eavesdropper Accuracy: 0.7818181818181819 21 1
Communication round: 25, Eavesdropper Accuracy: 0.7454545454545455 22 1
Communication round: 26, Eavesdropper Accuracy: 0.7727272727272727 23 1
Communication round: 27, Aggregated Accuracies: 0.7852380952380954 24
Communication round: 27, Eavesdropper Accuracy: 0.7636363636363637 24 1
Communication round: 28, Eavesdropper Accuracy: 0.7909090909090909 25 1
Communication round: 29, Eavesdropper Accuracy: 0.8068181818181818 26 1
Communication round: 30, Aggregated Accuracies: 0.8088095238095239 27
Communication round: 30, Eavesdropper Accuracy: 0.8136363636363636 27 1
Communication round: 31, Aggregated Accuracies: 0.8315476190476192 28
Communication round: 31, Eavesdropper Accuracy: 0.8340909090909091 28 1
Communication round: 32, Eavesdropper Accuracy: 0.8295454545454546 28 0
Communication round: 33, Aggregated Accuracies: 0.8414285714285714 29
Communication round: 33, Eavesdropper Accuracy: 0.8727272727272727 29 1
Communication round: 34, Aggregated Accuracies: 0.8489285714285716 30
Communication round: 34, Eavesdropper Accuracy: 0.8863636363636364 30 1
Communication round: 35, Aggregated Accuracies: 0.8579761904761906 31
Communication round: 35, Eavesdropper Accuracy: 0.865909090909091 31 1
Communication round: 36, Aggregated Accuracies: 0.8741666666666665 32
Communication round: 36, Eavesdropper Accuracy: 0.8704545454545455 32 1
Communication round: 37, Eavesdropper Accuracy: 0.8818181818181818 33 1
Communication round: 38, Aggregated Accuracies: 0.8783333333333333 34
Communication round: 38, Eavesdropper Accuracy: 0.884090909090909 34 1
Communication round: 39, Eavesdropper Accuracy: 0.884090909090909 35 1
Communication round: 40, Aggregated Accuracies: 0.8808333333333336 36
Communication round: 40, Eavesdropper Accuracy: 0.8954545454545455 36 1
Communication round: 41, Eavesdropper Accuracy: 0.884090909090909 37 1
Communication round: 42, Eavesdropper Accuracy: 0.8886363636363637 38 1
Communication round: 43, Eavesdropper Accuracy: 0.9068181818181819 39 1
Communication round: 44, Aggregated Accuracies: 0.887857142857143 40
Communication round: 44, Eavesdropper Accuracy: 0.9 40 1
Communication round: 45, Eavesdropper Accuracy: 0.884090909090909 40 0
Communication round: 46, Eavesdropper Accuracy: 0.8772727272727273 40 0
Communication round: 47, Eavesdropper Accuracy: 0.9022727272727272 40 0
Communication round: 48, Eavesdropper Accuracy: 0.8636363636363636 40 0
Communication round: 49, Eavesdropper Accuracy: 0.875 40 0
Communication round: 50, Eavesdropper Accuracy: 0.884090909090909 40 0
Communication round: 51, Eavesdropper Accuracy: 0.8818181818181818 40 0
Communication round: 52, Eavesdropper Accuracy: 0.8863636363636364 40 0
Communication round: 53, Eavesdropper Accuracy: 0.8886363636363637 40 0
Communication round: 54, Eavesdropper Accuracy: 0.8954545454545455 40 0
Communication round: 55, Eavesdropper Accuracy: 0.8977272727272727 40 0
Communication round: 56, Eavesdropper Accuracy: 0.8931818181818182 40 0
Communication round: 57, Eavesdropper Accuracy: 0.9045454545454545 40 0
Communication round: 58, Eavesdropper Accuracy: 0.8795454545454545 40 0
Communication round: 59, Eavesdropper Accuracy: 0.8818181818181818 40 0
Communication round: 60, Eavesdropper Accuracy: 0.8772727272727273 40 0
Communication round: 61, Aggregated Accuracies: 0.8903571428571428 41
Communication round: 61, Eavesdropper Accuracy: 0.9068181818181819 41 1
Communication round: 62, Eavesdropper Accuracy: 0.9181818181818182 41 0
Communication round: 63, Eavesdropper Accuracy: 0.8704545454545455 41 0
Communication round: 64, Eavesdropper Accuracy: 0.8931818181818182 41 0
Communication round: 65, Eavesdropper Accuracy: 0.884090909090909 41 0
Communication round: 66, Eavesdropper Accuracy: 0.8704545454545455 41 0
Communication round: 67, Eavesdropper Accuracy: 0.8681818181818182 41 0
Communication round: 68, Eavesdropper Accuracy: 0.9068181818181819 42 1
Communication round: 69, Aggregated Accuracies: 0.8966666666666667 43
Communication round: 69, Eavesdropper Accuracy: 0.9022727272727272 43 1
Communication round: 70, Aggregated Accuracies: 0.9005952380952381 44
Communication round: 70, Eavesdropper Accuracy: 0.9227272727272727 44 1
Communication round: 71, Eavesdropper Accuracy: 0.8863636363636364 45 1
Communication round: 72, Eavesdropper Accuracy: 0.9068181818181819 46 1
Communication round: 73, Eavesdropper Accuracy: 0.9045454545454545 46 0
Communication round: 74, Aggregated Accuracies: 0.9048809523809526 47
Communication round: 74, Eavesdropper Accuracy: 0.9068181818181819 47 1
Communication round: 75, Eavesdropper Accuracy: 0.9090909090909091 47 0
Communication round: 76, Eavesdropper Accuracy: 0.925 47 0
Communication round: 77, Eavesdropper Accuracy: 0.9204545454545454 47 0
Communication round: 78, Eavesdropper Accuracy: 0.9113636363636364 47 0
Communication round: 79, Eavesdropper Accuracy: 0.9181818181818182 47 0
Communication round: 80, Eavesdropper Accuracy: 0.9090909090909091 47 0
Communication round: 81, Eavesdropper Accuracy: 0.9181818181818182 47 0
Communication round: 82, Eavesdropper Accuracy: 0.9227272727272727 47 0
Communication round: 83, Eavesdropper Accuracy: 0.9227272727272727 47 0
Communication round: 84, Aggregated Accuracies: 0.9080952380952381 48
Communication round: 84, Eavesdropper Accuracy: 0.925 48 1
Communication round: 85, Aggregated Accuracies: 0.9123809523809523 49
Communication round: 85, Eavesdropper Accuracy: 0.9363636363636364 49 1
Communication round: 86, Aggregated Accuracies: 0.9184523809523807 50
Communication round: 86, Eavesdropper Accuracy: 0.875 50 1
Communication round: 87, Aggregated Accuracies: 0.9172619047619047 51
Communication round: 87, Eavesdropper Accuracy: 0.9159090909090909 51 1
Communication round: 88, Aggregated Accuracies: 0.9214285714285714 52
Communication round: 88, Eavesdropper Accuracy: 0.9 52 1
Communication round: 89, Eavesdropper Accuracy: 0.925 52 0
Communication round: 90, Eavesdropper Accuracy: 0.9454545454545454 52 0
Communication round: 91, Eavesdropper Accuracy: 0.9272727272727272 52 0
Communication round: 92, Eavesdropper Accuracy: 0.9272727272727272 52 0
Communication round: 93, Eavesdropper Accuracy: 0.9204545454545454 52 0
Communication round: 94, Eavesdropper Accuracy: 0.9090909090909091 52 0
Communication round: 95, Eavesdropper Accuracy: 0.9340909090909091 52 0
Communication round: 96, Eavesdropper Accuracy: 0.9159090909090909 52 0
Communication round: 97, Eavesdropper Accuracy: 0.9340909090909091 52 0
Communication round: 98, Eavesdropper Accuracy: 0.9272727272727272 52 0
Communication round: 99, Eavesdropper Accuracy: 0.9136363636363637 52 0
----------------------------------------------------------------------------------------------------
----------------------------------------------------------------------------------------------------
20_30_100_0.1_8_0.9_False_
----------------------------------------------------------------------------------------------------
Communication round: 0, Aggregated Accuracies: 0.1636904761904762 1
Communication round: 0, Eavesdropper Accuracy: 0.16136363636363638 1 1
Communication round: 1, Eavesdropper Accuracy: 0.15454545454545454 2 1
Communication round: 2, Eavesdropper Accuracy: 0.17045454545454544 3 1
Communication round: 3, Eavesdropper Accuracy: 0.16136363636363638 4 1
Communication round: 4, Aggregated Accuracies: 0.2388095238095238 5
Communication round: 4, Eavesdropper Accuracy: 0.26590909090909093 5 1
Communication round: 5, Eavesdropper Accuracy: 0.21136363636363636 5 0
Communication round: 6, Eavesdropper Accuracy: 0.2636363636363636 5 0
Communication round: 7, Eavesdropper Accuracy: 0.23636363636363636 5 0
Communication round: 8, Eavesdropper Accuracy: 0.23636363636363636 5 0
Communication round: 9, Aggregated Accuracies: 0.34428571428571425 6
Communication round: 9, Eavesdropper Accuracy: 0.3977272727272727 6 1
Communication round: 10, Aggregated Accuracies: 0.47619047619047616 7
Communication round: 10, Eavesdropper Accuracy: 0.5159090909090909 7 1
Communication round: 11, Aggregated Accuracies: 0.5657142857142858 8
Communication round: 11, Eavesdropper Accuracy: 0.6068181818181818 8 1
Communication round: 12, Aggregated Accuracies: 0.654047619047619 9
Communication round: 12, Eavesdropper Accuracy: 0.6568181818181819 9 1
Communication round: 13, Eavesdropper Accuracy: 0.6954545454545454 9 0
Communication round: 14, Eavesdropper Accuracy: 0.6863636363636364 9 0
Communication round: 15, Eavesdropper Accuracy: 0.7136363636363636 9 0
Communication round: 16, Aggregated Accuracies: 0.704047619047619 10
Communication round: 16, Eavesdropper Accuracy: 0.7704545454545455 10 1
Communication round: 17, Eavesdropper Accuracy: 0.7363636363636363 11 1
Communication round: 18, Eavesdropper Accuracy: 0.7545454545454545 12 1
Communication round: 19, Aggregated Accuracies: 0.7429761904761903 13
Communication round: 19, Eavesdropper Accuracy: 0.775 13 1
Communication round: 20, Eavesdropper Accuracy: 0.759090909090909 14 1
Communication round: 21, Aggregated Accuracies: 0.7861904761904763 15
Communication round: 21, Eavesdropper Accuracy: 0.8227272727272728 15 1
Communication round: 22, Eavesdropper Accuracy: 0.8159090909090909 16 1
Communication round: 23, Eavesdropper Accuracy: 0.8204545454545454 17 1
Communication round: 24, Aggregated Accuracies: 0.8047619047619049 18
Communication round: 24, Eavesdropper Accuracy: 0.8227272727272728 18 1
Communication round: 25, Eavesdropper Accuracy: 0.825 18 0
Communication round: 26, Aggregated Accuracies: 0.831547619047619 19
Communication round: 26, Eavesdropper Accuracy: 0.85 19 1
Communication round: 27, Aggregated Accuracies: 0.853452380952381 20
Communication round: 27, Eavesdropper Accuracy: 0.85 20 1
Communication round: 28, Eavesdropper Accuracy: 0.8727272727272727 20 0
Communication round: 29, Eavesdropper Accuracy: 0.8727272727272727 20 0
Communication round: 30, Eavesdropper Accuracy: 0.875 20 0
Communication round: 31, Eavesdropper Accuracy: 0.8568181818181818 21 1
Communication round: 32, Eavesdropper Accuracy: 0.8454545454545455 21 0
Communication round: 33, Eavesdropper Accuracy: 0.8636363636363636 21 0
Communication round: 34, Eavesdropper Accuracy: 0.865909090909091 21 0
Communication round: 35, Eavesdropper Accuracy: 0.8409090909090909 22 1
Communication round: 36, Eavesdropper Accuracy: 0.8636363636363636 22 0
Communication round: 37, Eavesdropper Accuracy: 0.8295454545454546 22 0
Communication round: 38, Eavesdropper Accuracy: 0.8727272727272727 22 0
Communication round: 39, Aggregated Accuracies: 0.858095238095238 23
Communication round: 39, Eavesdropper Accuracy: 0.865909090909091 23 1
Communication round: 40, Eavesdropper Accuracy: 0.8772727272727273 23 0
Communication round: 41, Eavesdropper Accuracy: 0.8522727272727273 24 1
Communication round: 42, Eavesdropper Accuracy: 0.8795454545454545 25 1
Communication round: 43, Eavesdropper Accuracy: 0.884090909090909 25 0
Communication round: 44, Eavesdropper Accuracy: 0.8795454545454545 25 0
Communication round: 45, Eavesdropper Accuracy: 0.8340909090909091 25 0
Communication round: 46, Eavesdropper Accuracy: 0.8772727272727273 25 0
Communication round: 47, Aggregated Accuracies: 0.868095238095238 26
Communication round: 47, Eavesdropper Accuracy: 0.8954545454545455 26 1
Communication round: 48, Aggregated Accuracies: 0.874285714285714 27
Communication round: 48, Eavesdropper Accuracy: 0.884090909090909 27 1
Communication round: 49, Aggregated Accuracies: 0.8848809523809524 28
Communication round: 49, Eavesdropper Accuracy: 0.9045454545454545 28 1
Communication round: 50, Eavesdropper Accuracy: 0.9045454545454545 28 0
Communication round: 51, Aggregated Accuracies: 0.886547619047619 29
Communication round: 51, Eavesdropper Accuracy: 0.8977272727272727 29 1
Communication round: 52, Aggregated Accuracies: 0.8961904761904762 30
Communication round: 52, Eavesdropper Accuracy: 0.9227272727272727 30 1
Communication round: 53, Aggregated Accuracies: 0.8989285714285715 31
Communication round: 53, Eavesdropper Accuracy: 0.9022727272727272 31 1
Communication round: 54, Aggregated Accuracies: 0.9078571428571429 32
Communication round: 54, Eavesdropper Accuracy: 0.9272727272727272 32 1
Communication round: 55, Aggregated Accuracies: 0.913690476190476 33
Communication round: 55, Eavesdropper Accuracy: 0.9068181818181819 33 1
Communication round: 56, Eavesdropper Accuracy: 0.9295454545454546 33 0
Communication round: 57, Aggregated Accuracies: 0.9203571428571429 34
Communication round: 57, Eavesdropper Accuracy: 0.9363636363636364 34 1
Communication round: 58, Eavesdropper Accuracy: 0.9454545454545454 34 0
Communication round: 59, Aggregated Accuracies: 0.9173809523809522 35
Communication round: 59, Eavesdropper Accuracy: 0.9227272727272727 35 1
Communication round: 60, Aggregated Accuracies: 0.9219047619047618 36
Communication round: 60, Eavesdropper Accuracy: 0.9136363636363637 36 1
Communication round: 61, Eavesdropper Accuracy: 0.925 36 0
Communication round: 62, Aggregated Accuracies: 0.9232142857142855 37
Communication round: 62, Eavesdropper Accuracy: 0.9204545454545454 37 1
Communication round: 63, Aggregated Accuracies: 0.928452380952381 38
Communication round: 63, Eavesdropper Accuracy: 0.9227272727272727 38 1
Communication round: 64, Aggregated Accuracies: 0.9302380952380952 39
Communication round: 64, Eavesdropper Accuracy: 0.9431818181818182 39 1
Communication round: 65, Aggregated Accuracies: 0.9321428571428572 40
Communication round: 65, Eavesdropper Accuracy: 0.9295454545454546 40 1
Communication round: 66, Aggregated Accuracies: 0.9354761904761905 41
Communication round: 66, Eavesdropper Accuracy: 0.9295454545454546 41 1
Communication round: 67, Aggregated Accuracies: 0.9358333333333333 42
Communication round: 67, Eavesdropper Accuracy: 0.9454545454545454 42 1
Communication round: 68, Eavesdropper Accuracy: 0.9568181818181818 42 0
Communication round: 69, Eavesdropper Accuracy: 0.9386363636363636 42 0
Communication round: 70, Eavesdropper Accuracy: 0.9386363636363636 42 0
Communication round: 71, Eavesdropper Accuracy: 0.9477272727272728 42 0
Communication round: 72, Eavesdropper Accuracy: 0.9363636363636364 42 0
Communication round: 73, Eavesdropper Accuracy: 0.9522727272727273 42 0
Communication round: 74, Eavesdropper Accuracy: 0.9522727272727273 42 0
Communication round: 75, Eavesdropper Accuracy: 0.9340909090909091 42 0
Communication round: 76, Eavesdropper Accuracy: 0.9636363636363636 42 0
Communication round: 77, Eavesdropper Accuracy: 0.9477272727272728 42 0
Communication round: 78, Eavesdropper Accuracy: 0.9340909090909091 42 0
Communication round: 79, Eavesdropper Accuracy: 0.9409090909090909 42 0
Communication round: 80, Eavesdropper Accuracy: 0.9454545454545454 42 0
Communication round: 81, Eavesdropper Accuracy: 0.9363636363636364 42 0
Communication round: 82, Eavesdropper Accuracy: 0.9431818181818182 42 0
Communication round: 83, Smart Eavesdropper Accuracy: 0.9545454545454546 42 0
Communication round: 84, Smart Eavesdropper Accuracy: 0.9159090909090909 42 0
Communication round: 85, Smart Eavesdropper Accuracy: 0.9318181818181818 42 0
Communication round: 86, Smart Eavesdropper Accuracy: 0.9454545454545454 42 0
Communication round: 87, Smart Eavesdropper Accuracy: 0.9204545454545454 42 0
Communication round: 88, Smart Eavesdropper Accuracy: 0.9295454545454546 42 0
Communication round: 89, Smart Eavesdropper Accuracy: 0.95 42 0
Communication round: 90, Smart Eavesdropper Accuracy: 0.9477272727272728 42 0
Communication round: 91, Smart Eavesdropper Accuracy: 0.9204545454545454 42 0
Communication round: 92, Smart Eavesdropper Accuracy: 0.9454545454545454 42 0
Communication round: 93, Smart Eavesdropper Accuracy: 0.925 42 0
Communication round: 94, Smart Eavesdropper Accuracy: 0.9272727272727272 42 0
Communication round: 95, Smart Eavesdropper Accuracy: 0.9227272727272727 42 0
Communication round: 96, Smart Eavesdropper Accuracy: 0.9181818181818182 42 0
Communication round: 97, Smart Eavesdropper Accuracy: 0.9227272727272727 42 0
Communication round: 98, Smart Eavesdropper Accuracy: 0.9136363636363637 42 0
Communication round: 99, Smart Eavesdropper Accuracy: 0.9295454545454546 42 0
----------------------------------------------------------------------------------------------------
----------------------------------------------------------------------------------------------------
20_30_100_0.1_8_0.9_False_
----------------------------------------------------------------------------------------------------
Communication round: 0, Smart Eavesdropper Accuracy: 0.06818181818181818 0 0
Communication round: 1, Smart Eavesdropper Accuracy: 0.19545454545454546 0 0
Communication round: 2, Smart Eavesdropper Accuracy: 0.3931818181818182 1 1
Communication round: 3, Smart Eavesdropper Accuracy: 0.3477272727272727 1 0
Communication round: 4, Aggregated Accuracies: 0.12714285714285717 2
Communication round: 4, Smart Eavesdropper Accuracy: 0.45 2 1
Communication round: 5, Aggregated Accuracies: 0.16976190476190475 3
Communication round: 5, Smart Eavesdropper Accuracy: 0.5159090909090909 3 1
Communication round: 6, Smart Eavesdropper Accuracy: 0.6068181818181818 3 0
Communication round: 7, Smart Eavesdropper Accuracy: 0.615909090909091 4 1
Communication round: 8, Eavesdropper Accuracy: 0.16590909090909092 5 1
Communication round: 9, Smart Eavesdropper Accuracy: 0.29545454545454547 5 0
Communication round: 10, Smart Eavesdropper Accuracy: 0.3659090909090909 5 0
Communication round: 11, Aggregated Accuracies: 0.25797619047619047 6
Communication round: 11, Smart Eavesdropper Accuracy: 0.41818181818181815 6 1
Communication round: 12, Eavesdropper Accuracy: 0.2840909090909091 7 1
Communication round: 13, Eavesdropper Accuracy: 0.2863636363636364 8 1
Communication round: 14, Aggregated Accuracies: 0.34059523809523806 9
Communication round: 14, Eavesdropper Accuracy: 0.37272727272727274 9 1
Communication round: 15, Eavesdropper Accuracy: 0.3840909090909091 10 1
Communication round: 16, Aggregated Accuracies: 0.4663095238095239 11
Communication round: 16, Eavesdropper Accuracy: 0.48409090909090907 11 1
Communication round: 17, Aggregated Accuracies: 0.54 12
Communication round: 17, Eavesdropper Accuracy: 0.5886363636363636 12 1
Communication round: 18, Aggregated Accuracies: 0.6163095238095239 13
Communication round: 18, Eavesdropper Accuracy: 0.6318181818181818 13 1
Communication round: 19, Aggregated Accuracies: 0.6560714285714284 14
Communication round: 19, Eavesdropper Accuracy: 0.6931818181818182 14 1
Communication round: 20, Eavesdropper Accuracy: 0.7 14 0
Communication round: 21, Eavesdropper Accuracy: 0.7 15 1
Communication round: 22, Eavesdropper Accuracy: 0.7113636363636363 16 1
Communication round: 23, Eavesdropper Accuracy: 0.6795454545454546 17 1
Communication round: 24, Eavesdropper Accuracy: 0.6727272727272727 17 0
Communication round: 25, Eavesdropper Accuracy: 0.6840909090909091 17 0
Communication round: 26, Eavesdropper Accuracy: 0.7045454545454546 18 1
Communication round: 27, Aggregated Accuracies: 0.6941666666666666 19
Communication round: 27, Eavesdropper Accuracy: 0.7181818181818181 19 1
Communication round: 28, Aggregated Accuracies: 0.7341666666666667 20
Communication round: 28, Eavesdropper Accuracy: 0.7454545454545455 20 1
Communication round: 29, Eavesdropper Accuracy: 0.7454545454545455 20 0
Communication round: 30, Eavesdropper Accuracy: 0.7613636363636364 20 0
Communication round: 31, Eavesdropper Accuracy: 0.7568181818181818 20 0
Communication round: 32, Aggregated Accuracies: 0.7692857142857144 21
Communication round: 32, Eavesdropper Accuracy: 0.7818181818181819 21 1
Communication round: 33, Aggregated Accuracies: 0.7988095238095239 22
Communication round: 33, Eavesdropper Accuracy: 0.8113636363636364 22 1
Communication round: 34, Aggregated Accuracies: 0.8167857142857142 23
Communication round: 34, Eavesdropper Accuracy: 0.8136363636363636 23 1
Communication round: 35, Aggregated Accuracies: 0.8260714285714288 24
Communication round: 35, Eavesdropper Accuracy: 0.8318181818181818 24 1
Communication round: 36, Eavesdropper Accuracy: 0.8340909090909091 24 0
Communication round: 37, Eavesdropper Accuracy: 0.8545454545454545 24 0
Communication round: 38, Eavesdropper Accuracy: 0.8045454545454546 24 0
Communication round: 39, Eavesdropper Accuracy: 0.8409090909090909 24 0
Communication round: 40, Eavesdropper Accuracy: 0.825 24 0
Communication round: 41, Eavesdropper Accuracy: 0.8227272727272728 24 0
Communication round: 42, Eavesdropper Accuracy: 0.8295454545454546 24 0
Communication round: 43, Eavesdropper Accuracy: 0.8568181818181818 24 0
Communication round: 44, Eavesdropper Accuracy: 0.8318181818181818 24 0
Communication round: 45, Eavesdropper Accuracy: 0.8295454545454546 24 0
Communication round: 46, Eavesdropper Accuracy: 0.825 24 0
Communication round: 47, Smart Eavesdropper Accuracy: 0.7977272727272727 24 0
Communication round: 48, Smart Eavesdropper Accuracy: 0.8318181818181818 24 0
Communication round: 49, Smart Eavesdropper Accuracy: 0.8295454545454546 24 0
Communication round: 50, Smart Eavesdropper Accuracy: 0.8431818181818181 24 0
Communication round: 51, Smart Eavesdropper Accuracy: 0.8340909090909091 24 0
Communication round: 52, Smart Eavesdropper Accuracy: 0.8431818181818181 24 0
Communication round: 53, Smart Eavesdropper Accuracy: 0.8681818181818182 24 0
Communication round: 54, Aggregated Accuracies: 0.839047619047619 25
Communication round: 54, Smart Eavesdropper Accuracy: 0.8227272727272728 25 1
Communication round: 55, Aggregated Accuracies: 0.8598809523809525 26
Communication round: 55, Smart Eavesdropper Accuracy: 0.8477272727272728 26 1
Communication round: 56, Aggregated Accuracies: 0.8632142857142858 27
Communication round: 56, Smart Eavesdropper Accuracy: 0.8431818181818181 27 1
Communication round: 57, Aggregated Accuracies: 0.8726190476190476 28
Communication round: 57, Smart Eavesdropper Accuracy: 0.8636363636363636 28 1
Communication round: 58, Smart Eavesdropper Accuracy: 0.8590909090909091 29 1
Communication round: 59, Aggregated Accuracies: 0.8807142857142859 30
Communication round: 59, Smart Eavesdropper Accuracy: 0.875 30 1
Communication round: 60, Aggregated Accuracies: 0.8834523809523809 31
Communication round: 60, Eavesdropper Accuracy: 0.8909090909090909 31 1
Communication round: 61, Aggregated Accuracies: 0.887857142857143 32
Communication round: 61, Eavesdropper Accuracy: 0.9136363636363637 32 1
Communication round: 62, Aggregated Accuracies: 0.8990476190476191 33
Communication round: 62, Eavesdropper Accuracy: 0.8931818181818182 33 1
Communication round: 63, Aggregated Accuracies: 0.8989285714285715 34
Communication round: 63, Eavesdropper Accuracy: 0.9022727272727272 34 1
Communication round: 64, Aggregated Accuracies: 0.9097619047619047 35
Communication round: 64, Eavesdropper Accuracy: 0.9113636363636364 35 1
Communication round: 65, Aggregated Accuracies: 0.906904761904762 36
Communication round: 65, Eavesdropper Accuracy: 0.9090909090909091 36 1
Communication round: 66, Aggregated Accuracies: 0.9123809523809523 37
Communication round: 66, Eavesdropper Accuracy: 0.9136363636363637 37 1
Communication round: 67, Eavesdropper Accuracy: 0.9090909090909091 37 0
Communication round: 68, Aggregated Accuracies: 0.9176190476190478 38
Communication round: 68, Eavesdropper Accuracy: 0.9363636363636364 38 1
Communication round: 69, Eavesdropper Accuracy: 0.9181818181818182 38 0
Communication round: 70, Eavesdropper Accuracy: 0.9 38 0
Communication round: 71, Aggregated Accuracies: 0.9204761904761904 39
Communication round: 71, Eavesdropper Accuracy: 0.9340909090909091 39 1
Communication round: 72, Aggregated Accuracies: 0.9248809523809521 40
Communication round: 72, Eavesdropper Accuracy: 0.9159090909090909 40 1
Communication round: 73, Eavesdropper Accuracy: 0.9181818181818182 40 0
Communication round: 74, Eavesdropper Accuracy: 0.9113636363636364 40 0
Communication round: 75, Aggregated Accuracies: 0.9226190476190477 41
Communication round: 75, Eavesdropper Accuracy: 0.9181818181818182 41 1
Communication round: 76, Eavesdropper Accuracy: 0.9340909090909091 41 0
Communication round: 77, Eavesdropper Accuracy: 0.925 41 0
Communication round: 78, Eavesdropper Accuracy: 0.9477272727272728 41 0
Communication round: 79, Eavesdropper Accuracy: 0.9340909090909091 41 0
Communication round: 80, Eavesdropper Accuracy: 0.9204545454545454 41 0
Communication round: 81, Smart Eavesdropper Accuracy: 0.9409090909090909 41 0
Communication round: 82, Smart Eavesdropper Accuracy: 0.8909090909090909 41 0
Communication round: 83, Smart Eavesdropper Accuracy: 0.9045454545454545 41 0
Communication round: 84, Smart Eavesdropper Accuracy: 0.9272727272727272 41 0
Communication round: 85, Smart Eavesdropper Accuracy: 0.9 41 0
Communication round: 86, Smart Eavesdropper Accuracy: 0.9386363636363636 41 0
Communication round: 87, Smart Eavesdropper Accuracy: 0.9204545454545454 41 0
Communication round: 88, Smart Eavesdropper Accuracy: 0.9181818181818182 41 0
Communication round: 89, Smart Eavesdropper Accuracy: 0.9 41 0
Communication round: 90, Smart Eavesdropper Accuracy: 0.9318181818181818 41 0
Communication round: 91, Smart Eavesdropper Accuracy: 0.925 41 0
Communication round: 92, Smart Eavesdropper Accuracy: 0.9 41 0
Communication round: 93, Smart Eavesdropper Accuracy: 0.9272727272727272 41 0
Communication round: 94, Smart Eavesdropper Accuracy: 0.9272727272727272 41 0
Communication round: 95, Smart Eavesdropper Accuracy: 0.9113636363636364 41 0
Communication round: 96, Smart Eavesdropper Accuracy: 0.9068181818181819 41 0
Communication round: 97, Smart Eavesdropper Accuracy: 0.9159090909090909 41 0
Communication round: 98, Smart Eavesdropper Accuracy: 0.9068181818181819 41 0
Communication round: 99, Smart Eavesdropper Accuracy: 0.9181818181818182 41 0
----------------------------------------------------------------------------------------------------
----------------------------------------------------------------------------------------------------
20_30_100_0.1_8_0.9_False_
----------------------------------------------------------------------------------------------------
Communication round: 0, Smart Eavesdropper Accuracy: 0.22272727272727272 0 0
Communication round: 1, Smart Eavesdropper Accuracy: 0.35454545454545455 0 0
Communication round: 2, Smart Eavesdropper Accuracy: 0.39090909090909093 0 0
Communication round: 3, Aggregated Accuracies: 0.1669047619047619 1
Communication round: 3, Smart Eavesdropper Accuracy: 0.43863636363636366 1 1
Communication round: 4, Smart Eavesdropper Accuracy: 0.4681818181818182 1 0
Communication round: 5, Smart Eavesdropper Accuracy: 0.4863636363636364 1 0
Communication round: 6, Smart Eavesdropper Accuracy: 0.5045454545454545 1 0
Communication round: 7, Aggregated Accuracies: 0.2703571428571429 2
Communication round: 7, Smart Eavesdropper Accuracy: 0.5409090909090909 2 1
Communication round: 8, Aggregated Accuracies: 0.37369047619047624 3
Communication round: 8, Smart Eavesdropper Accuracy: 0.6 3 1
Communication round: 9, Smart Eavesdropper Accuracy: 0.625 3 0
Communication round: 10, Aggregated Accuracies: 0.4800000000000001 4
Communication round: 10, Smart Eavesdropper Accuracy: 0.625 4 1
Communication round: 11, Smart Eavesdropper Accuracy: 0.65 4 0
Communication round: 12, Smart Eavesdropper Accuracy: 0.7045454545454546 4 0
Communication round: 13, Smart Eavesdropper Accuracy: 0.6681818181818182 4 0
Communication round: 14, Smart Eavesdropper Accuracy: 0.7227272727272728 4 0
Communication round: 15, Smart Eavesdropper Accuracy: 0.775 4 0
Communication round: 16, Aggregated Accuracies: 0.5966666666666667 5
Communication round: 16, Smart Eavesdropper Accuracy: 0.7681818181818182 5 1
Communication round: 17, Aggregated Accuracies: 0.6521428571428571 6
Communication round: 17, Smart Eavesdropper Accuracy: 0.8045454545454546 6 1
Communication round: 18, Aggregated Accuracies: 0.7253571428571429 7
Communication round: 18, Smart Eavesdropper Accuracy: 0.8113636363636364 7 1
Communication round: 19, Aggregated Accuracies: 0.7584523809523809 8
Communication round: 19, Smart Eavesdropper Accuracy: 0.7863636363636364 8 1
Communication round: 20, Aggregated Accuracies: 0.7976190476190477 9
Communication round: 20, Smart Eavesdropper Accuracy: 0.7977272727272727 9 1
Communication round: 21, Smart Eavesdropper Accuracy: 0.8431818181818181 9 0
Communication round: 22, Aggregated Accuracies: 0.8170238095238096 10
Communication round: 22, Smart Eavesdropper Accuracy: 0.8272727272727273 10 1
Communication round: 23, Smart Eavesdropper Accuracy: 0.8477272727272728 11 1
Communication round: 24, Aggregated Accuracies: 0.8310714285714285 12
Communication round: 24, Smart Eavesdropper Accuracy: 0.8113636363636364 12 1
Communication round: 25, Smart Eavesdropper Accuracy: 0.8454545454545455 12 0
Communication round: 26, Smart Eavesdropper Accuracy: 0.8204545454545454 12 0
Communication round: 27, Smart Eavesdropper Accuracy: 0.8613636363636363 12 0
Communication round: 28, Aggregated Accuracies: 0.8479761904761907 13
Communication round: 28, Smart Eavesdropper Accuracy: 0.8681818181818182 13 1
Communication round: 29, Smart Eavesdropper Accuracy: 0.8681818181818182 13 0
Communication round: 30, Smart Eavesdropper Accuracy: 0.85 13 0
Communication round: 31, Aggregated Accuracies: 0.8554761904761904 14
Communication round: 31, Smart Eavesdropper Accuracy: 0.875 14 1
Communication round: 32, Aggregated Accuracies: 0.8609523809523809 15
Communication round: 32, Smart Eavesdropper Accuracy: 0.8613636363636363 15 1
Communication round: 33, Aggregated Accuracies: 0.8771428571428572 16
Communication round: 33, Smart Eavesdropper Accuracy: 0.8545454545454545 16 1
Communication round: 34, Aggregated Accuracies: 0.8822619047619048 17
Communication round: 34, Smart Eavesdropper Accuracy: 0.8863636363636364 17 1
Communication round: 35, Smart Eavesdropper Accuracy: 0.8454545454545455 17 0
Communication round: 36, Aggregated Accuracies: 0.8896428571428571 18
Communication round: 36, Smart Eavesdropper Accuracy: 0.8704545454545455 18 1
Communication round: 37, Aggregated Accuracies: 0.8949999999999999 19
Communication round: 37, Smart Eavesdropper Accuracy: 0.8636363636363636 19 1
Communication round: 38, Smart Eavesdropper Accuracy: 0.8613636363636363 19 0
Communication round: 39, Aggregated Accuracies: 0.8990476190476191 20
Communication round: 39, Smart Eavesdropper Accuracy: 0.875 20 1
Communication round: 40, Aggregated Accuracies: 0.9052380952380951 21
Communication round: 40, Eavesdropper Accuracy: 0.9 21 1
Communication round: 41, Aggregated Accuracies: 0.9088095238095235 22
Communication round: 41, Eavesdropper Accuracy: 0.9 22 1
Communication round: 42, Aggregated Accuracies: 0.9060714285714286 23
Communication round: 42, Eavesdropper Accuracy: 0.9113636363636364 23 1
Communication round: 43, Aggregated Accuracies: 0.9207142857142856 24
Communication round: 43, Eavesdropper Accuracy: 0.9159090909090909 24 1
Communication round: 44, Aggregated Accuracies: 0.9223809523809523 25
Communication round: 44, Eavesdropper Accuracy: 0.925 25 1
Communication round: 45, Eavesdropper Accuracy: 0.9181818181818182 26 1
Communication round: 46, Eavesdropper Accuracy: 0.9204545454545454 26 0
Communication round: 47, Eavesdropper Accuracy: 0.925 26 0
Communication round: 48, Eavesdropper Accuracy: 0.9318181818181818 27 1
Communication round: 49, Eavesdropper Accuracy: 0.9431818181818182 27 0
Communication round: 50, Aggregated Accuracies: 0.9245238095238095 28
Communication round: 50, Eavesdropper Accuracy: 0.9295454545454546 28 1
Communication round: 51, Aggregated Accuracies: 0.9279761904761903 29
Communication round: 51, Eavesdropper Accuracy: 0.9454545454545454 29 1
Communication round: 52, Eavesdropper Accuracy: 0.9295454545454546 30 1
Communication round: 53, Eavesdropper Accuracy: 0.9409090909090909 30 0
Communication round: 54, Eavesdropper Accuracy: 0.9090909090909091 30 0
Communication round: 55, Eavesdropper Accuracy: 0.9136363636363637 30 0
Communication round: 56, Eavesdropper Accuracy: 0.9181818181818182 30 0
Communication round: 57, Eavesdropper Accuracy: 0.9340909090909091 30 0
Communication round: 58, Eavesdropper Accuracy: 0.9318181818181818 30 0
Communication round: 59, Smart Eavesdropper Accuracy: 0.8954545454545455 30 0
Communication round: 60, Smart Eavesdropper Accuracy: 0.9227272727272727 30 0
Communication round: 61, Smart Eavesdropper Accuracy: 0.9045454545454545 30 0
Communication round: 62, Aggregated Accuracies: 0.9285714285714285 31
Communication round: 62, Smart Eavesdropper Accuracy: 0.9454545454545454 31 1
Communication round: 63, Smart Eavesdropper Accuracy: 0.9159090909090909 31 0
Communication round: 64, Smart Eavesdropper Accuracy: 0.9181818181818182 31 0
Communication round: 65, Smart Eavesdropper Accuracy: 0.9 31 0
Communication round: 66, Smart Eavesdropper Accuracy: 0.9113636363636364 31 0
Communication round: 67, Smart Eavesdropper Accuracy: 0.925 31 0
Communication round: 68, Smart Eavesdropper Accuracy: 0.9295454545454546 32 1
Communication round: 69, Aggregated Accuracies: 0.9302380952380952 33
Communication round: 69, Smart Eavesdropper Accuracy: 0.9022727272727272 33 1
Communication round: 70, Aggregated Accuracies: 0.9301190476190477 34
Communication round: 70, Smart Eavesdropper Accuracy: 0.9340909090909091 34 1
Communication round: 71, Smart Eavesdropper Accuracy: 0.9090909090909091 35 1
Communication round: 72, Smart Eavesdropper Accuracy: 0.9068181818181819 36 1
Communication round: 73, Smart Eavesdropper Accuracy: 0.9022727272727272 37 1
Communication round: 74, Smart Eavesdropper Accuracy: 0.925 37 0
Communication round: 75, Smart Eavesdropper Accuracy: 0.9227272727272727 37 0
Communication round: 76, Smart Eavesdropper Accuracy: 0.8977272727272727 37 0
Communication round: 77, Smart Eavesdropper Accuracy: 0.9272727272727272 37 0
Communication round: 78, Smart Eavesdropper Accuracy: 0.9136363636363637 37 0
Communication round: 79, Smart Eavesdropper Accuracy: 0.9068181818181819 37 0
Communication round: 80, Smart Eavesdropper Accuracy: 0.9363636363636364 37 0
Communication round: 81, Smart Eavesdropper Accuracy: 0.9431818181818182 37 0
Communication round: 82, Smart Eavesdropper Accuracy: 0.8954545454545455 37 0
Communication round: 83, Smart Eavesdropper Accuracy: 0.9 37 0
Communication round: 84, Smart Eavesdropper Accuracy: 0.9318181818181818 37 0
Communication round: 85, Smart Eavesdropper Accuracy: 0.9090909090909091 37 0
Communication round: 86, Smart Eavesdropper Accuracy: 0.9340909090909091 37 0
Communication round: 87, Smart Eavesdropper Accuracy: 0.925 37 0
Communication round: 88, Smart Eavesdropper Accuracy: 0.9159090909090909 37 0
Communication round: 89, Smart Eavesdropper Accuracy: 0.9045454545454545 37 0
Communication round: 90, Smart Eavesdropper Accuracy: 0.9227272727272727 37 0
Communication round: 91, Smart Eavesdropper Accuracy: 0.925 37 0
Communication round: 92, Smart Eavesdropper Accuracy: 0.9363636363636364 37 0
Communication round: 93, Smart Eavesdropper Accuracy: 0.9204545454545454 37 0
Communication round: 94, Aggregated Accuracies: 0.9344047619047618 38
Communication round: 94, Smart Eavesdropper Accuracy: 0.9318181818181818 38 1
Communication round: 95, Smart Eavesdropper Accuracy: 0.9295454545454546 38 0
Communication round: 96, Smart Eavesdropper Accuracy: 0.8977272727272727 38 0
Communication round: 97, Smart Eavesdropper Accuracy: 0.9136363636363637 38 0
Communication round: 98, Smart Eavesdropper Accuracy: 0.9409090909090909 38 0
Communication round: 99, Smart Eavesdropper Accuracy: 0.9022727272727272 38 0
----------------------------------------------------------------------------------------------------
----------------------------------------------------------------------------------------------------
20_30_100_0.1_8_0.9_False_
----------------------------------------------------------------------------------------------------
Communication round: 0, Smart Eavesdropper Accuracy: 0.19772727272727272 0 0
Communication round: 1, Smart Eavesdropper Accuracy: 0.25227272727272726 0 0
Communication round: 2, Smart Eavesdropper Accuracy: 0.37272727272727274 0 0
Communication round: 3, Smart Eavesdropper Accuracy: 0.4068181818181818 0 0
Communication round: 4, Smart Eavesdropper Accuracy: 0.4818181818181818 0 0
Communication round: 5, Smart Eavesdropper Accuracy: 0.5613636363636364 0 0
Communication round: 6, Smart Eavesdropper Accuracy: 0.5954545454545455 1 1
Communication round: 7, Aggregated Accuracies: 0.10166666666666666 2
Communication round: 7, Smart Eavesdropper Accuracy: 0.5795454545454546 2 1
Communication round: 8, Aggregated Accuracies: 0.2229761904761905 3
Communication round: 8, Smart Eavesdropper Accuracy: 0.6045454545454545 3 1
Communication round: 9, Aggregated Accuracies: 0.3553571428571429 4
Communication round: 9, Smart Eavesdropper Accuracy: 0.6681818181818182 4 1
Communication round: 10, Aggregated Accuracies: 0.46190476190476176 5
Communication round: 10, Smart Eavesdropper Accuracy: 0.6795454545454546 5 1
Communication round: 11, Aggregated Accuracies: 0.5483333333333332 6
Communication round: 11, Smart Eavesdropper Accuracy: 0.7159090909090909 6 1
Communication round: 12, Eavesdropper Accuracy: 0.6022727272727273 7 1
Communication round: 13, Aggregated Accuracies: 0.6103571428571429 8
Communication round: 13, Eavesdropper Accuracy: 0.675 8 1
Communication round: 14, Eavesdropper Accuracy: 0.6386363636363637 9 1
Communication round: 15, Eavesdropper Accuracy: 0.6727272727272727 10 1
Communication round: 16, Aggregated Accuracies: 0.6492857142857144 11
Communication round: 16, Eavesdropper Accuracy: 0.6931818181818182 11 1
Communication round: 17, Eavesdropper Accuracy: 0.6681818181818182 11 0
Communication round: 18, Eavesdropper Accuracy: 0.6818181818181818 11 0
Communication round: 19, Eavesdropper Accuracy: 0.7090909090909091 12 1
Communication round: 20, Eavesdropper Accuracy: 0.6954545454545454 12 0
Communication round: 21, Eavesdropper Accuracy: 0.7181818181818181 12 0
Communication round: 22, Eavesdropper Accuracy: 0.6909090909090909 13 1
Communication round: 23, Eavesdropper Accuracy: 0.725 13 0
Communication round: 24, Eavesdropper Accuracy: 0.6909090909090909 14 1
Communication round: 25, Aggregated Accuracies: 0.7082142857142857 15
Communication round: 25, Eavesdropper Accuracy: 0.7636363636363637 15 1
Communication round: 26, Eavesdropper Accuracy: 0.7636363636363637 15 0
Communication round: 27, Aggregated Accuracies: 0.7391666666666667 16
Communication round: 27, Eavesdropper Accuracy: 0.7272727272727273 16 1
Communication round: 28, Eavesdropper Accuracy: 0.7681818181818182 17 1
Communication round: 29, Aggregated Accuracies: 0.7671428571428572 18
Communication round: 29, Eavesdropper Accuracy: 0.8204545454545454 18 1
Communication round: 30, Eavesdropper Accuracy: 0.825 18 0
Communication round: 31, Eavesdropper Accuracy: 0.7931818181818182 18 0
Communication round: 32, Aggregated Accuracies: 0.7845238095238096 19
Communication round: 32, Eavesdropper Accuracy: 0.8136363636363636 19 1
Communication round: 33, Aggregated Accuracies: 0.8026190476190477 20
Communication round: 33, Eavesdropper Accuracy: 0.8386363636363636 20 1
Communication round: 34, Eavesdropper Accuracy: 0.8477272727272728 20 0
Communication round: 35, Aggregated Accuracies: 0.8303571428571429 21
Communication round: 35, Eavesdropper Accuracy: 0.8590909090909091 21 1
Communication round: 36, Aggregated Accuracies: 0.8379761904761904 22
Communication round: 36, Eavesdropper Accuracy: 0.8477272727272728 22 1
Communication round: 37, Aggregated Accuracies: 0.8502380952380951 23
Communication round: 37, Eavesdropper Accuracy: 0.8795454545454545 23 1
Communication round: 38, Aggregated Accuracies: 0.8603571428571429 24
Communication round: 38, Eavesdropper Accuracy: 0.875 24 1
Communication round: 39, Eavesdropper Accuracy: 0.8931818181818182 24 0
Communication round: 40, Eavesdropper Accuracy: 0.8931818181818182 24 0
Communication round: 41, Aggregated Accuracies: 0.8667857142857143 25
Communication round: 41, Eavesdropper Accuracy: 0.884090909090909 25 1
Communication round: 42, Eavesdropper Accuracy: 0.8863636363636364 25 0
Communication round: 43, Eavesdropper Accuracy: 0.9045454545454545 25 0
Communication round: 44, Eavesdropper Accuracy: 0.8931818181818182 25 0
Communication round: 45, Aggregated Accuracies: 0.8738095238095236 26
Communication round: 45, Eavesdropper Accuracy: 0.884090909090909 26 1
Communication round: 46, Aggregated Accuracies: 0.8780952380952382 27
Communication round: 46, Eavesdropper Accuracy: 0.8886363636363637 27 1
Communication round: 47, Aggregated Accuracies: 0.8889285714285713 28
Communication round: 47, Eavesdropper Accuracy: 0.9159090909090909 28 1
Communication round: 48, Aggregated Accuracies: 0.8915476190476189 29
Communication round: 48, Eavesdropper Accuracy: 0.9340909090909091 29 1
Communication round: 49, Aggregated Accuracies: 0.8972619047619048 30
Communication round: 49, Eavesdropper Accuracy: 0.9136363636363637 30 1
Communication round: 50, Aggregated Accuracies: 0.9066666666666666 31
Communication round: 50, Eavesdropper Accuracy: 0.9227272727272727 31 1
Communication round: 51, Aggregated Accuracies: 0.9003571428571429 32
Communication round: 51, Eavesdropper Accuracy: 0.9272727272727272 32 1
Communication round: 52, Aggregated Accuracies: 0.9099999999999999 33
Communication round: 52, Eavesdropper Accuracy: 0.9454545454545454 33 1
Communication round: 53, Aggregated Accuracies: 0.9158333333333332 34
Communication round: 53, Eavesdropper Accuracy: 0.9363636363636364 34 1
Communication round: 54, Eavesdropper Accuracy: 0.9477272727272728 34 0
Communication round: 55, Eavesdropper Accuracy: 0.9431818181818182 34 0
Communication round: 56, Aggregated Accuracies: 0.915595238095238 35
Communication round: 56, Eavesdropper Accuracy: 0.9545454545454546 35 1
Communication round: 57, Aggregated Accuracies: 0.9214285714285714 36
Communication round: 57, Eavesdropper Accuracy: 0.9204545454545454 36 1
Communication round: 58, Aggregated Accuracies: 0.9229761904761904 37
Communication round: 58, Eavesdropper Accuracy: 0.9431818181818182 37 1
Communication round: 59, Eavesdropper Accuracy: 0.9363636363636364 37 0
Communication round: 60, Eavesdropper Accuracy: 0.9477272727272728 37 0
Communication round: 61, Eavesdropper Accuracy: 0.9386363636363636 37 0
Communication round: 62, Eavesdropper Accuracy: 0.9363636363636364 37 0
Communication round: 63, Eavesdropper Accuracy: 0.9295454545454546 37 0
Communication round: 64, Eavesdropper Accuracy: 0.9409090909090909 37 0
Communication round: 65, Eavesdropper Accuracy: 0.9272727272727272 37 0
Communication round: 66, Eavesdropper Accuracy: 0.9295454545454546 37 0
Communication round: 67, Aggregated Accuracies: 0.9271428571428568 38
Communication round: 67, Eavesdropper Accuracy: 0.9659090909090909 38 1
Communication round: 68, Eavesdropper Accuracy: 0.9477272727272728 38 0
Communication round: 69, Eavesdropper Accuracy: 0.9363636363636364 38 0
Communication round: 70, Eavesdropper Accuracy: 0.9568181818181818 38 0
Communication round: 71, Eavesdropper Accuracy: 0.9318181818181818 38 0
Communication round: 72, Eavesdropper Accuracy: 0.9386363636363636 38 0
Communication round: 73, Eavesdropper Accuracy: 0.9386363636363636 38 0
Communication round: 74, Eavesdropper Accuracy: 0.9522727272727273 38 0
Communication round: 75, Smart Eavesdropper Accuracy: 0.9340909090909091 38 0
Communication round: 76, Smart Eavesdropper Accuracy: 0.925 38 0
Communication round: 77, Smart Eavesdropper Accuracy: 0.9363636363636364 38 0
Communication round: 78, Smart Eavesdropper Accuracy: 0.9454545454545454 38 0
Communication round: 79, Smart Eavesdropper Accuracy: 0.95 38 0
Communication round: 80, Smart Eavesdropper Accuracy: 0.9272727272727272 38 0
Communication round: 81, Smart Eavesdropper Accuracy: 0.9204545454545454 38 0
Communication round: 82, Smart Eavesdropper Accuracy: 0.9340909090909091 38 0
Communication round: 83, Smart Eavesdropper Accuracy: 0.9295454545454546 38 0
Communication round: 84, Smart Eavesdropper Accuracy: 0.9386363636363636 38 0
Communication round: 85, Smart Eavesdropper Accuracy: 0.8954545454545455 38 0
Communication round: 86, Smart Eavesdropper Accuracy: 0.9204545454545454 38 0
Communication round: 87, Smart Eavesdropper Accuracy: 0.95 38 0
Communication round: 88, Smart Eavesdropper Accuracy: 0.9363636363636364 38 0
Communication round: 89, Smart Eavesdropper Accuracy: 0.9340909090909091 38 0
Communication round: 90, Smart Eavesdropper Accuracy: 0.9431818181818182 38 0
Communication round: 91, Smart Eavesdropper Accuracy: 0.9068181818181819 38 0
Communication round: 92, Smart Eavesdropper Accuracy: 0.95 38 0
Communication round: 93, Smart Eavesdropper Accuracy: 0.9272727272727272 38 0
Communication round: 94, Smart Eavesdropper Accuracy: 0.9318181818181818 38 0
Communication round: 95, Smart Eavesdropper Accuracy: 0.9272727272727272 38 0
Communication round: 96, Smart Eavesdropper Accuracy: 0.9409090909090909 38 0
Communication round: 97, Smart Eavesdropper Accuracy: 0.9340909090909091 38 0
Communication round: 98, Smart Eavesdropper Accuracy: 0.925 38 0
Communication round: 99, Smart Eavesdropper Accuracy: 0.9295454545454546 38 0
----------------------------------------------------------------------------------------------------
----------------------------------------------------------------------------------------------------
20_30_100_0.1_8_0.9_False_
----------------------------------------------------------------------------------------------------
Communication round: 0, Eavesdropper Accuracy: 0.05454545454545454 1 1
Communication round: 1, Aggregated Accuracies: 0.11892857142857143 2
Communication round: 1, Eavesdropper Accuracy: 0.11818181818181818 2 1
Communication round: 2, Aggregated Accuracies: 0.1936904761904762 3
Communication round: 2, Eavesdropper Accuracy: 0.2340909090909091 3 1
Communication round: 3, Aggregated Accuracies: 0.2790476190476191 4
Communication round: 3, Eavesdropper Accuracy: 0.3477272727272727 4 1
Communication round: 4, Eavesdropper Accuracy: 0.32954545454545453 5 1
Communication round: 5, Aggregated Accuracies: 0.3853571428571428 6
Communication round: 5, Eavesdropper Accuracy: 0.44545454545454544 6 1
Communication round: 6, Eavesdropper Accuracy: 0.42045454545454547 7 1
Communication round: 7, Aggregated Accuracies: 0.4903571428571428 8
Communication round: 7, Eavesdropper Accuracy: 0.5386363636363637 8 1
Communication round: 8, Eavesdropper Accuracy: 0.5727272727272728 8 0
Communication round: 9, Eavesdropper Accuracy: 0.5181818181818182 8 0
Communication round: 10, Aggregated Accuracies: 0.5585714285714286 9
Communication round: 10, Eavesdropper Accuracy: 0.6113636363636363 9 1
Communication round: 11, Eavesdropper Accuracy: 0.6204545454545455 9 0
Communication round: 12, Aggregated Accuracies: 0.6233333333333333 10
Communication round: 12, Eavesdropper Accuracy: 0.6363636363636364 10 1
Communication round: 13, Eavesdropper Accuracy: 0.6409090909090909 11 1
Communication round: 14, Eavesdropper Accuracy: 0.6704545454545454 11 0
Communication round: 15, Eavesdropper Accuracy: 0.6886363636363636 11 0
Communication round: 16, Aggregated Accuracies: 0.6767857142857142 12
Communication round: 16, Eavesdropper Accuracy: 0.6977272727272728 12 1
Communication round: 17, Eavesdropper Accuracy: 0.7159090909090909 13 1
Communication round: 18, Aggregated Accuracies: 0.7257142857142858 14
Communication round: 18, Eavesdropper Accuracy: 0.7159090909090909 14 1
Communication round: 19, Aggregated Accuracies: 0.7639285714285714 15
Communication round: 19, Eavesdropper Accuracy: 0.7886363636363637 15 1
Communication round: 20, Aggregated Accuracies: 0.7739285714285714 16
Communication round: 20, Eavesdropper Accuracy: 0.8022727272727272 16 1
Communication round: 21, Aggregated Accuracies: 0.8085714285714285 17
Communication round: 21, Eavesdropper Accuracy: 0.8181818181818182 17 1
Communication round: 22, Aggregated Accuracies: 0.8261904761904761 18
Communication round: 22, Eavesdropper Accuracy: 0.8340909090909091 18 1
Communication round: 23, Eavesdropper Accuracy: 0.8272727272727273 18 0
Communication round: 24, Eavesdropper Accuracy: 0.8295454545454546 19 1
Communication round: 25, Eavesdropper Accuracy: 0.8227272727272728 20 1
Communication round: 26, Aggregated Accuracies: 0.8375 21
Communication round: 26, Eavesdropper Accuracy: 0.8386363636363636 21 1
Communication round: 27, Eavesdropper Accuracy: 0.8386363636363636 21 0
Communication round: 28, Aggregated Accuracies: 0.8434523809523808 22
Communication round: 28, Eavesdropper Accuracy: 0.8613636363636363 22 1
Communication round: 29, Eavesdropper Accuracy: 0.8522727272727273 23 1
Communication round: 30, Eavesdropper Accuracy: 0.8340909090909091 24 1
Communication round: 31, Aggregated Accuracies: 0.8585714285714285 25
Communication round: 31, Eavesdropper Accuracy: 0.8636363636363636 25 1
Communication round: 32, Eavesdropper Accuracy: 0.8522727272727273 25 0
Communication round: 33, Eavesdropper Accuracy: 0.8818181818181818 25 0
Communication round: 34, Eavesdropper Accuracy: 0.884090909090909 25 0
Communication round: 35, Eavesdropper Accuracy: 0.8704545454545455 25 0
Communication round: 36, Eavesdropper Accuracy: 0.8818181818181818 25 0
Communication round: 37, Eavesdropper Accuracy: 0.8545454545454545 25 0
Communication round: 38, Eavesdropper Accuracy: 0.8613636363636363 25 0
Communication round: 39, Eavesdropper Accuracy: 0.875 25 0
Communication round: 40, Eavesdropper Accuracy: 0.884090909090909 25 0
Communication round: 41, Eavesdropper Accuracy: 0.85 25 0
Communication round: 42, Eavesdropper Accuracy: 0.8681818181818182 25 0
Communication round: 43, Eavesdropper Accuracy: 0.8613636363636363 25 0
Communication round: 44, Eavesdropper Accuracy: 0.8681818181818182 26 1
Communication round: 45, Eavesdropper Accuracy: 0.865909090909091 26 0
Communication round: 46, Aggregated Accuracies: 0.8648809523809524 27
Communication round: 46, Eavesdropper Accuracy: 0.8704545454545455 27 1
Communication round: 47, Aggregated Accuracies: 0.8779761904761905 28
Communication round: 47, Eavesdropper Accuracy: 0.8954545454545455 28 1
Communication round: 48, Aggregated Accuracies: 0.880238095238095 29
Communication round: 48, Eavesdropper Accuracy: 0.8772727272727273 29 1
Communication round: 49, Eavesdropper Accuracy: 0.875 29 0
Communication round: 50, Aggregated Accuracies: 0.8840476190476192 30
Communication round: 50, Eavesdropper Accuracy: 0.8795454545454545 30 1
Communication round: 51, Aggregated Accuracies: 0.887857142857143 31
Communication round: 51, Eavesdropper Accuracy: 0.8954545454545455 31 1
Communication round: 52, Aggregated Accuracies: 0.8922619047619047 32
Communication round: 52, Eavesdropper Accuracy: 0.9068181818181819 32 1
Communication round: 53, Aggregated Accuracies: 0.9015476190476189 33
Communication round: 53, Eavesdropper Accuracy: 0.8977272727272727 33 1
Communication round: 54, Eavesdropper Accuracy: 0.9090909090909091 33 0
Communication round: 55, Eavesdropper Accuracy: 0.9 33 0
Communication round: 56, Eavesdropper Accuracy: 0.9113636363636364 33 0
Communication round: 57, Aggregated Accuracies: 0.9003571428571429 34
Communication round: 57, Eavesdropper Accuracy: 0.9022727272727272 34 1
Communication round: 58, Eavesdropper Accuracy: 0.8931818181818182 35 1
Communication round: 59, Aggregated Accuracies: 0.9080952380952381 36
Communication round: 59, Eavesdropper Accuracy: 0.8954545454545455 36 1
Communication round: 60, Eavesdropper Accuracy: 0.9068181818181819 36 0
Communication round: 61, Eavesdropper Accuracy: 0.8909090909090909 36 0
Communication round: 62, Aggregated Accuracies: 0.9079761904761904 37
Communication round: 62, Eavesdropper Accuracy: 0.9136363636363637 37 1
Communication round: 63, Aggregated Accuracies: 0.9124999999999999 38
Communication round: 63, Eavesdropper Accuracy: 0.9090909090909091 38 1
Communication round: 64, Aggregated Accuracies: 0.9116666666666667 39
Communication round: 64, Eavesdropper Accuracy: 0.9181818181818182 39 1
Communication round: 65, Aggregated Accuracies: 0.911547619047619 40
Communication round: 65, Eavesdropper Accuracy: 0.9022727272727272 40 1
Communication round: 66, Eavesdropper Accuracy: 0.9227272727272727 40 0
Communication round: 67, Aggregated Accuracies: 0.9183333333333332 41
Communication round: 67, Eavesdropper Accuracy: 0.9068181818181819 41 1
Communication round: 68, Eavesdropper Accuracy: 0.9340909090909091 41 0
Communication round: 69, Eavesdropper Accuracy: 0.9136363636363637 41 0
Communication round: 70, Eavesdropper Accuracy: 0.9431818181818182 41 0
Communication round: 71, Eavesdropper Accuracy: 0.9113636363636364 41 0
Communication round: 72, Eavesdropper Accuracy: 0.925 41 0
Communication round: 73, Eavesdropper Accuracy: 0.9227272727272727 41 0
Communication round: 74, Eavesdropper Accuracy: 0.9159090909090909 41 0
Communication round: 75, Eavesdropper Accuracy: 0.9386363636363636 41 0
Communication round: 76, Eavesdropper Accuracy: 0.9181818181818182 41 0
Communication round: 77, Eavesdropper Accuracy: 0.925 41 0
Communication round: 78, Eavesdropper Accuracy: 0.9136363636363637 41 0
Communication round: 79, Eavesdropper Accuracy: 0.9181818181818182 41 0
Communication round: 80, Eavesdropper Accuracy: 0.925 41 0
Communication round: 81, Smart Eavesdropper Accuracy: 0.9318181818181818 41 0
Communication round: 82, Smart Eavesdropper Accuracy: 0.9204545454545454 41 0
Communication round: 83, Smart Eavesdropper Accuracy: 0.925 41 0
Communication round: 84, Smart Eavesdropper Accuracy: 0.9272727272727272 41 0
Communication round: 85, Smart Eavesdropper Accuracy: 0.9363636363636364 41 0
Communication round: 86, Smart Eavesdropper Accuracy: 0.9181818181818182 41 0
Communication round: 87, Smart Eavesdropper Accuracy: 0.9090909090909091 41 0
Communication round: 88, Smart Eavesdropper Accuracy: 0.9136363636363637 41 0
Communication round: 89, Smart Eavesdropper Accuracy: 0.9068181818181819 41 0
Communication round: 90, Smart Eavesdropper Accuracy: 0.9159090909090909 41 0
Communication round: 91, Smart Eavesdropper Accuracy: 0.8863636363636364 41 0
Communication round: 92, Smart Eavesdropper Accuracy: 0.9409090909090909 41 0
Communication round: 93, Smart Eavesdropper Accuracy: 0.9068181818181819 41 0
Communication round: 94, Smart Eavesdropper Accuracy: 0.9227272727272727 41 0
Communication round: 95, Smart Eavesdropper Accuracy: 0.9431818181818182 41 0
Communication round: 96, Smart Eavesdropper Accuracy: 0.9068181818181819 41 0
Communication round: 97, Smart Eavesdropper Accuracy: 0.9113636363636364 41 0
Communication round: 98, Smart Eavesdropper Accuracy: 0.9159090909090909 41 0
Communication round: 99, Smart Eavesdropper Accuracy: 0.9340909090909091 41 0
----------------------------------------------------------------------------------------------------
