----------------------------------------------------------------------------------------------------
20_30_100_0.4_5_0.9_False_
----------------------------------------------------------------------------------------------------
Communication round: 0, Eavesdropper Accuracy: 0.11136363636363636 1 1
Communication round: 1, Eavesdropper Accuracy: 0.08636363636363636 2 1
Communication round: 2, Aggregated Accuracies: 0.2113095238095238 3
Communication round: 2, Eavesdropper Accuracy: 0.20909090909090908 3 1
Communication round: 3, Eavesdropper Accuracy: 0.20909090909090908 3 0
Communication round: 4, Eavesdropper Accuracy: 0.22727272727272727 3 0
Communication round: 5, Smart Eavesdropper Accuracy: 0.3886363636363636 3 0
Communication round: 6, Eavesdropper Accuracy: 0.22045454545454546 4 1
Communication round: 7, Smart Eavesdropper Accuracy: 0.34545454545454546 4 0
Communication round: 8, Eavesdropper Accuracy: 0.225 5 1
Communication round: 9, Aggregated Accuracies: 0.2765476190476191 6
Communication round: 9, Eavesdropper Accuracy: 0.3159090909090909 6 1
Communication round: 10, Eavesdropper Accuracy: 0.30454545454545456 7 1
Communication round: 11, Eavesdropper Accuracy: 0.3431818181818182 7 0
Communication round: 12, Eavesdropper Accuracy: 0.2863636363636364 8 1
Communication round: 13, Aggregated Accuracies: 0.3695238095238095 9
Communication round: 13, Eavesdropper Accuracy: 0.43636363636363634 9 1
Communication round: 14, Eavesdropper Accuracy: 0.42954545454545456 10 1
Communication round: 15, Aggregated Accuracies: 0.45619047619047615 11
Communication round: 15, Eavesdropper Accuracy: 0.49318181818181817 11 1
Communication round: 16, Eavesdropper Accuracy: 0.48409090909090907 12 1
Communication round: 17, Eavesdropper Accuracy: 0.5363636363636364 13 1
Communication round: 18, Eavesdropper Accuracy: 0.4863636363636364 14 1
Communication round: 19, Eavesdropper Accuracy: 0.509090909090909 14 0
Communication round: 20, Eavesdropper Accuracy: 0.5045454545454545 14 0
Communication round: 21, Eavesdropper Accuracy: 0.45681818181818185 14 0
Communication round: 22, Eavesdropper Accuracy: 0.5159090909090909 14 0
Communication round: 23, Eavesdropper Accuracy: 0.4727272727272727 15 1
Communication round: 24, Eavesdropper Accuracy: 0.5318181818181819 16 1
Communication round: 25, Aggregated Accuracies: 0.5595238095238095 17
Communication round: 25, Eavesdropper Accuracy: 0.5818181818181818 17 1
Communication round: 26, Eavesdropper Accuracy: 0.6045454545454545 18 1
Communication round: 27, Aggregated Accuracies: 0.6182142857142857 19
Communication round: 27, Eavesdropper Accuracy: 0.6295454545454545 19 1
Communication round: 28, Aggregated Accuracies: 0.6859523809523809 20
Communication round: 28, Eavesdropper Accuracy: 0.7295454545454545 20 1
Communication round: 29, Eavesdropper Accuracy: 0.7272727272727273 21 1
Communication round: 30, Eavesdropper Accuracy: 0.7136363636363636 22 1
Communication round: 31, Eavesdropper Accuracy: 0.725 22 0
Communication round: 32, Eavesdropper Accuracy: 0.6977272727272728 22 0
Communication round: 33, Aggregated Accuracies: 0.7204761904761905 23
Communication round: 33, Eavesdropper Accuracy: 0.7613636363636364 23 1
Communication round: 34, Eavesdropper Accuracy: 0.7840909090909091 24 1
Communication round: 35, Eavesdropper Accuracy: 0.7795454545454545 24 0
Communication round: 36, Eavesdropper Accuracy: 0.775 25 1
Communication round: 37, Eavesdropper Accuracy: 0.7386363636363636 26 1
Communication round: 38, Aggregated Accuracies: 0.749642857142857 27
Communication round: 38, Eavesdropper Accuracy: 0.8159090909090909 27 1
Communication round: 39, Eavesdropper Accuracy: 0.8113636363636364 28 1
Communication round: 40, Aggregated Accuracies: 0.7726190476190478 29
Communication round: 40, Eavesdropper Accuracy: 0.8113636363636364 29 1
Communication round: 41, Eavesdropper Accuracy: 0.8386363636363636 29 0
Communication round: 42, Eavesdropper Accuracy: 0.8204545454545454 29 0
Communication round: 43, Eavesdropper Accuracy: 0.7931818181818182 29 0
Communication round: 44, Eavesdropper Accuracy: 0.8136363636363636 29 0
Communication round: 45, Aggregated Accuracies: 0.7910714285714285 30
Communication round: 45, Eavesdropper Accuracy: 0.8477272727272728 30 1
Communication round: 46, Eavesdropper Accuracy: 0.8227272727272728 31 1
Communication round: 47, Eavesdropper Accuracy: 0.8090909090909091 31 0
Communication round: 48, Aggregated Accuracies: 0.8175000000000001 32
Communication round: 48, Eavesdropper Accuracy: 0.8090909090909091 32 1
Communication round: 49, Eavesdropper Accuracy: 0.8295454545454546 32 0
Communication round: 50, Eavesdropper Accuracy: 0.8295454545454546 33 1
Communication round: 51, Eavesdropper Accuracy: 0.8568181818181818 33 0
Communication round: 52, Eavesdropper Accuracy: 0.8704545454545455 33 0
Communication round: 53, Aggregated Accuracies: 0.8286904761904763 34
Communication round: 53, Eavesdropper Accuracy: 0.8568181818181818 34 1
Communication round: 54, Eavesdropper Accuracy: 0.8477272727272728 34 0
Communication round: 55, Eavesdropper Accuracy: 0.8590909090909091 35 1
Communication round: 56, Eavesdropper Accuracy: 0.8636363636363636 35 0
Communication round: 57, Aggregated Accuracies: 0.8383333333333333 36
Communication round: 57, Eavesdropper Accuracy: 0.8681818181818182 36 1
Communication round: 58, Aggregated Accuracies: 0.8617857142857144 37
Communication round: 58, Eavesdropper Accuracy: 0.875 37 1
Communication round: 59, Aggregated Accuracies: 0.8665476190476189 38
Communication round: 59, Eavesdropper Accuracy: 0.8863636363636364 38 1
Communication round: 60, Eavesdropper Accuracy: 0.884090909090909 38 0
Communication round: 61, Aggregated Accuracies: 0.8714285714285713 39
Communication round: 61, Eavesdropper Accuracy: 0.9045454545454545 39 1
Communication round: 62, Eavesdropper Accuracy: 0.9 39 0
Communication round: 63, Eavesdropper Accuracy: 0.8977272727272727 39 0
Communication round: 64, Aggregated Accuracies: 0.8796428571428573 40
Communication round: 64, Eavesdropper Accuracy: 0.8863636363636364 40 1
Communication round: 65, Eavesdropper Accuracy: 0.8681818181818182 40 0
Communication round: 66, Eavesdropper Accuracy: 0.8886363636363637 40 0
Communication round: 67, Eavesdropper Accuracy: 0.8727272727272727 41 1
Communication round: 68, Aggregated Accuracies: 0.8778571428571429 42
Communication round: 68, Eavesdropper Accuracy: 0.8931818181818182 42 1
Communication round: 69, Eavesdropper Accuracy: 0.8886363636363637 42 0
Communication round: 70, Aggregated Accuracies: 0.8835714285714286 43
Communication round: 70, Eavesdropper Accuracy: 0.9068181818181819 43 1
Communication round: 71, Eavesdropper Accuracy: 0.8909090909090909 43 0
Communication round: 72, Aggregated Accuracies: 0.8985714285714286 44
Communication round: 72, Eavesdropper Accuracy: 0.9113636363636364 44 1
Communication round: 73, Aggregated Accuracies: 0.8998809523809526 45
Communication round: 73, Eavesdropper Accuracy: 0.9159090909090909 45 1
Communication round: 74, Eavesdropper Accuracy: 0.9227272727272727 45 0
Communication round: 75, Eavesdropper Accuracy: 0.9113636363636364 45 0
Communication round: 76, Eavesdropper Accuracy: 0.9181818181818182 45 0
Communication round: 77, Eavesdropper Accuracy: 0.9 45 0
Communication round: 78, Eavesdropper Accuracy: 0.8931818181818182 45 0
Communication round: 79, Eavesdropper Accuracy: 0.8977272727272727 45 0
Communication round: 80, Eavesdropper Accuracy: 0.8909090909090909 45 0
Communication round: 81, Eavesdropper Accuracy: 0.8931818181818182 45 0
Communication round: 82, Eavesdropper Accuracy: 0.9363636363636364 45 0
Communication round: 83, Eavesdropper Accuracy: 0.9090909090909091 45 0
Communication round: 84, Eavesdropper Accuracy: 0.9295454545454546 45 0
Communication round: 85, Eavesdropper Accuracy: 0.8954545454545455 45 0
Communication round: 86, Eavesdropper Accuracy: 0.9022727272727272 45 0
Communication round: 87, Eavesdropper Accuracy: 0.9204545454545454 45 0
Communication round: 88, Eavesdropper Accuracy: 0.8818181818181818 45 0
Communication round: 89, Smart Eavesdropper Accuracy: 0.8636363636363636 45 0
Communication round: 90, Eavesdropper Accuracy: 0.9272727272727272 46 1
Communication round: 91, Smart Eavesdropper Accuracy: 0.8477272727272728 46 0
Communication round: 92, Eavesdropper Accuracy: 0.9204545454545454 47 1
Communication round: 93, Smart Eavesdropper Accuracy: 0.8863636363636364 47 0
Communication round: 94, Smart Eavesdropper Accuracy: 0.8318181818181818 47 0
Communication round: 95, Aggregated Accuracies: 0.903095238095238 48
Communication round: 95, Smart Eavesdropper Accuracy: 0.8568181818181818 48 1
Communication round: 96, Smart Eavesdropper Accuracy: 0.8886363636363637 48 0
Communication round: 97, Smart Eavesdropper Accuracy: 0.8727272727272727 48 0
Communication round: 98, Smart Eavesdropper Accuracy: 0.8772727272727273 48 0
Communication round: 99, Smart Eavesdropper Accuracy: 0.865909090909091 48 0
----------------------------------------------------------------------------------------------------
----------------------------------------------------------------------------------------------------
20_30_100_0.4_5_0.9_False_
----------------------------------------------------------------------------------------------------
Communication round: 0, Smart Eavesdropper Accuracy: 0.21363636363636362 0 0
Communication round: 1, Aggregated Accuracies: 0.19476190476190475 1
Communication round: 1, Smart Eavesdropper Accuracy: 0.3568181818181818 1 1
Communication round: 2, Eavesdropper Accuracy: 0.19318181818181818 2 1
Communication round: 3, Eavesdropper Accuracy: 0.18863636363636363 3 1
Communication round: 4, Aggregated Accuracies: 0.2655952380952381 4
Communication round: 4, Eavesdropper Accuracy: 0.29545454545454547 4 1
Communication round: 5, Aggregated Accuracies: 0.3695238095238095 5
Communication round: 5, Eavesdropper Accuracy: 0.4636363636363636 5 1
Communication round: 6, Aggregated Accuracies: 0.45630952380952383 6
Communication round: 6, Eavesdropper Accuracy: 0.5318181818181819 6 1
Communication round: 7, Aggregated Accuracies: 0.5267857142857142 7
Communication round: 7, Eavesdropper Accuracy: 0.634090909090909 7 1
Communication round: 8, Eavesdropper Accuracy: 0.5909090909090909 8 1
Communication round: 9, Eavesdropper Accuracy: 0.5704545454545454 9 1
Communication round: 10, Eavesdropper Accuracy: 0.5590909090909091 10 1
Communication round: 11, Eavesdropper Accuracy: 0.6181818181818182 11 1
Communication round: 12, Aggregated Accuracies: 0.5816666666666668 12
Communication round: 12, Eavesdropper Accuracy: 0.6568181818181819 12 1
Communication round: 13, Eavesdropper Accuracy: 0.6659090909090909 13 1
Communication round: 14, Aggregated Accuracies: 0.6445238095238095 14
Communication round: 14, Eavesdropper Accuracy: 0.6772727272727272 14 1
Communication round: 15, Aggregated Accuracies: 0.6795238095238095 15
Communication round: 15, Eavesdropper Accuracy: 0.7045454545454546 15 1
Communication round: 16, Aggregated Accuracies: 0.7316666666666667 16
Communication round: 16, Eavesdropper Accuracy: 0.7636363636363637 16 1
Communication round: 17, Aggregated Accuracies: 0.7603571428571427 17
Communication round: 17, Eavesdropper Accuracy: 0.8136363636363636 17 1
Communication round: 18, Aggregated Accuracies: 0.7814285714285715 18
Communication round: 18, Eavesdropper Accuracy: 0.8113636363636364 18 1
Communication round: 19, Aggregated Accuracies: 0.8097619047619047 19
Communication round: 19, Eavesdropper Accuracy: 0.8090909090909091 19 1
Communication round: 20, Aggregated Accuracies: 0.8339285714285714 20
Communication round: 20, Eavesdropper Accuracy: 0.8386363636363636 20 1
Communication round: 21, Aggregated Accuracies: 0.8427380952380954 21
Communication round: 21, Eavesdropper Accuracy: 0.8727272727272727 21 1
Communication round: 22, Aggregated Accuracies: 0.8541666666666667 22
Communication round: 22, Eavesdropper Accuracy: 0.8568181818181818 22 1
Communication round: 23, Aggregated Accuracies: 0.8636904761904761 23
Communication round: 23, Eavesdropper Accuracy: 0.8772727272727273 23 1
Communication round: 24, Aggregated Accuracies: 0.8749999999999998 24
Communication round: 24, Eavesdropper Accuracy: 0.9136363636363637 24 1
Communication round: 25, Aggregated Accuracies: 0.8847619047619046 25
Communication round: 25, Eavesdropper Accuracy: 0.9045454545454545 25 1
Communication round: 26, Aggregated Accuracies: 0.8872619047619047 26
Communication round: 26, Eavesdropper Accuracy: 0.8977272727272727 26 1
Communication round: 27, Aggregated Accuracies: 0.8909523809523808 27
Communication round: 27, Eavesdropper Accuracy: 0.9090909090909091 27 1
Communication round: 28, Aggregated Accuracies: 0.8963095238095237 28
Communication round: 28, Eavesdropper Accuracy: 0.8954545454545455 28 1
Communication round: 29, Aggregated Accuracies: 0.9026190476190477 29
Communication round: 29, Eavesdropper Accuracy: 0.9159090909090909 29 1
Communication round: 30, Aggregated Accuracies: 0.9053571428571429 30
Communication round: 30, Eavesdropper Accuracy: 0.9181818181818182 30 1
Communication round: 31, Aggregated Accuracies: 0.9071428571428571 31
Communication round: 31, Eavesdropper Accuracy: 0.9159090909090909 31 1
Communication round: 32, Aggregated Accuracies: 0.9089285714285713 32
Communication round: 32, Eavesdropper Accuracy: 0.8909090909090909 32 1
Communication round: 33, Aggregated Accuracies: 0.9151190476190475 33
Communication round: 33, Eavesdropper Accuracy: 0.9159090909090909 33 1
Communication round: 34, Aggregated Accuracies: 0.9160714285714286 34
Communication round: 34, Eavesdropper Accuracy: 0.9363636363636364 34 1
Communication round: 35, Aggregated Accuracies: 0.9191666666666667 35
Communication round: 35, Eavesdropper Accuracy: 0.9159090909090909 35 1
Communication round: 36, Eavesdropper Accuracy: 0.9409090909090909 35 0
Communication round: 37, Eavesdropper Accuracy: 0.9295454545454546 35 0
Communication round: 38, Eavesdropper Accuracy: 0.9409090909090909 35 0
Communication round: 39, Eavesdropper Accuracy: 0.9409090909090909 35 0
Communication round: 40, Eavesdropper Accuracy: 0.9113636363636364 35 0
Communication round: 41, Eavesdropper Accuracy: 0.9159090909090909 35 0
Communication round: 42, Aggregated Accuracies: 0.9236904761904761 36
Communication round: 42, Eavesdropper Accuracy: 0.95 36 1
Communication round: 43, Aggregated Accuracies: 0.9248809523809524 37
Communication round: 43, Eavesdropper Accuracy: 0.9318181818181818 37 1
Communication round: 44, Eavesdropper Accuracy: 0.9454545454545454 37 0
Communication round: 45, Eavesdropper Accuracy: 0.9363636363636364 37 0
Communication round: 46, Eavesdropper Accuracy: 0.9272727272727272 37 0
Communication round: 47, Eavesdropper Accuracy: 0.9295454545454546 37 0
Communication round: 48, Eavesdropper Accuracy: 0.9477272727272728 37 0
Communication round: 49, Eavesdropper Accuracy: 0.9340909090909091 37 0
Communication round: 50, Eavesdropper Accuracy: 0.9181818181818182 37 0
Communication round: 51, Eavesdropper Accuracy: 0.9272727272727272 37 0
Communication round: 52, Eavesdropper Accuracy: 0.9204545454545454 37 0
Communication round: 53, Eavesdropper Accuracy: 0.9295454545454546 37 0
Communication round: 54, Eavesdropper Accuracy: 0.95 37 0
Communication round: 55, Eavesdropper Accuracy: 0.9409090909090909 37 0
Communication round: 56, Eavesdropper Accuracy: 0.9318181818181818 37 0
Communication round: 57, Eavesdropper Accuracy: 0.9295454545454546 37 0
Communication round: 58, Eavesdropper Accuracy: 0.9136363636363637 37 0
Communication round: 59, Eavesdropper Accuracy: 0.9227272727272727 37 0
Communication round: 60, Eavesdropper Accuracy: 0.9227272727272727 37 0
Communication round: 61, Eavesdropper Accuracy: 0.9227272727272727 37 0
Communication round: 62, Eavesdropper Accuracy: 0.9454545454545454 37 0
Communication round: 63, Eavesdropper Accuracy: 0.9295454545454546 37 0
Communication round: 64, Eavesdropper Accuracy: 0.9363636363636364 37 0
Communication round: 65, Eavesdropper Accuracy: 0.9454545454545454 37 0
Communication round: 66, Eavesdropper Accuracy: 0.9409090909090909 37 0
Communication round: 67, Eavesdropper Accuracy: 0.9295454545454546 37 0
Communication round: 68, Eavesdropper Accuracy: 0.9568181818181818 37 0
Communication round: 69, Eavesdropper Accuracy: 0.9340909090909091 37 0
Communication round: 70, Eavesdropper Accuracy: 0.9159090909090909 37 0
Communication round: 71, Eavesdropper Accuracy: 0.925 37 0
Communication round: 72, Eavesdropper Accuracy: 0.9181818181818182 37 0
Communication round: 73, Smart Eavesdropper Accuracy: 0.8909090909090909 37 0
Communication round: 74, Smart Eavesdropper Accuracy: 0.9181818181818182 37 0
Communication round: 75, Smart Eavesdropper Accuracy: 0.9181818181818182 37 0
Communication round: 76, Smart Eavesdropper Accuracy: 0.9318181818181818 37 0
Communication round: 77, Smart Eavesdropper Accuracy: 0.925 37 0
Communication round: 78, Smart Eavesdropper Accuracy: 0.9272727272727272 37 0
Communication round: 79, Smart Eavesdropper Accuracy: 0.9454545454545454 37 0
Communication round: 80, Smart Eavesdropper Accuracy: 0.9 37 0
Communication round: 81, Smart Eavesdropper Accuracy: 0.9113636363636364 37 0
Communication round: 82, Smart Eavesdropper Accuracy: 0.9090909090909091 37 0
Communication round: 83, Smart Eavesdropper Accuracy: 0.9340909090909091 37 0
Communication round: 84, Smart Eavesdropper Accuracy: 0.9136363636363637 37 0
Communication round: 85, Smart Eavesdropper Accuracy: 0.9454545454545454 37 0
Communication round: 86, Smart Eavesdropper Accuracy: 0.9363636363636364 37 0
Communication round: 87, Smart Eavesdropper Accuracy: 0.9568181818181818 37 0
Communication round: 88, Smart Eavesdropper Accuracy: 0.9272727272727272 37 0
Communication round: 89, Smart Eavesdropper Accuracy: 0.9159090909090909 37 0
Communication round: 90, Smart Eavesdropper Accuracy: 0.9590909090909091 37 0
Communication round: 91, Smart Eavesdropper Accuracy: 0.9295454545454546 37 0
Communication round: 92, Smart Eavesdropper Accuracy: 0.9431818181818182 37 0
Communication round: 93, Smart Eavesdropper Accuracy: 0.9386363636363636 37 0
Communication round: 94, Smart Eavesdropper Accuracy: 0.9363636363636364 37 0
Communication round: 95, Smart Eavesdropper Accuracy: 0.9272727272727272 37 0
Communication round: 96, Smart Eavesdropper Accuracy: 0.9363636363636364 37 0
Communication round: 97, Smart Eavesdropper Accuracy: 0.95 37 0
Communication round: 98, Smart Eavesdropper Accuracy: 0.9318181818181818 37 0
Communication round: 99, Smart Eavesdropper Accuracy: 0.9613636363636363 37 0
----------------------------------------------------------------------------------------------------
----------------------------------------------------------------------------------------------------
20_30_100_0.4_5_0.9_False_
----------------------------------------------------------------------------------------------------
Communication round: 0, Eavesdropper Accuracy: 0.04090909090909091 1 1
Communication round: 1, Smart Eavesdropper Accuracy: 0.45681818181818185 1 0
Communication round: 2, Eavesdropper Accuracy: 0.05227272727272727 2 1
Communication round: 3, Eavesdropper Accuracy: 0.05454545454545454 3 1
Communication round: 4, Eavesdropper Accuracy: 0.05227272727272727 4 1
Communication round: 5, Eavesdropper Accuracy: 0.05 5 1
Communication round: 6, Aggregated Accuracies: 0.1275 6
Communication round: 6, Eavesdropper Accuracy: 0.06136363636363636 6 1
Communication round: 7, Aggregated Accuracies: 0.18166666666666664 7
Communication round: 7, Eavesdropper Accuracy: 0.16136363636363638 7 1
Communication round: 8, Eavesdropper Accuracy: 0.18409090909090908 7 0
Communication round: 9, Eavesdropper Accuracy: 0.15227272727272728 8 1
Communication round: 10, Eavesdropper Accuracy: 0.14545454545454545 9 1
Communication round: 11, Eavesdropper Accuracy: 0.15681818181818183 9 0
Communication round: 12, Aggregated Accuracies: 0.2942857142857143 10
Communication round: 12, Eavesdropper Accuracy: 0.325 10 1
Communication round: 13, Eavesdropper Accuracy: 0.29545454545454547 10 0
Communication round: 14, Eavesdropper Accuracy: 0.3181818181818182 11 1
Communication round: 15, Eavesdropper Accuracy: 0.32954545454545453 11 0
Communication round: 16, Eavesdropper Accuracy: 0.3477272727272727 12 1
Communication round: 17, Eavesdropper Accuracy: 0.30227272727272725 12 0
Communication round: 18, Aggregated Accuracies: 0.379047619047619 13
Communication round: 18, Eavesdropper Accuracy: 0.4431818181818182 13 1
Communication round: 19, Eavesdropper Accuracy: 0.375 13 0
Communication round: 20, Aggregated Accuracies: 0.4588095238095238 14
Communication round: 20, Eavesdropper Accuracy: 0.4909090909090909 14 1
Communication round: 21, Eavesdropper Accuracy: 0.5159090909090909 15 1
Communication round: 22, Eavesdropper Accuracy: 0.4954545454545455 16 1
Communication round: 23, Eavesdropper Accuracy: 0.48409090909090907 17 1
Communication round: 24, Eavesdropper Accuracy: 0.48409090909090907 18 1
Communication round: 25, Aggregated Accuracies: 0.5376190476190477 19
Communication round: 25, Eavesdropper Accuracy: 0.5909090909090909 19 1
Communication round: 26, Eavesdropper Accuracy: 0.575 20 1
Communication round: 27, Aggregated Accuracies: 0.6064285714285714 21
Communication round: 27, Eavesdropper Accuracy: 0.6318181818181818 21 1
Communication round: 28, Eavesdropper Accuracy: 0.6681818181818182 21 0
Communication round: 29, Eavesdropper Accuracy: 0.6795454545454546 22 1
Communication round: 30, Eavesdropper Accuracy: 0.6386363636363637 23 1
Communication round: 31, Eavesdropper Accuracy: 0.6659090909090909 23 0
Communication round: 32, Eavesdropper Accuracy: 0.6568181818181819 24 1
Communication round: 33, Aggregated Accuracies: 0.6619047619047619 25
Communication round: 33, Eavesdropper Accuracy: 0.6909090909090909 25 1
Communication round: 34, Eavesdropper Accuracy: 0.7113636363636363 26 1
Communication round: 35, Eavesdropper Accuracy: 0.7045454545454546 27 1
Communication round: 36, Eavesdropper Accuracy: 0.7181818181818181 28 1
Communication round: 37, Eavesdropper Accuracy: 0.7204545454545455 28 0
Communication round: 38, Eavesdropper Accuracy: 0.6727272727272727 29 1
Communication round: 39, Aggregated Accuracies: 0.7021428571428571 30
Communication round: 39, Eavesdropper Accuracy: 0.7545454545454545 30 1
Communication round: 40, Eavesdropper Accuracy: 0.7545454545454545 31 1
Communication round: 41, Eavesdropper Accuracy: 0.7159090909090909 32 1
Communication round: 42, Aggregated Accuracies: 0.7552380952380953 33
Communication round: 42, Eavesdropper Accuracy: 0.7931818181818182 33 1
Communication round: 43, Eavesdropper Accuracy: 0.7659090909090909 33 0
Communication round: 44, Aggregated Accuracies: 0.7730952380952383 34
Communication round: 44, Eavesdropper Accuracy: 0.7977272727272727 34 1
Communication round: 45, Aggregated Accuracies: 0.800357142857143 35
Communication round: 45, Eavesdropper Accuracy: 0.8136363636363636 35 1
Communication round: 46, Eavesdropper Accuracy: 0.8363636363636363 36 1
Communication round: 47, Aggregated Accuracies: 0.8198809523809525 37
Communication round: 47, Eavesdropper Accuracy: 0.8295454545454546 37 1
Communication round: 48, Eavesdropper Accuracy: 0.8477272727272728 38 1
Communication round: 49, Eavesdropper Accuracy: 0.8227272727272728 38 0
Communication round: 50, Eavesdropper Accuracy: 0.8409090909090909 38 0
Communication round: 51, Eavesdropper Accuracy: 0.8386363636363636 38 0
Communication round: 52, Eavesdropper Accuracy: 0.8272727272727273 38 0
Communication round: 53, Eavesdropper Accuracy: 0.8522727272727273 38 0
Communication round: 54, Eavesdropper Accuracy: 0.8045454545454546 38 0
Communication round: 55, Eavesdropper Accuracy: 0.8431818181818181 38 0
Communication round: 56, Eavesdropper Accuracy: 0.8431818181818181 38 0
Communication round: 57, Eavesdropper Accuracy: 0.8295454545454546 38 0
Communication round: 58, Eavesdropper Accuracy: 0.8522727272727273 38 0
Communication round: 59, Eavesdropper Accuracy: 0.8409090909090909 38 0
Communication round: 60, Eavesdropper Accuracy: 0.8409090909090909 39 1
Communication round: 61, Eavesdropper Accuracy: 0.8477272727272728 39 0
Communication round: 62, Eavesdropper Accuracy: 0.8568181818181818 39 0
Communication round: 63, Aggregated Accuracies: 0.8433333333333334 40
Communication round: 63, Eavesdropper Accuracy: 0.8477272727272728 40 1
Communication round: 64, Eavesdropper Accuracy: 0.875 40 0
Communication round: 65, Eavesdropper Accuracy: 0.8795454545454545 40 0
Communication round: 66, Eavesdropper Accuracy: 0.85 40 0
Communication round: 67, Eavesdropper Accuracy: 0.8681818181818182 40 0
Communication round: 68, Eavesdropper Accuracy: 0.8522727272727273 40 0
Communication round: 69, Eavesdropper Accuracy: 0.8568181818181818 40 0
Communication round: 70, Eavesdropper Accuracy: 0.8727272727272727 40 0
Communication round: 71, Eavesdropper Accuracy: 0.8613636363636363 40 0
Communication round: 72, Eavesdropper Accuracy: 0.884090909090909 40 0
Communication round: 73, Eavesdropper Accuracy: 0.8545454545454545 40 0
Communication round: 74, Eavesdropper Accuracy: 0.8636363636363636 40 0
Communication round: 75, Eavesdropper Accuracy: 0.85 40 0
Communication round: 76, Eavesdropper Accuracy: 0.875 40 0
Communication round: 77, Eavesdropper Accuracy: 0.8818181818181818 40 0
Communication round: 78, Eavesdropper Accuracy: 0.8886363636363637 40 0
Communication round: 79, Smart Eavesdropper Accuracy: 0.7931818181818182 40 0
Communication round: 80, Smart Eavesdropper Accuracy: 0.775 40 0
Communication round: 81, Smart Eavesdropper Accuracy: 0.8159090909090909 40 0
Communication round: 82, Smart Eavesdropper Accuracy: 0.8363636363636363 40 0
Communication round: 83, Smart Eavesdropper Accuracy: 0.8477272727272728 40 0
Communication round: 84, Smart Eavesdropper Accuracy: 0.8727272727272727 40 0
Communication round: 85, Smart Eavesdropper Accuracy: 0.9022727272727272 40 0
Communication round: 86, Smart Eavesdropper Accuracy: 0.8318181818181818 40 0
Communication round: 87, Smart Eavesdropper Accuracy: 0.865909090909091 40 0
Communication round: 88, Smart Eavesdropper Accuracy: 0.8772727272727273 40 0
Communication round: 89, Smart Eavesdropper Accuracy: 0.8931818181818182 40 0
Communication round: 90, Smart Eavesdropper Accuracy: 0.8522727272727273 40 0
Communication round: 91, Smart Eavesdropper Accuracy: 0.8727272727272727 40 0
Communication round: 92, Smart Eavesdropper Accuracy: 0.865909090909091 40 0
Communication round: 93, Smart Eavesdropper Accuracy: 0.9022727272727272 40 0
Communication round: 94, Smart Eavesdropper Accuracy: 0.9022727272727272 40 0
Communication round: 95, Smart Eavesdropper Accuracy: 0.8909090909090909 40 0
Communication round: 96, Smart Eavesdropper Accuracy: 0.8863636363636364 40 0
Communication round: 97, Smart Eavesdropper Accuracy: 0.9045454545454545 40 0
Communication round: 98, Smart Eavesdropper Accuracy: 0.875 40 0
Communication round: 99, Smart Eavesdropper Accuracy: 0.8863636363636364 40 0
----------------------------------------------------------------------------------------------------
----------------------------------------------------------------------------------------------------
20_30_100_0.4_5_0.9_False_
----------------------------------------------------------------------------------------------------
Communication round: 0, Smart Eavesdropper Accuracy: 0.42727272727272725 0 0
Communication round: 1, Smart Eavesdropper Accuracy: 0.4772727272727273 1 1
Communication round: 2, Eavesdropper Accuracy: 0.11136363636363636 2 1
Communication round: 3, Eavesdropper Accuracy: 0.13636363636363635 3 1
Communication round: 4, Eavesdropper Accuracy: 0.11818181818181818 3 0
Communication round: 5, Eavesdropper Accuracy: 0.1 4 1
Communication round: 6, Eavesdropper Accuracy: 0.10681818181818181 4 0
Communication round: 7, Eavesdropper Accuracy: 0.125 5 1
Communication round: 8, Aggregated Accuracies: 0.1554761904761905 6
Communication round: 8, Eavesdropper Accuracy: 0.15 6 1
Communication round: 9, Eavesdropper Accuracy: 0.16363636363636364 6 0
Communication round: 10, Eavesdropper Accuracy: 0.1 6 0
Communication round: 11, Smart Eavesdropper Accuracy: 0.42727272727272725 6 0
Communication round: 12, Smart Eavesdropper Accuracy: 0.4636363636363636 6 0
Communication round: 13, Smart Eavesdropper Accuracy: 0.4659090909090909 6 0
Communication round: 14, Smart Eavesdropper Accuracy: 0.5590909090909091 7 1
Communication round: 15, Smart Eavesdropper Accuracy: 0.6636363636363637 7 0
Communication round: 16, Smart Eavesdropper Accuracy: 0.6386363636363637 7 0
Communication round: 17, Smart Eavesdropper Accuracy: 0.7568181818181818 7 0
Communication round: 18, Smart Eavesdropper Accuracy: 0.7772727272727272 7 0
Communication round: 19, Smart Eavesdropper Accuracy: 0.8363636363636363 7 0
Communication round: 20, Aggregated Accuracies: 0.25250000000000006 8
Communication round: 20, Smart Eavesdropper Accuracy: 0.8545454545454545 8 1
Communication round: 21, Smart Eavesdropper Accuracy: 0.8590909090909091 8 0
Communication round: 22, Smart Eavesdropper Accuracy: 0.8431818181818181 8 0
Communication round: 23, Aggregated Accuracies: 0.3721428571428571 9
Communication round: 23, Smart Eavesdropper Accuracy: 0.8409090909090909 9 1
Communication round: 24, Aggregated Accuracies: 0.4567857142857143 10
Communication round: 24, Smart Eavesdropper Accuracy: 0.8886363636363637 10 1
Communication round: 25, Aggregated Accuracies: 0.5242857142857142 11
Communication round: 25, Smart Eavesdropper Accuracy: 0.8909090909090909 11 1
Communication round: 26, Smart Eavesdropper Accuracy: 0.8681818181818182 11 0
Communication round: 27, Aggregated Accuracies: 0.5978571428571426 12
Communication round: 27, Smart Eavesdropper Accuracy: 0.8613636363636363 12 1
Communication round: 28, Smart Eavesdropper Accuracy: 0.8613636363636363 12 0
Communication round: 29, Aggregated Accuracies: 0.6357142857142858 13
Communication round: 29, Smart Eavesdropper Accuracy: 0.9136363636363637 13 1
Communication round: 30, Smart Eavesdropper Accuracy: 0.9204545454545454 13 0
Communication round: 31, Aggregated Accuracies: 0.6640476190476188 14
Communication round: 31, Smart Eavesdropper Accuracy: 0.8863636363636364 14 1
Communication round: 32, Aggregated Accuracies: 0.6914285714285714 15
Communication round: 32, Smart Eavesdropper Accuracy: 0.8681818181818182 15 1
Communication round: 33, Smart Eavesdropper Accuracy: 0.8931818181818182 15 0
Communication round: 34, Smart Eavesdropper Accuracy: 0.9045454545454545 16 1
Communication round: 35, Smart Eavesdropper Accuracy: 0.925 16 0
Communication round: 36, Aggregated Accuracies: 0.7376190476190476 17
Communication round: 36, Smart Eavesdropper Accuracy: 0.925 17 1
Communication round: 37, Aggregated Accuracies: 0.7522619047619048 18
Communication round: 37, Smart Eavesdropper Accuracy: 0.925 18 1
Communication round: 38, Aggregated Accuracies: 0.7647619047619048 19
Communication round: 38, Smart Eavesdropper Accuracy: 0.8954545454545455 19 1
Communication round: 39, Aggregated Accuracies: 0.7908333333333334 20
Communication round: 39, Smart Eavesdropper Accuracy: 0.9363636363636364 20 1
Communication round: 40, Smart Eavesdropper Accuracy: 0.9159090909090909 20 0
Communication round: 41, Aggregated Accuracies: 0.8047619047619049 21
Communication round: 41, Smart Eavesdropper Accuracy: 0.9204545454545454 21 1
Communication round: 42, Smart Eavesdropper Accuracy: 0.925 21 0
Communication round: 43, Aggregated Accuracies: 0.8336904761904762 22
Communication round: 43, Smart Eavesdropper Accuracy: 0.9136363636363637 22 1
Communication round: 44, Aggregated Accuracies: 0.8353571428571429 23
Communication round: 44, Eavesdropper Accuracy: 0.8363636363636363 23 1
Communication round: 45, Smart Eavesdropper Accuracy: 0.775 23 0
Communication round: 46, Eavesdropper Accuracy: 0.8204545454545454 24 1
Communication round: 47, Eavesdropper Accuracy: 0.8045454545454546 25 1
Communication round: 48, Eavesdropper Accuracy: 0.8431818181818181 26 1
Communication round: 49, Eavesdropper Accuracy: 0.8590909090909091 27 1
Communication round: 50, Eavesdropper Accuracy: 0.8136363636363636 28 1
Communication round: 51, Eavesdropper Accuracy: 0.8386363636363636 28 0
Communication round: 52, Eavesdropper Accuracy: 0.825 28 0
Communication round: 53, Eavesdropper Accuracy: 0.8386363636363636 29 1
Communication round: 54, Eavesdropper Accuracy: 0.8272727272727273 30 1
Communication round: 55, Eavesdropper Accuracy: 0.8477272727272728 31 1
Communication round: 56, Eavesdropper Accuracy: 0.8295454545454546 31 0
Communication round: 57, Eavesdropper Accuracy: 0.8159090909090909 31 0
Communication round: 58, Eavesdropper Accuracy: 0.8204545454545454 31 0
Communication round: 59, Aggregated Accuracies: 0.8489285714285716 32
Communication round: 59, Eavesdropper Accuracy: 0.8477272727272728 32 1
Communication round: 60, Aggregated Accuracies: 0.8583333333333332 33
Communication round: 60, Eavesdropper Accuracy: 0.8477272727272728 33 1
Communication round: 61, Eavesdropper Accuracy: 0.85 33 0
Communication round: 62, Eavesdropper Accuracy: 0.8568181818181818 33 0
Communication round: 63, Aggregated Accuracies: 0.8620238095238095 34
Communication round: 63, Eavesdropper Accuracy: 0.8522727272727273 34 1
Communication round: 64, Eavesdropper Accuracy: 0.8727272727272727 34 0
Communication round: 65, Eavesdropper Accuracy: 0.8568181818181818 34 0
Communication round: 66, Eavesdropper Accuracy: 0.8886363636363637 34 0
Communication round: 67, Smart Eavesdropper Accuracy: 0.8136363636363636 34 0
Communication round: 68, Smart Eavesdropper Accuracy: 0.8159090909090909 34 0
Communication round: 69, Smart Eavesdropper Accuracy: 0.8613636363636363 34 0
Communication round: 70, Smart Eavesdropper Accuracy: 0.8113636363636364 34 0
Communication round: 71, Smart Eavesdropper Accuracy: 0.8863636363636364 34 0
Communication round: 72, Aggregated Accuracies: 0.8705952380952381 35
Communication round: 72, Smart Eavesdropper Accuracy: 0.9159090909090909 35 1
Communication round: 73, Aggregated Accuracies: 0.8741666666666668 36
Communication round: 73, Smart Eavesdropper Accuracy: 0.884090909090909 36 1
Communication round: 74, Aggregated Accuracies: 0.8847619047619049 37
Communication round: 74, Smart Eavesdropper Accuracy: 0.8431818181818181 37 1
Communication round: 75, Aggregated Accuracies: 0.8889285714285714 38
Communication round: 75, Smart Eavesdropper Accuracy: 0.9204545454545454 38 1
Communication round: 76, Aggregated Accuracies: 0.8944047619047618 39
Communication round: 76, Eavesdropper Accuracy: 0.8954545454545455 39 1
Communication round: 77, Aggregated Accuracies: 0.8964285714285714 40
Communication round: 77, Eavesdropper Accuracy: 0.9272727272727272 40 1
Communication round: 78, Aggregated Accuracies: 0.903452380952381 41
Communication round: 78, Eavesdropper Accuracy: 0.8954545454545455 41 1
Communication round: 79, Eavesdropper Accuracy: 0.8954545454545455 41 0
Communication round: 80, Aggregated Accuracies: 0.9060714285714286 42
Communication round: 80, Eavesdropper Accuracy: 0.8977272727272727 42 1
Communication round: 81, Aggregated Accuracies: 0.9088095238095238 43
Communication round: 81, Eavesdropper Accuracy: 0.9227272727272727 43 1
Communication round: 82, Eavesdropper Accuracy: 0.9272727272727272 43 0
Communication round: 83, Aggregated Accuracies: 0.9155952380952381 44
Communication round: 83, Eavesdropper Accuracy: 0.9022727272727272 44 1
Communication round: 84, Eavesdropper Accuracy: 0.9227272727272727 44 0
Communication round: 85, Aggregated Accuracies: 0.9167857142857141 45
Communication round: 85, Eavesdropper Accuracy: 0.9295454545454546 45 1
Communication round: 86, Eavesdropper Accuracy: 0.9181818181818182 45 0
Communication round: 87, Eavesdropper Accuracy: 0.9272727272727272 45 0
Communication round: 88, Eavesdropper Accuracy: 0.9318181818181818 45 0
Communication round: 89, Smart Eavesdropper Accuracy: 0.8886363636363637 45 0
Communication round: 90, Smart Eavesdropper Accuracy: 0.8795454545454545 45 0
Communication round: 91, Smart Eavesdropper Accuracy: 0.884090909090909 45 0
Communication round: 92, Smart Eavesdropper Accuracy: 0.925 45 0
Communication round: 93, Smart Eavesdropper Accuracy: 0.9181818181818182 45 0
Communication round: 94, Smart Eavesdropper Accuracy: 0.9272727272727272 45 0
Communication round: 95, Smart Eavesdropper Accuracy: 0.9204545454545454 45 0
Communication round: 96, Smart Eavesdropper Accuracy: 0.8931818181818182 45 0
Communication round: 97, Smart Eavesdropper Accuracy: 0.925 45 0
Communication round: 98, Smart Eavesdropper Accuracy: 0.9318181818181818 45 0
Communication round: 99, Smart Eavesdropper Accuracy: 0.9272727272727272 45 0
----------------------------------------------------------------------------------------------------
----------------------------------------------------------------------------------------------------
20_30_100_0.4_5_0.9_False_
----------------------------------------------------------------------------------------------------
Communication round: 0, Eavesdropper Accuracy: 0.10454545454545454 1 1
Communication round: 1, Smart Eavesdropper Accuracy: 0.3 1 0
Communication round: 2, Smart Eavesdropper Accuracy: 0.41818181818181815 1 0
Communication round: 3, Smart Eavesdropper Accuracy: 0.47045454545454546 2 1
Communication round: 4, Eavesdropper Accuracy: 0.09772727272727273 3 1
Communication round: 5, Aggregated Accuracies: 0.12464285714285714 4
Communication round: 5, Eavesdropper Accuracy: 0.1431818181818182 4 1
Communication round: 6, Eavesdropper Accuracy: 0.12954545454545455 5 1
Communication round: 7, Aggregated Accuracies: 0.1772619047619048 6
Communication round: 7, Eavesdropper Accuracy: 0.17954545454545454 6 1
Communication round: 8, Eavesdropper Accuracy: 0.2 7 1
Communication round: 9, Eavesdropper Accuracy: 0.1590909090909091 7 0
Communication round: 10, Eavesdropper Accuracy: 0.19545454545454546 8 1
Communication round: 11, Aggregated Accuracies: 0.2521428571428571 9
Communication round: 11, Eavesdropper Accuracy: 0.29318181818181815 9 1
Communication round: 12, Eavesdropper Accuracy: 0.2863636363636364 9 0
Communication round: 13, Eavesdropper Accuracy: 0.25681818181818183 10 1
Communication round: 14, Eavesdropper Accuracy: 0.2772727272727273 10 0
Communication round: 15, Eavesdropper Accuracy: 0.325 11 1
Communication round: 16, Eavesdropper Accuracy: 0.2818181818181818 11 0
Communication round: 17, Aggregated Accuracies: 0.361547619047619 12
Communication round: 17, Eavesdropper Accuracy: 0.42954545454545456 12 1
Communication round: 18, Eavesdropper Accuracy: 0.4340909090909091 12 0
Communication round: 19, Eavesdropper Accuracy: 0.4022727272727273 13 1
Communication round: 20, Eavesdropper Accuracy: 0.4113636363636364 14 1
Communication round: 21, Eavesdropper Accuracy: 0.45 14 0
Communication round: 22, Eavesdropper Accuracy: 0.43863636363636366 14 0
Communication round: 23, Eavesdropper Accuracy: 0.41363636363636364 14 0
Communication round: 24, Aggregated Accuracies: 0.46119047619047626 15
Communication round: 24, Eavesdropper Accuracy: 0.5454545454545454 15 1
Communication round: 25, Eavesdropper Accuracy: 0.48863636363636365 15 0
Communication round: 26, Eavesdropper Accuracy: 0.5045454545454545 15 0
Communication round: 27, Eavesdropper Accuracy: 0.49772727272727274 15 0
Communication round: 28, Eavesdropper Accuracy: 0.4909090909090909 15 0
Communication round: 29, Eavesdropper Accuracy: 0.5272727272727272 16 1
Communication round: 30, Eavesdropper Accuracy: 0.5022727272727273 16 0
Communication round: 31, Smart Eavesdropper Accuracy: 0.38636363636363635 16 0
Communication round: 32, Eavesdropper Accuracy: 0.46136363636363636 17 1
Communication round: 33, Eavesdropper Accuracy: 0.5363636363636364 18 1
Communication round: 34, Eavesdropper Accuracy: 0.5227272727272727 19 1
Communication round: 35, Aggregated Accuracies: 0.5408333333333334 20
Communication round: 35, Eavesdropper Accuracy: 0.6295454545454545 20 1
Communication round: 36, Eavesdropper Accuracy: 0.6022727272727273 21 1
Communication round: 37, Eavesdropper Accuracy: 0.575 21 0
Communication round: 38, Aggregated Accuracies: 0.5986904761904761 22
Communication round: 38, Eavesdropper Accuracy: 0.6454545454545455 22 1
Communication round: 39, Eavesdropper Accuracy: 0.6409090909090909 22 0
Communication round: 40, Eavesdropper Accuracy: 0.6068181818181818 23 1
Communication round: 41, Eavesdropper Accuracy: 0.6431818181818182 23 0
Communication round: 42, Eavesdropper Accuracy: 0.634090909090909 23 0
Communication round: 43, Eavesdropper Accuracy: 0.6454545454545455 23 0
Communication round: 44, Eavesdropper Accuracy: 0.6295454545454545 24 1
Communication round: 45, Eavesdropper Accuracy: 0.6409090909090909 24 0
Communication round: 46, Eavesdropper Accuracy: 0.6454545454545455 24 0
Communication round: 47, Smart Eavesdropper Accuracy: 0.5318181818181819 24 0
Communication round: 48, Aggregated Accuracies: 0.6619047619047618 25
Communication round: 48, Eavesdropper Accuracy: 0.7113636363636363 25 1
Communication round: 49, Smart Eavesdropper Accuracy: 0.5727272727272728 25 0
Communication round: 50, Aggregated Accuracies: 0.7126190476190474 26
Communication round: 50, Eavesdropper Accuracy: 0.7295454545454545 26 1
Communication round: 51, Aggregated Accuracies: 0.7403571428571428 27
Communication round: 51, Eavesdropper Accuracy: 0.775 27 1
Communication round: 52, Eavesdropper Accuracy: 0.7704545454545455 28 1
Communication round: 53, Eavesdropper Accuracy: 0.7772727272727272 28 0
Communication round: 54, Eavesdropper Accuracy: 0.7727272727272727 28 0
Communication round: 55, Smart Eavesdropper Accuracy: 0.6272727272727273 28 0
Communication round: 56, Eavesdropper Accuracy: 0.7704545454545455 29 1
Communication round: 57, Aggregated Accuracies: 0.7663095238095237 30
Communication round: 57, Eavesdropper Accuracy: 0.7931818181818182 30 1
Communication round: 58, Aggregated Accuracies: 0.7920238095238097 31
Communication round: 58, Eavesdropper Accuracy: 0.7977272727272727 31 1
Communication round: 59, Aggregated Accuracies: 0.8147619047619049 32
Communication round: 59, Eavesdropper Accuracy: 0.8090909090909091 32 1
Communication round: 60, Eavesdropper Accuracy: 0.8386363636363636 32 0
Communication round: 61, Eavesdropper Accuracy: 0.8181818181818182 32 0
Communication round: 62, Eavesdropper Accuracy: 0.8613636363636363 32 0
Communication round: 63, Smart Eavesdropper Accuracy: 0.7204545454545455 32 0
Communication round: 64, Smart Eavesdropper Accuracy: 0.7886363636363637 32 0
Communication round: 65, Smart Eavesdropper Accuracy: 0.8386363636363636 32 0
Communication round: 66, Aggregated Accuracies: 0.8182142857142857 33
Communication round: 66, Smart Eavesdropper Accuracy: 0.8590909090909091 33 1
Communication round: 67, Smart Eavesdropper Accuracy: 0.8772727272727273 33 0
Communication round: 68, Smart Eavesdropper Accuracy: 0.875 33 0
Communication round: 69, Smart Eavesdropper Accuracy: 0.8613636363636363 33 0
Communication round: 70, Smart Eavesdropper Accuracy: 0.8931818181818182 33 0
Communication round: 71, Aggregated Accuracies: 0.8330952380952382 34
Communication round: 71, Smart Eavesdropper Accuracy: 0.884090909090909 34 1
Communication round: 72, Aggregated Accuracies: 0.8430952380952382 35
Communication round: 72, Smart Eavesdropper Accuracy: 0.9204545454545454 35 1
Communication round: 73, Aggregated Accuracies: 0.8564285714285716 36
Communication round: 73, Smart Eavesdropper Accuracy: 0.8795454545454545 36 1
Communication round: 74, Smart Eavesdropper Accuracy: 0.925 37 1
Communication round: 75, Aggregated Accuracies: 0.8654761904761905 38
Communication round: 75, Smart Eavesdropper Accuracy: 0.8886363636363637 38 1
Communication round: 76, Aggregated Accuracies: 0.8741666666666668 39
Communication round: 76, Eavesdropper Accuracy: 0.8931818181818182 39 1
Communication round: 77, Aggregated Accuracies: 0.8752380952380954 40
Communication round: 77, Eavesdropper Accuracy: 0.8909090909090909 40 1
Communication round: 78, Aggregated Accuracies: 0.8825000000000001 41
Communication round: 78, Eavesdropper Accuracy: 0.9272727272727272 41 1
Communication round: 79, Eavesdropper Accuracy: 0.8909090909090909 42 1
Communication round: 80, Eavesdropper Accuracy: 0.8818181818181818 42 0
Communication round: 81, Aggregated Accuracies: 0.8927380952380954 43
Communication round: 81, Eavesdropper Accuracy: 0.9295454545454546 43 1
Communication round: 82, Aggregated Accuracies: 0.8914285714285715 44
Communication round: 82, Eavesdropper Accuracy: 0.9181818181818182 44 1
Communication round: 83, Aggregated Accuracies: 0.8979761904761906 45
Communication round: 83, Eavesdropper Accuracy: 0.9227272727272727 45 1
Communication round: 84, Aggregated Accuracies: 0.9028571428571428 46
Communication round: 84, Eavesdropper Accuracy: 0.9340909090909091 46 1
Communication round: 85, Aggregated Accuracies: 0.9088095238095237 47
Communication round: 85, Eavesdropper Accuracy: 0.9318181818181818 47 1
Communication round: 86, Aggregated Accuracies: 0.9151190476190475 48
Communication round: 86, Eavesdropper Accuracy: 0.9522727272727273 48 1
Communication round: 87, Eavesdropper Accuracy: 0.9272727272727272 48 0
Communication round: 88, Eavesdropper Accuracy: 0.9227272727272727 48 0
Communication round: 89, Eavesdropper Accuracy: 0.9068181818181819 48 0
Communication round: 90, Eavesdropper Accuracy: 0.9318181818181818 48 0
Communication round: 91, Eavesdropper Accuracy: 0.9340909090909091 48 0
Communication round: 92, Eavesdropper Accuracy: 0.9227272727272727 48 0
Communication round: 93, Eavesdropper Accuracy: 0.9363636363636364 48 0
Communication round: 94, Eavesdropper Accuracy: 0.9068181818181819 48 0
Communication round: 95, Smart Eavesdropper Accuracy: 0.9181818181818182 48 0
Communication round: 96, Smart Eavesdropper Accuracy: 0.9113636363636364 48 0
Communication round: 97, Smart Eavesdropper Accuracy: 0.9022727272727272 48 0
Communication round: 98, Smart Eavesdropper Accuracy: 0.925 48 0
Communication round: 99, Smart Eavesdropper Accuracy: 0.9181818181818182 48 0
----------------------------------------------------------------------------------------------------
----------------------------------------------------------------------------------------------------
20_30_100_0.4_5_0.9_False_
----------------------------------------------------------------------------------------------------
Communication round: 0, Smart Eavesdropper Accuracy: 0.32727272727272727 0 0
Communication round: 1, Smart Eavesdropper Accuracy: 0.45454545454545453 0 0
Communication round: 2, Smart Eavesdropper Accuracy: 0.4909090909090909 0 0
Communication round: 3, Smart Eavesdropper Accuracy: 0.5704545454545454 0 0
Communication round: 4, Smart Eavesdropper Accuracy: 0.6545454545454545 0 0
Communication round: 5, Smart Eavesdropper Accuracy: 0.6363636363636364 0 0
Communication round: 6, Aggregated Accuracies: 0.17273809523809525 1
Communication round: 6, Smart Eavesdropper Accuracy: 0.675 1 1
Communication round: 7, Aggregated Accuracies: 0.2547619047619048 2
Communication round: 7, Smart Eavesdropper Accuracy: 0.7545454545454545 2 1
Communication round: 8, Aggregated Accuracies: 0.4128571428571429 3
Communication round: 8, Smart Eavesdropper Accuracy: 0.7522727272727273 3 1
Communication round: 9, Smart Eavesdropper Accuracy: 0.8045454545454546 3 0
Communication round: 10, Smart Eavesdropper Accuracy: 0.8204545454545454 3 0
Communication round: 11, Smart Eavesdropper Accuracy: 0.8340909090909091 3 0
Communication round: 12, Smart Eavesdropper Accuracy: 0.8045454545454546 3 0
Communication round: 13, Aggregated Accuracies: 0.5244047619047619 4
Communication round: 13, Smart Eavesdropper Accuracy: 0.8159090909090909 4 1
Communication round: 14, Aggregated Accuracies: 0.621547619047619 5
Communication round: 14, Smart Eavesdropper Accuracy: 0.8090909090909091 5 1
Communication round: 15, Aggregated Accuracies: 0.6971428571428573 6
Communication round: 15, Smart Eavesdropper Accuracy: 0.8522727272727273 6 1
Communication round: 16, Aggregated Accuracies: 0.7445238095238094 7
Communication round: 16, Smart Eavesdropper Accuracy: 0.8318181818181818 7 1
Communication round: 17, Smart Eavesdropper Accuracy: 0.8363636363636363 8 1
Communication round: 18, Smart Eavesdropper Accuracy: 0.8704545454545455 8 0
Communication round: 19, Smart Eavesdropper Accuracy: 0.8704545454545455 8 0
Communication round: 20, Smart Eavesdropper Accuracy: 0.884090909090909 8 0
Communication round: 21, Aggregated Accuracies: 0.7814285714285715 9
Communication round: 21, Smart Eavesdropper Accuracy: 0.8227272727272728 9 1
Communication round: 22, Smart Eavesdropper Accuracy: 0.875 9 0
Communication round: 23, Smart Eavesdropper Accuracy: 0.9090909090909091 9 0
Communication round: 24, Smart Eavesdropper Accuracy: 0.9 9 0
Communication round: 25, Aggregated Accuracies: 0.8185714285714287 10
Communication round: 25, Smart Eavesdropper Accuracy: 0.9022727272727272 10 1
Communication round: 26, Aggregated Accuracies: 0.8400000000000002 11
Communication round: 26, Smart Eavesdropper Accuracy: 0.9181818181818182 11 1
Communication round: 27, Smart Eavesdropper Accuracy: 0.9227272727272727 11 0
Communication round: 28, Aggregated Accuracies: 0.85 12
Communication round: 28, Smart Eavesdropper Accuracy: 0.8909090909090909 12 1
Communication round: 29, Aggregated Accuracies: 0.8716666666666667 13
Communication round: 29, Smart Eavesdropper Accuracy: 0.9090909090909091 13 1
Communication round: 30, Smart Eavesdropper Accuracy: 0.9204545454545454 13 0
Communication round: 31, Smart Eavesdropper Accuracy: 0.925 13 0
Communication round: 32, Aggregated Accuracies: 0.8767857142857143 14
Communication round: 32, Smart Eavesdropper Accuracy: 0.8681818181818182 14 1
Communication round: 33, Smart Eavesdropper Accuracy: 0.9272727272727272 14 0
Communication round: 34, Aggregated Accuracies: 0.8823809523809523 15
Communication round: 34, Smart Eavesdropper Accuracy: 0.9068181818181819 15 1
Communication round: 35, Aggregated Accuracies: 0.8835714285714286 16
Communication round: 35, Smart Eavesdropper Accuracy: 0.9022727272727272 16 1
Communication round: 36, Aggregated Accuracies: 0.8932142857142858 17
Communication round: 36, Smart Eavesdropper Accuracy: 0.9318181818181818 17 1
Communication round: 37, Smart Eavesdropper Accuracy: 0.9272727272727272 17 0
Communication round: 38, Aggregated Accuracies: 0.9027380952380952 18
Communication round: 38, Smart Eavesdropper Accuracy: 0.9159090909090909 18 1
Communication round: 39, Smart Eavesdropper Accuracy: 0.9204545454545454 18 0
Communication round: 40, Aggregated Accuracies: 0.9063095238095237 19
Communication round: 40, Smart Eavesdropper Accuracy: 0.8886363636363637 19 1
Communication round: 41, Smart Eavesdropper Accuracy: 0.9090909090909091 19 0
Communication round: 42, Smart Eavesdropper Accuracy: 0.9204545454545454 19 0
Communication round: 43, Smart Eavesdropper Accuracy: 0.8772727272727273 19 0
Communication round: 44, Smart Eavesdropper Accuracy: 0.9113636363636364 19 0
Communication round: 45, Smart Eavesdropper Accuracy: 0.9022727272727272 19 0
Communication round: 46, Smart Eavesdropper Accuracy: 0.8818181818181818 19 0
Communication round: 47, Smart Eavesdropper Accuracy: 0.925 19 0
Communication round: 48, Smart Eavesdropper Accuracy: 0.9113636363636364 19 0
Communication round: 49, Smart Eavesdropper Accuracy: 0.9181818181818182 19 0
Communication round: 50, Smart Eavesdropper Accuracy: 0.9568181818181818 19 0
Communication round: 51, Smart Eavesdropper Accuracy: 0.9318181818181818 19 0
Communication round: 52, Smart Eavesdropper Accuracy: 0.9136363636363637 19 0
Communication round: 53, Smart Eavesdropper Accuracy: 0.9272727272727272 19 0
Communication round: 54, Smart Eavesdropper Accuracy: 0.9227272727272727 19 0
Communication round: 55, Smart Eavesdropper Accuracy: 0.9204545454545454 19 0
Communication round: 56, Smart Eavesdropper Accuracy: 0.9227272727272727 19 0
Communication round: 57, Aggregated Accuracies: 0.9122619047619047 20
Communication round: 57, Smart Eavesdropper Accuracy: 0.9363636363636364 20 1
Communication round: 58, Smart Eavesdropper Accuracy: 0.9204545454545454 20 0
Communication round: 59, Smart Eavesdropper Accuracy: 0.9613636363636363 20 0
Communication round: 60, Smart Eavesdropper Accuracy: 0.9318181818181818 20 0
Communication round: 61, Smart Eavesdropper Accuracy: 0.9340909090909091 20 0
Communication round: 62, Smart Eavesdropper Accuracy: 0.9090909090909091 20 0
Communication round: 63, Smart Eavesdropper Accuracy: 0.8931818181818182 20 0
Communication round: 64, Smart Eavesdropper Accuracy: 0.9454545454545454 20 0
Communication round: 65, Smart Eavesdropper Accuracy: 0.95 20 0
Communication round: 66, Smart Eavesdropper Accuracy: 0.925 20 0
Communication round: 67, Smart Eavesdropper Accuracy: 0.9272727272727272 20 0
Communication round: 68, Smart Eavesdropper Accuracy: 0.9318181818181818 20 0
Communication round: 69, Smart Eavesdropper Accuracy: 0.9340909090909091 20 0
Communication round: 70, Aggregated Accuracies: 0.9138095238095236 21
Communication round: 70, Smart Eavesdropper Accuracy: 0.9272727272727272 21 1
Communication round: 71, Smart Eavesdropper Accuracy: 0.9272727272727272 21 0
Communication round: 72, Aggregated Accuracies: 0.918690476190476 22
Communication round: 72, Smart Eavesdropper Accuracy: 0.9318181818181818 22 1
Communication round: 73, Smart Eavesdropper Accuracy: 0.9477272727272728 23 1
Communication round: 74, Smart Eavesdropper Accuracy: 0.9204545454545454 23 0
Communication round: 75, Smart Eavesdropper Accuracy: 0.9477272727272728 23 0
Communication round: 76, Aggregated Accuracies: 0.9203571428571428 24
Communication round: 76, Smart Eavesdropper Accuracy: 0.9590909090909091 24 1
Communication round: 77, Aggregated Accuracies: 0.9210714285714283 25
Communication round: 77, Smart Eavesdropper Accuracy: 0.9409090909090909 25 1
Communication round: 78, Smart Eavesdropper Accuracy: 0.9431818181818182 25 0
Communication round: 79, Smart Eavesdropper Accuracy: 0.9272727272727272 25 0
Communication round: 80, Aggregated Accuracies: 0.9263095238095238 26
Communication round: 80, Smart Eavesdropper Accuracy: 0.9318181818181818 26 1
Communication round: 81, Smart Eavesdropper Accuracy: 0.9340909090909091 26 0
Communication round: 82, Smart Eavesdropper Accuracy: 0.95 26 0
Communication round: 83, Smart Eavesdropper Accuracy: 0.9454545454545454 26 0
Communication round: 84, Smart Eavesdropper Accuracy: 0.9431818181818182 26 0
Communication round: 85, Smart Eavesdropper Accuracy: 0.9318181818181818 26 0
Communication round: 86, Smart Eavesdropper Accuracy: 0.9363636363636364 26 0
Communication round: 87, Smart Eavesdropper Accuracy: 0.9431818181818182 26 0
Communication round: 88, Aggregated Accuracies: 0.9271428571428573 27
Communication round: 88, Smart Eavesdropper Accuracy: 0.9227272727272727 27 1
Communication round: 89, Smart Eavesdropper Accuracy: 0.9454545454545454 27 0
Communication round: 90, Smart Eavesdropper Accuracy: 0.9227272727272727 27 0
Communication round: 91, Smart Eavesdropper Accuracy: 0.9295454545454546 27 0
Communication round: 92, Smart Eavesdropper Accuracy: 0.9363636363636364 27 0
Communication round: 93, Smart Eavesdropper Accuracy: 0.9136363636363637 27 0
Communication round: 94, Smart Eavesdropper Accuracy: 0.9159090909090909 27 0
Communication round: 95, Smart Eavesdropper Accuracy: 0.9068181818181819 27 0
Communication round: 96, Aggregated Accuracies: 0.9285714285714285 28
Communication round: 96, Smart Eavesdropper Accuracy: 0.9159090909090909 28 1
Communication round: 97, Smart Eavesdropper Accuracy: 0.9454545454545454 28 0
Communication round: 98, Aggregated Accuracies: 0.9328571428571427 29
Communication round: 98, Smart Eavesdropper Accuracy: 0.9227272727272727 29 1
Communication round: 99, Aggregated Accuracies: 0.9365476190476191 30
Communication round: 99, Smart Eavesdropper Accuracy: 0.8886363636363637 30 1
----------------------------------------------------------------------------------------------------
----------------------------------------------------------------------------------------------------
20_30_100_0.4_5_0.9_False_
----------------------------------------------------------------------------------------------------
Communication round: 0, Smart Eavesdropper Accuracy: 0.26590909090909093 0 0
Communication round: 1, Smart Eavesdropper Accuracy: 0.3704545454545455 1 1
Communication round: 2, Eavesdropper Accuracy: 0.05227272727272727 2 1
Communication round: 3, Smart Eavesdropper Accuracy: 0.19772727272727272 2 0
Communication round: 4, Smart Eavesdropper Accuracy: 0.36818181818181817 2 0
Communication round: 5, Aggregated Accuracies: 0.1095238095238095 3
Communication round: 5, Smart Eavesdropper Accuracy: 0.4636363636363636 3 1
Communication round: 6, Eavesdropper Accuracy: 0.08409090909090909 4 1
Communication round: 7, Smart Eavesdropper Accuracy: 0.2863636363636364 4 0
Communication round: 8, Smart Eavesdropper Accuracy: 0.37272727272727274 4 0
Communication round: 9, Smart Eavesdropper Accuracy: 0.45454545454545453 4 0
Communication round: 10, Smart Eavesdropper Accuracy: 0.5886363636363636 4 0
Communication round: 11, Smart Eavesdropper Accuracy: 0.6136363636363636 5 1
Communication round: 12, Aggregated Accuracies: 0.20785714285714282 6
Communication round: 12, Smart Eavesdropper Accuracy: 0.7318181818181818 6 1
Communication round: 13, Aggregated Accuracies: 0.3278571428571428 7
Communication round: 13, Smart Eavesdropper Accuracy: 0.7477272727272727 7 1
Communication round: 14, Aggregated Accuracies: 0.4666666666666666 8
Communication round: 14, Eavesdropper Accuracy: 0.4727272727272727 8 1
Communication round: 15, Aggregated Accuracies: 0.5934523809523811 9
Communication round: 15, Eavesdropper Accuracy: 0.6136363636363636 9 1
Communication round: 16, Eavesdropper Accuracy: 0.625 9 0
Communication round: 17, Smart Eavesdropper Accuracy: 0.4727272727272727 9 0
Communication round: 18, Smart Eavesdropper Accuracy: 0.6113636363636363 9 0
Communication round: 19, Aggregated Accuracies: 0.6597619047619047 10
Communication round: 19, Smart Eavesdropper Accuracy: 0.6795454545454546 10 1
Communication round: 20, Smart Eavesdropper Accuracy: 0.740909090909091 10 0
Communication round: 21, Aggregated Accuracies: 0.714047619047619 11
Communication round: 21, Smart Eavesdropper Accuracy: 0.7818181818181819 11 1
Communication round: 22, Aggregated Accuracies: 0.7467857142857142 12
Communication round: 22, Eavesdropper Accuracy: 0.8 12 1
Communication round: 23, Aggregated Accuracies: 0.7841666666666669 13
Communication round: 23, Eavesdropper Accuracy: 0.8 13 1
Communication round: 24, Aggregated Accuracies: 0.8026190476190477 14
Communication round: 24, Eavesdropper Accuracy: 0.8295454545454546 14 1
Communication round: 25, Aggregated Accuracies: 0.8213095238095238 15
Communication round: 25, Eavesdropper Accuracy: 0.8386363636363636 15 1
Communication round: 26, Aggregated Accuracies: 0.8413095238095238 16
Communication round: 26, Eavesdropper Accuracy: 0.865909090909091 16 1
Communication round: 27, Eavesdropper Accuracy: 0.8454545454545455 17 1
Communication round: 28, Eavesdropper Accuracy: 0.8613636363636363 18 1
Communication round: 29, Aggregated Accuracies: 0.8547619047619047 19
Communication round: 29, Eavesdropper Accuracy: 0.8431818181818181 19 1
Communication round: 30, Aggregated Accuracies: 0.8539285714285715 20
Communication round: 30, Eavesdropper Accuracy: 0.8704545454545455 20 1
Communication round: 31, Aggregated Accuracies: 0.8666666666666669 21
Communication round: 31, Eavesdropper Accuracy: 0.8795454545454545 21 1
Communication round: 32, Eavesdropper Accuracy: 0.8590909090909091 21 0
Communication round: 33, Aggregated Accuracies: 0.876309523809524 22
Communication round: 33, Eavesdropper Accuracy: 0.8931818181818182 22 1
Communication round: 34, Aggregated Accuracies: 0.8847619047619046 23
Communication round: 34, Eavesdropper Accuracy: 0.865909090909091 23 1
Communication round: 35, Eavesdropper Accuracy: 0.9022727272727272 23 0
Communication round: 36, Eavesdropper Accuracy: 0.8954545454545455 23 0
Communication round: 37, Eavesdropper Accuracy: 0.8863636363636364 23 0
Communication round: 38, Eavesdropper Accuracy: 0.8909090909090909 23 0
Communication round: 39, Aggregated Accuracies: 0.8908333333333334 24
Communication round: 39, Eavesdropper Accuracy: 0.9045454545454545 24 1
Communication round: 40, Eavesdropper Accuracy: 0.9045454545454545 24 0
Communication round: 41, Eavesdropper Accuracy: 0.9 24 0
Communication round: 42, Eavesdropper Accuracy: 0.9113636363636364 25 1
Communication round: 43, Eavesdropper Accuracy: 0.9068181818181819 25 0
Communication round: 44, Eavesdropper Accuracy: 0.8954545454545455 26 1
Communication round: 45, Aggregated Accuracies: 0.8970238095238097 27
Communication round: 45, Eavesdropper Accuracy: 0.9113636363636364 27 1
Communication round: 46, Aggregated Accuracies: 0.8955952380952381 28
Communication round: 46, Eavesdropper Accuracy: 0.8886363636363637 28 1
Communication round: 47, Aggregated Accuracies: 0.9030952380952382 29
Communication round: 47, Eavesdropper Accuracy: 0.9181818181818182 29 1
Communication round: 48, Aggregated Accuracies: 0.9086904761904762 30
Communication round: 48, Eavesdropper Accuracy: 0.9090909090909091 30 1
Communication round: 49, Aggregated Accuracies: 0.9092857142857141 31
Communication round: 49, Eavesdropper Accuracy: 0.9204545454545454 31 1
Communication round: 50, Aggregated Accuracies: 0.9148809523809522 32
Communication round: 50, Eavesdropper Accuracy: 0.9295454545454546 32 1
Communication round: 51, Aggregated Accuracies: 0.9173809523809524 33
Communication round: 51, Eavesdropper Accuracy: 0.9227272727272727 33 1
Communication round: 52, Aggregated Accuracies: 0.9210714285714285 34
Communication round: 52, Eavesdropper Accuracy: 0.9340909090909091 34 1
Communication round: 53, Aggregated Accuracies: 0.9245238095238093 35
Communication round: 53, Eavesdropper Accuracy: 0.9204545454545454 35 1
Communication round: 54, Aggregated Accuracies: 0.9274999999999999 36
Communication round: 54, Eavesdropper Accuracy: 0.9477272727272728 36 1
Communication round: 55, Aggregated Accuracies: 0.928095238095238 37
Communication round: 55, Eavesdropper Accuracy: 0.9340909090909091 37 1
Communication round: 56, Eavesdropper Accuracy: 0.9409090909090909 37 0
Communication round: 57, Eavesdropper Accuracy: 0.9477272727272728 37 0
Communication round: 58, Eavesdropper Accuracy: 0.9136363636363637 37 0
Communication round: 59, Eavesdropper Accuracy: 0.9431818181818182 37 0
Communication round: 60, Eavesdropper Accuracy: 0.925 37 0
Communication round: 61, Eavesdropper Accuracy: 0.9181818181818182 37 0
Communication round: 62, Eavesdropper Accuracy: 0.9431818181818182 37 0
Communication round: 63, Eavesdropper Accuracy: 0.9272727272727272 37 0
Communication round: 64, Eavesdropper Accuracy: 0.9181818181818182 37 0
Communication round: 65, Eavesdropper Accuracy: 0.9295454545454546 37 0
Communication round: 66, Eavesdropper Accuracy: 0.925 38 1
Communication round: 67, Eavesdropper Accuracy: 0.9340909090909091 38 0
Communication round: 68, Eavesdropper Accuracy: 0.9363636363636364 38 0
Communication round: 69, Eavesdropper Accuracy: 0.9340909090909091 38 0
Communication round: 70, Eavesdropper Accuracy: 0.9204545454545454 38 0
Communication round: 71, Eavesdropper Accuracy: 0.9431818181818182 38 0
Communication round: 72, Aggregated Accuracies: 0.9330952380952379 39
Communication round: 72, Eavesdropper Accuracy: 0.9477272727272728 39 1
Communication round: 73, Eavesdropper Accuracy: 0.9409090909090909 39 0
Communication round: 74, Eavesdropper Accuracy: 0.9363636363636364 39 0
Communication round: 75, Eavesdropper Accuracy: 0.9477272727272728 39 0
Communication round: 76, Eavesdropper Accuracy: 0.9340909090909091 39 0
Communication round: 77, Smart Eavesdropper Accuracy: 0.9409090909090909 39 0
Communication round: 78, Smart Eavesdropper Accuracy: 0.9022727272727272 39 0
Communication round: 79, Smart Eavesdropper Accuracy: 0.9227272727272727 39 0
Communication round: 80, Smart Eavesdropper Accuracy: 0.9363636363636364 39 0
Communication round: 81, Smart Eavesdropper Accuracy: 0.9272727272727272 39 0
Communication round: 82, Smart Eavesdropper Accuracy: 0.9340909090909091 39 0
Communication round: 83, Smart Eavesdropper Accuracy: 0.9181818181818182 39 0
Communication round: 84, Smart Eavesdropper Accuracy: 0.9318181818181818 39 0
Communication round: 85, Smart Eavesdropper Accuracy: 0.9181818181818182 39 0
Communication round: 86, Smart Eavesdropper Accuracy: 0.9386363636363636 39 0
Communication round: 87, Smart Eavesdropper Accuracy: 0.9340909090909091 39 0
Communication round: 88, Smart Eavesdropper Accuracy: 0.9318181818181818 39 0
Communication round: 89, Smart Eavesdropper Accuracy: 0.9272727272727272 39 0
Communication round: 90, Smart Eavesdropper Accuracy: 0.9295454545454546 39 0
Communication round: 91, Smart Eavesdropper Accuracy: 0.8909090909090909 39 0
Communication round: 92, Smart Eavesdropper Accuracy: 0.9295454545454546 39 0
Communication round: 93, Smart Eavesdropper Accuracy: 0.9386363636363636 39 0
Communication round: 94, Smart Eavesdropper Accuracy: 0.9431818181818182 39 0
Communication round: 95, Smart Eavesdropper Accuracy: 0.9431818181818182 39 0
Communication round: 96, Smart Eavesdropper Accuracy: 0.9522727272727273 39 0
Communication round: 97, Smart Eavesdropper Accuracy: 0.9613636363636363 39 0
Communication round: 98, Smart Eavesdropper Accuracy: 0.9318181818181818 39 0
Communication round: 99, Smart Eavesdropper Accuracy: 0.9386363636363636 39 0
----------------------------------------------------------------------------------------------------
----------------------------------------------------------------------------------------------------
20_30_100_0.4_5_0.9_False_
----------------------------------------------------------------------------------------------------
Communication round: 0, Smart Eavesdropper Accuracy: 0.3386363636363636 0 0
Communication round: 1, Aggregated Accuracies: 0.13726190476190478 1
Communication round: 1, Smart Eavesdropper Accuracy: 0.3704545454545455 1 1
Communication round: 2, Eavesdropper Accuracy: 0.1409090909090909 2 1
Communication round: 3, Eavesdropper Accuracy: 0.18636363636363637 3 1
Communication round: 4, Eavesdropper Accuracy: 0.15227272727272728 3 0
Communication round: 5, Aggregated Accuracies: 0.19749999999999998 4
Communication round: 5, Eavesdropper Accuracy: 0.22272727272727272 4 1
Communication round: 6, Eavesdropper Accuracy: 0.18181818181818182 5 1
Communication round: 7, Aggregated Accuracies: 0.3146428571428571 6
Communication round: 7, Eavesdropper Accuracy: 0.325 6 1
Communication round: 8, Eavesdropper Accuracy: 0.3522727272727273 6 0
Communication round: 9, Aggregated Accuracies: 0.43035714285714277 7
Communication round: 9, Eavesdropper Accuracy: 0.46136363636363636 7 1
Communication round: 10, Eavesdropper Accuracy: 0.4659090909090909 7 0
Communication round: 11, Aggregated Accuracies: 0.5464285714285715 8
Communication round: 11, Eavesdropper Accuracy: 0.6113636363636363 8 1
Communication round: 12, Aggregated Accuracies: 0.6392857142857143 9
Communication round: 12, Eavesdropper Accuracy: 0.7 9 1
Communication round: 13, Aggregated Accuracies: 0.6848809523809524 10
Communication round: 13, Eavesdropper Accuracy: 0.7204545454545455 10 1
Communication round: 14, Eavesdropper Accuracy: 0.7227272727272728 10 0
Communication round: 15, Aggregated Accuracies: 0.7220238095238093 11
Communication round: 15, Eavesdropper Accuracy: 0.7568181818181818 11 1
Communication round: 16, Aggregated Accuracies: 0.7727380952380952 12
Communication round: 16, Eavesdropper Accuracy: 0.775 12 1
Communication round: 17, Eavesdropper Accuracy: 0.7681818181818182 12 0
Communication round: 18, Aggregated Accuracies: 0.8014285714285714 13
Communication round: 18, Eavesdropper Accuracy: 0.7977272727272727 13 1
Communication round: 19, Aggregated Accuracies: 0.8185714285714287 14
Communication round: 19, Eavesdropper Accuracy: 0.8454545454545455 14 1
Communication round: 20, Aggregated Accuracies: 0.8339285714285714 15
Communication round: 20, Eavesdropper Accuracy: 0.8318181818181818 15 1
Communication round: 21, Aggregated Accuracies: 0.8526190476190475 16
Communication round: 21, Eavesdropper Accuracy: 0.8522727272727273 16 1
Communication round: 22, Eavesdropper Accuracy: 0.8568181818181818 16 0
Communication round: 23, Aggregated Accuracies: 0.8611904761904761 17
Communication round: 23, Eavesdropper Accuracy: 0.875 17 1
Communication round: 24, Eavesdropper Accuracy: 0.8613636363636363 17 0
Communication round: 25, Eavesdropper Accuracy: 0.875 17 0
Communication round: 26, Eavesdropper Accuracy: 0.8931818181818182 17 0
Communication round: 27, Eavesdropper Accuracy: 0.884090909090909 17 0
Communication round: 28, Eavesdropper Accuracy: 0.8977272727272727 17 0
Communication round: 29, Eavesdropper Accuracy: 0.8681818181818182 17 0
Communication round: 30, Eavesdropper Accuracy: 0.865909090909091 17 0
Communication round: 31, Eavesdropper Accuracy: 0.8818181818181818 17 0
Communication round: 32, Eavesdropper Accuracy: 0.8795454545454545 17 0
Communication round: 33, Smart Eavesdropper Accuracy: 0.7886363636363637 17 0
Communication round: 34, Smart Eavesdropper Accuracy: 0.8522727272727273 17 0
Communication round: 35, Smart Eavesdropper Accuracy: 0.85 17 0
Communication round: 36, Smart Eavesdropper Accuracy: 0.8045454545454546 17 0
Communication round: 37, Smart Eavesdropper Accuracy: 0.8568181818181818 17 0
Communication round: 38, Smart Eavesdropper Accuracy: 0.8931818181818182 17 0
Communication round: 39, Smart Eavesdropper Accuracy: 0.8931818181818182 17 0
Communication round: 40, Smart Eavesdropper Accuracy: 0.884090909090909 17 0
Communication round: 41, Smart Eavesdropper Accuracy: 0.9 17 0
Communication round: 42, Smart Eavesdropper Accuracy: 0.8977272727272727 17 0
Communication round: 43, Aggregated Accuracies: 0.8623809523809525 18
Communication round: 43, Smart Eavesdropper Accuracy: 0.9 18 1
Communication round: 44, Aggregated Accuracies: 0.8741666666666668 19
Communication round: 44, Smart Eavesdropper Accuracy: 0.884090909090909 19 1
Communication round: 45, Smart Eavesdropper Accuracy: 0.9090909090909091 19 0
Communication round: 46, Smart Eavesdropper Accuracy: 0.9 19 0
Communication round: 47, Smart Eavesdropper Accuracy: 0.8795454545454545 20 1
Communication round: 48, Aggregated Accuracies: 0.8857142857142858 21
Communication round: 48, Smart Eavesdropper Accuracy: 0.9090909090909091 21 1
Communication round: 49, Smart Eavesdropper Accuracy: 0.8863636363636364 21 0
Communication round: 50, Smart Eavesdropper Accuracy: 0.9204545454545454 21 0
Communication round: 51, Smart Eavesdropper Accuracy: 0.9090909090909091 21 0
Communication round: 52, Smart Eavesdropper Accuracy: 0.9181818181818182 21 0
Communication round: 53, Smart Eavesdropper Accuracy: 0.8954545454545455 21 0
Communication round: 54, Smart Eavesdropper Accuracy: 0.9136363636363637 21 0
Communication round: 55, Smart Eavesdropper Accuracy: 0.9363636363636364 21 0
Communication round: 56, Smart Eavesdropper Accuracy: 0.9340909090909091 21 0
Communication round: 57, Smart Eavesdropper Accuracy: 0.9340909090909091 21 0
Communication round: 58, Smart Eavesdropper Accuracy: 0.9136363636363637 21 0
Communication round: 59, Smart Eavesdropper Accuracy: 0.9136363636363637 21 0
Communication round: 60, Smart Eavesdropper Accuracy: 0.9363636363636364 21 0
Communication round: 61, Smart Eavesdropper Accuracy: 0.9386363636363636 21 0
Communication round: 62, Smart Eavesdropper Accuracy: 0.9454545454545454 21 0
Communication round: 63, Smart Eavesdropper Accuracy: 0.9227272727272727 21 0
Communication round: 64, Smart Eavesdropper Accuracy: 0.9318181818181818 21 0
Communication round: 65, Smart Eavesdropper Accuracy: 0.9295454545454546 21 0
Communication round: 66, Smart Eavesdropper Accuracy: 0.9227272727272727 21 0
Communication round: 67, Smart Eavesdropper Accuracy: 0.9340909090909091 21 0
Communication round: 68, Aggregated Accuracies: 0.893690476190476 22
Communication round: 68, Smart Eavesdropper Accuracy: 0.9454545454545454 22 1
Communication round: 69, Smart Eavesdropper Accuracy: 0.9318181818181818 23 1
Communication round: 70, Aggregated Accuracies: 0.8989285714285712 24
Communication round: 70, Smart Eavesdropper Accuracy: 0.9 24 1
Communication round: 71, Aggregated Accuracies: 0.8970238095238094 25
Communication round: 71, Smart Eavesdropper Accuracy: 0.9431818181818182 25 1
Communication round: 72, Aggregated Accuracies: 0.9011904761904761 26
Communication round: 72, Smart Eavesdropper Accuracy: 0.9363636363636364 26 1
Communication round: 73, Aggregated Accuracies: 0.9113095238095237 27
Communication round: 73, Smart Eavesdropper Accuracy: 0.9113636363636364 27 1
Communication round: 74, Aggregated Accuracies: 0.9120238095238096 28
Communication round: 74, Smart Eavesdropper Accuracy: 0.9227272727272727 28 1
Communication round: 75, Aggregated Accuracies: 0.9133333333333333 29
Communication round: 75, Smart Eavesdropper Accuracy: 0.9363636363636364 29 1
Communication round: 76, Smart Eavesdropper Accuracy: 0.9340909090909091 30 1
Communication round: 77, Smart Eavesdropper Accuracy: 0.925 30 0
Communication round: 78, Smart Eavesdropper Accuracy: 0.9522727272727273 30 0
Communication round: 79, Smart Eavesdropper Accuracy: 0.9272727272727272 30 0
Communication round: 80, Smart Eavesdropper Accuracy: 0.9295454545454546 30 0
Communication round: 81, Smart Eavesdropper Accuracy: 0.9454545454545454 30 0
Communication round: 82, Smart Eavesdropper Accuracy: 0.9386363636363636 30 0
Communication round: 83, Aggregated Accuracies: 0.918690476190476 31
Communication round: 83, Smart Eavesdropper Accuracy: 0.9181818181818182 31 1
Communication round: 84, Aggregated Accuracies: 0.9238095238095237 32
Communication round: 84, Smart Eavesdropper Accuracy: 0.9409090909090909 32 1
Communication round: 85, Smart Eavesdropper Accuracy: 0.9204545454545454 33 1
Communication round: 86, Aggregated Accuracies: 0.9257142857142856 34
Communication round: 86, Smart Eavesdropper Accuracy: 0.9386363636363636 34 1
Communication round: 87, Smart Eavesdropper Accuracy: 0.9568181818181818 34 0
Communication round: 88, Smart Eavesdropper Accuracy: 0.95 34 0
Communication round: 89, Smart Eavesdropper Accuracy: 0.9477272727272728 34 0
Communication round: 90, Smart Eavesdropper Accuracy: 0.95 34 0
Communication round: 91, Smart Eavesdropper Accuracy: 0.9545454545454546 34 0
Communication round: 92, Smart Eavesdropper Accuracy: 0.9409090909090909 34 0
Communication round: 93, Smart Eavesdropper Accuracy: 0.9386363636363636 34 0
Communication round: 94, Smart Eavesdropper Accuracy: 0.9295454545454546 34 0
Communication round: 95, Smart Eavesdropper Accuracy: 0.9409090909090909 34 0
Communication round: 96, Smart Eavesdropper Accuracy: 0.9340909090909091 34 0
Communication round: 97, Aggregated Accuracies: 0.9263095238095238 35
Communication round: 97, Smart Eavesdropper Accuracy: 0.9568181818181818 35 1
Communication round: 98, Aggregated Accuracies: 0.9280952380952379 36
Communication round: 98, Smart Eavesdropper Accuracy: 0.9477272727272728 36 1
Communication round: 99, Smart Eavesdropper Accuracy: 0.95 36 0
----------------------------------------------------------------------------------------------------
