----------------------------------------------------------------------------------------------------
50_30_100_0.1_5_0.99_False_
----------------------------------------------------------------------------------------------------
Communication round: 0, Eavesdropper Accuracy: 0.09545454545454546 1 1
Communication round: 1, Smart Eavesdropper Accuracy: 0.10227272727272728 1 0
Communication round: 2, Smart Eavesdropper Accuracy: 0.15454545454545454 1 0
Communication round: 3, Smart Eavesdropper Accuracy: 0.17954545454545454 2 1
Communication round: 4, Aggregated Accuracies: 0.13714285714285715 3
Communication round: 4, Eavesdropper Accuracy: 0.15454545454545454 3 1
Communication round: 5, Eavesdropper Accuracy: 0.14772727272727273 4 1
Communication round: 6, Eavesdropper Accuracy: 0.1318181818181818 5 1
Communication round: 7, Eavesdropper Accuracy: 0.1340909090909091 6 1
Communication round: 8, Eavesdropper Accuracy: 0.13863636363636364 7 1
Communication round: 9, Eavesdropper Accuracy: 0.15227272727272728 8 1
Communication round: 10, Aggregated Accuracies: 0.16119047619047622 9
Communication round: 10, Eavesdropper Accuracy: 0.14545454545454545 9 1
Communication round: 11, Eavesdropper Accuracy: 0.18409090909090908 10 1
Communication round: 12, Eavesdropper Accuracy: 0.175 11 1
Communication round: 13, Aggregated Accuracies: 0.2055952380952381 12
Communication round: 13, Eavesdropper Accuracy: 0.24772727272727274 12 1
Communication round: 14, Eavesdropper Accuracy: 0.2431818181818182 13 1
Communication round: 15, Eavesdropper Accuracy: 0.22954545454545455 13 0
Communication round: 16, Eavesdropper Accuracy: 0.24772727272727274 14 1
Communication round: 17, Eavesdropper Accuracy: 0.22727272727272727 14 0
Communication round: 18, Eavesdropper Accuracy: 0.21363636363636362 14 0
Communication round: 19, Eavesdropper Accuracy: 0.25 15 1
Communication round: 20, Eavesdropper Accuracy: 0.2545454545454545 15 0
Communication round: 21, Eavesdropper Accuracy: 0.225 15 0
Communication round: 22, Eavesdropper Accuracy: 0.2159090909090909 16 1
Communication round: 23, Eavesdropper Accuracy: 0.23863636363636365 16 0
Communication round: 24, Eavesdropper Accuracy: 0.225 17 1
Communication round: 25, Aggregated Accuracies: 0.2207142857142858 18
Communication round: 25, Eavesdropper Accuracy: 0.2818181818181818 18 1
Communication round: 26, Aggregated Accuracies: 0.2848809523809524 19
Communication round: 26, Eavesdropper Accuracy: 0.3386363636363636 19 1
Communication round: 27, Aggregated Accuracies: 0.33345238095238094 20
Communication round: 27, Eavesdropper Accuracy: 0.3704545454545455 20 1
Communication round: 28, Aggregated Accuracies: 0.3790476190476191 21
Communication round: 28, Eavesdropper Accuracy: 0.40454545454545454 21 1
Communication round: 29, Aggregated Accuracies: 0.43416666666666665 22
Communication round: 29, Eavesdropper Accuracy: 0.49318181818181817 22 1
Communication round: 30, Aggregated Accuracies: 0.4850000000000001 23
Communication round: 30, Eavesdropper Accuracy: 0.5204545454545455 23 1
Communication round: 31, Aggregated Accuracies: 0.5319047619047618 24
Communication round: 31, Eavesdropper Accuracy: 0.5545454545454546 24 1
Communication round: 32, Eavesdropper Accuracy: 0.5522727272727272 24 0
Communication round: 33, Eavesdropper Accuracy: 0.5454545454545454 24 0
Communication round: 34, Eavesdropper Accuracy: 0.5545454545454546 24 0
Communication round: 35, Eavesdropper Accuracy: 0.5181818181818182 24 0
Communication round: 36, Eavesdropper Accuracy: 0.5431818181818182 25 1
Communication round: 37, Eavesdropper Accuracy: 0.5613636363636364 26 1
Communication round: 38, Aggregated Accuracies: 0.5769047619047619 27
Communication round: 38, Eavesdropper Accuracy: 0.5977272727272728 27 1
Communication round: 39, Eavesdropper Accuracy: 0.5818181818181818 27 0
Communication round: 40, Eavesdropper Accuracy: 0.5977272727272728 27 0
Communication round: 41, Eavesdropper Accuracy: 0.6022727272727273 27 0
Communication round: 42, Eavesdropper Accuracy: 0.5795454545454546 28 1
Communication round: 43, Eavesdropper Accuracy: 0.5840909090909091 29 1
Communication round: 44, Eavesdropper Accuracy: 0.5681818181818182 30 1
Communication round: 45, Eavesdropper Accuracy: 0.615909090909091 31 1
Communication round: 46, Aggregated Accuracies: 0.5979761904761907 32
Communication round: 46, Eavesdropper Accuracy: 0.6090909090909091 32 1
Communication round: 47, Eavesdropper Accuracy: 0.6136363636363636 32 0
Communication round: 48, Eavesdropper Accuracy: 0.6136363636363636 32 0
Communication round: 49, Eavesdropper Accuracy: 0.6022727272727273 32 0
Communication round: 50, Eavesdropper Accuracy: 0.5818181818181818 32 0
Communication round: 51, Aggregated Accuracies: 0.619404761904762 33
Communication round: 51, Eavesdropper Accuracy: 0.6227272727272727 33 1
Communication round: 52, Eavesdropper Accuracy: 0.6272727272727273 33 0
Communication round: 53, Eavesdropper Accuracy: 0.5931818181818181 33 0
Communication round: 54, Eavesdropper Accuracy: 0.5886363636363636 33 0
Communication round: 55, Eavesdropper Accuracy: 0.6454545454545455 34 1
Communication round: 56, Eavesdropper Accuracy: 0.6068181818181818 34 0
Communication round: 57, Eavesdropper Accuracy: 0.6204545454545455 34 0
Communication round: 58, Eavesdropper Accuracy: 0.634090909090909 34 0
Communication round: 59, Eavesdropper Accuracy: 0.6704545454545454 34 0
Communication round: 60, Eavesdropper Accuracy: 0.6181818181818182 34 0
Communication round: 61, Eavesdropper Accuracy: 0.6045454545454545 35 1
Communication round: 62, Eavesdropper Accuracy: 0.6295454545454545 35 0
Communication round: 63, Eavesdropper Accuracy: 0.6227272727272727 35 0
Communication round: 64, Eavesdropper Accuracy: 0.6090909090909091 35 0
Communication round: 65, Eavesdropper Accuracy: 0.6363636363636364 35 0
Communication round: 66, Eavesdropper Accuracy: 0.6318181818181818 35 0
Communication round: 67, Eavesdropper Accuracy: 0.6272727272727273 35 0
Communication round: 68, Eavesdropper Accuracy: 0.6386363636363637 35 0
Communication round: 69, Smart Eavesdropper Accuracy: 0.4090909090909091 35 0
Communication round: 70, Smart Eavesdropper Accuracy: 0.375 35 0
Communication round: 71, Smart Eavesdropper Accuracy: 0.3886363636363636 35 0
Communication round: 72, Smart Eavesdropper Accuracy: 0.3886363636363636 35 0
Communication round: 73, Smart Eavesdropper Accuracy: 0.45227272727272727 35 0
Communication round: 74, Smart Eavesdropper Accuracy: 0.425 35 0
Communication round: 75, Smart Eavesdropper Accuracy: 0.4068181818181818 35 0
Communication round: 76, Smart Eavesdropper Accuracy: 0.4431818181818182 35 0
Communication round: 77, Smart Eavesdropper Accuracy: 0.40454545454545454 35 0
Communication round: 78, Smart Eavesdropper Accuracy: 0.42954545454545456 35 0
Communication round: 79, Smart Eavesdropper Accuracy: 0.3977272727272727 35 0
Communication round: 80, Smart Eavesdropper Accuracy: 0.42954545454545456 35 0
Communication round: 81, Smart Eavesdropper Accuracy: 0.42727272727272725 35 0
Communication round: 82, Smart Eavesdropper Accuracy: 0.42954545454545456 35 0
Communication round: 83, Aggregated Accuracies: 0.6467857142857142 36
Communication round: 83, Smart Eavesdropper Accuracy: 0.45227272727272727 36 1
Communication round: 84, Smart Eavesdropper Accuracy: 0.43636363636363634 36 0
Communication round: 85, Smart Eavesdropper Accuracy: 0.44772727272727275 36 0
Communication round: 86, Smart Eavesdropper Accuracy: 0.425 36 0
Communication round: 87, Smart Eavesdropper Accuracy: 0.44545454545454544 36 0
Communication round: 88, Smart Eavesdropper Accuracy: 0.43863636363636366 36 0
Communication round: 89, Smart Eavesdropper Accuracy: 0.4431818181818182 36 0
Communication round: 90, Smart Eavesdropper Accuracy: 0.4409090909090909 36 0
Communication round: 91, Smart Eavesdropper Accuracy: 0.4590909090909091 36 0
Communication round: 92, Smart Eavesdropper Accuracy: 0.475 36 0
Communication round: 93, Smart Eavesdropper Accuracy: 0.4431818181818182 36 0
Communication round: 94, Smart Eavesdropper Accuracy: 0.4636363636363636 36 0
Communication round: 95, Smart Eavesdropper Accuracy: 0.45227272727272727 36 0
Communication round: 96, Smart Eavesdropper Accuracy: 0.4659090909090909 36 0
Communication round: 97, Smart Eavesdropper Accuracy: 0.4590909090909091 36 0
Communication round: 98, Smart Eavesdropper Accuracy: 0.45681818181818185 36 0
Communication round: 99, Smart Eavesdropper Accuracy: 0.4431818181818182 36 0
----------------------------------------------------------------------------------------------------
----------------------------------------------------------------------------------------------------
50_30_100_0.1_5_0.99_False_
----------------------------------------------------------------------------------------------------
Communication round: 0, Eavesdropper Accuracy: 0.1318181818181818 1 1
Communication round: 1, Aggregated Accuracies: 0.1496428571428571 2
Communication round: 1, Eavesdropper Accuracy: 0.18863636363636363 2 1
Communication round: 2, Eavesdropper Accuracy: 0.17045454545454544 3 1
Communication round: 3, Eavesdropper Accuracy: 0.16590909090909092 3 0
Communication round: 4, Aggregated Accuracies: 0.1953571428571428 4
Communication round: 4, Eavesdropper Accuracy: 0.19545454545454546 4 1
Communication round: 5, Aggregated Accuracies: 0.24499999999999997 5
Communication round: 5, Eavesdropper Accuracy: 0.25681818181818183 5 1
Communication round: 6, Aggregated Accuracies: 0.30880952380952376 6
Communication round: 6, Eavesdropper Accuracy: 0.35909090909090907 6 1
Communication round: 7, Eavesdropper Accuracy: 0.3477272727272727 6 0
Communication round: 8, Aggregated Accuracies: 0.36464285714285716 7
Communication round: 8, Eavesdropper Accuracy: 0.3704545454545455 7 1
Communication round: 9, Aggregated Accuracies: 0.41821428571428565 8
Communication round: 9, Eavesdropper Accuracy: 0.4590909090909091 8 1
Communication round: 10, Aggregated Accuracies: 0.4775 9
Communication round: 10, Eavesdropper Accuracy: 0.4636363636363636 9 1
Communication round: 11, Aggregated Accuracies: 0.507142857142857 10
Communication round: 11, Eavesdropper Accuracy: 0.5363636363636364 10 1
Communication round: 12, Aggregated Accuracies: 0.5425000000000001 11
Communication round: 12, Eavesdropper Accuracy: 0.5613636363636364 11 1
Communication round: 13, Aggregated Accuracies: 0.5707142857142857 12
Communication round: 13, Eavesdropper Accuracy: 0.5636363636363636 12 1
Communication round: 14, Aggregated Accuracies: 0.5991666666666664 13
Communication round: 14, Eavesdropper Accuracy: 0.6363636363636364 13 1
Communication round: 15, Eavesdropper Accuracy: 0.6363636363636364 14 1
Communication round: 16, Eavesdropper Accuracy: 0.6204545454545455 15 1
Communication round: 17, Eavesdropper Accuracy: 0.6227272727272727 16 1
Communication round: 18, Eavesdropper Accuracy: 0.6113636363636363 16 0
Communication round: 19, Eavesdropper Accuracy: 0.6295454545454545 16 0
Communication round: 20, Eavesdropper Accuracy: 0.6022727272727273 16 0
Communication round: 21, Aggregated Accuracies: 0.6267857142857143 17
Communication round: 21, Eavesdropper Accuracy: 0.5977272727272728 17 1
Communication round: 22, Eavesdropper Accuracy: 0.6272727272727273 18 1
Communication round: 23, Aggregated Accuracies: 0.6403571428571426 19
Communication round: 23, Eavesdropper Accuracy: 0.6181818181818182 19 1
Communication round: 24, Aggregated Accuracies: 0.6665476190476189 20
Communication round: 24, Eavesdropper Accuracy: 0.6477272727272727 20 1
Communication round: 25, Eavesdropper Accuracy: 0.6613636363636364 20 0
Communication round: 26, Eavesdropper Accuracy: 0.6568181818181819 20 0
Communication round: 27, Aggregated Accuracies: 0.6834523809523809 21
Communication round: 27, Eavesdropper Accuracy: 0.6681818181818182 21 1
Communication round: 28, Aggregated Accuracies: 0.6969047619047619 22
Communication round: 28, Eavesdropper Accuracy: 0.65 22 1
Communication round: 29, Eavesdropper Accuracy: 0.6681818181818182 23 1
Communication round: 30, Eavesdropper Accuracy: 0.6931818181818182 23 0
Communication round: 31, Aggregated Accuracies: 0.7142857142857143 24
Communication round: 31, Eavesdropper Accuracy: 0.6886363636363636 24 1
Communication round: 32, Aggregated Accuracies: 0.7345238095238095 25
Communication round: 32, Eavesdropper Accuracy: 0.6863636363636364 25 1
Communication round: 33, Eavesdropper Accuracy: 0.6931818181818182 25 0
Communication round: 34, Eavesdropper Accuracy: 0.7477272727272727 25 0
Communication round: 35, Aggregated Accuracies: 0.745357142857143 26
Communication round: 35, Eavesdropper Accuracy: 0.7636363636363637 26 1
Communication round: 36, Aggregated Accuracies: 0.7629761904761905 27
Communication round: 36, Eavesdropper Accuracy: 0.7636363636363637 27 1
Communication round: 37, Aggregated Accuracies: 0.7725000000000003 28
Communication round: 37, Eavesdropper Accuracy: 0.7727272727272727 28 1
Communication round: 38, Aggregated Accuracies: 0.7853571428571428 29
Communication round: 38, Eavesdropper Accuracy: 0.7795454545454545 29 1
Communication round: 39, Aggregated Accuracies: 0.7930952380952383 30
Communication round: 39, Eavesdropper Accuracy: 0.8 30 1
Communication round: 40, Aggregated Accuracies: 0.8026190476190475 31
Communication round: 40, Eavesdropper Accuracy: 0.8045454545454546 31 1
Communication round: 41, Aggregated Accuracies: 0.8154761904761907 32
Communication round: 41, Eavesdropper Accuracy: 0.8181818181818182 32 1
Communication round: 42, Aggregated Accuracies: 0.8226190476190479 33
Communication round: 42, Eavesdropper Accuracy: 0.8068181818181818 33 1
Communication round: 43, Aggregated Accuracies: 0.8267857142857143 34
Communication round: 43, Eavesdropper Accuracy: 0.8295454545454546 34 1
Communication round: 44, Aggregated Accuracies: 0.836190476190476 35
Communication round: 44, Eavesdropper Accuracy: 0.8454545454545455 35 1
Communication round: 45, Aggregated Accuracies: 0.8442857142857139 36
Communication round: 45, Eavesdropper Accuracy: 0.8590909090909091 36 1
Communication round: 46, Eavesdropper Accuracy: 0.8568181818181818 36 0
Communication round: 47, Eavesdropper Accuracy: 0.8636363636363636 36 0
Communication round: 48, Eavesdropper Accuracy: 0.8431818181818181 36 0
Communication round: 49, Eavesdropper Accuracy: 0.8409090909090909 36 0
Communication round: 50, Eavesdropper Accuracy: 0.8409090909090909 36 0
Communication round: 51, Eavesdropper Accuracy: 0.8318181818181818 36 0
Communication round: 52, Eavesdropper Accuracy: 0.8590909090909091 36 0
Communication round: 53, Eavesdropper Accuracy: 0.85 36 0
Communication round: 54, Eavesdropper Accuracy: 0.8545454545454545 36 0
Communication round: 55, Eavesdropper Accuracy: 0.8568181818181818 36 0
Communication round: 56, Eavesdropper Accuracy: 0.8431818181818181 36 0
Communication round: 57, Eavesdropper Accuracy: 0.8318181818181818 36 0
Communication round: 58, Eavesdropper Accuracy: 0.8522727272727273 36 0
Communication round: 59, Eavesdropper Accuracy: 0.8409090909090909 36 0
Communication round: 60, Eavesdropper Accuracy: 0.8318181818181818 36 0
Communication round: 61, Eavesdropper Accuracy: 0.8454545454545455 36 0
Communication round: 62, Eavesdropper Accuracy: 0.8681818181818182 36 0
Communication round: 63, Eavesdropper Accuracy: 0.8318181818181818 36 0
Communication round: 64, Eavesdropper Accuracy: 0.8272727272727273 36 0
Communication round: 65, Eavesdropper Accuracy: 0.8409090909090909 36 0
Communication round: 66, Eavesdropper Accuracy: 0.8409090909090909 36 0
Communication round: 67, Eavesdropper Accuracy: 0.8295454545454546 36 0
Communication round: 68, Eavesdropper Accuracy: 0.8477272727272728 36 0
Communication round: 69, Eavesdropper Accuracy: 0.8522727272727273 36 0
Communication round: 70, Eavesdropper Accuracy: 0.8545454545454545 36 0
Communication round: 71, Smart Eavesdropper Accuracy: 0.8090909090909091 36 0
Communication round: 72, Smart Eavesdropper Accuracy: 0.7 36 0
Communication round: 73, Smart Eavesdropper Accuracy: 0.6681818181818182 36 0
Communication round: 74, Smart Eavesdropper Accuracy: 0.6477272727272727 36 0
Communication round: 75, Smart Eavesdropper Accuracy: 0.6454545454545455 36 0
Communication round: 76, Smart Eavesdropper Accuracy: 0.6613636363636364 36 0
Communication round: 77, Smart Eavesdropper Accuracy: 0.5977272727272728 36 0
Communication round: 78, Smart Eavesdropper Accuracy: 0.6386363636363637 36 0
Communication round: 79, Smart Eavesdropper Accuracy: 0.6363636363636364 36 0
Communication round: 80, Smart Eavesdropper Accuracy: 0.625 36 0
Communication round: 81, Smart Eavesdropper Accuracy: 0.6022727272727273 36 0
Communication round: 82, Smart Eavesdropper Accuracy: 0.65 36 0
Communication round: 83, Smart Eavesdropper Accuracy: 0.5772727272727273 36 0
Communication round: 84, Smart Eavesdropper Accuracy: 0.5818181818181818 36 0
Communication round: 85, Smart Eavesdropper Accuracy: 0.6136363636363636 36 0
Communication round: 86, Smart Eavesdropper Accuracy: 0.6113636363636363 36 0
Communication round: 87, Smart Eavesdropper Accuracy: 0.6136363636363636 36 0
Communication round: 88, Smart Eavesdropper Accuracy: 0.6136363636363636 36 0
Communication round: 89, Smart Eavesdropper Accuracy: 0.6409090909090909 36 0
Communication round: 90, Smart Eavesdropper Accuracy: 0.5977272727272728 36 0
Communication round: 91, Smart Eavesdropper Accuracy: 0.5636363636363636 36 0
Communication round: 92, Smart Eavesdropper Accuracy: 0.6113636363636363 36 0
Communication round: 93, Smart Eavesdropper Accuracy: 0.5931818181818181 36 0
Communication round: 94, Smart Eavesdropper Accuracy: 0.5772727272727273 36 0
Communication round: 95, Smart Eavesdropper Accuracy: 0.5681818181818182 36 0
Communication round: 96, Smart Eavesdropper Accuracy: 0.5659090909090909 36 0
Communication round: 97, Smart Eavesdropper Accuracy: 0.5295454545454545 36 0
Communication round: 98, Smart Eavesdropper Accuracy: 0.5704545454545454 36 0
Communication round: 99, Smart Eavesdropper Accuracy: 0.5886363636363636 36 0
----------------------------------------------------------------------------------------------------
----------------------------------------------------------------------------------------------------
50_30_100_0.1_5_0.99_False_
----------------------------------------------------------------------------------------------------
Communication round: 0, Eavesdropper Accuracy: 0.05227272727272727 1 1
Communication round: 1, Eavesdropper Accuracy: 0.05227272727272727 2 1
Communication round: 2, Eavesdropper Accuracy: 0.04318181818181818 2 0
Communication round: 3, Smart Eavesdropper Accuracy: 0.10909090909090909 2 0
Communication round: 4, Smart Eavesdropper Accuracy: 0.23636363636363636 2 0
Communication round: 5, Smart Eavesdropper Accuracy: 0.19545454545454546 2 0
Communication round: 6, Aggregated Accuracies: 0.11369047619047618 3
Communication round: 6, Smart Eavesdropper Accuracy: 0.31363636363636366 3 1
Communication round: 7, Aggregated Accuracies: 0.1439285714285714 4
Communication round: 7, Smart Eavesdropper Accuracy: 0.18863636363636363 4 1
Communication round: 8, Eavesdropper Accuracy: 0.1431818181818182 5 1
Communication round: 9, Eavesdropper Accuracy: 0.1318181818181818 6 1
Communication round: 10, Eavesdropper Accuracy: 0.1340909090909091 6 0
Communication round: 11, Smart Eavesdropper Accuracy: 0.2772727272727273 6 0
Communication round: 12, Eavesdropper Accuracy: 0.12954545454545455 7 1
Communication round: 13, Eavesdropper Accuracy: 0.1340909090909091 8 1
Communication round: 14, Aggregated Accuracies: 0.1832142857142857 9
Communication round: 14, Eavesdropper Accuracy: 0.18181818181818182 9 1
Communication round: 15, Eavesdropper Accuracy: 0.19545454545454546 10 1
Communication round: 16, Eavesdropper Accuracy: 0.19318181818181818 10 0
Communication round: 17, Eavesdropper Accuracy: 0.175 11 1
Communication round: 18, Eavesdropper Accuracy: 0.17045454545454544 12 1
Communication round: 19, Eavesdropper Accuracy: 0.16136363636363638 13 1
Communication round: 20, Eavesdropper Accuracy: 0.19545454545454546 13 0
Communication round: 21, Eavesdropper Accuracy: 0.18409090909090908 13 0
Communication round: 22, Eavesdropper Accuracy: 0.18181818181818182 14 1
Communication round: 23, Eavesdropper Accuracy: 0.17045454545454544 15 1
Communication round: 24, Aggregated Accuracies: 0.24238095238095245 16
Communication round: 24, Eavesdropper Accuracy: 0.24772727272727274 16 1
Communication round: 25, Eavesdropper Accuracy: 0.2636363636363636 17 1
Communication round: 26, Eavesdropper Accuracy: 0.26590909090909093 18 1
Communication round: 27, Eavesdropper Accuracy: 0.2409090909090909 19 1
Communication round: 28, Eavesdropper Accuracy: 0.26590909090909093 19 0
Communication round: 29, Eavesdropper Accuracy: 0.2590909090909091 19 0
Communication round: 30, Eavesdropper Accuracy: 0.24772727272727274 19 0
Communication round: 31, Eavesdropper Accuracy: 0.2840909090909091 19 0
Communication round: 32, Aggregated Accuracies: 0.3134523809523809 20
Communication round: 32, Eavesdropper Accuracy: 0.3431818181818182 20 1
Communication round: 33, Eavesdropper Accuracy: 0.325 21 1
Communication round: 34, Eavesdropper Accuracy: 0.31363636363636366 21 0
Communication round: 35, Eavesdropper Accuracy: 0.33636363636363636 21 0
Communication round: 36, Aggregated Accuracies: 0.35738095238095247 22
Communication round: 36, Eavesdropper Accuracy: 0.3840909090909091 22 1
Communication round: 37, Eavesdropper Accuracy: 0.3931818181818182 22 0
Communication round: 38, Eavesdropper Accuracy: 0.36363636363636365 22 0
Communication round: 39, Eavesdropper Accuracy: 0.4113636363636364 22 0
Communication round: 40, Aggregated Accuracies: 0.4241666666666667 23
Communication round: 40, Eavesdropper Accuracy: 0.4409090909090909 23 1
Communication round: 41, Eavesdropper Accuracy: 0.42727272727272725 23 0
Communication round: 42, Eavesdropper Accuracy: 0.4431818181818182 23 0
Communication round: 43, Aggregated Accuracies: 0.4764285714285715 24
Communication round: 43, Eavesdropper Accuracy: 0.47954545454545455 24 1
Communication round: 44, Eavesdropper Accuracy: 0.5022727272727273 25 1
Communication round: 45, Eavesdropper Accuracy: 0.4818181818181818 26 1
Communication round: 46, Eavesdropper Accuracy: 0.509090909090909 27 1
Communication round: 47, Eavesdropper Accuracy: 0.4954545454545455 28 1
Communication round: 48, Eavesdropper Accuracy: 0.47954545454545455 28 0
Communication round: 49, Eavesdropper Accuracy: 0.4863636363636364 29 1
Communication round: 50, Eavesdropper Accuracy: 0.5 30 1
Communication round: 51, Eavesdropper Accuracy: 0.4863636363636364 31 1
Communication round: 52, Eavesdropper Accuracy: 0.4727272727272727 32 1
Communication round: 53, Aggregated Accuracies: 0.5009523809523809 33
Communication round: 53, Eavesdropper Accuracy: 0.5272727272727272 33 1
Communication round: 54, Eavesdropper Accuracy: 0.525 34 1
Communication round: 55, Aggregated Accuracies: 0.5421428571428571 35
Communication round: 55, Eavesdropper Accuracy: 0.5295454545454545 35 1
Communication round: 56, Eavesdropper Accuracy: 0.5568181818181818 36 1
Communication round: 57, Eavesdropper Accuracy: 0.5568181818181818 36 0
Communication round: 58, Aggregated Accuracies: 0.5742857142857143 37
Communication round: 58, Eavesdropper Accuracy: 0.6090909090909091 37 1
Communication round: 59, Eavesdropper Accuracy: 0.6113636363636363 37 0
Communication round: 60, Eavesdropper Accuracy: 0.6136363636363636 37 0
Communication round: 61, Aggregated Accuracies: 0.6004761904761903 38
Communication round: 61, Eavesdropper Accuracy: 0.6272727272727273 38 1
Communication round: 62, Aggregated Accuracies: 0.6253571428571428 39
Communication round: 62, Eavesdropper Accuracy: 0.6931818181818182 39 1
Communication round: 63, Eavesdropper Accuracy: 0.6477272727272727 39 0
Communication round: 64, Eavesdropper Accuracy: 0.6409090909090909 39 0
Communication round: 65, Eavesdropper Accuracy: 0.6772727272727272 39 0
Communication round: 66, Eavesdropper Accuracy: 0.6431818181818182 39 0
Communication round: 67, Eavesdropper Accuracy: 0.65 39 0
Communication round: 68, Aggregated Accuracies: 0.6549999999999997 40
Communication round: 68, Eavesdropper Accuracy: 0.7181818181818181 40 1
Communication round: 69, Eavesdropper Accuracy: 0.6977272727272728 40 0
Communication round: 70, Aggregated Accuracies: 0.6791666666666667 41
Communication round: 70, Eavesdropper Accuracy: 0.7090909090909091 41 1
Communication round: 71, Aggregated Accuracies: 0.6997619047619048 42
Communication round: 71, Eavesdropper Accuracy: 0.7386363636363636 42 1
Communication round: 72, Aggregated Accuracies: 0.7307142857142859 43
Communication round: 72, Eavesdropper Accuracy: 0.7363636363636363 43 1
Communication round: 73, Aggregated Accuracies: 0.7392857142857144 44
Communication round: 73, Eavesdropper Accuracy: 0.7545454545454545 44 1
Communication round: 74, Aggregated Accuracies: 0.7541666666666668 45
Communication round: 74, Eavesdropper Accuracy: 0.7772727272727272 45 1
Communication round: 75, Aggregated Accuracies: 0.778452380952381 46
Communication round: 75, Eavesdropper Accuracy: 0.7977272727272727 46 1
Communication round: 76, Aggregated Accuracies: 0.7920238095238094 47
Communication round: 76, Eavesdropper Accuracy: 0.7977272727272727 47 1
Communication round: 77, Aggregated Accuracies: 0.7998809523809527 48
Communication round: 77, Eavesdropper Accuracy: 0.8045454545454546 48 1
Communication round: 78, Aggregated Accuracies: 0.8066666666666669 49
Communication round: 78, Eavesdropper Accuracy: 0.825 49 1
Communication round: 79, Aggregated Accuracies: 0.8154761904761905 50
Communication round: 79, Eavesdropper Accuracy: 0.8272727272727273 50 1
Communication round: 80, Aggregated Accuracies: 0.821904761904762 51
Communication round: 80, Eavesdropper Accuracy: 0.85 51 1
Communication round: 81, Aggregated Accuracies: 0.8360714285714286 52
Communication round: 81, Eavesdropper Accuracy: 0.8454545454545455 52 1
Communication round: 82, Aggregated Accuracies: 0.8396428571428572 53
Communication round: 82, Eavesdropper Accuracy: 0.8522727272727273 53 1
Communication round: 83, Aggregated Accuracies: 0.8430952380952382 54
Communication round: 83, Eavesdropper Accuracy: 0.8681818181818182 54 1
Communication round: 84, Eavesdropper Accuracy: 0.8772727272727273 55 1
Communication round: 85, Eavesdropper Accuracy: 0.8613636363636363 55 0
Communication round: 86, Eavesdropper Accuracy: 0.8636363636363636 55 0
Communication round: 87, Eavesdropper Accuracy: 0.875 56 1
Communication round: 88, Eavesdropper Accuracy: 0.8613636363636363 57 1
Communication round: 89, Eavesdropper Accuracy: 0.8795454545454545 57 0
Communication round: 90, Eavesdropper Accuracy: 0.8704545454545455 57 0
Communication round: 91, Eavesdropper Accuracy: 0.875 57 0
Communication round: 92, Aggregated Accuracies: 0.8548809523809523 58
Communication round: 92, Eavesdropper Accuracy: 0.8704545454545455 58 1
Communication round: 93, Eavesdropper Accuracy: 0.8772727272727273 58 0
Communication round: 94, Aggregated Accuracies: 0.8557142857142856 59
Communication round: 94, Eavesdropper Accuracy: 0.8818181818181818 59 1
Communication round: 95, Eavesdropper Accuracy: 0.8931818181818182 59 0
Communication round: 96, Eavesdropper Accuracy: 0.8863636363636364 59 0
Communication round: 97, Eavesdropper Accuracy: 0.884090909090909 59 0
Communication round: 98, Eavesdropper Accuracy: 0.8886363636363637 59 0
Communication round: 99, Eavesdropper Accuracy: 0.875 59 0
----------------------------------------------------------------------------------------------------
----------------------------------------------------------------------------------------------------
50_30_100_0.1_5_0.99_False_
----------------------------------------------------------------------------------------------------
Communication round: 0, Eavesdropper Accuracy: 0.09318181818181819 1 1
Communication round: 1, Eavesdropper Accuracy: 0.10454545454545454 2 1
Communication round: 2, Eavesdropper Accuracy: 0.10454545454545454 3 1
Communication round: 3, Eavesdropper Accuracy: 0.10681818181818181 4 1
Communication round: 4, Eavesdropper Accuracy: 0.125 5 1
Communication round: 5, Eavesdropper Accuracy: 0.10909090909090909 6 1
Communication round: 6, Eavesdropper Accuracy: 0.10909090909090909 7 1
Communication round: 7, Eavesdropper Accuracy: 0.11363636363636363 8 1
Communication round: 8, Eavesdropper Accuracy: 0.11363636363636363 9 1
Communication round: 9, Eavesdropper Accuracy: 0.08409090909090909 10 1
Communication round: 10, Eavesdropper Accuracy: 0.11136363636363636 10 0
Communication round: 11, Eavesdropper Accuracy: 0.08636363636363636 11 1
Communication round: 12, Aggregated Accuracies: 0.12071428571428573 12
Communication round: 12, Eavesdropper Accuracy: 0.09090909090909091 12 1
Communication round: 13, Eavesdropper Accuracy: 0.10227272727272728 12 0
Communication round: 14, Eavesdropper Accuracy: 0.10454545454545454 12 0
Communication round: 15, Aggregated Accuracies: 0.15559523809523815 13
Communication round: 15, Eavesdropper Accuracy: 0.1340909090909091 13 1
Communication round: 16, Eavesdropper Accuracy: 0.1431818181818182 14 1
Communication round: 17, Aggregated Accuracies: 0.19249999999999998 15
Communication round: 17, Eavesdropper Accuracy: 0.15454545454545454 15 1
Communication round: 18, Aggregated Accuracies: 0.2438095238095238 16
Communication round: 18, Eavesdropper Accuracy: 0.2318181818181818 16 1
Communication round: 19, Aggregated Accuracies: 0.3071428571428571 17
Communication round: 19, Eavesdropper Accuracy: 0.31136363636363634 17 1
Communication round: 20, Aggregated Accuracies: 0.3620238095238096 18
Communication round: 20, Eavesdropper Accuracy: 0.37727272727272726 18 1
Communication round: 21, Eavesdropper Accuracy: 0.36363636363636365 18 0
Communication round: 22, Aggregated Accuracies: 0.4116666666666668 19
Communication round: 22, Eavesdropper Accuracy: 0.45 19 1
Communication round: 23, Eavesdropper Accuracy: 0.41363636363636364 19 0
Communication round: 24, Eavesdropper Accuracy: 0.3795454545454545 19 0
Communication round: 25, Eavesdropper Accuracy: 0.42045454545454547 19 0
Communication round: 26, Aggregated Accuracies: 0.4577380952380951 20
Communication round: 26, Eavesdropper Accuracy: 0.4636363636363636 20 1
Communication round: 27, Eavesdropper Accuracy: 0.4681818181818182 21 1
Communication round: 28, Aggregated Accuracies: 0.4919047619047619 22
Communication round: 28, Eavesdropper Accuracy: 0.4727272727272727 22 1
Communication round: 29, Eavesdropper Accuracy: 0.4954545454545455 23 1
Communication round: 30, Eavesdropper Accuracy: 0.47954545454545455 24 1
Communication round: 31, Aggregated Accuracies: 0.5196428571428571 25
Communication round: 31, Eavesdropper Accuracy: 0.5204545454545455 25 1
Communication round: 32, Aggregated Accuracies: 0.5525000000000001 26
Communication round: 32, Eavesdropper Accuracy: 0.5590909090909091 26 1
Communication round: 33, Eavesdropper Accuracy: 0.5522727272727272 27 1
Communication round: 34, Eavesdropper Accuracy: 0.5636363636363636 28 1
Communication round: 35, Eavesdropper Accuracy: 0.5704545454545454 29 1
Communication round: 36, Aggregated Accuracies: 0.5853571428571427 30
Communication round: 36, Eavesdropper Accuracy: 0.5454545454545454 30 1
Communication round: 37, Eavesdropper Accuracy: 0.5772727272727273 31 1
Communication round: 38, Eavesdropper Accuracy: 0.5795454545454546 32 1
Communication round: 39, Aggregated Accuracies: 0.6054761904761904 33
Communication round: 39, Eavesdropper Accuracy: 0.6272727272727273 33 1
Communication round: 40, Eavesdropper Accuracy: 0.6386363636363637 33 0
Communication round: 41, Eavesdropper Accuracy: 0.6045454545454545 34 1
Communication round: 42, Eavesdropper Accuracy: 0.6272727272727273 34 0
Communication round: 43, Eavesdropper Accuracy: 0.6295454545454545 35 1
Communication round: 44, Eavesdropper Accuracy: 0.5977272727272728 36 1
Communication round: 45, Eavesdropper Accuracy: 0.6431818181818182 37 1
Communication round: 46, Eavesdropper Accuracy: 0.6068181818181818 38 1
Communication round: 47, Eavesdropper Accuracy: 0.634090909090909 39 1
Communication round: 48, Eavesdropper Accuracy: 0.6 40 1
Communication round: 49, Eavesdropper Accuracy: 0.5818181818181818 41 1
Communication round: 50, Eavesdropper Accuracy: 0.634090909090909 42 1
Communication round: 51, Eavesdropper Accuracy: 0.615909090909091 43 1
Communication round: 52, Eavesdropper Accuracy: 0.6227272727272727 43 0
Communication round: 53, Aggregated Accuracies: 0.6325 44
Communication round: 53, Eavesdropper Accuracy: 0.634090909090909 44 1
Communication round: 54, Aggregated Accuracies: 0.648452380952381 45
Communication round: 54, Eavesdropper Accuracy: 0.6613636363636364 45 1
Communication round: 55, Aggregated Accuracies: 0.6786904761904761 46
Communication round: 55, Eavesdropper Accuracy: 0.7068181818181818 46 1
Communication round: 56, Aggregated Accuracies: 0.6874999999999999 47
Communication round: 56, Eavesdropper Accuracy: 0.7295454545454545 47 1
Communication round: 57, Aggregated Accuracies: 0.7058333333333333 48
Communication round: 57, Eavesdropper Accuracy: 0.7477272727272727 48 1
Communication round: 58, Eavesdropper Accuracy: 0.7431818181818182 48 0
Communication round: 59, Aggregated Accuracies: 0.7210714285714286 49
Communication round: 59, Eavesdropper Accuracy: 0.7659090909090909 49 1
Communication round: 60, Eavesdropper Accuracy: 0.7431818181818182 50 1
Communication round: 61, Aggregated Accuracies: 0.7309523809523809 51
Communication round: 61, Eavesdropper Accuracy: 0.7613636363636364 51 1
Communication round: 62, Eavesdropper Accuracy: 0.7681818181818182 51 0
Communication round: 63, Aggregated Accuracies: 0.7454761904761902 52
Communication round: 63, Eavesdropper Accuracy: 0.7931818181818182 52 1
Communication round: 64, Aggregated Accuracies: 0.7570238095238095 53
Communication round: 64, Eavesdropper Accuracy: 0.7795454545454545 53 1
Communication round: 65, Aggregated Accuracies: 0.7663095238095238 54
Communication round: 65, Eavesdropper Accuracy: 0.7909090909090909 54 1
Communication round: 66, Eavesdropper Accuracy: 0.7659090909090909 54 0
Communication round: 67, Eavesdropper Accuracy: 0.7931818181818182 54 0
Communication round: 68, Eavesdropper Accuracy: 0.8 55 1
Communication round: 69, Eavesdropper Accuracy: 0.8022727272727272 55 0
Communication round: 70, Eavesdropper Accuracy: 0.7977272727272727 56 1
Communication round: 71, Eavesdropper Accuracy: 0.7704545454545455 56 0
Communication round: 72, Eavesdropper Accuracy: 0.8113636363636364 56 0
Communication round: 73, Eavesdropper Accuracy: 0.7931818181818182 57 1
Communication round: 74, Aggregated Accuracies: 0.7742857142857144 58
Communication round: 74, Eavesdropper Accuracy: 0.7954545454545454 58 1
Communication round: 75, Aggregated Accuracies: 0.7813095238095239 59
Communication round: 75, Eavesdropper Accuracy: 0.8136363636363636 59 1
Communication round: 76, Aggregated Accuracies: 0.7954761904761906 60
Communication round: 76, Eavesdropper Accuracy: 0.8227272727272728 60 1
Communication round: 77, Aggregated Accuracies: 0.8048809523809521 61
Communication round: 77, Eavesdropper Accuracy: 0.8545454545454545 61 1
Communication round: 78, Aggregated Accuracies: 0.813095238095238 62
Communication round: 78, Eavesdropper Accuracy: 0.8295454545454546 62 1
Communication round: 79, Aggregated Accuracies: 0.8166666666666668 63
Communication round: 79, Eavesdropper Accuracy: 0.8431818181818181 63 1
Communication round: 80, Eavesdropper Accuracy: 0.8363636363636363 63 0
Communication round: 81, Eavesdropper Accuracy: 0.8363636363636363 63 0
Communication round: 82, Eavesdropper Accuracy: 0.8590909090909091 64 1
Communication round: 83, Eavesdropper Accuracy: 0.8431818181818181 65 1
Communication round: 84, Eavesdropper Accuracy: 0.8454545454545455 66 1
Communication round: 85, Eavesdropper Accuracy: 0.8363636363636363 66 0
Communication round: 86, Eavesdropper Accuracy: 0.875 66 0
Communication round: 87, Eavesdropper Accuracy: 0.8454545454545455 67 1
Communication round: 88, Eavesdropper Accuracy: 0.8340909090909091 67 0
Communication round: 89, Eavesdropper Accuracy: 0.8363636363636363 67 0
Communication round: 90, Eavesdropper Accuracy: 0.8477272727272728 67 0
Communication round: 91, Eavesdropper Accuracy: 0.8477272727272728 67 0
Communication round: 92, Eavesdropper Accuracy: 0.8295454545454546 67 0
Communication round: 93, Eavesdropper Accuracy: 0.8613636363636363 67 0
Communication round: 94, Eavesdropper Accuracy: 0.8477272727272728 68 1
Communication round: 95, Eavesdropper Accuracy: 0.8272727272727273 69 1
Communication round: 96, Aggregated Accuracies: 0.8247619047619047 70
Communication round: 96, Eavesdropper Accuracy: 0.8727272727272727 70 1
Communication round: 97, Eavesdropper Accuracy: 0.8340909090909091 70 0
Communication round: 98, Eavesdropper Accuracy: 0.85 70 0
Communication round: 99, Eavesdropper Accuracy: 0.8477272727272728 70 0
----------------------------------------------------------------------------------------------------
----------------------------------------------------------------------------------------------------
50_30_100_0.1_5_0.99_False_
----------------------------------------------------------------------------------------------------
Communication round: 0, Eavesdropper Accuracy: 0.13636363636363635 1 1
Communication round: 1, Eavesdropper Accuracy: 0.125 2 1
Communication round: 2, Eavesdropper Accuracy: 0.10909090909090909 3 1
Communication round: 3, Eavesdropper Accuracy: 0.1318181818181818 4 1
Communication round: 4, Eavesdropper Accuracy: 0.11363636363636363 5 1
Communication round: 5, Eavesdropper Accuracy: 0.1409090909090909 6 1
Communication round: 6, Eavesdropper Accuracy: 0.1340909090909091 6 0
Communication round: 7, Eavesdropper Accuracy: 0.10681818181818181 7 1
Communication round: 8, Eavesdropper Accuracy: 0.12045454545454545 7 0
Communication round: 9, Eavesdropper Accuracy: 0.12045454545454545 8 1
Communication round: 10, Eavesdropper Accuracy: 0.1409090909090909 9 1
Communication round: 11, Eavesdropper Accuracy: 0.10681818181818181 10 1
Communication round: 12, Eavesdropper Accuracy: 0.12272727272727273 11 1
Communication round: 13, Eavesdropper Accuracy: 0.12045454545454545 11 0
Communication round: 14, Eavesdropper Accuracy: 0.1409090909090909 12 1
Communication round: 15, Eavesdropper Accuracy: 0.10909090909090909 13 1
Communication round: 16, Eavesdropper Accuracy: 0.12954545454545455 14 1
Communication round: 17, Eavesdropper Accuracy: 0.11363636363636363 14 0
Communication round: 18, Eavesdropper Accuracy: 0.12954545454545455 15 1
Communication round: 19, Eavesdropper Accuracy: 0.1340909090909091 16 1
Communication round: 20, Eavesdropper Accuracy: 0.11818181818181818 16 0
Communication round: 21, Eavesdropper Accuracy: 0.10681818181818181 16 0
Communication round: 22, Eavesdropper Accuracy: 0.11818181818181818 17 1
Communication round: 23, Eavesdropper Accuracy: 0.1159090909090909 18 1
Communication round: 24, Eavesdropper Accuracy: 0.12045454545454545 19 1
Communication round: 25, Eavesdropper Accuracy: 0.12727272727272726 19 0
Communication round: 26, Aggregated Accuracies: 0.10154761904761905 20
Communication round: 26, Eavesdropper Accuracy: 0.09318181818181819 20 1
Communication round: 27, Eavesdropper Accuracy: 0.09545454545454546 20 0
Communication round: 28, Aggregated Accuracies: 0.1232142857142857 21
Communication round: 28, Eavesdropper Accuracy: 0.10909090909090909 21 1
Communication round: 29, Aggregated Accuracies: 0.1575 22
Communication round: 29, Eavesdropper Accuracy: 0.15 22 1
Communication round: 30, Aggregated Accuracies: 0.18999999999999997 23
Communication round: 30, Eavesdropper Accuracy: 0.175 23 1
Communication round: 31, Eavesdropper Accuracy: 0.19545454545454546 23 0
Communication round: 32, Eavesdropper Accuracy: 0.18863636363636363 23 0
Communication round: 33, Eavesdropper Accuracy: 0.19318181818181818 23 0
Communication round: 34, Eavesdropper Accuracy: 0.20909090909090908 23 0
Communication round: 35, Eavesdropper Accuracy: 0.18863636363636363 23 0
Communication round: 36, Eavesdropper Accuracy: 0.18181818181818182 23 0
Communication round: 37, Aggregated Accuracies: 0.2727380952380952 24
Communication round: 37, Eavesdropper Accuracy: 0.3068181818181818 24 1
Communication round: 38, Aggregated Accuracies: 0.34404761904761905 25
Communication round: 38, Eavesdropper Accuracy: 0.37272727272727274 25 1
Communication round: 39, Aggregated Accuracies: 0.40571428571428575 26
Communication round: 39, Eavesdropper Accuracy: 0.45681818181818185 26 1
Communication round: 40, Eavesdropper Accuracy: 0.4909090909090909 26 0
Communication round: 41, Eavesdropper Accuracy: 0.4772727272727273 27 1
Communication round: 42, Eavesdropper Accuracy: 0.4590909090909091 28 1
Communication round: 43, Eavesdropper Accuracy: 0.45 29 1
Communication round: 44, Eavesdropper Accuracy: 0.44545454545454544 30 1
Communication round: 45, Eavesdropper Accuracy: 0.4590909090909091 31 1
Communication round: 46, Eavesdropper Accuracy: 0.45227272727272727 31 0
Communication round: 47, Eavesdropper Accuracy: 0.4636363636363636 32 1
Communication round: 48, Eavesdropper Accuracy: 0.47045454545454546 32 0
Communication round: 49, Eavesdropper Accuracy: 0.4909090909090909 33 1
Communication round: 50, Eavesdropper Accuracy: 0.4659090909090909 34 1
Communication round: 51, Eavesdropper Accuracy: 0.45227272727272727 35 1
Communication round: 52, Eavesdropper Accuracy: 0.4431818181818182 36 1
Communication round: 53, Eavesdropper Accuracy: 0.45 37 1
Communication round: 54, Eavesdropper Accuracy: 0.46136363636363636 38 1
Communication round: 55, Eavesdropper Accuracy: 0.48409090909090907 39 1
Communication round: 56, Eavesdropper Accuracy: 0.45681818181818185 40 1
Communication round: 57, Eavesdropper Accuracy: 0.4863636363636364 41 1
Communication round: 58, Eavesdropper Accuracy: 0.43863636363636366 42 1
Communication round: 59, Eavesdropper Accuracy: 0.45681818181818185 43 1
Communication round: 60, Eavesdropper Accuracy: 0.4727272727272727 44 1
Communication round: 61, Aggregated Accuracies: 0.4641666666666668 45
Communication round: 61, Eavesdropper Accuracy: 0.5568181818181818 45 1
Communication round: 62, Eavesdropper Accuracy: 0.5159090909090909 45 0
Communication round: 63, Aggregated Accuracies: 0.5084523809523808 46
Communication round: 63, Eavesdropper Accuracy: 0.5863636363636363 46 1
Communication round: 64, Eavesdropper Accuracy: 0.5818181818181818 46 0
Communication round: 65, Eavesdropper Accuracy: 0.575 46 0
Communication round: 66, Aggregated Accuracies: 0.554285714285714 47
Communication round: 66, Eavesdropper Accuracy: 0.6204545454545455 47 1
Communication round: 67, Eavesdropper Accuracy: 0.6022727272727273 47 0
Communication round: 68, Eavesdropper Accuracy: 0.625 47 0
Communication round: 69, Aggregated Accuracies: 0.6007142857142859 48
Communication round: 69, Eavesdropper Accuracy: 0.634090909090909 48 1
Communication round: 70, Aggregated Accuracies: 0.6258333333333335 49
Communication round: 70, Eavesdropper Accuracy: 0.6295454545454545 49 1
Communication round: 71, Aggregated Accuracies: 0.6601190476190476 50
Communication round: 71, Eavesdropper Accuracy: 0.6840909090909091 50 1
Communication round: 72, Aggregated Accuracies: 0.6938095238095238 51
Communication round: 72, Eavesdropper Accuracy: 0.6954545454545454 51 1
Communication round: 73, Aggregated Accuracies: 0.7085714285714285 52
Communication round: 73, Eavesdropper Accuracy: 0.7 52 1
Communication round: 74, Eavesdropper Accuracy: 0.7181818181818181 53 1
Communication round: 75, Eavesdropper Accuracy: 0.7204545454545455 54 1
Communication round: 76, Eavesdropper Accuracy: 0.7295454545454545 55 1
Communication round: 77, Aggregated Accuracies: 0.7260714285714285 56
Communication round: 77, Eavesdropper Accuracy: 0.725 56 1
Communication round: 78, Eavesdropper Accuracy: 0.725 57 1
Communication round: 79, Eavesdropper Accuracy: 0.7659090909090909 58 1
Communication round: 80, Eavesdropper Accuracy: 0.7613636363636364 59 1
Communication round: 81, Eavesdropper Accuracy: 0.7454545454545455 59 0
Communication round: 82, Aggregated Accuracies: 0.7455952380952382 60
Communication round: 82, Eavesdropper Accuracy: 0.740909090909091 60 1
Communication round: 83, Eavesdropper Accuracy: 0.7431818181818182 61 1
Communication round: 84, Eavesdropper Accuracy: 0.7454545454545455 61 0
Communication round: 85, Eavesdropper Accuracy: 0.7568181818181818 61 0
Communication round: 86, Eavesdropper Accuracy: 0.75 61 0
Communication round: 87, Eavesdropper Accuracy: 0.740909090909091 61 0
Communication round: 88, Eavesdropper Accuracy: 0.7386363636363636 61 0
Communication round: 89, Eavesdropper Accuracy: 0.7431818181818182 61 0
Communication round: 90, Eavesdropper Accuracy: 0.740909090909091 62 1
Communication round: 91, Aggregated Accuracies: 0.7527380952380951 63
Communication round: 91, Eavesdropper Accuracy: 0.7795454545454545 63 1
Communication round: 92, Aggregated Accuracies: 0.770595238095238 64
Communication round: 92, Eavesdropper Accuracy: 0.7795454545454545 64 1
Communication round: 93, Aggregated Accuracies: 0.7771428571428572 65
Communication round: 93, Eavesdropper Accuracy: 0.7909090909090909 65 1
Communication round: 94, Aggregated Accuracies: 0.7891666666666669 66
Communication round: 94, Eavesdropper Accuracy: 0.8045454545454546 66 1
Communication round: 95, Aggregated Accuracies: 0.8004761904761906 67
Communication round: 95, Eavesdropper Accuracy: 0.8181818181818182 67 1
Communication round: 96, Aggregated Accuracies: 0.8117857142857143 68
Communication round: 96, Eavesdropper Accuracy: 0.8295454545454546 68 1
Communication round: 97, Eavesdropper Accuracy: 0.8454545454545455 69 1
Communication round: 98, Eavesdropper Accuracy: 0.8159090909090909 69 0
Communication round: 99, Eavesdropper Accuracy: 0.8159090909090909 69 0
----------------------------------------------------------------------------------------------------
----------------------------------------------------------------------------------------------------
50_30_100_0.1_5_0.99_False_
----------------------------------------------------------------------------------------------------
Communication round: 0, Smart Eavesdropper Accuracy: 0.1340909090909091 0 0
Communication round: 1, Smart Eavesdropper Accuracy: 0.21136363636363636 0 0
Communication round: 2, Smart Eavesdropper Accuracy: 0.20227272727272727 0 0
Communication round: 3, Smart Eavesdropper Accuracy: 0.2590909090909091 0 0
Communication round: 4, Smart Eavesdropper Accuracy: 0.21136363636363636 0 0
Communication round: 5, Smart Eavesdropper Accuracy: 0.2590909090909091 0 0
Communication round: 6, Smart Eavesdropper Accuracy: 0.31363636363636366 0 0
Communication round: 7, Smart Eavesdropper Accuracy: 0.3431818181818182 0 0
Communication round: 8, Smart Eavesdropper Accuracy: 0.41363636363636364 0 0
Communication round: 9, Smart Eavesdropper Accuracy: 0.32954545454545453 0 0
Communication round: 10, Smart Eavesdropper Accuracy: 0.37272727272727274 0 0
Communication round: 11, Aggregated Accuracies: 0.1305952380952381 1
Communication round: 11, Smart Eavesdropper Accuracy: 0.4159090909090909 1 1
Communication round: 12, Aggregated Accuracies: 0.14404761904761904 2
Communication round: 12, Smart Eavesdropper Accuracy: 0.37727272727272726 2 1
Communication round: 13, Aggregated Accuracies: 0.18607142857142858 3
Communication round: 13, Smart Eavesdropper Accuracy: 0.3931818181818182 3 1
Communication round: 14, Aggregated Accuracies: 0.21690476190476185 4
Communication round: 14, Smart Eavesdropper Accuracy: 0.4113636363636364 4 1
Communication round: 15, Aggregated Accuracies: 0.27630952380952384 5
Communication round: 15, Smart Eavesdropper Accuracy: 0.4113636363636364 5 1
Communication round: 16, Aggregated Accuracies: 0.3188095238095238 6
Communication round: 16, Smart Eavesdropper Accuracy: 0.38636363636363635 6 1
Communication round: 17, Aggregated Accuracies: 0.39988095238095234 7
Communication round: 17, Smart Eavesdropper Accuracy: 0.42272727272727273 7 1
Communication round: 18, Aggregated Accuracies: 0.44452380952380943 8
Communication round: 18, Smart Eavesdropper Accuracy: 0.43863636363636366 8 1
Communication round: 19, Aggregated Accuracies: 0.5008333333333332 9
Communication round: 19, Smart Eavesdropper Accuracy: 0.4727272727272727 9 1
Communication round: 20, Smart Eavesdropper Accuracy: 0.4659090909090909 10 1
Communication round: 21, Smart Eavesdropper Accuracy: 0.45681818181818185 11 1
Communication round: 22, Eavesdropper Accuracy: 0.5272727272727272 12 1
Communication round: 23, Eavesdropper Accuracy: 0.5227272727272727 13 1
Communication round: 24, Aggregated Accuracies: 0.5392857142857143 14
Communication round: 24, Eavesdropper Accuracy: 0.5954545454545455 14 1
Communication round: 25, Aggregated Accuracies: 0.5838095238095239 15
Communication round: 25, Eavesdropper Accuracy: 0.6204545454545455 15 1
Communication round: 26, Aggregated Accuracies: 0.6214285714285713 16
Communication round: 26, Eavesdropper Accuracy: 0.6590909090909091 16 1
Communication round: 27, Aggregated Accuracies: 0.6569047619047622 17
Communication round: 27, Eavesdropper Accuracy: 0.6954545454545454 17 1
Communication round: 28, Aggregated Accuracies: 0.6815476190476191 18
Communication round: 28, Eavesdropper Accuracy: 0.7318181818181818 18 1
Communication round: 29, Aggregated Accuracies: 0.6960714285714286 19
Communication round: 29, Eavesdropper Accuracy: 0.759090909090909 19 1
Communication round: 30, Aggregated Accuracies: 0.7119047619047619 20
Communication round: 30, Eavesdropper Accuracy: 0.7863636363636364 20 1
Communication round: 31, Aggregated Accuracies: 0.7360714285714285 21
Communication round: 31, Eavesdropper Accuracy: 0.7454545454545455 21 1
Communication round: 32, Aggregated Accuracies: 0.7576190476190479 22
Communication round: 32, Eavesdropper Accuracy: 0.7818181818181819 22 1
Communication round: 33, Aggregated Accuracies: 0.7683333333333334 23
Communication round: 33, Eavesdropper Accuracy: 0.7954545454545454 23 1
Communication round: 34, Aggregated Accuracies: 0.7816666666666667 24
Communication round: 34, Eavesdropper Accuracy: 0.8113636363636364 24 1
Communication round: 35, Aggregated Accuracies: 0.7999999999999998 25
Communication round: 35, Eavesdropper Accuracy: 0.8204545454545454 25 1
Communication round: 36, Aggregated Accuracies: 0.808809523809524 26
Communication round: 36, Eavesdropper Accuracy: 0.8477272727272728 26 1
Communication round: 37, Aggregated Accuracies: 0.8234523809523812 27
Communication round: 37, Eavesdropper Accuracy: 0.8409090909090909 27 1
Communication round: 38, Aggregated Accuracies: 0.8289285714285712 28
Communication round: 38, Eavesdropper Accuracy: 0.8613636363636363 28 1
Communication round: 39, Aggregated Accuracies: 0.8295238095238094 29
Communication round: 39, Eavesdropper Accuracy: 0.8863636363636364 29 1
Communication round: 40, Aggregated Accuracies: 0.8413095238095236 30
Communication round: 40, Eavesdropper Accuracy: 0.8590909090909091 30 1
Communication round: 41, Aggregated Accuracies: 0.8434523809523808 31
Communication round: 41, Eavesdropper Accuracy: 0.865909090909091 31 1
Communication round: 42, Eavesdropper Accuracy: 0.8704545454545455 31 0
Communication round: 43, Eavesdropper Accuracy: 0.875 31 0
Communication round: 44, Eavesdropper Accuracy: 0.8681818181818182 31 0
Communication round: 45, Eavesdropper Accuracy: 0.8454545454545455 31 0
Communication round: 46, Eavesdropper Accuracy: 0.8545454545454545 31 0
Communication round: 47, Eavesdropper Accuracy: 0.8795454545454545 31 0
Communication round: 48, Eavesdropper Accuracy: 0.8795454545454545 31 0
Communication round: 49, Eavesdropper Accuracy: 0.8954545454545455 31 0
Communication round: 50, Eavesdropper Accuracy: 0.8681818181818182 31 0
Communication round: 51, Eavesdropper Accuracy: 0.875 31 0
Communication round: 52, Eavesdropper Accuracy: 0.8704545454545455 31 0
Communication round: 53, Eavesdropper Accuracy: 0.8795454545454545 31 0
Communication round: 54, Eavesdropper Accuracy: 0.8727272727272727 31 0
Communication round: 55, Eavesdropper Accuracy: 0.8681818181818182 31 0
Communication round: 56, Eavesdropper Accuracy: 0.8772727272727273 31 0
Communication round: 57, Eavesdropper Accuracy: 0.8727272727272727 31 0
Communication round: 58, Eavesdropper Accuracy: 0.8886363636363637 31 0
Communication round: 59, Eavesdropper Accuracy: 0.8931818181818182 31 0
Communication round: 60, Eavesdropper Accuracy: 0.884090909090909 31 0
Communication round: 61, Smart Eavesdropper Accuracy: 0.7431818181818182 31 0
Communication round: 62, Smart Eavesdropper Accuracy: 0.7068181818181818 31 0
Communication round: 63, Smart Eavesdropper Accuracy: 0.6977272727272728 31 0
Communication round: 64, Smart Eavesdropper Accuracy: 0.6454545454545455 31 0
Communication round: 65, Smart Eavesdropper Accuracy: 0.6613636363636364 31 0
Communication round: 66, Smart Eavesdropper Accuracy: 0.6454545454545455 31 0
Communication round: 67, Smart Eavesdropper Accuracy: 0.6318181818181818 31 0
Communication round: 68, Smart Eavesdropper Accuracy: 0.6431818181818182 31 0
Communication round: 69, Smart Eavesdropper Accuracy: 0.6363636363636364 31 0
Communication round: 70, Smart Eavesdropper Accuracy: 0.625 31 0
Communication round: 71, Smart Eavesdropper Accuracy: 0.6090909090909091 31 0
Communication round: 72, Smart Eavesdropper Accuracy: 0.5886363636363636 31 0
Communication round: 73, Smart Eavesdropper Accuracy: 0.5931818181818181 31 0
Communication round: 74, Smart Eavesdropper Accuracy: 0.5954545454545455 31 0
Communication round: 75, Smart Eavesdropper Accuracy: 0.5909090909090909 31 0
Communication round: 76, Smart Eavesdropper Accuracy: 0.6090909090909091 31 0
Communication round: 77, Smart Eavesdropper Accuracy: 0.5659090909090909 31 0
Communication round: 78, Smart Eavesdropper Accuracy: 0.5818181818181818 31 0
Communication round: 79, Smart Eavesdropper Accuracy: 0.5681818181818182 31 0
Communication round: 80, Smart Eavesdropper Accuracy: 0.6 31 0
Communication round: 81, Smart Eavesdropper Accuracy: 0.5636363636363636 31 0
Communication round: 82, Smart Eavesdropper Accuracy: 0.5636363636363636 31 0
Communication round: 83, Smart Eavesdropper Accuracy: 0.5409090909090909 31 0
Communication round: 84, Smart Eavesdropper Accuracy: 0.5704545454545454 31 0
Communication round: 85, Smart Eavesdropper Accuracy: 0.5818181818181818 31 0
Communication round: 86, Smart Eavesdropper Accuracy: 0.5931818181818181 31 0
Communication round: 87, Smart Eavesdropper Accuracy: 0.5363636363636364 31 0
Communication round: 88, Smart Eavesdropper Accuracy: 0.5681818181818182 31 0
Communication round: 89, Smart Eavesdropper Accuracy: 0.5772727272727273 31 0
Communication round: 90, Smart Eavesdropper Accuracy: 0.6068181818181818 31 0
Communication round: 91, Smart Eavesdropper Accuracy: 0.5590909090909091 31 0
Communication round: 92, Smart Eavesdropper Accuracy: 0.5772727272727273 31 0
Communication round: 93, Smart Eavesdropper Accuracy: 0.5704545454545454 31 0
Communication round: 94, Smart Eavesdropper Accuracy: 0.5590909090909091 31 0
Communication round: 95, Smart Eavesdropper Accuracy: 0.5840909090909091 31 0
Communication round: 96, Smart Eavesdropper Accuracy: 0.5636363636363636 31 0
Communication round: 97, Smart Eavesdropper Accuracy: 0.5477272727272727 31 0
Communication round: 98, Smart Eavesdropper Accuracy: 0.5340909090909091 31 0
Communication round: 99, Smart Eavesdropper Accuracy: 0.5795454545454546 31 0
----------------------------------------------------------------------------------------------------
----------------------------------------------------------------------------------------------------
50_30_100_0.1_5_0.99_False_
----------------------------------------------------------------------------------------------------
Communication round: 0, Eavesdropper Accuracy: 0.045454545454545456 1 1
Communication round: 1, Eavesdropper Accuracy: 0.04772727272727273 2 1
Communication round: 2, Eavesdropper Accuracy: 0.04318181818181818 2 0
Communication round: 3, Eavesdropper Accuracy: 0.05227272727272727 3 1
Communication round: 4, Eavesdropper Accuracy: 0.04772727272727273 3 0
Communication round: 5, Eavesdropper Accuracy: 0.045454545454545456 4 1
Communication round: 6, Eavesdropper Accuracy: 0.05454545454545454 5 1
Communication round: 7, Eavesdropper Accuracy: 0.04090909090909091 5 0
Communication round: 8, Eavesdropper Accuracy: 0.04318181818181818 5 0
Communication round: 9, Aggregated Accuracies: 0.08535714285714285 6
Communication round: 9, Eavesdropper Accuracy: 0.06136363636363636 6 1
Communication round: 10, Aggregated Accuracies: 0.1170238095238095 7
Communication round: 10, Eavesdropper Accuracy: 0.09545454545454546 7 1
Communication round: 11, Aggregated Accuracies: 0.14285714285714277 8
Communication round: 11, Eavesdropper Accuracy: 0.12272727272727273 8 1
Communication round: 12, Eavesdropper Accuracy: 0.125 8 0
Communication round: 13, Eavesdropper Accuracy: 0.13863636363636364 8 0
Communication round: 14, Eavesdropper Accuracy: 0.11363636363636363 8 0
Communication round: 15, Smart Eavesdropper Accuracy: 0.15 8 0
Communication round: 16, Smart Eavesdropper Accuracy: 0.19090909090909092 8 0
Communication round: 17, Smart Eavesdropper Accuracy: 0.1590909090909091 8 0
Communication round: 18, Smart Eavesdropper Accuracy: 0.22727272727272727 8 0
Communication round: 19, Smart Eavesdropper Accuracy: 0.25681818181818183 8 0
Communication round: 20, Smart Eavesdropper Accuracy: 0.2636363636363636 8 0
Communication round: 21, Aggregated Accuracies: 0.1796428571428571 9
Communication round: 21, Smart Eavesdropper Accuracy: 0.325 9 1
Communication round: 22, Smart Eavesdropper Accuracy: 0.35454545454545455 10 1
Communication round: 23, Smart Eavesdropper Accuracy: 0.3931818181818182 10 0
Communication round: 24, Aggregated Accuracies: 0.23630952380952375 11
Communication round: 24, Smart Eavesdropper Accuracy: 0.2590909090909091 11 1
Communication round: 25, Smart Eavesdropper Accuracy: 0.37272727272727274 12 1
Communication round: 26, Smart Eavesdropper Accuracy: 0.33181818181818185 13 1
Communication round: 27, Smart Eavesdropper Accuracy: 0.3522727272727273 13 0
Communication round: 28, Smart Eavesdropper Accuracy: 0.33181818181818185 14 1
Communication round: 29, Smart Eavesdropper Accuracy: 0.375 15 1
Communication round: 30, Eavesdropper Accuracy: 0.23636363636363636 16 1
Communication round: 31, Eavesdropper Accuracy: 0.225 17 1
Communication round: 32, Eavesdropper Accuracy: 0.22954545454545455 18 1
Communication round: 33, Aggregated Accuracies: 0.2760714285714285 19
Communication round: 33, Eavesdropper Accuracy: 0.2863636363636364 19 1
Communication round: 34, Eavesdropper Accuracy: 0.2840909090909091 19 0
Communication round: 35, Aggregated Accuracies: 0.3473809523809524 20
Communication round: 35, Eavesdropper Accuracy: 0.36818181818181817 20 1
Communication round: 36, Aggregated Accuracies: 0.4033333333333334 21
Communication round: 36, Eavesdropper Accuracy: 0.4068181818181818 21 1
Communication round: 37, Aggregated Accuracies: 0.4554761904761906 22
Communication round: 37, Eavesdropper Accuracy: 0.45681818181818185 22 1
Communication round: 38, Aggregated Accuracies: 0.5132142857142855 23
Communication round: 38, Eavesdropper Accuracy: 0.5272727272727272 23 1
Communication round: 39, Aggregated Accuracies: 0.5427380952380951 24
Communication round: 39, Eavesdropper Accuracy: 0.5772727272727273 24 1
Communication round: 40, Aggregated Accuracies: 0.5858333333333333 25
Communication round: 40, Eavesdropper Accuracy: 0.5977272727272728 25 1
Communication round: 41, Aggregated Accuracies: 0.6123809523809524 26
Communication round: 41, Eavesdropper Accuracy: 0.6386363636363637 26 1
Communication round: 42, Eavesdropper Accuracy: 0.625 26 0
Communication round: 43, Eavesdropper Accuracy: 0.5977272727272728 26 0
Communication round: 44, Aggregated Accuracies: 0.6495238095238095 27
Communication round: 44, Eavesdropper Accuracy: 0.6568181818181819 27 1
Communication round: 45, Eavesdropper Accuracy: 0.6590909090909091 27 0
Communication round: 46, Eavesdropper Accuracy: 0.65 27 0
Communication round: 47, Eavesdropper Accuracy: 0.6636363636363637 27 0
Communication round: 48, Eavesdropper Accuracy: 0.6590909090909091 28 1
Communication round: 49, Eavesdropper Accuracy: 0.625 28 0
Communication round: 50, Eavesdropper Accuracy: 0.6590909090909091 28 0
Communication round: 51, Eavesdropper Accuracy: 0.6613636363636364 28 0
Communication round: 52, Eavesdropper Accuracy: 0.6590909090909091 28 0
Communication round: 53, Eavesdropper Accuracy: 0.6590909090909091 28 0
Communication round: 54, Eavesdropper Accuracy: 0.6886363636363636 28 0
Communication round: 55, Smart Eavesdropper Accuracy: 0.43863636363636366 28 0
Communication round: 56, Smart Eavesdropper Accuracy: 0.42727272727272725 28 0
Communication round: 57, Smart Eavesdropper Accuracy: 0.44772727272727275 28 0
Communication round: 58, Smart Eavesdropper Accuracy: 0.4340909090909091 28 0
Communication round: 59, Aggregated Accuracies: 0.6669047619047619 29
Communication round: 59, Smart Eavesdropper Accuracy: 0.41363636363636364 29 1
Communication round: 60, Smart Eavesdropper Accuracy: 0.5 29 0
Communication round: 61, Smart Eavesdropper Accuracy: 0.4431818181818182 29 0
Communication round: 62, Smart Eavesdropper Accuracy: 0.44545454545454544 29 0
Communication round: 63, Aggregated Accuracies: 0.686547619047619 30
Communication round: 63, Smart Eavesdropper Accuracy: 0.5022727272727273 30 1
Communication round: 64, Aggregated Accuracies: 0.711190476190476 31
Communication round: 64, Smart Eavesdropper Accuracy: 0.48409090909090907 31 1
Communication round: 65, Aggregated Accuracies: 0.722142857142857 32
Communication round: 65, Smart Eavesdropper Accuracy: 0.4954545454545455 32 1
Communication round: 66, Aggregated Accuracies: 0.740595238095238 33
Communication round: 66, Smart Eavesdropper Accuracy: 0.5204545454545455 33 1
Communication round: 67, Smart Eavesdropper Accuracy: 0.48863636363636365 33 0
Communication round: 68, Smart Eavesdropper Accuracy: 0.49318181818181817 33 0
Communication round: 69, Smart Eavesdropper Accuracy: 0.4727272727272727 33 0
Communication round: 70, Smart Eavesdropper Accuracy: 0.5204545454545455 34 1
Communication round: 71, Smart Eavesdropper Accuracy: 0.5159090909090909 34 0
Communication round: 72, Smart Eavesdropper Accuracy: 0.5340909090909091 34 0
Communication round: 73, Smart Eavesdropper Accuracy: 0.5227272727272727 34 0
Communication round: 74, Smart Eavesdropper Accuracy: 0.5113636363636364 34 0
Communication round: 75, Smart Eavesdropper Accuracy: 0.5136363636363637 34 0
Communication round: 76, Smart Eavesdropper Accuracy: 0.44772727272727275 34 0
Communication round: 77, Aggregated Accuracies: 0.7600000000000001 35
Communication round: 77, Smart Eavesdropper Accuracy: 0.5340909090909091 35 1
Communication round: 78, Smart Eavesdropper Accuracy: 0.475 35 0
Communication round: 79, Aggregated Accuracies: 0.7717857142857146 36
Communication round: 79, Smart Eavesdropper Accuracy: 0.49772727272727274 36 1
Communication round: 80, Aggregated Accuracies: 0.7808333333333334 37
Communication round: 80, Smart Eavesdropper Accuracy: 0.5 37 1
Communication round: 81, Aggregated Accuracies: 0.7959523809523812 38
Communication round: 81, Smart Eavesdropper Accuracy: 0.5272727272727272 38 1
Communication round: 82, Aggregated Accuracies: 0.800952380952381 39
Communication round: 82, Smart Eavesdropper Accuracy: 0.5136363636363637 39 1
Communication round: 83, Aggregated Accuracies: 0.8135714285714286 40
Communication round: 83, Smart Eavesdropper Accuracy: 0.5136363636363637 40 1
Communication round: 84, Aggregated Accuracies: 0.820952380952381 41
Communication round: 84, Smart Eavesdropper Accuracy: 0.5340909090909091 41 1
Communication round: 85, Aggregated Accuracies: 0.8219047619047619 42
Communication round: 85, Smart Eavesdropper Accuracy: 0.5295454545454545 42 1
Communication round: 86, Aggregated Accuracies: 0.8276190476190475 43
Communication round: 86, Smart Eavesdropper Accuracy: 0.5204545454545455 43 1
Communication round: 87, Aggregated Accuracies: 0.8380952380952378 44
Communication round: 87, Smart Eavesdropper Accuracy: 0.5181818181818182 44 1
Communication round: 88, Smart Eavesdropper Accuracy: 0.5545454545454546 44 0
Communication round: 89, Smart Eavesdropper Accuracy: 0.525 44 0
Communication round: 90, Smart Eavesdropper Accuracy: 0.5545454545454546 44 0
Communication round: 91, Smart Eavesdropper Accuracy: 0.5068181818181818 44 0
Communication round: 92, Smart Eavesdropper Accuracy: 0.5272727272727272 44 0
Communication round: 93, Aggregated Accuracies: 0.8440476190476188 45
Communication round: 93, Smart Eavesdropper Accuracy: 0.5136363636363637 45 1
Communication round: 94, Smart Eavesdropper Accuracy: 0.49772727272727274 45 0
Communication round: 95, Smart Eavesdropper Accuracy: 0.5159090909090909 45 0
Communication round: 96, Smart Eavesdropper Accuracy: 0.5022727272727273 45 0
Communication round: 97, Smart Eavesdropper Accuracy: 0.5068181818181818 45 0
Communication round: 98, Smart Eavesdropper Accuracy: 0.45227272727272727 45 0
Communication round: 99, Smart Eavesdropper Accuracy: 0.509090909090909 45 0
----------------------------------------------------------------------------------------------------
----------------------------------------------------------------------------------------------------
50_30_100_0.1_5_0.99_False_
----------------------------------------------------------------------------------------------------
Communication round: 0, Smart Eavesdropper Accuracy: 0.11136363636363636 0 0
Communication round: 1, Smart Eavesdropper Accuracy: 0.11818181818181818 1 1
Communication round: 2, Aggregated Accuracies: 0.1130952380952381 2
Communication round: 2, Eavesdropper Accuracy: 0.15227272727272728 2 1
Communication round: 3, Eavesdropper Accuracy: 0.13863636363636364 3 1
Communication round: 4, Aggregated Accuracies: 0.13654761904761906 4
Communication round: 4, Eavesdropper Accuracy: 0.1590909090909091 4 1
Communication round: 5, Eavesdropper Accuracy: 0.1431818181818182 5 1
Communication round: 6, Eavesdropper Accuracy: 0.14772727272727273 6 1
Communication round: 7, Eavesdropper Accuracy: 0.14772727272727273 7 1
Communication round: 8, Eavesdropper Accuracy: 0.15227272727272728 7 0
Communication round: 9, Eavesdropper Accuracy: 0.13863636363636364 7 0
Communication round: 10, Eavesdropper Accuracy: 0.16590909090909092 8 1
Communication round: 11, Eavesdropper Accuracy: 0.1590909090909091 8 0
Communication round: 12, Aggregated Accuracies: 0.16083333333333336 9
Communication round: 12, Eavesdropper Accuracy: 0.16590909090909092 9 1
Communication round: 13, Eavesdropper Accuracy: 0.18409090909090908 10 1
Communication round: 14, Eavesdropper Accuracy: 0.18863636363636363 11 1
Communication round: 15, Eavesdropper Accuracy: 0.17954545454545454 12 1
Communication round: 16, Eavesdropper Accuracy: 0.18181818181818182 13 1
Communication round: 17, Eavesdropper Accuracy: 0.19318181818181818 14 1
Communication round: 18, Eavesdropper Accuracy: 0.16590909090909092 15 1
Communication round: 19, Eavesdropper Accuracy: 0.15227272727272728 16 1
Communication round: 20, Eavesdropper Accuracy: 0.18181818181818182 17 1
Communication round: 21, Eavesdropper Accuracy: 0.16363636363636364 17 0
Communication round: 22, Aggregated Accuracies: 0.18904761904761902 18
Communication round: 22, Eavesdropper Accuracy: 0.20227272727272727 18 1
Communication round: 23, Aggregated Accuracies: 0.2360714285714286 19
Communication round: 23, Eavesdropper Accuracy: 0.28863636363636364 19 1
Communication round: 24, Eavesdropper Accuracy: 0.26136363636363635 20 1
Communication round: 25, Eavesdropper Accuracy: 0.2840909090909091 20 0
Communication round: 26, Aggregated Accuracies: 0.2826190476190476 21
Communication round: 26, Eavesdropper Accuracy: 0.325 21 1
Communication round: 27, Aggregated Accuracies: 0.3248809523809525 22
Communication round: 27, Eavesdropper Accuracy: 0.3181818181818182 22 1
Communication round: 28, Aggregated Accuracies: 0.3813095238095238 23
Communication round: 28, Eavesdropper Accuracy: 0.42954545454545456 23 1
Communication round: 29, Aggregated Accuracies: 0.4430952380952381 24
Communication round: 29, Eavesdropper Accuracy: 0.5 24 1
Communication round: 30, Aggregated Accuracies: 0.4842857142857143 25
Communication round: 30, Eavesdropper Accuracy: 0.5113636363636364 25 1
Communication round: 31, Aggregated Accuracies: 0.5242857142857142 26
Communication round: 31, Eavesdropper Accuracy: 0.55 26 1
Communication round: 32, Eavesdropper Accuracy: 0.5613636363636364 27 1
Communication round: 33, Eavesdropper Accuracy: 0.5659090909090909 28 1
Communication round: 34, Eavesdropper Accuracy: 0.5636363636363636 28 0
Communication round: 35, Eavesdropper Accuracy: 0.5659090909090909 28 0
Communication round: 36, Eavesdropper Accuracy: 0.5840909090909091 29 1
Communication round: 37, Eavesdropper Accuracy: 0.575 30 1
Communication round: 38, Eavesdropper Accuracy: 0.5659090909090909 30 0
Communication round: 39, Eavesdropper Accuracy: 0.5931818181818181 31 1
Communication round: 40, Eavesdropper Accuracy: 0.5340909090909091 32 1
Communication round: 41, Eavesdropper Accuracy: 0.5772727272727273 33 1
Communication round: 42, Eavesdropper Accuracy: 0.6 34 1
Communication round: 43, Eavesdropper Accuracy: 0.5795454545454546 35 1
Communication round: 44, Eavesdropper Accuracy: 0.5704545454545454 36 1
Communication round: 45, Eavesdropper Accuracy: 0.5704545454545454 37 1
Communication round: 46, Eavesdropper Accuracy: 0.5772727272727273 37 0
Communication round: 47, Eavesdropper Accuracy: 0.5840909090909091 37 0
Communication round: 48, Eavesdropper Accuracy: 0.5727272727272728 37 0
Communication round: 49, Eavesdropper Accuracy: 0.5931818181818181 37 0
Communication round: 50, Eavesdropper Accuracy: 0.5477272727272727 37 0
Communication round: 51, Eavesdropper Accuracy: 0.5568181818181818 38 1
Communication round: 52, Eavesdropper Accuracy: 0.575 39 1
Communication round: 53, Eavesdropper Accuracy: 0.5704545454545454 39 0
Communication round: 54, Eavesdropper Accuracy: 0.6 39 0
Communication round: 55, Eavesdropper Accuracy: 0.5954545454545455 39 0
Communication round: 56, Eavesdropper Accuracy: 0.5386363636363637 39 0
Communication round: 57, Eavesdropper Accuracy: 0.5818181818181818 39 0
Communication round: 58, Eavesdropper Accuracy: 0.5818181818181818 39 0
Communication round: 59, Eavesdropper Accuracy: 0.5704545454545454 39 0
Communication round: 60, Eavesdropper Accuracy: 0.5954545454545455 39 0
Communication round: 61, Eavesdropper Accuracy: 0.5977272727272728 39 0
Communication round: 62, Eavesdropper Accuracy: 0.5636363636363636 39 0
Communication round: 63, Eavesdropper Accuracy: 0.6090909090909091 40 1
Communication round: 64, Eavesdropper Accuracy: 0.5590909090909091 40 0
Communication round: 65, Eavesdropper Accuracy: 0.5704545454545454 40 0
Communication round: 66, Eavesdropper Accuracy: 0.5704545454545454 40 0
Communication round: 67, Eavesdropper Accuracy: 0.5886363636363636 40 0
Communication round: 68, Aggregated Accuracies: 0.5709523809523811 41
Communication round: 68, Eavesdropper Accuracy: 0.5818181818181818 41 1
Communication round: 69, Eavesdropper Accuracy: 0.5931818181818181 42 1
Communication round: 70, Eavesdropper Accuracy: 0.615909090909091 43 1
Communication round: 71, Eavesdropper Accuracy: 0.6045454545454545 44 1
Communication round: 72, Aggregated Accuracies: 0.6132142857142858 45
Communication round: 72, Eavesdropper Accuracy: 0.6022727272727273 45 1
Communication round: 73, Aggregated Accuracies: 0.6252380952380953 46
Communication round: 73, Eavesdropper Accuracy: 0.6704545454545454 46 1
Communication round: 74, Eavesdropper Accuracy: 0.6909090909090909 46 0
Communication round: 75, Eavesdropper Accuracy: 0.6636363636363637 46 0
Communication round: 76, Aggregated Accuracies: 0.6475 47
Communication round: 76, Eavesdropper Accuracy: 0.6931818181818182 47 1
Communication round: 77, Aggregated Accuracies: 0.6778571428571429 48
Communication round: 77, Eavesdropper Accuracy: 0.7227272727272728 48 1
Communication round: 78, Aggregated Accuracies: 0.7052380952380953 49
Communication round: 78, Eavesdropper Accuracy: 0.7522727272727273 49 1
Communication round: 79, Aggregated Accuracies: 0.7298809523809525 50
Communication round: 79, Eavesdropper Accuracy: 0.7772727272727272 50 1
Communication round: 80, Eavesdropper Accuracy: 0.7840909090909091 50 0
Communication round: 81, Eavesdropper Accuracy: 0.7863636363636364 50 0
Communication round: 82, Aggregated Accuracies: 0.7495238095238095 51
Communication round: 82, Eavesdropper Accuracy: 0.7727272727272727 51 1
Communication round: 83, Eavesdropper Accuracy: 0.7636363636363637 51 0
Communication round: 84, Eavesdropper Accuracy: 0.7431818181818182 51 0
Communication round: 85, Eavesdropper Accuracy: 0.7840909090909091 51 0
Communication round: 86, Eavesdropper Accuracy: 0.7772727272727272 51 0
Communication round: 87, Eavesdropper Accuracy: 0.75 51 0
Communication round: 88, Eavesdropper Accuracy: 0.7818181818181819 51 0
Communication round: 89, Eavesdropper Accuracy: 0.7818181818181819 51 0
Communication round: 90, Aggregated Accuracies: 0.7613095238095241 52
Communication round: 90, Eavesdropper Accuracy: 0.7704545454545455 52 1
Communication round: 91, Aggregated Accuracies: 0.7676190476190473 53
Communication round: 91, Eavesdropper Accuracy: 0.8090909090909091 53 1
Communication round: 92, Eavesdropper Accuracy: 0.7659090909090909 53 0
Communication round: 93, Aggregated Accuracies: 0.7857142857142858 54
Communication round: 93, Eavesdropper Accuracy: 0.8204545454545454 54 1
Communication round: 94, Aggregated Accuracies: 0.7959523809523812 55
Communication round: 94, Eavesdropper Accuracy: 0.8022727272727272 55 1
Communication round: 95, Aggregated Accuracies: 0.8086904761904763 56
Communication round: 95, Eavesdropper Accuracy: 0.7909090909090909 56 1
Communication round: 96, Aggregated Accuracies: 0.8141666666666665 57
Communication round: 96, Eavesdropper Accuracy: 0.8090909090909091 57 1
Communication round: 97, Aggregated Accuracies: 0.8244047619047618 58
Communication round: 97, Eavesdropper Accuracy: 0.8181818181818182 58 1
Communication round: 98, Aggregated Accuracies: 0.8252380952380952 59
Communication round: 98, Eavesdropper Accuracy: 0.825 59 1
Communication round: 99, Aggregated Accuracies: 0.832738095238095 60
Communication round: 99, Eavesdropper Accuracy: 0.8431818181818181 60 1
----------------------------------------------------------------------------------------------------
----------------------------------------------------------------------------------------------------
50_30_100_0.1_5_0.99_False_
----------------------------------------------------------------------------------------------------
Communication round: 0, Smart Eavesdropper Accuracy: 0.14772727272727273 0 0
Communication round: 1, Smart Eavesdropper Accuracy: 0.09545454545454546 1 1
Communication round: 2, Smart Eavesdropper Accuracy: 0.18409090909090908 1 0
Communication round: 3, Smart Eavesdropper Accuracy: 0.17045454545454544 1 0
Communication round: 4, Smart Eavesdropper Accuracy: 0.21136363636363636 1 0
Communication round: 5, Smart Eavesdropper Accuracy: 0.19318181818181818 2 1
Communication round: 6, Smart Eavesdropper Accuracy: 0.26590909090909093 2 0
Communication round: 7, Smart Eavesdropper Accuracy: 0.19772727272727272 3 1
Communication round: 8, Smart Eavesdropper Accuracy: 0.2863636363636364 4 1
Communication round: 9, Smart Eavesdropper Accuracy: 0.2727272727272727 4 0
Communication round: 10, Smart Eavesdropper Accuracy: 0.35 5 1
Communication round: 11, Aggregated Accuracies: 0.07904761904761907 6
Communication round: 11, Smart Eavesdropper Accuracy: 0.36363636363636365 6 1
Communication round: 12, Eavesdropper Accuracy: 0.08181818181818182 7 1
Communication round: 13, Aggregated Accuracies: 0.1146428571428571 8
Communication round: 13, Eavesdropper Accuracy: 0.16136363636363638 8 1
Communication round: 14, Aggregated Accuracies: 0.14107142857142851 9
Communication round: 14, Eavesdropper Accuracy: 0.16818181818181818 9 1
Communication round: 15, Aggregated Accuracies: 0.18476190476190482 10
Communication round: 15, Eavesdropper Accuracy: 0.21818181818181817 10 1
Communication round: 16, Aggregated Accuracies: 0.22654761904761897 11
Communication round: 16, Eavesdropper Accuracy: 0.2636363636363636 11 1
Communication round: 17, Aggregated Accuracies: 0.2942857142857142 12
Communication round: 17, Eavesdropper Accuracy: 0.37272727272727274 12 1
Communication round: 18, Aggregated Accuracies: 0.363095238095238 13
Communication round: 18, Eavesdropper Accuracy: 0.4340909090909091 13 1
Communication round: 19, Aggregated Accuracies: 0.4102380952380954 14
Communication round: 19, Eavesdropper Accuracy: 0.45227272727272727 14 1
Communication round: 20, Aggregated Accuracies: 0.46904761904761905 15
Communication round: 20, Eavesdropper Accuracy: 0.5227272727272727 15 1
Communication round: 21, Aggregated Accuracies: 0.5095238095238096 16
Communication round: 21, Eavesdropper Accuracy: 0.5795454545454546 16 1
Communication round: 22, Eavesdropper Accuracy: 0.5909090909090909 16 0
Communication round: 23, Eavesdropper Accuracy: 0.5727272727272728 16 0
Communication round: 24, Eavesdropper Accuracy: 0.5772727272727273 16 0
Communication round: 25, Eavesdropper Accuracy: 0.5477272727272727 17 1
Communication round: 26, Eavesdropper Accuracy: 0.5659090909090909 18 1
Communication round: 27, Aggregated Accuracies: 0.5483333333333331 19
Communication round: 27, Eavesdropper Accuracy: 0.5886363636363636 19 1
Communication round: 28, Aggregated Accuracies: 0.5666666666666668 20
Communication round: 28, Eavesdropper Accuracy: 0.6045454545454545 20 1
Communication round: 29, Aggregated Accuracies: 0.6004761904761907 21
Communication round: 29, Eavesdropper Accuracy: 0.6431818181818182 21 1
Communication round: 30, Aggregated Accuracies: 0.6345238095238096 22
Communication round: 30, Eavesdropper Accuracy: 0.6954545454545454 22 1
Communication round: 31, Aggregated Accuracies: 0.6561904761904762 23
Communication round: 31, Eavesdropper Accuracy: 0.7227272727272728 23 1
Communication round: 32, Aggregated Accuracies: 0.6766666666666667 24
Communication round: 32, Eavesdropper Accuracy: 0.7522727272727273 24 1
Communication round: 33, Aggregated Accuracies: 0.6989285714285716 25
Communication round: 33, Eavesdropper Accuracy: 0.7454545454545455 25 1
Communication round: 34, Aggregated Accuracies: 0.7197619047619048 26
Communication round: 34, Eavesdropper Accuracy: 0.7681818181818182 26 1
Communication round: 35, Aggregated Accuracies: 0.7414285714285715 27
Communication round: 35, Eavesdropper Accuracy: 0.8090909090909091 27 1
Communication round: 36, Aggregated Accuracies: 0.7528571428571429 28
Communication round: 36, Eavesdropper Accuracy: 0.7954545454545454 28 1
Communication round: 37, Eavesdropper Accuracy: 0.7818181818181819 28 0
Communication round: 38, Eavesdropper Accuracy: 0.8136363636363636 28 0
Communication round: 39, Eavesdropper Accuracy: 0.7954545454545454 28 0
Communication round: 40, Eavesdropper Accuracy: 0.7954545454545454 29 1
Communication round: 41, Eavesdropper Accuracy: 0.7909090909090909 29 0
Communication round: 42, Eavesdropper Accuracy: 0.7931818181818182 29 0
Communication round: 43, Eavesdropper Accuracy: 0.7909090909090909 29 0
Communication round: 44, Eavesdropper Accuracy: 0.8272727272727273 29 0
Communication round: 45, Eavesdropper Accuracy: 0.7840909090909091 30 1
Communication round: 46, Eavesdropper Accuracy: 0.8113636363636364 30 0
Communication round: 47, Eavesdropper Accuracy: 0.8204545454545454 31 1
Communication round: 48, Eavesdropper Accuracy: 0.7863636363636364 31 0
Communication round: 49, Eavesdropper Accuracy: 0.7977272727272727 31 0
Communication round: 50, Eavesdropper Accuracy: 0.7977272727272727 32 1
Communication round: 51, Eavesdropper Accuracy: 0.7840909090909091 33 1
Communication round: 52, Eavesdropper Accuracy: 0.8113636363636364 34 1
Communication round: 53, Eavesdropper Accuracy: 0.7931818181818182 34 0
Communication round: 54, Eavesdropper Accuracy: 0.8090909090909091 34 0
Communication round: 55, Eavesdropper Accuracy: 0.7818181818181819 35 1
Communication round: 56, Eavesdropper Accuracy: 0.7954545454545454 35 0
Communication round: 57, Eavesdropper Accuracy: 0.7704545454545455 36 1
Communication round: 58, Eavesdropper Accuracy: 0.7931818181818182 37 1
Communication round: 59, Eavesdropper Accuracy: 0.7886363636363637 37 0
Communication round: 60, Aggregated Accuracies: 0.7688095238095235 38
Communication round: 60, Eavesdropper Accuracy: 0.825 38 1
Communication round: 61, Aggregated Accuracies: 0.7826190476190478 39
Communication round: 61, Eavesdropper Accuracy: 0.8409090909090909 39 1
Communication round: 62, Aggregated Accuracies: 0.7901190476190477 40
Communication round: 62, Eavesdropper Accuracy: 0.825 40 1
Communication round: 63, Aggregated Accuracies: 0.7929761904761905 41
Communication round: 63, Eavesdropper Accuracy: 0.8340909090909091 41 1
Communication round: 64, Aggregated Accuracies: 0.7964285714285714 42
Communication round: 64, Eavesdropper Accuracy: 0.8386363636363636 42 1
Communication round: 65, Aggregated Accuracies: 0.8147619047619047 43
Communication round: 65, Eavesdropper Accuracy: 0.8590909090909091 43 1
Communication round: 66, Aggregated Accuracies: 0.8211904761904762 44
Communication round: 66, Eavesdropper Accuracy: 0.8545454545454545 44 1
Communication round: 67, Aggregated Accuracies: 0.8276190476190477 45
Communication round: 67, Eavesdropper Accuracy: 0.8909090909090909 45 1
Communication round: 68, Aggregated Accuracies: 0.833095238095238 46
Communication round: 68, Eavesdropper Accuracy: 0.8704545454545455 46 1
Communication round: 69, Eavesdropper Accuracy: 0.8727272727272727 46 0
Communication round: 70, Eavesdropper Accuracy: 0.8931818181818182 46 0
Communication round: 71, Eavesdropper Accuracy: 0.8863636363636364 46 0
Communication round: 72, Eavesdropper Accuracy: 0.875 46 0
Communication round: 73, Eavesdropper Accuracy: 0.8795454545454545 46 0
Communication round: 74, Eavesdropper Accuracy: 0.8795454545454545 46 0
Communication round: 75, Eavesdropper Accuracy: 0.884090909090909 46 0
Communication round: 76, Eavesdropper Accuracy: 0.8818181818181818 46 0
Communication round: 77, Eavesdropper Accuracy: 0.875 46 0
Communication round: 78, Eavesdropper Accuracy: 0.875 46 0
Communication round: 79, Eavesdropper Accuracy: 0.8818181818181818 46 0
Communication round: 80, Eavesdropper Accuracy: 0.9 46 0
Communication round: 81, Eavesdropper Accuracy: 0.8613636363636363 46 0
Communication round: 82, Eavesdropper Accuracy: 0.8681818181818182 46 0
Communication round: 83, Eavesdropper Accuracy: 0.8613636363636363 46 0
Communication round: 84, Eavesdropper Accuracy: 0.875 46 0
Communication round: 85, Eavesdropper Accuracy: 0.8772727272727273 46 0
Communication round: 86, Eavesdropper Accuracy: 0.865909090909091 46 0
Communication round: 87, Eavesdropper Accuracy: 0.875 46 0
Communication round: 88, Eavesdropper Accuracy: 0.875 46 0
Communication round: 89, Eavesdropper Accuracy: 0.8545454545454545 46 0
Communication round: 90, Eavesdropper Accuracy: 0.8590909090909091 46 0
Communication round: 91, Smart Eavesdropper Accuracy: 0.8068181818181818 46 0
Communication round: 92, Smart Eavesdropper Accuracy: 0.7272727272727273 46 0
Communication round: 93, Smart Eavesdropper Accuracy: 0.6909090909090909 46 0
Communication round: 94, Smart Eavesdropper Accuracy: 0.6909090909090909 46 0
Communication round: 95, Smart Eavesdropper Accuracy: 0.625 46 0
Communication round: 96, Smart Eavesdropper Accuracy: 0.6363636363636364 46 0
Communication round: 97, Smart Eavesdropper Accuracy: 0.6181818181818182 46 0
Communication round: 98, Smart Eavesdropper Accuracy: 0.6090909090909091 46 0
Communication round: 99, Smart Eavesdropper Accuracy: 0.5977272727272728 46 0
----------------------------------------------------------------------------------------------------
----------------------------------------------------------------------------------------------------
50_30_100_0.1_5_0.99_False_
----------------------------------------------------------------------------------------------------
Communication round: 0, Smart Eavesdropper Accuracy: 0.12954545454545455 0 0
Communication round: 1, Smart Eavesdropper Accuracy: 0.12954545454545455 1 1
Communication round: 2, Smart Eavesdropper Accuracy: 0.22272727272727272 1 0
Communication round: 3, Smart Eavesdropper Accuracy: 0.19772727272727272 2 1
Communication round: 4, Smart Eavesdropper Accuracy: 0.3 2 0
Communication round: 5, Smart Eavesdropper Accuracy: 0.2340909090909091 2 0
Communication round: 6, Smart Eavesdropper Accuracy: 0.31136363636363634 3 1
Communication round: 7, Smart Eavesdropper Accuracy: 0.31363636363636366 4 1
Communication round: 8, Aggregated Accuracies: 0.07392857142857143 5
Communication round: 8, Eavesdropper Accuracy: 0.06818181818181818 5 1
Communication round: 9, Aggregated Accuracies: 0.10833333333333335 6
Communication round: 9, Eavesdropper Accuracy: 0.08863636363636364 6 1
Communication round: 10, Eavesdropper Accuracy: 0.10681818181818181 7 1
Communication round: 11, Eavesdropper Accuracy: 0.08863636363636364 8 1
Communication round: 12, Aggregated Accuracies: 0.15476190476190477 9
Communication round: 12, Eavesdropper Accuracy: 0.16363636363636364 9 1
Communication round: 13, Aggregated Accuracies: 0.21107142857142855 10
Communication round: 13, Eavesdropper Accuracy: 0.22954545454545455 10 1
Communication round: 14, Aggregated Accuracies: 0.2408333333333333 11
Communication round: 14, Eavesdropper Accuracy: 0.2772727272727273 11 1
Communication round: 15, Eavesdropper Accuracy: 0.2772727272727273 12 1
Communication round: 16, Eavesdropper Accuracy: 0.2772727272727273 13 1
Communication round: 17, Eavesdropper Accuracy: 0.27045454545454545 14 1
Communication round: 18, Eavesdropper Accuracy: 0.2727272727272727 15 1
Communication round: 19, Eavesdropper Accuracy: 0.27954545454545454 16 1
Communication round: 20, Aggregated Accuracies: 0.29190476190476183 17
Communication round: 20, Eavesdropper Accuracy: 0.33636363636363636 17 1
Communication round: 21, Eavesdropper Accuracy: 0.33636363636363636 17 0
Communication round: 22, Eavesdropper Accuracy: 0.3159090909090909 17 0
Communication round: 23, Eavesdropper Accuracy: 0.32727272727272727 17 0
Communication round: 24, Eavesdropper Accuracy: 0.35909090909090907 17 0
Communication round: 25, Eavesdropper Accuracy: 0.35454545454545455 17 0
Communication round: 26, Eavesdropper Accuracy: 0.33181818181818185 17 0
Communication round: 27, Eavesdropper Accuracy: 0.3181818181818182 17 0
Communication round: 28, Eavesdropper Accuracy: 0.3409090909090909 17 0
Communication round: 29, Eavesdropper Accuracy: 0.33181818181818185 17 0
Communication round: 30, Eavesdropper Accuracy: 0.3159090909090909 17 0
Communication round: 31, Eavesdropper Accuracy: 0.3386363636363636 18 1
Communication round: 32, Eavesdropper Accuracy: 0.3 19 1
Communication round: 33, Eavesdropper Accuracy: 0.3181818181818182 20 1
Communication round: 34, Eavesdropper Accuracy: 0.35 21 1
Communication round: 35, Eavesdropper Accuracy: 0.3386363636363636 21 0
Communication round: 36, Eavesdropper Accuracy: 0.31136363636363634 21 0
Communication round: 37, Eavesdropper Accuracy: 0.32272727272727275 21 0
Communication round: 38, Aggregated Accuracies: 0.3314285714285714 22
Communication round: 38, Eavesdropper Accuracy: 0.37272727272727274 22 1
Communication round: 39, Eavesdropper Accuracy: 0.3931818181818182 22 0
Communication round: 40, Eavesdropper Accuracy: 0.4068181818181818 22 0
Communication round: 41, Eavesdropper Accuracy: 0.39545454545454545 22 0
Communication round: 42, Eavesdropper Accuracy: 0.4090909090909091 22 0
Communication round: 43, Smart Eavesdropper Accuracy: 0.3386363636363636 22 0
Communication round: 44, Smart Eavesdropper Accuracy: 0.3886363636363636 22 0
Communication round: 45, Smart Eavesdropper Accuracy: 0.29318181818181815 22 0
Communication round: 46, Smart Eavesdropper Accuracy: 0.39545454545454545 23 1
Communication round: 47, Smart Eavesdropper Accuracy: 0.42954545454545456 23 0
Communication round: 48, Aggregated Accuracies: 0.37750000000000017 24
Communication round: 48, Smart Eavesdropper Accuracy: 0.38181818181818183 24 1
Communication round: 49, Aggregated Accuracies: 0.42845238095238086 25
Communication round: 49, Smart Eavesdropper Accuracy: 0.4 25 1
Communication round: 50, Aggregated Accuracies: 0.46809523809523795 26
Communication round: 50, Eavesdropper Accuracy: 0.5181818181818182 26 1
Communication round: 51, Aggregated Accuracies: 0.5233333333333333 27
Communication round: 51, Eavesdropper Accuracy: 0.5954545454545455 27 1
Communication round: 52, Aggregated Accuracies: 0.5667857142857143 28
Communication round: 52, Eavesdropper Accuracy: 0.6295454545454545 28 1
Communication round: 53, Aggregated Accuracies: 0.6026190476190476 29
Communication round: 53, Eavesdropper Accuracy: 0.6318181818181818 29 1
Communication round: 54, Aggregated Accuracies: 0.6330952380952379 30
Communication round: 54, Eavesdropper Accuracy: 0.6704545454545454 30 1
Communication round: 55, Aggregated Accuracies: 0.6661904761904763 31
Communication round: 55, Eavesdropper Accuracy: 0.7431818181818182 31 1
Communication round: 56, Aggregated Accuracies: 0.6833333333333336 32
Communication round: 56, Eavesdropper Accuracy: 0.740909090909091 32 1
Communication round: 57, Aggregated Accuracies: 0.7096428571428571 33
Communication round: 57, Eavesdropper Accuracy: 0.7772727272727272 33 1
Communication round: 58, Aggregated Accuracies: 0.7375 34
Communication round: 58, Eavesdropper Accuracy: 0.8227272727272728 34 1
Communication round: 59, Eavesdropper Accuracy: 0.7772727272727272 34 0
Communication round: 60, Aggregated Accuracies: 0.7498809523809525 35
Communication round: 60, Eavesdropper Accuracy: 0.8068181818181818 35 1
Communication round: 61, Eavesdropper Accuracy: 0.8022727272727272 35 0
Communication round: 62, Eavesdropper Accuracy: 0.8295454545454546 35 0
Communication round: 63, Eavesdropper Accuracy: 0.825 35 0
Communication round: 64, Eavesdropper Accuracy: 0.8227272727272728 35 0
Communication round: 65, Aggregated Accuracies: 0.7663095238095238 36
Communication round: 65, Eavesdropper Accuracy: 0.7795454545454545 36 1
Communication round: 66, Aggregated Accuracies: 0.7825000000000002 37
Communication round: 66, Eavesdropper Accuracy: 0.8181818181818182 37 1
Communication round: 67, Aggregated Accuracies: 0.7911904761904762 38
Communication round: 67, Eavesdropper Accuracy: 0.8340909090909091 38 1
Communication round: 68, Aggregated Accuracies: 0.8061904761904759 39
Communication round: 68, Eavesdropper Accuracy: 0.8272727272727273 39 1
Communication round: 69, Aggregated Accuracies: 0.8115476190476191 40
Communication round: 69, Eavesdropper Accuracy: 0.8568181818181818 40 1
Communication round: 70, Aggregated Accuracies: 0.8190476190476187 41
Communication round: 70, Eavesdropper Accuracy: 0.8795454545454545 41 1
Communication round: 71, Aggregated Accuracies: 0.825595238095238 42
Communication round: 71, Eavesdropper Accuracy: 0.8613636363636363 42 1
Communication round: 72, Eavesdropper Accuracy: 0.8590909090909091 42 0
Communication round: 73, Aggregated Accuracies: 0.8391666666666663 43
Communication round: 73, Eavesdropper Accuracy: 0.865909090909091 43 1
Communication round: 74, Aggregated Accuracies: 0.8351190476190473 44
Communication round: 74, Eavesdropper Accuracy: 0.8590909090909091 44 1
Communication round: 75, Eavesdropper Accuracy: 0.8863636363636364 44 0
Communication round: 76, Aggregated Accuracies: 0.8509523809523811 45
Communication round: 76, Eavesdropper Accuracy: 0.8545454545454545 45 1
Communication round: 77, Eavesdropper Accuracy: 0.8727272727272727 45 0
Communication round: 78, Eavesdropper Accuracy: 0.8727272727272727 45 0
Communication round: 79, Eavesdropper Accuracy: 0.8636363636363636 45 0
Communication round: 80, Eavesdropper Accuracy: 0.8886363636363637 45 0
Communication round: 81, Eavesdropper Accuracy: 0.8704545454545455 45 0
Communication round: 82, Eavesdropper Accuracy: 0.8727272727272727 45 0
Communication round: 83, Eavesdropper Accuracy: 0.8795454545454545 45 0
Communication round: 84, Eavesdropper Accuracy: 0.8886363636363637 45 0
Communication round: 85, Eavesdropper Accuracy: 0.884090909090909 45 0
Communication round: 86, Eavesdropper Accuracy: 0.884090909090909 45 0
Communication round: 87, Eavesdropper Accuracy: 0.8704545454545455 45 0
Communication round: 88, Eavesdropper Accuracy: 0.8909090909090909 45 0
Communication round: 89, Smart Eavesdropper Accuracy: 0.8159090909090909 45 0
Communication round: 90, Smart Eavesdropper Accuracy: 0.775 45 0
Communication round: 91, Smart Eavesdropper Accuracy: 0.7477272727272727 45 0
Communication round: 92, Smart Eavesdropper Accuracy: 0.7204545454545455 45 0
Communication round: 93, Smart Eavesdropper Accuracy: 0.7068181818181818 45 0
Communication round: 94, Smart Eavesdropper Accuracy: 0.65 45 0
Communication round: 95, Smart Eavesdropper Accuracy: 0.6772727272727272 45 0
Communication round: 96, Smart Eavesdropper Accuracy: 0.6477272727272727 45 0
Communication round: 97, Smart Eavesdropper Accuracy: 0.6431818181818182 45 0
Communication round: 98, Smart Eavesdropper Accuracy: 0.6204545454545455 45 0
Communication round: 99, Smart Eavesdropper Accuracy: 0.625 45 0
----------------------------------------------------------------------------------------------------
