----------------------------------------------------------------------------------------------------
50_30_100_0.4_2_0.2_False_
----------------------------------------------------------------------------------------------------
Communication round: 0, Eavesdropper Accuracy: 0.11363636363636363 1 1
Communication round: 1, Smart Eavesdropper Accuracy: 0.25681818181818183 1 0
Communication round: 2, Smart Eavesdropper Accuracy: 0.35 1 0
Communication round: 3, Smart Eavesdropper Accuracy: 0.5045454545454545 2 1
Communication round: 4, Smart Eavesdropper Accuracy: 0.6227272727272727 2 0
Communication round: 5, Smart Eavesdropper Accuracy: 0.6318181818181818 3 1
Communication round: 6, Eavesdropper Accuracy: 0.12272727272727273 4 1
Communication round: 7, Smart Eavesdropper Accuracy: 0.22954545454545455 4 0
Communication round: 8, Eavesdropper Accuracy: 0.10909090909090909 5 1
Communication round: 9, Smart Eavesdropper Accuracy: 0.19090909090909092 5 0
Communication round: 10, Smart Eavesdropper Accuracy: 0.37272727272727274 5 0
Communication round: 11, Smart Eavesdropper Accuracy: 0.509090909090909 5 0
Communication round: 12, Smart Eavesdropper Accuracy: 0.5363636363636364 6 1
Communication round: 13, Aggregated Accuracies: 0.13738095238095238 7
Communication round: 13, Smart Eavesdropper Accuracy: 0.675 7 1
Communication round: 14, Eavesdropper Accuracy: 0.12045454545454545 8 1
Communication round: 15, Eavesdropper Accuracy: 0.12727272727272726 9 1
Communication round: 16, Aggregated Accuracies: 0.15952380952380948 10
Communication round: 16, Eavesdropper Accuracy: 0.17727272727272728 10 1
Communication round: 17, Eavesdropper Accuracy: 0.13863636363636364 10 0
Communication round: 18, Eavesdropper Accuracy: 0.16363636363636364 10 0
Communication round: 19, Aggregated Accuracies: 0.2185714285714286 11
Communication round: 19, Eavesdropper Accuracy: 0.20681818181818182 11 1
Communication round: 20, Aggregated Accuracies: 0.2735714285714285 12
Communication round: 20, Eavesdropper Accuracy: 0.33181818181818185 12 1
Communication round: 21, Aggregated Accuracies: 0.34845238095238096 13
Communication round: 21, Eavesdropper Accuracy: 0.37727272727272726 13 1
Communication round: 22, Aggregated Accuracies: 0.37952380952380965 14
Communication round: 22, Eavesdropper Accuracy: 0.45 14 1
Communication round: 23, Eavesdropper Accuracy: 0.42272727272727273 14 0
Communication round: 24, Aggregated Accuracies: 0.43952380952380954 15
Communication round: 24, Eavesdropper Accuracy: 0.4590909090909091 15 1
Communication round: 25, Aggregated Accuracies: 0.4816666666666665 16
Communication round: 25, Eavesdropper Accuracy: 0.525 16 1
Communication round: 26, Eavesdropper Accuracy: 0.5363636363636364 16 0
Communication round: 27, Eavesdropper Accuracy: 0.5295454545454545 16 0
Communication round: 28, Eavesdropper Accuracy: 0.5318181818181819 16 0
Communication round: 29, Eavesdropper Accuracy: 0.5068181818181818 16 0
Communication round: 30, Eavesdropper Accuracy: 0.5409090909090909 16 0
Communication round: 31, Smart Eavesdropper Accuracy: 0.5795454545454546 16 0
Communication round: 32, Smart Eavesdropper Accuracy: 0.6704545454545454 16 0
Communication round: 33, Smart Eavesdropper Accuracy: 0.7477272727272727 16 0
Communication round: 34, Smart Eavesdropper Accuracy: 0.7522727272727273 17 1
Communication round: 35, Aggregated Accuracies: 0.5135714285714286 18
Communication round: 35, Smart Eavesdropper Accuracy: 0.8090909090909091 18 1
Communication round: 36, Eavesdropper Accuracy: 0.5568181818181818 19 1
Communication round: 37, Eavesdropper Accuracy: 0.5204545454545455 20 1
Communication round: 38, Eavesdropper Accuracy: 0.5454545454545454 21 1
Communication round: 39, Eavesdropper Accuracy: 0.575 22 1
Communication round: 40, Eavesdropper Accuracy: 0.55 23 1
Communication round: 41, Aggregated Accuracies: 0.5428571428571429 24
Communication round: 41, Eavesdropper Accuracy: 0.575 24 1
Communication round: 42, Eavesdropper Accuracy: 0.5931818181818181 25 1
Communication round: 43, Eavesdropper Accuracy: 0.5795454545454546 26 1
Communication round: 44, Aggregated Accuracies: 0.5676190476190477 27
Communication round: 44, Eavesdropper Accuracy: 0.6090909090909091 27 1
Communication round: 45, Eavesdropper Accuracy: 0.6113636363636363 27 0
Communication round: 46, Eavesdropper Accuracy: 0.5886363636363636 27 0
Communication round: 47, Eavesdropper Accuracy: 0.6022727272727273 27 0
Communication round: 48, Eavesdropper Accuracy: 0.6545454545454545 27 0
Communication round: 49, Eavesdropper Accuracy: 0.615909090909091 27 0
Communication round: 50, Eavesdropper Accuracy: 0.6 27 0
Communication round: 51, Eavesdropper Accuracy: 0.5977272727272728 27 0
Communication round: 52, Eavesdropper Accuracy: 0.6022727272727273 27 0
Communication round: 53, Smart Eavesdropper Accuracy: 0.6545454545454545 27 0
Communication round: 54, Smart Eavesdropper Accuracy: 0.6977272727272728 27 0
Communication round: 55, Smart Eavesdropper Accuracy: 0.759090909090909 28 1
Communication round: 56, Aggregated Accuracies: 0.5965476190476191 29
Communication round: 56, Eavesdropper Accuracy: 0.6704545454545454 29 1
Communication round: 57, Aggregated Accuracies: 0.623452380952381 30
Communication round: 57, Eavesdropper Accuracy: 0.6681818181818182 30 1
Communication round: 58, Eavesdropper Accuracy: 0.6772727272727272 30 0
Communication round: 59, Smart Eavesdropper Accuracy: 0.7159090909090909 30 0
Communication round: 60, Smart Eavesdropper Accuracy: 0.7681818181818182 30 0
Communication round: 61, Smart Eavesdropper Accuracy: 0.7477272727272727 30 0
Communication round: 62, Smart Eavesdropper Accuracy: 0.7954545454545454 30 0
Communication round: 63, Smart Eavesdropper Accuracy: 0.8113636363636364 30 0
Communication round: 64, Smart Eavesdropper Accuracy: 0.8454545454545455 30 0
Communication round: 65, Smart Eavesdropper Accuracy: 0.8522727272727273 30 0
Communication round: 66, Smart Eavesdropper Accuracy: 0.8340909090909091 30 0
Communication round: 67, Smart Eavesdropper Accuracy: 0.85 31 1
Communication round: 68, Smart Eavesdropper Accuracy: 0.8681818181818182 32 1
Communication round: 69, Smart Eavesdropper Accuracy: 0.8818181818181818 32 0
Communication round: 70, Smart Eavesdropper Accuracy: 0.8795454545454545 32 0
Communication round: 71, Smart Eavesdropper Accuracy: 0.8818181818181818 32 0
Communication round: 72, Smart Eavesdropper Accuracy: 0.9022727272727272 32 0
Communication round: 73, Smart Eavesdropper Accuracy: 0.8772727272727273 32 0
Communication round: 74, Smart Eavesdropper Accuracy: 0.884090909090909 33 1
Communication round: 75, Smart Eavesdropper Accuracy: 0.8931818181818182 33 0
Communication round: 76, Smart Eavesdropper Accuracy: 0.8818181818181818 33 0
Communication round: 77, Smart Eavesdropper Accuracy: 0.8977272727272727 33 0
Communication round: 78, Smart Eavesdropper Accuracy: 0.8931818181818182 33 0
Communication round: 79, Smart Eavesdropper Accuracy: 0.9022727272727272 33 0
Communication round: 80, Smart Eavesdropper Accuracy: 0.9 33 0
Communication round: 81, Smart Eavesdropper Accuracy: 0.925 33 0
Communication round: 82, Smart Eavesdropper Accuracy: 0.9204545454545454 33 0
Communication round: 83, Smart Eavesdropper Accuracy: 0.9227272727272727 33 0
Communication round: 84, Aggregated Accuracies: 0.6444047619047617 34
Communication round: 84, Smart Eavesdropper Accuracy: 0.8818181818181818 34 1
Communication round: 85, Smart Eavesdropper Accuracy: 0.9204545454545454 34 0
Communication round: 86, Smart Eavesdropper Accuracy: 0.9090909090909091 34 0
Communication round: 87, Smart Eavesdropper Accuracy: 0.9045454545454545 34 0
Communication round: 88, Smart Eavesdropper Accuracy: 0.9227272727272727 34 0
Communication round: 89, Smart Eavesdropper Accuracy: 0.9295454545454546 34 0
Communication round: 90, Smart Eavesdropper Accuracy: 0.9159090909090909 34 0
Communication round: 91, Smart Eavesdropper Accuracy: 0.925 34 0
Communication round: 92, Smart Eavesdropper Accuracy: 0.9204545454545454 34 0
Communication round: 93, Smart Eavesdropper Accuracy: 0.8886363636363637 34 0
Communication round: 94, Smart Eavesdropper Accuracy: 0.9295454545454546 34 0
Communication round: 95, Smart Eavesdropper Accuracy: 0.9090909090909091 34 0
Communication round: 96, Smart Eavesdropper Accuracy: 0.9159090909090909 34 0
Communication round: 97, Smart Eavesdropper Accuracy: 0.9181818181818182 34 0
Communication round: 98, Smart Eavesdropper Accuracy: 0.9295454545454546 34 0
Communication round: 99, Smart Eavesdropper Accuracy: 0.9318181818181818 34 0
----------------------------------------------------------------------------------------------------
----------------------------------------------------------------------------------------------------
50_30_100_0.4_2_0.2_False_
----------------------------------------------------------------------------------------------------
Communication round: 0, Smart Eavesdropper Accuracy: 0.21818181818181817 0 0
Communication round: 1, Smart Eavesdropper Accuracy: 0.3477272727272727 0 0
Communication round: 2, Smart Eavesdropper Accuracy: 0.475 0 0
Communication round: 3, Smart Eavesdropper Accuracy: 0.5659090909090909 1 1
Communication round: 4, Smart Eavesdropper Accuracy: 0.6477272727272727 2 1
Communication round: 5, Smart Eavesdropper Accuracy: 0.7136363636363636 3 1
Communication round: 6, Smart Eavesdropper Accuracy: 0.7454545454545455 3 0
Communication round: 7, Smart Eavesdropper Accuracy: 0.775 3 0
Communication round: 8, Smart Eavesdropper Accuracy: 0.8 4 1
Communication round: 9, Smart Eavesdropper Accuracy: 0.8272727272727273 5 1
Communication round: 10, Eavesdropper Accuracy: 0.1318181818181818 6 1
Communication round: 11, Eavesdropper Accuracy: 0.15227272727272728 7 1
Communication round: 12, Eavesdropper Accuracy: 0.1318181818181818 8 1
Communication round: 13, Eavesdropper Accuracy: 0.1340909090909091 9 1
Communication round: 14, Aggregated Accuracies: 0.14488095238095236 10
Communication round: 14, Eavesdropper Accuracy: 0.1590909090909091 10 1
Communication round: 15, Eavesdropper Accuracy: 0.15227272727272728 11 1
Communication round: 16, Aggregated Accuracies: 0.19797619047619056 12
Communication round: 16, Eavesdropper Accuracy: 0.20454545454545456 12 1
Communication round: 17, Eavesdropper Accuracy: 0.2159090909090909 13 1
Communication round: 18, Eavesdropper Accuracy: 0.25 13 0
Communication round: 19, Eavesdropper Accuracy: 0.2159090909090909 13 0
Communication round: 20, Eavesdropper Accuracy: 0.20909090909090908 13 0
Communication round: 21, Eavesdropper Accuracy: 0.2409090909090909 13 0
Communication round: 22, Eavesdropper Accuracy: 0.24545454545454545 13 0
Communication round: 23, Eavesdropper Accuracy: 0.22272727272727272 13 0
Communication round: 24, Eavesdropper Accuracy: 0.225 13 0
Communication round: 25, Smart Eavesdropper Accuracy: 0.27954545454545454 13 0
Communication round: 26, Smart Eavesdropper Accuracy: 0.45681818181818185 13 0
Communication round: 27, Smart Eavesdropper Accuracy: 0.5681818181818182 14 1
Communication round: 28, Aggregated Accuracies: 0.22083333333333335 15
Communication round: 28, Eavesdropper Accuracy: 0.23863636363636365 15 1
Communication round: 29, Eavesdropper Accuracy: 0.24772727272727274 16 1
Communication round: 30, Aggregated Accuracies: 0.2795238095238095 17
Communication round: 30, Eavesdropper Accuracy: 0.29772727272727273 17 1
Communication round: 31, Eavesdropper Accuracy: 0.32045454545454544 18 1
Communication round: 32, Aggregated Accuracies: 0.32428571428571423 19
Communication round: 32, Eavesdropper Accuracy: 0.3795454545454545 19 1
Communication round: 33, Aggregated Accuracies: 0.39119047619047614 20
Communication round: 33, Eavesdropper Accuracy: 0.4340909090909091 20 1
Communication round: 34, Aggregated Accuracies: 0.45511904761904776 21
Communication round: 34, Eavesdropper Accuracy: 0.5386363636363637 21 1
Communication round: 35, Eavesdropper Accuracy: 0.5204545454545455 22 1
Communication round: 36, Eavesdropper Accuracy: 0.4909090909090909 23 1
Communication round: 37, Eavesdropper Accuracy: 0.5181818181818182 24 1
Communication round: 38, Eavesdropper Accuracy: 0.5522727272727272 25 1
Communication round: 39, Eavesdropper Accuracy: 0.5181818181818182 25 0
Communication round: 40, Eavesdropper Accuracy: 0.5045454545454545 25 0
Communication round: 41, Eavesdropper Accuracy: 0.5340909090909091 25 0
Communication round: 42, Eavesdropper Accuracy: 0.5295454545454545 25 0
Communication round: 43, Eavesdropper Accuracy: 0.4909090909090909 25 0
Communication round: 44, Eavesdropper Accuracy: 0.5204545454545455 26 1
Communication round: 45, Eavesdropper Accuracy: 0.5136363636363637 27 1
Communication round: 46, Eavesdropper Accuracy: 0.5136363636363637 28 1
Communication round: 47, Eavesdropper Accuracy: 0.5363636363636364 28 0
Communication round: 48, Eavesdropper Accuracy: 0.5136363636363637 28 0
Communication round: 49, Eavesdropper Accuracy: 0.5113636363636364 28 0
Communication round: 50, Eavesdropper Accuracy: 0.5 28 0
Communication round: 51, Eavesdropper Accuracy: 0.5 29 1
Communication round: 52, Eavesdropper Accuracy: 0.5386363636363637 29 0
Communication round: 53, Eavesdropper Accuracy: 0.5340909090909091 30 1
Communication round: 54, Aggregated Accuracies: 0.4913095238095238 31
Communication round: 54, Eavesdropper Accuracy: 0.5454545454545454 31 1
Communication round: 55, Aggregated Accuracies: 0.5179761904761906 32
Communication round: 55, Eavesdropper Accuracy: 0.5795454545454546 32 1
Communication round: 56, Eavesdropper Accuracy: 0.5886363636363636 33 1
Communication round: 57, Eavesdropper Accuracy: 0.5795454545454546 34 1
Communication round: 58, Aggregated Accuracies: 0.5629761904761906 35
Communication round: 58, Eavesdropper Accuracy: 0.6045454545454545 35 1
Communication round: 59, Aggregated Accuracies: 0.5829761904761903 36
Communication round: 59, Eavesdropper Accuracy: 0.6409090909090909 36 1
Communication round: 60, Eavesdropper Accuracy: 0.6522727272727272 37 1
Communication round: 61, Eavesdropper Accuracy: 0.6522727272727272 38 1
Communication round: 62, Aggregated Accuracies: 0.6154761904761904 39
Communication round: 62, Eavesdropper Accuracy: 0.6545454545454545 39 1
Communication round: 63, Aggregated Accuracies: 0.6292857142857144 40
Communication round: 63, Eavesdropper Accuracy: 0.6909090909090909 40 1
Communication round: 64, Eavesdropper Accuracy: 0.7 40 0
Communication round: 65, Eavesdropper Accuracy: 0.6818181818181818 40 0
Communication round: 66, Aggregated Accuracies: 0.6470238095238097 41
Communication round: 66, Eavesdropper Accuracy: 0.7022727272727273 41 1
Communication round: 67, Aggregated Accuracies: 0.6733333333333333 42
Communication round: 67, Eavesdropper Accuracy: 0.7227272727272728 42 1
Communication round: 68, Aggregated Accuracies: 0.693452380952381 43
Communication round: 68, Eavesdropper Accuracy: 0.7568181818181818 43 1
Communication round: 69, Aggregated Accuracies: 0.7115476190476191 44
Communication round: 69, Eavesdropper Accuracy: 0.7886363636363637 44 1
Communication round: 70, Aggregated Accuracies: 0.732261904761905 45
Communication round: 70, Eavesdropper Accuracy: 0.7818181818181819 45 1
Communication round: 71, Aggregated Accuracies: 0.7483333333333332 46
Communication round: 71, Eavesdropper Accuracy: 0.825 46 1
Communication round: 72, Aggregated Accuracies: 0.7646428571428571 47
Communication round: 72, Eavesdropper Accuracy: 0.8113636363636364 47 1
Communication round: 73, Aggregated Accuracies: 0.7741666666666667 48
Communication round: 73, Eavesdropper Accuracy: 0.8159090909090909 48 1
Communication round: 74, Aggregated Accuracies: 0.7767857142857142 49
Communication round: 74, Eavesdropper Accuracy: 0.8204545454545454 49 1
Communication round: 75, Aggregated Accuracies: 0.7934523809523811 50
Communication round: 75, Eavesdropper Accuracy: 0.8295454545454546 50 1
Communication round: 76, Aggregated Accuracies: 0.8017857142857143 51
Communication round: 76, Eavesdropper Accuracy: 0.8340909090909091 51 1
Communication round: 77, Aggregated Accuracies: 0.8076190476190476 52
Communication round: 77, Eavesdropper Accuracy: 0.8068181818181818 52 1
Communication round: 78, Aggregated Accuracies: 0.8217857142857141 53
Communication round: 78, Eavesdropper Accuracy: 0.85 53 1
Communication round: 79, Aggregated Accuracies: 0.8304761904761907 54
Communication round: 79, Eavesdropper Accuracy: 0.8568181818181818 54 1
Communication round: 80, Aggregated Accuracies: 0.8346428571428572 55
Communication round: 80, Eavesdropper Accuracy: 0.8613636363636363 55 1
Communication round: 81, Aggregated Accuracies: 0.8440476190476192 56
Communication round: 81, Eavesdropper Accuracy: 0.8568181818181818 56 1
Communication round: 82, Eavesdropper Accuracy: 0.8681818181818182 56 0
Communication round: 83, Eavesdropper Accuracy: 0.8931818181818182 56 0
Communication round: 84, Eavesdropper Accuracy: 0.865909090909091 56 0
Communication round: 85, Eavesdropper Accuracy: 0.8568181818181818 56 0
Communication round: 86, Eavesdropper Accuracy: 0.8727272727272727 56 0
Communication round: 87, Eavesdropper Accuracy: 0.8772727272727273 56 0
Communication round: 88, Eavesdropper Accuracy: 0.8613636363636363 56 0
Communication round: 89, Eavesdropper Accuracy: 0.8795454545454545 56 0
Communication round: 90, Eavesdropper Accuracy: 0.8545454545454545 56 0
Communication round: 91, Eavesdropper Accuracy: 0.8795454545454545 56 0
Communication round: 92, Eavesdropper Accuracy: 0.8681818181818182 56 0
Communication round: 93, Eavesdropper Accuracy: 0.8545454545454545 56 0
Communication round: 94, Eavesdropper Accuracy: 0.8704545454545455 56 0
Communication round: 95, Eavesdropper Accuracy: 0.8704545454545455 56 0
Communication round: 96, Eavesdropper Accuracy: 0.8636363636363636 56 0
Communication round: 97, Eavesdropper Accuracy: 0.8772727272727273 56 0
Communication round: 98, Eavesdropper Accuracy: 0.875 56 0
Communication round: 99, Eavesdropper Accuracy: 0.8590909090909091 56 0
----------------------------------------------------------------------------------------------------
----------------------------------------------------------------------------------------------------
50_30_100_0.4_2_0.2_False_
----------------------------------------------------------------------------------------------------
Communication round: 0, Eavesdropper Accuracy: 0.05 1 1
Communication round: 1, Eavesdropper Accuracy: 0.04090909090909091 2 1
Communication round: 2, Eavesdropper Accuracy: 0.05454545454545454 2 0
Communication round: 3, Aggregated Accuracies: 0.09761904761904763 3
Communication round: 3, Eavesdropper Accuracy: 0.05 3 1
Communication round: 4, Aggregated Accuracies: 0.11464285714285712 4
Communication round: 4, Eavesdropper Accuracy: 0.07045454545454545 4 1
Communication round: 5, Eavesdropper Accuracy: 0.0659090909090909 5 1
Communication round: 6, Eavesdropper Accuracy: 0.08409090909090909 5 0
Communication round: 7, Eavesdropper Accuracy: 0.056818181818181816 5 0
Communication round: 8, Eavesdropper Accuracy: 0.08409090909090909 6 1
Communication round: 9, Eavesdropper Accuracy: 0.08181818181818182 7 1
Communication round: 10, Eavesdropper Accuracy: 0.07272727272727272 8 1
Communication round: 11, Eavesdropper Accuracy: 0.075 9 1
Communication round: 12, Aggregated Accuracies: 0.1563095238095238 10
Communication round: 12, Eavesdropper Accuracy: 0.15454545454545454 10 1
Communication round: 13, Eavesdropper Accuracy: 0.16363636363636364 11 1
Communication round: 14, Eavesdropper Accuracy: 0.1409090909090909 12 1
Communication round: 15, Eavesdropper Accuracy: 0.15227272727272728 13 1
Communication round: 16, Eavesdropper Accuracy: 0.14545454545454545 13 0
Communication round: 17, Eavesdropper Accuracy: 0.12727272727272726 14 1
Communication round: 18, Eavesdropper Accuracy: 0.125 15 1
Communication round: 19, Aggregated Accuracies: 0.20892857142857144 16
Communication round: 19, Eavesdropper Accuracy: 0.19772727272727272 16 1
Communication round: 20, Eavesdropper Accuracy: 0.22272727272727272 17 1
Communication round: 21, Eavesdropper Accuracy: 0.2409090909090909 18 1
Communication round: 22, Eavesdropper Accuracy: 0.22954545454545455 18 0
Communication round: 23, Eavesdropper Accuracy: 0.19318181818181818 18 0
Communication round: 24, Eavesdropper Accuracy: 0.22954545454545455 18 0
Communication round: 25, Eavesdropper Accuracy: 0.225 19 1
Communication round: 26, Aggregated Accuracies: 0.26333333333333336 20
Communication round: 26, Eavesdropper Accuracy: 0.2818181818181818 20 1
Communication round: 27, Aggregated Accuracies: 0.31523809523809526 21
Communication round: 27, Eavesdropper Accuracy: 0.33636363636363636 21 1
Communication round: 28, Aggregated Accuracies: 0.35583333333333345 22
Communication round: 28, Eavesdropper Accuracy: 0.42727272727272725 22 1
Communication round: 29, Eavesdropper Accuracy: 0.40454545454545454 22 0
Communication round: 30, Aggregated Accuracies: 0.40726190476190477 23
Communication round: 30, Eavesdropper Accuracy: 0.4590909090909091 23 1
Communication round: 31, Eavesdropper Accuracy: 0.4409090909090909 23 0
Communication round: 32, Eavesdropper Accuracy: 0.4409090909090909 23 0
Communication round: 33, Eavesdropper Accuracy: 0.48409090909090907 23 0
Communication round: 34, Aggregated Accuracies: 0.449404761904762 24
Communication round: 34, Eavesdropper Accuracy: 0.5068181818181818 24 1
Communication round: 35, Eavesdropper Accuracy: 0.48863636363636365 25 1
Communication round: 36, Eavesdropper Accuracy: 0.4954545454545455 26 1
Communication round: 37, Aggregated Accuracies: 0.4916666666666666 27
Communication round: 37, Eavesdropper Accuracy: 0.5477272727272727 27 1
Communication round: 38, Eavesdropper Accuracy: 0.5454545454545454 27 0
Communication round: 39, Eavesdropper Accuracy: 0.5227272727272727 27 0
Communication round: 40, Eavesdropper Accuracy: 0.5386363636363637 27 0
Communication round: 41, Eavesdropper Accuracy: 0.5431818181818182 28 1
Communication round: 42, Eavesdropper Accuracy: 0.5227272727272727 29 1
Communication round: 43, Eavesdropper Accuracy: 0.5727272727272728 29 0
Communication round: 44, Eavesdropper Accuracy: 0.5545454545454546 30 1
Communication round: 45, Eavesdropper Accuracy: 0.5318181818181819 30 0
Communication round: 46, Eavesdropper Accuracy: 0.5295454545454545 30 0
Communication round: 47, Eavesdropper Accuracy: 0.5318181818181819 31 1
Communication round: 48, Eavesdropper Accuracy: 0.5318181818181819 32 1
Communication round: 49, Eavesdropper Accuracy: 0.5545454545454546 33 1
Communication round: 50, Eavesdropper Accuracy: 0.5136363636363637 34 1
Communication round: 51, Eavesdropper Accuracy: 0.5590909090909091 34 0
Communication round: 52, Aggregated Accuracies: 0.535595238095238 35
Communication round: 52, Eavesdropper Accuracy: 0.5818181818181818 35 1
Communication round: 53, Aggregated Accuracies: 0.5733333333333334 36
Communication round: 53, Eavesdropper Accuracy: 0.6227272727272727 36 1
Communication round: 54, Aggregated Accuracies: 0.593095238095238 37
Communication round: 54, Eavesdropper Accuracy: 0.6454545454545455 37 1
Communication round: 55, Eavesdropper Accuracy: 0.6363636363636364 37 0
Communication round: 56, Aggregated Accuracies: 0.6213095238095238 38
Communication round: 56, Eavesdropper Accuracy: 0.6590909090909091 38 1
Communication round: 57, Aggregated Accuracies: 0.6520238095238093 39
Communication round: 57, Eavesdropper Accuracy: 0.7522727272727273 39 1
Communication round: 58, Aggregated Accuracies: 0.6815476190476191 40
Communication round: 58, Eavesdropper Accuracy: 0.7363636363636363 40 1
Communication round: 59, Aggregated Accuracies: 0.6985714285714286 41
Communication round: 59, Eavesdropper Accuracy: 0.7522727272727273 41 1
Communication round: 60, Aggregated Accuracies: 0.7195238095238095 42
Communication round: 60, Eavesdropper Accuracy: 0.7704545454545455 42 1
Communication round: 61, Eavesdropper Accuracy: 0.7931818181818182 42 0
Communication round: 62, Aggregated Accuracies: 0.7439285714285715 43
Communication round: 62, Eavesdropper Accuracy: 0.7931818181818182 43 1
Communication round: 63, Aggregated Accuracies: 0.7576190476190474 44
Communication round: 63, Eavesdropper Accuracy: 0.8181818181818182 44 1
Communication round: 64, Aggregated Accuracies: 0.7695238095238095 45
Communication round: 64, Eavesdropper Accuracy: 0.8204545454545454 45 1
Communication round: 65, Aggregated Accuracies: 0.7834523809523813 46
Communication round: 65, Eavesdropper Accuracy: 0.8113636363636364 46 1
Communication round: 66, Aggregated Accuracies: 0.7926190476190476 47
Communication round: 66, Eavesdropper Accuracy: 0.8454545454545455 47 1
Communication round: 67, Aggregated Accuracies: 0.8004761904761903 48
Communication round: 67, Eavesdropper Accuracy: 0.8613636363636363 48 1
Communication round: 68, Aggregated Accuracies: 0.8045238095238095 49
Communication round: 68, Eavesdropper Accuracy: 0.8363636363636363 49 1
Communication round: 69, Aggregated Accuracies: 0.8192857142857142 50
Communication round: 69, Eavesdropper Accuracy: 0.8681818181818182 50 1
Communication round: 70, Aggregated Accuracies: 0.8300000000000002 51
Communication round: 70, Eavesdropper Accuracy: 0.875 51 1
Communication round: 71, Aggregated Accuracies: 0.8315476190476191 52
Communication round: 71, Eavesdropper Accuracy: 0.8772727272727273 52 1
Communication round: 72, Eavesdropper Accuracy: 0.8681818181818182 53 1
Communication round: 73, Eavesdropper Accuracy: 0.875 53 0
Communication round: 74, Eavesdropper Accuracy: 0.8681818181818182 53 0
Communication round: 75, Eavesdropper Accuracy: 0.875 53 0
Communication round: 76, Eavesdropper Accuracy: 0.8636363636363636 53 0
Communication round: 77, Eavesdropper Accuracy: 0.8931818181818182 53 0
Communication round: 78, Eavesdropper Accuracy: 0.875 53 0
Communication round: 79, Eavesdropper Accuracy: 0.8772727272727273 54 1
Communication round: 80, Eavesdropper Accuracy: 0.875 55 1
Communication round: 81, Aggregated Accuracies: 0.8423809523809527 56
Communication round: 81, Eavesdropper Accuracy: 0.8818181818181818 56 1
Communication round: 82, Eavesdropper Accuracy: 0.8568181818181818 56 0
Communication round: 83, Aggregated Accuracies: 0.846190476190476 57
Communication round: 83, Eavesdropper Accuracy: 0.8886363636363637 57 1
Communication round: 84, Eavesdropper Accuracy: 0.8727272727272727 57 0
Communication round: 85, Eavesdropper Accuracy: 0.884090909090909 57 0
Communication round: 86, Eavesdropper Accuracy: 0.884090909090909 57 0
Communication round: 87, Eavesdropper Accuracy: 0.875 57 0
Communication round: 88, Eavesdropper Accuracy: 0.8818181818181818 57 0
Communication round: 89, Eavesdropper Accuracy: 0.8886363636363637 57 0
Communication round: 90, Eavesdropper Accuracy: 0.875 57 0
Communication round: 91, Eavesdropper Accuracy: 0.875 57 0
Communication round: 92, Eavesdropper Accuracy: 0.8727272727272727 57 0
Communication round: 93, Eavesdropper Accuracy: 0.8795454545454545 57 0
Communication round: 94, Eavesdropper Accuracy: 0.884090909090909 57 0
Communication round: 95, Eavesdropper Accuracy: 0.8977272727272727 57 0
Communication round: 96, Eavesdropper Accuracy: 0.875 57 0
Communication round: 97, Eavesdropper Accuracy: 0.8795454545454545 57 0
Communication round: 98, Eavesdropper Accuracy: 0.884090909090909 57 0
Communication round: 99, Eavesdropper Accuracy: 0.9 57 0
----------------------------------------------------------------------------------------------------
----------------------------------------------------------------------------------------------------
50_30_100_0.4_2_0.2_False_
----------------------------------------------------------------------------------------------------
Communication round: 0, Smart Eavesdropper Accuracy: 0.17954545454545454 0 0
Communication round: 1, Aggregated Accuracies: 0.12035714285714284 1
Communication round: 1, Smart Eavesdropper Accuracy: 0.275 1 1
Communication round: 2, Eavesdropper Accuracy: 0.10681818181818181 2 1
Communication round: 3, Eavesdropper Accuracy: 0.1159090909090909 3 1
Communication round: 4, Eavesdropper Accuracy: 0.10909090909090909 4 1
Communication round: 5, Eavesdropper Accuracy: 0.11818181818181818 5 1
Communication round: 6, Aggregated Accuracies: 0.1488095238095238 6
Communication round: 6, Eavesdropper Accuracy: 0.15681818181818183 6 1
Communication round: 7, Aggregated Accuracies: 0.19738095238095238 7
Communication round: 7, Eavesdropper Accuracy: 0.21136363636363636 7 1
Communication round: 8, Aggregated Accuracies: 0.23869047619047623 8
Communication round: 8, Eavesdropper Accuracy: 0.24545454545454545 8 1
Communication round: 9, Eavesdropper Accuracy: 0.27045454545454545 9 1
Communication round: 10, Eavesdropper Accuracy: 0.2681818181818182 10 1
Communication round: 11, Eavesdropper Accuracy: 0.22954545454545455 11 1
Communication round: 12, Aggregated Accuracies: 0.27226190476190487 12
Communication round: 12, Eavesdropper Accuracy: 0.32272727272727275 12 1
Communication round: 13, Eavesdropper Accuracy: 0.31363636363636366 13 1
Communication round: 14, Eavesdropper Accuracy: 0.30454545454545456 14 1
Communication round: 15, Eavesdropper Accuracy: 0.29772727272727273 15 1
Communication round: 16, Eavesdropper Accuracy: 0.29318181818181815 16 1
Communication round: 17, Eavesdropper Accuracy: 0.32954545454545453 17 1
Communication round: 18, Eavesdropper Accuracy: 0.3159090909090909 18 1
Communication round: 19, Eavesdropper Accuracy: 0.3181818181818182 19 1
Communication round: 20, Eavesdropper Accuracy: 0.29772727272727273 20 1
Communication round: 21, Eavesdropper Accuracy: 0.32727272727272727 21 1
Communication round: 22, Eavesdropper Accuracy: 0.3 22 1
Communication round: 23, Aggregated Accuracies: 0.31892857142857134 23
Communication round: 23, Eavesdropper Accuracy: 0.38181818181818183 23 1
Communication round: 24, Eavesdropper Accuracy: 0.3931818181818182 24 1
Communication round: 25, Eavesdropper Accuracy: 0.3931818181818182 24 0
Communication round: 26, Eavesdropper Accuracy: 0.3522727272727273 24 0
Communication round: 27, Eavesdropper Accuracy: 0.37727272727272726 25 1
Communication round: 28, Eavesdropper Accuracy: 0.3840909090909091 26 1
Communication round: 29, Eavesdropper Accuracy: 0.39090909090909093 27 1
Communication round: 30, Aggregated Accuracies: 0.368452380952381 28
Communication round: 30, Eavesdropper Accuracy: 0.42727272727272725 28 1
Communication round: 31, Eavesdropper Accuracy: 0.4090909090909091 29 1
Communication round: 32, Eavesdropper Accuracy: 0.3840909090909091 30 1
Communication round: 33, Eavesdropper Accuracy: 0.4318181818181818 31 1
Communication round: 34, Eavesdropper Accuracy: 0.44545454545454544 31 0
Communication round: 35, Aggregated Accuracies: 0.4214285714285715 32
Communication round: 35, Eavesdropper Accuracy: 0.49772727272727274 32 1
Communication round: 36, Aggregated Accuracies: 0.4648809523809523 33
Communication round: 36, Eavesdropper Accuracy: 0.5045454545454545 33 1
Communication round: 37, Aggregated Accuracies: 0.5096428571428573 34
Communication round: 37, Eavesdropper Accuracy: 0.5477272727272727 34 1
Communication round: 38, Aggregated Accuracies: 0.5430952380952381 35
Communication round: 38, Eavesdropper Accuracy: 0.5909090909090909 35 1
Communication round: 39, Aggregated Accuracies: 0.5735714285714284 36
Communication round: 39, Eavesdropper Accuracy: 0.6136363636363636 36 1
Communication round: 40, Eavesdropper Accuracy: 0.6181818181818182 36 0
Communication round: 41, Eavesdropper Accuracy: 0.6136363636363636 36 0
Communication round: 42, Aggregated Accuracies: 0.5933333333333333 37
Communication round: 42, Eavesdropper Accuracy: 0.6113636363636363 37 1
Communication round: 43, Eavesdropper Accuracy: 0.6431818181818182 37 0
Communication round: 44, Aggregated Accuracies: 0.6205952380952383 38
Communication round: 44, Eavesdropper Accuracy: 0.675 38 1
Communication round: 45, Eavesdropper Accuracy: 0.6727272727272727 38 0
Communication round: 46, Eavesdropper Accuracy: 0.6545454545454545 38 0
Communication round: 47, Eavesdropper Accuracy: 0.6636363636363637 38 0
Communication round: 48, Eavesdropper Accuracy: 0.6522727272727272 38 0
Communication round: 49, Eavesdropper Accuracy: 0.6568181818181819 38 0
Communication round: 50, Eavesdropper Accuracy: 0.65 38 0
Communication round: 51, Eavesdropper Accuracy: 0.675 39 1
Communication round: 52, Eavesdropper Accuracy: 0.634090909090909 39 0
Communication round: 53, Eavesdropper Accuracy: 0.6659090909090909 39 0
Communication round: 54, Aggregated Accuracies: 0.6335714285714286 40
Communication round: 54, Eavesdropper Accuracy: 0.6727272727272727 40 1
Communication round: 55, Aggregated Accuracies: 0.6565476190476188 41
Communication round: 55, Eavesdropper Accuracy: 0.7090909090909091 41 1
Communication round: 56, Aggregated Accuracies: 0.6790476190476192 42
Communication round: 56, Eavesdropper Accuracy: 0.6977272727272728 42 1
Communication round: 57, Aggregated Accuracies: 0.6951190476190477 43
Communication round: 57, Eavesdropper Accuracy: 0.7386363636363636 43 1
Communication round: 58, Aggregated Accuracies: 0.717142857142857 44
Communication round: 58, Eavesdropper Accuracy: 0.7681818181818182 44 1
Communication round: 59, Aggregated Accuracies: 0.7283333333333333 45
Communication round: 59, Eavesdropper Accuracy: 0.7681818181818182 45 1
Communication round: 60, Aggregated Accuracies: 0.7430952380952383 46
Communication round: 60, Eavesdropper Accuracy: 0.7886363636363637 46 1
Communication round: 61, Aggregated Accuracies: 0.7571428571428572 47
Communication round: 61, Eavesdropper Accuracy: 0.7909090909090909 47 1
Communication round: 62, Aggregated Accuracies: 0.7654761904761906 48
Communication round: 62, Eavesdropper Accuracy: 0.8068181818181818 48 1
Communication round: 63, Aggregated Accuracies: 0.7744047619047622 49
Communication round: 63, Eavesdropper Accuracy: 0.8045454545454546 49 1
Communication round: 64, Aggregated Accuracies: 0.7870238095238097 50
Communication round: 64, Eavesdropper Accuracy: 0.8136363636363636 50 1
Communication round: 65, Aggregated Accuracies: 0.7916666666666667 51
Communication round: 65, Eavesdropper Accuracy: 0.8159090909090909 51 1
Communication round: 66, Aggregated Accuracies: 0.7978571428571429 52
Communication round: 66, Eavesdropper Accuracy: 0.8045454545454546 52 1
Communication round: 67, Aggregated Accuracies: 0.8097619047619046 53
Communication round: 67, Eavesdropper Accuracy: 0.825 53 1
Communication round: 68, Aggregated Accuracies: 0.8144047619047617 54
Communication round: 68, Eavesdropper Accuracy: 0.8340909090909091 54 1
Communication round: 69, Eavesdropper Accuracy: 0.8181818181818182 55 1
Communication round: 70, Eavesdropper Accuracy: 0.8227272727272728 55 0
Communication round: 71, Eavesdropper Accuracy: 0.8113636363636364 55 0
Communication round: 72, Eavesdropper Accuracy: 0.8159090909090909 55 0
Communication round: 73, Eavesdropper Accuracy: 0.8272727272727273 55 0
Communication round: 74, Eavesdropper Accuracy: 0.8363636363636363 55 0
Communication round: 75, Eavesdropper Accuracy: 0.8204545454545454 55 0
Communication round: 76, Eavesdropper Accuracy: 0.8181818181818182 55 0
Communication round: 77, Eavesdropper Accuracy: 0.8136363636363636 55 0
Communication round: 78, Eavesdropper Accuracy: 0.8181818181818182 55 0
Communication round: 79, Eavesdropper Accuracy: 0.8113636363636364 55 0
Communication round: 80, Eavesdropper Accuracy: 0.8227272727272728 55 0
Communication round: 81, Eavesdropper Accuracy: 0.8204545454545454 56 1
Communication round: 82, Eavesdropper Accuracy: 0.8045454545454546 56 0
Communication round: 83, Eavesdropper Accuracy: 0.8295454545454546 56 0
Communication round: 84, Eavesdropper Accuracy: 0.8090909090909091 56 0
Communication round: 85, Eavesdropper Accuracy: 0.8409090909090909 56 0
Communication round: 86, Eavesdropper Accuracy: 0.8386363636363636 56 0
Communication round: 87, Eavesdropper Accuracy: 0.8522727272727273 56 0
Communication round: 88, Eavesdropper Accuracy: 0.8318181818181818 56 0
Communication round: 89, Eavesdropper Accuracy: 0.8022727272727272 56 0
Communication round: 90, Eavesdropper Accuracy: 0.8295454545454546 56 0
Communication round: 91, Eavesdropper Accuracy: 0.8386363636363636 56 0
Communication round: 92, Eavesdropper Accuracy: 0.8181818181818182 56 0
Communication round: 93, Eavesdropper Accuracy: 0.8181818181818182 56 0
Communication round: 94, Eavesdropper Accuracy: 0.825 56 0
Communication round: 95, Eavesdropper Accuracy: 0.8272727272727273 56 0
Communication round: 96, Eavesdropper Accuracy: 0.8159090909090909 56 0
Communication round: 97, Eavesdropper Accuracy: 0.8227272727272728 56 0
Communication round: 98, Eavesdropper Accuracy: 0.825 56 0
Communication round: 99, Eavesdropper Accuracy: 0.8340909090909091 56 0
----------------------------------------------------------------------------------------------------
----------------------------------------------------------------------------------------------------
50_30_100_0.4_2_0.2_False_
----------------------------------------------------------------------------------------------------
Communication round: 0, Smart Eavesdropper Accuracy: 0.15454545454545454 0 0
Communication round: 1, Smart Eavesdropper Accuracy: 0.37272727272727274 1 1
Communication round: 2, Eavesdropper Accuracy: 0.09318181818181819 2 1
Communication round: 3, Eavesdropper Accuracy: 0.09318181818181819 3 1
Communication round: 4, Eavesdropper Accuracy: 0.09090909090909091 3 0
Communication round: 5, Eavesdropper Accuracy: 0.10909090909090909 4 1
Communication round: 6, Eavesdropper Accuracy: 0.09772727272727273 5 1
Communication round: 7, Aggregated Accuracies: 0.10880952380952381 6
Communication round: 7, Eavesdropper Accuracy: 0.09090909090909091 6 1
Communication round: 8, Aggregated Accuracies: 0.11630952380952383 7
Communication round: 8, Eavesdropper Accuracy: 0.1159090909090909 7 1
Communication round: 9, Aggregated Accuracies: 0.16892857142857143 8
Communication round: 9, Eavesdropper Accuracy: 0.15454545454545454 8 1
Communication round: 10, Aggregated Accuracies: 0.20571428571428574 9
Communication round: 10, Eavesdropper Accuracy: 0.225 9 1
Communication round: 11, Eavesdropper Accuracy: 0.22272727272727272 9 0
Communication round: 12, Aggregated Accuracies: 0.27809523809523806 10
Communication round: 12, Eavesdropper Accuracy: 0.3090909090909091 10 1
Communication round: 13, Eavesdropper Accuracy: 0.3 10 0
Communication round: 14, Eavesdropper Accuracy: 0.2909090909090909 10 0
Communication round: 15, Aggregated Accuracies: 0.360357142857143 11
Communication round: 15, Eavesdropper Accuracy: 0.37272727272727274 11 1
Communication round: 16, Eavesdropper Accuracy: 0.3931818181818182 11 0
Communication round: 17, Eavesdropper Accuracy: 0.40454545454545454 11 0
Communication round: 18, Eavesdropper Accuracy: 0.3795454545454545 11 0
Communication round: 19, Aggregated Accuracies: 0.4359523809523809 12
Communication round: 19, Eavesdropper Accuracy: 0.4818181818181818 12 1
Communication round: 20, Aggregated Accuracies: 0.4730952380952382 13
Communication round: 20, Eavesdropper Accuracy: 0.5363636363636364 13 1
Communication round: 21, Aggregated Accuracies: 0.5276190476190477 14
Communication round: 21, Eavesdropper Accuracy: 0.5727272727272728 14 1
Communication round: 22, Eavesdropper Accuracy: 0.5545454545454546 15 1
Communication round: 23, Eavesdropper Accuracy: 0.5522727272727272 16 1
Communication round: 24, Aggregated Accuracies: 0.5673809523809525 17
Communication round: 24, Eavesdropper Accuracy: 0.5659090909090909 17 1
Communication round: 25, Eavesdropper Accuracy: 0.55 18 1
Communication round: 26, Aggregated Accuracies: 0.6005952380952381 19
Communication round: 26, Eavesdropper Accuracy: 0.6181818181818182 19 1
Communication round: 27, Aggregated Accuracies: 0.6297619047619049 20
Communication round: 27, Eavesdropper Accuracy: 0.6113636363636363 20 1
Communication round: 28, Aggregated Accuracies: 0.6528571428571428 21
Communication round: 28, Eavesdropper Accuracy: 0.6659090909090909 21 1
Communication round: 29, Eavesdropper Accuracy: 0.6386363636363637 22 1
Communication round: 30, Eavesdropper Accuracy: 0.6931818181818182 23 1
Communication round: 31, Eavesdropper Accuracy: 0.6704545454545454 23 0
Communication round: 32, Eavesdropper Accuracy: 0.65 23 0
Communication round: 33, Eavesdropper Accuracy: 0.6795454545454546 23 0
Communication round: 34, Eavesdropper Accuracy: 0.6795454545454546 23 0
Communication round: 35, Eavesdropper Accuracy: 0.6568181818181819 24 1
Communication round: 36, Eavesdropper Accuracy: 0.6613636363636364 24 0
Communication round: 37, Eavesdropper Accuracy: 0.7181818181818181 24 0
Communication round: 38, Eavesdropper Accuracy: 0.6795454545454546 24 0
Communication round: 39, Eavesdropper Accuracy: 0.6590909090909091 24 0
Communication round: 40, Eavesdropper Accuracy: 0.6977272727272728 25 1
Communication round: 41, Eavesdropper Accuracy: 0.6704545454545454 25 0
Communication round: 42, Eavesdropper Accuracy: 0.6590909090909091 25 0
Communication round: 43, Eavesdropper Accuracy: 0.6795454545454546 25 0
Communication round: 44, Eavesdropper Accuracy: 0.7090909090909091 25 0
Communication round: 45, Eavesdropper Accuracy: 0.675 25 0
Communication round: 46, Eavesdropper Accuracy: 0.6954545454545454 25 0
Communication round: 47, Eavesdropper Accuracy: 0.6590909090909091 25 0
Communication round: 48, Eavesdropper Accuracy: 0.6840909090909091 25 0
Communication round: 49, Smart Eavesdropper Accuracy: 0.6795454545454546 25 0
Communication round: 50, Smart Eavesdropper Accuracy: 0.7522727272727273 25 0
Communication round: 51, Smart Eavesdropper Accuracy: 0.7886363636363637 25 0
Communication round: 52, Smart Eavesdropper Accuracy: 0.7818181818181819 26 1
Communication round: 53, Smart Eavesdropper Accuracy: 0.8636363636363636 27 1
Communication round: 54, Eavesdropper Accuracy: 0.6818181818181818 28 1
Communication round: 55, Aggregated Accuracies: 0.682142857142857 29
Communication round: 55, Eavesdropper Accuracy: 0.7 29 1
Communication round: 56, Aggregated Accuracies: 0.6949999999999998 30
Communication round: 56, Eavesdropper Accuracy: 0.7113636363636363 30 1
Communication round: 57, Aggregated Accuracies: 0.7232142857142857 31
Communication round: 57, Eavesdropper Accuracy: 0.7454545454545455 31 1
Communication round: 58, Aggregated Accuracies: 0.7444047619047618 32
Communication round: 58, Eavesdropper Accuracy: 0.7704545454545455 32 1
Communication round: 59, Aggregated Accuracies: 0.7627380952380953 33
Communication round: 59, Eavesdropper Accuracy: 0.7568181818181818 33 1
Communication round: 60, Aggregated Accuracies: 0.7733333333333334 34
Communication round: 60, Eavesdropper Accuracy: 0.7909090909090909 34 1
Communication round: 61, Aggregated Accuracies: 0.7795238095238095 35
Communication round: 61, Eavesdropper Accuracy: 0.7863636363636364 35 1
Communication round: 62, Aggregated Accuracies: 0.7964285714285715 36
Communication round: 62, Eavesdropper Accuracy: 0.7954545454545454 36 1
Communication round: 63, Aggregated Accuracies: 0.8001190476190478 37
Communication round: 63, Eavesdropper Accuracy: 0.8 37 1
Communication round: 64, Aggregated Accuracies: 0.8142857142857143 38
Communication round: 64, Eavesdropper Accuracy: 0.8045454545454546 38 1
Communication round: 65, Aggregated Accuracies: 0.8141666666666666 39
Communication round: 65, Eavesdropper Accuracy: 0.825 39 1
Communication round: 66, Aggregated Accuracies: 0.8320238095238094 40
Communication round: 66, Eavesdropper Accuracy: 0.8363636363636363 40 1
Communication round: 67, Aggregated Accuracies: 0.8351190476190478 41
Communication round: 67, Eavesdropper Accuracy: 0.8318181818181818 41 1
Communication round: 68, Aggregated Accuracies: 0.8384523809523808 42
Communication round: 68, Eavesdropper Accuracy: 0.8295454545454546 42 1
Communication round: 69, Aggregated Accuracies: 0.8497619047619045 43
Communication round: 69, Eavesdropper Accuracy: 0.8272727272727273 43 1
Communication round: 70, Aggregated Accuracies: 0.850357142857143 44
Communication round: 70, Eavesdropper Accuracy: 0.8590909090909091 44 1
Communication round: 71, Eavesdropper Accuracy: 0.8431818181818181 44 0
Communication round: 72, Eavesdropper Accuracy: 0.8318181818181818 44 0
Communication round: 73, Eavesdropper Accuracy: 0.8409090909090909 44 0
Communication round: 74, Eavesdropper Accuracy: 0.8386363636363636 44 0
Communication round: 75, Eavesdropper Accuracy: 0.8409090909090909 44 0
Communication round: 76, Eavesdropper Accuracy: 0.8477272727272728 44 0
Communication round: 77, Eavesdropper Accuracy: 0.8204545454545454 44 0
Communication round: 78, Eavesdropper Accuracy: 0.8340909090909091 44 0
Communication round: 79, Eavesdropper Accuracy: 0.8477272727272728 44 0
Communication round: 80, Eavesdropper Accuracy: 0.85 44 0
Communication round: 81, Eavesdropper Accuracy: 0.8340909090909091 44 0
Communication round: 82, Eavesdropper Accuracy: 0.8318181818181818 44 0
Communication round: 83, Eavesdropper Accuracy: 0.8272727272727273 44 0
Communication round: 84, Eavesdropper Accuracy: 0.8454545454545455 44 0
Communication round: 85, Eavesdropper Accuracy: 0.8454545454545455 44 0
Communication round: 86, Eavesdropper Accuracy: 0.8431818181818181 44 0
Communication round: 87, Smart Eavesdropper Accuracy: 0.8386363636363636 44 0
Communication round: 88, Smart Eavesdropper Accuracy: 0.8409090909090909 44 0
Communication round: 89, Smart Eavesdropper Accuracy: 0.875 44 0
Communication round: 90, Smart Eavesdropper Accuracy: 0.8545454545454545 44 0
Communication round: 91, Smart Eavesdropper Accuracy: 0.8613636363636363 44 0
Communication round: 92, Smart Eavesdropper Accuracy: 0.884090909090909 44 0
Communication round: 93, Smart Eavesdropper Accuracy: 0.8886363636363637 44 0
Communication round: 94, Smart Eavesdropper Accuracy: 0.8954545454545455 44 0
Communication round: 95, Smart Eavesdropper Accuracy: 0.9045454545454545 44 0
Communication round: 96, Smart Eavesdropper Accuracy: 0.9090909090909091 44 0
Communication round: 97, Smart Eavesdropper Accuracy: 0.9181818181818182 44 0
Communication round: 98, Smart Eavesdropper Accuracy: 0.8909090909090909 44 0
Communication round: 99, Smart Eavesdropper Accuracy: 0.8931818181818182 44 0
----------------------------------------------------------------------------------------------------
----------------------------------------------------------------------------------------------------
50_30_100_0.4_2_0.2_False_
----------------------------------------------------------------------------------------------------
Communication round: 0, Smart Eavesdropper Accuracy: 0.22727272727272727 0 0
Communication round: 1, Smart Eavesdropper Accuracy: 0.35454545454545455 0 0
Communication round: 2, Smart Eavesdropper Accuracy: 0.45681818181818185 0 0
Communication round: 3, Smart Eavesdropper Accuracy: 0.5590909090909091 0 0
Communication round: 4, Smart Eavesdropper Accuracy: 0.6477272727272727 0 0
Communication round: 5, Smart Eavesdropper Accuracy: 0.7522727272727273 0 0
Communication round: 6, Smart Eavesdropper Accuracy: 0.7727272727272727 1 1
Communication round: 7, Smart Eavesdropper Accuracy: 0.7795454545454545 2 1
Communication round: 8, Smart Eavesdropper Accuracy: 0.8227272727272728 3 1
Communication round: 9, Smart Eavesdropper Accuracy: 0.8340909090909091 4 1
Communication round: 10, Aggregated Accuracies: 0.14107142857142857 5
Communication round: 10, Smart Eavesdropper Accuracy: 0.8227272727272728 5 1
Communication round: 11, Smart Eavesdropper Accuracy: 0.85 6 1
Communication round: 12, Aggregated Accuracies: 0.17000000000000004 7
Communication round: 12, Eavesdropper Accuracy: 0.1431818181818182 7 1
Communication round: 13, Aggregated Accuracies: 0.2063095238095238 8
Communication round: 13, Eavesdropper Accuracy: 0.20227272727272727 8 1
Communication round: 14, Aggregated Accuracies: 0.2502380952380952 9
Communication round: 14, Eavesdropper Accuracy: 0.2590909090909091 9 1
Communication round: 15, Aggregated Accuracies: 0.30726190476190474 10
Communication round: 15, Eavesdropper Accuracy: 0.3386363636363636 10 1
Communication round: 16, Aggregated Accuracies: 0.3430952380952381 11
Communication round: 16, Eavesdropper Accuracy: 0.4 11 1
Communication round: 17, Aggregated Accuracies: 0.42107142857142854 12
Communication round: 17, Eavesdropper Accuracy: 0.42954545454545456 12 1
Communication round: 18, Aggregated Accuracies: 0.4753571428571429 13
Communication round: 18, Eavesdropper Accuracy: 0.5 13 1
Communication round: 19, Aggregated Accuracies: 0.5191666666666669 14
Communication round: 19, Eavesdropper Accuracy: 0.5590909090909091 14 1
Communication round: 20, Aggregated Accuracies: 0.5651190476190479 15
Communication round: 20, Eavesdropper Accuracy: 0.6090909090909091 15 1
Communication round: 21, Aggregated Accuracies: 0.6017857142857143 16
Communication round: 21, Eavesdropper Accuracy: 0.6318181818181818 16 1
Communication round: 22, Aggregated Accuracies: 0.6376190476190476 17
Communication round: 22, Eavesdropper Accuracy: 0.6568181818181819 17 1
Communication round: 23, Aggregated Accuracies: 0.6551190476190475 18
Communication round: 23, Eavesdropper Accuracy: 0.6795454545454546 18 1
Communication round: 24, Aggregated Accuracies: 0.6949999999999998 19
Communication round: 24, Eavesdropper Accuracy: 0.7340909090909091 19 1
Communication round: 25, Eavesdropper Accuracy: 0.7272727272727273 19 0
Communication round: 26, Aggregated Accuracies: 0.7094047619047619 20
Communication round: 26, Eavesdropper Accuracy: 0.7295454545454545 20 1
Communication round: 27, Aggregated Accuracies: 0.7329761904761902 21
Communication round: 27, Eavesdropper Accuracy: 0.7522727272727273 21 1
Communication round: 28, Eavesdropper Accuracy: 0.75 21 0
Communication round: 29, Eavesdropper Accuracy: 0.7681818181818182 21 0
Communication round: 30, Eavesdropper Accuracy: 0.75 21 0
Communication round: 31, Eavesdropper Accuracy: 0.740909090909091 21 0
Communication round: 32, Eavesdropper Accuracy: 0.7545454545454545 21 0
Communication round: 33, Eavesdropper Accuracy: 0.7681818181818182 21 0
Communication round: 34, Eavesdropper Accuracy: 0.7545454545454545 21 0
Communication round: 35, Eavesdropper Accuracy: 0.7431818181818182 21 0
Communication round: 36, Eavesdropper Accuracy: 0.7477272727272727 21 0
Communication round: 37, Eavesdropper Accuracy: 0.7477272727272727 21 0
Communication round: 38, Eavesdropper Accuracy: 0.759090909090909 21 0
Communication round: 39, Eavesdropper Accuracy: 0.7681818181818182 21 0
Communication round: 40, Eavesdropper Accuracy: 0.7386363636363636 21 0
Communication round: 41, Smart Eavesdropper Accuracy: 0.7681818181818182 21 0
Communication round: 42, Aggregated Accuracies: 0.7467857142857143 22
Communication round: 42, Eavesdropper Accuracy: 0.7727272727272727 22 1
Communication round: 43, Aggregated Accuracies: 0.7634523809523812 23
Communication round: 43, Eavesdropper Accuracy: 0.7886363636363637 23 1
Communication round: 44, Aggregated Accuracies: 0.7785714285714288 24
Communication round: 44, Eavesdropper Accuracy: 0.8045454545454546 24 1
Communication round: 45, Aggregated Accuracies: 0.7963095238095237 25
Communication round: 45, Eavesdropper Accuracy: 0.8090909090909091 25 1
Communication round: 46, Aggregated Accuracies: 0.8004761904761906 26
Communication round: 46, Eavesdropper Accuracy: 0.8113636363636364 26 1
Communication round: 47, Aggregated Accuracies: 0.8191666666666664 27
Communication round: 47, Eavesdropper Accuracy: 0.8295454545454546 27 1
Communication round: 48, Eavesdropper Accuracy: 0.8181818181818182 27 0
Communication round: 49, Eavesdropper Accuracy: 0.8318181818181818 27 0
Communication round: 50, Eavesdropper Accuracy: 0.8272727272727273 27 0
Communication round: 51, Eavesdropper Accuracy: 0.8272727272727273 27 0
Communication round: 52, Eavesdropper Accuracy: 0.8363636363636363 27 0
Communication round: 53, Aggregated Accuracies: 0.8215476190476191 28
Communication round: 53, Eavesdropper Accuracy: 0.8363636363636363 28 1
Communication round: 54, Aggregated Accuracies: 0.8288095238095236 29
Communication round: 54, Eavesdropper Accuracy: 0.875 29 1
Communication round: 55, Aggregated Accuracies: 0.8436904761904763 30
Communication round: 55, Eavesdropper Accuracy: 0.8545454545454545 30 1
Communication round: 56, Aggregated Accuracies: 0.847142857142857 31
Communication round: 56, Eavesdropper Accuracy: 0.8477272727272728 31 1
Communication round: 57, Aggregated Accuracies: 0.8502380952380953 32
Communication round: 57, Eavesdropper Accuracy: 0.8704545454545455 32 1
Communication round: 58, Aggregated Accuracies: 0.8567857142857143 33
Communication round: 58, Eavesdropper Accuracy: 0.8931818181818182 33 1
Communication round: 59, Aggregated Accuracies: 0.8608333333333333 34
Communication round: 59, Eavesdropper Accuracy: 0.8681818181818182 34 1
Communication round: 60, Eavesdropper Accuracy: 0.8795454545454545 34 0
Communication round: 61, Eavesdropper Accuracy: 0.8818181818181818 34 0
Communication round: 62, Eavesdropper Accuracy: 0.8636363636363636 34 0
Communication round: 63, Eavesdropper Accuracy: 0.8636363636363636 34 0
Communication round: 64, Eavesdropper Accuracy: 0.8863636363636364 34 0
Communication round: 65, Eavesdropper Accuracy: 0.8795454545454545 34 0
Communication round: 66, Eavesdropper Accuracy: 0.8590909090909091 34 0
Communication round: 67, Smart Eavesdropper Accuracy: 0.8818181818181818 34 0
Communication round: 68, Smart Eavesdropper Accuracy: 0.8772727272727273 34 0
Communication round: 69, Smart Eavesdropper Accuracy: 0.884090909090909 34 0
Communication round: 70, Smart Eavesdropper Accuracy: 0.8772727272727273 34 0
Communication round: 71, Smart Eavesdropper Accuracy: 0.9113636363636364 34 0
Communication round: 72, Smart Eavesdropper Accuracy: 0.9068181818181819 34 0
Communication round: 73, Smart Eavesdropper Accuracy: 0.8954545454545455 34 0
Communication round: 74, Smart Eavesdropper Accuracy: 0.9159090909090909 34 0
Communication round: 75, Smart Eavesdropper Accuracy: 0.9113636363636364 34 0
Communication round: 76, Smart Eavesdropper Accuracy: 0.925 34 0
Communication round: 77, Smart Eavesdropper Accuracy: 0.9068181818181819 34 0
Communication round: 78, Smart Eavesdropper Accuracy: 0.9068181818181819 34 0
Communication round: 79, Smart Eavesdropper Accuracy: 0.9022727272727272 34 0
Communication round: 80, Smart Eavesdropper Accuracy: 0.9272727272727272 34 0
Communication round: 81, Smart Eavesdropper Accuracy: 0.9272727272727272 34 0
Communication round: 82, Smart Eavesdropper Accuracy: 0.9181818181818182 34 0
Communication round: 83, Smart Eavesdropper Accuracy: 0.9340909090909091 34 0
Communication round: 84, Smart Eavesdropper Accuracy: 0.9295454545454546 34 0
Communication round: 85, Smart Eavesdropper Accuracy: 0.9454545454545454 34 0
Communication round: 86, Smart Eavesdropper Accuracy: 0.9295454545454546 34 0
Communication round: 87, Smart Eavesdropper Accuracy: 0.9363636363636364 34 0
Communication round: 88, Smart Eavesdropper Accuracy: 0.9318181818181818 34 0
Communication round: 89, Smart Eavesdropper Accuracy: 0.9409090909090909 34 0
Communication round: 90, Smart Eavesdropper Accuracy: 0.9363636363636364 34 0
Communication round: 91, Smart Eavesdropper Accuracy: 0.9659090909090909 34 0
Communication round: 92, Smart Eavesdropper Accuracy: 0.9204545454545454 34 0
Communication round: 93, Smart Eavesdropper Accuracy: 0.9477272727272728 34 0
Communication round: 94, Smart Eavesdropper Accuracy: 0.95 34 0
Communication round: 95, Smart Eavesdropper Accuracy: 0.9409090909090909 34 0
Communication round: 96, Smart Eavesdropper Accuracy: 0.9159090909090909 34 0
Communication round: 97, Smart Eavesdropper Accuracy: 0.9295454545454546 34 0
Communication round: 98, Smart Eavesdropper Accuracy: 0.9363636363636364 34 0
Communication round: 99, Smart Eavesdropper Accuracy: 0.9318181818181818 34 0
----------------------------------------------------------------------------------------------------
----------------------------------------------------------------------------------------------------
50_30_100_0.4_2_0.2_False_
----------------------------------------------------------------------------------------------------
Communication round: 0, Smart Eavesdropper Accuracy: 0.1318181818181818 0 0
Communication round: 1, Smart Eavesdropper Accuracy: 0.26590909090909093 0 0
Communication round: 2, Smart Eavesdropper Accuracy: 0.4590909090909091 1 1
Communication round: 3, Smart Eavesdropper Accuracy: 0.5204545454545455 2 1
Communication round: 4, Smart Eavesdropper Accuracy: 0.6113636363636363 2 0
Communication round: 5, Smart Eavesdropper Accuracy: 0.6681818181818182 3 1
Communication round: 6, Eavesdropper Accuracy: 0.031818181818181815 4 1
Communication round: 7, Eavesdropper Accuracy: 0.045454545454545456 5 1
Communication round: 8, Aggregated Accuracies: 0.07428571428571429 6
Communication round: 8, Eavesdropper Accuracy: 0.06363636363636363 6 1
Communication round: 9, Eavesdropper Accuracy: 0.056818181818181816 7 1
Communication round: 10, Eavesdropper Accuracy: 0.05909090909090909 8 1
Communication round: 11, Eavesdropper Accuracy: 0.045454545454545456 8 0
Communication round: 12, Eavesdropper Accuracy: 0.04772727272727273 8 0
Communication round: 13, Aggregated Accuracies: 0.09976190476190477 9
Communication round: 13, Eavesdropper Accuracy: 0.07045454545454545 9 1
Communication round: 14, Eavesdropper Accuracy: 0.05909090909090909 10 1
Communication round: 15, Eavesdropper Accuracy: 0.07045454545454545 11 1
Communication round: 16, Eavesdropper Accuracy: 0.07954545454545454 11 0
Communication round: 17, Eavesdropper Accuracy: 0.08181818181818182 11 0
Communication round: 18, Aggregated Accuracies: 0.13869047619047623 12
Communication round: 18, Eavesdropper Accuracy: 0.1159090909090909 12 1
Communication round: 19, Aggregated Accuracies: 0.19976190476190475 13
Communication round: 19, Eavesdropper Accuracy: 0.18636363636363637 13 1
Communication round: 20, Aggregated Accuracies: 0.2507142857142856 14
Communication round: 20, Eavesdropper Accuracy: 0.2727272727272727 14 1
Communication round: 21, Eavesdropper Accuracy: 0.20909090909090908 14 0
Communication round: 22, Eavesdropper Accuracy: 0.2545454545454545 14 0
Communication round: 23, Aggregated Accuracies: 0.3073809523809523 15
Communication round: 23, Eavesdropper Accuracy: 0.29545454545454547 15 1
Communication round: 24, Eavesdropper Accuracy: 0.30454545454545456 15 0
Communication round: 25, Aggregated Accuracies: 0.35095238095238096 16
Communication round: 25, Eavesdropper Accuracy: 0.33636363636363636 16 1
Communication round: 26, Aggregated Accuracies: 0.4136904761904762 17
Communication round: 26, Eavesdropper Accuracy: 0.42272727272727273 17 1
Communication round: 27, Eavesdropper Accuracy: 0.38181818181818183 17 0
Communication round: 28, Eavesdropper Accuracy: 0.42954545454545456 17 0
Communication round: 29, Aggregated Accuracies: 0.4628571428571428 18
Communication round: 29, Eavesdropper Accuracy: 0.47045454545454546 18 1
Communication round: 30, Aggregated Accuracies: 0.5142857142857141 19
Communication round: 30, Eavesdropper Accuracy: 0.5318181818181819 19 1
Communication round: 31, Aggregated Accuracies: 0.555 20
Communication round: 31, Eavesdropper Accuracy: 0.5840909090909091 20 1
Communication round: 32, Eavesdropper Accuracy: 0.5659090909090909 21 1
Communication round: 33, Aggregated Accuracies: 0.5876190476190475 22
Communication round: 33, Eavesdropper Accuracy: 0.6068181818181818 22 1
Communication round: 34, Eavesdropper Accuracy: 0.6090909090909091 23 1
Communication round: 35, Eavesdropper Accuracy: 0.5931818181818181 23 0
Communication round: 36, Eavesdropper Accuracy: 0.5681818181818182 23 0
Communication round: 37, Aggregated Accuracies: 0.5977380952380954 24
Communication round: 37, Eavesdropper Accuracy: 0.6 24 1
Communication round: 38, Eavesdropper Accuracy: 0.625 24 0
Communication round: 39, Eavesdropper Accuracy: 0.6272727272727273 25 1
Communication round: 40, Eavesdropper Accuracy: 0.6431818181818182 25 0
Communication round: 41, Eavesdropper Accuracy: 0.6363636363636364 26 1
Communication round: 42, Eavesdropper Accuracy: 0.6454545454545455 26 0
Communication round: 43, Eavesdropper Accuracy: 0.6409090909090909 26 0
Communication round: 44, Eavesdropper Accuracy: 0.634090909090909 26 0
Communication round: 45, Eavesdropper Accuracy: 0.6318181818181818 27 1
Communication round: 46, Aggregated Accuracies: 0.6396428571428573 28
Communication round: 46, Eavesdropper Accuracy: 0.7045454545454546 28 1
Communication round: 47, Aggregated Accuracies: 0.6677380952380951 29
Communication round: 47, Eavesdropper Accuracy: 0.6886363636363636 29 1
Communication round: 48, Eavesdropper Accuracy: 0.6909090909090909 29 0
Communication round: 49, Eavesdropper Accuracy: 0.7136363636363636 29 0
Communication round: 50, Aggregated Accuracies: 0.6895238095238093 30
Communication round: 50, Eavesdropper Accuracy: 0.6931818181818182 30 1
Communication round: 51, Aggregated Accuracies: 0.7120238095238092 31
Communication round: 51, Eavesdropper Accuracy: 0.7363636363636363 31 1
Communication round: 52, Aggregated Accuracies: 0.734047619047619 32
Communication round: 52, Eavesdropper Accuracy: 0.7522727272727273 32 1
Communication round: 53, Aggregated Accuracies: 0.7471428571428571 33
Communication round: 53, Eavesdropper Accuracy: 0.7522727272727273 33 1
Communication round: 54, Aggregated Accuracies: 0.7639285714285715 34
Communication round: 54, Eavesdropper Accuracy: 0.7568181818181818 34 1
Communication round: 55, Aggregated Accuracies: 0.7759523809523811 35
Communication round: 55, Eavesdropper Accuracy: 0.7977272727272727 35 1
Communication round: 56, Aggregated Accuracies: 0.7826190476190475 36
Communication round: 56, Eavesdropper Accuracy: 0.7977272727272727 36 1
Communication round: 57, Aggregated Accuracies: 0.794761904761905 37
Communication round: 57, Eavesdropper Accuracy: 0.7840909090909091 37 1
Communication round: 58, Aggregated Accuracies: 0.8058333333333332 38
Communication round: 58, Eavesdropper Accuracy: 0.8136363636363636 38 1
Communication round: 59, Aggregated Accuracies: 0.8147619047619047 39
Communication round: 59, Eavesdropper Accuracy: 0.8431818181818181 39 1
Communication round: 60, Aggregated Accuracies: 0.8211904761904762 40
Communication round: 60, Eavesdropper Accuracy: 0.8181818181818182 40 1
Communication round: 61, Aggregated Accuracies: 0.8311904761904763 41
Communication round: 61, Eavesdropper Accuracy: 0.8431818181818181 41 1
Communication round: 62, Aggregated Accuracies: 0.8307142857142857 42
Communication round: 62, Eavesdropper Accuracy: 0.8227272727272728 42 1
Communication round: 63, Eavesdropper Accuracy: 0.8272727272727273 43 1
Communication round: 64, Eavesdropper Accuracy: 0.8227272727272728 43 0
Communication round: 65, Eavesdropper Accuracy: 0.8227272727272728 43 0
Communication round: 66, Eavesdropper Accuracy: 0.8318181818181818 44 1
Communication round: 67, Eavesdropper Accuracy: 0.8454545454545455 44 0
Communication round: 68, Eavesdropper Accuracy: 0.8318181818181818 44 0
Communication round: 69, Eavesdropper Accuracy: 0.8409090909090909 44 0
Communication round: 70, Eavesdropper Accuracy: 0.8477272727272728 44 0
Communication round: 71, Eavesdropper Accuracy: 0.8409090909090909 44 0
Communication round: 72, Eavesdropper Accuracy: 0.8318181818181818 44 0
Communication round: 73, Eavesdropper Accuracy: 0.8295454545454546 44 0
Communication round: 74, Eavesdropper Accuracy: 0.8409090909090909 44 0
Communication round: 75, Eavesdropper Accuracy: 0.8431818181818181 44 0
Communication round: 76, Aggregated Accuracies: 0.8429761904761903 45
Communication round: 76, Eavesdropper Accuracy: 0.85 45 1
Communication round: 77, Eavesdropper Accuracy: 0.8340909090909091 45 0
Communication round: 78, Eavesdropper Accuracy: 0.8477272727272728 45 0
Communication round: 79, Eavesdropper Accuracy: 0.8454545454545455 45 0
Communication round: 80, Eavesdropper Accuracy: 0.8454545454545455 45 0
Communication round: 81, Eavesdropper Accuracy: 0.8318181818181818 45 0
Communication round: 82, Eavesdropper Accuracy: 0.8568181818181818 45 0
Communication round: 83, Eavesdropper Accuracy: 0.85 45 0
Communication round: 84, Eavesdropper Accuracy: 0.8545454545454545 45 0
Communication round: 85, Eavesdropper Accuracy: 0.8431818181818181 45 0
Communication round: 86, Eavesdropper Accuracy: 0.85 45 0
Communication round: 87, Eavesdropper Accuracy: 0.8590909090909091 45 0
Communication round: 88, Eavesdropper Accuracy: 0.8159090909090909 45 0
Communication round: 89, Smart Eavesdropper Accuracy: 0.8545454545454545 45 0
Communication round: 90, Smart Eavesdropper Accuracy: 0.85 45 0
Communication round: 91, Smart Eavesdropper Accuracy: 0.8568181818181818 45 0
Communication round: 92, Aggregated Accuracies: 0.8371428571428571 46
Communication round: 92, Smart Eavesdropper Accuracy: 0.8681818181818182 46 1
Communication round: 93, Smart Eavesdropper Accuracy: 0.8818181818181818 46 0
Communication round: 94, Smart Eavesdropper Accuracy: 0.85 46 0
Communication round: 95, Smart Eavesdropper Accuracy: 0.8636363636363636 46 0
Communication round: 96, Smart Eavesdropper Accuracy: 0.8931818181818182 46 0
Communication round: 97, Smart Eavesdropper Accuracy: 0.8863636363636364 46 0
Communication round: 98, Smart Eavesdropper Accuracy: 0.9045454545454545 46 0
Communication round: 99, Smart Eavesdropper Accuracy: 0.8886363636363637 46 0
----------------------------------------------------------------------------------------------------
----------------------------------------------------------------------------------------------------
50_30_100_0.4_2_0.2_False_
----------------------------------------------------------------------------------------------------
Communication round: 0, Eavesdropper Accuracy: 0.08863636363636364 1 1
Communication round: 1, Smart Eavesdropper Accuracy: 0.1 1 0
Communication round: 2, Smart Eavesdropper Accuracy: 0.2818181818181818 1 0
Communication round: 3, Smart Eavesdropper Accuracy: 0.4 1 0
Communication round: 4, Smart Eavesdropper Accuracy: 0.5409090909090909 1 0
Communication round: 5, Smart Eavesdropper Accuracy: 0.6045454545454545 1 0
Communication round: 6, Aggregated Accuracies: 0.10999999999999999 2
Communication round: 6, Smart Eavesdropper Accuracy: 0.6954545454545454 2 1
Communication round: 7, Smart Eavesdropper Accuracy: 0.7795454545454545 3 1
Communication round: 8, Smart Eavesdropper Accuracy: 0.7340909090909091 4 1
Communication round: 9, Smart Eavesdropper Accuracy: 0.825 4 0
Communication round: 10, Aggregated Accuracies: 0.13964285714285715 5
Communication round: 10, Smart Eavesdropper Accuracy: 0.8204545454545454 5 1
Communication round: 11, Smart Eavesdropper Accuracy: 0.8340909090909091 5 0
Communication round: 12, Aggregated Accuracies: 0.1675 6
Communication round: 12, Smart Eavesdropper Accuracy: 0.8545454545454545 6 1
Communication round: 13, Aggregated Accuracies: 0.2178571428571429 7
Communication round: 13, Smart Eavesdropper Accuracy: 0.8363636363636363 7 1
Communication round: 14, Smart Eavesdropper Accuracy: 0.8477272727272728 7 0
Communication round: 15, Smart Eavesdropper Accuracy: 0.8477272727272728 8 1
Communication round: 16, Aggregated Accuracies: 0.26023809523809516 9
Communication round: 16, Eavesdropper Accuracy: 0.2909090909090909 9 1
Communication round: 17, Smart Eavesdropper Accuracy: 0.3795454545454545 9 0
Communication round: 18, Eavesdropper Accuracy: 0.23863636363636365 10 1
Communication round: 19, Eavesdropper Accuracy: 0.27045454545454545 11 1
Communication round: 20, Eavesdropper Accuracy: 0.2772727272727273 12 1
Communication round: 21, Eavesdropper Accuracy: 0.2590909090909091 13 1
Communication round: 22, Aggregated Accuracies: 0.30761904761904757 14
Communication round: 22, Eavesdropper Accuracy: 0.2863636363636364 14 1
Communication round: 23, Aggregated Accuracies: 0.351547619047619 15
Communication round: 23, Eavesdropper Accuracy: 0.35909090909090907 15 1
Communication round: 24, Aggregated Accuracies: 0.4223809523809524 16
Communication round: 24, Eavesdropper Accuracy: 0.42272727272727273 16 1
Communication round: 25, Aggregated Accuracies: 0.4522619047619047 17
Communication round: 25, Eavesdropper Accuracy: 0.45 17 1
Communication round: 26, Aggregated Accuracies: 0.506547619047619 18
Communication round: 26, Eavesdropper Accuracy: 0.49772727272727274 18 1
Communication round: 27, Eavesdropper Accuracy: 0.5318181818181819 18 0
Communication round: 28, Eavesdropper Accuracy: 0.5045454545454545 18 0
Communication round: 29, Aggregated Accuracies: 0.5557142857142857 19
Communication round: 29, Eavesdropper Accuracy: 0.5909090909090909 19 1
Communication round: 30, Eavesdropper Accuracy: 0.5727272727272728 19 0
Communication round: 31, Aggregated Accuracies: 0.5995238095238097 20
Communication round: 31, Eavesdropper Accuracy: 0.625 20 1
Communication round: 32, Aggregated Accuracies: 0.6273809523809524 21
Communication round: 32, Eavesdropper Accuracy: 0.6977272727272728 21 1
Communication round: 33, Aggregated Accuracies: 0.6495238095238096 22
Communication round: 33, Eavesdropper Accuracy: 0.6659090909090909 22 1
Communication round: 34, Aggregated Accuracies: 0.6792857142857146 23
Communication round: 34, Eavesdropper Accuracy: 0.6931818181818182 23 1
Communication round: 35, Eavesdropper Accuracy: 0.7045454545454546 23 0
Communication round: 36, Eavesdropper Accuracy: 0.6977272727272728 23 0
Communication round: 37, Aggregated Accuracies: 0.7085714285714287 24
Communication round: 37, Eavesdropper Accuracy: 0.7295454545454545 24 1
Communication round: 38, Aggregated Accuracies: 0.7259523809523806 25
Communication round: 38, Eavesdropper Accuracy: 0.7840909090909091 25 1
Communication round: 39, Aggregated Accuracies: 0.7469047619047622 26
Communication round: 39, Eavesdropper Accuracy: 0.7818181818181819 26 1
Communication round: 40, Eavesdropper Accuracy: 0.7454545454545455 27 1
Communication round: 41, Eavesdropper Accuracy: 0.7772727272727272 27 0
Communication round: 42, Aggregated Accuracies: 0.7586904761904762 28
Communication round: 42, Eavesdropper Accuracy: 0.7795454545454545 28 1
Communication round: 43, Aggregated Accuracies: 0.770238095238095 29
Communication round: 43, Eavesdropper Accuracy: 0.7909090909090909 29 1
Communication round: 44, Aggregated Accuracies: 0.7876190476190476 30
Communication round: 44, Eavesdropper Accuracy: 0.8090909090909091 30 1
Communication round: 45, Aggregated Accuracies: 0.7955952380952382 31
Communication round: 45, Eavesdropper Accuracy: 0.8159090909090909 31 1
Communication round: 46, Aggregated Accuracies: 0.8053571428571429 32
Communication round: 46, Eavesdropper Accuracy: 0.8113636363636364 32 1
Communication round: 47, Aggregated Accuracies: 0.8186904761904762 33
Communication round: 47, Eavesdropper Accuracy: 0.8159090909090909 33 1
Communication round: 48, Aggregated Accuracies: 0.8265476190476189 34
Communication round: 48, Eavesdropper Accuracy: 0.825 34 1
Communication round: 49, Aggregated Accuracies: 0.8340476190476191 35
Communication round: 49, Eavesdropper Accuracy: 0.8340909090909091 35 1
Communication round: 50, Aggregated Accuracies: 0.8408333333333334 36
Communication round: 50, Eavesdropper Accuracy: 0.8295454545454546 36 1
Communication round: 51, Aggregated Accuracies: 0.8411904761904762 37
Communication round: 51, Eavesdropper Accuracy: 0.8477272727272728 37 1
Communication round: 52, Aggregated Accuracies: 0.8447619047619047 38
Communication round: 52, Eavesdropper Accuracy: 0.8613636363636363 38 1
Communication round: 53, Eavesdropper Accuracy: 0.865909090909091 38 0
Communication round: 54, Eavesdropper Accuracy: 0.8613636363636363 38 0
Communication round: 55, Eavesdropper Accuracy: 0.8727272727272727 38 0
Communication round: 56, Eavesdropper Accuracy: 0.8568181818181818 38 0
Communication round: 57, Eavesdropper Accuracy: 0.8568181818181818 38 0
Communication round: 58, Eavesdropper Accuracy: 0.8727272727272727 38 0
Communication round: 59, Eavesdropper Accuracy: 0.8590909090909091 38 0
Communication round: 60, Eavesdropper Accuracy: 0.8681818181818182 38 0
Communication round: 61, Eavesdropper Accuracy: 0.8613636363636363 38 0
Communication round: 62, Eavesdropper Accuracy: 0.8590909090909091 38 0
Communication round: 63, Eavesdropper Accuracy: 0.865909090909091 38 0
Communication round: 64, Eavesdropper Accuracy: 0.8590909090909091 38 0
Communication round: 65, Eavesdropper Accuracy: 0.8704545454545455 38 0
Communication round: 66, Eavesdropper Accuracy: 0.8704545454545455 38 0
Communication round: 67, Eavesdropper Accuracy: 0.8704545454545455 38 0
Communication round: 68, Eavesdropper Accuracy: 0.865909090909091 38 0
Communication round: 69, Eavesdropper Accuracy: 0.8613636363636363 38 0
Communication round: 70, Eavesdropper Accuracy: 0.8772727272727273 38 0
Communication round: 71, Eavesdropper Accuracy: 0.8545454545454545 39 1
Communication round: 72, Eavesdropper Accuracy: 0.8613636363636363 39 0
Communication round: 73, Eavesdropper Accuracy: 0.85 39 0
Communication round: 74, Eavesdropper Accuracy: 0.8454545454545455 39 0
Communication round: 75, Eavesdropper Accuracy: 0.8818181818181818 39 0
Communication round: 76, Eavesdropper Accuracy: 0.875 39 0
Communication round: 77, Smart Eavesdropper Accuracy: 0.875 39 0
Communication round: 78, Smart Eavesdropper Accuracy: 0.8409090909090909 39 0
Communication round: 79, Smart Eavesdropper Accuracy: 0.8636363636363636 39 0
Communication round: 80, Smart Eavesdropper Accuracy: 0.8727272727272727 39 0
Communication round: 81, Smart Eavesdropper Accuracy: 0.8977272727272727 39 0
Communication round: 82, Smart Eavesdropper Accuracy: 0.8681818181818182 39 0
Communication round: 83, Smart Eavesdropper Accuracy: 0.884090909090909 40 1
Communication round: 84, Smart Eavesdropper Accuracy: 0.8772727272727273 40 0
Communication round: 85, Smart Eavesdropper Accuracy: 0.8909090909090909 40 0
Communication round: 86, Smart Eavesdropper Accuracy: 0.8954545454545455 40 0
Communication round: 87, Smart Eavesdropper Accuracy: 0.8909090909090909 40 0
Communication round: 88, Smart Eavesdropper Accuracy: 0.8977272727272727 40 0
Communication round: 89, Smart Eavesdropper Accuracy: 0.9 41 1
Communication round: 90, Smart Eavesdropper Accuracy: 0.9204545454545454 41 0
Communication round: 91, Smart Eavesdropper Accuracy: 0.9227272727272727 41 0
Communication round: 92, Aggregated Accuracies: 0.8560714285714287 42
Communication round: 92, Smart Eavesdropper Accuracy: 0.925 42 1
Communication round: 93, Smart Eavesdropper Accuracy: 0.9227272727272727 42 0
Communication round: 94, Smart Eavesdropper Accuracy: 0.9227272727272727 42 0
Communication round: 95, Smart Eavesdropper Accuracy: 0.8931818181818182 42 0
Communication round: 96, Smart Eavesdropper Accuracy: 0.9204545454545454 42 0
Communication round: 97, Smart Eavesdropper Accuracy: 0.9181818181818182 42 0
Communication round: 98, Smart Eavesdropper Accuracy: 0.9045454545454545 42 0
Communication round: 99, Smart Eavesdropper Accuracy: 0.925 42 0
----------------------------------------------------------------------------------------------------
----------------------------------------------------------------------------------------------------
50_30_100_0.4_2_0.2_False_
----------------------------------------------------------------------------------------------------
Communication round: 0, Smart Eavesdropper Accuracy: 0.16363636363636364 0 0
Communication round: 1, Aggregated Accuracies: 0.08857142857142856 1
Communication round: 1, Smart Eavesdropper Accuracy: 0.2727272727272727 1 1
Communication round: 2, Eavesdropper Accuracy: 0.09090909090909091 2 1
Communication round: 3, Eavesdropper Accuracy: 0.1 3 1
Communication round: 4, Eavesdropper Accuracy: 0.1 4 1
Communication round: 5, Aggregated Accuracies: 0.12261904761904761 5
Communication round: 5, Eavesdropper Accuracy: 0.12272727272727273 5 1
Communication round: 6, Eavesdropper Accuracy: 0.1159090909090909 6 1
Communication round: 7, Eavesdropper Accuracy: 0.12045454545454545 7 1
Communication round: 8, Eavesdropper Accuracy: 0.11363636363636363 7 0
Communication round: 9, Aggregated Accuracies: 0.17107142857142857 8
Communication round: 9, Eavesdropper Accuracy: 0.19090909090909092 8 1
Communication round: 10, Eavesdropper Accuracy: 0.17954545454545454 9 1
Communication round: 11, Eavesdropper Accuracy: 0.16818181818181818 9 0
Communication round: 12, Eavesdropper Accuracy: 0.15227272727272728 9 0
Communication round: 13, Eavesdropper Accuracy: 0.16590909090909092 9 0
Communication round: 14, Eavesdropper Accuracy: 0.17272727272727273 10 1
Communication round: 15, Eavesdropper Accuracy: 0.18181818181818182 10 0
Communication round: 16, Eavesdropper Accuracy: 0.19090909090909092 11 1
Communication round: 17, Eavesdropper Accuracy: 0.19090909090909092 12 1
Communication round: 18, Eavesdropper Accuracy: 0.18181818181818182 13 1
Communication round: 19, Eavesdropper Accuracy: 0.18409090909090908 14 1
Communication round: 20, Eavesdropper Accuracy: 0.17045454545454544 14 0
Communication round: 21, Eavesdropper Accuracy: 0.18409090909090908 15 1
Communication round: 22, Eavesdropper Accuracy: 0.18636363636363637 16 1
Communication round: 23, Eavesdropper Accuracy: 0.175 17 1
Communication round: 24, Eavesdropper Accuracy: 0.17045454545454544 18 1
Communication round: 25, Eavesdropper Accuracy: 0.18863636363636363 19 1
Communication round: 26, Eavesdropper Accuracy: 0.16818181818181818 19 0
Communication round: 27, Eavesdropper Accuracy: 0.14545454545454545 19 0
Communication round: 28, Aggregated Accuracies: 0.20916666666666667 20
Communication round: 28, Eavesdropper Accuracy: 0.20909090909090908 20 1
Communication round: 29, Eavesdropper Accuracy: 0.22045454545454546 21 1
Communication round: 30, Eavesdropper Accuracy: 0.19090909090909092 22 1
Communication round: 31, Eavesdropper Accuracy: 0.20227272727272727 23 1
Communication round: 32, Eavesdropper Accuracy: 0.22045454545454546 24 1
Communication round: 33, Eavesdropper Accuracy: 0.2159090909090909 24 0
Communication round: 34, Aggregated Accuracies: 0.2649999999999999 25
Communication round: 34, Eavesdropper Accuracy: 0.28863636363636364 25 1
Communication round: 35, Eavesdropper Accuracy: 0.25227272727272726 25 0
Communication round: 36, Aggregated Accuracies: 0.3172619047619048 26
Communication round: 36, Eavesdropper Accuracy: 0.3409090909090909 26 1
Communication round: 37, Eavesdropper Accuracy: 0.32727272727272727 26 0
Communication round: 38, Eavesdropper Accuracy: 0.325 26 0
Communication round: 39, Aggregated Accuracies: 0.3646428571428572 27
Communication round: 39, Eavesdropper Accuracy: 0.38636363636363635 27 1
Communication round: 40, Aggregated Accuracies: 0.41928571428571443 28
Communication round: 40, Eavesdropper Accuracy: 0.47045454545454546 28 1
Communication round: 41, Aggregated Accuracies: 0.48595238095238097 29
Communication round: 41, Eavesdropper Accuracy: 0.5 29 1
Communication round: 42, Aggregated Accuracies: 0.5153571428571428 30
Communication round: 42, Eavesdropper Accuracy: 0.5409090909090909 30 1
Communication round: 43, Eavesdropper Accuracy: 0.5568181818181818 31 1
Communication round: 44, Eavesdropper Accuracy: 0.5545454545454546 32 1
Communication round: 45, Eavesdropper Accuracy: 0.5522727272727272 33 1
Communication round: 46, Aggregated Accuracies: 0.5423809523809525 34
Communication round: 46, Eavesdropper Accuracy: 0.5727272727272728 34 1
Communication round: 47, Eavesdropper Accuracy: 0.6022727272727273 35 1
Communication round: 48, Eavesdropper Accuracy: 0.6227272727272727 36 1
Communication round: 49, Aggregated Accuracies: 0.5798809523809522 37
Communication round: 49, Eavesdropper Accuracy: 0.6068181818181818 37 1
Communication round: 50, Eavesdropper Accuracy: 0.6113636363636363 38 1
Communication round: 51, Eavesdropper Accuracy: 0.5954545454545455 39 1
Communication round: 52, Eavesdropper Accuracy: 0.6272727272727273 40 1
Communication round: 53, Eavesdropper Accuracy: 0.615909090909091 40 0
Communication round: 54, Aggregated Accuracies: 0.5984523809523811 41
Communication round: 54, Eavesdropper Accuracy: 0.6545454545454545 41 1
Communication round: 55, Eavesdropper Accuracy: 0.6295454545454545 42 1
Communication round: 56, Eavesdropper Accuracy: 0.634090909090909 42 0
Communication round: 57, Eavesdropper Accuracy: 0.6590909090909091 42 0
Communication round: 58, Aggregated Accuracies: 0.6413095238095238 43
Communication round: 58, Eavesdropper Accuracy: 0.6954545454545454 43 1
Communication round: 59, Aggregated Accuracies: 0.6527380952380953 44
Communication round: 59, Eavesdropper Accuracy: 0.725 44 1
Communication round: 60, Aggregated Accuracies: 0.6847619047619048 45
Communication round: 60, Eavesdropper Accuracy: 0.7204545454545455 45 1
Communication round: 61, Aggregated Accuracies: 0.7029761904761905 46
Communication round: 61, Eavesdropper Accuracy: 0.7227272727272728 46 1
Communication round: 62, Aggregated Accuracies: 0.7140476190476188 47
Communication round: 62, Eavesdropper Accuracy: 0.7318181818181818 47 1
Communication round: 63, Aggregated Accuracies: 0.7358333333333331 48
Communication round: 63, Eavesdropper Accuracy: 0.775 48 1
Communication round: 64, Eavesdropper Accuracy: 0.7568181818181818 49 1
Communication round: 65, Eavesdropper Accuracy: 0.7704545454545455 49 0
Communication round: 66, Aggregated Accuracies: 0.7460714285714286 50
Communication round: 66, Eavesdropper Accuracy: 0.7568181818181818 50 1
Communication round: 67, Aggregated Accuracies: 0.7553571428571427 51
Communication round: 67, Eavesdropper Accuracy: 0.7659090909090909 51 1
Communication round: 68, Aggregated Accuracies: 0.7763095238095238 52
Communication round: 68, Eavesdropper Accuracy: 0.7840909090909091 52 1
Communication round: 69, Aggregated Accuracies: 0.7842857142857143 53
Communication round: 69, Eavesdropper Accuracy: 0.8090909090909091 53 1
Communication round: 70, Eavesdropper Accuracy: 0.8068181818181818 53 0
Communication round: 71, Eavesdropper Accuracy: 0.7909090909090909 53 0
Communication round: 72, Eavesdropper Accuracy: 0.8090909090909091 53 0
Communication round: 73, Eavesdropper Accuracy: 0.8136363636363636 53 0
Communication round: 74, Eavesdropper Accuracy: 0.8159090909090909 53 0
Communication round: 75, Eavesdropper Accuracy: 0.8068181818181818 53 0
Communication round: 76, Eavesdropper Accuracy: 0.8 53 0
Communication round: 77, Eavesdropper Accuracy: 0.7931818181818182 53 0
Communication round: 78, Eavesdropper Accuracy: 0.8068181818181818 53 0
Communication round: 79, Eavesdropper Accuracy: 0.7954545454545454 53 0
Communication round: 80, Eavesdropper Accuracy: 0.8227272727272728 53 0
Communication round: 81, Eavesdropper Accuracy: 0.8136363636363636 53 0
Communication round: 82, Eavesdropper Accuracy: 0.8 53 0
Communication round: 83, Eavesdropper Accuracy: 0.7954545454545454 53 0
Communication round: 84, Eavesdropper Accuracy: 0.7931818181818182 53 0
Communication round: 85, Eavesdropper Accuracy: 0.8204545454545454 53 0
Communication round: 86, Eavesdropper Accuracy: 0.8136363636363636 53 0
Communication round: 87, Eavesdropper Accuracy: 0.8181818181818182 53 0
Communication round: 88, Eavesdropper Accuracy: 0.8 53 0
Communication round: 89, Eavesdropper Accuracy: 0.8136363636363636 53 0
Communication round: 90, Eavesdropper Accuracy: 0.7909090909090909 53 0
Communication round: 91, Eavesdropper Accuracy: 0.8272727272727273 53 0
Communication round: 92, Eavesdropper Accuracy: 0.8181818181818182 53 0
Communication round: 93, Eavesdropper Accuracy: 0.8 53 0
Communication round: 94, Eavesdropper Accuracy: 0.8090909090909091 53 0
Communication round: 95, Eavesdropper Accuracy: 0.8136363636363636 53 0
Communication round: 96, Eavesdropper Accuracy: 0.8022727272727272 53 0
Communication round: 97, Eavesdropper Accuracy: 0.825 53 0
Communication round: 98, Aggregated Accuracies: 0.7965476190476192 54
Communication round: 98, Eavesdropper Accuracy: 0.8068181818181818 54 1
Communication round: 99, Aggregated Accuracies: 0.8065476190476193 55
Communication round: 99, Eavesdropper Accuracy: 0.8045454545454546 55 1
----------------------------------------------------------------------------------------------------
----------------------------------------------------------------------------------------------------
50_30_100_0.4_2_0.2_False_
----------------------------------------------------------------------------------------------------
Communication round: 0, Smart Eavesdropper Accuracy: 0.1159090909090909 0 0
Communication round: 1, Smart Eavesdropper Accuracy: 0.35909090909090907 0 0
Communication round: 2, Smart Eavesdropper Accuracy: 0.44545454545454544 0 0
Communication round: 3, Smart Eavesdropper Accuracy: 0.55 0 0
Communication round: 4, Smart Eavesdropper Accuracy: 0.6886363636363636 0 0
Communication round: 5, Smart Eavesdropper Accuracy: 0.7113636363636363 0 0
Communication round: 6, Smart Eavesdropper Accuracy: 0.759090909090909 0 0
Communication round: 7, Smart Eavesdropper Accuracy: 0.7840909090909091 0 0
Communication round: 8, Smart Eavesdropper Accuracy: 0.8 0 0
Communication round: 9, Smart Eavesdropper Accuracy: 0.8272727272727273 1 1
Communication round: 10, Smart Eavesdropper Accuracy: 0.8409090909090909 2 1
Communication round: 11, Smart Eavesdropper Accuracy: 0.8363636363636363 3 1
Communication round: 12, Smart Eavesdropper Accuracy: 0.8409090909090909 3 0
Communication round: 13, Smart Eavesdropper Accuracy: 0.875 3 0
Communication round: 14, Smart Eavesdropper Accuracy: 0.865909090909091 3 0
Communication round: 15, Smart Eavesdropper Accuracy: 0.8454545454545455 3 0
Communication round: 16, Smart Eavesdropper Accuracy: 0.8818181818181818 3 0
Communication round: 17, Smart Eavesdropper Accuracy: 0.9045454545454545 4 1
Communication round: 18, Smart Eavesdropper Accuracy: 0.8886363636363637 4 0
Communication round: 19, Smart Eavesdropper Accuracy: 0.8909090909090909 4 0
Communication round: 20, Smart Eavesdropper Accuracy: 0.8704545454545455 5 1
Communication round: 21, Smart Eavesdropper Accuracy: 0.8977272727272727 5 0
Communication round: 22, Smart Eavesdropper Accuracy: 0.8909090909090909 6 1
Communication round: 23, Smart Eavesdropper Accuracy: 0.8977272727272727 6 0
Communication round: 24, Aggregated Accuracies: 0.08404761904761901 7
Communication round: 24, Smart Eavesdropper Accuracy: 0.9090909090909091 7 1
Communication round: 25, Aggregated Accuracies: 0.12035714285714287 8
Communication round: 25, Smart Eavesdropper Accuracy: 0.9022727272727272 8 1
Communication round: 26, Aggregated Accuracies: 0.17892857142857146 9
Communication round: 26, Smart Eavesdropper Accuracy: 0.9159090909090909 9 1
Communication round: 27, Aggregated Accuracies: 0.21059523809523803 10
Communication round: 27, Smart Eavesdropper Accuracy: 0.9295454545454546 10 1
Communication round: 28, Aggregated Accuracies: 0.2627380952380953 11
Communication round: 28, Smart Eavesdropper Accuracy: 0.9204545454545454 11 1
Communication round: 29, Aggregated Accuracies: 0.31547619047619035 12
Communication round: 29, Smart Eavesdropper Accuracy: 0.9340909090909091 12 1
Communication round: 30, Aggregated Accuracies: 0.3671428571428572 13
Communication round: 30, Smart Eavesdropper Accuracy: 0.9204545454545454 13 1
Communication round: 31, Aggregated Accuracies: 0.4158333333333333 14
Communication round: 31, Smart Eavesdropper Accuracy: 0.9204545454545454 14 1
Communication round: 32, Aggregated Accuracies: 0.47488095238095235 15
Communication round: 32, Smart Eavesdropper Accuracy: 0.9090909090909091 15 1
Communication round: 33, Aggregated Accuracies: 0.5160714285714285 16
Communication round: 33, Smart Eavesdropper Accuracy: 0.9340909090909091 16 1
Communication round: 34, Aggregated Accuracies: 0.5600000000000003 17
Communication round: 34, Smart Eavesdropper Accuracy: 0.9090909090909091 17 1
Communication round: 35, Aggregated Accuracies: 0.5967857142857143 18
Communication round: 35, Smart Eavesdropper Accuracy: 0.9227272727272727 18 1
Communication round: 36, Aggregated Accuracies: 0.6269047619047619 19
Communication round: 36, Eavesdropper Accuracy: 0.7090909090909091 19 1
Communication round: 37, Aggregated Accuracies: 0.6548809523809525 20
Communication round: 37, Eavesdropper Accuracy: 0.6863636363636364 20 1
Communication round: 38, Aggregated Accuracies: 0.6791666666666668 21
Communication round: 38, Eavesdropper Accuracy: 0.7340909090909091 21 1
Communication round: 39, Aggregated Accuracies: 0.7020238095238095 22
Communication round: 39, Eavesdropper Accuracy: 0.7659090909090909 22 1
Communication round: 40, Eavesdropper Accuracy: 0.7818181818181819 22 0
Communication round: 41, Eavesdropper Accuracy: 0.740909090909091 23 1
Communication round: 42, Eavesdropper Accuracy: 0.7477272727272727 23 0
Communication round: 43, Eavesdropper Accuracy: 0.759090909090909 23 0
Communication round: 44, Aggregated Accuracies: 0.7244047619047619 24
Communication round: 44, Eavesdropper Accuracy: 0.775 24 1
Communication round: 45, Aggregated Accuracies: 0.735 25
Communication round: 45, Eavesdropper Accuracy: 0.7795454545454545 25 1
Communication round: 46, Aggregated Accuracies: 0.7516666666666667 26
Communication round: 46, Eavesdropper Accuracy: 0.7977272727272727 26 1
Communication round: 47, Aggregated Accuracies: 0.768214285714286 27
Communication round: 47, Eavesdropper Accuracy: 0.8090909090909091 27 1
Communication round: 48, Aggregated Accuracies: 0.7842857142857147 28
Communication round: 48, Eavesdropper Accuracy: 0.8295454545454546 28 1
Communication round: 49, Aggregated Accuracies: 0.7898809523809525 29
Communication round: 49, Eavesdropper Accuracy: 0.8454545454545455 29 1
Communication round: 50, Aggregated Accuracies: 0.8003571428571429 30
Communication round: 50, Eavesdropper Accuracy: 0.8295454545454546 30 1
Communication round: 51, Aggregated Accuracies: 0.8135714285714286 31
Communication round: 51, Eavesdropper Accuracy: 0.8227272727272728 31 1
Communication round: 52, Aggregated Accuracies: 0.820833333333333 32
Communication round: 52, Eavesdropper Accuracy: 0.8568181818181818 32 1
Communication round: 53, Aggregated Accuracies: 0.8236904761904763 33
Communication round: 53, Eavesdropper Accuracy: 0.8431818181818181 33 1
Communication round: 54, Aggregated Accuracies: 0.840952380952381 34
Communication round: 54, Eavesdropper Accuracy: 0.8477272727272728 34 1
Communication round: 55, Aggregated Accuracies: 0.8390476190476187 35
Communication round: 55, Eavesdropper Accuracy: 0.8431818181818181 35 1
Communication round: 56, Aggregated Accuracies: 0.8441666666666667 36
Communication round: 56, Eavesdropper Accuracy: 0.8681818181818182 36 1
Communication round: 57, Eavesdropper Accuracy: 0.8545454545454545 36 0
Communication round: 58, Eavesdropper Accuracy: 0.8795454545454545 36 0
Communication round: 59, Eavesdropper Accuracy: 0.8636363636363636 36 0
Communication round: 60, Eavesdropper Accuracy: 0.8340909090909091 36 0
Communication round: 61, Eavesdropper Accuracy: 0.8636363636363636 36 0
Communication round: 62, Eavesdropper Accuracy: 0.8477272727272728 36 0
Communication round: 63, Eavesdropper Accuracy: 0.8454545454545455 36 0
Communication round: 64, Eavesdropper Accuracy: 0.8522727272727273 36 0
Communication round: 65, Eavesdropper Accuracy: 0.8636363636363636 36 0
Communication round: 66, Eavesdropper Accuracy: 0.8545454545454545 36 0
Communication round: 67, Eavesdropper Accuracy: 0.8772727272727273 36 0
Communication round: 68, Eavesdropper Accuracy: 0.8636363636363636 36 0
Communication round: 69, Eavesdropper Accuracy: 0.8704545454545455 36 0
Communication round: 70, Eavesdropper Accuracy: 0.8545454545454545 36 0
Communication round: 71, Smart Eavesdropper Accuracy: 0.8727272727272727 36 0
Communication round: 72, Smart Eavesdropper Accuracy: 0.8886363636363637 36 0
Communication round: 73, Smart Eavesdropper Accuracy: 0.8863636363636364 36 0
Communication round: 74, Smart Eavesdropper Accuracy: 0.8954545454545455 36 0
Communication round: 75, Smart Eavesdropper Accuracy: 0.8909090909090909 36 0
Communication round: 76, Smart Eavesdropper Accuracy: 0.9 36 0
Communication round: 77, Smart Eavesdropper Accuracy: 0.9227272727272727 36 0
Communication round: 78, Smart Eavesdropper Accuracy: 0.8931818181818182 36 0
Communication round: 79, Smart Eavesdropper Accuracy: 0.9 36 0
Communication round: 80, Smart Eavesdropper Accuracy: 0.9136363636363637 36 0
Communication round: 81, Smart Eavesdropper Accuracy: 0.9363636363636364 36 0
Communication round: 82, Smart Eavesdropper Accuracy: 0.9431818181818182 36 0
Communication round: 83, Smart Eavesdropper Accuracy: 0.9090909090909091 36 0
Communication round: 84, Smart Eavesdropper Accuracy: 0.9159090909090909 36 0
Communication round: 85, Smart Eavesdropper Accuracy: 0.9227272727272727 36 0
Communication round: 86, Smart Eavesdropper Accuracy: 0.9340909090909091 36 0
Communication round: 87, Smart Eavesdropper Accuracy: 0.9477272727272728 36 0
Communication round: 88, Smart Eavesdropper Accuracy: 0.9340909090909091 36 0
Communication round: 89, Smart Eavesdropper Accuracy: 0.9522727272727273 36 0
Communication round: 90, Smart Eavesdropper Accuracy: 0.9545454545454546 36 0
Communication round: 91, Smart Eavesdropper Accuracy: 0.925 36 0
Communication round: 92, Smart Eavesdropper Accuracy: 0.9477272727272728 36 0
Communication round: 93, Smart Eavesdropper Accuracy: 0.9363636363636364 36 0
Communication round: 94, Smart Eavesdropper Accuracy: 0.9295454545454546 36 0
Communication round: 95, Smart Eavesdropper Accuracy: 0.95 36 0
Communication round: 96, Smart Eavesdropper Accuracy: 0.95 36 0
Communication round: 97, Smart Eavesdropper Accuracy: 0.9431818181818182 36 0
Communication round: 98, Smart Eavesdropper Accuracy: 0.9477272727272728 36 0
Communication round: 99, Smart Eavesdropper Accuracy: 0.9477272727272728 36 0
----------------------------------------------------------------------------------------------------
